#                                                                                          --- full sequence --- -------------- this domain -------------   hmm coord   ali coord   env coord
# target name                      accession   tlen query name           accession   qlen   E-value  score  bias   #  of  c-Evalue  i-Evalue  score  bias  from    to  from    to  from    to  acc description of target
#              ------------------- ---------- ----- -------------------- ---------- ----- --------- ------ ----- --- --- --------- --------- ------ ----- ----- ----- ----- ----- ----- ----- ---- ---------------------
TRINITY_DN5061_c0_g1_i2:162-2651   -            830 103854at33208        -            646  1.4e-193  644.1  27.7   1   2   1.1e-66   1.3e-64  217.9   0.2     1   203    10   268    10   280 0.84 -
TRINITY_DN5061_c0_g1_i2:162-2651   -            830 103854at33208        -            646  1.4e-193  644.1  27.7   2   2  8.4e-130    1e-127  426.4  22.6   216   640   308   816   293   822 0.87 -
TRINITY_DN5061_c0_g1_i3:162-2651   -            830 103854at33208        -            646  1.4e-193  644.1  27.7   1   2   1.1e-66   1.3e-64  217.9   0.2     1   203    10   268    10   280 0.84 -
TRINITY_DN5061_c0_g1_i3:162-2651   -            830 103854at33208        -            646  1.4e-193  644.1  27.7   2   2  8.4e-130    1e-127  426.4  22.6   216   640   308   816   293   822 0.87 -
TRINITY_DN5061_c0_g1_i1:144-1481   -            446 103854at33208        -            646   1.3e-96  323.6   2.0   1   2   2.5e-67   3.1e-65  220.0   0.2     1   203    16   274    16   286 0.84 -
TRINITY_DN5061_c0_g1_i1:144-1481   -            446 103854at33208        -            646   1.3e-96  323.6   2.0   2   2   4.8e-32   5.9e-30  103.4   0.1   216   327   314   445   297   446 0.87 -
TRINITY_DN126_c0_g1_i10:670-1473   -            268 103854at33208        -            646   1.6e-08   32.6   2.1   1   4   0.00098      0.12    9.9   0.0    47    79    49    81    24    90 0.88 -
TRINITY_DN126_c0_g1_i10:670-1473   -            268 103854at33208        -            646   1.6e-08   32.6   2.1   2   4     0.023       2.8    5.4   0.1    48    80    92   124    87   132 0.84 -
TRINITY_DN126_c0_g1_i10:670-1473   -            268 103854at33208        -            646   1.6e-08   32.6   2.1   3   4    0.0001     0.013   13.1   0.1    48    86   134   172   132   181 0.89 -
TRINITY_DN126_c0_g1_i10:670-1473   -            268 103854at33208        -            646   1.6e-08   32.6   2.1   4   4      0.53        65    0.8   0.0    47    73   236   262   208   265 0.67 -
TRINITY_DN126_c0_g1_i2:586-1389    -            268 103854at33208        -            646   1.6e-08   32.6   2.1   1   4   0.00098      0.12    9.9   0.0    47    79    49    81    24    90 0.88 -
TRINITY_DN126_c0_g1_i2:586-1389    -            268 103854at33208        -            646   1.6e-08   32.6   2.1   2   4     0.023       2.8    5.4   0.1    48    80    92   124    87   132 0.84 -
TRINITY_DN126_c0_g1_i2:586-1389    -            268 103854at33208        -            646   1.6e-08   32.6   2.1   3   4    0.0001     0.013   13.1   0.1    48    86   134   172   132   181 0.89 -
TRINITY_DN126_c0_g1_i2:586-1389    -            268 103854at33208        -            646   1.6e-08   32.6   2.1   4   4      0.53        65    0.8   0.0    47    73   236   262   208   265 0.67 -
TRINITY_DN126_c0_g1_i3:586-1389    -            268 103854at33208        -            646   1.6e-08   32.6   2.1   1   4   0.00098      0.12    9.9   0.0    47    79    49    81    24    90 0.88 -
TRINITY_DN126_c0_g1_i3:586-1389    -            268 103854at33208        -            646   1.6e-08   32.6   2.1   2   4     0.023       2.8    5.4   0.1    48    80    92   124    87   132 0.84 -
TRINITY_DN126_c0_g1_i3:586-1389    -            268 103854at33208        -            646   1.6e-08   32.6   2.1   3   4    0.0001     0.013   13.1   0.1    48    86   134   172   132   181 0.89 -
TRINITY_DN126_c0_g1_i3:586-1389    -            268 103854at33208        -            646   1.6e-08   32.6   2.1   4   4      0.53        65    0.8   0.0    47    73   236   262   208   265 0.67 -
TRINITY_DN126_c0_g1_i6:586-1389    -            268 103854at33208        -            646   1.6e-08   32.6   2.1   1   4   0.00098      0.12    9.9   0.0    47    79    49    81    24    90 0.88 -
TRINITY_DN126_c0_g1_i6:586-1389    -            268 103854at33208        -            646   1.6e-08   32.6   2.1   2   4     0.023       2.8    5.4   0.1    48    80    92   124    87   132 0.84 -
TRINITY_DN126_c0_g1_i6:586-1389    -            268 103854at33208        -            646   1.6e-08   32.6   2.1   3   4    0.0001     0.013   13.1   0.1    48    86   134   172   132   181 0.89 -
TRINITY_DN126_c0_g1_i6:586-1389    -            268 103854at33208        -            646   1.6e-08   32.6   2.1   4   4      0.53        65    0.8   0.0    47    73   236   262   208   265 0.67 -
TRINITY_DN126_c0_g1_i9:586-1389    -            268 103854at33208        -            646   1.6e-08   32.6   2.1   1   4   0.00098      0.12    9.9   0.0    47    79    49    81    24    90 0.88 -
TRINITY_DN126_c0_g1_i9:586-1389    -            268 103854at33208        -            646   1.6e-08   32.6   2.1   2   4     0.023       2.8    5.4   0.1    48    80    92   124    87   132 0.84 -
TRINITY_DN126_c0_g1_i9:586-1389    -            268 103854at33208        -            646   1.6e-08   32.6   2.1   3   4    0.0001     0.013   13.1   0.1    48    86   134   172   132   181 0.89 -
TRINITY_DN126_c0_g1_i9:586-1389    -            268 103854at33208        -            646   1.6e-08   32.6   2.1   4   4      0.53        65    0.8   0.0    47    73   236   262   208   265 0.67 -
TRINITY_DN1479_c0_g1_i1:2-985      -            328 103854at33208        -            646   2.1e-06   25.6   5.9   1   6      0.13        16    2.8   0.0    48    95    12    59     6    66 0.84 -
TRINITY_DN1479_c0_g1_i1:2-985      -            328 103854at33208        -            646   2.1e-06   25.6   5.9   2   6    0.0021      0.25    8.8   0.0    48    83   101   136    63   144 0.84 -
TRINITY_DN1479_c0_g1_i1:2-985      -            328 103854at33208        -            646   2.1e-06   25.6   5.9   3   6     0.058       7.1    4.0   0.1    47    77   144   174   140   184 0.88 -
TRINITY_DN1479_c0_g1_i1:2-985      -            328 103854at33208        -            646   2.1e-06   25.6   5.9   4   6    0.0077      0.95    6.9   0.1    47    82   188   223   182   235 0.89 -
TRINITY_DN1479_c0_g1_i1:2-985      -            328 103854at33208        -            646   2.1e-06   25.6   5.9   5   6       6.3   7.8e+02   -2.7   0.0    48    77   247   276   245   284 0.87 -
TRINITY_DN1479_c0_g1_i1:2-985      -            328 103854at33208        -            646   2.1e-06   25.6   5.9   6   6      0.46        56    1.1   0.3    46    74   297   326   282   328 0.83 -
TRINITY_DN1479_c0_g1_i6:2-985      -            328 103854at33208        -            646   2.1e-06   25.6   5.9   1   6      0.13        16    2.8   0.0    48    95    12    59     6    66 0.84 -
TRINITY_DN1479_c0_g1_i6:2-985      -            328 103854at33208        -            646   2.1e-06   25.6   5.9   2   6    0.0021      0.25    8.8   0.0    48    83   101   136    63   144 0.84 -
TRINITY_DN1479_c0_g1_i6:2-985      -            328 103854at33208        -            646   2.1e-06   25.6   5.9   3   6     0.058       7.1    4.0   0.1    47    77   144   174   140   184 0.88 -
TRINITY_DN1479_c0_g1_i6:2-985      -            328 103854at33208        -            646   2.1e-06   25.6   5.9   4   6    0.0077      0.95    6.9   0.1    47    82   188   223   182   235 0.89 -
TRINITY_DN1479_c0_g1_i6:2-985      -            328 103854at33208        -            646   2.1e-06   25.6   5.9   5   6       6.3   7.8e+02   -2.7   0.0    48    77   247   276   245   284 0.87 -
TRINITY_DN1479_c0_g1_i6:2-985      -            328 103854at33208        -            646   2.1e-06   25.6   5.9   6   6      0.46        56    1.1   0.3    46    74   297   326   282   328 0.83 -
TRINITY_DN1479_c0_g1_i4:466-1455   -            330 103854at33208        -            646   2.4e-06   25.4   6.2   1   6       0.2        25    2.2   0.0    48    92    12    56     6    63 0.80 -
TRINITY_DN1479_c0_g1_i4:466-1455   -            330 103854at33208        -            646   2.4e-06   25.4   6.2   2   6    0.0022      0.26    8.8   0.0    48    83   101   136    63   143 0.84 -
TRINITY_DN1479_c0_g1_i4:466-1455   -            330 103854at33208        -            646   2.4e-06   25.4   6.2   3   6     0.054       6.6    4.1   0.1    47    77   144   174   139   186 0.88 -
TRINITY_DN1479_c0_g1_i4:466-1455   -            330 103854at33208        -            646   2.4e-06   25.4   6.2   4   6    0.0084         1    6.8   0.0    47    81   188   222   183   231 0.89 -
TRINITY_DN1479_c0_g1_i4:466-1455   -            330 103854at33208        -            646   2.4e-06   25.4   6.2   5   6       5.6   6.9e+02   -2.5   0.0    48    77   247   276   245   293 0.87 -
TRINITY_DN1479_c0_g1_i4:466-1455   -            330 103854at33208        -            646   2.4e-06   25.4   6.2   6   6      0.31        38    1.6   0.2    46    75   297   327   282   330 0.82 -
TRINITY_DN1479_c0_g1_i7:207-1196   -            330 103854at33208        -            646   2.4e-06   25.4   6.2   1   6       0.2        25    2.2   0.0    48    92    12    56     6    63 0.80 -
TRINITY_DN1479_c0_g1_i7:207-1196   -            330 103854at33208        -            646   2.4e-06   25.4   6.2   2   6    0.0022      0.26    8.8   0.0    48    83   101   136    63   143 0.84 -
TRINITY_DN1479_c0_g1_i7:207-1196   -            330 103854at33208        -            646   2.4e-06   25.4   6.2   3   6     0.054       6.6    4.1   0.1    47    77   144   174   139   186 0.88 -
TRINITY_DN1479_c0_g1_i7:207-1196   -            330 103854at33208        -            646   2.4e-06   25.4   6.2   4   6    0.0084         1    6.8   0.0    47    81   188   222   183   231 0.89 -
TRINITY_DN1479_c0_g1_i7:207-1196   -            330 103854at33208        -            646   2.4e-06   25.4   6.2   5   6       5.6   6.9e+02   -2.5   0.0    48    77   247   276   245   293 0.87 -
TRINITY_DN1479_c0_g1_i7:207-1196   -            330 103854at33208        -            646   2.4e-06   25.4   6.2   6   6      0.31        38    1.6   0.2    46    75   297   327   282   330 0.82 -
TRINITY_DN1479_c0_g1_i8:531-1520   -            330 103854at33208        -            646   2.4e-06   25.4   6.2   1   6       0.2        25    2.2   0.0    48    92    12    56     6    63 0.80 -
TRINITY_DN1479_c0_g1_i8:531-1520   -            330 103854at33208        -            646   2.4e-06   25.4   6.2   2   6    0.0022      0.26    8.8   0.0    48    83   101   136    63   143 0.84 -
TRINITY_DN1479_c0_g1_i8:531-1520   -            330 103854at33208        -            646   2.4e-06   25.4   6.2   3   6     0.054       6.6    4.1   0.1    47    77   144   174   139   186 0.88 -
TRINITY_DN1479_c0_g1_i8:531-1520   -            330 103854at33208        -            646   2.4e-06   25.4   6.2   4   6    0.0084         1    6.8   0.0    47    81   188   222   183   231 0.89 -
TRINITY_DN1479_c0_g1_i8:531-1520   -            330 103854at33208        -            646   2.4e-06   25.4   6.2   5   6       5.6   6.9e+02   -2.5   0.0    48    77   247   276   245   293 0.87 -
TRINITY_DN1479_c0_g1_i8:531-1520   -            330 103854at33208        -            646   2.4e-06   25.4   6.2   6   6      0.31        38    1.6   0.2    46    75   297   327   282   330 0.82 -
TRINITY_DN1479_c0_g1_i2:466-1275   -            270 103854at33208        -            646   5.2e-05   21.0   8.0   1   5    0.0014      0.18    9.3   0.0    48    83    41    76     2    84 0.82 -
TRINITY_DN1479_c0_g1_i2:466-1275   -            270 103854at33208        -            646   5.2e-05   21.0   8.0   2   5      0.04       4.9    4.6   0.1    47    77    84   114    79   127 0.88 -
TRINITY_DN1479_c0_g1_i2:466-1275   -            270 103854at33208        -            646   5.2e-05   21.0   8.0   3   5    0.0063      0.78    7.2   0.1    47    81   128   162   123   171 0.89 -
TRINITY_DN1479_c0_g1_i2:466-1275   -            270 103854at33208        -            646   5.2e-05   21.0   8.0   4   5       3.8   4.7e+02   -2.0   0.0    48    77   187   216   184   232 0.87 -
TRINITY_DN1479_c0_g1_i2:466-1275   -            270 103854at33208        -            646   5.2e-05   21.0   8.0   5   5      0.24        30    2.0   0.2    46    75   237   267   222   270 0.82 -
TRINITY_DN651_c0_g1_i1:1119-1934   -            272 103854at33208        -            646   0.00094   16.8   3.9   1   3      0.91   1.1e+02    0.1   0.2    59    79    30    50    21    55 0.80 -
TRINITY_DN651_c0_g1_i1:1119-1934   -            272 103854at33208        -            646   0.00094   16.8   3.9   2   3   0.00011     0.014   13.0   0.0    18    80    65   133    57   139 0.78 -
TRINITY_DN651_c0_g1_i1:1119-1934   -            272 103854at33208        -            646   0.00094   16.8   3.9   3   3     0.087        11    3.5   0.1    48    85   150   187   146   233 0.94 -
TRINITY_DN651_c0_g1_i3:1118-1933   -            272 103854at33208        -            646   0.00094   16.8   3.9   1   3      0.91   1.1e+02    0.1   0.2    59    79    30    50    21    55 0.80 -
TRINITY_DN651_c0_g1_i3:1118-1933   -            272 103854at33208        -            646   0.00094   16.8   3.9   2   3   0.00011     0.014   13.0   0.0    18    80    65   133    57   139 0.78 -
TRINITY_DN651_c0_g1_i3:1118-1933   -            272 103854at33208        -            646   0.00094   16.8   3.9   3   3     0.087        11    3.5   0.1    48    85   150   187   146   233 0.94 -
TRINITY_DN249_c0_g1_i4:308-1312    -            335 103854at33208        -            646    0.0011   16.6   2.6   1   3         4   4.9e+02   -2.0   0.0    47    74    59    86    53   103 0.78 -
TRINITY_DN249_c0_g1_i4:308-1312    -            335 103854at33208        -            646    0.0011   16.6   2.6   2   3     0.014       1.7    6.1   0.2    18    81   105   175    92   192 0.69 -
TRINITY_DN249_c0_g1_i4:308-1312    -            335 103854at33208        -            646    0.0011   16.6   2.6   3   3   0.00096      0.12    9.9   0.1    10    75   223   296   221   307 0.75 -
TRINITY_DN10211_c0_g1_i1:414-1145  -            244 103854at33208        -            646    0.0015   16.2   0.0   1   2      0.16        20    2.6   0.0    47    89    64   106    62   115 0.84 -
TRINITY_DN10211_c0_g1_i1:414-1145  -            244 103854at33208        -            646    0.0015   16.2   0.0   2   2   0.00033     0.041   11.4   0.0    19    94   115   197   109   204 0.78 -
TRINITY_DN10211_c0_g1_i4:414-1145  -            244 103854at33208        -            646    0.0015   16.2   0.0   1   2      0.16        20    2.6   0.0    47    89    64   106    62   115 0.84 -
TRINITY_DN10211_c0_g1_i4:414-1145  -            244 103854at33208        -            646    0.0015   16.2   0.0   2   2   0.00033     0.041   11.4   0.0    19    94   115   197   109   204 0.78 -
TRINITY_DN10211_c0_g1_i8:414-1145  -            244 103854at33208        -            646    0.0015   16.2   0.0   1   2      0.16        20    2.6   0.0    47    89    64   106    62   115 0.84 -
TRINITY_DN10211_c0_g1_i8:414-1145  -            244 103854at33208        -            646    0.0015   16.2   0.0   2   2   0.00033     0.041   11.4   0.0    19    94   115   197   109   204 0.78 -
TRINITY_DN10211_c0_g1_i9:414-1145  -            244 103854at33208        -            646    0.0015   16.2   0.0   1   2      0.16        20    2.6   0.0    47    89    64   106    62   115 0.84 -
TRINITY_DN10211_c0_g1_i9:414-1145  -            244 103854at33208        -            646    0.0015   16.2   0.0   2   2   0.00033     0.041   11.4   0.0    19    94   115   197   109   204 0.78 -
TRINITY_DN10211_c0_g1_i2:170-901   -            244 103854at33208        -            646    0.0015   16.2   0.0   1   2      0.14        17    2.7   0.0    47    89    64   106    62   119 0.84 -
TRINITY_DN10211_c0_g1_i2:170-901   -            244 103854at33208        -            646    0.0015   16.2   0.0   2   2   0.00033     0.041   11.4   0.0    19    94   115   197   109   204 0.78 -
TRINITY_DN3008_c0_g1_i1:58-981     -            308 103854at33208        -            646    0.0017   16.0   7.5   1   2     0.019       2.3    5.7   0.7    17    77   110   177   101   194 0.68 -
TRINITY_DN3008_c0_g1_i1:58-981     -            308 103854at33208        -            646    0.0017   16.0   7.5   2   2   4.5e-05    0.0055   14.3   0.2    27    78   205   264   194   270 0.71 -
TRINITY_DN3008_c0_g1_i2:70-993     -            308 103854at33208        -            646    0.0017   16.0   7.5   1   2     0.019       2.3    5.7   0.7    17    77   110   177   101   194 0.68 -
TRINITY_DN3008_c0_g1_i2:70-993     -            308 103854at33208        -            646    0.0017   16.0   7.5   2   2   4.5e-05    0.0055   14.3   0.2    27    78   205   264   194   270 0.71 -
TRINITY_DN249_c0_g1_i2:308-1312    -            335 103854at33208        -            646    0.0018   15.9   1.8   1   3       4.2   5.1e+02   -2.1   0.0    47    74    59    86    53   102 0.79 -
TRINITY_DN249_c0_g1_i2:308-1312    -            335 103854at33208        -            646    0.0018   15.9   1.8   2   3     0.034       4.2    4.8   0.1    18    81   105   175    90   193 0.69 -
TRINITY_DN249_c0_g1_i2:308-1312    -            335 103854at33208        -            646    0.0018   15.9   1.8   3   3   0.00096      0.12    9.9   0.1    10    75   223   296   221   307 0.75 -
TRINITY_DN249_c0_g1_i5:308-1312    -            335 103854at33208        -            646    0.0019   15.9   2.2   1   3       3.8   4.7e+02   -2.0   0.0    47    75    59    87    53   104 0.77 -
TRINITY_DN249_c0_g1_i5:308-1312    -            335 103854at33208        -            646    0.0019   15.9   2.2   2   3     0.029       3.6    5.0   0.1    18    81   105   175    90   192 0.70 -
TRINITY_DN249_c0_g1_i5:308-1312    -            335 103854at33208        -            646    0.0019   15.9   2.2   3   3   0.00096      0.12    9.9   0.1    10    75   223   296   221   307 0.75 -
TRINITY_DN651_c0_g1_i2:754-1686    -            311 103854at33208        -            646    0.0019   15.8   4.1   1   3       1.1   1.3e+02   -0.2   0.2    59    79    30    50    21    55 0.80 -
TRINITY_DN651_c0_g1_i2:754-1686    -            311 103854at33208        -            646    0.0019   15.8   4.1   2   3   0.00014     0.017   12.7   0.0    18    80    65   133    57   139 0.78 -
TRINITY_DN651_c0_g1_i2:754-1686    -            311 103854at33208        -            646    0.0019   15.8   4.1   3   3      0.11        14    3.1   0.2    48    85   150   187   146   224 0.94 -
TRINITY_DN651_c0_g1_i4:754-1686    -            311 103854at33208        -            646    0.0019   15.8   4.1   1   3       1.1   1.3e+02   -0.2   0.2    59    79    30    50    21    55 0.80 -
TRINITY_DN651_c0_g1_i4:754-1686    -            311 103854at33208        -            646    0.0019   15.8   4.1   2   3   0.00014     0.017   12.7   0.0    18    80    65   133    57   139 0.78 -
TRINITY_DN651_c0_g1_i4:754-1686    -            311 103854at33208        -            646    0.0019   15.8   4.1   3   3      0.11        14    3.1   0.2    48    85   150   187   146   224 0.94 -
TRINITY_DN38939_c0_g1_i1:291-1025  -            245 103854at33208        -            646    0.0034   15.0   3.4   1   3    0.0022      0.27    8.7   0.2    48    80    89   121    81   126 0.88 -
TRINITY_DN38939_c0_g1_i1:291-1025  -            245 103854at33208        -            646    0.0034   15.0   3.4   2   3     0.028       3.4    5.1   0.2    48    75   173   200   165   213 0.88 -
TRINITY_DN38939_c0_g1_i1:291-1025  -            245 103854at33208        -            646    0.0034   15.0   3.4   3   3       1.4   1.7e+02   -0.5   0.0    53    76   220   243   212   245 0.89 -
TRINITY_DN118135_c0_g1_i1:635-1915 -            427 103854at33208        -            646    0.0037   14.9   8.9   1   3       1.7   2.1e+02   -0.8   0.1   378   405    19    49    10   106 0.55 -
TRINITY_DN118135_c0_g1_i1:635-1915 -            427 103854at33208        -            646    0.0037   14.9   8.9   2   3   0.00051     0.062   10.8   0.0   455   512   142   205   133   243 0.85 -
TRINITY_DN118135_c0_g1_i1:635-1915 -            427 103854at33208        -            646    0.0037   14.9   8.9   3   3     0.018       2.1    5.7   3.4   595   640   359   405   285   410 0.81 -
TRINITY_DN12417_c0_g1_i4:2010-3593 -            528 103854at33208        -            646    0.0052   14.4   9.6   1   4       2.3   2.8e+02   -1.2   0.2    48    78    79   109    68   116 0.81 -
TRINITY_DN12417_c0_g1_i4:2010-3593 -            528 103854at33208        -            646    0.0052   14.4   9.6   2   4      0.37        46    1.4   0.1    48    75   121   148   115   153 0.88 -
TRINITY_DN12417_c0_g1_i4:2010-3593 -            528 103854at33208        -            646    0.0052   14.4   9.6   3   4   5.4e-05    0.0066   14.1   0.2    13    82   413   488   408   494 0.84 -
TRINITY_DN12417_c0_g1_i4:2010-3593 -            528 103854at33208        -            646    0.0052   14.4   9.6   4   4      0.17        21    2.5   0.1    48    77   496   525   490   528 0.90 -
TRINITY_DN3753_c0_g1_i5:369-1607   -            413 103854at33208        -            646      0.01   13.5   0.3   1   2   0.00075     0.092   10.3   0.1    44   133   202   291   193   319 0.84 -
TRINITY_DN3753_c0_g1_i5:369-1607   -            413 103854at33208        -            646      0.01   13.5   0.3   2   2      0.48        59    1.0   0.0    25    54   346   375   340   407 0.62 -
TRINITY_DN3753_c0_g1_i6:3-1241     -            413 103854at33208        -            646      0.01   13.5   0.3   1   2   0.00075     0.092   10.3   0.1    44   133   202   291   193   319 0.84 -
TRINITY_DN3753_c0_g1_i6:3-1241     -            413 103854at33208        -            646      0.01   13.5   0.3   2   2      0.48        59    1.0   0.0    25    54   346   375   340   407 0.62 -
TRINITY_DN3753_c0_g1_i8:369-1607   -            413 103854at33208        -            646      0.01   13.5   0.3   1   2   0.00075     0.092   10.3   0.1    44   133   202   291   193   319 0.84 -
TRINITY_DN3753_c0_g1_i8:369-1607   -            413 103854at33208        -            646      0.01   13.5   0.3   2   2      0.48        59    1.0   0.0    25    54   346   375   340   407 0.62 -
TRINITY_DN1251_c0_g1_i3:37-1020    -            328 103854at33208        -            646     0.014   13.0   1.0   1   2    0.0022      0.27    8.7   0.0    48    86    32    69    26    74 0.87 -
TRINITY_DN1251_c0_g1_i3:37-1020    -            328 103854at33208        -            646     0.014   13.0   1.0   2   2      0.37        45    1.4   0.0    51    92   249   290   193   296 0.71 -
TRINITY_DN1251_c0_g1_i4:37-1020    -            328 103854at33208        -            646     0.014   13.0   1.0   1   2    0.0022      0.27    8.7   0.0    48    86    32    69    26    74 0.87 -
TRINITY_DN1251_c0_g1_i4:37-1020    -            328 103854at33208        -            646     0.014   13.0   1.0   2   2      0.37        45    1.4   0.0    51    92   249   290   193   296 0.71 -
TRINITY_DN24982_c0_g1_i1:68-988    -            307 103854at33208        -            646     0.019   12.5   0.0   1   1   0.00021     0.026   12.1   0.0    21    81   124   192   106   216 0.76 -
TRINITY_DN24982_c0_g1_i2:68-988    -            307 103854at33208        -            646     0.019   12.5   0.0   1   1   0.00021     0.026   12.1   0.0    21    81   124   192   106   216 0.76 -
TRINITY_DN1960_c1_g1_i7:2348-2992  -            215 103854at33208        -            646     0.037   11.6   0.1   1   1   0.00041      0.05   11.2   0.1    16    67     9    65     5    89 0.84 -
TRINITY_DN1960_c1_g1_i10:3047-3646 -            200 103854at33208        -            646     0.045   11.3   0.0   1   1   0.00044     0.054   11.0   0.0    16    67     3    59     1    84 0.84 -
TRINITY_DN1960_c1_g1_i1:3047-3646  -            200 103854at33208        -            646     0.045   11.3   0.0   1   1   0.00044     0.054   11.0   0.0    16    67     3    59     1    84 0.84 -
TRINITY_DN2932_c0_g1_i10:1767-2636 -            290 103854at33208        -            646     0.045   11.3   0.3   1   3     0.021       2.6    5.5   0.0    48    81     1    34     1    43 0.84 -
TRINITY_DN2932_c0_g1_i10:1767-2636 -            290 103854at33208        -            646     0.045   11.3   0.3   2   3      0.11        13    3.1   0.0    59    77    58    76    41    85 0.79 -
TRINITY_DN2932_c0_g1_i10:1767-2636 -            290 103854at33208        -            646     0.045   11.3   0.3   3   3         7   8.5e+02   -2.8   0.0    63    82   220   239   217   249 0.78 -
TRINITY_DN2932_c0_g1_i12:1371-2240 -            290 103854at33208        -            646     0.045   11.3   0.3   1   3     0.021       2.6    5.5   0.0    48    81     1    34     1    43 0.84 -
TRINITY_DN2932_c0_g1_i12:1371-2240 -            290 103854at33208        -            646     0.045   11.3   0.3   2   3      0.11        13    3.1   0.0    59    77    58    76    41    85 0.79 -
TRINITY_DN2932_c0_g1_i12:1371-2240 -            290 103854at33208        -            646     0.045   11.3   0.3   3   3         7   8.5e+02   -2.8   0.0    63    82   220   239   217   249 0.78 -
TRINITY_DN2932_c0_g1_i2:1829-2698  -            290 103854at33208        -            646     0.045   11.3   0.3   1   3     0.021       2.6    5.5   0.0    48    81     1    34     1    43 0.84 -
TRINITY_DN2932_c0_g1_i2:1829-2698  -            290 103854at33208        -            646     0.045   11.3   0.3   2   3      0.11        13    3.1   0.0    59    77    58    76    41    85 0.79 -
TRINITY_DN2932_c0_g1_i2:1829-2698  -            290 103854at33208        -            646     0.045   11.3   0.3   3   3         7   8.5e+02   -2.8   0.0    63    82   220   239   217   249 0.78 -
TRINITY_DN2932_c0_g1_i6:1696-2565  -            290 103854at33208        -            646     0.045   11.3   0.3   1   3     0.021       2.6    5.5   0.0    48    81     1    34     1    43 0.84 -
TRINITY_DN2932_c0_g1_i6:1696-2565  -            290 103854at33208        -            646     0.045   11.3   0.3   2   3      0.11        13    3.1   0.0    59    77    58    76    41    85 0.79 -
TRINITY_DN2932_c0_g1_i6:1696-2565  -            290 103854at33208        -            646     0.045   11.3   0.3   3   3         7   8.5e+02   -2.8   0.0    63    82   220   239   217   249 0.78 -
TRINITY_DN3833_c0_g1_i1:246-2858   -            871 103854at33208        -            646      0.06   10.9   0.1   1   2     0.033       4.1    4.8   0.0    39    78   351   387   311   396 0.69 -
TRINITY_DN3833_c0_g1_i1:246-2858   -            871 103854at33208        -            646      0.06   10.9   0.1   2   2     0.015       1.9    5.9   0.1    26    81   371   432   361   439 0.76 -
TRINITY_DN3833_c0_g1_i2:246-2858   -            871 103854at33208        -            646      0.06   10.9   0.1   1   2     0.033       4.1    4.8   0.0    39    78   351   387   311   396 0.69 -
TRINITY_DN3833_c0_g1_i2:246-2858   -            871 103854at33208        -            646      0.06   10.9   0.1   2   2     0.015       1.9    5.9   0.1    26    81   371   432   361   439 0.76 -
TRINITY_DN2551_c0_g1_i1:1098-1706  -            203 103854at33208        -            646     0.073   10.6   0.1   1   2    0.0024      0.29    8.6   0.0    48   108    93   150    60   160 0.85 -
TRINITY_DN2551_c0_g1_i1:1098-1706  -            203 103854at33208        -            646     0.073   10.6   0.1   2   2       1.9   2.3e+02   -1.0   0.0    48    70   175   197   171   201 0.89 -
TRINITY_DN2551_c0_g1_i3:1058-1666  -            203 103854at33208        -            646     0.073   10.6   0.1   1   2    0.0024      0.29    8.6   0.0    48   108    93   150    60   160 0.85 -
TRINITY_DN2551_c0_g1_i3:1058-1666  -            203 103854at33208        -            646     0.073   10.6   0.1   2   2       1.9   2.3e+02   -1.0   0.0    48    70   175   197   171   201 0.89 -
TRINITY_DN30185_c0_g1_i1:40-996    -            319 103854at33208        -            646     0.078   10.5   1.2   1   3      0.47        57    1.0   0.2    50    78    22    50    18    58 0.86 -
TRINITY_DN30185_c0_g1_i1:40-996    -            319 103854at33208        -            646     0.078   10.5   1.2   2   3      0.31        38    1.6   0.2   218   273    46   103    41   116 0.75 -
TRINITY_DN30185_c0_g1_i1:40-996    -            319 103854at33208        -            646     0.078   10.5   1.2   3   3     0.016         2    5.9   0.0    26    54   208   237   200   293 0.67 -
TRINITY_DN30185_c0_g1_i3:40-996    -            319 103854at33208        -            646     0.078   10.5   1.2   1   3      0.47        57    1.0   0.2    50    78    22    50    18    58 0.86 -
TRINITY_DN30185_c0_g1_i3:40-996    -            319 103854at33208        -            646     0.078   10.5   1.2   2   3      0.31        38    1.6   0.2   218   273    46   103    41   116 0.75 -
TRINITY_DN30185_c0_g1_i3:40-996    -            319 103854at33208        -            646     0.078   10.5   1.2   3   3     0.016         2    5.9   0.0    26    54   208   237   200   293 0.67 -
TRINITY_DN30185_c0_g1_i4:40-996    -            319 103854at33208        -            646     0.078   10.5   1.2   1   3      0.47        57    1.0   0.2    50    78    22    50    18    58 0.86 -
TRINITY_DN30185_c0_g1_i4:40-996    -            319 103854at33208        -            646     0.078   10.5   1.2   2   3      0.31        38    1.6   0.2   218   273    46   103    41   116 0.75 -
TRINITY_DN30185_c0_g1_i4:40-996    -            319 103854at33208        -            646     0.078   10.5   1.2   3   3     0.016         2    5.9   0.0    26    54   208   237   200   293 0.67 -
TRINITY_DN30185_c0_g1_i7:40-996    -            319 103854at33208        -            646     0.078   10.5   1.2   1   3      0.47        57    1.0   0.2    50    78    22    50    18    58 0.86 -
TRINITY_DN30185_c0_g1_i7:40-996    -            319 103854at33208        -            646     0.078   10.5   1.2   2   3      0.31        38    1.6   0.2   218   273    46   103    41   116 0.75 -
TRINITY_DN30185_c0_g1_i7:40-996    -            319 103854at33208        -            646     0.078   10.5   1.2   3   3     0.016         2    5.9   0.0    26    54   208   237   200   293 0.67 -
TRINITY_DN7460_c0_g1_i10:225-821   -            199 103854at33208        -            646     0.088   10.3   1.3   1   1     0.018       2.2    5.7   1.2    50    78    40    68    35   198 0.71 -
TRINITY_DN7146_c0_g1_i3:300-1682   -            461 103854at33208        -            646       0.1   10.1   0.0   1   1    0.0012      0.15    9.6   0.0    48    94   339   385   294   392 0.77 -
TRINITY_DN7146_c0_g1_i5:300-1682   -            461 103854at33208        -            646       0.1   10.1   0.0   1   1    0.0012      0.15    9.6   0.0    48    94   339   385   294   392 0.77 -
TRINITY_DN7146_c0_g1_i8:300-1682   -            461 103854at33208        -            646       0.1   10.1   0.0   1   1    0.0012      0.15    9.6   0.0    48    94   339   385   294   392 0.77 -
TRINITY_DN7146_c0_g1_i9:300-1682   -            461 103854at33208        -            646       0.1   10.1   0.0   1   1    0.0012      0.15    9.6   0.0    48    94   339   385   294   392 0.77 -
TRINITY_DN31990_c0_g1_i7:177-836   -            220 103854at33208        -            646      0.11   10.1   0.0   1   2    0.0026      0.32    8.5   0.0    25    75    43    99    27   106 0.85 -
TRINITY_DN31990_c0_g1_i7:177-836   -            220 103854at33208        -            646      0.11   10.1   0.0   2   2       2.1   2.6e+02   -1.1   0.0    48    78   114   144   109   189 0.83 -
TRINITY_DN31990_c0_g1_i8:177-836   -            220 103854at33208        -            646      0.11   10.1   0.0   1   2    0.0026      0.32    8.5   0.0    25    75    43    99    27   106 0.85 -
TRINITY_DN31990_c0_g1_i8:177-836   -            220 103854at33208        -            646      0.11   10.1   0.0   2   2       2.1   2.6e+02   -1.1   0.0    48    78   114   144   109   189 0.83 -
TRINITY_DN62_c0_g1_i1:303-1202     -            300 103854at33208        -            646      0.11   10.0   0.5   1   4      0.88   1.1e+02    0.1   0.0    48    92    59   102    56   109 0.85 -
TRINITY_DN62_c0_g1_i1:303-1202     -            300 103854at33208        -            646      0.11   10.0   0.5   2   4      0.58        71    0.7   0.0    60    82   113   135    84   152 0.77 -
TRINITY_DN62_c0_g1_i1:303-1202     -            300 103854at33208        -            646      0.11   10.0   0.5   3   4     0.027       3.4    5.1   0.1    24    81   113   176    98   182 0.75 -
TRINITY_DN62_c0_g1_i1:303-1202     -            300 103854at33208        -            646      0.11   10.0   0.5   4   4      0.03       3.6    5.0   0.0    25    77   156   214   145   221 0.82 -
TRINITY_DN7460_c0_g1_i11:192-821   -            210 103854at33208        -            646      0.12    9.9   2.0   1   1     0.028       3.4    5.1   1.9    50    78    51    79    11   204 0.77 -
TRINITY_DN7460_c0_g1_i12:192-821   -            210 103854at33208        -            646      0.12    9.9   2.0   1   1     0.028       3.4    5.1   1.9    50    78    51    79    11   204 0.77 -
TRINITY_DN7460_c0_g1_i13:192-821   -            210 103854at33208        -            646      0.12    9.9   2.0   1   1     0.028       3.4    5.1   1.9    50    78    51    79    11   204 0.77 -
TRINITY_DN7460_c0_g1_i14:192-821   -            210 103854at33208        -            646      0.12    9.9   2.0   1   1     0.028       3.4    5.1   1.9    50    78    51    79    11   204 0.77 -
TRINITY_DN7460_c0_g1_i1:192-821    -            210 103854at33208        -            646      0.12    9.9   2.0   1   1     0.028       3.4    5.1   1.9    50    78    51    79    11   204 0.77 -
TRINITY_DN7460_c0_g1_i5:192-821    -            210 103854at33208        -            646      0.12    9.9   2.0   1   1     0.028       3.4    5.1   1.9    50    78    51    79    11   204 0.77 -
TRINITY_DN31990_c0_g1_i1:385-1164  -            260 103854at33208        -            646      0.16    9.5   0.0   1   2    0.0037      0.45    8.0   0.0    25    75    65   121    50   128 0.85 -
TRINITY_DN31990_c0_g1_i1:385-1164  -            260 103854at33208        -            646      0.16    9.5   0.0   2   2         3   3.6e+02   -1.6   0.0    48    78   136   166   132   208 0.84 -
TRINITY_DN31990_c0_g1_i2:383-1162  -            260 103854at33208        -            646      0.16    9.5   0.0   1   2    0.0037      0.45    8.0   0.0    25    75    65   121    50   128 0.85 -
TRINITY_DN31990_c0_g1_i2:383-1162  -            260 103854at33208        -            646      0.16    9.5   0.0   2   2         3   3.6e+02   -1.6   0.0    48    78   136   166   132   208 0.84 -
TRINITY_DN3240_c0_g1_i1:138-1589   -            484 103854at33208        -            646      0.55    7.7   5.5   1   4       1.4   1.7e+02   -0.6   0.0    27    78    78   129    64   140 0.80 -
TRINITY_DN3240_c0_g1_i1:138-1589   -            484 103854at33208        -            646      0.55    7.7   5.5   2   4       1.2   1.4e+02   -0.3   0.2    46    82   239   273   199   300 0.65 -
TRINITY_DN3240_c0_g1_i1:138-1589   -            484 103854at33208        -            646      0.55    7.7   5.5   3   4      0.27        33    1.8   0.1    32    82   348   405   339   409 0.78 -
TRINITY_DN3240_c0_g1_i1:138-1589   -            484 103854at33208        -            646      0.55    7.7   5.5   4   4     0.022       2.7    5.4   0.0    47    83   412   448   404   457 0.89 -
TRINITY_DN3240_c0_g1_i12:609-2078  -            490 103854at33208        -            646      0.57    7.7   5.5   1   4       1.4   1.8e+02   -0.6   0.0    27    78    78   129    64   140 0.80 -
TRINITY_DN3240_c0_g1_i12:609-2078  -            490 103854at33208        -            646      0.57    7.7   5.5   2   4       1.2   1.5e+02   -0.3   0.2    46    82   239   273   199   300 0.65 -
TRINITY_DN3240_c0_g1_i12:609-2078  -            490 103854at33208        -            646      0.57    7.7   5.5   3   4      0.26        32    1.9   0.1    32    82   348   405   339   410 0.78 -
TRINITY_DN3240_c0_g1_i12:609-2078  -            490 103854at33208        -            646      0.57    7.7   5.5   4   4     0.022       2.7    5.4   0.0    47    83   412   448   404   457 0.89 -
TRINITY_DN3240_c0_g1_i6:608-2077   -            490 103854at33208        -            646      0.57    7.7   5.5   1   4       1.4   1.8e+02   -0.6   0.0    27    78    78   129    64   140 0.80 -
TRINITY_DN3240_c0_g1_i6:608-2077   -            490 103854at33208        -            646      0.57    7.7   5.5   2   4       1.2   1.5e+02   -0.3   0.2    46    82   239   273   199   300 0.65 -
TRINITY_DN3240_c0_g1_i6:608-2077   -            490 103854at33208        -            646      0.57    7.7   5.5   3   4      0.26        32    1.9   0.1    32    82   348   405   339   410 0.78 -
TRINITY_DN3240_c0_g1_i6:608-2077   -            490 103854at33208        -            646      0.57    7.7   5.5   4   4     0.022       2.7    5.4   0.0    47    83   412   448   404   457 0.89 -
TRINITY_DN3240_c0_g1_i3:610-2055   -            482 103854at33208        -            646      0.63    7.5   5.8   1   4       1.4   1.7e+02   -0.5   0.0    27    78    78   129    64   141 0.79 -
TRINITY_DN3240_c0_g1_i3:610-2055   -            482 103854at33208        -            646      0.63    7.5   5.8   2   4       1.2   1.4e+02   -0.3   0.2    46    82   231   265   191   292 0.65 -
TRINITY_DN3240_c0_g1_i3:610-2055   -            482 103854at33208        -            646      0.63    7.5   5.8   3   4      0.26        32    1.9   0.1    32    82   340   397   331   402 0.78 -
TRINITY_DN3240_c0_g1_i3:610-2055   -            482 103854at33208        -            646      0.63    7.5   5.8   4   4     0.022       2.7    5.4   0.0    47    83   404   440   396   449 0.89 -
TRINITY_DN3240_c0_g1_i8:610-2472   -            621 103854at33208        -            646      0.89    7.0   4.9   1   4         2   2.5e+02   -1.1   0.0    27    78   217   268   205   279 0.79 -
TRINITY_DN3240_c0_g1_i8:610-2472   -            621 103854at33208        -            646      0.89    7.0   4.9   2   4       1.7   2.1e+02   -0.8   0.2    46    82   370   404   331   429 0.65 -
TRINITY_DN3240_c0_g1_i8:610-2472   -            621 103854at33208        -            646      0.89    7.0   4.9   3   4      0.38        46    1.3   0.0    32    82   479   536   472   542 0.78 -
TRINITY_DN3240_c0_g1_i8:610-2472   -            621 103854at33208        -            646      0.89    7.0   4.9   4   4      0.03       3.7    5.0   0.0    47    83   543   579   535   588 0.89 -
TRINITY_DN3240_c0_g1_i13:610-2496  -            629 103854at33208        -            646       1.1    6.7   5.0   1   4       2.1   2.6e+02   -1.1   0.0    27    78   217   268   204   278 0.80 -
TRINITY_DN3240_c0_g1_i13:610-2496  -            629 103854at33208        -            646       1.1    6.7   5.0   2   4       1.7   2.1e+02   -0.9   0.2    46    82   378   412   339   437 0.65 -
TRINITY_DN3240_c0_g1_i13:610-2496  -            629 103854at33208        -            646       1.1    6.7   5.0   3   4      0.38        47    1.3   0.1    32    82   487   544   480   550 0.78 -
TRINITY_DN3240_c0_g1_i13:610-2496  -            629 103854at33208        -            646       1.1    6.7   5.0   4   4     0.033         4    4.8   0.0    47    83   551   587   545   596 0.90 -
#
# Program:         hmmsearch
# Version:         3.1b2 (February 2015)
# Pipeline mode:   SEARCH
# Query file:      /busco_wd/busco_downloads/lineages/metazoa_odb10/hmms/103854at33208.hmm
# Target file:     /busco_wd/BUSCO/run_metazoa_odb10/metaeuk_output/initial_results/Trinity.fasta.modified.fas
# Option settings: hmmsearch --domtblout /busco_wd/BUSCO/run_metazoa_odb10/hmmer_output/initial_run_results/103854at33208.out --cpu 1 /busco_wd/busco_downloads/lineages/metazoa_odb10/hmms/103854at33208.hmm /busco_wd/BUSCO/run_metazoa_odb10/metaeuk_output/initial_results/Trinity.fasta.modified.fas 
# Current dir:     /busco_wd
# Date:            Tue Nov 23 09:00:04 2021
# [ok]
