#                                                                                          --- full sequence --- -------------- this domain -------------   hmm coord   ali coord   env coord
# target name                      accession   tlen query name           accession   qlen   E-value  score  bias   #  of  c-Evalue  i-Evalue  score  bias  from    to  from    to  from    to  acc description of target
#              ------------------- ---------- ----- -------------------- ---------- ----- --------- ------ ----- --- --- --------- --------- ------ ----- ----- ----- ----- ----- ----- ----- ---- ---------------------
TRINITY_DN8548_c0_g1_i2:1082-4159  -           1026 108764at33208        -            513  3.8e-107  358.1  25.1   1   4   8.4e-40   1.8e-37  128.2   0.9     6   192   214   427   210   434 0.82 -
TRINITY_DN8548_c0_g1_i2:1082-4159  -           1026 108764at33208        -            513  3.8e-107  358.1  25.1   2   4   3.8e-27   8.3e-25   86.4   0.3   194   316   536   678   517   688 0.85 -
TRINITY_DN8548_c0_g1_i2:1082-4159  -           1026 108764at33208        -            513  3.8e-107  358.1  25.1   3   4       1.6   3.5e+02   -1.4   0.2   308   374   701   764   675   774 0.52 -
TRINITY_DN8548_c0_g1_i2:1082-4159  -           1026 108764at33208        -            513  3.8e-107  358.1  25.1   4   4   5.1e-47   1.1e-44  152.0   6.3   364   513   835  1012   821  1012 0.86 -
TRINITY_DN8548_c0_g1_i3:480-3557   -           1026 108764at33208        -            513  3.8e-107  358.1  25.1   1   4   8.4e-40   1.8e-37  128.2   0.9     6   192   214   427   210   434 0.82 -
TRINITY_DN8548_c0_g1_i3:480-3557   -           1026 108764at33208        -            513  3.8e-107  358.1  25.1   2   4   3.8e-27   8.3e-25   86.4   0.3   194   316   536   678   517   688 0.85 -
TRINITY_DN8548_c0_g1_i3:480-3557   -           1026 108764at33208        -            513  3.8e-107  358.1  25.1   3   4       1.6   3.5e+02   -1.4   0.2   308   374   701   764   675   774 0.52 -
TRINITY_DN8548_c0_g1_i3:480-3557   -           1026 108764at33208        -            513  3.8e-107  358.1  25.1   4   4   5.1e-47   1.1e-44  152.0   6.3   364   513   835  1012   821  1012 0.86 -
TRINITY_DN8548_c0_g1_i4:1199-4276  -           1026 108764at33208        -            513  3.8e-107  358.1  25.1   1   4   8.4e-40   1.8e-37  128.2   0.9     6   192   214   427   210   434 0.82 -
TRINITY_DN8548_c0_g1_i4:1199-4276  -           1026 108764at33208        -            513  3.8e-107  358.1  25.1   2   4   3.8e-27   8.3e-25   86.4   0.3   194   316   536   678   517   688 0.85 -
TRINITY_DN8548_c0_g1_i4:1199-4276  -           1026 108764at33208        -            513  3.8e-107  358.1  25.1   3   4       1.6   3.5e+02   -1.4   0.2   308   374   701   764   675   774 0.52 -
TRINITY_DN8548_c0_g1_i4:1199-4276  -           1026 108764at33208        -            513  3.8e-107  358.1  25.1   4   4   5.1e-47   1.1e-44  152.0   6.3   364   513   835  1012   821  1012 0.86 -
TRINITY_DN8548_c0_g1_i5:403-3480   -           1026 108764at33208        -            513  3.8e-107  358.1  25.1   1   4   8.4e-40   1.8e-37  128.2   0.9     6   192   214   427   210   434 0.82 -
TRINITY_DN8548_c0_g1_i5:403-3480   -           1026 108764at33208        -            513  3.8e-107  358.1  25.1   2   4   3.8e-27   8.3e-25   86.4   0.3   194   316   536   678   517   688 0.85 -
TRINITY_DN8548_c0_g1_i5:403-3480   -           1026 108764at33208        -            513  3.8e-107  358.1  25.1   3   4       1.6   3.5e+02   -1.4   0.2   308   374   701   764   675   774 0.52 -
TRINITY_DN8548_c0_g1_i5:403-3480   -           1026 108764at33208        -            513  3.8e-107  358.1  25.1   4   4   5.1e-47   1.1e-44  152.0   6.3   364   513   835  1012   821  1012 0.86 -
TRINITY_DN8548_c0_g1_i6:1192-4269  -           1026 108764at33208        -            513  3.8e-107  358.1  25.1   1   4   8.4e-40   1.8e-37  128.2   0.9     6   192   214   427   210   434 0.82 -
TRINITY_DN8548_c0_g1_i6:1192-4269  -           1026 108764at33208        -            513  3.8e-107  358.1  25.1   2   4   3.8e-27   8.3e-25   86.4   0.3   194   316   536   678   517   688 0.85 -
TRINITY_DN8548_c0_g1_i6:1192-4269  -           1026 108764at33208        -            513  3.8e-107  358.1  25.1   3   4       1.6   3.5e+02   -1.4   0.2   308   374   701   764   675   774 0.52 -
TRINITY_DN8548_c0_g1_i6:1192-4269  -           1026 108764at33208        -            513  3.8e-107  358.1  25.1   4   4   5.1e-47   1.1e-44  152.0   6.3   364   513   835  1012   821  1012 0.86 -
TRINITY_DN9090_c0_g1_i1:386-3328   -            981 108764at33208        -            513     3e-19   68.1  11.0   1   7   2.6e-08   5.7e-06   24.3   0.1    20   113    26   121    18   131 0.91 -
TRINITY_DN9090_c0_g1_i1:386-3328   -            981 108764at33208        -            513     3e-19   68.1  11.0   2   7    0.0094       2.1    5.9   0.0   271   308   139   176   137   185 0.90 -
TRINITY_DN9090_c0_g1_i1:386-3328   -            981 108764at33208        -            513     3e-19   68.1  11.0   3   7     0.074        16    3.0   0.0    82   115   192   225   187   251 0.60 -
TRINITY_DN9090_c0_g1_i1:386-3328   -            981 108764at33208        -            513     3e-19   68.1  11.0   4   7    0.0047         1    6.9   0.0   269   308   273   312   263   315 0.90 -
TRINITY_DN9090_c0_g1_i1:386-3328   -            981 108764at33208        -            513     3e-19   68.1  11.0   5   7    0.0012      0.27    8.9   0.0   270   308   308   346   289   351 0.71 -
TRINITY_DN9090_c0_g1_i1:386-3328   -            981 108764at33208        -            513     3e-19   68.1  11.0   6   7    0.0039      0.86    7.2   0.0   271   307   343   379   341   383 0.93 -
TRINITY_DN9090_c0_g1_i1:386-3328   -            981 108764at33208        -            513     3e-19   68.1  11.0   7   7   1.1e-06   0.00024   18.9   0.4    25   115   371   463   366   477 0.86 -
TRINITY_DN9090_c0_g1_i2:386-3450   -            981 108764at33208        -            513     3e-19   68.1  11.0   1   7   2.6e-08   5.7e-06   24.3   0.1    20   113    26   121    18   131 0.91 -
TRINITY_DN9090_c0_g1_i2:386-3450   -            981 108764at33208        -            513     3e-19   68.1  11.0   2   7    0.0094       2.1    5.9   0.0   271   308   139   176   137   185 0.90 -
TRINITY_DN9090_c0_g1_i2:386-3450   -            981 108764at33208        -            513     3e-19   68.1  11.0   3   7     0.074        16    3.0   0.0    82   115   192   225   187   251 0.60 -
TRINITY_DN9090_c0_g1_i2:386-3450   -            981 108764at33208        -            513     3e-19   68.1  11.0   4   7    0.0047         1    6.9   0.0   269   308   273   312   263   315 0.90 -
TRINITY_DN9090_c0_g1_i2:386-3450   -            981 108764at33208        -            513     3e-19   68.1  11.0   5   7    0.0012      0.27    8.9   0.0   270   308   308   346   289   351 0.71 -
TRINITY_DN9090_c0_g1_i2:386-3450   -            981 108764at33208        -            513     3e-19   68.1  11.0   6   7    0.0039      0.86    7.2   0.0   271   307   343   379   341   383 0.93 -
TRINITY_DN9090_c0_g1_i2:386-3450   -            981 108764at33208        -            513     3e-19   68.1  11.0   7   7   1.1e-06   0.00024   18.9   0.4    25   115   371   463   366   477 0.86 -
TRINITY_DN22587_c0_g1_i1:351-1154  -            268 108764at33208        -            513   7.1e-11   40.5   4.4   1   5   3.8e-05    0.0083   13.8   0.1   270   311     3    44     2    49 0.95 -
TRINITY_DN22587_c0_g1_i1:351-1154  -            268 108764at33208        -            513   7.1e-11   40.5   4.4   2   5    0.0018       0.4    8.3   0.0   465   494    67    96    62   101 0.90 -
TRINITY_DN22587_c0_g1_i1:351-1154  -            268 108764at33208        -            513   7.1e-11   40.5   4.4   3   5     0.033       7.3    4.1   0.0   465   495   103   134    98   146 0.89 -
TRINITY_DN22587_c0_g1_i1:351-1154  -            268 108764at33208        -            513   7.1e-11   40.5   4.4   4   5   0.00024     0.053   11.2   0.0   269   312   152   195   138   199 0.90 -
TRINITY_DN22587_c0_g1_i1:351-1154  -            268 108764at33208        -            513   7.1e-11   40.5   4.4   5   5      0.35        76    0.8   0.1    44   108   201   267   197   268 0.79 -
TRINITY_DN22587_c0_g1_i6:303-2735  -            811 108764at33208        -            513   3.9e-08   31.4  10.2   1   6      0.34        75    0.8   0.3   464   509   480   524   427   528 0.73 -
TRINITY_DN22587_c0_g1_i6:303-2735  -            811 108764at33208        -            513   3.9e-08   31.4  10.2   2   6   0.00012     0.026   12.2   0.0   270   311   530   571   525   576 0.94 -
TRINITY_DN22587_c0_g1_i6:303-2735  -            811 108764at33208        -            513   3.9e-08   31.4  10.2   3   6    0.0072       1.6    6.3   0.1   465   494   594   623   591   633 0.88 -
TRINITY_DN22587_c0_g1_i6:303-2735  -            811 108764at33208        -            513   3.9e-08   31.4  10.2   4   6      0.14        30    2.1   0.0   465   495   630   661   625   673 0.89 -
TRINITY_DN22587_c0_g1_i6:303-2735  -            811 108764at33208        -            513   3.9e-08   31.4  10.2   5   6    0.0011      0.24    9.0   0.0   269   312   679   722   665   726 0.90 -
TRINITY_DN22587_c0_g1_i6:303-2735  -            811 108764at33208        -            513   3.9e-08   31.4  10.2   6   6      0.14        30    2.1   0.1    44   114   728   800   724   811 0.81 -
TRINITY_DN6409_c0_g1_i6:1555-2916  -            454 108764at33208        -            513   1.3e-06   26.4   1.8   1   4      0.73   1.6e+02   -0.3   0.0    92   109    25    42     3    47 0.76 -
TRINITY_DN6409_c0_g1_i6:1555-2916  -            454 108764at33208        -            513   1.3e-06   26.4   1.8   2   4     0.073        16    3.0   0.0    76   111    79   114    61   117 0.85 -
TRINITY_DN6409_c0_g1_i6:1555-2916  -            454 108764at33208        -            513   1.3e-06   26.4   1.8   3   4       0.3        66    1.0   0.0    79   110   116   147   113   170 0.88 -
TRINITY_DN6409_c0_g1_i6:1555-2916  -            454 108764at33208        -            513   1.3e-06   26.4   1.8   4   4   4.5e-06   0.00097   16.9   0.0    64   128   375   441   364   453 0.75 -
TRINITY_DN6409_c0_g1_i2:1555-2940  -            462 108764at33208        -            513   1.5e-06   26.2   2.7   1   5      0.39        84    0.6   0.0    92   109    25    42     3    47 0.76 -
TRINITY_DN6409_c0_g1_i2:1555-2940  -            462 108764at33208        -            513   1.5e-06   26.2   2.7   2   5     0.074        16    3.0   0.0    77   111    80   114    63   118 0.86 -
TRINITY_DN6409_c0_g1_i2:1555-2940  -            462 108764at33208        -            513   1.5e-06   26.2   2.7   3   5      0.25        55    1.2   0.0    79   110   116   147   112   181 0.84 -
TRINITY_DN6409_c0_g1_i2:1555-2940  -            462 108764at33208        -            513   1.5e-06   26.2   2.7   4   5       1.1   2.4e+02   -0.9   0.0   270   289   168   187   152   255 0.72 -
TRINITY_DN6409_c0_g1_i2:1555-2940  -            462 108764at33208        -            513   1.5e-06   26.2   2.7   5   5   4.2e-06   0.00092   17.0   0.0    64   134   382   455   371   461 0.75 -
TRINITY_DN6409_c0_g1_i3:1555-2940  -            462 108764at33208        -            513   1.5e-06   26.2   2.7   1   5      0.39        84    0.6   0.0    92   109    25    42     3    47 0.76 -
TRINITY_DN6409_c0_g1_i3:1555-2940  -            462 108764at33208        -            513   1.5e-06   26.2   2.7   2   5     0.074        16    3.0   0.0    77   111    80   114    63   118 0.86 -
TRINITY_DN6409_c0_g1_i3:1555-2940  -            462 108764at33208        -            513   1.5e-06   26.2   2.7   3   5      0.25        55    1.2   0.0    79   110   116   147   112   181 0.84 -
TRINITY_DN6409_c0_g1_i3:1555-2940  -            462 108764at33208        -            513   1.5e-06   26.2   2.7   4   5       1.1   2.4e+02   -0.9   0.0   270   289   168   187   152   255 0.72 -
TRINITY_DN6409_c0_g1_i3:1555-2940  -            462 108764at33208        -            513   1.5e-06   26.2   2.7   5   5   4.2e-06   0.00092   17.0   0.0    64   134   382   455   371   461 0.75 -
TRINITY_DN6409_c0_g1_i7:1555-2916  -            454 108764at33208        -            513   1.6e-06   26.1   2.9   1   5      0.37        81    0.7   0.0    92   109    25    42     3    48 0.76 -
TRINITY_DN6409_c0_g1_i7:1555-2916  -            454 108764at33208        -            513   1.6e-06   26.1   2.9   2   5     0.069        15    3.1   0.0    76   111    79   114    61   118 0.85 -
TRINITY_DN6409_c0_g1_i7:1555-2916  -            454 108764at33208        -            513   1.6e-06   26.1   2.9   3   5      0.37        82    0.7   0.0    79   109   116   146   113   152 0.88 -
TRINITY_DN6409_c0_g1_i7:1555-2916  -            454 108764at33208        -            513   1.6e-06   26.1   2.9   4   5       1.7   3.8e+02   -1.5   0.0   269   291   167   189   155   213 0.69 -
TRINITY_DN6409_c0_g1_i7:1555-2916  -            454 108764at33208        -            513   1.6e-06   26.1   2.9   5   5   4.5e-06   0.00097   16.9   0.0    64   128   375   441   364   453 0.75 -
TRINITY_DN19979_c0_g1_i2:201-2288  -            696 108764at33208        -            513   3.7e-06   24.9   4.0   1   3   3.2e-07     7e-05   20.7   0.3    26   110   459   545   455   553 0.88 -
TRINITY_DN19979_c0_g1_i2:201-2288  -            696 108764at33208        -            513   3.7e-06   24.9   4.0   2   3      0.93     2e+02   -0.6   0.0    85   110   554   579   548   590 0.83 -
TRINITY_DN19979_c0_g1_i2:201-2288  -            696 108764at33208        -            513   3.7e-06   24.9   4.0   3   3      0.04       8.7    3.9   0.1   468   497   655   684   636   696 0.87 -
TRINITY_DN7211_c0_g1_i1:274-1512   -            413 108764at33208        -            513   1.1e-05   23.4   0.5   1   3   2.6e-05    0.0056   14.4   0.0    26   111    95   181    90   189 0.88 -
TRINITY_DN7211_c0_g1_i1:274-1512   -            413 108764at33208        -            513   1.1e-05   23.4   0.5   2   3   9.3e-05      0.02   12.5   0.0   235   311   131   207   122   218 0.88 -
TRINITY_DN7211_c0_g1_i1:274-1512   -            413 108764at33208        -            513   1.1e-05   23.4   0.5   3   3     0.035       7.6    4.1   0.2    54   110   225   282   220   371 0.59 -
TRINITY_DN7211_c0_g1_i3:274-1512   -            413 108764at33208        -            513   1.1e-05   23.4   0.5   1   3   2.6e-05    0.0056   14.4   0.0    26   111    95   181    90   189 0.88 -
TRINITY_DN7211_c0_g1_i3:274-1512   -            413 108764at33208        -            513   1.1e-05   23.4   0.5   2   3   9.3e-05      0.02   12.5   0.0   235   311   131   207   122   218 0.88 -
TRINITY_DN7211_c0_g1_i3:274-1512   -            413 108764at33208        -            513   1.1e-05   23.4   0.5   3   3     0.035       7.6    4.1   0.2    54   110   225   282   220   371 0.59 -
TRINITY_DN7211_c0_g1_i4:272-1510   -            413 108764at33208        -            513   1.1e-05   23.4   0.5   1   3   2.6e-05    0.0056   14.4   0.0    26   111    95   181    90   189 0.88 -
TRINITY_DN7211_c0_g1_i4:272-1510   -            413 108764at33208        -            513   1.1e-05   23.4   0.5   2   3   9.3e-05      0.02   12.5   0.0   235   311   131   207   122   218 0.88 -
TRINITY_DN7211_c0_g1_i4:272-1510   -            413 108764at33208        -            513   1.1e-05   23.4   0.5   3   3     0.035       7.6    4.1   0.2    54   110   225   282   220   371 0.59 -
TRINITY_DN19979_c0_g1_i1:222-908   -            229 108764at33208        -            513   1.1e-05   23.3   0.5   1   3   5.2e-08   1.1e-05   23.3   0.5    26   110    15   101    12   110 0.88 -
TRINITY_DN19979_c0_g1_i1:222-908   -            229 108764at33208        -            513   1.1e-05   23.3   0.5   2   3       0.2        44    1.5   0.0    85   110   110   135   103   148 0.82 -
TRINITY_DN19979_c0_g1_i1:222-908   -            229 108764at33208        -            513   1.1e-05   23.3   0.5   3   3       3.9   8.5e+02   -2.7   0.1   468   486   211   229   207   229 0.92 -
TRINITY_DN964_c0_g1_i3:548-3700    -           1051 108764at33208        -            513   2.9e-05   22.0  30.6   1   7      0.69   1.5e+02   -0.2   0.5    81   169    44   130    33   147 0.56 -
TRINITY_DN964_c0_g1_i3:548-3700    -           1051 108764at33208        -            513   2.9e-05   22.0  30.6   2   7      0.11        24    2.4   0.1    86   115   175   204   149   211 0.78 -
TRINITY_DN964_c0_g1_i3:548-3700    -           1051 108764at33208        -            513   2.9e-05   22.0  30.6   3   7    0.0045      0.99    7.0   2.0   429   492   279   340   255   343 0.76 -
TRINITY_DN964_c0_g1_i3:548-3700    -           1051 108764at33208        -            513   2.9e-05   22.0  30.6   4   7   3.6e-06   0.00079   17.2   0.1    20   112   353   449   348   455 0.78 -
TRINITY_DN964_c0_g1_i3:548-3700    -           1051 108764at33208        -            513   2.9e-05   22.0  30.6   5   7      0.18        39    1.7   0.3   464   503   457   498   454   508 0.84 -
TRINITY_DN964_c0_g1_i3:548-3700    -           1051 108764at33208        -            513   2.9e-05   22.0  30.6   6   7     0.017       3.6    5.1   0.1    20    60   509   549   507   602 0.72 -
TRINITY_DN964_c0_g1_i3:548-3700    -           1051 108764at33208        -            513   2.9e-05   22.0  30.6   7   7     0.029       6.3    4.3   0.2    75   109   682   716   630   735 0.65 -
TRINITY_DN964_c0_g1_i4:548-3700    -           1051 108764at33208        -            513   2.9e-05   22.0  30.6   1   7      0.69   1.5e+02   -0.2   0.5    81   169    44   130    33   147 0.56 -
TRINITY_DN964_c0_g1_i4:548-3700    -           1051 108764at33208        -            513   2.9e-05   22.0  30.6   2   7      0.11        24    2.4   0.1    86   115   175   204   149   211 0.78 -
TRINITY_DN964_c0_g1_i4:548-3700    -           1051 108764at33208        -            513   2.9e-05   22.0  30.6   3   7    0.0045      0.99    7.0   2.0   429   492   279   340   255   343 0.76 -
TRINITY_DN964_c0_g1_i4:548-3700    -           1051 108764at33208        -            513   2.9e-05   22.0  30.6   4   7   3.6e-06   0.00079   17.2   0.1    20   112   353   449   348   455 0.78 -
TRINITY_DN964_c0_g1_i4:548-3700    -           1051 108764at33208        -            513   2.9e-05   22.0  30.6   5   7      0.18        39    1.7   0.3   464   503   457   498   454   508 0.84 -
TRINITY_DN964_c0_g1_i4:548-3700    -           1051 108764at33208        -            513   2.9e-05   22.0  30.6   6   7     0.017       3.6    5.1   0.1    20    60   509   549   507   602 0.72 -
TRINITY_DN964_c0_g1_i4:548-3700    -           1051 108764at33208        -            513   2.9e-05   22.0  30.6   7   7     0.029       6.3    4.3   0.2    75   109   682   716   630   735 0.65 -
TRINITY_DN5650_c1_g1_i12:600-2585  -            662 108764at33208        -            513   3.1e-05   21.8  12.6   1   5    0.0046         1    7.0   0.3    81   113    70   102    65   104 0.92 -
TRINITY_DN5650_c1_g1_i12:600-2585  -            662 108764at33208        -            513   3.1e-05   21.8  12.6   2   5    0.0081       1.8    6.1   0.8    81   129   104   152   101   174 0.83 -
TRINITY_DN5650_c1_g1_i12:600-2585  -            662 108764at33208        -            513   3.1e-05   21.8  12.6   3   5   0.00031     0.067   10.8   0.0    50   108   175   231   168   242 0.85 -
TRINITY_DN5650_c1_g1_i12:600-2585  -            662 108764at33208        -            513   3.1e-05   21.8  12.6   4   5       0.7   1.5e+02   -0.2   0.0   245   263   389   407   378   430 0.80 -
TRINITY_DN5650_c1_g1_i12:600-2585  -            662 108764at33208        -            513   3.1e-05   21.8  12.6   5   5      0.24        52    1.3   0.1    80   108   467   495   458   508 0.86 -
TRINITY_DN5650_c1_g1_i1:666-2651   -            662 108764at33208        -            513   3.1e-05   21.8  12.6   1   5    0.0046         1    7.0   0.3    81   113    70   102    65   104 0.92 -
TRINITY_DN5650_c1_g1_i1:666-2651   -            662 108764at33208        -            513   3.1e-05   21.8  12.6   2   5    0.0081       1.8    6.1   0.8    81   129   104   152   101   174 0.83 -
TRINITY_DN5650_c1_g1_i1:666-2651   -            662 108764at33208        -            513   3.1e-05   21.8  12.6   3   5   0.00031     0.067   10.8   0.0    50   108   175   231   168   242 0.85 -
TRINITY_DN5650_c1_g1_i1:666-2651   -            662 108764at33208        -            513   3.1e-05   21.8  12.6   4   5       0.7   1.5e+02   -0.2   0.0   245   263   389   407   378   430 0.80 -
TRINITY_DN5650_c1_g1_i1:666-2651   -            662 108764at33208        -            513   3.1e-05   21.8  12.6   5   5      0.24        52    1.3   0.1    80   108   467   495   458   508 0.86 -
TRINITY_DN5650_c1_g1_i14:600-2585  -            662 108764at33208        -            513   3.3e-05   21.8  12.7   1   5    0.0046         1    7.0   0.3    81   113    70   102    65   104 0.92 -
TRINITY_DN5650_c1_g1_i14:600-2585  -            662 108764at33208        -            513   3.3e-05   21.8  12.7   2   5    0.0081       1.8    6.1   0.8    81   129   104   152   101   174 0.83 -
TRINITY_DN5650_c1_g1_i14:600-2585  -            662 108764at33208        -            513   3.3e-05   21.8  12.7   3   5   0.00031     0.067   10.8   0.0    50   108   175   231   168   242 0.85 -
TRINITY_DN5650_c1_g1_i14:600-2585  -            662 108764at33208        -            513   3.3e-05   21.8  12.7   4   5       0.7   1.5e+02   -0.2   0.0   245   263   389   407   378   430 0.80 -
TRINITY_DN5650_c1_g1_i14:600-2585  -            662 108764at33208        -            513   3.3e-05   21.8  12.7   5   5      0.19        41    1.6   0.1    80   108   467   495   458   536 0.85 -
TRINITY_DN5650_c1_g1_i3:666-2651   -            662 108764at33208        -            513   3.3e-05   21.8  12.7   1   5    0.0046         1    7.0   0.3    81   113    70   102    65   104 0.92 -
TRINITY_DN5650_c1_g1_i3:666-2651   -            662 108764at33208        -            513   3.3e-05   21.8  12.7   2   5    0.0081       1.8    6.1   0.8    81   129   104   152   101   174 0.83 -
TRINITY_DN5650_c1_g1_i3:666-2651   -            662 108764at33208        -            513   3.3e-05   21.8  12.7   3   5   0.00031     0.067   10.8   0.0    50   108   175   231   168   242 0.85 -
TRINITY_DN5650_c1_g1_i3:666-2651   -            662 108764at33208        -            513   3.3e-05   21.8  12.7   4   5       0.7   1.5e+02   -0.2   0.0   245   263   389   407   378   430 0.80 -
TRINITY_DN5650_c1_g1_i3:666-2651   -            662 108764at33208        -            513   3.3e-05   21.8  12.7   5   5      0.19        41    1.6   0.1    80   108   467   495   458   536 0.85 -
TRINITY_DN19975_c0_g1_i3:317-1258  -            314 108764at33208        -            513   0.00034   18.4   6.4   1   3      0.38        84    0.6   1.4   396   506     7   120     2   127 0.66 -
TRINITY_DN19975_c0_g1_i3:317-1258  -            314 108764at33208        -            513   0.00034   18.4   6.4   2   3     0.021       4.5    4.8   0.1   463   491   191   219   159   237 0.68 -
TRINITY_DN19975_c0_g1_i3:317-1258  -            314 108764at33208        -            513   0.00034   18.4   6.4   3   3     6e-06    0.0013   16.5   0.3    27   109   205   289   200   309 0.81 -
TRINITY_DN19975_c0_g1_i6:317-1258  -            314 108764at33208        -            513   0.00034   18.4   6.4   1   3      0.38        84    0.6   1.4   396   506     7   120     2   127 0.66 -
TRINITY_DN19975_c0_g1_i6:317-1258  -            314 108764at33208        -            513   0.00034   18.4   6.4   2   3     0.021       4.5    4.8   0.1   463   491   191   219   159   237 0.68 -
TRINITY_DN19975_c0_g1_i6:317-1258  -            314 108764at33208        -            513   0.00034   18.4   6.4   3   3     6e-06    0.0013   16.5   0.3    27   109   205   289   200   309 0.81 -
TRINITY_DN19975_c0_g1_i7:317-1258  -            314 108764at33208        -            513   0.00034   18.4   6.4   1   3      0.38        84    0.6   1.4   396   506     7   120     2   127 0.66 -
TRINITY_DN19975_c0_g1_i7:317-1258  -            314 108764at33208        -            513   0.00034   18.4   6.4   2   3     0.021       4.5    4.8   0.1   463   491   191   219   159   237 0.68 -
TRINITY_DN19975_c0_g1_i7:317-1258  -            314 108764at33208        -            513   0.00034   18.4   6.4   3   3     6e-06    0.0013   16.5   0.3    27   109   205   289   200   309 0.81 -
TRINITY_DN2164_c0_g1_i6:1556-2965  -            470 108764at33208        -            513   0.00038   18.3   5.0   1   4       1.6   3.5e+02   -1.4   0.0    90   141    65   116    36   139 0.66 -
TRINITY_DN2164_c0_g1_i6:1556-2965  -            470 108764at33208        -            513   0.00038   18.3   5.0   2   4     0.075        16    3.0   0.0    80   111   165   196   130   225 0.82 -
TRINITY_DN2164_c0_g1_i6:1556-2965  -            470 108764at33208        -            513   0.00038   18.3   5.0   3   4   0.00073      0.16    9.6   0.1    79   116   303   340   253   343 0.73 -
TRINITY_DN2164_c0_g1_i6:1556-2965  -            470 108764at33208        -            513   0.00038   18.3   5.0   4   4    0.0075       1.6    6.3   0.2    80   112   342   374   336   464 0.68 -
TRINITY_DN7193_c0_g1_i2:676-1554   -            293 108764at33208        -            513    0.0072   14.0   0.2   1   1   7.3e-05     0.016   12.9   0.1   254   315    61   124    44   162 0.80 -
TRINITY_DN1974_c0_g1_i2:1611-1997  -            129 108764at33208        -            513    0.0082   13.9   0.5   1   2     0.079        17    2.9   0.0   395   419     8    32     3    41 0.88 -
TRINITY_DN1974_c0_g1_i2:1611-1997  -            129 108764at33208        -            513    0.0082   13.9   0.5   2   2    0.0042      0.92    7.1   0.3    88   112    79   103    71   123 0.80 -
TRINITY_DN1974_c0_g1_i4:1607-1993  -            129 108764at33208        -            513    0.0082   13.9   0.5   1   2     0.079        17    2.9   0.0   395   419     8    32     3    41 0.88 -
TRINITY_DN1974_c0_g1_i4:1607-1993  -            129 108764at33208        -            513    0.0082   13.9   0.5   2   2    0.0042      0.92    7.1   0.3    88   112    79   103    71   123 0.80 -
TRINITY_DN1974_c0_g1_i5:1607-1993  -            129 108764at33208        -            513    0.0082   13.9   0.5   1   2     0.079        17    2.9   0.0   395   419     8    32     3    41 0.88 -
TRINITY_DN1974_c0_g1_i5:1607-1993  -            129 108764at33208        -            513    0.0082   13.9   0.5   2   2    0.0042      0.92    7.1   0.3    88   112    79   103    71   123 0.80 -
TRINITY_DN1974_c0_g1_i7:1605-1991  -            129 108764at33208        -            513    0.0082   13.9   0.5   1   2     0.079        17    2.9   0.0   395   419     8    32     3    41 0.88 -
TRINITY_DN1974_c0_g1_i7:1605-1991  -            129 108764at33208        -            513    0.0082   13.9   0.5   2   2    0.0042      0.92    7.1   0.3    88   112    79   103    71   123 0.80 -
TRINITY_DN1974_c0_g1_i8:1608-1994  -            129 108764at33208        -            513    0.0082   13.9   0.5   1   2     0.079        17    2.9   0.0   395   419     8    32     3    41 0.88 -
TRINITY_DN1974_c0_g1_i8:1608-1994  -            129 108764at33208        -            513    0.0082   13.9   0.5   2   2    0.0042      0.92    7.1   0.3    88   112    79   103    71   123 0.80 -
TRINITY_DN1974_c0_g1_i9:1658-2044  -            129 108764at33208        -            513    0.0082   13.9   0.5   1   2     0.079        17    2.9   0.0   395   419     8    32     3    41 0.88 -
TRINITY_DN1974_c0_g1_i9:1658-2044  -            129 108764at33208        -            513    0.0082   13.9   0.5   2   2    0.0042      0.92    7.1   0.3    88   112    79   103    71   123 0.80 -
TRINITY_DN7193_c0_g1_i3:328-1809   -            494 108764at33208        -            513     0.016   12.9   1.4   1   2       3.4   7.4e+02   -2.5   0.0    75   111   189   226   173   235 0.68 -
TRINITY_DN7193_c0_g1_i3:328-1809   -            494 108764at33208        -            513     0.016   12.9   1.4   2   2   0.00017     0.037   11.7   0.1   254   315   260   323   242   362 0.81 -
TRINITY_DN142352_c0_g1_i1:2-277    -             92 108764at33208        -            513     0.017   12.8   0.2   1   1   8.3e-05     0.018   12.7   0.2    24   110     4    92     1    92 0.84 -
TRINITY_DN2164_c0_g1_i1:1045-2049  -            335 108764at33208        -            513     0.019   12.7   5.6   1   4    0.0027       0.6    7.7   0.0    82   116     1    35     1    38 0.92 -
TRINITY_DN2164_c0_g1_i1:1045-2049  -            335 108764at33208        -            513     0.019   12.7   5.6   2   4     0.004      0.87    7.2   0.2    80   146    37   104    31   161 0.65 -
TRINITY_DN2164_c0_g1_i1:1045-2049  -            335 108764at33208        -            513     0.019   12.7   5.6   3   4       1.3   2.9e+02   -1.1   0.2   128   151   238   261   183   286 0.54 -
TRINITY_DN2164_c0_g1_i1:1045-2049  -            335 108764at33208        -            513     0.019   12.7   5.6   4   4       4.5   9.8e+02   -2.9   0.0    83   116   274   308   265   316 0.76 -
TRINITY_DN9492_c0_g1_i10:3378-4199 -            274 108764at33208        -            513     0.023   12.4   0.0   1   1   0.00017     0.038   11.7   0.0    86   115    69    98     9   127 0.87 -
TRINITY_DN9492_c0_g1_i2:3372-4193  -            274 108764at33208        -            513     0.023   12.4   0.0   1   1   0.00017     0.038   11.7   0.0    86   115    69    98     9   127 0.87 -
TRINITY_DN9492_c0_g1_i3:3378-4199  -            274 108764at33208        -            513     0.023   12.4   0.0   1   1   0.00017     0.038   11.7   0.0    86   115    69    98     9   127 0.87 -
TRINITY_DN7193_c0_g1_i6:671-3451   -            927 108764at33208        -            513       0.3    8.7   5.0   1   3       1.2   2.6e+02   -1.0   0.2    22   125   303   401   290   450 0.57 -
TRINITY_DN7193_c0_g1_i6:671-3451   -            927 108764at33208        -            513       0.3    8.7   5.0   2   3       3.2   7.1e+02   -2.4   0.1   144   169   606   631   557   666 0.59 -
TRINITY_DN7193_c0_g1_i6:671-3451   -            927 108764at33208        -            513       0.3    8.7   5.0   3   3   0.00043     0.094   10.4   0.1   254   315   693   756   676   792 0.81 -
#
# Program:         hmmsearch
# Version:         3.1b2 (February 2015)
# Pipeline mode:   SEARCH
# Query file:      /busco_wd/busco_downloads/lineages/metazoa_odb10/hmms/108764at33208.hmm
# Target file:     /busco_wd/BUSCO/run_metazoa_odb10/metaeuk_output/initial_results/Trinity.fasta.modified.fas
# Option settings: hmmsearch --domtblout /busco_wd/BUSCO/run_metazoa_odb10/hmmer_output/initial_run_results/108764at33208.out --cpu 1 /busco_wd/busco_downloads/lineages/metazoa_odb10/hmms/108764at33208.hmm /busco_wd/BUSCO/run_metazoa_odb10/metaeuk_output/initial_results/Trinity.fasta.modified.fas 
# Current dir:     /busco_wd
# Date:            Tue Nov 23 09:00:05 2021
# [ok]
