#                                                                                          --- full sequence --- -------------- this domain -------------   hmm coord   ali coord   env coord
# target name                      accession   tlen query name           accession   qlen   E-value  score  bias   #  of  c-Evalue  i-Evalue  score  bias  from    to  from    to  from    to  acc description of target
#              ------------------- ---------- ----- -------------------- ---------- ----- --------- ------ ----- --- --- --------- --------- ------ ----- ----- ----- ----- ----- ----- ----- ---- ---------------------
TRINITY_DN9090_c0_g1_i1:386-3328   -            981 118209at33208        -            862         0 1587.5   8.0   1   1         0         0 1587.1   8.0     1   858    22   943    22   950 0.92 -
TRINITY_DN9090_c0_g1_i2:386-3450   -            981 118209at33208        -            862         0 1587.5   8.0   1   1         0         0 1587.1   8.0     1   858    22   943    22   950 0.92 -
TRINITY_DN19979_c0_g1_i2:201-2288  -            696 118209at33208        -            862   2.4e-35  120.7   3.7   1   3   1.4e-09   9.8e-08   29.3   0.0   320   379   432   491   423   492 0.94 -
TRINITY_DN19979_c0_g1_i2:201-2288  -            696 118209at33208        -            862   2.4e-35  120.7   3.7   2   3   9.3e-22   6.4e-20   69.6   1.5   303   433   483   613   480   618 0.95 -
TRINITY_DN19979_c0_g1_i2:201-2288  -            696 118209at33208        -            862   2.4e-35  120.7   3.7   3   3   7.3e-09     5e-07   27.0   0.0   201   274   618   691   606   694 0.92 -
TRINITY_DN19979_c0_g1_i1:222-908   -            229 118209at33208        -            862   1.6e-31  108.0   2.4   1   2     5e-28   3.5e-26   90.4   1.9   270   433     5   169     1   174 0.94 -
TRINITY_DN19979_c0_g1_i1:222-908   -            229 118209at33208        -            862   1.6e-31  108.0   2.4   2   2   1.2e-05   0.00079   16.4   0.0   201   253   174   226   162   229 0.87 -
TRINITY_DN22587_c0_g1_i6:303-2735  -            811 118209at33208        -            862   1.1e-30  105.2  16.4   1   2     2e-20   1.3e-18   65.2   3.0   285   434   466   624   462   630 0.85 -
TRINITY_DN22587_c0_g1_i6:303-2735  -            811 118209at33208        -            862   1.1e-30  105.2  16.4   2   2   3.5e-17   2.4e-15   54.5   5.5   236   437   595   800   588   811 0.89 -
TRINITY_DN202404_c0_g1_i1:39-320   -             94 118209at33208        -            862   2.7e-28   97.3   0.1   1   1   4.1e-30   2.8e-28   97.3   0.1   616   682     1    70     1    89 0.83 -
TRINITY_DN7211_c0_g1_i1:274-1512   -            413 118209at33208        -            862   8.1e-24   82.5   2.0   1   2   2.8e-20   1.9e-18   64.7   0.2    40   303    21   288    16   295 0.89 -
TRINITY_DN7211_c0_g1_i1:274-1512   -            413 118209at33208        -            862   8.1e-24   82.5   2.0   2   2   2.9e-06    0.0002   18.4   0.1    70   151   289   370   286   394 0.74 -
TRINITY_DN7211_c0_g1_i3:274-1512   -            413 118209at33208        -            862   8.1e-24   82.5   2.0   1   2   2.8e-20   1.9e-18   64.7   0.2    40   303    21   288    16   295 0.89 -
TRINITY_DN7211_c0_g1_i3:274-1512   -            413 118209at33208        -            862   8.1e-24   82.5   2.0   2   2   2.9e-06    0.0002   18.4   0.1    70   151   289   370   286   394 0.74 -
TRINITY_DN7211_c0_g1_i4:272-1510   -            413 118209at33208        -            862   8.1e-24   82.5   2.0   1   2   2.8e-20   1.9e-18   64.7   0.2    40   303    21   288    16   295 0.89 -
TRINITY_DN7211_c0_g1_i4:272-1510   -            413 118209at33208        -            862   8.1e-24   82.5   2.0   2   2   2.9e-06    0.0002   18.4   0.1    70   151   289   370   286   394 0.74 -
TRINITY_DN964_c0_g1_i3:548-3700    -           1051 118209at33208        -            862   7.3e-23   79.3  20.0   1   2   1.2e-10   8.5e-09   32.8   8.1    64   363   129   445    62   453 0.77 -
TRINITY_DN964_c0_g1_i3:548-3700    -           1051 118209at33208        -            862   7.3e-23   79.3  20.0   2   2   3.8e-15   2.6e-13   47.8   4.1    39   346   463   768   458   788 0.84 -
TRINITY_DN964_c0_g1_i4:548-3700    -           1051 118209at33208        -            862   7.3e-23   79.3  20.0   1   2   1.2e-10   8.5e-09   32.8   8.1    64   363   129   445    62   453 0.77 -
TRINITY_DN964_c0_g1_i4:548-3700    -           1051 118209at33208        -            862   7.3e-23   79.3  20.0   2   2   3.8e-15   2.6e-13   47.8   4.1    39   346   463   768   458   788 0.84 -
TRINITY_DN22587_c0_g1_i1:351-1154  -            268 118209at33208        -            862   2.3e-22   77.7   9.4   1   3   6.6e-12   4.5e-10   37.0   0.4   349   434     1    97     1   103 0.82 -
TRINITY_DN22587_c0_g1_i1:351-1154  -            268 118209at33208        -            862   2.3e-22   77.7   9.4   2   3   0.00064     0.044   10.6   0.0    69   111   105   147   100   155 0.87 -
TRINITY_DN22587_c0_g1_i1:351-1154  -            268 118209at33208        -            862   2.3e-22   77.7   9.4   3   3   5.6e-11   3.8e-09   34.0   2.0   318   431   154   267   149   268 0.96 -
TRINITY_DN9492_c0_g1_i10:3378-4199 -            274 118209at33208        -            862   1.1e-20   72.2   0.0   1   1   1.9e-22   1.3e-20   71.9   0.0   173   442     2   273     1   274 0.93 -
TRINITY_DN9492_c0_g1_i2:3372-4193  -            274 118209at33208        -            862   1.1e-20   72.2   0.0   1   1   1.9e-22   1.3e-20   71.9   0.0   173   442     2   273     1   274 0.93 -
TRINITY_DN9492_c0_g1_i3:3378-4199  -            274 118209at33208        -            862   1.1e-20   72.2   0.0   1   1   1.9e-22   1.3e-20   71.9   0.0   173   442     2   273     1   274 0.93 -
TRINITY_DN9492_c0_g1_i10:5040-5900 -            287 118209at33208        -            862   3.1e-20   70.7   5.0   1   1   5.8e-22     4e-20   70.3   5.0   181   444    10   277     2   282 0.91 -
TRINITY_DN9492_c0_g1_i2:5034-5894  -            287 118209at33208        -            862   3.1e-20   70.7   5.0   1   1   5.8e-22     4e-20   70.3   5.0   181   444    10   277     2   282 0.91 -
TRINITY_DN9492_c0_g1_i3:5040-5900  -            287 118209at33208        -            862   3.1e-20   70.7   5.0   1   1   5.8e-22     4e-20   70.3   5.0   181   444    10   277     2   282 0.91 -
TRINITY_DN5444_c0_g1_i17:1359-3338 -            660 118209at33208        -            862   1.6e-19   68.3   6.2   1   1   3.3e-21   2.2e-19   67.8   6.2   215   441   429   655   417   659 0.94 -
TRINITY_DN2818_c1_g3_i1:726-1445   -            240 118209at33208        -            862   2.5e-19   67.6   7.8   1   2   1.1e-14   7.7e-13   46.2   6.0   273   451     7   185     1   188 0.86 -
TRINITY_DN2818_c1_g3_i1:726-1445   -            240 118209at33208        -            862   2.5e-19   67.6   7.8   2   2   3.1e-09   2.1e-07   28.2   0.1   168   233   173   238   172   240 0.97 -
TRINITY_DN6409_c0_g1_i6:1555-2916  -            454 118209at33208        -            862   2.7e-17   60.9   2.3   1   3   3.2e-10   2.2e-08   31.4   0.6   181   343    28   194    14   311 0.59 -
TRINITY_DN6409_c0_g1_i6:1555-2916  -            454 118209at33208        -            862   2.7e-17   60.9   2.3   2   3      0.64        44    0.7   0.1   245   286   275   316   202   339 0.76 -
TRINITY_DN6409_c0_g1_i6:1555-2916  -            454 118209at33208        -            862   2.7e-17   60.9   2.3   3   3   2.4e-09   1.7e-07   28.5   0.2   112   290   275   449   259   454 0.64 -
TRINITY_DN6409_c0_g1_i7:1555-2916  -            454 118209at33208        -            862   3.1e-17   60.8   2.7   1   2   3.1e-10   2.1e-08   31.5   0.8   179   343    26   194    14   311 0.63 -
TRINITY_DN6409_c0_g1_i7:1555-2916  -            454 118209at33208        -            862   3.1e-17   60.8   2.7   2   2   1.6e-09   1.1e-07   29.1   0.2   110   291   273   450   234   454 0.70 -
TRINITY_DN6409_c0_g1_i2:1555-2940  -            462 118209at33208        -            862     5e-17   60.1   2.4   1   2   2.9e-10     2e-08   31.6   0.7   179   343    26   194    13   311 0.64 -
TRINITY_DN6409_c0_g1_i2:1555-2940  -            462 118209at33208        -            862     5e-17   60.1   2.4   2   2   3.2e-09   2.2e-07   28.1   0.1   216   291   382   457   259   462 0.70 -
TRINITY_DN6409_c0_g1_i3:1555-2940  -            462 118209at33208        -            862     5e-17   60.1   2.4   1   2   2.9e-10     2e-08   31.6   0.7   179   343    26   194    13   311 0.64 -
TRINITY_DN6409_c0_g1_i3:1555-2940  -            462 118209at33208        -            862     5e-17   60.1   2.4   2   2   3.2e-09   2.2e-07   28.1   0.1   216   291   382   457   259   462 0.70 -
TRINITY_DN6559_c0_g1_i4:1-1866     -            622 118209at33208        -            862     5e-16   56.7  19.5   1   3   1.5e-07     1e-05   22.6   2.0   339   485     3   156     1   197 0.75 -
TRINITY_DN6559_c0_g1_i4:1-1866     -            622 118209at33208        -            862     5e-16   56.7  19.5   2   3   3.5e-08   2.4e-06   24.7   1.6    39   159   222   344   190   348 0.83 -
TRINITY_DN6559_c0_g1_i4:1-1866     -            622 118209at33208        -            862     5e-16   56.7  19.5   3   3   1.1e-06   7.4e-05   19.8   1.7   296   467   349   519   346   534 0.85 -
TRINITY_DN1974_c0_g1_i2:1611-1997  -            129 118209at33208        -            862   7.6e-16   56.1   3.4   1   1   1.3e-17   8.7e-16   55.9   3.4   200   312     3   115     1   123 0.91 -
TRINITY_DN1974_c0_g1_i4:1607-1993  -            129 118209at33208        -            862   7.6e-16   56.1   3.4   1   1   1.3e-17   8.7e-16   55.9   3.4   200   312     3   115     1   123 0.91 -
TRINITY_DN1974_c0_g1_i5:1607-1993  -            129 118209at33208        -            862   7.6e-16   56.1   3.4   1   1   1.3e-17   8.7e-16   55.9   3.4   200   312     3   115     1   123 0.91 -
TRINITY_DN1974_c0_g1_i7:1605-1991  -            129 118209at33208        -            862   7.6e-16   56.1   3.4   1   1   1.3e-17   8.7e-16   55.9   3.4   200   312     3   115     1   123 0.91 -
TRINITY_DN1974_c0_g1_i8:1608-1994  -            129 118209at33208        -            862   7.6e-16   56.1   3.4   1   1   1.3e-17   8.7e-16   55.9   3.4   200   312     3   115     1   123 0.91 -
TRINITY_DN1974_c0_g1_i9:1658-2044  -            129 118209at33208        -            862   7.6e-16   56.1   3.4   1   1   1.3e-17   8.7e-16   55.9   3.4   200   312     3   115     1   123 0.91 -
TRINITY_DN6559_c0_g1_i23:41-3000   -            815 118209at33208        -            862   1.2e-15   55.5  19.7   1   3   1.6e-07   1.1e-05   22.5   2.0   339   483   196   346   186   389 0.75 -
TRINITY_DN6559_c0_g1_i23:41-3000   -            815 118209at33208        -            862   1.2e-15   55.5  19.7   2   3   5.8e-08     4e-06   24.0   1.7    39   159   415   537   384   541 0.83 -
TRINITY_DN6559_c0_g1_i23:41-3000   -            815 118209at33208        -            862   1.2e-15   55.5  19.7   3   3   1.8e-06   0.00012   19.1   1.8   296   467   542   712   539   728 0.85 -
TRINITY_DN6559_c0_g1_i18:41-2530   -            830 118209at33208        -            862   1.2e-15   55.5  19.6   1   3   1.6e-07   1.1e-05   22.5   2.0   339   483   211   361   199   404 0.75 -
TRINITY_DN6559_c0_g1_i18:41-2530   -            830 118209at33208        -            862   1.2e-15   55.5  19.6   2   3   5.8e-08     4e-06   24.0   1.7    39   159   430   552   398   556 0.83 -
TRINITY_DN6559_c0_g1_i18:41-2530   -            830 118209at33208        -            862   1.2e-15   55.5  19.6   3   3   1.8e-06   0.00012   19.1   1.7   296   467   557   727   554   743 0.85 -
TRINITY_DN6559_c0_g1_i2:41-2530    -            830 118209at33208        -            862   1.2e-15   55.5  19.6   1   3   1.6e-07   1.1e-05   22.5   2.0   339   483   211   361   199   404 0.75 -
TRINITY_DN6559_c0_g1_i2:41-2530    -            830 118209at33208        -            862   1.2e-15   55.5  19.6   2   3   5.8e-08     4e-06   24.0   1.7    39   159   430   552   398   556 0.83 -
TRINITY_DN6559_c0_g1_i2:41-2530    -            830 118209at33208        -            862   1.2e-15   55.5  19.6   3   3   1.8e-06   0.00012   19.1   1.7   296   467   557   727   554   743 0.85 -
TRINITY_DN6559_c0_g1_i1:41-2599    -            853 118209at33208        -            862   1.3e-15   55.4  19.6   1   3   1.6e-07   1.1e-05   22.5   1.9   338   483   233   384   228   427 0.75 -
TRINITY_DN6559_c0_g1_i1:41-2599    -            853 118209at33208        -            862   1.3e-15   55.4  19.6   2   3   5.3e-08   3.7e-06   24.1   1.6    39   159   453   575   420   580 0.83 -
TRINITY_DN6559_c0_g1_i1:41-2599    -            853 118209at33208        -            862   1.3e-15   55.4  19.6   3   3   1.8e-06   0.00012   19.0   1.7   296   467   580   750   577   765 0.85 -
TRINITY_DN7100_c0_g1_i1:436-2031   -            532 118209at33208        -            862   1.4e-15   55.3   3.4   1   1     3e-14     2e-12   44.8   3.2    84   427   130   471   112   479 0.82 -
TRINITY_DN7100_c0_g1_i2:435-2030   -            532 118209at33208        -            862   1.4e-15   55.3   3.4   1   1     3e-14     2e-12   44.8   3.2    84   427   130   471   112   479 0.82 -
TRINITY_DN7100_c0_g1_i4:435-2030   -            532 118209at33208        -            862   1.4e-15   55.3   3.4   1   1     3e-14     2e-12   44.8   3.2    84   427   130   471   112   479 0.82 -
TRINITY_DN7100_c0_g1_i5:435-2030   -            532 118209at33208        -            862   1.4e-15   55.3   3.4   1   1     3e-14     2e-12   44.8   3.2    84   427   130   471   112   479 0.82 -
TRINITY_DN11637_c0_g1_i2:370-1161  -            264 118209at33208        -            862   1.9e-15   54.8   3.3   1   1   1.2e-16   8.5e-15   52.7   3.3     4   244     8   252     5   260 0.87 -
TRINITY_DN11637_c0_g1_i3:370-1161  -            264 118209at33208        -            862   1.9e-15   54.8   3.3   1   1   1.2e-16   8.5e-15   52.7   3.3     4   244     8   252     5   260 0.87 -
TRINITY_DN19975_c0_g1_i3:317-1258  -            314 118209at33208        -            862   5.3e-15   53.3   0.4   1   2      0.01       0.7    6.6   0.1   169   259    41   138     2   152 0.66 -
TRINITY_DN19975_c0_g1_i3:317-1258  -            314 118209at33208        -            862   5.3e-15   53.3   0.4   2   2   2.2e-14   1.5e-12   45.2   0.0   315   430   172   287   160   294 0.96 -
TRINITY_DN19975_c0_g1_i6:317-1258  -            314 118209at33208        -            862   5.3e-15   53.3   0.4   1   2      0.01       0.7    6.6   0.1   169   259    41   138     2   152 0.66 -
TRINITY_DN19975_c0_g1_i6:317-1258  -            314 118209at33208        -            862   5.3e-15   53.3   0.4   2   2   2.2e-14   1.5e-12   45.2   0.0   315   430   172   287   160   294 0.96 -
TRINITY_DN19975_c0_g1_i7:317-1258  -            314 118209at33208        -            862   5.3e-15   53.3   0.4   1   2      0.01       0.7    6.6   0.1   169   259    41   138     2   152 0.66 -
TRINITY_DN19975_c0_g1_i7:317-1258  -            314 118209at33208        -            862   5.3e-15   53.3   0.4   2   2   2.2e-14   1.5e-12   45.2   0.0   315   430   172   287   160   294 0.96 -
TRINITY_DN23587_c0_g1_i1:225-1721  -            499 118209at33208        -            862   4.3e-14   50.3   2.1   1   1   1.6e-14   1.1e-12   45.7   2.1    76   354   220   469   212   483 0.47 -
TRINITY_DN8548_c0_g1_i2:1082-4159  -           1026 118209at33208        -            862   1.6e-13   48.5   3.5   1   3   3.4e-06   0.00023   18.1   0.1   306   443   227   365   220   372 0.90 -
TRINITY_DN8548_c0_g1_i2:1082-4159  -           1026 118209at33208        -            862   1.6e-13   48.5   3.5   2   3   1.1e-07   7.8e-06   23.0   0.1     7   156   519   671   514   701 0.73 -
TRINITY_DN8548_c0_g1_i2:1082-4159  -           1026 118209at33208        -            862   1.6e-13   48.5   3.5   3   3      0.01      0.72    6.6   0.0    34    95   906   975   879   989 0.71 -
TRINITY_DN8548_c0_g1_i3:480-3557   -           1026 118209at33208        -            862   1.6e-13   48.5   3.5   1   3   3.4e-06   0.00023   18.1   0.1   306   443   227   365   220   372 0.90 -
TRINITY_DN8548_c0_g1_i3:480-3557   -           1026 118209at33208        -            862   1.6e-13   48.5   3.5   2   3   1.1e-07   7.8e-06   23.0   0.1     7   156   519   671   514   701 0.73 -
TRINITY_DN8548_c0_g1_i3:480-3557   -           1026 118209at33208        -            862   1.6e-13   48.5   3.5   3   3      0.01      0.72    6.6   0.0    34    95   906   975   879   989 0.71 -
TRINITY_DN8548_c0_g1_i4:1199-4276  -           1026 118209at33208        -            862   1.6e-13   48.5   3.5   1   3   3.4e-06   0.00023   18.1   0.1   306   443   227   365   220   372 0.90 -
TRINITY_DN8548_c0_g1_i4:1199-4276  -           1026 118209at33208        -            862   1.6e-13   48.5   3.5   2   3   1.1e-07   7.8e-06   23.0   0.1     7   156   519   671   514   701 0.73 -
TRINITY_DN8548_c0_g1_i4:1199-4276  -           1026 118209at33208        -            862   1.6e-13   48.5   3.5   3   3      0.01      0.72    6.6   0.0    34    95   906   975   879   989 0.71 -
TRINITY_DN8548_c0_g1_i5:403-3480   -           1026 118209at33208        -            862   1.6e-13   48.5   3.5   1   3   3.4e-06   0.00023   18.1   0.1   306   443   227   365   220   372 0.90 -
TRINITY_DN8548_c0_g1_i5:403-3480   -           1026 118209at33208        -            862   1.6e-13   48.5   3.5   2   3   1.1e-07   7.8e-06   23.0   0.1     7   156   519   671   514   701 0.73 -
TRINITY_DN8548_c0_g1_i5:403-3480   -           1026 118209at33208        -            862   1.6e-13   48.5   3.5   3   3      0.01      0.72    6.6   0.0    34    95   906   975   879   989 0.71 -
TRINITY_DN8548_c0_g1_i6:1192-4269  -           1026 118209at33208        -            862   1.6e-13   48.5   3.5   1   3   3.4e-06   0.00023   18.1   0.1   306   443   227   365   220   372 0.90 -
TRINITY_DN8548_c0_g1_i6:1192-4269  -           1026 118209at33208        -            862   1.6e-13   48.5   3.5   2   3   1.1e-07   7.8e-06   23.0   0.1     7   156   519   671   514   701 0.73 -
TRINITY_DN8548_c0_g1_i6:1192-4269  -           1026 118209at33208        -            862   1.6e-13   48.5   3.5   3   3      0.01      0.72    6.6   0.0    34    95   906   975   879   989 0.71 -
TRINITY_DN23587_c0_g1_i3:225-926   -            234 118209at33208        -            862   1.9e-13   48.2   1.1   1   1   3.5e-15   2.4e-13   47.9   1.1   175   368    22   218    13   230 0.88 -
TRINITY_DN6860_c0_g1_i12:1083-1565 -            161 118209at33208        -            862   7.9e-12   42.8   2.9   1   2   8.7e-09     6e-07   26.7   0.5   343   413     2    72     1    95 0.67 -
TRINITY_DN6860_c0_g1_i12:1083-1565 -            161 118209at33208        -            862   7.9e-12   42.8   2.9   2   2   4.5e-06   0.00031   17.7   0.4    14    97    78   160    67   161 0.68 -
TRINITY_DN6860_c0_g1_i17:1083-1565 -            161 118209at33208        -            862   7.9e-12   42.8   2.9   1   2   8.7e-09     6e-07   26.7   0.5   343   413     2    72     1    95 0.67 -
TRINITY_DN6860_c0_g1_i17:1083-1565 -            161 118209at33208        -            862   7.9e-12   42.8   2.9   2   2   4.5e-06   0.00031   17.7   0.4    14    97    78   160    67   161 0.68 -
TRINITY_DN6860_c0_g1_i1:1249-1731  -            161 118209at33208        -            862   7.9e-12   42.8   2.9   1   2   8.7e-09     6e-07   26.7   0.5   343   413     2    72     1    95 0.67 -
TRINITY_DN6860_c0_g1_i1:1249-1731  -            161 118209at33208        -            862   7.9e-12   42.8   2.9   2   2   4.5e-06   0.00031   17.7   0.4    14    97    78   160    67   161 0.68 -
TRINITY_DN6860_c0_g1_i5:1048-1530  -            161 118209at33208        -            862   7.9e-12   42.8   2.9   1   2   8.7e-09     6e-07   26.7   0.5   343   413     2    72     1    95 0.67 -
TRINITY_DN6860_c0_g1_i5:1048-1530  -            161 118209at33208        -            862   7.9e-12   42.8   2.9   2   2   4.5e-06   0.00031   17.7   0.4    14    97    78   160    67   161 0.68 -
TRINITY_DN6860_c0_g1_i8:1083-1565  -            161 118209at33208        -            862   7.9e-12   42.8   2.9   1   2   8.7e-09     6e-07   26.7   0.5   343   413     2    72     1    95 0.67 -
TRINITY_DN6860_c0_g1_i8:1083-1565  -            161 118209at33208        -            862   7.9e-12   42.8   2.9   2   2   4.5e-06   0.00031   17.7   0.4    14    97    78   160    67   161 0.68 -
TRINITY_DN6860_c0_g1_i9:1083-1565  -            161 118209at33208        -            862   7.9e-12   42.8   2.9   1   2   8.7e-09     6e-07   26.7   0.5   343   413     2    72     1    95 0.67 -
TRINITY_DN6860_c0_g1_i9:1083-1565  -            161 118209at33208        -            862   7.9e-12   42.8   2.9   2   2   4.5e-06   0.00031   17.7   0.4    14    97    78   160    67   161 0.68 -
TRINITY_DN12947_c0_g1_i8:208-1401  -            398 118209at33208        -            862   1.1e-11   42.4   5.8   1   3   4.6e-05    0.0031   14.4   0.2   187   447     7   105     1   149 0.58 -
TRINITY_DN12947_c0_g1_i8:208-1401  -            398 118209at33208        -            862   1.1e-11   42.4   5.8   2   3   3.7e-05    0.0025   14.7   0.3   367   422   174   229   163   238 0.91 -
TRINITY_DN12947_c0_g1_i8:208-1401  -            398 118209at33208        -            862   1.1e-11   42.4   5.8   3   3   3.2e-05    0.0022   14.9   0.0   160   259   251   350   233   385 0.81 -
TRINITY_DN18477_c0_g1_i1:471-1547  -            359 118209at33208        -            862   1.9e-11   41.6   4.1   1   2   3.2e-09   2.2e-07   28.1   0.4    78   197     8   130     4   139 0.86 -
TRINITY_DN18477_c0_g1_i1:471-1547  -            359 118209at33208        -            862   1.9e-11   41.6   4.1   2   2   1.7e-07   1.1e-05   22.5   0.3    80   278    77   282    61   287 0.65 -
TRINITY_DN18477_c0_g1_i2:471-1547  -            359 118209at33208        -            862   1.9e-11   41.6   4.1   1   2   3.2e-09   2.2e-07   28.1   0.4    78   197     8   130     4   139 0.86 -
TRINITY_DN18477_c0_g1_i2:471-1547  -            359 118209at33208        -            862   1.9e-11   41.6   4.1   2   2   1.7e-07   1.1e-05   22.5   0.3    80   278    77   282    61   287 0.65 -
TRINITY_DN142352_c0_g1_i1:2-277    -             92 118209at33208        -            862     6e-11   39.9   0.2   1   1   1.8e-12   1.2e-10   38.9   0.2   346   433     5    92     1    92 0.69 -
TRINITY_DN2818_c1_g3_i1:33-404     -            124 118209at33208        -            862   1.7e-09   35.1   0.2   1   1   2.9e-11     2e-09   34.9   0.2   206   312     8   118     2   122 0.70 -
TRINITY_DN273_c0_g1_i10:1035-2093  -            353 118209at33208        -            862   2.9e-09   34.4   0.3   1   1   5.7e-11   3.9e-09   33.9   0.3   309   414     7   112     2   136 0.90 -
TRINITY_DN273_c0_g1_i15:1035-2093  -            353 118209at33208        -            862   2.9e-09   34.4   0.3   1   1   5.7e-11   3.9e-09   33.9   0.3   309   414     7   112     2   136 0.90 -
TRINITY_DN273_c0_g1_i1:282-1340    -            353 118209at33208        -            862   2.9e-09   34.4   0.3   1   1   5.7e-11   3.9e-09   33.9   0.3   309   414     7   112     2   136 0.90 -
TRINITY_DN273_c0_g1_i3:1035-2093   -            353 118209at33208        -            862   2.9e-09   34.4   0.3   1   1   5.7e-11   3.9e-09   33.9   0.3   309   414     7   112     2   136 0.90 -
TRINITY_DN273_c0_g1_i6:1046-2104   -            353 118209at33208        -            862   2.9e-09   34.4   0.3   1   1   5.7e-11   3.9e-09   33.9   0.3   309   414     7   112     2   136 0.90 -
TRINITY_DN273_c0_g1_i8:1047-2105   -            353 118209at33208        -            862   2.9e-09   34.4   0.3   1   1   5.7e-11   3.9e-09   33.9   0.3   309   414     7   112     2   136 0.90 -
TRINITY_DN23894_c0_g1_i2:641-1096  -            152 118209at33208        -            862   8.3e-08   29.5   0.7   1   1   1.3e-09   9.2e-08   29.4   0.7    70   431    26   118    11   142 0.59 -
TRINITY_DN1969_c0_g1_i10:1469-1768 -            100 118209at33208        -            862   9.7e-08   29.3   0.3   1   1   1.6e-09   1.1e-07   29.1   0.3   353   427    16    94     6    99 0.87 -
TRINITY_DN1969_c0_g1_i11:1501-1800 -            100 118209at33208        -            862   9.7e-08   29.3   0.3   1   1   1.6e-09   1.1e-07   29.1   0.3   353   427    16    94     6    99 0.87 -
TRINITY_DN1969_c0_g1_i12:1468-1767 -            100 118209at33208        -            862   9.7e-08   29.3   0.3   1   1   1.6e-09   1.1e-07   29.1   0.3   353   427    16    94     6    99 0.87 -
TRINITY_DN1969_c0_g1_i4:1469-1768  -            100 118209at33208        -            862   9.7e-08   29.3   0.3   1   1   1.6e-09   1.1e-07   29.1   0.3   353   427    16    94     6    99 0.87 -
TRINITY_DN1969_c0_g1_i7:1500-1799  -            100 118209at33208        -            862   9.7e-08   29.3   0.3   1   1   1.6e-09   1.1e-07   29.1   0.3   353   427    16    94     6    99 0.87 -
TRINITY_DN23894_c0_g1_i3:716-1099  -            128 118209at33208        -            862   1.1e-07   29.2   0.3   1   1   1.6e-09   1.1e-07   29.1   0.3   347   434    10    96     1   117 0.63 -
TRINITY_DN4780_c0_g1_i5:1527-2543  -            339 118209at33208        -            862   1.2e-07   29.0   3.3   1   3     0.038       2.6    4.7   0.1    63    95    22    54     9    64 0.86 -
TRINITY_DN4780_c0_g1_i5:1527-2543  -            339 118209at33208        -            862   1.2e-07   29.0   3.3   2   3   0.00078     0.054   10.3   0.0   137   261    68   193    64   200 0.66 -
TRINITY_DN4780_c0_g1_i5:1527-2543  -            339 118209at33208        -            862   1.2e-07   29.0   3.3   3   3   4.5e-05    0.0031   14.4   0.4    67   194   166   314   156   330 0.67 -
TRINITY_DN2762_c0_g1_i1:207-1025   -            273 118209at33208        -            862     4e-07   27.3   0.8   1   1   7.5e-09   5.1e-07   26.9   0.8   349   447    18   117     6   152 0.86 -
TRINITY_DN2762_c0_g1_i4:207-1025   -            273 118209at33208        -            862     4e-07   27.3   0.8   1   1   7.5e-09   5.1e-07   26.9   0.8   349   447    18   117     6   152 0.86 -
TRINITY_DN2762_c0_g1_i5:212-1030   -            273 118209at33208        -            862     4e-07   27.3   0.8   1   1   7.5e-09   5.1e-07   26.9   0.8   349   447    18   117     6   152 0.86 -
TRINITY_DN2762_c0_g1_i7:207-1025   -            273 118209at33208        -            862     4e-07   27.3   0.8   1   1   7.5e-09   5.1e-07   26.9   0.8   349   447    18   117     6   152 0.86 -
TRINITY_DN2762_c0_g1_i8:212-1030   -            273 118209at33208        -            862     4e-07   27.3   0.8   1   1   7.5e-09   5.1e-07   26.9   0.8   349   447    18   117     6   152 0.86 -
TRINITY_DN964_c0_g1_i1:1289-1798   -            170 118209at33208        -            862   4.4e-07   27.2   0.3   1   1   7.2e-09   4.9e-07   27.0   0.3   216   347     1   135     1   155 0.90 -
TRINITY_DN964_c0_g1_i5:1289-1798   -            170 118209at33208        -            862   4.4e-07   27.2   0.3   1   1   7.2e-09   4.9e-07   27.0   0.3   216   347     1   135     1   155 0.90 -
TRINITY_DN221_c0_g1_i5:782-1906    -            375 118209at33208        -            862   9.7e-07   26.0   0.1   1   1     2e-08   1.3e-06   25.5   0.1   352   434    17    99    11   118 0.93 -
TRINITY_DN221_c0_g1_i7:784-1908    -            375 118209at33208        -            862   9.7e-07   26.0   0.1   1   1     2e-08   1.3e-06   25.5   0.1   352   434    17    99    11   118 0.93 -
TRINITY_DN221_c0_g1_i9:784-1908    -            375 118209at33208        -            862   9.7e-07   26.0   0.1   1   1     2e-08   1.3e-06   25.5   0.1   352   434    17    99    11   118 0.93 -
TRINITY_DN221_c0_g1_i1:784-1899    -            372 118209at33208        -            862     1e-06   26.0   0.2   1   1   2.1e-08   1.4e-06   25.5   0.2   353   434    15    96     9   116 0.93 -
TRINITY_DN17959_c0_g1_i6:320-1936  -            539 118209at33208        -            862   2.7e-06   24.5   0.1   1   1   5.6e-08   3.8e-06   24.0   0.1   290   399    61   173    51   179 0.79 -
TRINITY_DN9972_c0_g1_i6:494-691    -             66 118209at33208        -            862   3.5e-06   24.2   0.1   1   1   5.2e-08   3.6e-06   24.1   0.1    73   133     4    64     1    66 0.81 -
TRINITY_DN17959_c0_g1_i2:320-1924  -            535 118209at33208        -            862   3.6e-06   24.1   0.1   1   1   7.2e-08   4.9e-06   23.7   0.1   290   398    57   168    46   174 0.77 -
TRINITY_DN17959_c0_g1_i9:320-1924  -            535 118209at33208        -            862   3.6e-06   24.1   0.1   1   1   7.2e-08   4.9e-06   23.7   0.1   290   398    57   168    46   174 0.77 -
TRINITY_DN4745_c0_g2_i2:1604-1885  -             94 118209at33208        -            862   7.6e-06   23.1   0.7   1   1   1.3e-07   8.6e-06   22.9   0.7   347   430    11    94     5    94 0.94 -
TRINITY_DN4745_c0_g2_i3:1607-1888  -             94 118209at33208        -            862   7.6e-06   23.1   0.7   1   1   1.3e-07   8.6e-06   22.9   0.7   347   430    11    94     5    94 0.94 -
TRINITY_DN4745_c0_g2_i4:1383-1664  -             94 118209at33208        -            862   7.6e-06   23.1   0.7   1   1   1.3e-07   8.6e-06   22.9   0.7   347   430    11    94     5    94 0.94 -
TRINITY_DN4745_c0_g2_i6:1018-1299  -             94 118209at33208        -            862   7.6e-06   23.1   0.7   1   1   1.3e-07   8.6e-06   22.9   0.7   347   430    11    94     5    94 0.94 -
TRINITY_DN9972_c0_g1_i2:494-691    -             66 118209at33208        -            862   1.3e-05   22.3   0.1   1   1   1.9e-07   1.3e-05   22.3   0.1    74   133     5    64     1    66 0.53 -
TRINITY_DN9972_c0_g1_i4:494-691    -             66 118209at33208        -            862   1.3e-05   22.3   0.1   1   1   1.9e-07   1.3e-05   22.3   0.1    74   133     5    64     1    66 0.53 -
TRINITY_DN2164_c0_g1_i6:1556-2965  -            470 118209at33208        -            862   2.9e-05   21.1   3.1   1   3    0.0084      0.58    6.9   0.0   189   272     8    93     2   102 0.74 -
TRINITY_DN2164_c0_g1_i6:1556-2965  -            470 118209at33208        -            862   2.9e-05   21.1   3.1   2   3      0.81        56    0.3   0.0   148   261   178   291   161   298 0.76 -
TRINITY_DN2164_c0_g1_i6:1556-2965  -            470 118209at33208        -            862   2.9e-05   21.1   3.1   3   3   0.00023     0.016   12.1   0.9    71   228   308   457   294   465 0.80 -
TRINITY_DN6409_c0_g1_i2:124-708    -            195 118209at33208        -            862   4.1e-05   20.6   0.2   1   1   1.1e-06   7.6e-05   19.7   0.2   182   284     7   116     2   124 0.80 -
TRINITY_DN6409_c0_g1_i3:124-708    -            195 118209at33208        -            862   4.1e-05   20.6   0.2   1   1   1.1e-06   7.6e-05   19.7   0.2   182   284     7   116     2   124 0.80 -
TRINITY_DN6409_c0_g1_i6:124-708    -            195 118209at33208        -            862   4.1e-05   20.6   0.2   1   1   1.1e-06   7.6e-05   19.7   0.2   182   284     7   116     2   124 0.80 -
TRINITY_DN6409_c0_g1_i7:124-708    -            195 118209at33208        -            862   4.1e-05   20.6   0.2   1   1   1.1e-06   7.6e-05   19.7   0.2   182   284     7   116     2   124 0.80 -
TRINITY_DN23894_c0_g1_i3:2129-2398 -             90 118209at33208        -            862   5.2e-05   20.3   0.1   1   1   8.6e-07   5.9e-05   20.1   0.1    73   141     6    74     2    89 0.50 -
TRINITY_DN2257_c0_g1_i6:130-2541   -            804 118209at33208        -            862   8.2e-05   19.6   0.2   1   1   1.7e-06   0.00012   19.1   0.2   144   322   449   624   364   644 0.72 -
TRINITY_DN2257_c0_g1_i1:96-2507    -            804 118209at33208        -            862   8.3e-05   19.6   0.2   1   1   1.7e-06   0.00012   19.1   0.2   144   322   449   624   361   644 0.72 -
TRINITY_DN7193_c0_g1_i3:328-1809   -            494 118209at33208        -            862   0.00013   19.0   0.4   1   2   6.3e-05    0.0044   13.9   0.3   103   324    95   319    87   329 0.73 -
TRINITY_DN7193_c0_g1_i3:328-1809   -            494 118209at33208        -            862   0.00013   19.0   0.4   2   2       0.2        14    2.4   0.0    67   105   394   432   333   458 0.66 -
TRINITY_DN3061_c0_g1_i1:1621-2055  -            145 118209at33208        -            862   0.00018   18.5   0.6   1   1   2.7e-06   0.00019   18.4   0.6   205   278     3    81     1   112 0.73 -
TRINITY_DN53587_c0_g1_i1:9-551     -            181 118209at33208        -            862   0.00019   18.4   0.0   1   1   5.1e-06   0.00035   17.5   0.0   172   283    55   171    14   179 0.60 -
TRINITY_DN5650_c1_g1_i12:600-2585  -            662 118209at33208        -            862   0.00019   18.4   0.2   1   2   8.7e-06    0.0006   16.8   0.1   170   433    73   348    56   357 0.80 -
TRINITY_DN5650_c1_g1_i12:600-2585  -            662 118209at33208        -            862   0.00019   18.4   0.2   2   2       3.1   2.1e+02   -1.6   0.0   116   162   448   494   431   526 0.71 -
TRINITY_DN5650_c1_g1_i1:666-2651   -            662 118209at33208        -            862   0.00019   18.4   0.2   1   2   8.7e-06    0.0006   16.8   0.1   170   433    73   348    56   357 0.80 -
TRINITY_DN5650_c1_g1_i1:666-2651   -            662 118209at33208        -            862   0.00019   18.4   0.2   2   2       3.1   2.1e+02   -1.6   0.0   116   162   448   494   431   526 0.71 -
TRINITY_DN5650_c1_g1_i14:600-2585  -            662 118209at33208        -            862   0.00019   18.4   0.2   1   2   8.7e-06    0.0006   16.8   0.1   170   433    73   348    56   357 0.80 -
TRINITY_DN5650_c1_g1_i14:600-2585  -            662 118209at33208        -            862   0.00019   18.4   0.2   2   2       3.1   2.1e+02   -1.6   0.0   115   162   447   494   431   525 0.70 -
TRINITY_DN5650_c1_g1_i3:666-2651   -            662 118209at33208        -            862   0.00019   18.4   0.2   1   2   8.7e-06    0.0006   16.8   0.1   170   433    73   348    56   357 0.80 -
TRINITY_DN5650_c1_g1_i3:666-2651   -            662 118209at33208        -            862   0.00019   18.4   0.2   2   2       3.1   2.1e+02   -1.6   0.0   115   162   447   494   431   525 0.70 -
TRINITY_DN7193_c0_g1_i2:676-1554   -            293 118209at33208        -            862   0.00021   18.3   0.0   1   2   0.00015      0.01   12.7   0.0   314   412    42   140    27   161 0.76 -
TRINITY_DN7193_c0_g1_i2:676-1554   -            293 118209at33208        -            862   0.00021   18.3   0.0   2   2     0.081       5.6    3.7   0.0    66   105   194   233   133   259 0.65 -
TRINITY_DN1138_c1_g2_i2:1947-3290  -            448 118209at33208        -            862   0.00026   18.0   0.0   1   1   1.1e-05   0.00073   16.5   0.0   351   450   278   382   263   397 0.63 -
TRINITY_DN1138_c1_g2_i5:1947-3290  -            448 118209at33208        -            862   0.00029   17.8   0.0   1   1   8.5e-06   0.00058   16.8   0.0   182   450   278   382   216   401 0.61 -
TRINITY_DN1138_c1_g2_i7:1947-3290  -            448 118209at33208        -            862   0.00029   17.8   0.0   1   1   8.5e-06   0.00058   16.8   0.0   182   450   278   382   216   401 0.61 -
TRINITY_DN2762_c0_g1_i2:2-707      -            211 118209at33208        -            862   0.00056   16.9   0.1   1   1   9.6e-06   0.00066   16.6   0.1   374   434     5    65     2   106 0.85 -
TRINITY_DN7193_c0_g1_i6:671-3451   -            927 118209at33208        -            862   0.00083   16.3   0.3   1   2    0.0002     0.014   12.3   0.2   103   324   528   752   520   767 0.71 -
TRINITY_DN7193_c0_g1_i6:671-3451   -            927 118209at33208        -            862   0.00083   16.3   0.3   2   2      0.48        33    1.1   0.0    68   105   828   865   766   890 0.66 -
TRINITY_DN3309_c0_g1_i13:408-1199  -            264 118209at33208        -            862   0.00098   16.1   0.2   1   1   3.2e-05    0.0022   14.9   0.2   179   399    17   253     8   262 0.61 -
TRINITY_DN3309_c0_g1_i15:408-1199  -            264 118209at33208        -            862   0.00098   16.1   0.2   1   1   3.2e-05    0.0022   14.9   0.2   179   399    17   253     8   262 0.61 -
TRINITY_DN8155_c0_g1_i1:84-365     -             94 118209at33208        -            862    0.0011   15.9   0.5   1   1   1.7e-05    0.0012   15.8   0.5    73   153     7    92     1    94 0.73 -
TRINITY_DN8155_c0_g1_i5:84-365     -             94 118209at33208        -            862    0.0011   15.9   0.5   1   1   1.7e-05    0.0012   15.8   0.5    73   153     7    92     1    94 0.73 -
TRINITY_DN8155_c0_g1_i6:84-365     -             94 118209at33208        -            862    0.0011   15.9   0.5   1   1   1.7e-05    0.0012   15.8   0.5    73   153     7    92     1    94 0.73 -
TRINITY_DN4188_c0_g1_i1:1203-1979  -            259 118209at33208        -            862    0.0015   15.5   0.1   1   1   2.5e-05    0.0017   15.3   0.1    66   134    40   108     9   149 0.83 -
TRINITY_DN4188_c0_g1_i2:1203-1979  -            259 118209at33208        -            862    0.0015   15.5   0.1   1   1   2.5e-05    0.0017   15.3   0.1    66   134    40   108     9   149 0.83 -
TRINITY_DN4188_c0_g1_i3:1203-1979  -            259 118209at33208        -            862    0.0015   15.5   0.1   1   1   2.5e-05    0.0017   15.3   0.1    66   134    40   108     9   149 0.83 -
TRINITY_DN17404_c0_g1_i9:921-1274  -            118 118209at33208        -            862    0.0037   14.2   0.1   1   2   0.00092     0.063   10.1   0.1    72   149     4    79     1    86 0.80 -
TRINITY_DN17404_c0_g1_i9:921-1274  -            118 118209at33208        -            862    0.0037   14.2   0.1   2   2      0.11       7.4    3.3   0.0   374   409    80   115    76   118 0.79 -
TRINITY_DN17404_c0_g1_i4:921-1274  -            118 118209at33208        -            862    0.0044   13.9   0.1   1   2    0.0012     0.084    9.7   0.1    72   134     4    67     1    85 0.79 -
TRINITY_DN17404_c0_g1_i4:921-1274  -            118 118209at33208        -            862    0.0044   13.9   0.1   2   2     0.098       6.7    3.4   0.0   374   409    80   115    74   118 0.80 -
TRINITY_DN17404_c0_g1_i7:903-1256  -            118 118209at33208        -            862    0.0044   13.9   0.1   1   2    0.0012     0.084    9.7   0.1    72   134     4    67     1    85 0.79 -
TRINITY_DN17404_c0_g1_i7:903-1256  -            118 118209at33208        -            862    0.0044   13.9   0.1   2   2     0.098       6.7    3.4   0.0   374   409    80   115    74   118 0.80 -
TRINITY_DN2046_c1_g1_i2:811-1206   -            132 118209at33208        -            862    0.0044   13.9   0.0   1   1   7.4e-05    0.0051   13.7   0.0    42   129     7    94     2   108 0.78 -
TRINITY_DN23894_c0_g1_i4:101-331   -             77 118209at33208        -            862    0.0054   13.6   0.2   1   1   8.1e-05    0.0056   13.6   0.2   386   441     4    59     1    75 0.64 -
TRINITY_DN2164_c0_g1_i1:1045-2049  -            335 118209at33208        -            862    0.0089   12.9   2.4   1   1   0.00022     0.015   12.2   2.2    72   229     4   153     1   266 0.84 -
TRINITY_DN18079_c0_g1_i1:804-1679  -            292 118209at33208        -            862     0.011   12.6   1.0   1   2       2.8   1.9e+02   -1.4   0.0    88   434    77    94    63   119 0.50 -
TRINITY_DN18079_c0_g1_i1:804-1679  -            292 118209at33208        -            862     0.011   12.6   1.0   2   2   0.00026     0.018   11.9   0.2     3   126   169   292   167   292 0.96 -
TRINITY_DN14145_c0_g1_i2:248-517   -             90 118209at33208        -            862     0.072    9.9   0.0   1   1     0.001     0.072    9.9   0.0   280   299    26    46     7    75 0.78 -
#
# Program:         hmmsearch
# Version:         3.1b2 (February 2015)
# Pipeline mode:   SEARCH
# Query file:      /busco_wd/busco_downloads/lineages/metazoa_odb10/hmms/118209at33208.hmm
# Target file:     /busco_wd/BUSCO/run_metazoa_odb10/metaeuk_output/initial_results/Trinity.fasta.modified.fas
# Option settings: hmmsearch --domtblout /busco_wd/BUSCO/run_metazoa_odb10/hmmer_output/initial_run_results/118209at33208.out --cpu 1 /busco_wd/busco_downloads/lineages/metazoa_odb10/hmms/118209at33208.hmm /busco_wd/BUSCO/run_metazoa_odb10/metaeuk_output/initial_results/Trinity.fasta.modified.fas 
# Current dir:     /busco_wd
# Date:            Tue Nov 23 09:00:16 2021
# [ok]
