#                                                                                          --- full sequence --- -------------- this domain -------------   hmm coord   ali coord   env coord
# target name                      accession   tlen query name           accession   qlen   E-value  score  bias   #  of  c-Evalue  i-Evalue  score  bias  from    to  from    to  from    to  acc description of target
#              ------------------- ---------- ----- -------------------- ---------- ----- --------- ------ ----- --- --- --------- --------- ------ ----- ----- ----- ----- ----- ----- ----- ---- ---------------------
TRINITY_DN6559_c0_g1_i18:41-2530   -            830 137383at33208        -            650  3.8e-237  787.7  19.6   1   3    0.0085       1.2    6.3   0.0     1    51    13    70    13    73 0.74 -
TRINITY_DN6559_c0_g1_i18:41-2530   -            830 137383at33208        -            650  3.8e-237  787.7  19.6   2   3  4.7e-231  6.4e-229  760.5  17.4    34   631    81   761    68   774 0.87 -
TRINITY_DN6559_c0_g1_i18:41-2530   -            830 137383at33208        -            650  3.8e-237  787.7  19.6   3   3   7.9e-06    0.0011   16.3   0.0   609   649   783   830   777   830 0.81 -
TRINITY_DN6559_c0_g1_i2:41-2530    -            830 137383at33208        -            650  3.8e-237  787.7  19.6   1   3    0.0085       1.2    6.3   0.0     1    51    13    70    13    73 0.74 -
TRINITY_DN6559_c0_g1_i2:41-2530    -            830 137383at33208        -            650  3.8e-237  787.7  19.6   2   3  4.7e-231  6.4e-229  760.5  17.4    34   631    81   761    68   774 0.87 -
TRINITY_DN6559_c0_g1_i2:41-2530    -            830 137383at33208        -            650  3.8e-237  787.7  19.6   3   3   7.9e-06    0.0011   16.3   0.0   609   649   783   830   777   830 0.81 -
TRINITY_DN6559_c0_g1_i23:41-3000   -            815 137383at33208        -            650  1.6e-236  785.6  21.1   1   2  1.7e-231  2.4e-229  761.9  18.2    22   631    54   746    13   759 0.85 -
TRINITY_DN6559_c0_g1_i23:41-3000   -            815 137383at33208        -            650  1.6e-236  785.6  21.1   2   2   7.7e-06    0.0011   16.4   0.0   609   649   768   815   762   815 0.81 -
TRINITY_DN6559_c0_g1_i1:41-2599    -            853 137383at33208        -            650  6.4e-229  760.5  28.2   1   4    0.0085       1.2    6.3   0.0     1    51    13    70    13    74 0.74 -
TRINITY_DN6559_c0_g1_i1:41-2599    -            853 137383at33208        -            650  6.4e-229  760.5  28.2   2   4   3.6e-31     5e-29  100.0   0.0    31   135    86   210    69   216 0.82 -
TRINITY_DN6559_c0_g1_i1:41-2599    -            853 137383at33208        -            650  6.4e-229  760.5  28.2   3   4  2.2e-192  3.1e-190  632.7  24.7   132   631   230   784   227   797 0.89 -
TRINITY_DN6559_c0_g1_i1:41-2599    -            853 137383at33208        -            650  6.4e-229  760.5  28.2   4   4   8.2e-06    0.0011   16.3   0.0   609   649   806   853   800   853 0.81 -
TRINITY_DN6559_c0_g1_i4:1-1866     -            622 137383at33208        -            650  1.3e-195  650.5  26.8   1   2  1.2e-191  1.7e-189  630.3  24.5   134   631     1   553     1   566 0.89 -
TRINITY_DN6559_c0_g1_i4:1-1866     -            622 137383at33208        -            650  1.3e-195  650.5  26.8   2   2   5.4e-06   0.00074   16.9   0.0   609   649   575   622   568   622 0.82 -
TRINITY_DN9090_c0_g1_i1:386-3328   -            981 137383at33208        -            650   2.9e-20   71.1   7.6   1   3    0.0027      0.37    7.9   0.0   205   276    88   160    61   165 0.83 -
TRINITY_DN9090_c0_g1_i1:386-3328   -            981 137383at33208        -            650   2.9e-20   71.1   7.6   2   3   7.9e-08   1.1e-05   22.9   0.2   447   569   165   293   156   319 0.84 -
TRINITY_DN9090_c0_g1_i1:386-3328   -            981 137383at33208        -            650   2.9e-20   71.1   7.6   3   3   3.3e-14   4.6e-12   44.0   2.4   404   583   283   473   282   526 0.76 -
TRINITY_DN9090_c0_g1_i2:386-3450   -            981 137383at33208        -            650   2.9e-20   71.1   7.6   1   3    0.0027      0.37    7.9   0.0   205   276    88   160    61   165 0.83 -
TRINITY_DN9090_c0_g1_i2:386-3450   -            981 137383at33208        -            650   2.9e-20   71.1   7.6   2   3   7.9e-08   1.1e-05   22.9   0.2   447   569   165   293   156   319 0.84 -
TRINITY_DN9090_c0_g1_i2:386-3450   -            981 137383at33208        -            650   2.9e-20   71.1   7.6   3   3   3.3e-14   4.6e-12   44.0   2.4   404   583   283   473   282   526 0.76 -
TRINITY_DN7211_c0_g1_i1:274-1512   -            413 137383at33208        -            650   9.2e-16   56.2   1.8   1   3   2.1e-12   2.8e-10   38.1   0.0   443   580    54   193    28   203 0.86 -
TRINITY_DN7211_c0_g1_i1:274-1512   -            413 137383at33208        -            650   9.2e-16   56.2   1.8   2   3   1.8e-07   2.4e-05   21.8   0.0   452   561   164   276   163   282 0.91 -
TRINITY_DN7211_c0_g1_i1:274-1512   -            413 137383at33208        -            650   9.2e-16   56.2   1.8   3   3    0.0015      0.21    8.8   0.3   412   489   285   372   274   391 0.52 -
TRINITY_DN7211_c0_g1_i3:274-1512   -            413 137383at33208        -            650   9.2e-16   56.2   1.8   1   3   2.1e-12   2.8e-10   38.1   0.0   443   580    54   193    28   203 0.86 -
TRINITY_DN7211_c0_g1_i3:274-1512   -            413 137383at33208        -            650   9.2e-16   56.2   1.8   2   3   1.8e-07   2.4e-05   21.8   0.0   452   561   164   276   163   282 0.91 -
TRINITY_DN7211_c0_g1_i3:274-1512   -            413 137383at33208        -            650   9.2e-16   56.2   1.8   3   3    0.0015      0.21    8.8   0.3   412   489   285   372   274   391 0.52 -
TRINITY_DN7211_c0_g1_i4:272-1510   -            413 137383at33208        -            650   9.2e-16   56.2   1.8   1   3   2.1e-12   2.8e-10   38.1   0.0   443   580    54   193    28   203 0.86 -
TRINITY_DN7211_c0_g1_i4:272-1510   -            413 137383at33208        -            650   9.2e-16   56.2   1.8   2   3   1.8e-07   2.4e-05   21.8   0.0   452   561   164   276   163   282 0.91 -
TRINITY_DN7211_c0_g1_i4:272-1510   -            413 137383at33208        -            650   9.2e-16   56.2   1.8   3   3    0.0015      0.21    8.8   0.3   412   489   285   372   274   391 0.52 -
TRINITY_DN19979_c0_g1_i2:201-2288  -            696 137383at33208        -            650     6e-09   33.7   0.8   1   2   9.8e-07   0.00013   19.3   0.9   452   609   421   583   397   603 0.64 -
TRINITY_DN19979_c0_g1_i2:201-2288  -            696 137383at33208        -            650     6e-09   33.7   0.8   2   2   0.00064     0.088   10.0   0.0   450   503   629   683   620   694 0.84 -
TRINITY_DN23587_c0_g1_i1:225-1721  -            499 137383at33208        -            650   1.3e-08   32.6   3.5   1   2   1.4e-09   1.9e-07   28.8   1.6   414   561   219   370   185   379 0.82 -
TRINITY_DN23587_c0_g1_i1:225-1721  -            499 137383at33208        -            650   1.3e-08   32.6   3.5   2   2     0.095        13    2.8   0.0   393   454   396   459   373   472 0.65 -
TRINITY_DN23587_c0_g1_i3:225-926   -            234 137383at33208        -            650   8.2e-08   29.9   2.5   1   2   2.9e-08   3.9e-06   24.4   0.7   466   561     7   105     1   110 0.88 -
TRINITY_DN23587_c0_g1_i3:225-926   -            234 137383at33208        -            650   8.2e-08   29.9   2.5   2   2     0.022         3    5.0   0.0   393   455   131   195   108   213 0.64 -
TRINITY_DN22587_c0_g1_i1:351-1154  -            268 137383at33208        -            650   8.5e-08   29.9   2.0   1   1     1e-09   1.4e-07   29.1   1.4   376   591     6   227     1   239 0.78 -
TRINITY_DN22587_c0_g1_i6:303-2735  -            811 137383at33208        -            650   1.3e-07   29.3   7.1   1   3     0.077        11    3.2   0.3   398   436   499   539   475   579 0.59 -
TRINITY_DN22587_c0_g1_i6:303-2735  -            811 137383at33208        -            650   1.3e-07   29.3   7.1   2   3   5.2e-09   7.1e-07   26.9   0.7   362   576   518   737   513   744 0.80 -
TRINITY_DN22587_c0_g1_i6:303-2735  -            811 137383at33208        -            650   1.3e-07   29.3   7.1   3   3   2.5e-05    0.0034   14.7   0.9   420   538   680   801   671   807 0.80 -
TRINITY_DN7100_c0_g1_i1:436-2031   -            532 137383at33208        -            650   5.1e-07   27.3   6.6   1   3     1e-06   0.00014   19.2   3.1   479   570   318   412   214   418 0.74 -
TRINITY_DN7100_c0_g1_i1:436-2031   -            532 137383at33208        -            650   5.1e-07   27.3   6.6   2   3   0.00027     0.037   11.3   0.3   517   565   393   441   383   491 0.74 -
TRINITY_DN7100_c0_g1_i1:436-2031   -            532 137383at33208        -            650   5.1e-07   27.3   6.6   3   3    0.0095       1.3    6.1   0.1   446   493   421   469   414   517 0.86 -
TRINITY_DN7100_c0_g1_i2:435-2030   -            532 137383at33208        -            650   5.1e-07   27.3   6.6   1   3     1e-06   0.00014   19.2   3.1   479   570   318   412   214   418 0.74 -
TRINITY_DN7100_c0_g1_i2:435-2030   -            532 137383at33208        -            650   5.1e-07   27.3   6.6   2   3   0.00027     0.037   11.3   0.3   517   565   393   441   383   491 0.74 -
TRINITY_DN7100_c0_g1_i2:435-2030   -            532 137383at33208        -            650   5.1e-07   27.3   6.6   3   3    0.0095       1.3    6.1   0.1   446   493   421   469   414   517 0.86 -
TRINITY_DN7100_c0_g1_i4:435-2030   -            532 137383at33208        -            650   5.1e-07   27.3   6.6   1   3     1e-06   0.00014   19.2   3.1   479   570   318   412   214   418 0.74 -
TRINITY_DN7100_c0_g1_i4:435-2030   -            532 137383at33208        -            650   5.1e-07   27.3   6.6   2   3   0.00027     0.037   11.3   0.3   517   565   393   441   383   491 0.74 -
TRINITY_DN7100_c0_g1_i4:435-2030   -            532 137383at33208        -            650   5.1e-07   27.3   6.6   3   3    0.0095       1.3    6.1   0.1   446   493   421   469   414   517 0.86 -
TRINITY_DN7100_c0_g1_i5:435-2030   -            532 137383at33208        -            650   5.1e-07   27.3   6.6   1   3     1e-06   0.00014   19.2   3.1   479   570   318   412   214   418 0.74 -
TRINITY_DN7100_c0_g1_i5:435-2030   -            532 137383at33208        -            650   5.1e-07   27.3   6.6   2   3   0.00027     0.037   11.3   0.3   517   565   393   441   383   491 0.74 -
TRINITY_DN7100_c0_g1_i5:435-2030   -            532 137383at33208        -            650   5.1e-07   27.3   6.6   3   3    0.0095       1.3    6.1   0.1   446   493   421   469   414   517 0.86 -
TRINITY_DN6409_c0_g1_i7:1555-2916  -            454 137383at33208        -            650   5.4e-07   27.2   0.6   1   3    0.0079       1.1    6.4   0.0   513   562    23    72     3    77 0.90 -
TRINITY_DN6409_c0_g1_i7:1555-2916  -            454 137383at33208        -            650   5.4e-07   27.2   0.6   2   3   0.00067     0.092   10.0   0.0   483   570    95   185    79   196 0.81 -
TRINITY_DN6409_c0_g1_i7:1555-2916  -            454 137383at33208        -            650   5.4e-07   27.2   0.6   3   3    0.0035      0.48    7.6   0.0   473   534   360   424   275   452 0.50 -
TRINITY_DN6409_c0_g1_i6:1555-2916  -            454 137383at33208        -            650   5.5e-07   27.2   0.4   1   3    0.0094       1.3    6.2   0.0   513   562    23    72     3    77 0.90 -
TRINITY_DN6409_c0_g1_i6:1555-2916  -            454 137383at33208        -            650   5.5e-07   27.2   0.4   2   3   0.00067     0.092   10.0   0.0   483   570    95   185    79   196 0.81 -
TRINITY_DN6409_c0_g1_i6:1555-2916  -            454 137383at33208        -            650   5.5e-07   27.2   0.4   3   3    0.0035      0.48    7.6   0.0   473   534   360   424   275   452 0.50 -
TRINITY_DN5444_c0_g1_i17:1359-3338 -            660 137383at33208        -            650   9.5e-07   26.4   2.6   1   2   5.5e-06   0.00075   16.8   0.2   480   569   457   547   429   553 0.87 -
TRINITY_DN5444_c0_g1_i17:1359-3338 -            660 137383at33208        -            650   9.5e-07   26.4   2.6   2   2   0.00079      0.11    9.7   0.2   444   536   555   650   548   657 0.85 -
TRINITY_DN6409_c0_g1_i2:1555-2940  -            462 137383at33208        -            650   1.5e-06   25.8   1.0   1   3     0.008       1.1    6.4   0.0   513   562    23    72     3    77 0.90 -
TRINITY_DN6409_c0_g1_i2:1555-2940  -            462 137383at33208        -            650   1.5e-06   25.8   1.0   2   3   0.00069     0.095    9.9   0.0   483   570    95   185    79   196 0.81 -
TRINITY_DN6409_c0_g1_i2:1555-2940  -            462 137383at33208        -            650   1.5e-06   25.8   1.0   3   3    0.0078       1.1    6.4   0.1   457   561   385   424   285   460 0.75 -
TRINITY_DN6409_c0_g1_i3:1555-2940  -            462 137383at33208        -            650   1.5e-06   25.8   1.0   1   3     0.008       1.1    6.4   0.0   513   562    23    72     3    77 0.90 -
TRINITY_DN6409_c0_g1_i3:1555-2940  -            462 137383at33208        -            650   1.5e-06   25.8   1.0   2   3   0.00069     0.095    9.9   0.0   483   570    95   185    79   196 0.81 -
TRINITY_DN6409_c0_g1_i3:1555-2940  -            462 137383at33208        -            650   1.5e-06   25.8   1.0   3   3    0.0078       1.1    6.4   0.1   457   561   385   424   285   460 0.75 -
TRINITY_DN11637_c0_g1_i2:370-1161  -            264 137383at33208        -            650   4.6e-06   24.2   1.3   1   3     0.071       9.7    3.3   0.0   516   561    85   130     5   132 0.77 -
TRINITY_DN11637_c0_g1_i2:370-1161  -            264 137383at33208        -            650   4.6e-06   24.2   1.3   2   3   0.00026     0.035   11.3   0.2   400   465   127   194    91   205 0.77 -
TRINITY_DN11637_c0_g1_i2:370-1161  -            264 137383at33208        -            650   4.6e-06   24.2   1.3   3   3    0.0012      0.16    9.2   0.0   426   487   196   257   192   263 0.85 -
TRINITY_DN11637_c0_g1_i3:370-1161  -            264 137383at33208        -            650   4.6e-06   24.2   1.3   1   3     0.071       9.7    3.3   0.0   516   561    85   130     5   132 0.77 -
TRINITY_DN11637_c0_g1_i3:370-1161  -            264 137383at33208        -            650   4.6e-06   24.2   1.3   2   3   0.00026     0.035   11.3   0.2   400   465   127   194    91   205 0.77 -
TRINITY_DN11637_c0_g1_i3:370-1161  -            264 137383at33208        -            650   4.6e-06   24.2   1.3   3   3    0.0012      0.16    9.2   0.0   426   487   196   257   192   263 0.85 -
TRINITY_DN4188_c0_g1_i1:1203-1979  -            259 137383at33208        -            650   5.9e-06   23.8   0.2   1   1   6.2e-08   8.4e-06   23.3   0.2   171   266     6   103     2   107 0.91 -
TRINITY_DN4188_c0_g1_i2:1203-1979  -            259 137383at33208        -            650   5.9e-06   23.8   0.2   1   1   6.2e-08   8.4e-06   23.3   0.2   171   266     6   103     2   107 0.91 -
TRINITY_DN4188_c0_g1_i3:1203-1979  -            259 137383at33208        -            650   5.9e-06   23.8   0.2   1   1   6.2e-08   8.4e-06   23.3   0.2   171   266     6   103     2   107 0.91 -
TRINITY_DN8548_c0_g1_i2:1082-4159  -           1026 137383at33208        -            650   6.9e-06   23.6   0.9   1   2   8.4e-05     0.012   12.9   0.3   445   570   229   358   214   383 0.74 -
TRINITY_DN8548_c0_g1_i2:1082-4159  -           1026 137383at33208        -            650   6.9e-06   23.6   0.9   2   2    0.0027      0.37    7.9   0.0   512   562   623   675   582   701 0.68 -
TRINITY_DN8548_c0_g1_i3:480-3557   -           1026 137383at33208        -            650   6.9e-06   23.6   0.9   1   2   8.4e-05     0.012   12.9   0.3   445   570   229   358   214   383 0.74 -
TRINITY_DN8548_c0_g1_i3:480-3557   -           1026 137383at33208        -            650   6.9e-06   23.6   0.9   2   2    0.0027      0.37    7.9   0.0   512   562   623   675   582   701 0.68 -
TRINITY_DN8548_c0_g1_i4:1199-4276  -           1026 137383at33208        -            650   6.9e-06   23.6   0.9   1   2   8.4e-05     0.012   12.9   0.3   445   570   229   358   214   383 0.74 -
TRINITY_DN8548_c0_g1_i4:1199-4276  -           1026 137383at33208        -            650   6.9e-06   23.6   0.9   2   2    0.0027      0.37    7.9   0.0   512   562   623   675   582   701 0.68 -
TRINITY_DN8548_c0_g1_i5:403-3480   -           1026 137383at33208        -            650   6.9e-06   23.6   0.9   1   2   8.4e-05     0.012   12.9   0.3   445   570   229   358   214   383 0.74 -
TRINITY_DN8548_c0_g1_i5:403-3480   -           1026 137383at33208        -            650   6.9e-06   23.6   0.9   2   2    0.0027      0.37    7.9   0.0   512   562   623   675   582   701 0.68 -
TRINITY_DN8548_c0_g1_i6:1192-4269  -           1026 137383at33208        -            650   6.9e-06   23.6   0.9   1   2   8.4e-05     0.012   12.9   0.3   445   570   229   358   214   383 0.74 -
TRINITY_DN8548_c0_g1_i6:1192-4269  -           1026 137383at33208        -            650   6.9e-06   23.6   0.9   2   2    0.0027      0.37    7.9   0.0   512   562   623   675   582   701 0.68 -
TRINITY_DN12947_c0_g1_i8:208-1401  -            398 137383at33208        -            650   7.9e-06   23.4   3.1   1   3   6.7e-05    0.0093   13.3   0.3   520   607     3    93     1   106 0.86 -
TRINITY_DN12947_c0_g1_i8:208-1401  -            398 137383at33208        -            650   7.9e-06   23.4   3.1   2   3      0.13        17    2.5   0.0   520   558    78   116    73   120 0.86 -
TRINITY_DN12947_c0_g1_i8:208-1401  -            398 137383at33208        -            650   7.9e-06   23.4   3.1   3   3   0.00084      0.11    9.6   0.1   397   587   147   341   140   357 0.58 -
TRINITY_DN9492_c0_g1_i10:5040-5900 -            287 137383at33208        -            650   1.3e-05   22.7   4.6   1   4      0.13        18    2.4   0.6   399   427    15    43     9    74 0.54 -
TRINITY_DN9492_c0_g1_i10:5040-5900 -            287 137383at33208        -            650   1.3e-05   22.7   4.6   2   4     3e-05    0.0041   14.4   0.3   176   267    38   127    32   134 0.81 -
TRINITY_DN9492_c0_g1_i10:5040-5900 -            287 137383at33208        -            650   1.3e-05   22.7   4.6   3   4     0.022         3    5.0   0.0   397   435   153   193   147   205 0.78 -
TRINITY_DN9492_c0_g1_i10:5040-5900 -            287 137383at33208        -            650   1.3e-05   22.7   4.6   4   4      0.19        26    1.9   0.3   375   422   230   279   205   286 0.66 -
TRINITY_DN9492_c0_g1_i2:5034-5894  -            287 137383at33208        -            650   1.3e-05   22.7   4.6   1   4      0.13        18    2.4   0.6   399   427    15    43     9    74 0.54 -
TRINITY_DN9492_c0_g1_i2:5034-5894  -            287 137383at33208        -            650   1.3e-05   22.7   4.6   2   4     3e-05    0.0041   14.4   0.3   176   267    38   127    32   134 0.81 -
TRINITY_DN9492_c0_g1_i2:5034-5894  -            287 137383at33208        -            650   1.3e-05   22.7   4.6   3   4     0.022         3    5.0   0.0   397   435   153   193   147   205 0.78 -
TRINITY_DN9492_c0_g1_i2:5034-5894  -            287 137383at33208        -            650   1.3e-05   22.7   4.6   4   4      0.19        26    1.9   0.3   375   422   230   279   205   286 0.66 -
TRINITY_DN9492_c0_g1_i3:5040-5900  -            287 137383at33208        -            650   1.3e-05   22.7   4.6   1   4      0.13        18    2.4   0.6   399   427    15    43     9    74 0.54 -
TRINITY_DN9492_c0_g1_i3:5040-5900  -            287 137383at33208        -            650   1.3e-05   22.7   4.6   2   4     3e-05    0.0041   14.4   0.3   176   267    38   127    32   134 0.81 -
TRINITY_DN9492_c0_g1_i3:5040-5900  -            287 137383at33208        -            650   1.3e-05   22.7   4.6   3   4     0.022         3    5.0   0.0   397   435   153   193   147   205 0.78 -
TRINITY_DN9492_c0_g1_i3:5040-5900  -            287 137383at33208        -            650   1.3e-05   22.7   4.6   4   4      0.19        26    1.9   0.3   375   422   230   279   205   286 0.66 -
TRINITY_DN53587_c0_g1_i1:9-551     -            181 137383at33208        -            650   0.00012   19.5   0.0   1   2   0.00042     0.058   10.6   0.0   203   241    47    85    37    89 0.91 -
TRINITY_DN53587_c0_g1_i1:9-551     -            181 137383at33208        -            650   0.00012   19.5   0.0   2   2    0.0065      0.89    6.7   0.0   446   508    92   159    83   178 0.51 -
TRINITY_DN23894_c0_g1_i3:716-1099  -            128 137383at33208        -            650   0.00016   19.1   0.2   1   1   1.4e-06   0.00019   18.8   0.2   481   570     8    98     2   124 0.52 -
TRINITY_DN23894_c0_g1_i2:641-1096  -            152 137383at33208        -            650   0.00023   18.6   0.2   1   1   2.1e-06   0.00028   18.3   0.2   481   570    33   123    17   148 0.56 -
TRINITY_DN6860_c0_g1_i12:1083-1565 -            161 137383at33208        -            650   0.00024   18.5   1.8   1   2    0.0062      0.85    6.8   0.1   517   571     8    62     3    71 0.84 -
TRINITY_DN6860_c0_g1_i12:1083-1565 -            161 137383at33208        -            650   0.00024   18.5   1.8   2   2   2.6e-05    0.0036   14.6   0.4   454   564    44   157    42   161 0.83 -
TRINITY_DN6860_c0_g1_i17:1083-1565 -            161 137383at33208        -            650   0.00024   18.5   1.8   1   2    0.0062      0.85    6.8   0.1   517   571     8    62     3    71 0.84 -
TRINITY_DN6860_c0_g1_i17:1083-1565 -            161 137383at33208        -            650   0.00024   18.5   1.8   2   2   2.6e-05    0.0036   14.6   0.4   454   564    44   157    42   161 0.83 -
TRINITY_DN6860_c0_g1_i1:1249-1731  -            161 137383at33208        -            650   0.00024   18.5   1.8   1   2    0.0062      0.85    6.8   0.1   517   571     8    62     3    71 0.84 -
TRINITY_DN6860_c0_g1_i1:1249-1731  -            161 137383at33208        -            650   0.00024   18.5   1.8   2   2   2.6e-05    0.0036   14.6   0.4   454   564    44   157    42   161 0.83 -
TRINITY_DN6860_c0_g1_i5:1048-1530  -            161 137383at33208        -            650   0.00024   18.5   1.8   1   2    0.0062      0.85    6.8   0.1   517   571     8    62     3    71 0.84 -
TRINITY_DN6860_c0_g1_i5:1048-1530  -            161 137383at33208        -            650   0.00024   18.5   1.8   2   2   2.6e-05    0.0036   14.6   0.4   454   564    44   157    42   161 0.83 -
TRINITY_DN6860_c0_g1_i8:1083-1565  -            161 137383at33208        -            650   0.00024   18.5   1.8   1   2    0.0062      0.85    6.8   0.1   517   571     8    62     3    71 0.84 -
TRINITY_DN6860_c0_g1_i8:1083-1565  -            161 137383at33208        -            650   0.00024   18.5   1.8   2   2   2.6e-05    0.0036   14.6   0.4   454   564    44   157    42   161 0.83 -
TRINITY_DN6860_c0_g1_i9:1083-1565  -            161 137383at33208        -            650   0.00024   18.5   1.8   1   2    0.0062      0.85    6.8   0.1   517   571     8    62     3    71 0.84 -
TRINITY_DN6860_c0_g1_i9:1083-1565  -            161 137383at33208        -            650   0.00024   18.5   1.8   2   2   2.6e-05    0.0036   14.6   0.4   454   564    44   157    42   161 0.83 -
TRINITY_DN1969_c0_g1_i10:1469-1768 -            100 137383at33208        -            650   0.00027   18.3   0.5   1   1   2.4e-06   0.00033   18.0   0.5   481   564     8    97     4    99 0.80 -
TRINITY_DN1969_c0_g1_i11:1501-1800 -            100 137383at33208        -            650   0.00027   18.3   0.5   1   1   2.4e-06   0.00033   18.0   0.5   481   564     8    97     4    99 0.80 -
TRINITY_DN1969_c0_g1_i12:1468-1767 -            100 137383at33208        -            650   0.00027   18.3   0.5   1   1   2.4e-06   0.00033   18.0   0.5   481   564     8    97     4    99 0.80 -
TRINITY_DN1969_c0_g1_i4:1469-1768  -            100 137383at33208        -            650   0.00027   18.3   0.5   1   1   2.4e-06   0.00033   18.0   0.5   481   564     8    97     4    99 0.80 -
TRINITY_DN1969_c0_g1_i7:1500-1799  -            100 137383at33208        -            650   0.00027   18.3   0.5   1   1   2.4e-06   0.00033   18.0   0.5   481   564     8    97     4    99 0.80 -
TRINITY_DN1138_c1_g2_i2:1947-3290  -            448 137383at33208        -            650   0.00044   17.6   0.2   1   2    0.0008      0.11    9.7   0.0   203   242   260   299   251   327 0.80 -
TRINITY_DN1138_c1_g2_i2:1947-3290  -            448 137383at33208        -            650   0.00044   17.6   0.2   2   2      0.03       4.1    4.5   0.1   518   589   350   421   337   436 0.83 -
TRINITY_DN1138_c1_g2_i5:1947-3290  -            448 137383at33208        -            650   0.00053   17.3   0.2   1   3   0.00089      0.12    9.5   0.0   203   242   260   299   256   328 0.79 -
TRINITY_DN1138_c1_g2_i5:1947-3290  -            448 137383at33208        -            650   0.00053   17.3   0.2   2   3     0.018       2.5    5.2   0.0   445   509   304   373   296   403 0.59 -
TRINITY_DN1138_c1_g2_i5:1947-3290  -            448 137383at33208        -            650   0.00053   17.3   0.2   3   3     0.035       4.8    4.3   0.1   518   589   350   421   344   435 0.83 -
TRINITY_DN1138_c1_g2_i7:1947-3290  -            448 137383at33208        -            650   0.00053   17.3   0.2   1   3   0.00089      0.12    9.5   0.0   203   242   260   299   256   328 0.79 -
TRINITY_DN1138_c1_g2_i7:1947-3290  -            448 137383at33208        -            650   0.00053   17.3   0.2   2   3     0.018       2.5    5.2   0.0   445   509   304   373   296   403 0.59 -
TRINITY_DN1138_c1_g2_i7:1947-3290  -            448 137383at33208        -            650   0.00053   17.3   0.2   3   3     0.035       4.8    4.3   0.1   518   589   350   421   344   435 0.83 -
TRINITY_DN142352_c0_g1_i1:2-277    -             92 137383at33208        -            650    0.0097   13.2   0.1   1   1   7.9e-05     0.011   13.0   0.1   178   266     6    90     1    92 0.63 -
TRINITY_DN2762_c0_g1_i2:2-707      -            211 137383at33208        -            650     0.016   12.4   0.9   1   1   0.00015     0.021   12.1   0.9   517   643    14   138     9   143 0.77 -
TRINITY_DN17959_c0_g1_i2:320-1924  -            535 137383at33208        -            650     0.021   12.1   0.0   1   1   0.00023     0.032   11.5   0.0   481   563    81   165    57   179 0.58 -
TRINITY_DN17959_c0_g1_i9:320-1924  -            535 137383at33208        -            650     0.021   12.1   0.0   1   1   0.00023     0.032   11.5   0.0   481   563    81   165    57   179 0.58 -
TRINITY_DN9492_c0_g1_i10:3378-4199 -            274 137383at33208        -            650     0.028   11.7   0.0   1   1   0.00033     0.045   11.0   0.0   400   517    16   143     3   186 0.74 -
TRINITY_DN9492_c0_g1_i2:3372-4193  -            274 137383at33208        -            650     0.028   11.7   0.0   1   1   0.00033     0.045   11.0   0.0   400   517    16   143     3   186 0.74 -
TRINITY_DN9492_c0_g1_i3:3378-4199  -            274 137383at33208        -            650     0.028   11.7   0.0   1   1   0.00033     0.045   11.0   0.0   400   517    16   143     3   186 0.74 -
TRINITY_DN19975_c0_g1_i3:317-1258  -            314 137383at33208        -            650     0.036   11.3   1.0   1   3      0.66        90    0.1   0.1   538   559    76    97     2   145 0.49 -
TRINITY_DN19975_c0_g1_i3:317-1258  -            314 137383at33208        -            650     0.036   11.3   1.0   2   3    0.0034      0.47    7.6   0.0   516   569   171   224   152   238 0.87 -
TRINITY_DN19975_c0_g1_i3:317-1258  -            314 137383at33208        -            650     0.036   11.3   1.0   3   3      0.66        90    0.1   0.0   399   427   246   274   223   288 0.73 -
TRINITY_DN19975_c0_g1_i6:317-1258  -            314 137383at33208        -            650     0.036   11.3   1.0   1   3      0.66        90    0.1   0.1   538   559    76    97     2   145 0.49 -
TRINITY_DN19975_c0_g1_i6:317-1258  -            314 137383at33208        -            650     0.036   11.3   1.0   2   3    0.0034      0.47    7.6   0.0   516   569   171   224   152   238 0.87 -
TRINITY_DN19975_c0_g1_i6:317-1258  -            314 137383at33208        -            650     0.036   11.3   1.0   3   3      0.66        90    0.1   0.0   399   427   246   274   223   288 0.73 -
TRINITY_DN19975_c0_g1_i7:317-1258  -            314 137383at33208        -            650     0.036   11.3   1.0   1   3      0.66        90    0.1   0.1   538   559    76    97     2   145 0.49 -
TRINITY_DN19975_c0_g1_i7:317-1258  -            314 137383at33208        -            650     0.036   11.3   1.0   2   3    0.0034      0.47    7.6   0.0   516   569   171   224   152   238 0.87 -
TRINITY_DN19975_c0_g1_i7:317-1258  -            314 137383at33208        -            650     0.036   11.3   1.0   3   3      0.66        90    0.1   0.0   399   427   246   274   223   288 0.73 -
TRINITY_DN17959_c0_g1_i6:320-1936  -            539 137383at33208        -            650     0.049   10.9   0.0   1   1   0.00053     0.073   10.3   0.0   481   567    85   173    68   182 0.84 -
TRINITY_DN1138_c1_g2_i8:1614-2891  -            426 137383at33208        -            650      0.13    9.5   0.0   1   1    0.0014      0.19    8.9   0.0   203   241   371   409   362   418 0.90 -
#
# Program:         hmmsearch
# Version:         3.1b2 (February 2015)
# Pipeline mode:   SEARCH
# Query file:      /busco_wd/busco_downloads/lineages/metazoa_odb10/hmms/137383at33208.hmm
# Target file:     /busco_wd/BUSCO/run_metazoa_odb10/metaeuk_output/initial_results/Trinity.fasta.modified.fas
# Option settings: hmmsearch --domtblout /busco_wd/BUSCO/run_metazoa_odb10/hmmer_output/initial_run_results/137383at33208.out --cpu 1 /busco_wd/busco_downloads/lineages/metazoa_odb10/hmms/137383at33208.hmm /busco_wd/BUSCO/run_metazoa_odb10/metaeuk_output/initial_results/Trinity.fasta.modified.fas 
# Current dir:     /busco_wd
# Date:            Tue Nov 23 09:00:26 2021
# [ok]
