#                                                                                          --- full sequence --- -------------- this domain -------------   hmm coord   ali coord   env coord
# target name                      accession   tlen query name           accession   qlen   E-value  score  bias   #  of  c-Evalue  i-Evalue  score  bias  from    to  from    to  from    to  acc description of target
#              ------------------- ---------- ----- -------------------- ---------- ----- --------- ------ ----- --- --- --------- --------- ------ ----- ----- ----- ----- ----- ----- ----- ---- ---------------------
TRINITY_DN2056_c0_g1_i10:317-6508  -           2064 13816at33208         -           1537         0 1515.0  52.3   1  10   2.3e-49   9.7e-47  158.2   1.7   220   429    69   354    62   379 0.73 -
TRINITY_DN2056_c0_g1_i10:317-6508  -           2064 13816at33208         -           1537         0 1515.0  52.3   2  10   1.9e-11     8e-09   32.5   0.0   440   491   436   488   382   492 0.82 -
TRINITY_DN2056_c0_g1_i10:317-6508  -           2064 13816at33208         -           1537         0 1515.0  52.3   3  10     1e-86   4.4e-84  282.0  17.6   491   662   514   707   504   723 0.87 -
TRINITY_DN2056_c0_g1_i10:317-6508  -           2064 13816at33208         -           1537         0 1515.0  52.3   4  10   2.6e-33   1.1e-30  105.0   0.1   637   806   707   900   705   940 0.70 -
TRINITY_DN2056_c0_g1_i10:317-6508  -           2064 13816at33208         -           1537         0 1515.0  52.3   5  10   1.1e-18   4.6e-16   56.5   2.2   821   928  1044  1195   988  1212 0.60 -
TRINITY_DN2056_c0_g1_i10:317-6508  -           2064 13816at33208         -           1537         0 1515.0  52.3   6  10   5.8e-23   2.4e-20   70.7   0.1   922   982  1236  1296  1210  1302 0.88 -
TRINITY_DN2056_c0_g1_i10:317-6508  -           2064 13816at33208         -           1537         0 1515.0  52.3   7  10   3.6e-21   1.5e-18   64.7   0.1   981  1056  1358  1433  1353  1444 0.91 -
TRINITY_DN2056_c0_g1_i10:317-6508  -           2064 13816at33208         -           1537         0 1515.0  52.3   8  10   3.9e-57   1.6e-54  183.9   0.0  1034  1166  1444  1585  1434  1610 0.91 -
TRINITY_DN2056_c0_g1_i10:317-6508  -           2064 13816at33208         -           1537         0 1515.0  52.3   9  10   2.3e-15   9.8e-13   45.5   0.0  1180  1244  1668  1733  1649  1738 0.92 -
TRINITY_DN2056_c0_g1_i10:317-6508  -           2064 13816at33208         -           1537         0 1515.0  52.3  10  10  1.8e-160  7.4e-158  526.5   0.0  1241  1537  1761  2064  1749  2064 0.96 -
TRINITY_DN2056_c0_g1_i2:317-6508   -           2064 13816at33208         -           1537         0 1515.0  52.3   1  10   2.3e-49   9.7e-47  158.2   1.7   220   429    69   354    62   379 0.73 -
TRINITY_DN2056_c0_g1_i2:317-6508   -           2064 13816at33208         -           1537         0 1515.0  52.3   2  10   1.9e-11     8e-09   32.5   0.0   440   491   436   488   382   492 0.82 -
TRINITY_DN2056_c0_g1_i2:317-6508   -           2064 13816at33208         -           1537         0 1515.0  52.3   3  10     1e-86   4.4e-84  282.0  17.6   491   662   514   707   504   723 0.87 -
TRINITY_DN2056_c0_g1_i2:317-6508   -           2064 13816at33208         -           1537         0 1515.0  52.3   4  10   2.6e-33   1.1e-30  105.0   0.1   637   806   707   900   705   940 0.70 -
TRINITY_DN2056_c0_g1_i2:317-6508   -           2064 13816at33208         -           1537         0 1515.0  52.3   5  10   1.1e-18   4.6e-16   56.5   2.2   821   928  1044  1195   988  1212 0.60 -
TRINITY_DN2056_c0_g1_i2:317-6508   -           2064 13816at33208         -           1537         0 1515.0  52.3   6  10   5.8e-23   2.4e-20   70.7   0.1   922   982  1236  1296  1210  1302 0.88 -
TRINITY_DN2056_c0_g1_i2:317-6508   -           2064 13816at33208         -           1537         0 1515.0  52.3   7  10   3.6e-21   1.5e-18   64.7   0.1   981  1056  1358  1433  1353  1444 0.91 -
TRINITY_DN2056_c0_g1_i2:317-6508   -           2064 13816at33208         -           1537         0 1515.0  52.3   8  10   3.9e-57   1.6e-54  183.9   0.0  1034  1166  1444  1585  1434  1610 0.91 -
TRINITY_DN2056_c0_g1_i2:317-6508   -           2064 13816at33208         -           1537         0 1515.0  52.3   9  10   2.3e-15   9.8e-13   45.5   0.0  1180  1244  1668  1733  1649  1738 0.92 -
TRINITY_DN2056_c0_g1_i2:317-6508   -           2064 13816at33208         -           1537         0 1515.0  52.3  10  10  1.8e-160  7.4e-158  526.5   0.0  1241  1537  1761  2064  1749  2064 0.96 -
TRINITY_DN2056_c0_g1_i8:317-6370   -           2018 13816at33208         -           1537         0 1514.1  53.2   1   9   3.9e-58   1.6e-55  187.3   4.0   220   491    69   442    60   445 0.69 -
TRINITY_DN2056_c0_g1_i8:317-6370   -           2018 13816at33208         -           1537         0 1514.1  53.2   2   9     1e-86   4.3e-84  282.0  17.6   491   662   468   661   458   677 0.87 -
TRINITY_DN2056_c0_g1_i8:317-6370   -           2018 13816at33208         -           1537         0 1514.1  53.2   3   9   2.5e-33   1.1e-30  105.0   0.1   637   806   661   854   659   894 0.70 -
TRINITY_DN2056_c0_g1_i8:317-6370   -           2018 13816at33208         -           1537         0 1514.1  53.2   4   9   1.3e-18   5.3e-16   56.3   2.4   821   928   998  1149   942  1166 0.60 -
TRINITY_DN2056_c0_g1_i8:317-6370   -           2018 13816at33208         -           1537         0 1514.1  53.2   5   9   5.8e-23   2.4e-20   70.7   0.1   922   982  1190  1250  1169  1256 0.88 -
TRINITY_DN2056_c0_g1_i8:317-6370   -           2018 13816at33208         -           1537         0 1514.1  53.2   6   9   3.6e-21   1.5e-18   64.8   0.1   981  1056  1312  1387  1307  1398 0.91 -
TRINITY_DN2056_c0_g1_i8:317-6370   -           2018 13816at33208         -           1537         0 1514.1  53.2   7   9   3.8e-57   1.6e-54  184.0   0.0  1034  1166  1398  1539  1388  1564 0.91 -
TRINITY_DN2056_c0_g1_i8:317-6370   -           2018 13816at33208         -           1537         0 1514.1  53.2   8   9   2.3e-15   9.5e-13   45.5   0.0  1180  1244  1622  1687  1603  1692 0.92 -
TRINITY_DN2056_c0_g1_i8:317-6370   -           2018 13816at33208         -           1537         0 1514.1  53.2   9   9  1.7e-160  7.2e-158  526.5   0.0  1241  1537  1715  2018  1703  2018 0.96 -
TRINITY_DN2056_c0_g1_i3:317-5233   -           1639 13816at33208         -           1537         0 1359.9  45.7   1   9     3e-11   1.3e-08   31.9   0.1   441   491    12    63     8    67 0.91 -
TRINITY_DN2056_c0_g1_i3:317-5233   -           1639 13816at33208         -           1537         0 1359.9  45.7   2   9   1.1e-86   4.8e-84  281.8  18.2   491   662    89   282    78   298 0.87 -
TRINITY_DN2056_c0_g1_i3:317-5233   -           1639 13816at33208         -           1537         0 1359.9  45.7   3   9   1.9e-33   8.1e-31  105.4   0.1   637   806   282   475   280   514 0.70 -
TRINITY_DN2056_c0_g1_i3:317-5233   -           1639 13816at33208         -           1537         0 1359.9  45.7   4   9   1.3e-18   5.6e-16   56.2   2.9   821   928   619   770   563   788 0.60 -
TRINITY_DN2056_c0_g1_i3:317-5233   -           1639 13816at33208         -           1537         0 1359.9  45.7   5   9   4.6e-23   1.9e-20   71.0   0.1   922   982   811   871   790   877 0.88 -
TRINITY_DN2056_c0_g1_i3:317-5233   -           1639 13816at33208         -           1537         0 1359.9  45.7   6   9   2.9e-21   1.2e-18   65.1   0.1   981  1056   933  1008   928  1018 0.91 -
TRINITY_DN2056_c0_g1_i3:317-5233   -           1639 13816at33208         -           1537         0 1359.9  45.7   7   9   2.9e-57   1.2e-54  184.4   0.0  1034  1166  1019  1160  1009  1185 0.91 -
TRINITY_DN2056_c0_g1_i3:317-5233   -           1639 13816at33208         -           1537         0 1359.9  45.7   8   9   1.8e-15   7.5e-13   45.9   0.0  1180  1244  1243  1308  1224  1313 0.92 -
TRINITY_DN2056_c0_g1_i3:317-5233   -           1639 13816at33208         -           1537         0 1359.9  45.7   9   9  1.3e-160  5.2e-158  527.0   0.0  1241  1537  1336  1639  1324  1639 0.96 -
TRINITY_DN2056_c0_g1_i4:317-5233   -           1639 13816at33208         -           1537         0 1359.9  45.7   1   9     3e-11   1.3e-08   31.9   0.1   441   491    12    63     8    67 0.91 -
TRINITY_DN2056_c0_g1_i4:317-5233   -           1639 13816at33208         -           1537         0 1359.9  45.7   2   9   1.1e-86   4.8e-84  281.8  18.2   491   662    89   282    78   298 0.87 -
TRINITY_DN2056_c0_g1_i4:317-5233   -           1639 13816at33208         -           1537         0 1359.9  45.7   3   9   1.9e-33   8.1e-31  105.4   0.1   637   806   282   475   280   514 0.70 -
TRINITY_DN2056_c0_g1_i4:317-5233   -           1639 13816at33208         -           1537         0 1359.9  45.7   4   9   1.3e-18   5.6e-16   56.2   2.9   821   928   619   770   563   788 0.60 -
TRINITY_DN2056_c0_g1_i4:317-5233   -           1639 13816at33208         -           1537         0 1359.9  45.7   5   9   4.6e-23   1.9e-20   71.0   0.1   922   982   811   871   790   877 0.88 -
TRINITY_DN2056_c0_g1_i4:317-5233   -           1639 13816at33208         -           1537         0 1359.9  45.7   6   9   2.9e-21   1.2e-18   65.1   0.1   981  1056   933  1008   928  1018 0.91 -
TRINITY_DN2056_c0_g1_i4:317-5233   -           1639 13816at33208         -           1537         0 1359.9  45.7   7   9   2.9e-57   1.2e-54  184.4   0.0  1034  1166  1019  1160  1009  1185 0.91 -
TRINITY_DN2056_c0_g1_i4:317-5233   -           1639 13816at33208         -           1537         0 1359.9  45.7   8   9   1.8e-15   7.5e-13   45.9   0.0  1180  1244  1243  1308  1224  1313 0.92 -
TRINITY_DN2056_c0_g1_i4:317-5233   -           1639 13816at33208         -           1537         0 1359.9  45.7   9   9  1.3e-160  5.2e-158  527.0   0.0  1241  1537  1336  1639  1324  1639 0.96 -
TRINITY_DN24707_c0_g1_i1:7-426     -            140 13816at33208         -           1537   3.7e-72  242.4  14.5   1   1     1e-74   4.2e-72  242.2  14.5   491   617    14   140     4   140 0.97 -
TRINITY_DN66105_c0_g1_i1:0-548     -            183 13816at33208         -           1537   2.9e-64  216.3   0.0   1   1   7.5e-67   3.1e-64  216.1   0.0  1267  1440     3   183     1   183 0.92 -
TRINITY_DN25266_c0_g1_i2:7809-8741 -            311 13816at33208         -           1537   3.8e-61  205.9   0.0   1   1   1.1e-63   4.5e-61  205.7   0.0  1265  1535    31   311    20   311 0.89 -
TRINITY_DN25266_c0_g1_i7:7809-8741 -            311 13816at33208         -           1537   3.8e-61  205.9   0.0   1   1   1.1e-63   4.5e-61  205.7   0.0  1265  1535    31   311    20   311 0.89 -
TRINITY_DN25266_c0_g1_i1:97-654    -            186 13816at33208         -           1537   1.3e-41  141.2   0.0   1   1   3.4e-44   1.4e-41  141.1   0.0  1358  1535     1   186     1   186 0.89 -
TRINITY_DN24148_c0_g1_i6:447-1283  -            279 13816at33208         -           1537   6.9e-32  109.0   0.0   1   1     2e-34   8.2e-32  108.7   0.0  1267  1530     8   274     2   279 0.87 -
TRINITY_DN29490_c0_g1_i4:2453-3235 -            261 13816at33208         -           1537   9.1e-28   95.3   0.0   1   1   2.4e-30     1e-27   95.1   0.0  1279  1536     1   261     1   261 0.82 -
TRINITY_DN29490_c0_g1_i3:2453-3235 -            261 13816at33208         -           1537     2e-27   94.2   0.0   1   1   5.3e-30   2.2e-27   94.0   0.0  1279  1536     1   261     1   261 0.82 -
TRINITY_DN29490_c0_g1_i5:2453-3235 -            261 13816at33208         -           1537   9.3e-27   92.0   0.0   1   1   2.5e-29     1e-26   91.8   0.0  1279  1536     1   261     1   261 0.82 -
TRINITY_DN14861_c0_g2_i4:134-895   -            254 13816at33208         -           1537   2.6e-23   80.5   0.1   1   1   6.8e-26   2.8e-23   80.4   0.1  1280  1530     2   252     1   254 0.86 -
TRINITY_DN14861_c0_g2_i6:134-895   -            254 13816at33208         -           1537   2.6e-23   80.5   0.1   1   1   6.8e-26   2.8e-23   80.4   0.1  1280  1530     2   252     1   254 0.86 -
TRINITY_DN14861_c0_g2_i8:128-889   -            254 13816at33208         -           1537   2.6e-23   80.5   0.1   1   1   6.8e-26   2.8e-23   80.4   0.1  1280  1530     2   252     1   254 0.86 -
TRINITY_DN6550_c0_g1_i2:2709-3440  -            244 13816at33208         -           1537     4e-21   73.3   0.0   1   1   1.1e-23   4.7e-21   73.1   0.0  1299  1537     6   244     2   244 0.84 -
TRINITY_DN6550_c0_g1_i6:2709-3440  -            244 13816at33208         -           1537     4e-21   73.3   0.0   1   1   1.1e-23   4.7e-21   73.1   0.0  1299  1537     6   244     2   244 0.84 -
TRINITY_DN25927_c0_g1_i1:117-335   -             73 13816at33208         -           1537   4.1e-18   63.3   0.0   1   1   9.7e-21   4.1e-18   63.3   0.0  1122  1166     1    45     1    70 0.87 -
TRINITY_DN9912_c2_g1_i1:696-2519   -            608 13816at33208         -           1537   2.1e-15   54.3   0.2   1   1   6.7e-18   2.8e-15   53.9   0.2  1178  1243   540   605   524   608 0.89 -
TRINITY_DN119436_c0_g1_i1:144-2165 -            674 13816at33208         -           1537   6.9e-12   42.7   0.1   1   1   2.1e-14   8.9e-12   42.3   0.1  1171  1238   606   673   588   674 0.89 -
#
# Program:         hmmsearch
# Version:         3.1b2 (February 2015)
# Pipeline mode:   SEARCH
# Query file:      /busco_wd/busco_downloads/lineages/metazoa_odb10/hmms/13816at33208.hmm
# Target file:     /busco_wd/BUSCO/run_metazoa_odb10/metaeuk_output/initial_results/Trinity.fasta.modified.fas
# Option settings: hmmsearch --domtblout /busco_wd/BUSCO/run_metazoa_odb10/hmmer_output/initial_run_results/13816at33208.out --cpu 1 /busco_wd/busco_downloads/lineages/metazoa_odb10/hmms/13816at33208.hmm /busco_wd/BUSCO/run_metazoa_odb10/metaeuk_output/initial_results/Trinity.fasta.modified.fas 
# Current dir:     /busco_wd
# Date:            Tue Nov 23 09:00:27 2021
# [ok]
