#                                                                                        --- full sequence --- -------------- this domain -------------   hmm coord   ali coord   env coord
# target name                    accession   tlen query name           accession   qlen   E-value  score  bias   #  of  c-Evalue  i-Evalue  score  bias  from    to  from    to  from    to  acc description of target
#            ------------------- ---------- ----- -------------------- ---------- ----- --------- ------ ----- --- --- --------- --------- ------ ----- ----- ----- ----- ----- ----- ----- ---- ---------------------
TRINITY_DN8722_c0_g1_i4:333-2021 -            563 143619at33208        -            331  6.6e-104  346.7  10.5   1   3   3.5e-59     8e-56  188.7   0.2     2   178    54   277    53   284 0.85 -
TRINITY_DN8722_c0_g1_i4:333-2021 -            563 143619at33208        -            331  6.6e-104  346.7  10.5   2   3   6.9e-28   1.6e-24   85.8   0.3   184   281   337   460   328   466 0.82 -
TRINITY_DN8722_c0_g1_i4:333-2021 -            563 143619at33208        -            331  6.6e-104  346.7  10.5   3   3   3.8e-25   8.6e-22   76.8   0.8   282   331   488   537   476   537 0.94 -
TRINITY_DN8722_c0_g1_i3:358-1785 -            476 143619at33208        -            331   3.9e-83  278.5   2.5   1   2   6.5e-60   1.5e-56  191.1   0.2     1   178    53   277    53   284 0.86 -
TRINITY_DN8722_c0_g1_i3:358-1785 -            476 143619at33208        -            331   3.9e-83  278.5   2.5   2   2   4.7e-28   1.1e-24   86.4   0.2   184   281   337   460   326   465 0.83 -
TRINITY_DN8722_c0_g1_i6:348-608  -             87 143619at33208        -            331   3.3e-23   81.5   1.3   1   1   1.6e-26   3.6e-23   81.4   1.3   282   331    17    66     4    66 0.93 -
TRINITY_DN8722_c0_g1_i5:318-641  -            108 143619at33208        -            331   3.9e-23   81.3   0.8   1   1     2e-26   4.7e-23   81.0   0.8   282   331    28    77    16    77 0.93 -
#
# Program:         hmmsearch
# Version:         3.1b2 (February 2015)
# Pipeline mode:   SEARCH
# Query file:      /busco_wd/busco_downloads/lineages/metazoa_odb10/hmms/143619at33208.hmm
# Target file:     /busco_wd/BUSCO/run_metazoa_odb10/metaeuk_output/initial_results/Trinity.fasta.modified.fas
# Option settings: hmmsearch --domtblout /busco_wd/BUSCO/run_metazoa_odb10/hmmer_output/initial_run_results/143619at33208.out --cpu 1 /busco_wd/busco_downloads/lineages/metazoa_odb10/hmms/143619at33208.hmm /busco_wd/BUSCO/run_metazoa_odb10/metaeuk_output/initial_results/Trinity.fasta.modified.fas 
# Current dir:     /busco_wd
# Date:            Tue Nov 23 09:00:27 2021
# [ok]
