#                                                                                        --- full sequence --- -------------- this domain -------------   hmm coord   ali coord   env coord
# target name                    accession   tlen query name           accession   qlen   E-value  score  bias   #  of  c-Evalue  i-Evalue  score  bias  from    to  from    to  from    to  acc description of target
#            ------------------- ---------- ----- -------------------- ---------- ----- --------- ------ ----- --- --- --------- --------- ------ ----- ----- ----- ----- ----- ----- ----- ---- ---------------------
TRINITY_DN2307_c0_g1_i7:274-3621 -           1116 148067at33208        -            818  1.4e-170  568.2  22.6   1   4   8.5e-15   2.6e-11   41.4   1.2     3    63    30    92    28   105 0.84 -
TRINITY_DN2307_c0_g1_i7:274-3621 -           1116 148067at33208        -            818  1.4e-170  568.2  22.6   2   4   3.8e-54   1.2e-50  171.5   0.4    60   321   119   456   101   464 0.79 -
TRINITY_DN2307_c0_g1_i7:274-3621 -           1116 148067at33208        -            818  1.4e-170  568.2  22.6   3   4      0.48   1.5e+03   -4.1   0.1   316   333   479   496   476   497 0.84 -
TRINITY_DN2307_c0_g1_i7:274-3621 -           1116 148067at33208        -            818  1.4e-170  568.2  22.6   4   4  8.9e-110  2.7e-106  355.5   3.5   333   796   519  1079   515  1116 0.80 -
TRINITY_DN2307_c0_g1_i1:274-3621 -           1116 148067at33208        -            818  1.8e-170  567.8  22.3   1   4   8.5e-15   2.6e-11   41.4   1.2     3    63    30    92    28   105 0.84 -
TRINITY_DN2307_c0_g1_i1:274-3621 -           1116 148067at33208        -            818  1.8e-170  567.8  22.3   2   4   3.8e-54   1.2e-50  171.5   0.4    60   321   119   456   101   464 0.79 -
TRINITY_DN2307_c0_g1_i1:274-3621 -           1116 148067at33208        -            818  1.8e-170  567.8  22.3   3   4      0.48   1.5e+03   -4.1   0.1   316   333   479   496   476   497 0.84 -
TRINITY_DN2307_c0_g1_i1:274-3621 -           1116 148067at33208        -            818  1.8e-170  567.8  22.3   4   4  1.2e-109  3.7e-106  355.1   3.2   333   796   519  1079   515  1116 0.80 -
TRINITY_DN2307_c0_g1_i2:491-3622 -           1044 148067at33208        -            818  8.4e-158  525.9  21.3   1   4   8.2e-15   2.5e-11   41.4   1.3     3    63    30    92    28   104 0.84 -
TRINITY_DN2307_c0_g1_i2:491-3622 -           1044 148067at33208        -            818  8.4e-158  525.9  21.3   2   4   3.4e-54     1e-50  171.7   0.4    61   321   120   456   102   464 0.79 -
TRINITY_DN2307_c0_g1_i2:491-3622 -           1044 148067at33208        -            818  8.4e-158  525.9  21.3   3   4      0.33     1e+03   -3.6   0.1   316   334   479   497   476   498 0.85 -
TRINITY_DN2307_c0_g1_i2:491-3622 -           1044 148067at33208        -            818  8.4e-158  525.9  21.3   4   4     4e-97   1.2e-93  313.7   2.3   333   761   519  1044   516  1044 0.80 -
#
# Program:         hmmsearch
# Version:         3.1b2 (February 2015)
# Pipeline mode:   SEARCH
# Query file:      /busco_wd/busco_downloads/lineages/metazoa_odb10/hmms/148067at33208.hmm
# Target file:     /busco_wd/BUSCO/run_metazoa_odb10/metaeuk_output/initial_results/Trinity.fasta.modified.fas
# Option settings: hmmsearch --domtblout /busco_wd/BUSCO/run_metazoa_odb10/hmmer_output/initial_run_results/148067at33208.out --cpu 1 /busco_wd/busco_downloads/lineages/metazoa_odb10/hmms/148067at33208.hmm /busco_wd/BUSCO/run_metazoa_odb10/metaeuk_output/initial_results/Trinity.fasta.modified.fas 
# Current dir:     /busco_wd
# Date:            Tue Nov 23 09:00:30 2021
# [ok]
