#                                                                                           --- full sequence --- -------------- this domain -------------   hmm coord   ali coord   env coord
# target name                       accession   tlen query name           accession   qlen   E-value  score  bias   #  of  c-Evalue  i-Evalue  score  bias  from    to  from    to  from    to  acc description of target
#               ------------------- ---------- ----- -------------------- ---------- ----- --------- ------ ----- --- --- --------- --------- ------ ----- ----- ----- ----- ----- ----- ----- ---- ---------------------
TRINITY_DN1426_c0_g1_i10:112-1938   -            609 153034at33208        -            510  1.2e-230  765.5   5.2   1   1  2.4e-232  1.5e-230  765.2   5.2     8   510    35   609    24   609 0.90 -
TRINITY_DN1426_c0_g1_i11:112-1938   -            609 153034at33208        -            510  1.2e-230  765.5   5.2   1   1  2.4e-232  1.5e-230  765.2   5.2     8   510    35   609    24   609 0.90 -
TRINITY_DN1426_c0_g1_i6:112-1938    -            609 153034at33208        -            510  1.2e-230  765.5   5.2   1   1  2.4e-232  1.5e-230  765.2   5.2     8   510    35   609    24   609 0.90 -
TRINITY_DN1426_c0_g1_i5:3-380       -            126 153034at33208        -            510   3.5e-71  239.4   0.5   1   1   6.1e-73   3.9e-71  239.3   0.5   388   510     1   126     1   126 0.98 -
TRINITY_DN1049_c0_g1_i2:479-970     -            164 153034at33208        -            510   1.4e-53  181.4   0.0   1   1   2.6e-55   1.7e-53  181.1   0.0   363   506    13   158     7   162 0.96 -
TRINITY_DN1049_c0_g1_i5:479-970     -            164 153034at33208        -            510   1.4e-53  181.4   0.0   1   1   2.6e-55   1.7e-53  181.1   0.0   363   506    13   158     7   162 0.96 -
TRINITY_DN1049_c0_g1_i6:479-970     -            164 153034at33208        -            510   1.4e-53  181.4   0.0   1   1   2.6e-55   1.7e-53  181.1   0.0   363   506    13   158     7   162 0.96 -
TRINITY_DN1049_c0_g1_i7:500-991     -            164 153034at33208        -            510   1.4e-53  181.4   0.0   1   1   2.6e-55   1.7e-53  181.1   0.0   363   506    13   158     7   162 0.96 -
TRINITY_DN36092_c0_g1_i1:8-502      -            165 153034at33208        -            510   9.8e-53  178.5   0.2   1   1   1.7e-54   1.1e-52  178.4   0.2   147   282     5   165     1   165 0.88 -
TRINITY_DN8321_c0_g1_i1:655-1140    -            162 153034at33208        -            510   1.5e-52  177.9   0.0   1   1   2.7e-54   1.7e-52  177.8   0.0   361   509     3   154     1   155 0.95 -
TRINITY_DN21579_c0_g1_i1:920-1387   -            156 153034at33208        -            510   2.5e-48  164.0   0.3   1   1   4.4e-50   2.8e-48  163.9   0.3   363   509     3   151     1   152 0.97 -
TRINITY_DN21579_c0_g1_i5:920-1387   -            156 153034at33208        -            510   2.5e-48  164.0   0.3   1   1   4.4e-50   2.8e-48  163.9   0.3   363   509     3   151     1   152 0.97 -
TRINITY_DN21579_c0_g1_i6:920-1387   -            156 153034at33208        -            510   2.5e-48  164.0   0.3   1   1   4.4e-50   2.8e-48  163.9   0.3   363   509     3   151     1   152 0.97 -
TRINITY_DN2796_c0_g1_i1:899-1333    -            145 153034at33208        -            510   6.6e-44  149.4   0.2   1   1   1.1e-45   7.2e-44  149.3   0.2   366   489     8   144     1   145 0.85 -
TRINITY_DN2796_c0_g1_i2:899-1333    -            145 153034at33208        -            510   6.6e-44  149.4   0.2   1   1   1.1e-45   7.2e-44  149.3   0.2   366   489     8   144     1   145 0.85 -
TRINITY_DN2796_c0_g1_i3:899-1333    -            145 153034at33208        -            510   6.6e-44  149.4   0.2   1   1   1.1e-45   7.2e-44  149.3   0.2   366   489     8   144     1   145 0.85 -
TRINITY_DN2796_c0_g1_i5:899-1333    -            145 153034at33208        -            510   6.6e-44  149.4   0.2   1   1   1.1e-45   7.2e-44  149.3   0.2   366   489     8   144     1   145 0.85 -
TRINITY_DN10931_c0_g1_i1:201-668    -            156 153034at33208        -            510   4.6e-42  143.3   0.5   1   1   7.8e-44   4.9e-42  143.2   0.5   365   504    12   156     1   156 0.90 -
TRINITY_DN2289_c0_g2_i3:299-751     -            151 153034at33208        -            510   2.6e-41  140.9   1.9   1   1   4.7e-43   2.9e-41  140.7   1.9   366   502     9   149     2   151 0.88 -
TRINITY_DN2289_c0_g2_i5:299-751     -            151 153034at33208        -            510   2.6e-41  140.9   1.9   1   1   4.7e-43   2.9e-41  140.7   1.9   366   502     9   149     2   151 0.88 -
TRINITY_DN2289_c0_g2_i9:299-751     -            151 153034at33208        -            510   2.6e-41  140.9   1.9   1   1   4.7e-43   2.9e-41  140.7   1.9   366   502     9   149     2   151 0.88 -
TRINITY_DN5476_c0_g1_i1:4872-5324   -            151 153034at33208        -            510   2.8e-40  137.4   0.0   1   1   5.2e-42   3.3e-40  137.2   0.0   368   504     1   150     1   151 0.87 -
TRINITY_DN5476_c0_g1_i2:4872-5324   -            151 153034at33208        -            510   2.8e-40  137.4   0.0   1   1   5.2e-42   3.3e-40  137.2   0.0   368   504     1   150     1   151 0.87 -
TRINITY_DN27306_c0_g1_i1:98-481     -            128 153034at33208        -            510   4.9e-40  136.6   1.8   1   1   8.5e-42   5.4e-40  136.5   1.8   367   486     2   127     1   128 0.94 -
TRINITY_DN47407_c1_g1_i1:47-484     -            146 153034at33208        -            510   9.3e-40  135.7   0.2   1   1   1.7e-41     1e-39  135.6   0.2   367   490    10   140     3   146 0.88 -
TRINITY_DN3401_c0_g1_i1:1514-2008   -            165 153034at33208        -            510   4.6e-39  133.4   0.0   1   1   8.2e-41   5.2e-39  133.3   0.0   362   482     2   124     1   144 0.92 -
TRINITY_DN3401_c0_g1_i2:1514-2008   -            165 153034at33208        -            510   4.6e-39  133.4   0.0   1   1   8.2e-41   5.2e-39  133.3   0.0   362   482     2   124     1   144 0.92 -
TRINITY_DN3401_c0_g1_i3:1550-2044   -            165 153034at33208        -            510   4.6e-39  133.4   0.0   1   1   8.2e-41   5.2e-39  133.3   0.0   362   482     2   124     1   144 0.92 -
TRINITY_DN3401_c0_g1_i6:1551-2045   -            165 153034at33208        -            510   4.6e-39  133.4   0.0   1   1   8.2e-41   5.2e-39  133.3   0.0   362   482     2   124     1   144 0.92 -
TRINITY_DN7316_c0_g1_i1:739-1173    -            145 153034at33208        -            510   2.5e-38  131.0   1.0   1   1     5e-40   3.1e-38  130.7   1.0   366   494     7   141     2   144 0.93 -
TRINITY_DN7316_c0_g1_i2:739-1173    -            145 153034at33208        -            510   2.5e-38  131.0   1.0   1   1     5e-40   3.1e-38  130.7   1.0   366   494     7   141     2   144 0.93 -
TRINITY_DN1074_c0_g1_i1:475-924     -            150 153034at33208        -            510   5.5e-37  126.6   0.3   1   1   9.7e-39   6.1e-37  126.4   0.3   365   489    20   150     3   150 0.92 -
TRINITY_DN1074_c0_g1_i4:475-924     -            150 153034at33208        -            510   5.5e-37  126.6   0.3   1   1   9.7e-39   6.1e-37  126.4   0.3   365   489    20   150     3   150 0.92 -
TRINITY_DN1074_c0_g1_i5:475-924     -            150 153034at33208        -            510   5.5e-37  126.6   0.3   1   1   9.7e-39   6.1e-37  126.4   0.3   365   489    20   150     3   150 0.92 -
TRINITY_DN1074_c0_g1_i7:475-924     -            150 153034at33208        -            510   5.5e-37  126.6   0.3   1   1   9.7e-39   6.1e-37  126.4   0.3   365   489    20   150     3   150 0.92 -
TRINITY_DN3237_c0_g1_i1:358-816     -            153 153034at33208        -            510   8.5e-35  119.4   0.4   1   1   1.5e-36   9.4e-35  119.2   0.4   366   491    13   145     2   153 0.85 -
TRINITY_DN2301_c0_g1_i10:134-580    -            149 153034at33208        -            510   2.1e-34  118.1   0.2   1   1   3.9e-36   2.5e-34  117.8   0.2   367   493     2   141     1   147 0.87 -
TRINITY_DN2301_c0_g1_i11:134-580    -            149 153034at33208        -            510   2.1e-34  118.1   0.2   1   1   3.9e-36   2.5e-34  117.8   0.2   367   493     2   141     1   147 0.87 -
TRINITY_DN2301_c0_g1_i2:134-580     -            149 153034at33208        -            510   2.1e-34  118.1   0.2   1   1   3.9e-36   2.5e-34  117.8   0.2   367   493     2   141     1   147 0.87 -
TRINITY_DN2301_c0_g1_i4:134-580     -            149 153034at33208        -            510   2.1e-34  118.1   0.2   1   1   3.9e-36   2.5e-34  117.8   0.2   367   493     2   141     1   147 0.87 -
TRINITY_DN2301_c0_g1_i6:134-580     -            149 153034at33208        -            510   2.1e-34  118.1   0.2   1   1   3.9e-36   2.5e-34  117.8   0.2   367   493     2   141     1   147 0.87 -
TRINITY_DN2301_c0_g1_i7:134-580     -            149 153034at33208        -            510   2.1e-34  118.1   0.2   1   1   3.9e-36   2.5e-34  117.8   0.2   367   493     2   141     1   147 0.87 -
TRINITY_DN123007_c0_g1_i1:0-314     -            105 153034at33208        -            510   1.1e-32  112.3   0.8   1   1   1.9e-34   1.2e-32  112.3   0.8   383   479     3   105     1   105 0.86 -
TRINITY_DN873_c0_g1_i10:2284-2796   -            171 153034at33208        -            510   8.8e-32  109.4   0.0   1   1   1.6e-33     1e-31  109.2   0.0   360   506     2   158     1   162 0.87 -
TRINITY_DN873_c0_g1_i1:2284-2796    -            171 153034at33208        -            510   8.8e-32  109.4   0.0   1   1   1.6e-33     1e-31  109.2   0.0   360   506     2   158     1   162 0.87 -
TRINITY_DN10249_c0_g1_i10:1055-1582 -            176 153034at33208        -            510   1.7e-26   92.0   0.0   1   1   3.9e-28   2.5e-26   91.4   0.0   362   492    15   161     7   174 0.82 -
TRINITY_DN10249_c0_g1_i5:821-1348   -            176 153034at33208        -            510   1.7e-26   92.0   0.0   1   1   3.9e-28   2.5e-26   91.4   0.0   362   492    15   161     7   174 0.82 -
TRINITY_DN10249_c0_g1_i3:680-1207   -            176 153034at33208        -            510     2e-26   91.8   0.0   1   1   4.6e-28   2.9e-26   91.2   0.0   362   492    15   161     7   174 0.82 -
TRINITY_DN2289_c0_g2_i10:452-703    -             84 153034at33208        -            510   8.8e-24   83.0   0.1   1   1   1.5e-25   9.2e-24   83.0   0.1   421   502     1    82     1    84 0.90 -
TRINITY_DN18933_c0_g1_i1:125-313    -             63 153034at33208        -            510   1.8e-21   75.4   0.0   1   1     3e-23   1.9e-21   75.3   0.0   361   421     3    63     1    63 0.97 -
TRINITY_DN10249_c0_g1_i6:530-835    -            102 153034at33208        -            510   3.7e-18   64.5   0.0   1   1   6.3e-20     4e-18   64.4   0.0   409   492     1    87     1   101 0.86 -
TRINITY_DN379_c0_g1_i1:832-1632     -            267 153034at33208        -            510   5.4e-07   27.6   4.5   1   3   0.00012    0.0079   13.9   0.4    40   129    33   135    13   143 0.68 -
TRINITY_DN379_c0_g1_i1:832-1632     -            267 153034at33208        -            510   5.4e-07   27.6   4.5   2   3   0.00025     0.016   12.9   0.0    29    95   146   214   143   224 0.79 -
TRINITY_DN379_c0_g1_i1:832-1632     -            267 153034at33208        -            510   5.4e-07   27.6   4.5   3   3       1.1        71    0.8   0.0    40    58   236   254   224   263 0.78 -
TRINITY_DN379_c0_g1_i3:832-1632     -            267 153034at33208        -            510   5.4e-07   27.6   4.5   1   3   0.00012    0.0079   13.9   0.4    40   129    33   135    13   143 0.68 -
TRINITY_DN379_c0_g1_i3:832-1632     -            267 153034at33208        -            510   5.4e-07   27.6   4.5   2   3   0.00025     0.016   12.9   0.0    29    95   146   214   143   224 0.79 -
TRINITY_DN379_c0_g1_i3:832-1632     -            267 153034at33208        -            510   5.4e-07   27.6   4.5   3   3       1.1        71    0.8   0.0    40    58   236   254   224   263 0.78 -
TRINITY_DN102861_c0_g1_i1:4-165     -             54 153034at33208        -            510   6.7e-07   27.3   0.0   1   1   1.3e-08   8.2e-07   27.0   0.0   368   410     1    54     1    54 0.76 -
TRINITY_DN126_c0_g1_i10:670-1473    -            268 153034at33208        -            510   1.8e-06   25.9   1.4   1   3   2.4e-05    0.0015   16.2   0.1    29   115     8    99     3   103 0.74 -
TRINITY_DN126_c0_g1_i10:670-1473    -            268 153034at33208        -            510   1.8e-06   25.9   1.4   2   3    0.0069      0.44    8.1   0.2    39    95   103   164    90   181 0.73 -
TRINITY_DN126_c0_g1_i10:670-1473    -            268 153034at33208        -            510   1.8e-06   25.9   1.4   3   3       3.8   2.4e+02   -0.9   0.0    80    95   210   225   204   267 0.60 -
TRINITY_DN126_c0_g1_i2:586-1389     -            268 153034at33208        -            510   1.8e-06   25.9   1.4   1   3   2.4e-05    0.0015   16.2   0.1    29   115     8    99     3   103 0.74 -
TRINITY_DN126_c0_g1_i2:586-1389     -            268 153034at33208        -            510   1.8e-06   25.9   1.4   2   3    0.0069      0.44    8.1   0.2    39    95   103   164    90   181 0.73 -
TRINITY_DN126_c0_g1_i2:586-1389     -            268 153034at33208        -            510   1.8e-06   25.9   1.4   3   3       3.8   2.4e+02   -0.9   0.0    80    95   210   225   204   267 0.60 -
TRINITY_DN126_c0_g1_i3:586-1389     -            268 153034at33208        -            510   1.8e-06   25.9   1.4   1   3   2.4e-05    0.0015   16.2   0.1    29   115     8    99     3   103 0.74 -
TRINITY_DN126_c0_g1_i3:586-1389     -            268 153034at33208        -            510   1.8e-06   25.9   1.4   2   3    0.0069      0.44    8.1   0.2    39    95   103   164    90   181 0.73 -
TRINITY_DN126_c0_g1_i3:586-1389     -            268 153034at33208        -            510   1.8e-06   25.9   1.4   3   3       3.8   2.4e+02   -0.9   0.0    80    95   210   225   204   267 0.60 -
TRINITY_DN126_c0_g1_i6:586-1389     -            268 153034at33208        -            510   1.8e-06   25.9   1.4   1   3   2.4e-05    0.0015   16.2   0.1    29   115     8    99     3   103 0.74 -
TRINITY_DN126_c0_g1_i6:586-1389     -            268 153034at33208        -            510   1.8e-06   25.9   1.4   2   3    0.0069      0.44    8.1   0.2    39    95   103   164    90   181 0.73 -
TRINITY_DN126_c0_g1_i6:586-1389     -            268 153034at33208        -            510   1.8e-06   25.9   1.4   3   3       3.8   2.4e+02   -0.9   0.0    80    95   210   225   204   267 0.60 -
TRINITY_DN126_c0_g1_i9:586-1389     -            268 153034at33208        -            510   1.8e-06   25.9   1.4   1   3   2.4e-05    0.0015   16.2   0.1    29   115     8    99     3   103 0.74 -
TRINITY_DN126_c0_g1_i9:586-1389     -            268 153034at33208        -            510   1.8e-06   25.9   1.4   2   3    0.0069      0.44    8.1   0.2    39    95   103   164    90   181 0.73 -
TRINITY_DN126_c0_g1_i9:586-1389     -            268 153034at33208        -            510   1.8e-06   25.9   1.4   3   3       3.8   2.4e+02   -0.9   0.0    80    95   210   225   204   267 0.60 -
TRINITY_DN379_c0_g1_i2:13-699       -            229 153034at33208        -            510   3.6e-06   24.9   2.9   1   3    0.0025      0.16    9.6   0.3    42   104     3    68     1    82 0.72 -
TRINITY_DN379_c0_g1_i2:13-699       -            229 153034at33208        -            510   3.6e-06   24.9   2.9   2   3   0.00017      0.01   13.5   0.0    29    95    74   142    66   152 0.80 -
TRINITY_DN379_c0_g1_i2:13-699       -            229 153034at33208        -            510   3.6e-06   24.9   2.9   3   3      0.75        47    1.4   0.0    40    59   164   183   153   200 0.78 -
TRINITY_DN18773_c0_g1_i2:1197-2057  -            287 153034at33208        -            510   7.3e-06   23.9   3.3   1   4     0.034       2.1    5.9   0.1    33   101    18    89    10   114 0.68 -
TRINITY_DN18773_c0_g1_i2:1197-2057  -            287 153034at33208        -            510   7.3e-06   23.9   3.3   2   4       1.8   1.2e+02    0.1   0.0    42    74   107   137    94   163 0.59 -
TRINITY_DN18773_c0_g1_i2:1197-2057  -            287 153034at33208        -            510   7.3e-06   23.9   3.3   3   4     0.016         1    6.9   0.0    42    97   187   245   175   256 0.75 -
TRINITY_DN18773_c0_g1_i2:1197-2057  -            287 153034at33208        -            510   7.3e-06   23.9   3.3   4   4    0.0033      0.21    9.2   0.1    29    57   258   285   248   287 0.81 -
TRINITY_DN12417_c0_g1_i4:2010-3593  -            528 153034at33208        -            510   8.3e-06   23.7   8.0   1   4    0.0042      0.27    8.9   0.3    29    98    37   112    34   131 0.70 -
TRINITY_DN12417_c0_g1_i4:2010-3593  -            528 153034at33208        -            510   8.3e-06   23.7   8.0   2   4       2.7   1.7e+02   -0.4   0.0    40    61   133   154   118   190 0.81 -
TRINITY_DN12417_c0_g1_i4:2010-3593  -            528 153034at33208        -            510   8.3e-06   23.7   8.0   3   4       4.2   2.6e+02   -1.0   0.0    29    57   243   272   227   291 0.80 -
TRINITY_DN12417_c0_g1_i4:2010-3593  -            528 153034at33208        -            510   8.3e-06   23.7   8.0   4   4   7.4e-05    0.0047   14.6   0.2    28   118   411   506   405   512 0.78 -
TRINITY_DN3983_c0_g1_i13:64-1602    -            513 153034at33208        -            510   2.8e-05   22.0   2.8   1   4      0.52        33    2.0   0.0    41    63   226   248   218   256 0.85 -
TRINITY_DN3983_c0_g1_i13:64-1602    -            513 153034at33208        -            510   2.8e-05   22.0   2.8   2   4    0.0023      0.14    9.7   0.1    24    76   257   310   250   336 0.69 -
TRINITY_DN3983_c0_g1_i13:64-1602    -            513 153034at33208        -            510   2.8e-05   22.0   2.8   3   4       0.2        13    3.3   0.2    29    59   348   379   330   396 0.80 -
TRINITY_DN3983_c0_g1_i13:64-1602    -            513 153034at33208        -            510   2.8e-05   22.0   2.8   4   4      0.13         8    4.0   0.0    29    57   484   512   461   513 0.86 -
TRINITY_DN3983_c0_g1_i2:45-1779     -            513 153034at33208        -            510   2.8e-05   22.0   2.8   1   4      0.52        33    2.0   0.0    41    63   226   248   218   256 0.85 -
TRINITY_DN3983_c0_g1_i2:45-1779     -            513 153034at33208        -            510   2.8e-05   22.0   2.8   2   4    0.0023      0.14    9.7   0.1    24    76   257   310   250   336 0.69 -
TRINITY_DN3983_c0_g1_i2:45-1779     -            513 153034at33208        -            510   2.8e-05   22.0   2.8   3   4       0.2        13    3.3   0.2    29    59   348   379   330   396 0.80 -
TRINITY_DN3983_c0_g1_i2:45-1779     -            513 153034at33208        -            510   2.8e-05   22.0   2.8   4   4      0.13         8    4.0   0.0    29    57   484   512   461   513 0.86 -
TRINITY_DN3983_c0_g1_i4:84-1622     -            513 153034at33208        -            510   2.8e-05   22.0   2.8   1   4      0.52        33    2.0   0.0    41    63   226   248   218   256 0.85 -
TRINITY_DN3983_c0_g1_i4:84-1622     -            513 153034at33208        -            510   2.8e-05   22.0   2.8   2   4    0.0023      0.14    9.7   0.1    24    76   257   310   250   336 0.69 -
TRINITY_DN3983_c0_g1_i4:84-1622     -            513 153034at33208        -            510   2.8e-05   22.0   2.8   3   4       0.2        13    3.3   0.2    29    59   348   379   330   396 0.80 -
TRINITY_DN3983_c0_g1_i4:84-1622     -            513 153034at33208        -            510   2.8e-05   22.0   2.8   4   4      0.13         8    4.0   0.0    29    57   484   512   461   513 0.86 -
TRINITY_DN3983_c0_g1_i9:84-1622     -            513 153034at33208        -            510   2.8e-05   22.0   2.8   1   4      0.52        33    2.0   0.0    41    63   226   248   218   256 0.85 -
TRINITY_DN3983_c0_g1_i9:84-1622     -            513 153034at33208        -            510   2.8e-05   22.0   2.8   2   4    0.0023      0.14    9.7   0.1    24    76   257   310   250   336 0.69 -
TRINITY_DN3983_c0_g1_i9:84-1622     -            513 153034at33208        -            510   2.8e-05   22.0   2.8   3   4       0.2        13    3.3   0.2    29    59   348   379   330   396 0.80 -
TRINITY_DN3983_c0_g1_i9:84-1622     -            513 153034at33208        -            510   2.8e-05   22.0   2.8   4   4      0.13         8    4.0   0.0    29    57   484   512   461   513 0.86 -
TRINITY_DN31990_c0_g1_i7:177-836    -            220 153034at33208        -            510   3.1e-05   21.8   0.0   1   2      0.04       2.5    5.6   0.0    41    95    43   102    29   106 0.73 -
TRINITY_DN31990_c0_g1_i7:177-836    -            220 153034at33208        -            510   3.1e-05   21.8   0.0   2   2    0.0001    0.0065   14.2   0.0    29   114   114   204   108   213 0.70 -
TRINITY_DN31990_c0_g1_i8:177-836    -            220 153034at33208        -            510   3.1e-05   21.8   0.0   1   2      0.04       2.5    5.6   0.0    41    95    43   102    29   106 0.73 -
TRINITY_DN31990_c0_g1_i8:177-836    -            220 153034at33208        -            510   3.1e-05   21.8   0.0   2   2    0.0001    0.0065   14.2   0.0    29   114   114   204   108   213 0.70 -
TRINITY_DN31990_c0_g1_i1:385-1164   -            260 153034at33208        -            510   5.1e-05   21.1   0.0   1   2     0.051       3.2    5.3   0.0    41    95    65   124    51   131 0.74 -
TRINITY_DN31990_c0_g1_i1:385-1164   -            260 153034at33208        -            510   5.1e-05   21.1   0.0   2   2   0.00013    0.0083   13.8   0.0    29   115   136   227   130   241 0.71 -
TRINITY_DN31990_c0_g1_i2:383-1162   -            260 153034at33208        -            510   5.1e-05   21.1   0.0   1   2     0.051       3.2    5.3   0.0    41    95    65   124    51   131 0.74 -
TRINITY_DN31990_c0_g1_i2:383-1162   -            260 153034at33208        -            510   5.1e-05   21.1   0.0   2   2   0.00013    0.0083   13.8   0.0    29   115   136   227   130   241 0.71 -
TRINITY_DN62_c0_g1_i1:303-1202      -            300 153034at33208        -            510   0.00012   19.9   2.4   1   3     0.016         1    6.9   0.0    41    96    28    90     5   115 0.71 -
TRINITY_DN62_c0_g1_i1:303-1202      -            300 153034at33208        -            510   0.00012   19.9   2.4   2   3    0.0013     0.085   10.5   0.1    40    95   197   257   185   267 0.76 -
TRINITY_DN62_c0_g1_i1:303-1202      -            300 153034at33208        -            510   0.00012   19.9   2.4   3   3     0.031         2    6.0   0.8    42    95   241   299   227   300 0.72 -
TRINITY_DN2836_c0_g1_i1:197-1060    -            288 153034at33208        -            510   0.00015   19.6   4.1   1   4    0.0041      0.26    8.9   0.2    41    97    11    72     2    89 0.71 -
TRINITY_DN2836_c0_g1_i1:197-1060    -            288 153034at33208        -            510   0.00015   19.6   4.1   2   4       2.3   1.5e+02   -0.2   0.0    28    58   123   154   100   163 0.74 -
TRINITY_DN2836_c0_g1_i1:197-1060    -            288 153034at33208        -            510   0.00015   19.6   4.1   3   4       6.3     4e+02   -1.6   0.0    41    59   180   198   170   223 0.70 -
TRINITY_DN2836_c0_g1_i1:197-1060    -            288 153034at33208        -            510   0.00015   19.6   4.1   4   4    0.0039      0.25    8.9   0.0     7    58   232   286   227   288 0.88 -
TRINITY_DN2836_c0_g1_i2:283-1146    -            288 153034at33208        -            510   0.00015   19.6   4.1   1   4    0.0041      0.26    8.9   0.2    41    97    11    72     2    89 0.71 -
TRINITY_DN2836_c0_g1_i2:283-1146    -            288 153034at33208        -            510   0.00015   19.6   4.1   2   4       2.3   1.5e+02   -0.2   0.0    28    58   123   154   100   163 0.74 -
TRINITY_DN2836_c0_g1_i2:283-1146    -            288 153034at33208        -            510   0.00015   19.6   4.1   3   4       6.3     4e+02   -1.6   0.0    41    59   180   198   170   223 0.70 -
TRINITY_DN2836_c0_g1_i2:283-1146    -            288 153034at33208        -            510   0.00015   19.6   4.1   4   4    0.0039      0.25    8.9   0.0     7    58   232   286   227   288 0.88 -
TRINITY_DN7146_c0_g1_i3:300-1682    -            461 153034at33208        -            510   0.00022   19.0   0.2   1   2       0.4        25    2.3   0.0    20    76   113   169   105   199 0.69 -
TRINITY_DN7146_c0_g1_i3:300-1682    -            461 153034at33208        -            510   0.00022   19.0   0.2   2   2    0.0001    0.0064   14.2   0.3    33   116   299   389   282   407 0.73 -
TRINITY_DN7146_c0_g1_i5:300-1682    -            461 153034at33208        -            510   0.00022   19.0   0.2   1   2       0.4        25    2.3   0.0    20    76   113   169   105   199 0.69 -
TRINITY_DN7146_c0_g1_i5:300-1682    -            461 153034at33208        -            510   0.00022   19.0   0.2   2   2    0.0001    0.0064   14.2   0.3    33   116   299   389   282   407 0.73 -
TRINITY_DN7146_c0_g1_i8:300-1682    -            461 153034at33208        -            510   0.00022   19.0   0.2   1   2       0.4        25    2.3   0.0    20    76   113   169   105   199 0.69 -
TRINITY_DN7146_c0_g1_i8:300-1682    -            461 153034at33208        -            510   0.00022   19.0   0.2   2   2    0.0001    0.0064   14.2   0.3    33   116   299   389   282   407 0.73 -
TRINITY_DN7146_c0_g1_i9:300-1682    -            461 153034at33208        -            510   0.00022   19.0   0.2   1   2       0.4        25    2.3   0.0    20    76   113   169   105   199 0.69 -
TRINITY_DN7146_c0_g1_i9:300-1682    -            461 153034at33208        -            510   0.00022   19.0   0.2   2   2    0.0001    0.0064   14.2   0.3    33   116   299   389   282   407 0.73 -
TRINITY_DN7359_c0_g1_i1:363-1349    -            329 153034at33208        -            510   0.00033   18.5   0.2   1   3       5.7   3.6e+02   -1.5   0.0    41    66    15    40     2    57 0.70 -
TRINITY_DN7359_c0_g1_i1:363-1349    -            329 153034at33208        -            510   0.00033   18.5   0.2   2   3      0.35        22    2.5   0.0    29    60   134   165   104   186 0.68 -
TRINITY_DN7359_c0_g1_i1:363-1349    -            329 153034at33208        -            510   0.00033   18.5   0.2   3   3   0.00025     0.016   12.9   0.0    29    95   256   328   243   329 0.77 -
TRINITY_DN7359_c0_g1_i3:363-1349    -            329 153034at33208        -            510   0.00033   18.5   0.2   1   3       5.7   3.6e+02   -1.5   0.0    41    66    15    40     2    57 0.70 -
TRINITY_DN7359_c0_g1_i3:363-1349    -            329 153034at33208        -            510   0.00033   18.5   0.2   2   3      0.35        22    2.5   0.0    29    60   134   165   104   186 0.68 -
TRINITY_DN7359_c0_g1_i3:363-1349    -            329 153034at33208        -            510   0.00033   18.5   0.2   3   3   0.00025     0.016   12.9   0.0    29    95   256   328   243   329 0.77 -
TRINITY_DN1766_c1_g1_i1:327-1073    -            249 153034at33208        -            510   0.00039   18.2   2.4   1   3     0.036       2.2    5.8   0.2    29    95     2    74     1    76 0.66 -
TRINITY_DN1766_c1_g1_i1:327-1073    -            249 153034at33208        -            510   0.00039   18.2   2.4   2   3    0.0069      0.43    8.2   0.3    32    94    47   115    42   118 0.76 -
TRINITY_DN1766_c1_g1_i1:327-1073    -            249 153034at33208        -            510   0.00039   18.2   2.4   3   3    0.0091      0.57    7.7   0.0    32    97   131   202   117   222 0.73 -
TRINITY_DN15033_c0_g1_i3:6223-7209  -            329 153034at33208        -            510    0.0004   18.2   5.1   1   5     0.037       2.3    5.7   0.1    80   123    72   115     7   135 0.65 -
TRINITY_DN15033_c0_g1_i3:6223-7209  -            329 153034at33208        -            510    0.0004   18.2   5.1   2   5      0.18        11    3.5   0.5    29    60   100   132    95   178 0.79 -
TRINITY_DN15033_c0_g1_i3:6223-7209  -            329 153034at33208        -            510    0.0004   18.2   5.1   3   5      0.42        26    2.3   0.2    43    63   165   185   134   202 0.74 -
TRINITY_DN15033_c0_g1_i3:6223-7209  -            329 153034at33208        -            510    0.0004   18.2   5.1   4   5     0.026       1.6    6.2   0.3    43    94   236   292   224   292 0.65 -
TRINITY_DN15033_c0_g1_i3:6223-7209  -            329 153034at33208        -            510    0.0004   18.2   5.1   5   5     0.022       1.4    6.5   0.0    29    78   263   313   256   322 0.86 -
TRINITY_DN15033_c0_g1_i4:6223-7209  -            329 153034at33208        -            510    0.0004   18.2   5.1   1   5     0.037       2.3    5.7   0.1    80   123    72   115     7   135 0.65 -
TRINITY_DN15033_c0_g1_i4:6223-7209  -            329 153034at33208        -            510    0.0004   18.2   5.1   2   5      0.18        11    3.5   0.5    29    60   100   132    95   178 0.79 -
TRINITY_DN15033_c0_g1_i4:6223-7209  -            329 153034at33208        -            510    0.0004   18.2   5.1   3   5      0.42        26    2.3   0.2    43    63   165   185   134   202 0.74 -
TRINITY_DN15033_c0_g1_i4:6223-7209  -            329 153034at33208        -            510    0.0004   18.2   5.1   4   5     0.026       1.6    6.2   0.3    43    94   236   292   224   292 0.65 -
TRINITY_DN15033_c0_g1_i4:6223-7209  -            329 153034at33208        -            510    0.0004   18.2   5.1   5   5     0.022       1.4    6.5   0.0    29    78   263   313   256   322 0.86 -
TRINITY_DN651_c0_g1_i1:1119-1934    -            272 153034at33208        -            510   0.00049   17.9   0.0   1   2    0.0031       0.2    9.3   0.0     7    95    39   131    34   136 0.75 -
TRINITY_DN651_c0_g1_i1:1119-1934    -            272 153034at33208        -            510   0.00049   17.9   0.0   2   2     0.024       1.5    6.4   0.1    29    58   150   180   142   187 0.84 -
TRINITY_DN651_c0_g1_i3:1118-1933    -            272 153034at33208        -            510   0.00049   17.9   0.0   1   2    0.0031       0.2    9.3   0.0     7    95    39   131    34   136 0.75 -
TRINITY_DN651_c0_g1_i3:1118-1933    -            272 153034at33208        -            510   0.00049   17.9   0.0   2   2     0.024       1.5    6.4   0.1    29    58   150   180   142   187 0.84 -
TRINITY_DN651_c0_g1_i2:754-1686     -            311 153034at33208        -            510   0.00075   17.3   0.0   1   2     0.004      0.25    8.9   0.0     7    95    39   131    34   138 0.75 -
TRINITY_DN651_c0_g1_i2:754-1686     -            311 153034at33208        -            510   0.00075   17.3   0.0   2   2     0.031       1.9    6.0   0.1    29    58   150   180   145   187 0.84 -
TRINITY_DN651_c0_g1_i4:754-1686     -            311 153034at33208        -            510   0.00075   17.3   0.0   1   2     0.004      0.25    8.9   0.0     7    95    39   131    34   138 0.75 -
TRINITY_DN651_c0_g1_i4:754-1686     -            311 153034at33208        -            510   0.00075   17.3   0.0   2   2     0.031       1.9    6.0   0.1    29    58   150   180   145   187 0.84 -
TRINITY_DN17094_c1_g1_i5:1602-2438  -            279 153034at33208        -            510   0.00085   17.1   1.0   1   3     0.077       4.8    4.7   0.7    43   272    59    80     4   100 0.56 -
TRINITY_DN17094_c1_g1_i5:1602-2438  -            279 153034at33208        -            510   0.00085   17.1   1.0   2   3      0.49        31    2.0   0.1    24    74    80   127    75   131 0.77 -
TRINITY_DN17094_c1_g1_i5:1602-2438  -            279 153034at33208        -            510   0.00085   17.1   1.0   3   3    0.0024      0.15    9.7   0.0    27   105   123   204   106   224 0.69 -
TRINITY_DN17094_c1_g1_i12:1464-2246 -            261 153034at33208        -            510   0.00099   16.9   2.1   1   3     0.091       5.7    4.5   0.4    44    95    66   120    25   125 0.56 -
TRINITY_DN17094_c1_g1_i12:1464-2246 -            261 153034at33208        -            510   0.00099   16.9   2.1   2   3      0.36        23    2.5   0.1    24    74   126   173   119   177 0.77 -
TRINITY_DN17094_c1_g1_i12:1464-2246 -            261 153034at33208        -            510   0.00099   16.9   2.1   3   3    0.0035      0.22    9.1   0.0    23    98   165   243   149   259 0.71 -
TRINITY_DN2205_c0_g1_i2:1224-1826   -            201 153034at33208        -            510    0.0016   16.2   0.1   1   3         1        64    1.0   0.0    42    93    18    74     8    80 0.58 -
TRINITY_DN2205_c0_g1_i2:1224-1826   -            201 153034at33208        -            510    0.0016   16.2   0.1   2   3    0.0078      0.49    8.0   0.0    39   116    57   138    24   141 0.72 -
TRINITY_DN2205_c0_g1_i2:1224-1826   -            201 153034at33208        -            510    0.0016   16.2   0.1   3   3   0.00052     0.033   11.9   0.0    40   118   100   182    88   191 0.83 -
TRINITY_DN2205_c0_g1_i3:1224-1826   -            201 153034at33208        -            510    0.0016   16.2   0.1   1   3         1        64    1.0   0.0    42    93    18    74     8    80 0.58 -
TRINITY_DN2205_c0_g1_i3:1224-1826   -            201 153034at33208        -            510    0.0016   16.2   0.1   2   3    0.0078      0.49    8.0   0.0    39   116    57   138    24   141 0.72 -
TRINITY_DN2205_c0_g1_i3:1224-1826   -            201 153034at33208        -            510    0.0016   16.2   0.1   3   3   0.00052     0.033   11.9   0.0    40   118   100   182    88   191 0.83 -
TRINITY_DN2205_c0_g1_i4:1224-1826   -            201 153034at33208        -            510    0.0016   16.2   0.1   1   3         1        64    1.0   0.0    42    93    18    74     8    80 0.58 -
TRINITY_DN2205_c0_g1_i4:1224-1826   -            201 153034at33208        -            510    0.0016   16.2   0.1   2   3    0.0078      0.49    8.0   0.0    39   116    57   138    24   141 0.72 -
TRINITY_DN2205_c0_g1_i4:1224-1826   -            201 153034at33208        -            510    0.0016   16.2   0.1   3   3   0.00052     0.033   11.9   0.0    40   118   100   182    88   191 0.83 -
TRINITY_DN2205_c0_g1_i5:290-892     -            201 153034at33208        -            510    0.0016   16.2   0.1   1   3         1        64    1.0   0.0    42    93    18    74     8    80 0.58 -
TRINITY_DN2205_c0_g1_i5:290-892     -            201 153034at33208        -            510    0.0016   16.2   0.1   2   3    0.0078      0.49    8.0   0.0    39   116    57   138    24   141 0.72 -
TRINITY_DN2205_c0_g1_i5:290-892     -            201 153034at33208        -            510    0.0016   16.2   0.1   3   3   0.00052     0.033   11.9   0.0    40   118   100   182    88   191 0.83 -
TRINITY_DN8000_c0_g1_i2:884-2122    -            413 153034at33208        -            510    0.0016   16.1   0.0   1   2    0.0023      0.14    9.7   0.0    20    92    92   168    81   175 0.80 -
TRINITY_DN8000_c0_g1_i2:884-2122    -            413 153034at33208        -            510    0.0016   16.1   0.0   2   2      0.26        16    3.0   0.0    39    97   309   376   298   403 0.73 -
TRINITY_DN8000_c0_g1_i4:877-2115    -            413 153034at33208        -            510    0.0016   16.1   0.0   1   2    0.0023      0.14    9.7   0.0    20    92    92   168    81   175 0.80 -
TRINITY_DN8000_c0_g1_i4:877-2115    -            413 153034at33208        -            510    0.0016   16.1   0.0   2   2      0.26        16    3.0   0.0    39    97   309   376   298   403 0.73 -
TRINITY_DN8000_c0_g1_i6:697-1935    -            413 153034at33208        -            510    0.0016   16.1   0.0   1   2    0.0023      0.14    9.7   0.0    20    92    92   168    81   175 0.80 -
TRINITY_DN8000_c0_g1_i6:697-1935    -            413 153034at33208        -            510    0.0016   16.1   0.0   2   2      0.26        16    3.0   0.0    39    97   309   376   298   403 0.73 -
TRINITY_DN8000_c0_g1_i7:922-2160    -            413 153034at33208        -            510    0.0016   16.1   0.0   1   2    0.0023      0.14    9.7   0.0    20    92    92   168    81   175 0.80 -
TRINITY_DN8000_c0_g1_i7:922-2160    -            413 153034at33208        -            510    0.0016   16.1   0.0   2   2      0.26        16    3.0   0.0    39    97   309   376   298   403 0.73 -
TRINITY_DN5701_c0_g1_i1:385-3249    -            955 153034at33208        -            510    0.0022   15.7   7.3   1   4     0.015      0.97    7.0   0.5    10   103   279   376   270   398 0.74 -
TRINITY_DN5701_c0_g1_i1:385-3249    -            955 153034at33208        -            510    0.0022   15.7   7.3   2   4       6.5   4.1e+02   -1.7   0.0    31    58   475   503   447   508 0.70 -
TRINITY_DN5701_c0_g1_i1:385-3249    -            955 153034at33208        -            510    0.0022   15.7   7.3   3   4    0.0097      0.61    7.7   0.1    28    57   559   588   554   596 0.92 -
TRINITY_DN5701_c0_g1_i1:385-3249    -            955 153034at33208        -            510    0.0022   15.7   7.3   4   4      0.59        37    1.8   0.0    30    59   864   893   852   901 0.83 -
TRINITY_DN5701_c0_g1_i5:385-3249    -            955 153034at33208        -            510    0.0022   15.7   7.3   1   4     0.015      0.97    7.0   0.5    10   103   279   376   270   398 0.74 -
TRINITY_DN5701_c0_g1_i5:385-3249    -            955 153034at33208        -            510    0.0022   15.7   7.3   2   4       6.5   4.1e+02   -1.7   0.0    31    58   475   503   447   508 0.70 -
TRINITY_DN5701_c0_g1_i5:385-3249    -            955 153034at33208        -            510    0.0022   15.7   7.3   3   4    0.0097      0.61    7.7   0.1    28    57   559   588   554   596 0.92 -
TRINITY_DN5701_c0_g1_i5:385-3249    -            955 153034at33208        -            510    0.0022   15.7   7.3   4   4      0.59        37    1.8   0.0    30    59   864   893   852   901 0.83 -
TRINITY_DN5701_c0_g1_i2:385-3261    -            959 153034at33208        -            510    0.0022   15.7   7.3   1   4     0.016      0.98    7.0   0.5    10   103   279   376   270   398 0.74 -
TRINITY_DN5701_c0_g1_i2:385-3261    -            959 153034at33208        -            510    0.0022   15.7   7.3   2   4       6.6   4.1e+02   -1.7   0.0    31    58   475   503   447   508 0.70 -
TRINITY_DN5701_c0_g1_i2:385-3261    -            959 153034at33208        -            510    0.0022   15.7   7.3   3   4    0.0098      0.61    7.6   0.1    28    57   559   588   554   596 0.92 -
TRINITY_DN5701_c0_g1_i2:385-3261    -            959 153034at33208        -            510    0.0022   15.7   7.3   4   4      0.59        37    1.8   0.0    30    59   868   897   856   905 0.83 -
TRINITY_DN5701_c0_g1_i8:385-3261    -            959 153034at33208        -            510    0.0022   15.7   7.3   1   4     0.016      0.98    7.0   0.5    10   103   279   376   270   398 0.74 -
TRINITY_DN5701_c0_g1_i8:385-3261    -            959 153034at33208        -            510    0.0022   15.7   7.3   2   4       6.6   4.1e+02   -1.7   0.0    31    58   475   503   447   508 0.70 -
TRINITY_DN5701_c0_g1_i8:385-3261    -            959 153034at33208        -            510    0.0022   15.7   7.3   3   4    0.0098      0.61    7.6   0.1    28    57   559   588   554   596 0.92 -
TRINITY_DN5701_c0_g1_i8:385-3261    -            959 153034at33208        -            510    0.0022   15.7   7.3   4   4      0.59        37    1.8   0.0    30    59   868   897   856   905 0.83 -
TRINITY_DN1946_c0_g1_i3:522-3329    -            936 153034at33208        -            510    0.0024   15.6   6.7   1   3      0.34        21    2.6   0.0    38    59   163   184   149   203 0.77 -
TRINITY_DN1946_c0_g1_i3:522-3329    -            936 153034at33208        -            510    0.0024   15.6   6.7   2   3       1.9   1.2e+02    0.1   0.0   244   276   415   447   410   453 0.87 -
TRINITY_DN1946_c0_g1_i3:522-3329    -            936 153034at33208        -            510    0.0024   15.6   6.7   3   3   0.00048      0.03   12.0   0.9    12    93   611   698   603   702 0.77 -
TRINITY_DN1946_c0_g1_i1:522-3338    -            939 153034at33208        -            510    0.0025   15.6   6.7   1   3      0.34        21    2.6   0.0    38    59   163   184   149   203 0.77 -
TRINITY_DN1946_c0_g1_i1:522-3338    -            939 153034at33208        -            510    0.0025   15.6   6.7   2   3       1.9   1.2e+02    0.1   0.0   244   276   418   450   413   456 0.87 -
TRINITY_DN1946_c0_g1_i1:522-3338    -            939 153034at33208        -            510    0.0025   15.6   6.7   3   3   0.00048      0.03   12.0   0.9    12    93   614   701   606   705 0.77 -
TRINITY_DN15033_c0_g1_i3:5188-7269  -            694 153034at33208        -            510    0.0029   15.3   8.3   1   7       1.7     1e+02    0.3   0.0   365   391    13    39     7    76 0.84 -
TRINITY_DN15033_c0_g1_i3:5188-7269  -            694 153034at33208        -            510    0.0029   15.3   8.3   2   7       1.3        79    0.7   0.1    40    96   318   381   304   385 0.72 -
TRINITY_DN15033_c0_g1_i3:5188-7269  -            694 153034at33208        -            510    0.0029   15.3   8.3   3   7      0.12       7.7    4.0   0.2    81   123   418   460   352   482 0.66 -
TRINITY_DN15033_c0_g1_i3:5188-7269  -            694 153034at33208        -            510    0.0029   15.3   8.3   4   7       0.4        25    2.3   0.3    29    60   445   477   438   524 0.78 -
TRINITY_DN15033_c0_g1_i3:5188-7269  -            694 153034at33208        -            510    0.0029   15.3   8.3   5   7       1.3        85    0.6   0.1    43    63   510   530   490   546 0.76 -
TRINITY_DN15033_c0_g1_i3:5188-7269  -            694 153034at33208        -            510    0.0029   15.3   8.3   6   7     0.061       3.8    5.0   0.3    43    94   581   637   572   638 0.65 -
TRINITY_DN15033_c0_g1_i3:5188-7269  -            694 153034at33208        -            510    0.0029   15.3   8.3   7   7     0.046       2.9    5.4   0.0    29    78   608   658   599   683 0.85 -
TRINITY_DN15033_c0_g1_i4:5188-7269  -            694 153034at33208        -            510    0.0029   15.3   8.3   1   7       1.7     1e+02    0.3   0.0   365   391    13    39     7    76 0.84 -
TRINITY_DN15033_c0_g1_i4:5188-7269  -            694 153034at33208        -            510    0.0029   15.3   8.3   2   7       1.3        79    0.7   0.1    40    96   318   381   304   385 0.72 -
TRINITY_DN15033_c0_g1_i4:5188-7269  -            694 153034at33208        -            510    0.0029   15.3   8.3   3   7      0.12       7.7    4.0   0.2    81   123   418   460   352   482 0.66 -
TRINITY_DN15033_c0_g1_i4:5188-7269  -            694 153034at33208        -            510    0.0029   15.3   8.3   4   7       0.4        25    2.3   0.3    29    60   445   477   438   524 0.78 -
TRINITY_DN15033_c0_g1_i4:5188-7269  -            694 153034at33208        -            510    0.0029   15.3   8.3   5   7       1.3        85    0.6   0.1    43    63   510   530   490   546 0.76 -
TRINITY_DN15033_c0_g1_i4:5188-7269  -            694 153034at33208        -            510    0.0029   15.3   8.3   6   7     0.061       3.8    5.0   0.3    43    94   581   637   572   638 0.65 -
TRINITY_DN15033_c0_g1_i4:5188-7269  -            694 153034at33208        -            510    0.0029   15.3   8.3   7   7     0.046       2.9    5.4   0.0    29    78   608   658   599   683 0.85 -
TRINITY_DN15033_c0_g1_i3:6898-7368  -            157 153034at33208        -            510    0.0033   15.1   0.2   1   2    0.0088      0.56    7.8   0.4    43    94    11    67     3    67 0.65 -
TRINITY_DN15033_c0_g1_i3:6898-7368  -            157 153034at33208        -            510    0.0033   15.1   0.2   2   2    0.0038      0.24    9.0   0.0    29    78    38    88    31   118 0.84 -
TRINITY_DN15033_c0_g1_i4:6898-7368  -            157 153034at33208        -            510    0.0033   15.1   0.2   1   2    0.0088      0.56    7.8   0.4    43    94    11    67     3    67 0.65 -
TRINITY_DN15033_c0_g1_i4:6898-7368  -            157 153034at33208        -            510    0.0033   15.1   0.2   2   2    0.0038      0.24    9.0   0.0    29    78    38    88    31   118 0.84 -
TRINITY_DN6284_c0_g1_i2:3590-4195   -            202 153034at33208        -            510     0.005   14.5   0.0   1   1   9.8e-05    0.0062   14.2   0.0    12    94    58   148    48   162 0.70 -
TRINITY_DN6284_c0_g1_i3:3590-4195   -            202 153034at33208        -            510     0.005   14.5   0.0   1   1   9.8e-05    0.0062   14.2   0.0    12    94    58   148    48   162 0.70 -
TRINITY_DN6284_c0_g1_i7:3590-4195   -            202 153034at33208        -            510     0.005   14.5   0.0   1   1   9.8e-05    0.0062   14.2   0.0    12    94    58   148    48   162 0.70 -
TRINITY_DN6602_c0_g1_i1:380-1705    -            442 153034at33208        -            510    0.0061   14.3   0.0   1   2   0.00076     0.048   11.3   0.0    44   103    82   146    65   157 0.77 -
TRINITY_DN6602_c0_g1_i1:380-1705    -            442 153034at33208        -            510    0.0061   14.3   0.0   2   2       1.7   1.1e+02    0.2   0.0    19    59   313   352   292   356 0.82 -
TRINITY_DN6602_c0_g1_i2:318-1643    -            442 153034at33208        -            510    0.0061   14.3   0.0   1   2   0.00076     0.048   11.3   0.0    44   103    82   146    65   157 0.77 -
TRINITY_DN6602_c0_g1_i2:318-1643    -            442 153034at33208        -            510    0.0061   14.3   0.0   2   2       1.7   1.1e+02    0.2   0.0    19    59   313   352   292   356 0.82 -
TRINITY_DN3879_c0_g1_i3:35-2734     -            900 153034at33208        -            510    0.0062   14.2   5.6   1   3      0.38        24    2.4   0.0    43    93   241   297   201   303 0.72 -
TRINITY_DN3879_c0_g1_i3:35-2734     -            900 153034at33208        -            510    0.0062   14.2   5.6   2   3    0.0024      0.15    9.7   0.4    28    61   475   509   466   517 0.83 -
TRINITY_DN3879_c0_g1_i3:35-2734     -            900 153034at33208        -            510    0.0062   14.2   5.6   3   3      0.33        21    2.6   0.1    29    57   559   588   538   597 0.84 -
TRINITY_DN3879_c0_g1_i2:35-2737     -            901 153034at33208        -            510    0.0062   14.2   5.6   1   3      0.38        24    2.4   0.0    43    93   241   297   201   303 0.72 -
TRINITY_DN3879_c0_g1_i2:35-2737     -            901 153034at33208        -            510    0.0062   14.2   5.6   2   3    0.0024      0.15    9.7   0.4    28    61   475   509   466   517 0.83 -
TRINITY_DN3879_c0_g1_i2:35-2737     -            901 153034at33208        -            510    0.0062   14.2   5.6   3   3      0.34        21    2.6   0.1    29    57   559   588   538   597 0.84 -
TRINITY_DN65228_c0_g1_i1:126-1040   -            305 153034at33208        -            510      0.01   13.5   0.7   1   3       5.6   3.5e+02   -1.4   0.0    42    65    19    43     4    83 0.46 -
TRINITY_DN65228_c0_g1_i1:126-1040   -            305 153034at33208        -            510      0.01   13.5   0.7   2   3       2.2   1.4e+02   -0.1   0.0    29    68    53    95    42   103 0.66 -
TRINITY_DN65228_c0_g1_i1:126-1040   -            305 153034at33208        -            510      0.01   13.5   0.7   3   3   0.00055     0.035   11.8   0.3    30   100    97   176    76   195 0.77 -
TRINITY_DN65228_c0_g1_i2:126-1040   -            305 153034at33208        -            510      0.01   13.5   0.7   1   3       5.6   3.5e+02   -1.4   0.0    42    65    19    43     4    83 0.46 -
TRINITY_DN65228_c0_g1_i2:126-1040   -            305 153034at33208        -            510      0.01   13.5   0.7   2   3       2.2   1.4e+02   -0.1   0.0    29    68    53    95    42   103 0.66 -
TRINITY_DN65228_c0_g1_i2:126-1040   -            305 153034at33208        -            510      0.01   13.5   0.7   3   3   0.00055     0.035   11.8   0.3    30   100    97   176    76   195 0.77 -
TRINITY_DN65228_c0_g1_i3:127-1041   -            305 153034at33208        -            510      0.01   13.5   0.7   1   3       5.6   3.5e+02   -1.4   0.0    42    65    19    43     4    83 0.46 -
TRINITY_DN65228_c0_g1_i3:127-1041   -            305 153034at33208        -            510      0.01   13.5   0.7   2   3       2.2   1.4e+02   -0.1   0.0    29    68    53    95    42   103 0.66 -
TRINITY_DN65228_c0_g1_i3:127-1041   -            305 153034at33208        -            510      0.01   13.5   0.7   3   3   0.00055     0.035   11.8   0.3    30   100    97   176    76   195 0.77 -
TRINITY_DN3008_c0_g1_i1:58-981      -            308 153034at33208        -            510     0.013   13.2   0.6   1   1   0.00038     0.024   12.3   0.6    29    94   105   177    79   180 0.80 -
TRINITY_DN3008_c0_g1_i2:70-993      -            308 153034at33208        -            510     0.013   13.2   0.6   1   1   0.00038     0.024   12.3   0.6    29    94   105   177    79   180 0.80 -
TRINITY_DN9341_c0_g1_i1:1081-1455   -            125 153034at33208        -            510     0.015   12.9   0.1   1   2    0.0037      0.23    9.0   0.0    40    95     5    67     2    80 0.79 -
TRINITY_DN9341_c0_g1_i1:1081-1455   -            125 153034at33208        -            510     0.015   12.9   0.1   2   2      0.43        27    2.2   0.1    33    58    85   110    78   121 0.81 -
TRINITY_DN9341_c0_g1_i2:1080-1454   -            125 153034at33208        -            510     0.015   12.9   0.1   1   2    0.0037      0.23    9.0   0.0    40    95     5    67     2    80 0.79 -
TRINITY_DN9341_c0_g1_i2:1080-1454   -            125 153034at33208        -            510     0.015   12.9   0.1   2   2      0.43        27    2.2   0.1    33    58    85   110    78   121 0.81 -
TRINITY_DN17094_c1_g1_i13:1458-2156 -            233 153034at33208        -            510      0.02   12.5   3.0   1   3      0.07       4.4    4.8   1.5    40    97   103   122    23   142 0.54 -
TRINITY_DN17094_c1_g1_i13:1458-2156 -            233 153034at33208        -            510      0.02   12.5   3.0   2   3      0.22        14    3.2   0.1    24    76   126   175   119   181 0.78 -
TRINITY_DN17094_c1_g1_i13:1458-2156 -            233 153034at33208        -            510      0.02   12.5   3.0   3   3     0.059       3.7    5.1   0.1    27    70   169   211   152   230 0.69 -
TRINITY_DN9763_c0_g1_i1:30-1094     -            355 153034at33208        -            510      0.02   12.5   0.0   1   1   0.00083     0.053   11.2   0.0    41   103   160   227   138   241 0.69 -
TRINITY_DN249_c0_g1_i2:308-1312     -            335 153034at33208        -            510     0.027   12.1   0.2   1   2     0.011      0.66    7.5   0.1    29    94   101   171    95   177 0.75 -
TRINITY_DN249_c0_g1_i2:308-1312     -            335 153034at33208        -            510     0.027   12.1   0.2   2   2      0.54        34    1.9   0.0    38    57   279   298   231   304 0.83 -
TRINITY_DN8283_c0_g1_i1:502-1302    -            267 153034at33208        -            510     0.029   12.0   4.6   1   3     0.015      0.93    7.1   1.3    43   102    53   115    17   130 0.58 -
TRINITY_DN8283_c0_g1_i1:502-1302    -            267 153034at33208        -            510     0.029   12.0   4.6   2   3    0.0038      0.24    9.0   1.8    21    94    72   148    57   157 0.68 -
TRINITY_DN8283_c0_g1_i1:502-1302    -            267 153034at33208        -            510     0.029   12.0   4.6   3   3     0.025       1.5    6.3   0.2    29    82   120   172   110   225 0.80 -
TRINITY_DN8283_c0_g1_i2:464-1264    -            267 153034at33208        -            510     0.029   12.0   4.6   1   3     0.015      0.93    7.1   1.3    43   102    53   115    17   130 0.58 -
TRINITY_DN8283_c0_g1_i2:464-1264    -            267 153034at33208        -            510     0.029   12.0   4.6   2   3    0.0038      0.24    9.0   1.8    21    94    72   148    57   157 0.68 -
TRINITY_DN8283_c0_g1_i2:464-1264    -            267 153034at33208        -            510     0.029   12.0   4.6   3   3     0.025       1.5    6.3   0.2    29    82   120   172   110   225 0.80 -
TRINITY_DN8283_c0_g1_i3:366-1166    -            267 153034at33208        -            510     0.029   12.0   4.6   1   3     0.015      0.93    7.1   1.3    43   102    53   115    17   130 0.58 -
TRINITY_DN8283_c0_g1_i3:366-1166    -            267 153034at33208        -            510     0.029   12.0   4.6   2   3    0.0038      0.24    9.0   1.8    21    94    72   148    57   157 0.68 -
TRINITY_DN8283_c0_g1_i3:366-1166    -            267 153034at33208        -            510     0.029   12.0   4.6   3   3     0.025       1.5    6.3   0.2    29    82   120   172   110   225 0.80 -
TRINITY_DN8283_c0_g1_i6:463-1263    -            267 153034at33208        -            510     0.029   12.0   4.6   1   3     0.015      0.93    7.1   1.3    43   102    53   115    17   130 0.58 -
TRINITY_DN8283_c0_g1_i6:463-1263    -            267 153034at33208        -            510     0.029   12.0   4.6   2   3    0.0038      0.24    9.0   1.8    21    94    72   148    57   157 0.68 -
TRINITY_DN8283_c0_g1_i6:463-1263    -            267 153034at33208        -            510     0.029   12.0   4.6   3   3     0.025       1.5    6.3   0.2    29    82   120   172   110   225 0.80 -
TRINITY_DN249_c0_g1_i4:308-1312     -            335 153034at33208        -            510     0.033   11.8   0.6   1   2    0.0092      0.58    7.7   0.2    29    94   101   171    87   178 0.77 -
TRINITY_DN249_c0_g1_i4:308-1312     -            335 153034at33208        -            510     0.033   11.8   0.6   2   2      0.54        34    1.9   0.0    38    57   279   298   231   304 0.83 -
TRINITY_DN6744_c0_g1_i9:365-1090    -            242 153034at33208        -            510     0.053   11.2   0.0   1   2       2.4   1.5e+02   -0.2   0.0    37    60    36    59     3   129 0.75 -
TRINITY_DN6744_c0_g1_i9:365-1090    -            242 153034at33208        -            510     0.053   11.2   0.0   2   2    0.0034      0.21    9.2   0.0    39    93   182   241   159   242 0.76 -
TRINITY_DN1479_c0_g1_i4:466-1455    -            330 153034at33208        -            510     0.053   11.2   0.9   1   2    0.0045      0.28    8.8   0.0    41    96    70   132    55   142 0.77 -
TRINITY_DN1479_c0_g1_i4:466-1455    -            330 153034at33208        -            510     0.053   11.2   0.9   2   2       2.1   1.3e+02   -0.0   0.1    31    93   148   217   134   221 0.68 -
TRINITY_DN1479_c0_g1_i7:207-1196    -            330 153034at33208        -            510     0.053   11.2   0.9   1   2    0.0045      0.28    8.8   0.0    41    96    70   132    55   142 0.77 -
TRINITY_DN1479_c0_g1_i7:207-1196    -            330 153034at33208        -            510     0.053   11.2   0.9   2   2       2.1   1.3e+02   -0.0   0.1    31    93   148   217   134   221 0.68 -
TRINITY_DN1479_c0_g1_i8:531-1520    -            330 153034at33208        -            510     0.053   11.2   0.9   1   2    0.0045      0.28    8.8   0.0    41    96    70   132    55   142 0.77 -
TRINITY_DN1479_c0_g1_i8:531-1520    -            330 153034at33208        -            510     0.053   11.2   0.9   2   2       2.1   1.3e+02   -0.0   0.1    31    93   148   217   134   221 0.68 -
TRINITY_DN6744_c0_g1_i4:308-1033    -            242 153034at33208        -            510     0.054   11.1   0.0   1   2       2.5   1.6e+02   -0.3   0.0    36    60    35    59     3   126 0.76 -
TRINITY_DN6744_c0_g1_i4:308-1033    -            242 153034at33208        -            510     0.054   11.1   0.0   2   2    0.0034      0.21    9.2   0.0    39    93   182   241   159   242 0.76 -
TRINITY_DN6744_c0_g1_i1:280-1005    -            242 153034at33208        -            510     0.055   11.1   0.0   1   2       2.5   1.6e+02   -0.3   0.0    36    60    35    59     3   126 0.77 -
TRINITY_DN6744_c0_g1_i1:280-1005    -            242 153034at33208        -            510     0.055   11.1   0.0   2   2    0.0034      0.21    9.2   0.0    39    93   182   241   159   242 0.76 -
TRINITY_DN6744_c0_g1_i3:308-1033    -            242 153034at33208        -            510     0.055   11.1   0.0   1   2       2.5   1.6e+02   -0.3   0.0    36    60    35    59     3   126 0.77 -
TRINITY_DN6744_c0_g1_i3:308-1033    -            242 153034at33208        -            510     0.055   11.1   0.0   2   2    0.0034      0.21    9.2   0.0    39    93   182   241   159   242 0.76 -
TRINITY_DN6744_c0_g1_i6:403-1128    -            242 153034at33208        -            510     0.055   11.1   0.0   1   2       2.5   1.6e+02   -0.3   0.0    36    60    35    59     3   126 0.77 -
TRINITY_DN6744_c0_g1_i6:403-1128    -            242 153034at33208        -            510     0.055   11.1   0.0   2   2    0.0034      0.21    9.2   0.0    39    93   182   241   159   242 0.76 -
TRINITY_DN24934_c0_g1_i2:124-1065   -            314 153034at33208        -            510     0.059   11.0   1.6   1   2       5.1   3.2e+02   -1.3   0.8    21    95    36    74     1   118 0.53 -
TRINITY_DN24934_c0_g1_i2:124-1065   -            314 153034at33208        -            510     0.059   11.0   1.6   2   2    0.0013      0.08   10.6   0.0    29   117   210   302   200   306 0.83 -
TRINITY_DN24934_c0_g1_i5:124-1065   -            314 153034at33208        -            510     0.059   11.0   1.6   1   2       5.1   3.2e+02   -1.3   0.8    21    95    36    74     1   118 0.53 -
TRINITY_DN24934_c0_g1_i5:124-1065   -            314 153034at33208        -            510     0.059   11.0   1.6   2   2    0.0013      0.08   10.6   0.0    29   117   210   302   200   306 0.83 -
TRINITY_DN6307_c0_g1_i1:736-1458    -            241 153034at33208        -            510     0.061   11.0   0.2   1   1    0.0014     0.085   10.5   0.2    25    60    10    46     2    93 0.63 -
TRINITY_DN6307_c0_g1_i3:737-1459    -            241 153034at33208        -            510     0.061   11.0   0.2   1   1    0.0014     0.085   10.5   0.2    25    60    10    46     2    93 0.63 -
TRINITY_DN6307_c0_g1_i4:694-1416    -            241 153034at33208        -            510     0.061   11.0   0.2   1   1    0.0014     0.085   10.5   0.2    25    60    10    46     2    93 0.63 -
TRINITY_DN1479_c0_g1_i2:466-1275    -            270 153034at33208        -            510     0.063   10.9   1.3   1   2    0.0061      0.38    8.3   0.0    42    96    11    72     3    77 0.79 -
TRINITY_DN1479_c0_g1_i2:466-1275    -            270 153034at33208        -            510     0.063   10.9   1.3   2   2       1.5        92    0.5   0.1    30    93    87   157    73   161 0.68 -
TRINITY_DN1479_c0_g1_i1:2-985       -            328 153034at33208        -            510     0.065   10.9   1.0   1   2    0.0052      0.33    8.6   0.0    41    96    70   132    56   139 0.77 -
TRINITY_DN1479_c0_g1_i1:2-985       -            328 153034at33208        -            510     0.065   10.9   1.0   2   2       2.1   1.3e+02   -0.0   0.1    31    93   148   217   134   221 0.68 -
TRINITY_DN1479_c0_g1_i6:2-985       -            328 153034at33208        -            510     0.065   10.9   1.0   1   2    0.0052      0.33    8.6   0.0    41    96    70   132    56   139 0.77 -
TRINITY_DN1479_c0_g1_i6:2-985       -            328 153034at33208        -            510     0.065   10.9   1.0   2   2       2.1   1.3e+02   -0.0   0.1    31    93   148   217   134   221 0.68 -
TRINITY_DN7685_c0_g1_i1:868-1032    -             55 153034at33208        -            510     0.078   10.6   0.0   1   1    0.0012     0.078   10.6   0.0    41    60    14    33     1    51 0.79 -
TRINITY_DN7685_c0_g1_i2:868-1032    -             55 153034at33208        -            510     0.078   10.6   0.0   1   1    0.0012     0.078   10.6   0.0    41    60    14    33     1    51 0.79 -
#
# Program:         hmmsearch
# Version:         3.1b2 (February 2015)
# Pipeline mode:   SEARCH
# Query file:      /busco_wd/busco_downloads/lineages/metazoa_odb10/hmms/153034at33208.hmm
# Target file:     /busco_wd/BUSCO/run_metazoa_odb10/metaeuk_output/initial_results/Trinity.fasta.modified.fas
# Option settings: hmmsearch --domtblout /busco_wd/BUSCO/run_metazoa_odb10/hmmer_output/initial_run_results/153034at33208.out --cpu 1 /busco_wd/busco_downloads/lineages/metazoa_odb10/hmms/153034at33208.hmm /busco_wd/BUSCO/run_metazoa_odb10/metaeuk_output/initial_results/Trinity.fasta.modified.fas 
# Current dir:     /busco_wd
# Date:            Tue Nov 23 09:00:31 2021
# [ok]
