#                                                                                          --- full sequence --- -------------- this domain -------------   hmm coord   ali coord   env coord
# target name                      accession   tlen query name           accession   qlen   E-value  score  bias   #  of  c-Evalue  i-Evalue  score  bias  from    to  from    to  from    to  acc description of target
#              ------------------- ---------- ----- -------------------- ---------- ----- --------- ------ ----- --- --- --------- --------- ------ ----- ----- ----- ----- ----- ----- ----- ---- ---------------------
TRINITY_DN5165_c0_g1_i1:119-2296   -            726 177858at33208        -            591  3.6e-258  856.8   4.8   1   2   7.1e-79   3.8e-77  259.0   1.4     2   196     4   242     3   247 0.90 -
TRINITY_DN5165_c0_g1_i1:119-2296   -            726 177858at33208        -            591  3.6e-258  856.8   4.8   2   2  1.6e-181  8.4e-180  598.0   0.1   200   591   276   720   267   720 0.90 -
TRINITY_DN29307_c0_g2_i1:556-1683  -            376 177858at33208        -            591   2.1e-52  177.3   6.3   1   3   2.6e-07   1.4e-05   22.7   0.0     2    62     5    65     4    72 0.94 -
TRINITY_DN29307_c0_g2_i1:556-1683  -            376 177858at33208        -            591   2.1e-52  177.3   6.3   2   3   6.3e-23   3.4e-21   74.2   0.9   206   364    73   234    67   240 0.89 -
TRINITY_DN29307_c0_g2_i1:556-1683  -            376 177858at33208        -            591   2.1e-52  177.3   6.3   3   3   2.1e-25   1.1e-23   82.4   0.2   393   514   241   365   236   372 0.86 -
TRINITY_DN1613_c0_g1_i10:1529-2944 -            472 177858at33208        -            591   3.3e-52  176.6   0.0   1   3   1.1e-11   5.6e-10   37.2   0.0     2    62    45   105    44   116 0.92 -
TRINITY_DN1613_c0_g1_i10:1529-2944 -            472 177858at33208        -            591   3.3e-52  176.6   0.0   2   3     3e-17   1.6e-15   55.5   0.0   199   328   116   252   108   274 0.82 -
TRINITY_DN1613_c0_g1_i10:1529-2944 -            472 177858at33208        -            591   3.3e-52  176.6   0.0   3   3   7.2e-25   3.8e-23   80.6   0.0   382   498   283   402   267   412 0.90 -
TRINITY_DN1613_c0_g1_i11:1530-2945 -            472 177858at33208        -            591   3.3e-52  176.6   0.0   1   3   1.1e-11   5.6e-10   37.2   0.0     2    62    45   105    44   116 0.92 -
TRINITY_DN1613_c0_g1_i11:1530-2945 -            472 177858at33208        -            591   3.3e-52  176.6   0.0   2   3     3e-17   1.6e-15   55.5   0.0   199   328   116   252   108   274 0.82 -
TRINITY_DN1613_c0_g1_i11:1530-2945 -            472 177858at33208        -            591   3.3e-52  176.6   0.0   3   3   7.2e-25   3.8e-23   80.6   0.0   382   498   283   402   267   412 0.90 -
TRINITY_DN1613_c0_g1_i14:1564-2979 -            472 177858at33208        -            591   3.3e-52  176.6   0.0   1   3   1.1e-11   5.6e-10   37.2   0.0     2    62    45   105    44   116 0.92 -
TRINITY_DN1613_c0_g1_i14:1564-2979 -            472 177858at33208        -            591   3.3e-52  176.6   0.0   2   3     3e-17   1.6e-15   55.5   0.0   199   328   116   252   108   274 0.82 -
TRINITY_DN1613_c0_g1_i14:1564-2979 -            472 177858at33208        -            591   3.3e-52  176.6   0.0   3   3   7.2e-25   3.8e-23   80.6   0.0   382   498   283   402   267   412 0.90 -
TRINITY_DN1613_c0_g1_i18:1532-2947 -            472 177858at33208        -            591   3.3e-52  176.6   0.0   1   3   1.1e-11   5.6e-10   37.2   0.0     2    62    45   105    44   116 0.92 -
TRINITY_DN1613_c0_g1_i18:1532-2947 -            472 177858at33208        -            591   3.3e-52  176.6   0.0   2   3     3e-17   1.6e-15   55.5   0.0   199   328   116   252   108   274 0.82 -
TRINITY_DN1613_c0_g1_i18:1532-2947 -            472 177858at33208        -            591   3.3e-52  176.6   0.0   3   3   7.2e-25   3.8e-23   80.6   0.0   382   498   283   402   267   412 0.90 -
TRINITY_DN1613_c0_g1_i6:1758-3173  -            472 177858at33208        -            591   3.3e-52  176.6   0.0   1   3   1.1e-11   5.6e-10   37.2   0.0     2    62    45   105    44   116 0.92 -
TRINITY_DN1613_c0_g1_i6:1758-3173  -            472 177858at33208        -            591   3.3e-52  176.6   0.0   2   3     3e-17   1.6e-15   55.5   0.0   199   328   116   252   108   274 0.82 -
TRINITY_DN1613_c0_g1_i6:1758-3173  -            472 177858at33208        -            591   3.3e-52  176.6   0.0   3   3   7.2e-25   3.8e-23   80.6   0.0   382   498   283   402   267   412 0.90 -
TRINITY_DN5255_c0_g1_i10:598-1809  -            404 177858at33208        -            591   6.8e-52  175.6   0.4   1   3     2e-09   1.1e-07   29.6   0.0     2    66    20    84    19    90 0.93 -
TRINITY_DN5255_c0_g1_i10:598-1809  -            404 177858at33208        -            591   6.8e-52  175.6   0.4   2   3   2.9e-21   1.6e-19   68.7   0.0   200   295    90   198    85   250 0.80 -
TRINITY_DN5255_c0_g1_i10:598-1809  -            404 177858at33208        -            591   6.8e-52  175.6   0.4   3   3   4.9e-23   2.6e-21   74.6   0.1   398   498   273   376   233   380 0.91 -
TRINITY_DN5255_c0_g1_i8:598-1809   -            404 177858at33208        -            591   6.8e-52  175.6   0.4   1   3     2e-09   1.1e-07   29.6   0.0     2    66    20    84    19    90 0.93 -
TRINITY_DN5255_c0_g1_i8:598-1809   -            404 177858at33208        -            591   6.8e-52  175.6   0.4   2   3   2.9e-21   1.6e-19   68.7   0.0   200   295    90   198    85   250 0.80 -
TRINITY_DN5255_c0_g1_i8:598-1809   -            404 177858at33208        -            591   6.8e-52  175.6   0.4   3   3   4.9e-23   2.6e-21   74.6   0.1   398   498   273   376   233   380 0.91 -
TRINITY_DN5289_c0_g1_i1:151-1317   -            389 177858at33208        -            591   7.6e-52  175.4   0.0   1   3   1.6e-08   8.3e-07   26.7   0.0     8    65    14    71     7    78 0.89 -
TRINITY_DN5289_c0_g1_i1:151-1317   -            389 177858at33208        -            591   7.6e-52  175.4   0.0   2   3   1.9e-21     1e-19   69.3   0.0   204   341    80   219    71   239 0.83 -
TRINITY_DN5289_c0_g1_i1:151-1317   -            389 177858at33208        -            591   7.6e-52  175.4   0.0   3   3   1.5e-23     8e-22   76.3   0.0   396   499   253   362   236   375 0.84 -
TRINITY_DN13308_c0_g1_i2:471-1745  -            425 177858at33208        -            591   2.3e-49  167.2   0.0   1   3   1.3e-10   7.1e-09   33.5   0.0    13    65    46    99    34   108 0.84 -
TRINITY_DN13308_c0_g1_i2:471-1745  -            425 177858at33208        -            591   2.3e-49  167.2   0.0   2   3   4.1e-18   2.2e-16   58.3   0.0   203   355   115   274   103   280 0.78 -
TRINITY_DN13308_c0_g1_i2:471-1745  -            425 177858at33208        -            591   2.3e-49  167.2   0.0   3   3   2.7e-22   1.4e-20   72.2   0.0   398   496   295   396   262   405 0.90 -
TRINITY_DN13308_c0_g1_i3:366-1745  -            460 177858at33208        -            591   2.5e-49  167.1   0.0   1   3   1.3e-10   7.1e-09   33.5   0.0    13    65    46    99    34   113 0.84 -
TRINITY_DN13308_c0_g1_i3:366-1745  -            460 177858at33208        -            591   2.5e-49  167.1   0.0   2   3   4.6e-18   2.5e-16   58.2   0.0   203   355   115   274   101   280 0.78 -
TRINITY_DN13308_c0_g1_i3:366-1745  -            460 177858at33208        -            591   2.5e-49  167.1   0.0   3   3   2.6e-22   1.4e-20   72.2   0.0   398   497   295   397   275   433 0.89 -
TRINITY_DN13308_c0_g1_i4:366-1745  -            460 177858at33208        -            591   2.5e-49  167.1   0.0   1   3   1.3e-10   7.1e-09   33.5   0.0    13    65    46    99    34   113 0.84 -
TRINITY_DN13308_c0_g1_i4:366-1745  -            460 177858at33208        -            591   2.5e-49  167.1   0.0   2   3   4.6e-18   2.5e-16   58.2   0.0   203   355   115   274   101   280 0.78 -
TRINITY_DN13308_c0_g1_i4:366-1745  -            460 177858at33208        -            591   2.5e-49  167.1   0.0   3   3   2.6e-22   1.4e-20   72.2   0.0   398   497   295   397   275   433 0.89 -
TRINITY_DN5382_c0_g1_i1:1827-3320  -            498 177858at33208        -            591   1.4e-48  164.6   0.0   1   3   1.8e-11   9.4e-10   36.4   0.0     1    61    44   104    44   113 0.93 -
TRINITY_DN5382_c0_g1_i1:1827-3320  -            498 177858at33208        -            591   1.4e-48  164.6   0.0   2   3   4.1e-17   2.2e-15   55.0   0.0   204   338   124   265   116   290 0.78 -
TRINITY_DN5382_c0_g1_i1:1827-3320  -            498 177858at33208        -            591   1.4e-48  164.6   0.0   3   3   1.4e-21   7.6e-20   69.8   0.0   389   497   293   404   284   415 0.91 -
TRINITY_DN5382_c0_g1_i3:1827-3320  -            498 177858at33208        -            591   1.4e-48  164.6   0.0   1   3   1.8e-11   9.4e-10   36.4   0.0     1    61    44   104    44   113 0.93 -
TRINITY_DN5382_c0_g1_i3:1827-3320  -            498 177858at33208        -            591   1.4e-48  164.6   0.0   2   3   4.1e-17   2.2e-15   55.0   0.0   204   338   124   265   116   290 0.78 -
TRINITY_DN5382_c0_g1_i3:1827-3320  -            498 177858at33208        -            591   1.4e-48  164.6   0.0   3   3   1.4e-21   7.6e-20   69.8   0.0   389   497   293   404   284   415 0.91 -
TRINITY_DN5382_c0_g1_i6:1827-3320  -            498 177858at33208        -            591   1.4e-48  164.6   0.0   1   3   1.8e-11   9.4e-10   36.4   0.0     1    61    44   104    44   113 0.93 -
TRINITY_DN5382_c0_g1_i6:1827-3320  -            498 177858at33208        -            591   1.4e-48  164.6   0.0   2   3   4.1e-17   2.2e-15   55.0   0.0   204   338   124   265   116   290 0.78 -
TRINITY_DN5382_c0_g1_i6:1827-3320  -            498 177858at33208        -            591   1.4e-48  164.6   0.0   3   3   1.4e-21   7.6e-20   69.8   0.0   389   497   293   404   284   415 0.91 -
TRINITY_DN5382_c0_g1_i7:1827-3320  -            498 177858at33208        -            591   1.4e-48  164.6   0.0   1   3   1.8e-11   9.4e-10   36.4   0.0     1    61    44   104    44   113 0.93 -
TRINITY_DN5382_c0_g1_i7:1827-3320  -            498 177858at33208        -            591   1.4e-48  164.6   0.0   2   3   4.1e-17   2.2e-15   55.0   0.0   204   338   124   265   116   290 0.78 -
TRINITY_DN5382_c0_g1_i7:1827-3320  -            498 177858at33208        -            591   1.4e-48  164.6   0.0   3   3   1.4e-21   7.6e-20   69.8   0.0   389   497   293   404   284   415 0.91 -
TRINITY_DN5382_c0_g1_i8:1827-3320  -            498 177858at33208        -            591   1.4e-48  164.6   0.0   1   3   1.8e-11   9.4e-10   36.4   0.0     1    61    44   104    44   113 0.93 -
TRINITY_DN5382_c0_g1_i8:1827-3320  -            498 177858at33208        -            591   1.4e-48  164.6   0.0   2   3   4.1e-17   2.2e-15   55.0   0.0   204   338   124   265   116   290 0.78 -
TRINITY_DN5382_c0_g1_i8:1827-3320  -            498 177858at33208        -            591   1.4e-48  164.6   0.0   3   3   1.4e-21   7.6e-20   69.8   0.0   389   497   293   404   284   415 0.91 -
TRINITY_DN477_c0_g1_i1:311-1471    -            387 177858at33208        -            591   1.5e-47  161.3   0.3   1   3   4.4e-08   2.3e-06   25.2   0.0     2    71    22    91    21    92 0.94 -
TRINITY_DN477_c0_g1_i1:311-1471    -            387 177858at33208        -            591   1.5e-47  161.3   0.3   2   3   4.8e-16   2.6e-14   51.5   0.0   205   363    89   250    85   257 0.85 -
TRINITY_DN477_c0_g1_i1:311-1471    -            387 177858at33208        -            591   1.5e-47  161.3   0.3   3   3   1.4e-25   7.3e-24   83.0   0.0   393   497   258   365   247   381 0.92 -
TRINITY_DN477_c0_g1_i2:312-1472    -            387 177858at33208        -            591   1.5e-47  161.3   0.3   1   3   4.4e-08   2.3e-06   25.2   0.0     2    71    22    91    21    92 0.94 -
TRINITY_DN477_c0_g1_i2:312-1472    -            387 177858at33208        -            591   1.5e-47  161.3   0.3   2   3   4.8e-16   2.6e-14   51.5   0.0   205   363    89   250    85   257 0.85 -
TRINITY_DN477_c0_g1_i2:312-1472    -            387 177858at33208        -            591   1.5e-47  161.3   0.3   3   3   1.4e-25   7.3e-24   83.0   0.0   393   497   258   365   247   381 0.92 -
TRINITY_DN2507_c0_g1_i1:281-1615   -            445 177858at33208        -            591   2.8e-47  160.4   0.1   1   2     8e-07   4.3e-05   21.0   0.0     2    61    65   125    64   133 0.90 -
TRINITY_DN2507_c0_g1_i1:281-1615   -            445 177858at33208        -            591   2.8e-47  160.4   0.1   2   2   4.4e-40   2.3e-38  130.9   0.0   202   495   134   414   126   417 0.83 -
TRINITY_DN2507_c0_g1_i8:281-1851   -            445 177858at33208        -            591   2.8e-47  160.4   0.1   1   2     8e-07   4.3e-05   21.0   0.0     2    61    65   125    64   133 0.90 -
TRINITY_DN2507_c0_g1_i8:281-1851   -            445 177858at33208        -            591   2.8e-47  160.4   0.1   2   2   4.4e-40   2.3e-38  130.9   0.0   202   495   134   414   126   417 0.83 -
TRINITY_DN702_c0_g1_i2:424-1632    -            403 177858at33208        -            591   3.3e-47  160.1   3.0   1   3   6.5e-17   3.5e-15   54.4   0.0     2    64     5    67     4    73 0.95 -
TRINITY_DN702_c0_g1_i2:424-1632    -            403 177858at33208        -            591   3.3e-47  160.1   3.0   2   3   4.2e-13   2.2e-11   41.8   0.1   207   332    74   203    67   219 0.75 -
TRINITY_DN702_c0_g1_i2:424-1632    -            403 177858at33208        -            591   3.3e-47  160.1   3.0   3   3   1.1e-19   5.8e-18   63.5   0.1   382   500   230   351   227   381 0.86 -
TRINITY_DN702_c0_g1_i3:127-1335    -            403 177858at33208        -            591   3.3e-47  160.1   3.0   1   3   6.5e-17   3.5e-15   54.4   0.0     2    64     5    67     4    73 0.95 -
TRINITY_DN702_c0_g1_i3:127-1335    -            403 177858at33208        -            591   3.3e-47  160.1   3.0   2   3   4.2e-13   2.2e-11   41.8   0.1   207   332    74   203    67   219 0.75 -
TRINITY_DN702_c0_g1_i3:127-1335    -            403 177858at33208        -            591   3.3e-47  160.1   3.0   3   3   1.1e-19   5.8e-18   63.5   0.1   382   500   230   351   227   381 0.86 -
TRINITY_DN702_c0_g1_i4:127-1335    -            403 177858at33208        -            591   3.3e-47  160.1   3.0   1   3   6.5e-17   3.5e-15   54.4   0.0     2    64     5    67     4    73 0.95 -
TRINITY_DN702_c0_g1_i4:127-1335    -            403 177858at33208        -            591   3.3e-47  160.1   3.0   2   3   4.2e-13   2.2e-11   41.8   0.1   207   332    74   203    67   219 0.75 -
TRINITY_DN702_c0_g1_i4:127-1335    -            403 177858at33208        -            591   3.3e-47  160.1   3.0   3   3   1.1e-19   5.8e-18   63.5   0.1   382   500   230   351   227   381 0.86 -
TRINITY_DN702_c0_g1_i6:439-1647    -            403 177858at33208        -            591   3.3e-47  160.1   3.0   1   3   6.5e-17   3.5e-15   54.4   0.0     2    64     5    67     4    73 0.95 -
TRINITY_DN702_c0_g1_i6:439-1647    -            403 177858at33208        -            591   3.3e-47  160.1   3.0   2   3   4.2e-13   2.2e-11   41.8   0.1   207   332    74   203    67   219 0.75 -
TRINITY_DN702_c0_g1_i6:439-1647    -            403 177858at33208        -            591   3.3e-47  160.1   3.0   3   3   1.1e-19   5.8e-18   63.5   0.1   382   500   230   351   227   381 0.86 -
TRINITY_DN1043_c0_g1_i1:342-1406   -            355 177858at33208        -            591   3.6e-45  153.4   3.0   1   3   9.3e-12     5e-10   37.3   0.0     3    63     2    62     1    66 0.93 -
TRINITY_DN1043_c0_g1_i1:342-1406   -            355 177858at33208        -            591   3.6e-45  153.4   3.0   2   3   5.7e-15     3e-13   47.9   0.1   208   318    71   186    64   212 0.78 -
TRINITY_DN1043_c0_g1_i1:342-1406   -            355 177858at33208        -            591   3.6e-45  153.4   3.0   3   3   6.3e-21   3.4e-19   67.6   0.2   381   497   225   345   203   350 0.89 -
TRINITY_DN1043_c0_g1_i2:342-1406   -            355 177858at33208        -            591   3.6e-45  153.4   3.0   1   3   9.3e-12     5e-10   37.3   0.0     3    63     2    62     1    66 0.93 -
TRINITY_DN1043_c0_g1_i2:342-1406   -            355 177858at33208        -            591   3.6e-45  153.4   3.0   2   3   5.7e-15     3e-13   47.9   0.1   208   318    71   186    64   212 0.78 -
TRINITY_DN1043_c0_g1_i2:342-1406   -            355 177858at33208        -            591   3.6e-45  153.4   3.0   3   3   6.3e-21   3.4e-19   67.6   0.2   381   497   225   345   203   350 0.89 -
TRINITY_DN18794_c0_g1_i1:165-2231  -            689 177858at33208        -            591   1.3e-44  151.6   0.3   1   3   6.6e-12   3.5e-10   37.8   0.0     3    61    22    80    20    84 0.94 -
TRINITY_DN18794_c0_g1_i1:165-2231  -            689 177858at33208        -            591   1.3e-44  151.6   0.3   2   3   5.4e-15   2.9e-13   48.0   0.0   200   339    84   227    80   248 0.75 -
TRINITY_DN18794_c0_g1_i1:165-2231  -            689 177858at33208        -            591   1.3e-44  151.6   0.3   3   3   2.2e-19   1.2e-17   62.5   0.1   396   497   263   367   256   372 0.92 -
TRINITY_DN18794_c0_g1_i2:373-2439  -            689 177858at33208        -            591   1.3e-44  151.6   0.3   1   3   6.6e-12   3.5e-10   37.8   0.0     3    61    22    80    20    84 0.94 -
TRINITY_DN18794_c0_g1_i2:373-2439  -            689 177858at33208        -            591   1.3e-44  151.6   0.3   2   3   5.4e-15   2.9e-13   48.0   0.0   200   339    84   227    80   248 0.75 -
TRINITY_DN18794_c0_g1_i2:373-2439  -            689 177858at33208        -            591   1.3e-44  151.6   0.3   3   3   2.2e-19   1.2e-17   62.5   0.1   396   497   263   367   256   372 0.92 -
TRINITY_DN18794_c0_g1_i3:116-2182  -            689 177858at33208        -            591   1.3e-44  151.6   0.3   1   3   6.6e-12   3.5e-10   37.8   0.0     3    61    22    80    20    84 0.94 -
TRINITY_DN18794_c0_g1_i3:116-2182  -            689 177858at33208        -            591   1.3e-44  151.6   0.3   2   3   5.4e-15   2.9e-13   48.0   0.0   200   339    84   227    80   248 0.75 -
TRINITY_DN18794_c0_g1_i3:116-2182  -            689 177858at33208        -            591   1.3e-44  151.6   0.3   3   3   2.2e-19   1.2e-17   62.5   0.1   396   497   263   367   256   372 0.92 -
TRINITY_DN4114_c0_g1_i1:1363-2532  -            390 177858at33208        -            591   9.4e-44  148.7   0.1   1   3   5.4e-12   2.9e-10   38.1   0.0     3    64    15    76    13    79 0.93 -
TRINITY_DN4114_c0_g1_i1:1363-2532  -            390 177858at33208        -            591   9.4e-44  148.7   0.1   2   3   3.2e-16   1.7e-14   52.1   0.0   200   356    81   243    74   250 0.84 -
TRINITY_DN4114_c0_g1_i1:1363-2532  -            390 177858at33208        -            591   9.4e-44  148.7   0.1   3   3   3.3e-17   1.8e-15   55.3   0.0   416   497   283   365   258   374 0.86 -
TRINITY_DN4114_c0_g1_i2:933-2102   -            390 177858at33208        -            591   9.4e-44  148.7   0.1   1   3   5.4e-12   2.9e-10   38.1   0.0     3    64    15    76    13    79 0.93 -
TRINITY_DN4114_c0_g1_i2:933-2102   -            390 177858at33208        -            591   9.4e-44  148.7   0.1   2   3   3.2e-16   1.7e-14   52.1   0.0   200   356    81   243    74   250 0.84 -
TRINITY_DN4114_c0_g1_i2:933-2102   -            390 177858at33208        -            591   9.4e-44  148.7   0.1   3   3   3.3e-17   1.8e-15   55.3   0.0   416   497   283   365   258   374 0.86 -
TRINITY_DN4114_c0_g1_i3:1365-2534  -            390 177858at33208        -            591   9.4e-44  148.7   0.1   1   3   5.4e-12   2.9e-10   38.1   0.0     3    64    15    76    13    79 0.93 -
TRINITY_DN4114_c0_g1_i3:1365-2534  -            390 177858at33208        -            591   9.4e-44  148.7   0.1   2   3   3.2e-16   1.7e-14   52.1   0.0   200   356    81   243    74   250 0.84 -
TRINITY_DN4114_c0_g1_i3:1365-2534  -            390 177858at33208        -            591   9.4e-44  148.7   0.1   3   3   3.3e-17   1.8e-15   55.3   0.0   416   497   283   365   258   374 0.86 -
TRINITY_DN16134_c0_g1_i4:602-1866  -            398 177858at33208        -            591   1.3e-43  148.2   3.9   1   3     1e-09   5.5e-08   30.6   0.0     9    63    25    79    18    92 0.84 -
TRINITY_DN16134_c0_g1_i4:602-1866  -            398 177858at33208        -            591   1.3e-43  148.2   3.9   2   3   1.5e-20   7.9e-19   66.4   1.2   191   355    80   251    77   255 0.81 -
TRINITY_DN16134_c0_g1_i4:602-1866  -            398 177858at33208        -            591   1.3e-43  148.2   3.9   3   3   2.5e-16   1.3e-14   52.4   0.0   374   499   249   378   241   383 0.89 -
TRINITY_DN539_c0_g1_i12:385-1644   -            420 177858at33208        -            591   3.7e-43  146.8   0.0   1   2   9.8e-07   5.2e-05   20.8   0.0    23    65    14    54     2    61 0.83 -
TRINITY_DN539_c0_g1_i12:385-1644   -            420 177858at33208        -            591   3.7e-43  146.8   0.0   2   2     7e-37   3.8e-35  120.3   0.0   202   494    63   344    56   348 0.85 -
TRINITY_DN539_c0_g1_i17:337-1596   -            420 177858at33208        -            591   3.7e-43  146.8   0.0   1   2   9.8e-07   5.2e-05   20.8   0.0    23    65    14    54     2    61 0.83 -
TRINITY_DN539_c0_g1_i17:337-1596   -            420 177858at33208        -            591   3.7e-43  146.8   0.0   2   2     7e-37   3.8e-35  120.3   0.0   202   494    63   344    56   348 0.85 -
TRINITY_DN16134_c0_g1_i9:332-1759  -            476 177858at33208        -            591     4e-43  146.6   4.2   1   3   1.4e-09   7.5e-08   30.1   0.0     9    63   115   169   108   180 0.84 -
TRINITY_DN16134_c0_g1_i9:332-1759  -            476 177858at33208        -            591     4e-43  146.6   4.2   2   3   2.3e-20   1.2e-18   65.8   1.6   191   355   170   341   167   347 0.81 -
TRINITY_DN16134_c0_g1_i9:332-1759  -            476 177858at33208        -            591     4e-43  146.6   4.2   3   3   3.5e-16   1.8e-14   52.0   0.0   374   499   339   468   330   472 0.89 -
TRINITY_DN1882_c0_g1_i2:1200-2420  -            407 177858at33208        -            591   6.8e-43  145.9   0.1   1   3   2.4e-09   1.3e-07   29.4   0.0    14    61    26    73    15    79 0.90 -
TRINITY_DN1882_c0_g1_i2:1200-2420  -            407 177858at33208        -            591   6.8e-43  145.9   0.1   2   3   9.2e-16   4.9e-14   50.6   0.0   204   289    89   181    82   198 0.83 -
TRINITY_DN1882_c0_g1_i2:1200-2420  -            407 177858at33208        -            591   6.8e-43  145.9   0.1   3   3   2.3e-19   1.2e-17   62.5   0.0   398   498   288   391   266   406 0.86 -
TRINITY_DN1882_c0_g1_i3:1200-2420  -            407 177858at33208        -            591   6.8e-43  145.9   0.1   1   3   2.4e-09   1.3e-07   29.4   0.0    14    61    26    73    15    79 0.90 -
TRINITY_DN1882_c0_g1_i3:1200-2420  -            407 177858at33208        -            591   6.8e-43  145.9   0.1   2   3   9.2e-16   4.9e-14   50.6   0.0   204   289    89   181    82   198 0.83 -
TRINITY_DN1882_c0_g1_i3:1200-2420  -            407 177858at33208        -            591   6.8e-43  145.9   0.1   3   3   2.3e-19   1.2e-17   62.5   0.0   398   498   288   391   266   406 0.86 -
TRINITY_DN1882_c0_g1_i4:1200-2420  -            407 177858at33208        -            591   6.8e-43  145.9   0.1   1   3   2.4e-09   1.3e-07   29.4   0.0    14    61    26    73    15    79 0.90 -
TRINITY_DN1882_c0_g1_i4:1200-2420  -            407 177858at33208        -            591   6.8e-43  145.9   0.1   2   3   9.2e-16   4.9e-14   50.6   0.0   204   289    89   181    82   198 0.83 -
TRINITY_DN1882_c0_g1_i4:1200-2420  -            407 177858at33208        -            591   6.8e-43  145.9   0.1   3   3   2.3e-19   1.2e-17   62.5   0.0   398   498   288   391   266   406 0.86 -
TRINITY_DN209_c0_g1_i1:430-1578    -            383 177858at33208        -            591   2.4e-42  144.1   5.6   1   3   8.6e-09   4.6e-07   27.5   0.0     3    63     5    65     3    72 0.92 -
TRINITY_DN209_c0_g1_i1:430-1578    -            383 177858at33208        -            591   2.4e-42  144.1   5.6   2   3   3.1e-16   1.7e-14   52.1   0.6   207   339    73   208    68   229 0.83 -
TRINITY_DN209_c0_g1_i1:430-1578    -            383 177858at33208        -            591   2.4e-42  144.1   5.6   3   3   2.8e-20   1.5e-18   65.5   0.8   391   498   236   346   222   378 0.88 -
TRINITY_DN605_c0_g1_i4:836-2140    -            435 177858at33208        -            591   2.7e-42  143.9   0.0   1   3   3.5e-11   1.9e-09   35.4   0.0     3    61    58   116    56   126 0.91 -
TRINITY_DN605_c0_g1_i4:836-2140    -            435 177858at33208        -            591   2.7e-42  143.9   0.0   2   3   8.7e-14   4.6e-12   44.0   0.0   200   317   124   245   116   278 0.81 -
TRINITY_DN605_c0_g1_i4:836-2140    -            435 177858at33208        -            591   2.7e-42  143.9   0.0   3   3   5.4e-19   2.9e-17   61.2   0.0   398   503   304   412   287   425 0.90 -
TRINITY_DN605_c0_g1_i5:836-2140    -            435 177858at33208        -            591   2.7e-42  143.9   0.0   1   3   3.5e-11   1.9e-09   35.4   0.0     3    61    58   116    56   126 0.91 -
TRINITY_DN605_c0_g1_i5:836-2140    -            435 177858at33208        -            591   2.7e-42  143.9   0.0   2   3   8.7e-14   4.6e-12   44.0   0.0   200   317   124   245   116   278 0.81 -
TRINITY_DN605_c0_g1_i5:836-2140    -            435 177858at33208        -            591   2.7e-42  143.9   0.0   3   3   5.4e-19   2.9e-17   61.2   0.0   398   503   304   412   287   425 0.90 -
TRINITY_DN2896_c0_g1_i1:404-1849   -            482 177858at33208        -            591     4e-42  143.3   0.3   1   3   5.7e-06    0.0003   18.2   0.0    19    63     1    45     1    53 0.91 -
TRINITY_DN2896_c0_g1_i1:404-1849   -            482 177858at33208        -            591     4e-42  143.3   0.3   2   3   7.5e-21     4e-19   67.4   0.0   202   339    54   200    49   211 0.82 -
TRINITY_DN2896_c0_g1_i1:404-1849   -            482 177858at33208        -            591     4e-42  143.3   0.3   3   3   6.3e-17   3.4e-15   54.4   0.0   420   551   294   430   290   443 0.80 -
TRINITY_DN2896_c0_g1_i2:404-1849   -            482 177858at33208        -            591     4e-42  143.3   0.3   1   3   5.7e-06    0.0003   18.2   0.0    19    63     1    45     1    53 0.91 -
TRINITY_DN2896_c0_g1_i2:404-1849   -            482 177858at33208        -            591     4e-42  143.3   0.3   2   3   7.5e-21     4e-19   67.4   0.0   202   339    54   200    49   211 0.82 -
TRINITY_DN2896_c0_g1_i2:404-1849   -            482 177858at33208        -            591     4e-42  143.3   0.3   3   3   6.3e-17   3.4e-15   54.4   0.0   420   551   294   430   290   443 0.80 -
TRINITY_DN2896_c0_g1_i3:404-1849   -            482 177858at33208        -            591   4.7e-42  143.1   0.3   1   3   5.7e-06    0.0003   18.2   0.0    19    63     1    45     1    53 0.91 -
TRINITY_DN2896_c0_g1_i3:404-1849   -            482 177858at33208        -            591   4.7e-42  143.1   0.3   2   3   7.5e-21     4e-19   67.4   0.0   202   339    54   200    49   211 0.82 -
TRINITY_DN2896_c0_g1_i3:404-1849   -            482 177858at33208        -            591   4.7e-42  143.1   0.3   3   3   7.4e-17     4e-15   54.2   0.0   420   551   294   430   290   443 0.80 -
TRINITY_DN3227_c0_g1_i1:2451-3626  -            392 177858at33208        -            591   1.2e-41  141.8   0.0   1   2   5.1e-07   2.7e-05   21.7   0.0    16    60    22    66     7    71 0.87 -
TRINITY_DN3227_c0_g1_i1:2451-3626  -            392 177858at33208        -            591   1.2e-41  141.8   0.0   2   2   5.4e-35   2.9e-33  114.1   0.0   208   496    82   359    77   367 0.84 -
TRINITY_DN3227_c0_g1_i5:2451-3626  -            392 177858at33208        -            591   1.2e-41  141.8   0.0   1   2   5.1e-07   2.7e-05   21.7   0.0    16    60    22    66     7    71 0.87 -
TRINITY_DN3227_c0_g1_i5:2451-3626  -            392 177858at33208        -            591   1.2e-41  141.8   0.0   2   2   5.4e-35   2.9e-33  114.1   0.0   208   496    82   359    77   367 0.84 -
TRINITY_DN859_c0_g1_i2:383-2098    -            572 177858at33208        -            591   3.5e-41  140.2   4.8   1   3   4.5e-13   2.4e-11   41.7   0.0     2    61    24    83    23    90 0.95 -
TRINITY_DN859_c0_g1_i2:383-2098    -            572 177858at33208        -            591   3.5e-41  140.2   4.8   2   3   6.9e-12   3.7e-10   37.8   0.1   204   353    93   246    87   255 0.78 -
TRINITY_DN859_c0_g1_i2:383-2098    -            572 177858at33208        -            591   3.5e-41  140.2   4.8   3   3     4e-19   2.1e-17   61.7   0.2   397   499   270   375   258   452 0.70 -
TRINITY_DN859_c0_g1_i5:128-1843    -            572 177858at33208        -            591   3.5e-41  140.2   4.8   1   3   4.5e-13   2.4e-11   41.7   0.0     2    61    24    83    23    90 0.95 -
TRINITY_DN859_c0_g1_i5:128-1843    -            572 177858at33208        -            591   3.5e-41  140.2   4.8   2   3   6.9e-12   3.7e-10   37.8   0.1   204   353    93   246    87   255 0.78 -
TRINITY_DN859_c0_g1_i5:128-1843    -            572 177858at33208        -            591   3.5e-41  140.2   4.8   3   3     4e-19   2.1e-17   61.7   0.2   397   499   270   375   258   452 0.70 -
TRINITY_DN859_c0_g1_i1:384-2525    -            714 177858at33208        -            591   1.3e-40  138.3   5.2   1   3   6.3e-13   3.4e-11   41.2   0.0     2    61   166   225   165   230 0.95 -
TRINITY_DN859_c0_g1_i1:384-2525    -            714 177858at33208        -            591   1.3e-40  138.3   5.2   2   3   9.7e-12   5.2e-10   37.3   0.1   203   353   234   388   228   397 0.78 -
TRINITY_DN859_c0_g1_i1:384-2525    -            714 177858at33208        -            591   1.3e-40  138.3   5.2   3   3   6.1e-19   3.3e-17   61.1   0.2   397   499   412   517   400   593 0.71 -
TRINITY_DN859_c0_g1_i7:80-2224     -            715 177858at33208        -            591   1.3e-40  138.3   5.2   1   3   6.3e-13   3.4e-11   41.2   0.0     2    61   167   226   166   231 0.95 -
TRINITY_DN859_c0_g1_i7:80-2224     -            715 177858at33208        -            591   1.3e-40  138.3   5.2   2   3   9.7e-12   5.2e-10   37.3   0.1   203   353   235   389   229   398 0.78 -
TRINITY_DN859_c0_g1_i7:80-2224     -            715 177858at33208        -            591   1.3e-40  138.3   5.2   3   3   6.1e-19   3.3e-17   61.1   0.2   397   499   413   518   401   594 0.71 -
TRINITY_DN2531_c0_g1_i9:379-1509   -            377 177858at33208        -            591   3.3e-40  137.0   3.6   1   3   5.8e-08   3.1e-06   24.8   0.0     3    61     6    64     4    70 0.93 -
TRINITY_DN2531_c0_g1_i9:379-1509   -            377 177858at33208        -            591   3.3e-40  137.0   3.6   2   3   3.7e-18     2e-16   58.5   0.3   208   338    75   211    69   234 0.81 -
TRINITY_DN2531_c0_g1_i9:379-1509   -            377 177858at33208        -            591   3.3e-40  137.0   3.6   3   3   1.2e-16   6.3e-15   53.5   0.1   391   497   242   351   226   365 0.90 -
TRINITY_DN1764_c0_g1_i2:65-2239    -            725 177858at33208        -            591   1.8e-39  134.5   1.2   1   2   1.4e-09   7.4e-08   30.2   0.0     9    73   221   285   213   293 0.84 -
TRINITY_DN1764_c0_g1_i2:65-2239    -            725 177858at33208        -            591   1.8e-39  134.5   1.2   2   2   7.9e-31   4.2e-29  100.3   0.6   202   495   295   597   288   614 0.81 -
TRINITY_DN1764_c0_g1_i1:65-2239    -            725 177858at33208        -            591   1.8e-39  134.5   1.2   1   2   1.4e-09   7.4e-08   30.2   0.0     9    73   221   285   213   293 0.84 -
TRINITY_DN1764_c0_g1_i1:65-2239    -            725 177858at33208        -            591   1.8e-39  134.5   1.2   2   2   7.9e-31   4.2e-29  100.3   0.6   202   495   295   597   288   614 0.81 -
TRINITY_DN116521_c0_g1_i1:1-1038   -            346 177858at33208        -            591   1.3e-37  128.4   2.8   1   3   1.4e-05   0.00072   17.0   0.0    16    61     2    47     1    53 0.91 -
TRINITY_DN116521_c0_g1_i1:1-1038   -            346 177858at33208        -            591   1.3e-37  128.4   2.8   2   3   3.7e-17     2e-15   55.2   0.1   207   333    58   190    51   203 0.82 -
TRINITY_DN116521_c0_g1_i1:1-1038   -            346 177858at33208        -            591   1.3e-37  128.4   2.8   3   3   3.1e-17   1.7e-15   55.4   0.1   387   497   222   335   201   338 0.90 -
TRINITY_DN238_c0_g1_i1:692-1933    -            414 177858at33208        -            591   9.7e-36  122.2   0.9   1   3   7.9e-09   4.2e-07   27.7   0.0    10    64    28    82    19    85 0.90 -
TRINITY_DN238_c0_g1_i1:692-1933    -            414 177858at33208        -            591   9.7e-36  122.2   0.9   2   3   9.9e-13   5.3e-11   40.5   0.0   205   325    91   218    82   240 0.73 -
TRINITY_DN238_c0_g1_i1:692-1933    -            414 177858at33208        -            591   9.7e-36  122.2   0.9   3   3   5.6e-16     3e-14   51.3   0.0   414   487   287   360   257   369 0.83 -
TRINITY_DN238_c0_g1_i3:692-1933    -            414 177858at33208        -            591   9.7e-36  122.2   0.9   1   3   7.9e-09   4.2e-07   27.7   0.0    10    64    28    82    19    85 0.90 -
TRINITY_DN238_c0_g1_i3:692-1933    -            414 177858at33208        -            591   9.7e-36  122.2   0.9   2   3   9.9e-13   5.3e-11   40.5   0.0   205   325    91   218    82   240 0.73 -
TRINITY_DN238_c0_g1_i3:692-1933    -            414 177858at33208        -            591   9.7e-36  122.2   0.9   3   3   5.6e-16     3e-14   51.3   0.0   414   487   287   360   257   369 0.83 -
TRINITY_DN8372_c0_g2_i16:163-1482  -            440 177858at33208        -            591   6.6e-35  119.5   0.3   1   2   1.8e-08   9.4e-07   26.5   0.0     3    63    43   103    41   109 0.93 -
TRINITY_DN8372_c0_g2_i16:163-1482  -            440 177858at33208        -            591   6.6e-35  119.5   0.3   2   2   2.3e-26   1.2e-24   85.6   0.1   204   491   116   401   109   414 0.81 -
TRINITY_DN8372_c0_g2_i1:163-1482   -            440 177858at33208        -            591   6.6e-35  119.5   0.3   1   2   1.8e-08   9.4e-07   26.5   0.0     3    63    43   103    41   109 0.93 -
TRINITY_DN8372_c0_g2_i1:163-1482   -            440 177858at33208        -            591   6.6e-35  119.5   0.3   2   2   2.3e-26   1.2e-24   85.6   0.1   204   491   116   401   109   414 0.81 -
TRINITY_DN2284_c0_g1_i12:1451-2770 -            440 177858at33208        -            591   9.6e-35  119.0   0.2   1   2   2.7e-11   1.5e-09   35.8   0.0    16    65    10    59     4    66 0.91 -
TRINITY_DN2284_c0_g1_i12:1451-2770 -            440 177858at33208        -            591   9.6e-35  119.0   0.2   2   2   8.6e-22   4.6e-20   70.5   0.1   202   493    64   342    60   350 0.78 -
TRINITY_DN2284_c0_g1_i2:1460-2779  -            440 177858at33208        -            591   9.6e-35  119.0   0.2   1   2   2.7e-11   1.5e-09   35.8   0.0    16    65    10    59     4    66 0.91 -
TRINITY_DN2284_c0_g1_i2:1460-2779  -            440 177858at33208        -            591   9.6e-35  119.0   0.2   2   2   8.6e-22   4.6e-20   70.5   0.1   202   493    64   342    60   350 0.78 -
TRINITY_DN2284_c0_g1_i4:1451-2770  -            440 177858at33208        -            591   9.6e-35  119.0   0.2   1   2   2.7e-11   1.5e-09   35.8   0.0    16    65    10    59     4    66 0.91 -
TRINITY_DN2284_c0_g1_i4:1451-2770  -            440 177858at33208        -            591   9.6e-35  119.0   0.2   2   2   8.6e-22   4.6e-20   70.5   0.1   202   493    64   342    60   350 0.78 -
TRINITY_DN2284_c0_g1_i7:1451-2770  -            440 177858at33208        -            591   9.6e-35  119.0   0.2   1   2   2.7e-11   1.5e-09   35.8   0.0    16    65    10    59     4    66 0.91 -
TRINITY_DN2284_c0_g1_i7:1451-2770  -            440 177858at33208        -            591   9.6e-35  119.0   0.2   2   2   8.6e-22   4.6e-20   70.5   0.1   202   493    64   342    60   350 0.78 -
TRINITY_DN18121_c0_g1_i1:57-1859   -            601 177858at33208        -            591   1.6e-34  118.2   0.6   1   3   2.8e-10   1.5e-08   32.5   0.0    10    66    12    68     3    78 0.88 -
TRINITY_DN18121_c0_g1_i1:57-1859   -            601 177858at33208        -            591   1.6e-34  118.2   0.6   2   3     3e-10   1.6e-08   32.3   0.0   206   299    77   187    68   195 0.74 -
TRINITY_DN18121_c0_g1_i1:57-1859   -            601 177858at33208        -            591   1.6e-34  118.2   0.6   3   3   8.9e-16   4.8e-14   50.6   0.0   411   493   280   362   248   368 0.91 -
TRINITY_DN26382_c0_g1_i12:594-2270 -            559 177858at33208        -            591   4.9e-34  116.6   0.2   1   3   9.7e-09   5.2e-07   27.4   0.0     9    67   163   221   153   225 0.89 -
TRINITY_DN26382_c0_g1_i12:594-2270 -            559 177858at33208        -            591   4.9e-34  116.6   0.2   2   3   9.8e-11   5.2e-09   34.0   0.0   206   317   225   343   217   383 0.77 -
TRINITY_DN26382_c0_g1_i12:594-2270 -            559 177858at33208        -            591   4.9e-34  116.6   0.2   3   3   2.6e-16   1.4e-14   52.4   0.1   418   496   423   502   358   522 0.85 -
TRINITY_DN26382_c0_g1_i5:594-2270  -            559 177858at33208        -            591   4.9e-34  116.6   0.2   1   3   9.7e-09   5.2e-07   27.4   0.0     9    67   163   221   153   225 0.89 -
TRINITY_DN26382_c0_g1_i5:594-2270  -            559 177858at33208        -            591   4.9e-34  116.6   0.2   2   3   9.8e-11   5.2e-09   34.0   0.0   206   317   225   343   217   383 0.77 -
TRINITY_DN26382_c0_g1_i5:594-2270  -            559 177858at33208        -            591   4.9e-34  116.6   0.2   3   3   2.6e-16   1.4e-14   52.4   0.1   418   496   423   502   358   522 0.85 -
TRINITY_DN2507_c0_g1_i10:281-1405  -            375 177858at33208        -            591   1.1e-32  112.2   0.2   1   2   6.4e-07   3.4e-05   21.4   0.0     2    61    65   125    64   131 0.90 -
TRINITY_DN2507_c0_g1_i10:281-1405  -            375 177858at33208        -            591   1.1e-32  112.2   0.2   2   2   2.3e-25   1.2e-23   82.3   0.0   202   456   134   375   127   375 0.81 -
TRINITY_DN1618_c0_g2_i1:471-1652   -            394 177858at33208        -            591   1.6e-32  111.7   0.3   1   4   1.3e-14   7.2e-13   46.7   0.0     2    64     3    65     2    78 0.93 -
TRINITY_DN1618_c0_g2_i1:471-1652   -            394 177858at33208        -            591   1.6e-32  111.7   0.3   2   4     1e-10   5.5e-09   33.9   0.0   207   347    78   220    66   234 0.72 -
TRINITY_DN1618_c0_g2_i1:471-1652   -            394 177858at33208        -            591   1.6e-32  111.7   0.3   3   4       1.1        58    0.8   0.0   397   453   250   309   239   316 0.84 -
TRINITY_DN1618_c0_g2_i1:471-1652   -            394 177858at33208        -            591   1.6e-32  111.7   0.3   4   4   3.9e-08   2.1e-06   25.4   0.0   453   498   339   384   327   388 0.95 -
TRINITY_DN16134_c0_g1_i2:602-1795  -            365 177858at33208        -            591   7.4e-32  109.4   3.8   1   4   9.1e-10   4.9e-08   30.8   0.0     9    63    25    79    18    92 0.84 -
TRINITY_DN16134_c0_g1_i2:602-1795  -            365 177858at33208        -            591   7.4e-32  109.4   3.8   2   4      0.67        36    1.5   0.0   191   223    80   113    77   115 0.75 -
TRINITY_DN16134_c0_g1_i2:602-1795  -            365 177858at33208        -            591   7.4e-32  109.4   3.8   3   4   3.7e-08     2e-06   25.5   1.7   240   355   104   218    92   225 0.82 -
TRINITY_DN16134_c0_g1_i2:602-1795  -            365 177858at33208        -            591   7.4e-32  109.4   3.8   4   4   2.2e-16   1.2e-14   52.6   0.1   374   499   216   345   209   350 0.89 -
TRINITY_DN2531_c0_g1_i2:1-879      -            293 177858at33208        -            591   2.1e-31  107.9   2.1   1   2   1.1e-16   5.9e-15   53.6   0.3   221   338     9   129     1   152 0.81 -
TRINITY_DN2531_c0_g1_i2:1-879      -            293 177858at33208        -            591   2.1e-31  107.9   2.1   2   2   6.9e-17   3.7e-15   54.3   0.1   391   497   160   269   144   283 0.90 -
TRINITY_DN12998_c0_g1_i7:1997-3187 -            397 177858at33208        -            591   2.3e-31  107.8   0.3   1   3   0.00029     0.015   12.6   0.0    11    60    23    72    14    81 0.85 -
TRINITY_DN12998_c0_g1_i7:1997-3187 -            397 177858at33208        -            591   2.3e-31  107.8   0.3   2   3   1.1e-13   5.7e-12   43.8   0.0   204   298    80   184    74   217 0.78 -
TRINITY_DN12998_c0_g1_i7:1997-3187 -            397 177858at33208        -            591   2.3e-31  107.8   0.3   3   3   4.4e-15   2.4e-13   48.3   0.0   429   498   296   365   246   383 0.85 -
TRINITY_DN12998_c0_g1_i2:2003-3127 -            375 177858at33208        -            591   3.1e-31  107.4   0.3   1   3    0.0004     0.021   12.1   0.0    14    61     9    56     2    66 0.86 -
TRINITY_DN12998_c0_g1_i2:2003-3127 -            375 177858at33208        -            591   3.1e-31  107.4   0.3   2   3   1.1e-13   5.8e-12   43.7   0.0   204   298    63   167    55   179 0.77 -
TRINITY_DN12998_c0_g1_i2:2003-3127 -            375 177858at33208        -            591   3.1e-31  107.4   0.3   3   3     4e-15   2.1e-13   48.4   0.0   429   498   279   348   228   365 0.85 -
TRINITY_DN1753_c0_g1_i12:431-1609  -            393 177858at33208        -            591     4e-29  100.4   0.0   1   2     4e-05    0.0021   15.4   0.0     3    61     2    62     1    68 0.85 -
TRINITY_DN1753_c0_g1_i12:431-1609  -            393 177858at33208        -            591     4e-29  100.4   0.0   2   2   8.5e-23   4.5e-21   73.8   0.0   205   497    70   355    62   363 0.75 -
TRINITY_DN1753_c0_g1_i16:431-1609  -            393 177858at33208        -            591     4e-29  100.4   0.0   1   2     4e-05    0.0021   15.4   0.0     3    61     2    62     1    68 0.85 -
TRINITY_DN1753_c0_g1_i16:431-1609  -            393 177858at33208        -            591     4e-29  100.4   0.0   2   2   8.5e-23   4.5e-21   73.8   0.0   205   497    70   355    62   363 0.75 -
TRINITY_DN1753_c0_g1_i2:431-1609   -            393 177858at33208        -            591     4e-29  100.4   0.0   1   2     4e-05    0.0021   15.4   0.0     3    61     2    62     1    68 0.85 -
TRINITY_DN1753_c0_g1_i2:431-1609   -            393 177858at33208        -            591     4e-29  100.4   0.0   2   2   8.5e-23   4.5e-21   73.8   0.0   205   497    70   355    62   363 0.75 -
TRINITY_DN1753_c0_g1_i4:431-1609   -            393 177858at33208        -            591     4e-29  100.4   0.0   1   2     4e-05    0.0021   15.4   0.0     3    61     2    62     1    68 0.85 -
TRINITY_DN1753_c0_g1_i4:431-1609   -            393 177858at33208        -            591     4e-29  100.4   0.0   2   2   8.5e-23   4.5e-21   73.8   0.0   205   497    70   355    62   363 0.75 -
TRINITY_DN1753_c0_g1_i8:431-1609   -            393 177858at33208        -            591     4e-29  100.4   0.0   1   2     4e-05    0.0021   15.4   0.0     3    61     2    62     1    68 0.85 -
TRINITY_DN1753_c0_g1_i8:431-1609   -            393 177858at33208        -            591     4e-29  100.4   0.0   2   2   8.5e-23   4.5e-21   73.8   0.0   205   497    70   355    62   363 0.75 -
TRINITY_DN1753_c0_g1_i9:431-1609   -            393 177858at33208        -            591     4e-29  100.4   0.0   1   2     4e-05    0.0021   15.4   0.0     3    61     2    62     1    68 0.85 -
TRINITY_DN1753_c0_g1_i9:431-1609   -            393 177858at33208        -            591     4e-29  100.4   0.0   2   2   8.5e-23   4.5e-21   73.8   0.0   205   497    70   355    62   363 0.75 -
TRINITY_DN11359_c0_g1_i3:29-946    -            306 177858at33208        -            591   5.5e-26   90.0   0.1   1   2   4.5e-12   2.4e-10   38.4   0.0   236   348    30   146     1   157 0.76 -
TRINITY_DN11359_c0_g1_i3:29-946    -            306 177858at33208        -            591   5.5e-26   90.0   0.1   2   2   1.4e-15   7.6e-14   49.9   0.0   399   496   174   274   157   283 0.87 -
TRINITY_DN11359_c0_g1_i6:29-946    -            306 177858at33208        -            591   5.5e-26   90.0   0.1   1   2   4.5e-12   2.4e-10   38.4   0.0   236   348    30   146     1   157 0.76 -
TRINITY_DN11359_c0_g1_i6:29-946    -            306 177858at33208        -            591   5.5e-26   90.0   0.1   2   2   1.4e-15   7.6e-14   49.9   0.0   399   496   174   274   157   283 0.87 -
TRINITY_DN11359_c0_g1_i9:418-1335  -            306 177858at33208        -            591   5.5e-26   90.0   0.1   1   2   4.5e-12   2.4e-10   38.4   0.0   236   348    30   146     1   157 0.76 -
TRINITY_DN11359_c0_g1_i9:418-1335  -            306 177858at33208        -            591   5.5e-26   90.0   0.1   2   2   1.4e-15   7.6e-14   49.9   0.0   399   496   174   274   157   283 0.87 -
TRINITY_DN121457_c0_g1_i1:278-838  -            187 177858at33208        -            591   2.9e-25   87.6   0.0   1   2   1.5e-10   8.3e-09   33.3   0.0     3    61     3    61     1    69 0.94 -
TRINITY_DN121457_c0_g1_i1:278-838  -            187 177858at33208        -            591   2.9e-25   87.6   0.0   2   2   1.7e-16   9.2e-15   53.0   0.0   202   308    69   182    63   187 0.86 -
TRINITY_DN7119_c0_g1_i4:377-1636   -            420 177858at33208        -            591   7.4e-25   86.3   2.5   1   3   7.1e-13   3.8e-11   41.0   0.0     3    63     2    62     1    73 0.90 -
TRINITY_DN7119_c0_g1_i4:377-1636   -            420 177858at33208        -            591   7.4e-25   86.3   2.5   2   3   0.00024     0.013   12.9   0.3   205   295    75   164    64   262 0.82 -
TRINITY_DN7119_c0_g1_i4:377-1636   -            420 177858at33208        -            591   7.4e-25   86.3   2.5   3   3   7.5e-10     4e-08   31.0   0.1   430   498   328   396   316   412 0.91 -
TRINITY_DN7119_c0_g1_i12:377-1636  -            420 177858at33208        -            591     1e-24   85.9   2.5   1   3   6.7e-13   3.6e-11   41.1   0.0     3    63     2    62     1    75 0.89 -
TRINITY_DN7119_c0_g1_i12:377-1636  -            420 177858at33208        -            591     1e-24   85.9   2.5   2   3   0.00029     0.016   12.6   0.3   205   295    75   164    63   265 0.81 -
TRINITY_DN7119_c0_g1_i12:377-1636  -            420 177858at33208        -            591     1e-24   85.9   2.5   3   3   7.5e-10     4e-08   31.0   0.1   430   498   328   396   316   412 0.91 -
TRINITY_DN166536_c0_g1_i1:4-966    -            321 177858at33208        -            591   3.9e-24   83.9   0.1   1   3     2e-10   1.1e-08   32.9   0.0     2    60    42   100    41   106 0.91 -
TRINITY_DN166536_c0_g1_i1:4-966    -            321 177858at33208        -            591   3.9e-24   83.9   0.1   2   3   1.1e-14   6.1e-13   46.9   0.0   202   307   111   223   101   248 0.82 -
TRINITY_DN166536_c0_g1_i1:4-966    -            321 177858at33208        -            591   3.9e-24   83.9   0.1   3   3       1.3        70    0.5   0.0   381   428   271   320   246   321 0.74 -
TRINITY_DN2531_c0_g1_i11:409-960   -            184 177858at33208        -            591   6.7e-23   79.8   0.2   1   2   9.7e-08   5.2e-06   24.1   0.0    10    61     3    54     1    63 0.95 -
TRINITY_DN2531_c0_g1_i11:409-960   -            184 177858at33208        -            591   6.7e-23   79.8   0.2   2   2   6.6e-17   3.5e-15   54.3   0.0   208   317    65   181    56   183 0.83 -
TRINITY_DN5065_c0_g1_i1:568-1701   -            378 177858at33208        -            591     4e-22   77.3   1.1   1   3   1.6e-08   8.3e-07   26.7   0.1    10    61     3    54     1    58 0.94 -
TRINITY_DN5065_c0_g1_i1:568-1701   -            378 177858at33208        -            591     4e-22   77.3   1.1   2   3   1.6e-08   8.5e-07   26.7   0.1   208   318    63   194    57   205 0.70 -
TRINITY_DN5065_c0_g1_i1:568-1701   -            378 177858at33208        -            591     4e-22   77.3   1.1   3   3   7.3e-07   3.9e-05   21.2   0.0   432   495   300   363   280   372 0.92 -
TRINITY_DN4063_c0_g1_i3:450-1997   -            516 177858at33208        -            591     5e-21   73.7   1.9   1   3     0.052       2.8    5.1   0.0    40    65   157   182   146   188 0.87 -
TRINITY_DN4063_c0_g1_i3:450-1997   -            516 177858at33208        -            591     5e-21   73.7   1.9   2   3   4.7e-12   2.5e-10   38.3   0.0   206   297   188   295   180   306 0.77 -
TRINITY_DN4063_c0_g1_i3:450-1997   -            516 177858at33208        -            591     5e-21   73.7   1.9   3   3   4.2e-09   2.3e-07   28.6   0.2   430   487   456   513   450   516 0.94 -
TRINITY_DN8372_c0_g2_i5:163-1389   -            409 177858at33208        -            591     5e-21   73.7   1.1   1   3   1.6e-08   8.4e-07   26.7   0.0     3    63    43   103    41   109 0.93 -
TRINITY_DN8372_c0_g2_i5:163-1389   -            409 177858at33208        -            591     5e-21   73.7   1.1   2   3   4.7e-11   2.5e-09   35.0   0.1   204   293   116   212   110   339 0.85 -
TRINITY_DN8372_c0_g2_i5:163-1389   -            409 177858at33208        -            591     5e-21   73.7   1.1   3   3    0.0055       0.3    8.4   0.0   461   491   340   370   333   385 0.83 -
TRINITY_DN4063_c0_g1_i7:450-2024   -            525 177858at33208        -            591   5.5e-21   73.5   2.0   1   3     0.051       2.7    5.2   0.0    40    65   166   191   155   198 0.87 -
TRINITY_DN4063_c0_g1_i7:450-2024   -            525 177858at33208        -            591   5.5e-21   73.5   2.0   2   3   4.8e-12   2.5e-10   38.3   0.0   206   297   197   304   189   316 0.77 -
TRINITY_DN4063_c0_g1_i7:450-2024   -            525 177858at33208        -            591   5.5e-21   73.5   2.0   3   3   4.3e-09   2.3e-07   28.5   0.2   430   487   465   522   459   525 0.94 -
TRINITY_DN4063_c0_g1_i5:450-2396   -            649 177858at33208        -            591   1.2e-20   72.4   1.9   1   3      0.07       3.8    4.7   0.0    40    65   290   315   280   321 0.87 -
TRINITY_DN4063_c0_g1_i5:450-2396   -            649 177858at33208        -            591   1.2e-20   72.4   1.9   2   3   6.7e-12   3.6e-10   37.8   0.0   206   297   321   428   313   440 0.77 -
TRINITY_DN4063_c0_g1_i5:450-2396   -            649 177858at33208        -            591   1.2e-20   72.4   1.9   3   3   5.7e-09   3.1e-07   28.1   0.2   430   487   589   646   583   649 0.94 -
TRINITY_DN4063_c0_g1_i4:450-2396   -            649 177858at33208        -            591   1.2e-20   72.4   1.9   1   3     0.073       3.9    4.7   0.0    40    65   290   315   279   320 0.87 -
TRINITY_DN4063_c0_g1_i4:450-2396   -            649 177858at33208        -            591   1.2e-20   72.4   1.9   2   3   6.1e-12   3.3e-10   37.9   0.0   206   297   321   428   312   441 0.77 -
TRINITY_DN4063_c0_g1_i4:450-2396   -            649 177858at33208        -            591   1.2e-20   72.4   1.9   3   3   5.7e-09   3.1e-07   28.1   0.2   430   487   589   646   583   649 0.94 -
TRINITY_DN8372_c0_g2_i17:163-1176  -            338 177858at33208        -            591   1.7e-18   65.3   0.6   1   2   1.2e-08   6.3e-07   27.1   0.0     3    63    43   103    41   109 0.93 -
TRINITY_DN8372_c0_g2_i17:163-1176  -            338 177858at33208        -            591   1.7e-18   65.3   0.6   2   2   3.1e-11   1.7e-09   35.6   0.2   204   293   116   212   106   336 0.85 -
TRINITY_DN8372_c0_g2_i14:163-1176  -            338 177858at33208        -            591   1.7e-18   65.3   0.6   1   2   1.1e-08   5.9e-07   27.2   0.0     3    63    43   103    41   112 0.92 -
TRINITY_DN8372_c0_g2_i14:163-1176  -            338 177858at33208        -            591   1.7e-18   65.3   0.6   2   2   3.3e-11   1.8e-09   35.5   0.2   204   293   116   212   110   336 0.85 -
TRINITY_DN539_c0_g1_i11:802-1290   -            163 177858at33208        -            591   3.7e-17   60.9   0.0   1   1   9.4e-19     5e-17   60.4   0.0   399   494     1    98     1   106 0.90 -
TRINITY_DN539_c0_g1_i14:2544-3032  -            163 177858at33208        -            591   3.7e-17   60.9   0.0   1   1   9.4e-19     5e-17   60.4   0.0   399   494     1    98     1   106 0.90 -
TRINITY_DN539_c0_g1_i3:805-1293    -            163 177858at33208        -            591   3.7e-17   60.9   0.0   1   1   9.4e-19     5e-17   60.4   0.0   399   494     1    98     1   106 0.90 -
TRINITY_DN539_c0_g1_i9:185-673     -            163 177858at33208        -            591   3.7e-17   60.9   0.0   1   1   9.4e-19     5e-17   60.4   0.0   399   494     1    98     1   106 0.90 -
TRINITY_DN5382_c0_g1_i5:0-539      -            180 177858at33208        -            591   2.1e-16   58.4   0.0   1   1   5.1e-18   2.7e-16   58.0   0.0   417   497     5    86     3    97 0.92 -
TRINITY_DN7119_c0_g1_i3:377-1048   -            224 177858at33208        -            591   2.2e-16   58.3   0.2   1   2   2.5e-13   1.3e-11   42.6   0.0     3    63     2    62     1    74 0.90 -
TRINITY_DN7119_c0_g1_i3:377-1048   -            224 177858at33208        -            591   2.2e-16   58.3   0.2   2   2     8e-05    0.0043   14.4   0.1   205   294    75   163    64   193 0.80 -
TRINITY_DN31432_c0_g1_i1:991-1578  -            196 177858at33208        -            591   2.4e-16   58.2   0.0   1   1     6e-18   3.2e-16   57.8   0.0   110   196    69   170    61   173 0.86 -
TRINITY_DN26382_c0_g1_i10:575-1390 -            272 177858at33208        -            591     4e-16   57.5   0.1   1   2      0.76        40    1.3   0.0   270   317     1    49     1    89 0.70 -
TRINITY_DN26382_c0_g1_i10:575-1390 -            272 177858at33208        -            591     4e-16   57.5   0.1   2   2   6.1e-17   3.3e-15   54.4   0.1   417   496   128   208    64   230 0.84 -
TRINITY_DN26382_c0_g1_i13:257-1072 -            272 177858at33208        -            591     4e-16   57.5   0.1   1   2      0.76        40    1.3   0.0   270   317     1    49     1    89 0.70 -
TRINITY_DN26382_c0_g1_i13:257-1072 -            272 177858at33208        -            591     4e-16   57.5   0.1   2   2   6.1e-17   3.3e-15   54.4   0.1   417   496   128   208    64   230 0.84 -
TRINITY_DN26382_c0_g1_i1:578-1393  -            272 177858at33208        -            591     4e-16   57.5   0.1   1   2      0.76        40    1.3   0.0   270   317     1    49     1    89 0.70 -
TRINITY_DN26382_c0_g1_i1:578-1393  -            272 177858at33208        -            591     4e-16   57.5   0.1   2   2   6.1e-17   3.3e-15   54.4   0.1   417   496   128   208    64   230 0.84 -
TRINITY_DN2531_c0_g1_i6:354-782    -            143 177858at33208        -            591   5.6e-16   57.0   0.1   1   1   1.1e-17   6.1e-16   56.9   0.1   390   497    31   141    12   143 0.90 -
TRINITY_DN8372_c0_g2_i6:163-1194   -            344 177858at33208        -            591   7.9e-16   56.5   0.7   1   2   4.5e-06   0.00024   18.6   0.0     6    63    46   109    41   115 0.73 -
TRINITY_DN8372_c0_g2_i6:163-1194   -            344 177858at33208        -            591   7.9e-16   56.5   0.7   2   2   3.6e-11   1.9e-09   35.4   0.2   204   293   122   218   116   342 0.85 -
TRINITY_DN2270_c0_g1_i14:5894-6274 -            127 177858at33208        -            591   1.3e-15   55.7   0.2   1   1   3.2e-17   1.7e-15   55.4   0.2   109   178    38   114    32   118 0.90 -
TRINITY_DN2270_c0_g1_i2:5843-6223  -            127 177858at33208        -            591   1.3e-15   55.7   0.2   1   1   3.2e-17   1.7e-15   55.4   0.2   109   178    38   114    32   118 0.90 -
TRINITY_DN2270_c0_g1_i9:5858-6238  -            127 177858at33208        -            591   1.3e-15   55.7   0.2   1   1   3.2e-17   1.7e-15   55.4   0.2   109   178    38   114    32   118 0.90 -
TRINITY_DN2531_c0_g1_i5:875-1291   -            139 177858at33208        -            591     1e-14   52.8   0.1   1   1     2e-16   1.1e-14   52.7   0.1   399   497     2   103     1   132 0.89 -
TRINITY_DN16134_c0_g1_i6:12-356    -            115 177858at33208        -            591     2e-13   48.5   0.4   1   1   3.9e-15   2.1e-13   48.5   0.4   227   334     2   112     1   115 0.83 -
TRINITY_DN10820_c0_g1_i1:74-454    -            127 177858at33208        -            591   2.8e-13   48.1   0.0   1   2   8.7e-12   4.7e-10   37.4   0.0     4    61     2    59     1    65 0.90 -
TRINITY_DN10820_c0_g1_i1:74-454    -            127 177858at33208        -            591   2.8e-13   48.1   0.0   2   2    0.0032      0.17    9.2   0.0   200   249    67   118    62   127 0.81 -
TRINITY_DN7119_c0_g1_i17:606-1646  -            347 177858at33208        -            591   4.2e-12   44.2   2.3   1   2    0.0002     0.011   13.1   0.2   205   295    23   112    13   214 0.80 -
TRINITY_DN7119_c0_g1_i17:606-1646  -            347 177858at33208        -            591   4.2e-12   44.2   2.3   2   2   9.1e-10   4.9e-08   30.8   0.1   430   497   276   343   265   345 0.94 -
TRINITY_DN2284_c0_g1_i1:222-1139   -            306 177858at33208        -            591   3.6e-11   41.1   0.0   1   2       6.6   3.5e+02   -1.8   0.0   277   337     1    57     1    96 0.72 -
TRINITY_DN2284_c0_g1_i1:222-1139   -            306 177858at33208        -            591   3.6e-11   41.1   0.0   2   2   1.6e-12   8.4e-11   39.9   0.0   421   493   124   197    80   205 0.79 -
TRINITY_DN2284_c0_g1_i10:1457-1942 -            162 177858at33208        -            591   1.7e-10   38.9   0.0   1   1   3.8e-12     2e-10   38.6   0.0   435   493     6    64     1    78 0.92 -
TRINITY_DN3551_c0_g1_i11:1618-2676 -            353 177858at33208        -            591   5.5e-08   30.6   0.1   1   3     0.024       1.3    6.3   0.0    15    64    15    64     6    67 0.88 -
TRINITY_DN3551_c0_g1_i11:1618-2676 -            353 177858at33208        -            591   5.5e-08   30.6   0.1   2   3     7e-05    0.0037   14.6   0.0   195   307    68   192    62   199 0.72 -
TRINITY_DN3551_c0_g1_i11:1618-2676 -            353 177858at33208        -            591   5.5e-08   30.6   0.1   3   3     0.021       1.1    6.5   0.0   396   479   263   352   226   353 0.74 -
TRINITY_DN3551_c0_g1_i15:1657-2715 -            353 177858at33208        -            591   5.5e-08   30.6   0.1   1   3     0.024       1.3    6.3   0.0    15    64    15    64     6    67 0.88 -
TRINITY_DN3551_c0_g1_i15:1657-2715 -            353 177858at33208        -            591   5.5e-08   30.6   0.1   2   3     7e-05    0.0037   14.6   0.0   195   307    68   192    62   199 0.72 -
TRINITY_DN3551_c0_g1_i15:1657-2715 -            353 177858at33208        -            591   5.5e-08   30.6   0.1   3   3     0.021       1.1    6.5   0.0   396   479   263   352   226   353 0.74 -
TRINITY_DN3551_c0_g1_i16:1657-2715 -            353 177858at33208        -            591   5.5e-08   30.6   0.1   1   3     0.024       1.3    6.3   0.0    15    64    15    64     6    67 0.88 -
TRINITY_DN3551_c0_g1_i16:1657-2715 -            353 177858at33208        -            591   5.5e-08   30.6   0.1   2   3     7e-05    0.0037   14.6   0.0   195   307    68   192    62   199 0.72 -
TRINITY_DN3551_c0_g1_i16:1657-2715 -            353 177858at33208        -            591   5.5e-08   30.6   0.1   3   3     0.021       1.1    6.5   0.0   396   479   263   352   226   353 0.74 -
TRINITY_DN3551_c0_g1_i2:1618-2676  -            353 177858at33208        -            591   5.5e-08   30.6   0.1   1   3     0.024       1.3    6.3   0.0    15    64    15    64     6    67 0.88 -
TRINITY_DN3551_c0_g1_i2:1618-2676  -            353 177858at33208        -            591   5.5e-08   30.6   0.1   2   3     7e-05    0.0037   14.6   0.0   195   307    68   192    62   199 0.72 -
TRINITY_DN3551_c0_g1_i2:1618-2676  -            353 177858at33208        -            591   5.5e-08   30.6   0.1   3   3     0.021       1.1    6.5   0.0   396   479   263   352   226   353 0.74 -
TRINITY_DN3551_c0_g1_i3:1657-2715  -            353 177858at33208        -            591   5.5e-08   30.6   0.1   1   3     0.024       1.3    6.3   0.0    15    64    15    64     6    67 0.88 -
TRINITY_DN3551_c0_g1_i3:1657-2715  -            353 177858at33208        -            591   5.5e-08   30.6   0.1   2   3     7e-05    0.0037   14.6   0.0   195   307    68   192    62   199 0.72 -
TRINITY_DN3551_c0_g1_i3:1657-2715  -            353 177858at33208        -            591   5.5e-08   30.6   0.1   3   3     0.021       1.1    6.5   0.0   396   479   263   352   226   353 0.74 -
TRINITY_DN3551_c0_g1_i6:1618-2676  -            353 177858at33208        -            591   5.5e-08   30.6   0.1   1   3     0.024       1.3    6.3   0.0    15    64    15    64     6    67 0.88 -
TRINITY_DN3551_c0_g1_i6:1618-2676  -            353 177858at33208        -            591   5.5e-08   30.6   0.1   2   3     7e-05    0.0037   14.6   0.0   195   307    68   192    62   199 0.72 -
TRINITY_DN3551_c0_g1_i6:1618-2676  -            353 177858at33208        -            591   5.5e-08   30.6   0.1   3   3     0.021       1.1    6.5   0.0   396   479   263   352   226   353 0.74 -
TRINITY_DN3551_c0_g1_i7:1618-2676  -            353 177858at33208        -            591   5.5e-08   30.6   0.1   1   3     0.024       1.3    6.3   0.0    15    64    15    64     6    67 0.88 -
TRINITY_DN3551_c0_g1_i7:1618-2676  -            353 177858at33208        -            591   5.5e-08   30.6   0.1   2   3     7e-05    0.0037   14.6   0.0   195   307    68   192    62   199 0.72 -
TRINITY_DN3551_c0_g1_i7:1618-2676  -            353 177858at33208        -            591   5.5e-08   30.6   0.1   3   3     0.021       1.1    6.5   0.0   396   479   263   352   226   353 0.74 -
TRINITY_DN397_c0_g1_i10:2383-4020  -            546 177858at33208        -            591   4.3e-07   27.6   0.1   1   1   1.6e-08   8.5e-07   26.7   0.1   358   493   197   339   186   355 0.73 -
TRINITY_DN397_c0_g1_i13:923-2560   -            546 177858at33208        -            591   4.3e-07   27.6   0.1   1   1   1.6e-08   8.5e-07   26.7   0.1   358   493   197   339   186   355 0.73 -
TRINITY_DN397_c0_g1_i1:2383-4020   -            546 177858at33208        -            591   4.3e-07   27.6   0.1   1   1   1.6e-08   8.5e-07   26.7   0.1   358   493   197   339   186   355 0.73 -
TRINITY_DN397_c0_g1_i8:1611-3248   -            546 177858at33208        -            591   4.3e-07   27.6   0.1   1   1   1.6e-08   8.5e-07   26.7   0.1   358   493   197   339   186   355 0.73 -
TRINITY_DN397_c0_g1_i9:2383-4020   -            546 177858at33208        -            591   4.3e-07   27.6   0.1   1   1   1.6e-08   8.5e-07   26.7   0.1   358   493   197   339   186   355 0.73 -
TRINITY_DN20496_c0_g1_i3:841-2367  -            509 177858at33208        -            591   7.9e-07   26.8   0.0   1   1   2.3e-08   1.2e-06   26.1   0.0   398   486   266   357   259   384 0.90 -
TRINITY_DN7285_c0_g1_i2:562-1821   -            420 177858at33208        -            591   8.9e-07   26.6   0.1   1   2     0.021       1.1    6.4   0.0    25    84    34    93    12   111 0.75 -
TRINITY_DN7285_c0_g1_i2:562-1821   -            420 177858at33208        -            591   8.9e-07   26.6   0.1   2   2   5.8e-06   0.00031   18.2   0.0   376   488   236   351   230   361 0.85 -
TRINITY_DN23382_c0_g2_i3:2-976     -            325 177858at33208        -            591   1.1e-06   26.2   0.2   1   1   3.3e-08   1.8e-06   25.6   0.2   357   487    25   169    21   199 0.81 -
TRINITY_DN23382_c0_g2_i2:695-1681  -            329 177858at33208        -            591   1.2e-06   26.2   0.1   1   1   3.5e-08   1.8e-06   25.6   0.1   357   486    25   168    21   189 0.81 -
TRINITY_DN7285_c0_g1_i1:622-1815   -            398 177858at33208        -            591   1.5e-06   25.8   0.3   1   2     0.038         2    5.6   0.0    27    84    14    71     5    89 0.79 -
TRINITY_DN7285_c0_g1_i1:622-1815   -            398 177858at33208        -            591   1.5e-06   25.8   0.3   2   2   5.3e-06   0.00028   18.3   0.0   376   488   214   329   208   339 0.85 -
TRINITY_DN46185_c0_g2_i1:8-352     -            115 177858at33208        -            591   2.3e-06   25.2   0.0   1   2   3.9e-07   2.1e-05   22.1   0.0    27    63    28    64     9    76 0.88 -
TRINITY_DN46185_c0_g2_i1:8-352     -            115 177858at33208        -            591   2.3e-06   25.2   0.0   2   2      0.68        36    1.5   0.0   205   240    77   113    70   115 0.72 -
TRINITY_DN7797_c0_g1_i16:1709-3757 -            683 177858at33208        -            591   4.2e-06   24.4   0.0   1   2      0.31        16    2.6   0.0    26    59    11    44     2    61 0.87 -
TRINITY_DN7797_c0_g1_i16:1709-3757 -            683 177858at33208        -            591   4.2e-06   24.4   0.0   2   2   2.9e-06   0.00015   19.2   0.0   420   486   302   369   296   377 0.90 -
TRINITY_DN7797_c0_g1_i11:1697-4030 -            778 177858at33208        -            591   5.8e-06   23.9   0.0   1   2      0.36        19    2.4   0.0    26    59    11    44     2    61 0.87 -
TRINITY_DN7797_c0_g1_i11:1697-4030 -            778 177858at33208        -            591   5.8e-06   23.9   0.0   2   2   3.4e-06   0.00018   19.0   0.0   420   486   302   369   296   377 0.90 -
TRINITY_DN7797_c0_g1_i14:1697-4363 -            889 177858at33208        -            591     8e-06   23.4   0.0   1   2      0.42        23    2.1   0.0    26    59    11    44     2    60 0.87 -
TRINITY_DN7797_c0_g1_i14:1697-4363 -            889 177858at33208        -            591     8e-06   23.4   0.0   2   2     4e-06   0.00022   18.7   0.0   420   486   302   369   296   377 0.90 -
TRINITY_DN3983_c0_g1_i6:161-733    -            191 177858at33208        -            591   2.2e-05   22.0   0.0   1   1   5.3e-07   2.8e-05   21.6   0.0   359   485    50   190    42   191 0.73 -
TRINITY_DN47613_c0_g1_i2:100-1131  -            344 177858at33208        -            591   2.7e-05   21.7   0.0   1   2     0.066       3.5    4.8   0.0    28    85     1    55     1    67 0.80 -
TRINITY_DN47613_c0_g1_i2:100-1131  -            344 177858at33208        -            591   2.7e-05   21.7   0.0   2   2   5.8e-05    0.0031   14.9   0.0   395   492   230   341   218   344 0.73 -
TRINITY_DN28028_c1_g2_i2:171-1706  -            488 177858at33208        -            591   3.1e-05   21.5   0.1   1   2    0.0083      0.44    7.8   0.0    28    57     1    30     1    60 0.86 -
TRINITY_DN28028_c1_g2_i2:171-1706  -            488 177858at33208        -            591   3.1e-05   21.5   0.1   2   2   0.00058     0.031   11.6   0.1   395   492   214   325   207   335 0.79 -
TRINITY_DN9480_c0_g1_i1:1553-2698  -            382 177858at33208        -            591   3.9e-05   21.2   0.6   1   2         5   2.7e+02   -1.4   0.0    40    61    22    43    16    51 0.82 -
TRINITY_DN9480_c0_g1_i1:1553-2698  -            382 177858at33208        -            591   3.9e-05   21.2   0.6   2   2   2.1e-06   0.00011   19.7   0.3   203   320    57   183    40   190 0.76 -
TRINITY_DN3983_c0_g1_i10:392-1372  -            327 177858at33208        -            591     8e-05   20.1   0.0   1   1   2.2e-06   0.00012   19.6   0.0   360   485   187   326   178   327 0.72 -
TRINITY_DN3983_c0_g1_i1:392-1372   -            327 177858at33208        -            591     8e-05   20.1   0.0   1   1   2.2e-06   0.00012   19.6   0.0   360   485   187   326   178   327 0.72 -
TRINITY_DN21736_c0_g1_i5:167-682   -            172 177858at33208        -            591    0.0001   19.8   0.6   1   1   2.6e-06   0.00014   19.4   0.6   389   493     9   127     7   154 0.78 -
TRINITY_DN24248_c0_g1_i1:850-1350  -            167 177858at33208        -            591   0.00013   19.5   0.1   1   1     3e-06   0.00016   19.2   0.1   122   177    85   144    69   153 0.88 -
TRINITY_DN24248_c0_g1_i2:850-1350  -            167 177858at33208        -            591   0.00013   19.5   0.1   1   1     3e-06   0.00016   19.2   0.1   122   177    85   144    69   153 0.88 -
TRINITY_DN24248_c0_g1_i4:850-1350  -            167 177858at33208        -            591   0.00013   19.5   0.1   1   1     3e-06   0.00016   19.2   0.1   122   177    85   144    69   153 0.88 -
TRINITY_DN26856_c0_g1_i2:508-930   -            141 177858at33208        -            591   0.00016   19.2   0.0   1   1     3e-06   0.00016   19.2   0.0   424   486    40   105     4   136 0.79 -
TRINITY_DN21649_c3_g1_i1:753-1340  -            196 177858at33208        -            591   0.00022   18.7   0.1   1   1   4.4e-06   0.00024   18.6   0.1   423   485   130   195    66   196 0.76 -
TRINITY_DN21649_c3_g1_i3:729-1316  -            196 177858at33208        -            591   0.00022   18.7   0.1   1   1   4.4e-06   0.00024   18.6   0.1   423   485   130   195    66   196 0.76 -
TRINITY_DN3434_c0_g1_i3:530-1816   -            429 177858at33208        -            591   0.00028   18.3   0.7   1   3      0.22        12    3.1   0.0    31    60     4    34     1    45 0.82 -
TRINITY_DN3434_c0_g1_i3:530-1816   -            429 177858at33208        -            591   0.00028   18.3   0.7   2   3       2.3   1.2e+02   -0.3   0.0    64   120    89   146    85   166 0.82 -
TRINITY_DN3434_c0_g1_i3:530-1816   -            429 177858at33208        -            591   0.00028   18.3   0.7   3   3   0.00067     0.036   11.4   0.3   393   494   234   349   225   378 0.72 -
TRINITY_DN3425_c0_g1_i1:74-1336    -            421 177858at33208        -            591    0.0003   18.2   0.0   1   2     0.076         4    4.6   0.0    26    60    13    48     6    95 0.75 -
TRINITY_DN3425_c0_g1_i1:74-1336    -            421 177858at33208        -            591    0.0003   18.2   0.0   2   2   0.00077     0.041   11.2   0.0   387   488   233   337   208   343 0.78 -
TRINITY_DN23382_c0_g2_i1:123-542   -            140 177858at33208        -            591   0.00034   18.1   0.1   1   1   7.2e-06   0.00038   17.9   0.1   397   487     2   105     1   135 0.69 -
TRINITY_DN21736_c0_g1_i1:150-1181  -            344 177858at33208        -            591   0.00051   17.5   0.5   1   1   1.4e-05   0.00077   16.9   0.5   389   493    81   199    77   226 0.78 -
TRINITY_DN26856_c0_g1_i1:0-947     -            316 177858at33208        -            591   0.00055   17.4   0.1   1   1   1.5e-05   0.00081   16.8   0.1   424   486    43   108     3   159 0.79 -
TRINITY_DN21736_c0_g1_i2:150-1265  -            372 177858at33208        -            591    0.0006   17.3   0.5   1   1   1.7e-05    0.0009   16.7   0.5   389   493   109   227   105   254 0.78 -
TRINITY_DN47613_c0_g1_i1:67-669    -            201 177858at33208        -            591   0.00063   17.2   0.0   1   1   1.6e-05   0.00087   16.7   0.0   395   492    87   198    73   201 0.73 -
TRINITY_DN1477_c0_g1_i1:35-1129    -            365 177858at33208        -            591   0.00083   16.8   0.1   1   2     0.004      0.21    8.8   0.0    81   161   134   225   106   232 0.68 -
TRINITY_DN1477_c0_g1_i1:35-1129    -            365 177858at33208        -            591   0.00083   16.8   0.1   2   2     0.031       1.7    5.9   0.0   162   196   275   315   254   320 0.78 -
TRINITY_DN93351_c0_g1_i1:134-853   -            240 177858at33208        -            591    0.0018   15.7   0.1   1   1   4.5e-05    0.0024   15.3   0.1   440   506    29    90     6    98 0.79 -
TRINITY_DN26534_c0_g1_i2:1091-2173 -            361 177858at33208        -            591    0.0021   15.5   0.0   1   1   5.6e-05     0.003   14.9   0.0   391   489   239   350   201   356 0.73 -
TRINITY_DN68120_c0_g1_i1:6-749     -            248 177858at33208        -            591    0.0022   15.4   0.3   1   1   5.3e-05    0.0028   15.0   0.3   393   486     3   109     1   126 0.67 -
TRINITY_DN26534_c0_g1_i1:700-1782  -            361 177858at33208        -            591    0.0031   14.9   0.0   1   1   8.3e-05    0.0044   14.4   0.0   393   489   241   350   210   356 0.73 -
TRINITY_DN40367_c0_g1_i2:49-1146   -            366 177858at33208        -            591    0.0037   14.6   0.1   1   2    0.0066      0.35    8.1   0.0    26    65    19    59     3    91 0.81 -
TRINITY_DN40367_c0_g1_i2:49-1146   -            366 177858at33208        -            591    0.0037   14.6   0.1   2   2     0.096       5.2    4.3   0.1   397   485   262   364   254   366 0.68 -
TRINITY_DN10347_c0_g1_i10:898-1269 -            124 177858at33208        -            591    0.0049   14.3   0.0   1   1   0.00011    0.0059   14.0   0.0   442   492     5    55     2    78 0.92 -
TRINITY_DN28028_c1_g2_i3:426-1199  -            258 177858at33208        -            591    0.0093   13.3   0.1   1   1   0.00024     0.013   12.9   0.1   396   493     3   114     1   124 0.78 -
TRINITY_DN21736_c0_g1_i3:75-803    -            243 177858at33208        -            591     0.011   13.1   0.0   1   1   0.00026     0.014   12.7   0.0   432   493    10    73     1   101 0.83 -
TRINITY_DN54352_c0_g1_i1:160-1317  -            386 177858at33208        -            591     0.022   12.1   0.0   1   1   0.00059     0.032   11.6   0.0   433   487   142   197   128   228 0.81 -
TRINITY_DN46482_c0_g1_i1:19-696    -            226 177858at33208        -            591     0.029   11.7   0.0   1   1   0.00066     0.035   11.4   0.0   443   487     4    48     1    95 0.85 -
TRINITY_DN46482_c0_g1_i2:19-696    -            226 177858at33208        -            591     0.029   11.7   0.0   1   1   0.00066     0.035   11.4   0.0   443   487     4    48     1    95 0.85 -
TRINITY_DN24611_c0_g1_i2:2-709     -            236 177858at33208        -            591     0.047   11.0   0.0   1   1    0.0011     0.061   10.6   0.0   443   491    26    74    20   105 0.77 -
TRINITY_DN24611_c0_g1_i3:2-709     -            236 177858at33208        -            591     0.047   11.0   0.0   1   1    0.0011     0.061   10.6   0.0   443   491    26    74    20   105 0.77 -
#
# Program:         hmmsearch
# Version:         3.1b2 (February 2015)
# Pipeline mode:   SEARCH
# Query file:      /busco_wd/busco_downloads/lineages/metazoa_odb10/hmms/177858at33208.hmm
# Target file:     /busco_wd/BUSCO/run_metazoa_odb10/metaeuk_output/initial_results/Trinity.fasta.modified.fas
# Option settings: hmmsearch --domtblout /busco_wd/BUSCO/run_metazoa_odb10/hmmer_output/initial_run_results/177858at33208.out --cpu 1 /busco_wd/busco_downloads/lineages/metazoa_odb10/hmms/177858at33208.hmm /busco_wd/BUSCO/run_metazoa_odb10/metaeuk_output/initial_results/Trinity.fasta.modified.fas 
# Current dir:     /busco_wd
# Date:            Tue Nov 23 09:00:45 2021
# [ok]
