#                                                                                          --- full sequence --- -------------- this domain -------------   hmm coord   ali coord   env coord
# target name                      accession   tlen query name           accession   qlen   E-value  score  bias   #  of  c-Evalue  i-Evalue  score  bias  from    to  from    to  from    to  acc description of target
#              ------------------- ---------- ----- -------------------- ---------- ----- --------- ------ ----- --- --- --------- --------- ------ ----- ----- ----- ----- ----- ----- ----- ---- ---------------------
TRINITY_DN615_c0_g1_i5:121-1920    -            600 184717at33208        -            511    1e-282  937.1  11.5   1   2    5e-117    1e-114  382.8   3.7     1   185     4   196     4   203 0.96 -
TRINITY_DN615_c0_g1_i5:121-1920    -            600 184717at33208        -            511    1e-282  937.1  11.5   2   2  1.1e-169  2.2e-167  556.6   1.0   176   511   209   598   206   598 0.88 -
TRINITY_DN615_c0_g1_i6:121-1920    -            600 184717at33208        -            511    1e-282  937.1  11.5   1   2    5e-117    1e-114  382.8   3.7     1   185     4   196     4   203 0.96 -
TRINITY_DN615_c0_g1_i6:121-1920    -            600 184717at33208        -            511    1e-282  937.1  11.5   2   2  1.1e-169  2.2e-167  556.6   1.0   176   511   209   598   206   598 0.88 -
TRINITY_DN615_c0_g1_i7:121-1863    -            581 184717at33208        -            511  2.3e-275  912.8  10.9   1   2  4.7e-117  9.6e-115  382.9   3.7     1   185     4   196     4   203 0.96 -
TRINITY_DN615_c0_g1_i7:121-1863    -            581 184717at33208        -            511  2.3e-275  912.8  10.9   2   2  3.2e-162  6.5e-160  531.9   0.7   176   494   209   580   206   581 0.88 -
TRINITY_DN615_c0_g1_i4:0-1067      -            356 184717at33208        -            511  7.4e-146  485.5   0.7   1   1  4.2e-147  8.6e-145  482.0   0.7   212   511     1   354     1   354 0.87 -
TRINITY_DN80439_c0_g1_i1:45-266    -             74 184717at33208        -            511   7.4e-39  132.5  13.9   1   1     4e-41   8.1e-39  132.4  13.9     1    70     1    74     1    74 0.98 -
TRINITY_DN4944_c0_g1_i1:115-1623   -            503 184717at33208        -            511   5.7e-12   43.8   0.0   1   3      0.12        24    2.2   0.0    99   118     3    22     1    28 0.84 -
TRINITY_DN4944_c0_g1_i1:115-1623   -            503 184717at33208        -            511   5.7e-12   43.8   0.0   2   3   5.8e-06    0.0012   16.4   0.0   178   249   120   193   105   209 0.79 -
TRINITY_DN4944_c0_g1_i1:115-1623   -            503 184717at33208        -            511   5.7e-12   43.8   0.0   3   3   2.4e-07     5e-05   20.9   0.0    99   244   318   470   291   490 0.73 -
TRINITY_DN4944_c0_g1_i2:115-1623   -            503 184717at33208        -            511     6e-12   43.8   0.0   1   3      0.12        24    2.2   0.0    99   118     3    22     1    28 0.84 -
TRINITY_DN4944_c0_g1_i2:115-1623   -            503 184717at33208        -            511     6e-12   43.8   0.0   2   3   6.1e-06    0.0012   16.3   0.0   178   249   120   193   105   209 0.79 -
TRINITY_DN4944_c0_g1_i2:115-1623   -            503 184717at33208        -            511     6e-12   43.8   0.0   3   3   2.4e-07     5e-05   20.9   0.0    99   244   318   470   291   490 0.73 -
TRINITY_DN4944_c0_g1_i6:115-1623   -            503 184717at33208        -            511     6e-12   43.8   0.0   1   3      0.12        24    2.2   0.0    99   118     3    22     1    28 0.84 -
TRINITY_DN4944_c0_g1_i6:115-1623   -            503 184717at33208        -            511     6e-12   43.8   0.0   2   3   6.1e-06    0.0012   16.3   0.0   178   249   120   193   105   209 0.79 -
TRINITY_DN4944_c0_g1_i6:115-1623   -            503 184717at33208        -            511     6e-12   43.8   0.0   3   3   2.4e-07     5e-05   20.9   0.0    99   244   318   470   291   490 0.73 -
TRINITY_DN46900_c3_g5_i1:250-888   -            213 184717at33208        -            511   9.9e-10   36.4   0.1   1   2    0.0075       1.5    6.1   0.0    95   117    18    40     7    64 0.93 -
TRINITY_DN46900_c3_g5_i1:250-888   -            213 184717at33208        -            511   9.9e-10   36.4   0.1   2   2   1.2e-09   2.5e-07   28.5   0.0   173   249   119   198   102   210 0.76 -
TRINITY_DN4433_c0_g1_i2:73-5250    -           1726 184717at33208        -            511   1.2e-08   32.9   0.0   1   2   1.2e-05    0.0024   15.4   0.0    96   220   555   698   546   707 0.76 -
TRINITY_DN4433_c0_g1_i2:73-5250    -           1726 184717at33208        -            511   1.2e-08   32.9   0.0   2   2   0.00048     0.099   10.1   0.0    93   216  1438  1578  1429  1594 0.56 -
TRINITY_DN4433_c0_g1_i4:73-5250    -           1726 184717at33208        -            511   1.2e-08   32.9   0.0   1   2   1.2e-05    0.0024   15.4   0.0    96   220   555   698   546   707 0.76 -
TRINITY_DN4433_c0_g1_i4:73-5250    -           1726 184717at33208        -            511   1.2e-08   32.9   0.0   2   2   0.00048     0.099   10.1   0.0    93   216  1438  1578  1429  1594 0.56 -
TRINITY_DN4433_c0_g1_i5:73-5250    -           1726 184717at33208        -            511   1.2e-08   32.9   0.0   1   2   1.2e-05    0.0024   15.4   0.0    96   220   555   698   546   707 0.76 -
TRINITY_DN4433_c0_g1_i5:73-5250    -           1726 184717at33208        -            511   1.2e-08   32.9   0.0   2   2   0.00048     0.099   10.1   0.0    93   216  1438  1578  1429  1594 0.56 -
TRINITY_DN4433_c0_g1_i7:73-5250    -           1726 184717at33208        -            511   1.2e-08   32.9   0.0   1   2   1.2e-05    0.0024   15.4   0.0    96   220   555   698   546   707 0.76 -
TRINITY_DN4433_c0_g1_i7:73-5250    -           1726 184717at33208        -            511   1.2e-08   32.9   0.0   2   2   0.00048     0.099   10.1   0.0    93   216  1438  1578  1429  1594 0.56 -
TRINITY_DN8156_c1_g1_i2:1143-1676  -            178 184717at33208        -            511   2.7e-06   25.1   0.0   1   1   2.4e-08   4.8e-06   24.3   0.0   100   238    28   174    24   178 0.78 -
TRINITY_DN5819_c0_g1_i5:580-2007   -            476 184717at33208        -            511   3.3e-06   24.8   0.0   1   2     0.014       2.8    5.3   0.0    92   118   260   285   245   294 0.83 -
TRINITY_DN5819_c0_g1_i5:580-2007   -            476 184717at33208        -            511   3.3e-06   24.8   0.0   2   2   2.9e-06   0.00059   17.4   0.0   183   243   375   439   340   458 0.60 -
TRINITY_DN5819_c0_g1_i1:3031-4467  -            479 184717at33208        -            511   3.4e-06   24.8   0.0   1   2     0.014       2.8    5.3   0.0    92   118   263   288   248   297 0.83 -
TRINITY_DN5819_c0_g1_i1:3031-4467  -            479 184717at33208        -            511   3.4e-06   24.8   0.0   2   2   2.9e-06    0.0006   17.4   0.0   183   243   378   442   343   461 0.60 -
TRINITY_DN5819_c0_g1_i4:3031-4467  -            479 184717at33208        -            511   3.4e-06   24.8   0.0   1   2     0.014       2.8    5.3   0.0    92   118   263   288   248   297 0.83 -
TRINITY_DN5819_c0_g1_i4:3031-4467  -            479 184717at33208        -            511   3.4e-06   24.8   0.0   2   2   2.9e-06    0.0006   17.4   0.0   183   243   378   442   343   461 0.60 -
TRINITY_DN5819_c0_g1_i7:3031-4467  -            479 184717at33208        -            511   3.4e-06   24.8   0.0   1   2     0.014       2.8    5.3   0.0    92   118   263   288   248   297 0.83 -
TRINITY_DN5819_c0_g1_i7:3031-4467  -            479 184717at33208        -            511   3.4e-06   24.8   0.0   2   2   2.9e-06    0.0006   17.4   0.0   183   243   378   442   343   461 0.60 -
TRINITY_DN65575_c0_g1_i2:529-1953  -            475 184717at33208        -            511   5.2e-06   24.2   0.0   1   2       0.1        21    2.4   0.0    93   127   260   294   251   305 0.87 -
TRINITY_DN65575_c0_g1_i2:529-1953  -            475 184717at33208        -            511   5.2e-06   24.2   0.0   2   2   6.9e-07   0.00014   19.4   0.0   181   251   372   446   356   465 0.73 -
TRINITY_DN5539_c0_g1_i1:735-2159   -            475 184717at33208        -            511   7.1e-06   23.7   0.2   1   2     0.028       5.7    4.2   0.1    96   117   265   286   259   296 0.89 -
TRINITY_DN5539_c0_g1_i1:735-2159   -            475 184717at33208        -            511   7.1e-06   23.7   0.2   2   2     3e-06   0.00062   17.3   0.0   183   255   375   451   335   470 0.62 -
TRINITY_DN5539_c0_g1_i2:735-2159   -            475 184717at33208        -            511   7.1e-06   23.7   0.2   1   2     0.028       5.7    4.2   0.1    96   117   265   286   259   296 0.89 -
TRINITY_DN5539_c0_g1_i2:735-2159   -            475 184717at33208        -            511   7.1e-06   23.7   0.2   2   2     3e-06   0.00062   17.3   0.0   183   255   375   451   335   470 0.62 -
TRINITY_DN15805_c0_g1_i1:1788-2033 -             82 184717at33208        -            511   8.1e-06   23.5   0.0   1   1     4e-08   8.1e-06   23.5   0.0   181   245     5    73     1    82 0.63 -
TRINITY_DN15805_c0_g1_i2:611-856   -             82 184717at33208        -            511   8.1e-06   23.5   0.0   1   1     4e-08   8.1e-06   23.5   0.0   181   245     5    73     1    82 0.63 -
TRINITY_DN91417_c0_g1_i1:2567-3214 -            216 184717at33208        -            511   3.7e-05   21.3   0.0   1   2     0.002      0.42    8.0   0.1    98   125     1    28     1    33 0.86 -
TRINITY_DN91417_c0_g1_i1:2567-3214 -            216 184717at33208        -            511   3.7e-05   21.3   0.0   2   2   0.00017     0.036   11.5   0.0   374   452    95   174    34   209 0.52 -
TRINITY_DN5539_c0_g1_i1:2439-4028  -            530 184717at33208        -            511   4.3e-05   21.1   0.0   1   2    0.0096         2    5.8   0.0    95   116   378   399   349   404 0.77 -
TRINITY_DN5539_c0_g1_i1:2439-4028  -            530 184717at33208        -            511   4.3e-05   21.1   0.0   2   2   5.4e-05     0.011   13.2   0.0   355   418   465   527   452   530 0.69 -
TRINITY_DN5539_c0_g1_i4:11-1600    -            530 184717at33208        -            511   4.3e-05   21.1   0.0   1   2    0.0096         2    5.8   0.0    95   116   378   399   349   404 0.77 -
TRINITY_DN5539_c0_g1_i4:11-1600    -            530 184717at33208        -            511   4.3e-05   21.1   0.0   2   2   5.4e-05     0.011   13.2   0.0   355   418   465   527   452   530 0.69 -
TRINITY_DN14634_c0_g1_i1:992-2413  -            474 184717at33208        -            511   6.1e-05   20.6   0.1   1   3       8.6   1.7e+03   -4.0   0.0    64    90   159   185   157   188 0.84 -
TRINITY_DN14634_c0_g1_i1:992-2413  -            474 184717at33208        -            511   6.1e-05   20.6   0.1   2   3     0.087        18    2.6   0.0    96   117   325   346   312   366 0.92 -
TRINITY_DN14634_c0_g1_i1:992-2413  -            474 184717at33208        -            511   6.1e-05   20.6   0.1   3   3   1.1e-05    0.0023   15.4   0.0   182   218   434   470   420   474 0.74 -
TRINITY_DN14634_c0_g1_i2:992-2413  -            474 184717at33208        -            511   6.1e-05   20.6   0.1   1   3       8.6   1.7e+03   -4.0   0.0    64    90   159   185   157   188 0.84 -
TRINITY_DN14634_c0_g1_i2:992-2413  -            474 184717at33208        -            511   6.1e-05   20.6   0.1   2   3     0.087        18    2.6   0.0    96   117   325   346   312   366 0.92 -
TRINITY_DN14634_c0_g1_i2:992-2413  -            474 184717at33208        -            511   6.1e-05   20.6   0.1   3   3   1.1e-05    0.0023   15.4   0.0   182   218   434   470   420   474 0.74 -
TRINITY_DN16407_c1_g1_i1:847-2277  -            477 184717at33208        -            511   6.8e-05   20.5   0.0   1   2     0.046       9.5    3.5   0.0    95   117   266   288   257   301 0.84 -
TRINITY_DN16407_c1_g1_i1:847-2277  -            477 184717at33208        -            511   6.8e-05   20.5   0.0   2   2   1.9e-05    0.0039   14.7   0.0   184   244   378   442   358   460 0.67 -
TRINITY_DN16407_c1_g1_i8:508-1938  -            477 184717at33208        -            511   6.8e-05   20.5   0.0   1   2     0.046       9.5    3.5   0.0    95   117   266   288   257   301 0.84 -
TRINITY_DN16407_c1_g1_i8:508-1938  -            477 184717at33208        -            511   6.8e-05   20.5   0.0   2   2   1.9e-05    0.0039   14.7   0.0   184   244   378   442   358   460 0.67 -
TRINITY_DN33776_c0_g1_i1:478-2142  -            555 184717at33208        -            511   0.00015   19.3   0.1   1   2      0.18        37    1.6   0.1    96   116   402   422   395   435 0.87 -
TRINITY_DN33776_c0_g1_i1:478-2142  -            555 184717at33208        -            511   0.00015   19.3   0.1   2   2   1.2e-05    0.0024   15.4   0.0   162   217   495   551   469   554 0.80 -
TRINITY_DN33776_c0_g1_i2:488-2152  -            555 184717at33208        -            511   0.00015   19.3   0.1   1   2      0.18        37    1.6   0.1    96   116   402   422   395   435 0.87 -
TRINITY_DN33776_c0_g1_i2:488-2152  -            555 184717at33208        -            511   0.00015   19.3   0.1   2   2   1.2e-05    0.0024   15.4   0.0   162   217   495   551   469   554 0.80 -
TRINITY_DN16407_c1_g1_i1:2521-4107 -            527 184717at33208        -            511   0.00037   18.0   0.0   1   2     0.046       9.3    3.5   0.1    95   126   376   407   368   422 0.81 -
TRINITY_DN16407_c1_g1_i1:2521-4107 -            527 184717at33208        -            511   0.00037   18.0   0.0   2   2   0.00011     0.022   12.2   0.0   173   217   479   523   464   526 0.82 -
TRINITY_DN15805_c0_g1_i3:373-1923  -            517 184717at33208        -            511   0.00048   17.7   0.0   1   2      0.29        59    0.9   0.0    90   116   362   387   335   395 0.74 -
TRINITY_DN15805_c0_g1_i3:373-1923  -            517 184717at33208        -            511   0.00048   17.7   0.0   2   2   2.6e-05    0.0054   14.2   0.0   177   417   474   514   425   517 0.63 -
TRINITY_DN14946_c0_g1_i1:2891-7492 -           1534 184717at33208        -            511   0.00061   17.3   0.2   1   4       1.1   2.2e+02   -1.0   0.0    96   119   151   174   146   182 0.89 -
TRINITY_DN14946_c0_g1_i1:2891-7492 -           1534 184717at33208        -            511   0.00061   17.3   0.2   2   4     0.067        14    3.0   0.0   381   457   254   330   247   365 0.75 -
TRINITY_DN14946_c0_g1_i1:2891-7492 -           1534 184717at33208        -            511   0.00061   17.3   0.2   3   4   0.00093      0.19    9.1   0.1    95   122  1245  1272  1219  1283 0.80 -
TRINITY_DN14946_c0_g1_i1:2891-7492 -           1534 184717at33208        -            511   0.00061   17.3   0.2   4   4       1.1   2.2e+02   -1.0   0.0   184   219  1352  1387  1341  1414 0.85 -
TRINITY_DN14946_c0_g1_i2:2891-7492 -           1534 184717at33208        -            511   0.00061   17.3   0.2   1   4       1.1   2.2e+02   -1.0   0.0    96   119   151   174   146   182 0.89 -
TRINITY_DN14946_c0_g1_i2:2891-7492 -           1534 184717at33208        -            511   0.00061   17.3   0.2   2   4     0.067        14    3.0   0.0   381   457   254   330   247   365 0.75 -
TRINITY_DN14946_c0_g1_i2:2891-7492 -           1534 184717at33208        -            511   0.00061   17.3   0.2   3   4   0.00093      0.19    9.1   0.1    95   122  1245  1272  1219  1283 0.80 -
TRINITY_DN14946_c0_g1_i2:2891-7492 -           1534 184717at33208        -            511   0.00061   17.3   0.2   4   4       1.1   2.2e+02   -1.0   0.0   184   219  1352  1387  1341  1414 0.85 -
TRINITY_DN5819_c0_g1_i1:1204-2790  -            529 184717at33208        -            511   0.00074   17.1   0.1   1   2      0.16        33    1.7   0.1    94   115   375   395   367   402 0.83 -
TRINITY_DN5819_c0_g1_i1:1204-2790  -            529 184717at33208        -            511   0.00074   17.1   0.1   2   2   6.6e-05     0.013   12.9   0.0   177   217   485   525   444   528 0.73 -
TRINITY_DN5819_c0_g1_i4:1204-2790  -            529 184717at33208        -            511   0.00074   17.1   0.1   1   2      0.16        33    1.7   0.1    94   115   375   395   367   402 0.83 -
TRINITY_DN5819_c0_g1_i4:1204-2790  -            529 184717at33208        -            511   0.00074   17.1   0.1   2   2   6.6e-05     0.013   12.9   0.0   177   217   485   525   444   528 0.73 -
TRINITY_DN5819_c0_g1_i7:1204-2790  -            529 184717at33208        -            511   0.00074   17.1   0.1   1   2      0.16        33    1.7   0.1    94   115   375   395   367   402 0.83 -
TRINITY_DN5819_c0_g1_i7:1204-2790  -            529 184717at33208        -            511   0.00074   17.1   0.1   2   2   6.6e-05     0.013   12.9   0.0   177   217   485   525   444   528 0.73 -
TRINITY_DN6740_c0_g1_i5:663-2171   -            503 184717at33208        -            511    0.0014   16.1   0.0   1   2      0.11        22    2.3   0.0    95   117   356   378   349   389 0.87 -
TRINITY_DN6740_c0_g1_i5:663-2171   -            503 184717at33208        -            511    0.0014   16.1   0.0   2   2   0.00019     0.038   11.4   0.0   184   217   467   500   423   503 0.75 -
TRINITY_DN6740_c0_g1_i6:644-2152   -            503 184717at33208        -            511    0.0014   16.1   0.0   1   2      0.11        22    2.3   0.0    95   117   356   378   349   389 0.87 -
TRINITY_DN6740_c0_g1_i6:644-2152   -            503 184717at33208        -            511    0.0014   16.1   0.0   2   2   0.00019     0.038   11.4   0.0   184   217   467   500   423   503 0.75 -
TRINITY_DN1350_c0_g1_i2:752-2038   -            429 184717at33208        -            511    0.0044   14.5   0.1   1   2      0.24        49    1.1   0.0    96   117   280   301   269   306 0.88 -
TRINITY_DN1350_c0_g1_i2:752-2038   -            429 184717at33208        -            511    0.0044   14.5   0.1   2   2   0.00027     0.054   10.9   0.0   172   217   380   425   359   428 0.80 -
TRINITY_DN1350_c0_g1_i3:752-2038   -            429 184717at33208        -            511    0.0045   14.5   0.0   1   2      0.24        49    1.1   0.0    96   117   280   301   269   306 0.88 -
TRINITY_DN1350_c0_g1_i3:752-2038   -            429 184717at33208        -            511    0.0045   14.5   0.0   2   2   0.00027     0.056   10.9   0.0   172   217   380   425   360   428 0.80 -
TRINITY_DN5539_c0_g1_i2:2442-3965  -            508 184717at33208        -            511    0.0064   14.0   0.0   1   2    0.0091       1.9    5.8   0.0    95   116   365   386   336   391 0.77 -
TRINITY_DN5539_c0_g1_i2:2442-3965  -            508 184717at33208        -            511    0.0064   14.0   0.0   2   2    0.0086       1.8    5.9   0.0   180   210   476   506   442   508 0.61 -
TRINITY_DN5539_c0_g1_i11:613-2175  -            521 184717at33208        -            511    0.0069   13.9   0.0   1   2    0.0094       1.9    5.8   0.0    95   116   378   399   349   404 0.77 -
TRINITY_DN5539_c0_g1_i11:613-2175  -            521 184717at33208        -            511    0.0069   13.9   0.0   2   2    0.0089       1.8    5.9   0.0   180   210   489   519   455   521 0.61 -
#
# Program:         hmmsearch
# Version:         3.1b2 (February 2015)
# Pipeline mode:   SEARCH
# Query file:      /busco_wd/busco_downloads/lineages/metazoa_odb10/hmms/184717at33208.hmm
# Target file:     /busco_wd/BUSCO/run_metazoa_odb10/metaeuk_output/initial_results/Trinity.fasta.modified.fas
# Option settings: hmmsearch --domtblout /busco_wd/BUSCO/run_metazoa_odb10/hmmer_output/initial_run_results/184717at33208.out --cpu 1 /busco_wd/busco_downloads/lineages/metazoa_odb10/hmms/184717at33208.hmm /busco_wd/BUSCO/run_metazoa_odb10/metaeuk_output/initial_results/Trinity.fasta.modified.fas 
# Current dir:     /busco_wd
# Date:            Tue Nov 23 09:00:52 2021
# [ok]
