#                                                                                        --- full sequence --- -------------- this domain -------------   hmm coord   ali coord   env coord
# target name                    accession   tlen query name           accession   qlen   E-value  score  bias   #  of  c-Evalue  i-Evalue  score  bias  from    to  from    to  from    to  acc description of target
#            ------------------- ---------- ----- -------------------- ---------- ----- --------- ------ ----- --- --- --------- --------- ------ ----- ----- ----- ----- ----- ----- ----- ---- ---------------------
TRINITY_DN4022_c0_g1_i1:277-2040 -            588 212972at33208        -            562  1.5e-202  673.0   8.6   1   2    0.0099        23    2.2   0.2    63    98     3    38     1    72 0.72 -
TRINITY_DN4022_c0_g1_i1:277-2040 -            588 212972at33208        -            562  1.5e-202  673.0   8.6   2   2  1.7e-205  3.9e-202  671.6   6.3    94   560    86   588    23   588 0.89 -
TRINITY_DN4022_c0_g1_i3:277-2040 -            588 212972at33208        -            562  1.5e-202  673.0   8.6   1   2    0.0099        23    2.2   0.2    63    98     3    38     1    72 0.72 -
TRINITY_DN4022_c0_g1_i3:277-2040 -            588 212972at33208        -            562  1.5e-202  673.0   8.6   2   2  1.7e-205  3.9e-202  671.6   6.3    94   560    86   588    23   588 0.89 -
TRINITY_DN7119_c0_g1_i3:377-1048 -            224 212972at33208        -            562    0.0031   15.0   0.4   1   2    0.0016       3.6    4.9   0.1   178   210    69   101    59   112 0.85 -
TRINITY_DN7119_c0_g1_i3:377-1048 -            224 212972at33208        -            562    0.0031   15.0   0.4   2   2   0.00012      0.28    8.6   0.0   274   324   118   169   115   183 0.80 -
TRINITY_DN7119_c0_g1_i4:377-1636 -            420 212972at33208        -            562     0.024   12.1   0.4   1   2    0.0039       8.9    3.6   0.1   178   210    69   101    59   112 0.85 -
TRINITY_DN7119_c0_g1_i4:377-1636 -            420 212972at33208        -            562     0.024   12.1   0.4   2   2   0.00049       1.1    6.6   0.0   279   324   123   169   115   181 0.77 -
#
# Program:         hmmsearch
# Version:         3.1b2 (February 2015)
# Pipeline mode:   SEARCH
# Query file:      /busco_wd/busco_downloads/lineages/metazoa_odb10/hmms/212972at33208.hmm
# Target file:     /busco_wd/BUSCO/run_metazoa_odb10/metaeuk_output/initial_results/Trinity.fasta.modified.fas
# Option settings: hmmsearch --domtblout /busco_wd/BUSCO/run_metazoa_odb10/hmmer_output/initial_run_results/212972at33208.out --cpu 1 /busco_wd/busco_downloads/lineages/metazoa_odb10/hmms/212972at33208.hmm /busco_wd/BUSCO/run_metazoa_odb10/metaeuk_output/initial_results/Trinity.fasta.modified.fas 
# Current dir:     /busco_wd
# Date:            Tue Nov 23 09:01:06 2021
# [ok]
