#                                                                                           --- full sequence --- -------------- this domain -------------   hmm coord   ali coord   env coord
# target name                       accession   tlen query name           accession   qlen   E-value  score  bias   #  of  c-Evalue  i-Evalue  score  bias  from    to  from    to  from    to  acc description of target
#               ------------------- ---------- ----- -------------------- ---------- ----- --------- ------ ----- --- --- --------- --------- ------ ----- ----- ----- ----- ----- ----- ----- ---- ---------------------
TRINITY_DN4374_c0_g1_i9:373-1761    -            463 219856at33208        -            395  2.2e-198  657.8  12.9   1   1  3.9e-199  5.7e-197  653.2  12.9     1   395     3   456     3   456 0.90 -
TRINITY_DN4374_c0_g1_i10:444-962    -            173 219856at33208        -            395   8.1e-66  221.3   5.5   1   1   6.9e-67     1e-64  217.7   5.5   247   395     1   170     1   170 0.92 -
TRINITY_DN4374_c0_g1_i6:444-947     -            168 219856at33208        -            395     8e-64  214.8   4.7   1   1   6.9e-65     1e-62  211.1   4.7   253   395     2   165     1   165 0.92 -
TRINITY_DN9294_c0_g1_i1:232-1515    -            428 219856at33208        -            395     7e-20   70.1   0.1   1   2   3.6e-11   5.2e-09   34.3   0.0   110   219     1   106     1   133 0.88 -
TRINITY_DN9294_c0_g1_i1:232-1515    -            428 219856at33208        -            395     7e-20   70.1   0.1   2   2   6.7e-11   9.8e-09   33.4   0.0   293   394   312   428   291   428 0.81 -
TRINITY_DN9294_c0_g1_i2:232-1515    -            428 219856at33208        -            395     7e-20   70.1   0.1   1   2   3.6e-11   5.2e-09   34.3   0.0   110   219     1   106     1   133 0.88 -
TRINITY_DN9294_c0_g1_i2:232-1515    -            428 219856at33208        -            395     7e-20   70.1   0.1   2   2   6.7e-11   9.8e-09   33.4   0.0   293   394   312   428   291   428 0.81 -
TRINITY_DN3323_c0_g1_i3:1322-2356   -            345 219856at33208        -            395     4e-18   64.3   0.4   1   2   3.8e-13   5.5e-11   40.8   0.0   107   223     1   116     1   130 0.90 -
TRINITY_DN3323_c0_g1_i3:1322-2356   -            345 219856at33208        -            395     4e-18   64.3   0.4   2   2   2.6e-07   3.9e-05   21.5   0.1   290   392   221   334   207   337 0.74 -
TRINITY_DN3323_c0_g1_i4:1322-2356   -            345 219856at33208        -            395     4e-18   64.3   0.4   1   2   3.8e-13   5.5e-11   40.8   0.0   107   223     1   116     1   130 0.90 -
TRINITY_DN3323_c0_g1_i4:1322-2356   -            345 219856at33208        -            395     4e-18   64.3   0.4   2   2   2.6e-07   3.9e-05   21.5   0.1   290   392   221   334   207   337 0.74 -
TRINITY_DN3323_c0_g1_i6:1323-2357   -            345 219856at33208        -            395     4e-18   64.3   0.4   1   2   3.8e-13   5.5e-11   40.8   0.0   107   223     1   116     1   130 0.90 -
TRINITY_DN3323_c0_g1_i6:1323-2357   -            345 219856at33208        -            395     4e-18   64.3   0.4   2   2   2.6e-07   3.9e-05   21.5   0.1   290   392   221   334   207   337 0.74 -
TRINITY_DN3323_c0_g1_i7:1322-2356   -            345 219856at33208        -            395     4e-18   64.3   0.4   1   2   3.8e-13   5.5e-11   40.8   0.0   107   223     1   116     1   130 0.90 -
TRINITY_DN3323_c0_g1_i7:1322-2356   -            345 219856at33208        -            395     4e-18   64.3   0.4   2   2   2.6e-07   3.9e-05   21.5   0.1   290   392   221   334   207   337 0.74 -
TRINITY_DN16621_c0_g1_i1:434-1525   -            364 219856at33208        -            395   7.7e-18   63.4   2.3   1   1   8.6e-17   1.3e-14   52.8   2.3   109   394    18   364    14   364 0.69 -
TRINITY_DN16621_c0_g1_i6:434-1525   -            364 219856at33208        -            395   7.7e-18   63.4   2.3   1   1   8.6e-17   1.3e-14   52.8   2.3   109   394    18   364    14   364 0.69 -
TRINITY_DN6813_c0_g1_i13:2929-3924  -            332 219856at33208        -            395     2e-15   55.4   0.2   1   2   1.1e-07   1.6e-05   22.8   0.0   107   225     1   118     1   127 0.78 -
TRINITY_DN6813_c0_g1_i13:2929-3924  -            332 219856at33208        -            395     2e-15   55.4   0.2   2   2   6.3e-10   9.2e-08   30.2   0.1   287   390   214   328   164   332 0.78 -
TRINITY_DN6813_c0_g1_i15:2929-3924  -            332 219856at33208        -            395     2e-15   55.4   0.2   1   2   1.1e-07   1.6e-05   22.8   0.0   107   225     1   118     1   127 0.78 -
TRINITY_DN6813_c0_g1_i15:2929-3924  -            332 219856at33208        -            395     2e-15   55.4   0.2   2   2   6.3e-10   9.2e-08   30.2   0.1   287   390   214   328   164   332 0.78 -
TRINITY_DN6813_c0_g1_i5:2929-3924   -            332 219856at33208        -            395     2e-15   55.4   0.2   1   2   1.1e-07   1.6e-05   22.8   0.0   107   225     1   118     1   127 0.78 -
TRINITY_DN6813_c0_g1_i5:2929-3924   -            332 219856at33208        -            395     2e-15   55.4   0.2   2   2   6.3e-10   9.2e-08   30.2   0.1   287   390   214   328   164   332 0.78 -
TRINITY_DN6813_c0_g1_i1:2929-3915   -            329 219856at33208        -            395   3.1e-15   54.8   0.1   1   2   1.1e-07   1.6e-05   22.8   0.0   107   225     1   118     1   127 0.78 -
TRINITY_DN6813_c0_g1_i1:2929-3915   -            329 219856at33208        -            395   3.1e-15   54.8   0.1   2   2   9.8e-10   1.4e-07   29.5   0.1   287   379   214   317   163   329 0.78 -
TRINITY_DN32119_c0_g1_i1:540-905    -            122 219856at33208        -            395   1.3e-12   46.1   0.1   1   1   1.8e-14   2.6e-12   45.2   0.1   289   394     2   118     1   119 0.82 -
TRINITY_DN3142_c0_g1_i10:264-1265   -            334 219856at33208        -            395   7.8e-11   40.3   0.0   1   1   8.4e-13   1.2e-10   39.7   0.0   110   392    33   332    30   334 0.75 -
TRINITY_DN3142_c0_g1_i11:264-1265   -            334 219856at33208        -            395   7.8e-11   40.3   0.0   1   1   8.4e-13   1.2e-10   39.7   0.0   110   392    33   332    30   334 0.75 -
TRINITY_DN3142_c0_g1_i1:264-1265    -            334 219856at33208        -            395   7.8e-11   40.3   0.0   1   1   8.4e-13   1.2e-10   39.7   0.0   110   392    33   332    30   334 0.75 -
TRINITY_DN7462_c0_g1_i1:561-1685    -            375 219856at33208        -            395     5e-09   34.3   1.3   1   3   1.1e-06   0.00017   19.5   0.0   110   217     1   103     1   119 0.85 -
TRINITY_DN7462_c0_g1_i1:561-1685    -            375 219856at33208        -            395     5e-09   34.3   1.3   2   3     0.015       2.2    5.9   0.1   288   339   239   287   207   293 0.85 -
TRINITY_DN7462_c0_g1_i1:561-1685    -            375 219856at33208        -            395     5e-09   34.3   1.3   3   3    0.0095       1.4    6.5   0.1   339   392   312   365   305   368 0.77 -
TRINITY_DN7462_c0_g1_i4:561-1685    -            375 219856at33208        -            395     5e-09   34.3   1.3   1   3   1.1e-06   0.00017   19.5   0.0   110   217     1   103     1   119 0.85 -
TRINITY_DN7462_c0_g1_i4:561-1685    -            375 219856at33208        -            395     5e-09   34.3   1.3   2   3     0.015       2.2    5.9   0.1   288   339   239   287   207   293 0.85 -
TRINITY_DN7462_c0_g1_i4:561-1685    -            375 219856at33208        -            395     5e-09   34.3   1.3   3   3    0.0095       1.4    6.5   0.1   339   392   312   365   305   368 0.77 -
TRINITY_DN35220_c0_g1_i3:2206-3030  -            275 219856at33208        -            395   6.8e-09   33.9   0.0   1   1   6.8e-11     1e-08   33.4   0.0   106   220    17   130     4   138 0.84 -
TRINITY_DN32119_c0_g1_i1:1734-2393  -            220 219856at33208        -            395   1.4e-08   32.9   0.1   1   2   2.1e-10   3.1e-08   31.8   0.0   110   223     2   114     1   120 0.86 -
TRINITY_DN32119_c0_g1_i1:1734-2393  -            220 219856at33208        -            395   1.4e-08   32.9   0.1   2   2         4   5.9e+02   -2.1   0.0   238   263   164   185   149   199 0.68 -
TRINITY_DN5865_c0_g1_i10:1954-3036  -            361 219856at33208        -            395   1.3e-07   29.7   0.2   1   2   0.00013     0.019   12.7   0.0   109   225    14   123     9   172 0.80 -
TRINITY_DN5865_c0_g1_i10:1954-3036  -            361 219856at33208        -            395   1.3e-07   29.7   0.2   2   2   2.7e-05    0.0039   15.0   0.1   286   376   226   328   208   338 0.70 -
TRINITY_DN5865_c0_g1_i12:1623-2705  -            361 219856at33208        -            395   1.3e-07   29.7   0.2   1   2   0.00013     0.019   12.7   0.0   109   225    14   123     9   172 0.80 -
TRINITY_DN5865_c0_g1_i12:1623-2705  -            361 219856at33208        -            395   1.3e-07   29.7   0.2   2   2   2.7e-05    0.0039   15.0   0.1   286   376   226   328   208   338 0.70 -
TRINITY_DN5865_c0_g1_i1:1989-3071   -            361 219856at33208        -            395   1.3e-07   29.7   0.2   1   2   0.00013     0.019   12.7   0.0   109   225    14   123     9   172 0.80 -
TRINITY_DN5865_c0_g1_i1:1989-3071   -            361 219856at33208        -            395   1.3e-07   29.7   0.2   2   2   2.7e-05    0.0039   15.0   0.1   286   376   226   328   208   338 0.70 -
TRINITY_DN5865_c0_g1_i21:1752-2834  -            361 219856at33208        -            395   1.3e-07   29.7   0.2   1   2   0.00013     0.019   12.7   0.0   109   225    14   123     9   172 0.80 -
TRINITY_DN5865_c0_g1_i21:1752-2834  -            361 219856at33208        -            395   1.3e-07   29.7   0.2   2   2   2.7e-05    0.0039   15.0   0.1   286   376   226   328   208   338 0.70 -
TRINITY_DN10725_c0_g1_i3:2616-3764  -            383 219856at33208        -            395   1.5e-07   29.5   0.0   1   2       8.5   1.2e+03   -3.2   0.0   109   127    24    42    21    48 0.85 -
TRINITY_DN10725_c0_g1_i3:2616-3764  -            383 219856at33208        -            395   1.5e-07   29.5   0.0   2   2   1.9e-09   2.8e-07   28.6   0.0   287   376   277   380   181   383 0.86 -
TRINITY_DN10725_c0_g1_i7:2616-3764  -            383 219856at33208        -            395   1.5e-07   29.5   0.0   1   2       8.5   1.2e+03   -3.2   0.0   109   127    24    42    21    48 0.85 -
TRINITY_DN10725_c0_g1_i7:2616-3764  -            383 219856at33208        -            395   1.5e-07   29.5   0.0   2   2   1.9e-09   2.8e-07   28.6   0.0   287   376   277   380   181   383 0.86 -
TRINITY_DN5183_c0_g1_i4:3099-3281   -             61 219856at33208        -            395   2.4e-06   25.5   0.1   1   1   1.6e-08   2.4e-06   25.5   0.1   110   165     2    59     1    61 0.83 -
TRINITY_DN5183_c0_g1_i6:3105-3287   -             61 219856at33208        -            395   2.4e-06   25.5   0.1   1   1   1.6e-08   2.4e-06   25.5   0.1   110   165     2    59     1    61 0.83 -
TRINITY_DN25408_c0_g1_i10:1694-2536 -            281 219856at33208        -            395   1.2e-05   23.3   0.0   1   2       4.4   6.4e+02   -2.2   0.0   110   129    28    47    24    51 0.88 -
TRINITY_DN25408_c0_g1_i10:1694-2536 -            281 219856at33208        -            395   1.2e-05   23.3   0.0   2   2     2e-07   2.9e-05   21.9   0.0   295   376   182   265   175   280 0.80 -
TRINITY_DN25408_c0_g1_i14:1694-2536 -            281 219856at33208        -            395   1.2e-05   23.3   0.0   1   2       4.4   6.4e+02   -2.2   0.0   110   129    28    47    24    51 0.88 -
TRINITY_DN25408_c0_g1_i14:1694-2536 -            281 219856at33208        -            395   1.2e-05   23.3   0.0   2   2     2e-07   2.9e-05   21.9   0.0   295   376   182   265   175   280 0.80 -
TRINITY_DN25408_c0_g1_i18:1694-2536 -            281 219856at33208        -            395   1.2e-05   23.3   0.0   1   2       4.4   6.4e+02   -2.2   0.0   110   129    28    47    24    51 0.88 -
TRINITY_DN25408_c0_g1_i18:1694-2536 -            281 219856at33208        -            395   1.2e-05   23.3   0.0   2   2     2e-07   2.9e-05   21.9   0.0   295   376   182   265   175   280 0.80 -
TRINITY_DN25408_c0_g1_i32:1694-2536 -            281 219856at33208        -            395   1.2e-05   23.3   0.0   1   2       4.4   6.4e+02   -2.2   0.0   110   129    28    47    24    51 0.88 -
TRINITY_DN25408_c0_g1_i32:1694-2536 -            281 219856at33208        -            395   1.2e-05   23.3   0.0   2   2     2e-07   2.9e-05   21.9   0.0   295   376   182   265   175   280 0.80 -
TRINITY_DN6813_c0_g1_i9:2938-3441   -            168 219856at33208        -            395   1.7e-05   22.7   0.0   1   1   1.7e-07   2.4e-05   22.2   0.0   110   225     1   115     1   125 0.77 -
TRINITY_DN13316_c1_g1_i12:2213-3004 -            264 219856at33208        -            395   1.9e-05   22.5   0.0   1   2    0.0082       1.2    6.8   0.0   182   216    64    99     1   142 0.60 -
TRINITY_DN13316_c1_g1_i12:2213-3004 -            264 219856at33208        -            395   1.9e-05   22.5   0.0   2   2   6.3e-05    0.0092   13.7   0.0   299   378   171   263   160   264 0.77 -
TRINITY_DN13316_c1_g1_i1:645-1436   -            264 219856at33208        -            395   1.9e-05   22.5   0.0   1   2    0.0082       1.2    6.8   0.0   182   216    64    99     1   142 0.60 -
TRINITY_DN13316_c1_g1_i1:645-1436   -            264 219856at33208        -            395   1.9e-05   22.5   0.0   2   2   6.3e-05    0.0092   13.7   0.0   299   378   171   263   160   264 0.77 -
TRINITY_DN13316_c1_g1_i6:407-1198   -            264 219856at33208        -            395   1.9e-05   22.5   0.0   1   2    0.0082       1.2    6.8   0.0   182   216    64    99     1   142 0.60 -
TRINITY_DN13316_c1_g1_i6:407-1198   -            264 219856at33208        -            395   1.9e-05   22.5   0.0   2   2   6.3e-05    0.0092   13.7   0.0   299   378   171   263   160   264 0.77 -
TRINITY_DN1873_c0_g1_i10:3751-4818  -            356 219856at33208        -            395   3.1e-05   21.8   0.0   1   3      0.46        67    1.0   0.0   110   138     1    29     1    57 0.89 -
TRINITY_DN1873_c0_g1_i10:3751-4818  -            356 219856at33208        -            395   3.1e-05   21.8   0.0   2   3   0.00041     0.059   11.1   0.0   195   315   117   239   107   250 0.81 -
TRINITY_DN1873_c0_g1_i10:3751-4818  -            356 219856at33208        -            395   3.1e-05   21.8   0.0   3   3     0.015       2.2    5.9   0.0   338   377   306   350   302   354 0.75 -
TRINITY_DN1873_c0_g1_i12:3787-4851  -            355 219856at33208        -            395   3.5e-05   21.7   0.0   1   3      0.56        82    0.7   0.0   110   138     1    29     1    36 0.89 -
TRINITY_DN1873_c0_g1_i12:3787-4851  -            355 219856at33208        -            395   3.5e-05   21.7   0.0   2   3    0.0004     0.059   11.1   0.0   195   315   116   238   106   249 0.81 -
TRINITY_DN1873_c0_g1_i12:3787-4851  -            355 219856at33208        -            395   3.5e-05   21.7   0.0   3   3     0.015       2.2    5.9   0.0   338   377   305   349   301   353 0.75 -
TRINITY_DN4768_c0_g1_i1:5087-6154   -            356 219856at33208        -            395   9.1e-05   20.3   6.3   1   2   0.00017     0.025   12.3   3.3   107   340    13   239     6   313 0.72 -
TRINITY_DN4768_c0_g1_i1:5087-6154   -            356 219856at33208        -            395   9.1e-05   20.3   6.3   2   2      0.41        60    1.2   0.0     6    23   323   340   319   347 0.87 -
TRINITY_DN4768_c0_g1_i2:5087-6154   -            356 219856at33208        -            395   9.1e-05   20.3   6.3   1   2   0.00017     0.025   12.3   3.3   107   340    13   239     6   313 0.72 -
TRINITY_DN4768_c0_g1_i2:5087-6154   -            356 219856at33208        -            395   9.1e-05   20.3   6.3   2   2      0.41        60    1.2   0.0     6    23   323   340   319   347 0.87 -
TRINITY_DN2431_c0_g2_i1:2117-3211   -            365 219856at33208        -            395    0.0002   19.2   0.3   1   2    0.0015      0.22    9.2   0.1   198   317    81   208     1   232 0.78 -
TRINITY_DN2431_c0_g2_i1:2117-3211   -            365 219856at33208        -            395    0.0002   19.2   0.3   2   2     0.003      0.44    8.2   0.0   339   380   290   332   285   340 0.88 -
TRINITY_DN11697_c0_g1_i13:514-819   -            102 219856at33208        -            395   0.00092   17.0   0.1   1   1     7e-06     0.001   16.9   0.1   110   217     1   102     1   102 0.87 -
TRINITY_DN11697_c0_g1_i3:514-819    -            102 219856at33208        -            395   0.00092   17.0   0.1   1   1     7e-06     0.001   16.9   0.1   110   217     1   102     1   102 0.87 -
TRINITY_DN11697_c0_g1_i4:514-819    -            102 219856at33208        -            395   0.00092   17.0   0.1   1   1     7e-06     0.001   16.9   0.1   110   217     1   102     1   102 0.87 -
TRINITY_DN11697_c0_g1_i9:514-819    -            102 219856at33208        -            395   0.00092   17.0   0.1   1   1     7e-06     0.001   16.9   0.1   110   217     1   102     1   102 0.87 -
TRINITY_DN21433_c0_g1_i2:2338-3273  -            312 219856at33208        -            395    0.0018   16.1   2.9   1   2    0.0014      0.21    9.2   0.3   110   314     1   198     1   202 0.69 -
TRINITY_DN21433_c0_g1_i2:2338-3273  -            312 219856at33208        -            395    0.0018   16.1   2.9   2   2      0.01       1.5    6.5   0.2   338   377   258   303   246   308 0.76 -
TRINITY_DN21433_c0_g1_i5:2338-3273  -            312 219856at33208        -            395    0.0018   16.1   2.9   1   2    0.0014      0.21    9.2   0.3   110   314     1   198     1   202 0.69 -
TRINITY_DN21433_c0_g1_i5:2338-3273  -            312 219856at33208        -            395    0.0018   16.1   2.9   2   2      0.01       1.5    6.5   0.2   338   377   258   303   246   308 0.76 -
TRINITY_DN1262_c0_g1_i1:2490-3344   -            285 219856at33208        -            395    0.0079   13.9   0.3   1   2       1.3   1.9e+02   -0.5   0.0   110   137     1    28     1    47 0.83 -
TRINITY_DN1262_c0_g1_i1:2490-3344   -            285 219856at33208        -            395    0.0079   13.9   0.3   2   2   0.00019     0.028   12.1   0.1   339   377   232   271   153   279 0.86 -
TRINITY_DN14884_c0_g1_i10:180-935   -            252 219856at33208        -            395     0.018   12.8   0.0   1   2    0.0017      0.25    9.0   0.0   185   247    67   131    34   150 0.71 -
TRINITY_DN14884_c0_g1_i10:180-935   -            252 219856at33208        -            395     0.018   12.8   0.0   2   2      0.24        36    1.9   0.0   299   362   171   247   163   252 0.61 -
TRINITY_DN1740_c0_g1_i6:432-1793    -            454 219856at33208        -            395     0.064   10.9   0.4   1   1   0.00079      0.11   10.1   0.4    27    68   212   256   200   278 0.74 -
TRINITY_DN1740_c0_g1_i1:432-1850    -            473 219856at33208        -            395     0.069   10.8   0.4   1   1   0.00083      0.12   10.0   0.4    27    68   212   256   200   278 0.74 -
TRINITY_DN1740_c0_g1_i3:432-1850    -            473 219856at33208        -            395     0.069   10.8   0.4   1   1   0.00083      0.12   10.0   0.4    27    68   212   256   200   278 0.74 -
TRINITY_DN1740_c0_g1_i4:432-1850    -            473 219856at33208        -            395     0.069   10.8   0.4   1   1   0.00083      0.12   10.0   0.4    27    68   212   256   200   278 0.74 -
TRINITY_DN20643_c0_g2_i4:642-1379   -            246 219856at33208        -            395     0.081   10.6  14.9   1   4       2.1     3e+02   -1.2   0.1    31    53    26    49    18    68 0.78 -
TRINITY_DN20643_c0_g2_i4:642-1379   -            246 219856at33208        -            395     0.081   10.6  14.9   2   4    0.0017      0.25    9.0   0.2    30    58   109   138   102   148 0.85 -
TRINITY_DN20643_c0_g2_i4:642-1379   -            246 219856at33208        -            395     0.081   10.6  14.9   3   4     0.017       2.4    5.7   0.2    18    54   157   194   141   200 0.79 -
TRINITY_DN20643_c0_g2_i4:642-1379   -            246 219856at33208        -            395     0.081   10.6  14.9   4   4     0.032       4.6    4.8   0.4    32    56   199   224   194   237 0.82 -
TRINITY_DN20643_c0_g2_i6:642-1379   -            246 219856at33208        -            395     0.081   10.6  14.9   1   4       2.1     3e+02   -1.2   0.1    31    53    26    49    18    68 0.78 -
TRINITY_DN20643_c0_g2_i6:642-1379   -            246 219856at33208        -            395     0.081   10.6  14.9   2   4    0.0017      0.25    9.0   0.2    30    58   109   138   102   148 0.85 -
TRINITY_DN20643_c0_g2_i6:642-1379   -            246 219856at33208        -            395     0.081   10.6  14.9   3   4     0.017       2.4    5.7   0.2    18    54   157   194   141   200 0.79 -
TRINITY_DN20643_c0_g2_i6:642-1379   -            246 219856at33208        -            395     0.081   10.6  14.9   4   4     0.032       4.6    4.8   0.4    32    56   199   224   194   237 0.82 -
TRINITY_DN20643_c0_g2_i7:642-1379   -            246 219856at33208        -            395     0.081   10.6  14.9   1   4       2.1     3e+02   -1.2   0.1    31    53    26    49    18    68 0.78 -
TRINITY_DN20643_c0_g2_i7:642-1379   -            246 219856at33208        -            395     0.081   10.6  14.9   2   4    0.0017      0.25    9.0   0.2    30    58   109   138   102   148 0.85 -
TRINITY_DN20643_c0_g2_i7:642-1379   -            246 219856at33208        -            395     0.081   10.6  14.9   3   4     0.017       2.4    5.7   0.2    18    54   157   194   141   200 0.79 -
TRINITY_DN20643_c0_g2_i7:642-1379   -            246 219856at33208        -            395     0.081   10.6  14.9   4   4     0.032       4.6    4.8   0.4    32    56   199   224   194   237 0.82 -
TRINITY_DN20643_c0_g2_i8:642-1379   -            246 219856at33208        -            395     0.081   10.6  14.9   1   4       2.1     3e+02   -1.2   0.1    31    53    26    49    18    68 0.78 -
TRINITY_DN20643_c0_g2_i8:642-1379   -            246 219856at33208        -            395     0.081   10.6  14.9   2   4    0.0017      0.25    9.0   0.2    30    58   109   138   102   148 0.85 -
TRINITY_DN20643_c0_g2_i8:642-1379   -            246 219856at33208        -            395     0.081   10.6  14.9   3   4     0.017       2.4    5.7   0.2    18    54   157   194   141   200 0.79 -
TRINITY_DN20643_c0_g2_i8:642-1379   -            246 219856at33208        -            395     0.081   10.6  14.9   4   4     0.032       4.6    4.8   0.4    32    56   199   224   194   237 0.82 -
TRINITY_DN169106_c0_g1_i1:187-561   -            125 219856at33208        -            395         5    4.7   8.0   1   4      0.74   1.1e+02    0.3   0.4    32    54     3    27     2    45 0.64 -
TRINITY_DN169106_c0_g1_i1:187-561   -            125 219856at33208        -            395         5    4.7   8.0   2   4      0.51        74    0.9   0.1    29    55    29    56    20    60 0.78 -
TRINITY_DN169106_c0_g1_i1:187-561   -            125 219856at33208        -            395         5    4.7   8.0   3   4    0.0071         1    7.0   0.9    27    63    55    92    45   103 0.75 -
TRINITY_DN169106_c0_g1_i1:187-561   -            125 219856at33208        -            395         5    4.7   8.0   4   4      0.33        48    1.5   0.1    32    57    88   114    83   120 0.80 -
TRINITY_DN21115_c0_g1_i3:564-1046   -            161 219856at33208        -            395       5.2    4.7   7.4   1   3       0.2        30    2.2   0.7     7    54     5    50     1    66 0.70 -
TRINITY_DN21115_c0_g1_i3:564-1046   -            161 219856at33208        -            395       5.2    4.7   7.4   2   3     0.016       2.3    5.8   0.1    28    53    79   105    71   112 0.83 -
TRINITY_DN21115_c0_g1_i3:564-1046   -            161 219856at33208        -            395       5.2    4.7   7.4   3   3       2.1     3e+02   -1.1   0.1    32    53   139   161   131   161 0.75 -
TRINITY_DN21115_c0_g1_i6:564-1046   -            161 219856at33208        -            395       5.2    4.7   7.4   1   3       0.2        30    2.2   0.7     7    54     5    50     1    66 0.70 -
TRINITY_DN21115_c0_g1_i6:564-1046   -            161 219856at33208        -            395       5.2    4.7   7.4   2   3     0.016       2.3    5.8   0.1    28    53    79   105    71   112 0.83 -
TRINITY_DN21115_c0_g1_i6:564-1046   -            161 219856at33208        -            395       5.2    4.7   7.4   3   3       2.1     3e+02   -1.1   0.1    32    53   139   161   131   161 0.75 -
#
# Program:         hmmsearch
# Version:         3.1b2 (February 2015)
# Pipeline mode:   SEARCH
# Query file:      /busco_wd/busco_downloads/lineages/metazoa_odb10/hmms/219856at33208.hmm
# Target file:     /busco_wd/BUSCO/run_metazoa_odb10/metaeuk_output/initial_results/Trinity.fasta.modified.fas
# Option settings: hmmsearch --domtblout /busco_wd/BUSCO/run_metazoa_odb10/hmmer_output/initial_run_results/219856at33208.out --cpu 1 /busco_wd/busco_downloads/lineages/metazoa_odb10/hmms/219856at33208.hmm /busco_wd/BUSCO/run_metazoa_odb10/metaeuk_output/initial_results/Trinity.fasta.modified.fas 
# Current dir:     /busco_wd
# Date:            Tue Nov 23 09:01:07 2021
# [ok]
