#                                                                                           --- full sequence --- -------------- this domain -------------   hmm coord   ali coord   env coord
# target name                       accession   tlen query name           accession   qlen   E-value  score  bias   #  of  c-Evalue  i-Evalue  score  bias  from    to  from    to  from    to  acc description of target
#               ------------------- ---------- ----- -------------------- ---------- ----- --------- ------ ----- --- --- --------- --------- ------ ----- ----- ----- ----- ----- ----- ----- ---- ---------------------
TRINITY_DN46809_c0_g1_i1:1061-2077  -            339 234290at33208        -            473  3.3e-115  384.4   8.4   1   1  7.1e-117  3.9e-115  384.2   8.4     3   281    47   339    45   339 0.94 -
TRINITY_DN46809_c0_g1_i2:250-1260   -            337 234290at33208        -            473  3.1e-114  381.2   8.2   1   1  6.7e-116  3.6e-114  381.0   8.2     3   279    47   337    45   337 0.94 -
TRINITY_DN46809_c0_g1_i3:456-956    -            167 234290at33208        -            473   9.5e-65  218.1   7.9   1   1   1.9e-66     1e-64  217.9   7.9   318   473     2   163     1   163 0.95 -
TRINITY_DN7707_c0_g1_i2:917-2281    -            455 234290at33208        -            473     4e-64  216.0  27.4   1   4   5.2e-16   2.8e-14   51.6   2.5   120   212    39   132    30   133 0.93 -
TRINITY_DN7707_c0_g1_i2:917-2281    -            455 234290at33208        -            473     4e-64  216.0  27.4   2   4     2e-23   1.1e-21   76.0   2.5   273   400   126   257   126   261 0.94 -
TRINITY_DN7707_c0_g1_i2:917-2281    -            455 234290at33208        -            473     4e-64  216.0  27.4   3   4   6.1e-24   3.3e-22   77.8   1.0    14   187   204   398   204   399 0.87 -
TRINITY_DN7707_c0_g1_i2:917-2281    -            455 234290at33208        -            473     4e-64  216.0  27.4   4   4   2.6e-15   1.4e-13   49.3   0.6    31   106   375   450   371   455 0.94 -
TRINITY_DN7707_c0_g1_i5:917-2281    -            455 234290at33208        -            473   4.7e-60  202.6  27.3   1   4     5e-16   2.7e-14   51.7   2.4   120   212    39   132    30   133 0.93 -
TRINITY_DN7707_c0_g1_i5:917-2281    -            455 234290at33208        -            473   4.7e-60  202.6  27.3   2   4   6.4e-23   3.5e-21   74.4   2.3   278   401   131   258   130   263 0.94 -
TRINITY_DN7707_c0_g1_i5:917-2281    -            455 234290at33208        -            473   4.7e-60  202.6  27.3   3   4   1.5e-20   8.4e-19   66.5   0.9    34   187   224   398   221   399 0.85 -
TRINITY_DN7707_c0_g1_i5:917-2281    -            455 234290at33208        -            473   4.7e-60  202.6  27.3   4   4   3.7e-15     2e-13   48.8   0.8    31   106   375   450   373   455 0.95 -
TRINITY_DN7707_c0_g1_i9:917-2047    -            377 234290at33208        -            473   1.2e-56  191.4  25.3   1   4   4.9e-16   2.7e-14   51.7   1.9   115   206     2    94     1    94 0.96 -
TRINITY_DN7707_c0_g1_i9:917-2047    -            377 234290at33208        -            473   1.2e-56  191.4  25.3   2   4   3.4e-17   1.9e-15   55.5   1.9    21   113    64   156    63   157 0.96 -
TRINITY_DN7707_c0_g1_i9:917-2047    -            377 234290at33208        -            473   1.2e-56  191.4  25.3   3   4   2.9e-22   1.6e-20   72.2   0.6    21   187   133   320   132   321 0.85 -
TRINITY_DN7707_c0_g1_i9:917-2047    -            377 234290at33208        -            473   1.2e-56  191.4  25.3   4   4   2.7e-15   1.5e-13   49.2   0.8    31   106   297   372   295   377 0.95 -
TRINITY_DN28124_c0_g1_i1:413-1828   -            472 234290at33208        -            473   1.1e-52  178.3  15.2   1   4   1.8e-17     1e-15   56.4   0.5    13    90    11    88     2    89 0.95 -
TRINITY_DN28124_c0_g1_i1:413-1828   -            472 234290at33208        -            473   1.1e-52  178.3  15.2   2   4   2.3e-26   1.2e-24   85.8   1.4    42   205    63   231    63   252 0.93 -
TRINITY_DN28124_c0_g1_i1:413-1828   -            472 234290at33208        -            473   1.1e-52  178.3  15.2   3   4     0.098       5.4    4.5   0.0   213   248   304   339   294   343 0.86 -
TRINITY_DN28124_c0_g1_i1:413-1828   -            472 234290at33208        -            473   1.1e-52  178.3  15.2   4   4     8e-19   4.4e-17   60.9   3.4    14   150   327   470   319   472 0.84 -
TRINITY_DN1918_c0_g1_i11:57-1187    -            377 234290at33208        -            473   2.3e-45  154.2  29.9   1   3   2.3e-23   1.2e-21   75.9  11.6    14   178    10   183     8   187 0.92 -
TRINITY_DN1918_c0_g1_i11:57-1187    -            377 234290at33208        -            473   2.3e-45  154.2  29.9   2   3   3.2e-13   1.8e-11   42.4   6.6    14   114   152   255   152   259 0.89 -
TRINITY_DN1918_c0_g1_i11:57-1187    -            377 234290at33208        -            473   2.3e-45  154.2  29.9   3   3   2.1e-19   1.1e-17   62.8   5.1   277   403   242   375   240   377 0.89 -
TRINITY_DN1918_c0_g1_i7:57-1187     -            377 234290at33208        -            473   2.3e-45  154.2  29.9   1   3   2.3e-23   1.2e-21   75.9  11.6    14   178    10   183     8   187 0.92 -
TRINITY_DN1918_c0_g1_i7:57-1187     -            377 234290at33208        -            473   2.3e-45  154.2  29.9   2   3   3.2e-13   1.8e-11   42.4   6.6    14   114   152   255   152   259 0.89 -
TRINITY_DN1918_c0_g1_i7:57-1187     -            377 234290at33208        -            473   2.3e-45  154.2  29.9   3   3   2.1e-19   1.1e-17   62.8   5.1   277   403   242   375   240   377 0.89 -
TRINITY_DN1918_c0_g1_i8:57-1187     -            377 234290at33208        -            473   2.3e-45  154.2  29.9   1   3   2.3e-23   1.2e-21   75.9  11.6    14   178    10   183     8   187 0.92 -
TRINITY_DN1918_c0_g1_i8:57-1187     -            377 234290at33208        -            473   2.3e-45  154.2  29.9   2   3   3.2e-13   1.8e-11   42.4   6.6    14   114   152   255   152   259 0.89 -
TRINITY_DN1918_c0_g1_i8:57-1187     -            377 234290at33208        -            473   2.3e-45  154.2  29.9   3   3   2.1e-19   1.1e-17   62.8   5.1   277   403   242   375   240   377 0.89 -
TRINITY_DN10796_c0_g1_i14:157-933   -            259 234290at33208        -            473   1.6e-40  138.2   8.7   1   2   9.5e-17   5.2e-15   54.0   0.7    79   184    10   121     6   127 0.89 -
TRINITY_DN10796_c0_g1_i14:157-933   -            259 234290at33208        -            473   1.6e-40  138.2   8.7   2   2   9.8e-27   5.3e-25   87.0   2.4    13   184   106   259   104   259 0.82 -
TRINITY_DN10796_c0_g1_i1:157-933    -            259 234290at33208        -            473   1.6e-40  138.2   8.7   1   2   9.5e-17   5.2e-15   54.0   0.7    79   184    10   121     6   127 0.89 -
TRINITY_DN10796_c0_g1_i1:157-933    -            259 234290at33208        -            473   1.6e-40  138.2   8.7   2   2   9.8e-27   5.3e-25   87.0   2.4    13   184   106   259   104   259 0.82 -
TRINITY_DN10796_c0_g1_i6:157-933    -            259 234290at33208        -            473   1.6e-40  138.2   8.7   1   2   9.5e-17   5.2e-15   54.0   0.7    79   184    10   121     6   127 0.89 -
TRINITY_DN10796_c0_g1_i6:157-933    -            259 234290at33208        -            473   1.6e-40  138.2   8.7   2   2   9.8e-27   5.3e-25   87.0   2.4    13   184   106   259   104   259 0.82 -
TRINITY_DN10796_c0_g1_i9:157-933    -            259 234290at33208        -            473   1.6e-40  138.2   8.7   1   2   9.5e-17   5.2e-15   54.0   0.7    79   184    10   121     6   127 0.89 -
TRINITY_DN10796_c0_g1_i9:157-933    -            259 234290at33208        -            473   1.6e-40  138.2   8.7   2   2   9.8e-27   5.3e-25   87.0   2.4    13   184   106   259   104   259 0.82 -
TRINITY_DN3531_c0_g1_i11:4153-4908  -            252 234290at33208        -            473   3.6e-39  133.7   8.6   1   2   5.3e-19   2.9e-17   61.5   1.8    83   188     6   117     4   122 0.89 -
TRINITY_DN3531_c0_g1_i11:4153-4908  -            252 234290at33208        -            473   3.6e-39  133.7   8.6   2   2   1.1e-22   6.2e-21   73.6   1.0    39   161   124   251   115   252 0.86 -
TRINITY_DN3531_c0_g1_i12:4182-4937  -            252 234290at33208        -            473   3.6e-39  133.7   8.6   1   2   5.3e-19   2.9e-17   61.5   1.8    83   188     6   117     4   122 0.89 -
TRINITY_DN3531_c0_g1_i12:4182-4937  -            252 234290at33208        -            473   3.6e-39  133.7   8.6   2   2   1.1e-22   6.2e-21   73.6   1.0    39   161   124   251   115   252 0.86 -
TRINITY_DN3531_c0_g1_i5:4168-4923   -            252 234290at33208        -            473   3.6e-39  133.7   8.6   1   2   5.3e-19   2.9e-17   61.5   1.8    83   188     6   117     4   122 0.89 -
TRINITY_DN3531_c0_g1_i5:4168-4923   -            252 234290at33208        -            473   3.6e-39  133.7   8.6   2   2   1.1e-22   6.2e-21   73.6   1.0    39   161   124   251   115   252 0.86 -
TRINITY_DN3531_c0_g1_i6:385-1140    -            252 234290at33208        -            473   3.6e-39  133.7   8.6   1   2   5.3e-19   2.9e-17   61.5   1.8    83   188     6   117     4   122 0.89 -
TRINITY_DN3531_c0_g1_i6:385-1140    -            252 234290at33208        -            473   3.6e-39  133.7   8.6   2   2   1.1e-22   6.2e-21   73.6   1.0    39   161   124   251   115   252 0.86 -
TRINITY_DN3531_c0_g1_i8:3822-4577   -            252 234290at33208        -            473   3.6e-39  133.7   8.6   1   2   5.3e-19   2.9e-17   61.5   1.8    83   188     6   117     4   122 0.89 -
TRINITY_DN3531_c0_g1_i8:3822-4577   -            252 234290at33208        -            473   3.6e-39  133.7   8.6   2   2   1.1e-22   6.2e-21   73.6   1.0    39   161   124   251   115   252 0.86 -
TRINITY_DN3531_c0_g1_i9:4153-4908   -            252 234290at33208        -            473   3.6e-39  133.7   8.6   1   2   5.3e-19   2.9e-17   61.5   1.8    83   188     6   117     4   122 0.89 -
TRINITY_DN3531_c0_g1_i9:4153-4908   -            252 234290at33208        -            473   3.6e-39  133.7   8.6   2   2   1.1e-22   6.2e-21   73.6   1.0    39   161   124   251   115   252 0.86 -
TRINITY_DN7707_c0_g1_i10:917-1591   -            225 234290at33208        -            473   2.2e-30  104.7   4.4   1   2   2.3e-19   1.3e-17   62.6   0.2    42   187     2   168     1   169 0.84 -
TRINITY_DN7707_c0_g1_i10:917-1591   -            225 234290at33208        -            473   2.2e-30  104.7   4.4   2   2   1.1e-15   5.8e-14   50.6   0.8    31   106   145   220   143   225 0.95 -
TRINITY_DN7707_c0_g1_i4:682-1356    -            225 234290at33208        -            473   2.2e-30  104.7   4.4   1   2   2.3e-19   1.3e-17   62.6   0.2    42   187     2   168     1   169 0.84 -
TRINITY_DN7707_c0_g1_i4:682-1356    -            225 234290at33208        -            473   2.2e-30  104.7   4.4   2   2   1.1e-15   5.8e-14   50.6   0.8    31   106   145   220   143   225 0.95 -
TRINITY_DN13766_c0_g1_i1:137-766    -            210 234290at33208        -            473   9.4e-29   99.4   7.5   1   1   1.3e-29   7.3e-28   96.4   7.5    15   188    23   202    13   210 0.93 -
TRINITY_DN13766_c0_g1_i2:137-766    -            210 234290at33208        -            473   9.4e-29   99.4   7.5   1   1   1.3e-29   7.3e-28   96.4   7.5    15   188    23   202    13   210 0.93 -
TRINITY_DN3790_c1_g1_i1:1129-2115   -            329 234290at33208        -            473   1.2e-27   95.7   4.5   1   2   4.8e-12   2.6e-10   38.5   0.1    93   187    23   116     5   122 0.57 -
TRINITY_DN3790_c1_g1_i1:1129-2115   -            329 234290at33208        -            473   1.2e-27   95.7   4.5   2   2   3.3e-16   1.8e-14   52.2   1.7    22   119   130   227   126   232 0.80 -
TRINITY_DN3790_c1_g1_i2:1054-2040   -            329 234290at33208        -            473   1.2e-27   95.7   4.5   1   2   4.8e-12   2.6e-10   38.5   0.1    93   187    23   116     5   122 0.57 -
TRINITY_DN3790_c1_g1_i2:1054-2040   -            329 234290at33208        -            473   1.2e-27   95.7   4.5   2   2   3.3e-16   1.8e-14   52.2   1.7    22   119   130   227   126   232 0.80 -
TRINITY_DN4642_c0_g1_i1:1368-2186   -            273 234290at33208        -            473   2.3e-27   94.8   8.1   1   2   7.5e-17   4.1e-15   54.4   0.8    83   179    23   126     6   133 0.84 -
TRINITY_DN4642_c0_g1_i1:1368-2186   -            273 234290at33208        -            473   2.3e-27   94.8   8.1   2   2   7.3e-14     4e-12   44.5   1.3   342   438   136   237   133   243 0.85 -
TRINITY_DN16739_c0_g1_i8:53-865     -            271 234290at33208        -            473   2.6e-27   94.6  41.8   1   2   9.1e-19     5e-17   60.7  14.0    93   223    30   161    12   162 0.57 -
TRINITY_DN16739_c0_g1_i8:53-865     -            271 234290at33208        -            473   2.6e-27   94.6  41.8   2   2   1.2e-14   6.6e-13   47.1  19.8    54   181   144   271   140   271 0.50 -
TRINITY_DN16739_c0_g1_i4:53-865     -            271 234290at33208        -            473   2.7e-27   94.5  48.4   1   2   2.9e-16   1.6e-14   52.4  13.2   263   395    21   152    12   152 0.89 -
TRINITY_DN16739_c0_g1_i4:53-865     -            271 234290at33208        -            473   2.7e-27   94.5  48.4   2   2   3.8e-17   2.1e-15   55.3  27.2   279   427   125   271   124   271 0.95 -
TRINITY_DN16739_c0_g1_i3:53-865     -            271 234290at33208        -            473   3.1e-27   94.4  42.4   1   2   9.3e-19   5.1e-17   60.7  14.0    93   223    30   161    12   162 0.57 -
TRINITY_DN16739_c0_g1_i3:53-865     -            271 234290at33208        -            473   3.1e-27   94.4  42.4   2   2   1.4e-14   7.6e-13   46.9  20.3    54   181   144   271   140   271 0.47 -
TRINITY_DN275_c0_g1_i1:331-1275     -            315 234290at33208        -            473   3.7e-27   94.1  14.6   1   2   5.4e-17   2.9e-15   54.9   2.7    48   161     2   121     1   123 0.81 -
TRINITY_DN275_c0_g1_i1:331-1275     -            315 234290at33208        -            473   3.7e-27   94.1  14.6   2   2   4.8e-14   2.6e-12   45.1   3.8    31   145   124   233   122   266 0.66 -
TRINITY_DN2199_c0_g1_i1:40-708      -            223 234290at33208        -            473   1.2e-26   92.4  11.2   1   1   4.9e-28   2.7e-26   91.3  11.2   277   436    51   214    40   223 0.90 -
TRINITY_DN53205_c0_g1_i1:243-713    -            157 234290at33208        -            473     6e-26   90.1  30.0   1   2   1.1e-13   6.2e-12   43.9   6.8   133   223     3    94     1    95 0.91 -
TRINITY_DN53205_c0_g1_i1:243-713    -            157 234290at33208        -            473     6e-26   90.1  30.0   2   2   3.8e-18   2.1e-16   58.7  15.2   300   421    34   156    30   157 0.95 -
TRINITY_DN1918_c0_g1_i11:666-1271   -            202 234290at33208        -            473   2.7e-25   88.0   6.9   1   1   4.2e-25   2.3e-23   81.6   6.9    18   215     2   184     1   196 0.86 -
TRINITY_DN1918_c0_g1_i7:666-1271    -            202 234290at33208        -            473   2.7e-25   88.0   6.9   1   1   4.2e-25   2.3e-23   81.6   6.9    18   215     2   184     1   196 0.86 -
TRINITY_DN1918_c0_g1_i8:666-1271    -            202 234290at33208        -            473   2.7e-25   88.0   6.9   1   1   4.2e-25   2.3e-23   81.6   6.9    18   215     2   184     1   196 0.86 -
TRINITY_DN53205_c0_g1_i4:3-524      -            174 234290at33208        -            473   5.6e-25   86.9  24.0   1   2   1.6e-14   8.8e-13   46.7   5.7   130   224    32   127     5   128 0.86 -
TRINITY_DN53205_c0_g1_i4:3-524      -            174 234290at33208        -            473   5.6e-25   86.9  24.0   2   2   2.3e-16   1.3e-14   52.8  10.3   300   406    66   174    62   174 0.94 -
TRINITY_DN4468_c0_g1_i10:236-928    -            231 234290at33208        -            473   7.5e-25   86.5   5.8   1   1   3.7e-26     2e-24   85.1   5.7   283   466    43   229    37   231 0.91 -
TRINITY_DN4468_c0_g1_i12:236-928    -            231 234290at33208        -            473   7.5e-25   86.5   5.8   1   1   3.7e-26     2e-24   85.1   5.7   283   466    43   229    37   231 0.91 -
TRINITY_DN4468_c0_g1_i13:236-928    -            231 234290at33208        -            473   7.5e-25   86.5   5.8   1   1   3.7e-26     2e-24   85.1   5.7   283   466    43   229    37   231 0.91 -
TRINITY_DN4468_c0_g1_i15:236-928    -            231 234290at33208        -            473   7.5e-25   86.5   5.8   1   1   3.7e-26     2e-24   85.1   5.7   283   466    43   229    37   231 0.91 -
TRINITY_DN4468_c0_g1_i16:236-928    -            231 234290at33208        -            473   7.5e-25   86.5   5.8   1   1   3.7e-26     2e-24   85.1   5.7   283   466    43   229    37   231 0.91 -
TRINITY_DN4468_c0_g1_i20:236-928    -            231 234290at33208        -            473   7.5e-25   86.5   5.8   1   1   3.7e-26     2e-24   85.1   5.7   283   466    43   229    37   231 0.91 -
TRINITY_DN4468_c0_g1_i26:236-928    -            231 234290at33208        -            473   7.5e-25   86.5   5.8   1   1   3.7e-26     2e-24   85.1   5.7   283   466    43   229    37   231 0.91 -
TRINITY_DN4468_c0_g1_i28:236-928    -            231 234290at33208        -            473   7.5e-25   86.5   5.8   1   1   3.7e-26     2e-24   85.1   5.7   283   466    43   229    37   231 0.91 -
TRINITY_DN4468_c0_g1_i32:236-928    -            231 234290at33208        -            473   7.5e-25   86.5   5.8   1   1   3.7e-26     2e-24   85.1   5.7   283   466    43   229    37   231 0.91 -
TRINITY_DN4468_c0_g1_i3:236-928     -            231 234290at33208        -            473   7.5e-25   86.5   5.8   1   1   3.7e-26     2e-24   85.1   5.7   283   466    43   229    37   231 0.91 -
TRINITY_DN4468_c0_g1_i5:236-928     -            231 234290at33208        -            473   7.5e-25   86.5   5.8   1   1   3.7e-26     2e-24   85.1   5.7   283   466    43   229    37   231 0.91 -
TRINITY_DN68025_c0_g1_i1:598-1944   -            449 234290at33208        -            473   1.9e-24   85.2  20.6   1   1   4.5e-26   2.4e-24   84.8  20.6    13   448     4   449     1   449 0.87 -
TRINITY_DN13097_c0_g1_i10:6399-7601 -            401 234290at33208        -            473   2.7e-24   84.7   6.1   1   1   1.8e-25     1e-23   82.8   6.1    12   373     4   400     2   401 0.80 -
TRINITY_DN13097_c0_g1_i14:6237-7439 -            401 234290at33208        -            473   2.7e-24   84.7   6.1   1   1   1.8e-25     1e-23   82.8   6.1    12   373     4   400     2   401 0.80 -
TRINITY_DN13097_c0_g1_i8:6423-7625  -            401 234290at33208        -            473   2.7e-24   84.7   6.1   1   1   1.8e-25     1e-23   82.8   6.1    12   373     4   400     2   401 0.80 -
TRINITY_DN26576_c0_g2_i6:548-1687   -            380 234290at33208        -            473   3.5e-24   84.3   8.3   1   2   7.9e-10   4.3e-08   31.2   0.1    15   115   168   272   158   282 0.79 -
TRINITY_DN26576_c0_g2_i6:548-1687   -            380 234290at33208        -            473   3.5e-24   84.3   8.3   2   2   1.5e-05   0.00082   17.1   0.2    30   114   280   367   273   380 0.78 -
TRINITY_DN11268_c0_g1_i1:243-746    -            168 234290at33208        -            473   1.8e-23   81.9   7.8   1   1   4.7e-25   2.6e-23   81.4   7.8    14   175     1   167     1   168 0.95 -
TRINITY_DN11268_c0_g1_i2:226-729    -            168 234290at33208        -            473   1.8e-23   81.9   7.8   1   1   4.7e-25   2.6e-23   81.4   7.8    14   175     1   167     1   168 0.95 -
TRINITY_DN11268_c0_g1_i3:170-673    -            168 234290at33208        -            473   1.8e-23   81.9   7.8   1   1   4.7e-25   2.6e-23   81.4   7.8    14   175     1   167     1   168 0.95 -
TRINITY_DN170_c0_g1_i10:175-882     -            236 234290at33208        -            473   2.2e-23   81.6   3.1   1   1   4.8e-25   2.6e-23   81.4   3.1    60   223    18   188     3   219 0.83 -
TRINITY_DN170_c0_g1_i11:211-918     -            236 234290at33208        -            473   2.2e-23   81.6   3.1   1   1   4.8e-25   2.6e-23   81.4   3.1    60   223    18   188     3   219 0.83 -
TRINITY_DN170_c0_g1_i1:208-915      -            236 234290at33208        -            473   2.2e-23   81.6   3.1   1   1   4.8e-25   2.6e-23   81.4   3.1    60   223    18   188     3   219 0.83 -
TRINITY_DN170_c0_g1_i2:209-916      -            236 234290at33208        -            473   2.2e-23   81.6   3.1   1   1   4.8e-25   2.6e-23   81.4   3.1    60   223    18   188     3   219 0.83 -
TRINITY_DN29874_c0_g1_i2:695-2710   -            672 234290at33208        -            473   7.9e-21   73.2  12.7   1   2   4.9e-07   2.7e-05   22.0   0.3    19    93    23    97     4   107 0.86 -
TRINITY_DN29874_c0_g1_i2:695-2710   -            672 234290at33208        -            473   7.9e-21   73.2  12.7   2   2   5.7e-16   3.1e-14   51.5   6.6   302   435   108   245   106   260 0.65 -
TRINITY_DN25331_c1_g1_i5:575-1054   -            160 234290at33208        -            473   9.4e-21   73.0   8.4   1   1   2.6e-22   1.4e-20   72.4   8.4   289   436     6   153     1   157 0.90 -
TRINITY_DN29874_c0_g1_i3:695-3139   -            815 234290at33208        -            473   1.7e-20   72.1  12.8   1   2   6.5e-07   3.6e-05   21.6   0.3    19    93    23    97     4   106 0.87 -
TRINITY_DN29874_c0_g1_i3:695-3139   -            815 234290at33208        -            473   1.7e-20   72.1  12.8   2   2   8.8e-16   4.8e-14   50.9   6.8   302   435   108   245   106   260 0.65 -
TRINITY_DN6973_c0_g2_i1:250-759     -            170 234290at33208        -            473   1.7e-19   68.8   3.1   1   1   4.4e-21   2.4e-19   68.3   2.2   117   220    43   148    31   166 0.88 -
TRINITY_DN6973_c0_g2_i2:250-759     -            170 234290at33208        -            473   1.7e-19   68.8   3.1   1   1   4.4e-21   2.4e-19   68.3   2.2   117   220    43   148    31   166 0.88 -
TRINITY_DN39385_c0_g1_i2:278-730    -            151 234290at33208        -            473   5.8e-19   67.1   9.0   1   1   1.9e-20     1e-18   66.2   9.0    47   179     1   135     1   150 0.69 -
TRINITY_DN25331_c1_g1_i3:62-727     -            222 234290at33208        -            473   1.7e-18   65.5  33.3   1   1   1.4e-05   0.00075   17.3   6.3   335   400     2    67     1    67 0.89 -
TRINITY_DN39385_c0_g1_i7:329-715    -            129 234290at33208        -            473   5.4e-18   63.9   8.3   1   1     1e-19   5.7e-18   63.8   8.3   300   419     4   125     1   129 0.91 -
TRINITY_DN10796_c0_g1_i13:9-308     -            100 234290at33208        -            473   1.9e-17   62.1   0.6   1   1   5.4e-11     3e-09   35.1   0.1   121   175    46   100    44   100 0.94 -
TRINITY_DN14653_c0_g1_i1:49-1308    -            420 234290at33208        -            473   7.2e-17   60.2   5.6   1   1   2.2e-18   1.2e-16   59.5   5.6    20   175   140   302    92   320 0.77 -
TRINITY_DN14653_c0_g1_i2:290-1549   -            420 234290at33208        -            473   7.2e-17   60.2   5.6   1   1   2.2e-18   1.2e-16   59.5   5.6    20   175   140   302    92   320 0.77 -
TRINITY_DN16047_c0_g1_i1:242-601    -            120 234290at33208        -            473   1.1e-16   59.5   1.7   1   1   2.5e-18   1.3e-16   59.3   1.7   116   200     6    91     3   117 0.87 -
TRINITY_DN6442_c0_g1_i4:699-1679    -            327 234290at33208        -            473   1.3e-16   59.3  21.3   1   2   6.4e-12   3.5e-10   38.1  18.5   147   377     1   255     1   256 0.80 -
TRINITY_DN6442_c0_g1_i4:699-1679    -            327 234290at33208        -            473   1.3e-16   59.3  21.3   2   2   1.8e-10   9.8e-09   33.4   2.7    13   115   199   308   191   322 0.85 -
TRINITY_DN6442_c0_g1_i6:699-1679    -            327 234290at33208        -            473   1.3e-16   59.3  21.3   1   2   6.4e-12   3.5e-10   38.1  18.5   147   377     1   255     1   256 0.80 -
TRINITY_DN6442_c0_g1_i6:699-1679    -            327 234290at33208        -            473   1.3e-16   59.3  21.3   2   2   1.8e-10   9.8e-09   33.4   2.7    13   115   199   308   191   322 0.85 -
TRINITY_DN6442_c0_g1_i7:699-1679    -            327 234290at33208        -            473   1.3e-16   59.3  21.3   1   2   6.4e-12   3.5e-10   38.1  18.5   147   377     1   255     1   256 0.80 -
TRINITY_DN6442_c0_g1_i7:699-1679    -            327 234290at33208        -            473   1.3e-16   59.3  21.3   2   2   1.8e-10   9.8e-09   33.4   2.7    13   115   199   308   191   322 0.85 -
TRINITY_DN6442_c0_g1_i9:699-1679    -            327 234290at33208        -            473   1.3e-16   59.3  21.3   1   2   6.4e-12   3.5e-10   38.1  18.5   147   377     1   255     1   256 0.80 -
TRINITY_DN6442_c0_g1_i9:699-1679    -            327 234290at33208        -            473   1.3e-16   59.3  21.3   2   2   1.8e-10   9.8e-09   33.4   2.7    13   115   199   308   191   322 0.85 -
TRINITY_DN11083_c0_g1_i2:1179-1826  -            216 234290at33208        -            473   3.9e-16   57.8   0.1   1   1   9.2e-18     5e-16   57.4   0.1   257   380     5   130     2   143 0.93 -
TRINITY_DN44065_c0_g1_i5:9-566      -            186 234290at33208        -            473     4e-16   57.7  27.2   1   1   4.7e-11   2.6e-09   35.3  13.1   304   415     2   113     1   113 0.80 -
TRINITY_DN11083_c0_g1_i5:1184-1825  -            214 234290at33208        -            473   4.6e-16   57.5   0.1   1   1     1e-17   5.6e-16   57.2   0.1   257   380     3   128     1   141 0.94 -
TRINITY_DN51083_c0_g1_i1:360-968    -            203 234290at33208        -            473   5.7e-16   57.2   4.1   1   2   5.6e-13     3e-11   41.6   1.5   304   404     4   109     1   127 0.84 -
TRINITY_DN51083_c0_g1_i1:360-968    -            203 234290at33208        -            473   5.7e-16   57.2   4.1   2   2   8.4e-05    0.0046   14.6   0.0   172   213   155   196   147   203 0.81 -
TRINITY_DN25233_c0_g1_i9:6-368      -            121 234290at33208        -            473   6.9e-16   56.9   8.2   1   1   1.5e-17   8.4e-16   56.7   8.2   297   409     5   119     1   121 0.78 -
TRINITY_DN99988_c0_g1_i1:148-708    -            187 234290at33208        -            473   2.1e-15   55.4  19.9   1   2   2.1e-10   1.1e-08   33.1   7.3   331   420     7    96     1   101 0.51 -
TRINITY_DN99988_c0_g1_i1:148-708    -            187 234290at33208        -            473   2.1e-15   55.4  19.9   2   2   6.7e-09   3.7e-07   28.2   5.6   306   381   100   176    95   187 0.90 -
TRINITY_DN13944_c0_g1_i3:201-632    -            144 234290at33208        -            473   8.6e-15   53.3   4.8   1   2    0.0004     0.022   12.4   0.0    14    49     1    36     1    41 0.84 -
TRINITY_DN13944_c0_g1_i3:201-632    -            144 234290at33208        -            473   8.6e-15   53.3   4.8   2   2   1.6e-12   8.6e-11   40.1   2.5   345   404    45   105    39   129 0.83 -
TRINITY_DN18926_c1_g1_i1:1-267      -             89 234290at33208        -            473   9.6e-15   53.2   3.0   1   1     2e-16   1.1e-14   53.0   3.0   345   430     2    87     1    89 0.90 -
TRINITY_DN57348_c0_g1_i2:5222-5617  -            132 234290at33208        -            473   1.4e-14   52.6   4.4   1   1   4.8e-09   2.6e-07   28.7   0.3   165   224     5    68     1    72 0.84 -
TRINITY_DN57348_c0_g1_i4:5222-5617  -            132 234290at33208        -            473   1.4e-14   52.6   4.4   1   1   4.8e-09   2.6e-07   28.7   0.3   165   224     5    68     1    72 0.84 -
TRINITY_DN57348_c0_g1_i6:5231-5626  -            132 234290at33208        -            473   1.4e-14   52.6   4.4   1   1   4.8e-09   2.6e-07   28.7   0.3   165   224     5    68     1    72 0.84 -
TRINITY_DN57348_c0_g1_i7:5222-5617  -            132 234290at33208        -            473   1.4e-14   52.6   4.4   1   1   4.8e-09   2.6e-07   28.7   0.3   165   224     5    68     1    72 0.84 -
TRINITY_DN57348_c0_g1_i8:5231-5626  -            132 234290at33208        -            473   1.4e-14   52.6   4.4   1   1   4.8e-09   2.6e-07   28.7   0.3   165   224     5    68     1    72 0.84 -
TRINITY_DN11583_c0_g1_i3:4514-5026  -            171 234290at33208        -            473     2e-14   52.1   4.6   1   2   1.6e-13   8.5e-12   43.4   2.8   145   269     6   145     2   145 0.75 -
TRINITY_DN11583_c0_g1_i3:4514-5026  -            171 234290at33208        -            473     2e-14   52.1   4.6   2   2   3.6e-05     0.002   15.9   0.1   119   156   129   170   124   171 0.81 -
TRINITY_DN11583_c0_g1_i5:4514-5026  -            171 234290at33208        -            473     2e-14   52.1   4.6   1   2   1.6e-13   8.5e-12   43.4   2.8   145   269     6   145     2   145 0.75 -
TRINITY_DN11583_c0_g1_i5:4514-5026  -            171 234290at33208        -            473     2e-14   52.1   4.6   2   2   3.6e-05     0.002   15.9   0.1   119   156   129   170   124   171 0.81 -
TRINITY_DN3006_c0_g1_i10:3061-3633  -            191 234290at33208        -            473   5.1e-14   50.8   9.9   1   1     1e-15   5.7e-14   50.6   9.9   119   289    11   191     1   191 0.83 -
TRINITY_DN3006_c0_g1_i14:3074-3646  -            191 234290at33208        -            473   5.1e-14   50.8   9.9   1   1     1e-15   5.7e-14   50.6   9.9   119   289    11   191     1   191 0.83 -
TRINITY_DN3006_c0_g1_i9:3074-3646   -            191 234290at33208        -            473   5.1e-14   50.8   9.9   1   1     1e-15   5.7e-14   50.6   9.9   119   289    11   191     1   191 0.83 -
TRINITY_DN26576_c0_g2_i1:263-877    -            205 234290at33208        -            473   7.9e-14   50.2   1.4   1   2   1.3e-09   7.1e-08   30.5   0.1    32   115     2    88     1    97 0.87 -
TRINITY_DN26576_c0_g2_i1:263-877    -            205 234290at33208        -            473   7.9e-14   50.2   1.4   2   2   2.9e-06   0.00016   19.5   0.1    31   115    97   184    88   200 0.69 -
TRINITY_DN39385_c0_g1_i1:329-646    -            106 234290at33208        -            473   1.9e-13   48.9   7.4   1   1   3.7e-15     2e-13   48.8   7.4   321   420     2   103     1   106 0.91 -
TRINITY_DN6191_c0_g1_i2:323-919     -            199 234290at33208        -            473     2e-13   48.8   8.6   1   2    0.0072       0.4    8.3   0.1   211   245    11    45     1    50 0.49 -
TRINITY_DN6191_c0_g1_i2:323-919     -            199 234290at33208        -            473     2e-13   48.8   8.6   2   2   7.1e-13   3.9e-11   41.3   4.2    29   154    52   187    42   195 0.83 -
TRINITY_DN6191_c0_g1_i3:323-919     -            199 234290at33208        -            473     2e-13   48.8   8.6   1   2    0.0072       0.4    8.3   0.1   211   245    11    45     1    50 0.49 -
TRINITY_DN6191_c0_g1_i3:323-919     -            199 234290at33208        -            473     2e-13   48.8   8.6   2   2   7.1e-13   3.9e-11   41.3   4.2    29   154    52   187    42   195 0.83 -
TRINITY_DN13874_c0_g1_i1:835-1416   -            194 234290at33208        -            473   1.2e-12   46.2  11.6   1   2   2.3e-05    0.0012   16.5   0.3   190   244     2    59     1    63 0.48 -
TRINITY_DN13874_c0_g1_i1:835-1416   -            194 234290at33208        -            473   1.2e-12   46.2  11.6   2   2   2.4e-09   1.3e-07   29.7   6.2    31   143    67   180    61   193 0.69 -
TRINITY_DN11583_c0_g1_i2:3962-4417  -            152 234290at33208        -            473   1.5e-12   45.9   0.0   1   1   3.5e-14   1.9e-12   45.6   0.0    57   172     8   132     3   145 0.80 -
TRINITY_DN11583_c0_g1_i3:3962-4417  -            152 234290at33208        -            473   1.5e-12   45.9   0.0   1   1   3.5e-14   1.9e-12   45.6   0.0    57   172     8   132     3   145 0.80 -
TRINITY_DN11583_c0_g1_i4:1390-1845  -            152 234290at33208        -            473   1.5e-12   45.9   0.0   1   1   3.5e-14   1.9e-12   45.6   0.0    57   172     8   132     3   145 0.80 -
TRINITY_DN11583_c0_g1_i5:3962-4417  -            152 234290at33208        -            473   1.5e-12   45.9   0.0   1   1   3.5e-14   1.9e-12   45.6   0.0    57   172     8   132     3   145 0.80 -
TRINITY_DN15974_c0_g1_i14:1588-2775 -            396 234290at33208        -            473     2e-12   45.5  26.8   1   3   8.1e-07   4.4e-05   21.3   5.3   300   419    18   139     3   154 0.77 -
TRINITY_DN15974_c0_g1_i14:1588-2775 -            396 234290at33208        -            473     2e-12   45.5  26.8   2   3   9.3e-05    0.0051   14.5   5.4   330   421   210   305   193   309 0.84 -
TRINITY_DN15974_c0_g1_i14:1588-2775 -            396 234290at33208        -            473     2e-12   45.5  26.8   3   3   5.8e-07   3.1e-05   21.8   6.0   312   418   283   394   276   396 0.78 -
TRINITY_DN15974_c0_g1_i15:519-1706  -            396 234290at33208        -            473     2e-12   45.5  26.8   1   3   8.1e-07   4.4e-05   21.3   5.3   300   419    18   139     3   154 0.77 -
TRINITY_DN15974_c0_g1_i15:519-1706  -            396 234290at33208        -            473     2e-12   45.5  26.8   2   3   9.3e-05    0.0051   14.5   5.4   330   421   210   305   193   309 0.84 -
TRINITY_DN15974_c0_g1_i15:519-1706  -            396 234290at33208        -            473     2e-12   45.5  26.8   3   3   5.8e-07   3.1e-05   21.8   6.0   312   418   283   394   276   396 0.78 -
TRINITY_DN15974_c0_g1_i2:1684-2871  -            396 234290at33208        -            473     2e-12   45.5  26.8   1   3   8.1e-07   4.4e-05   21.3   5.3   300   419    18   139     3   154 0.77 -
TRINITY_DN15974_c0_g1_i2:1684-2871  -            396 234290at33208        -            473     2e-12   45.5  26.8   2   3   9.3e-05    0.0051   14.5   5.4   330   421   210   305   193   309 0.84 -
TRINITY_DN15974_c0_g1_i2:1684-2871  -            396 234290at33208        -            473     2e-12   45.5  26.8   3   3   5.8e-07   3.1e-05   21.8   6.0   312   418   283   394   276   396 0.78 -
TRINITY_DN15974_c0_g1_i3:1682-2869  -            396 234290at33208        -            473     2e-12   45.5  26.8   1   3   8.1e-07   4.4e-05   21.3   5.3   300   419    18   139     3   154 0.77 -
TRINITY_DN15974_c0_g1_i3:1682-2869  -            396 234290at33208        -            473     2e-12   45.5  26.8   2   3   9.3e-05    0.0051   14.5   5.4   330   421   210   305   193   309 0.84 -
TRINITY_DN15974_c0_g1_i3:1682-2869  -            396 234290at33208        -            473     2e-12   45.5  26.8   3   3   5.8e-07   3.1e-05   21.8   6.0   312   418   283   394   276   396 0.78 -
TRINITY_DN15974_c0_g1_i8:1682-2869  -            396 234290at33208        -            473     2e-12   45.5  26.8   1   3   8.1e-07   4.4e-05   21.3   5.3   300   419    18   139     3   154 0.77 -
TRINITY_DN15974_c0_g1_i8:1682-2869  -            396 234290at33208        -            473     2e-12   45.5  26.8   2   3   9.3e-05    0.0051   14.5   5.4   330   421   210   305   193   309 0.84 -
TRINITY_DN15974_c0_g1_i8:1682-2869  -            396 234290at33208        -            473     2e-12   45.5  26.8   3   3   5.8e-07   3.1e-05   21.8   6.0   312   418   283   394   276   396 0.78 -
TRINITY_DN12258_c0_g1_i2:329-901    -            191 234290at33208        -            473   2.4e-12   45.2   3.4   1   1     5e-14   2.8e-12   45.1   3.4   169   347     3   190     1   191 0.80 -
TRINITY_DN2664_c0_g1_i1:409-987     -            193 234290at33208        -            473   2.5e-12   45.2   3.6   1   1   7.5e-14   4.1e-12   44.5   3.6    34   248    19   180     2   192 0.52 -
TRINITY_DN2664_c0_g1_i2:409-987     -            193 234290at33208        -            473   2.5e-12   45.2   3.6   1   1   7.5e-14   4.1e-12   44.5   3.6    34   248    19   180     2   192 0.52 -
TRINITY_DN2664_c0_g1_i5:409-987     -            193 234290at33208        -            473   2.5e-12   45.2   3.6   1   1   7.5e-14   4.1e-12   44.5   3.6    34   248    19   180     2   192 0.52 -
TRINITY_DN14400_c0_g1_i6:1017-1505  -            163 234290at33208        -            473   3.9e-11   41.3   1.6   1   1   8.2e-13   4.5e-11   41.1   1.6   130   245     1   120     1   135 0.88 -
TRINITY_DN3589_c0_g1_i1:963-1697    -            245 234290at33208        -            473   4.4e-11   41.1  18.1   1   1   3.1e-12   1.7e-10   39.2  18.1   104   302     2   209     1   217 0.57 -
TRINITY_DN861_c0_g1_i21:639-2906    -            756 234290at33208        -            473   5.6e-11   40.8   0.6   1   1   2.6e-12   1.4e-10   39.4   0.6   364   430     4    70     2    79 0.91 -
TRINITY_DN861_c0_g1_i25:850-3117    -            756 234290at33208        -            473   5.6e-11   40.8   0.6   1   1   2.6e-12   1.4e-10   39.4   0.6   364   430     4    70     2    79 0.91 -
TRINITY_DN861_c0_g1_i42:789-3056    -            756 234290at33208        -            473   5.6e-11   40.8   0.6   1   1   2.6e-12   1.4e-10   39.4   0.6   364   430     4    70     2    79 0.91 -
TRINITY_DN861_c0_g1_i71:796-3063    -            756 234290at33208        -            473   5.6e-11   40.8   0.6   1   1   2.6e-12   1.4e-10   39.4   0.6   364   430     4    70     2    79 0.91 -
TRINITY_DN861_c0_g1_i101:847-3114   -            756 234290at33208        -            473   6.3e-11   40.6   0.6   1   1   2.6e-12   1.4e-10   39.4   0.6   364   430     4    70     2    79 0.91 -
TRINITY_DN861_c0_g1_i40:786-3053    -            756 234290at33208        -            473   6.3e-11   40.6   0.6   1   1   2.6e-12   1.4e-10   39.4   0.6   364   430     4    70     2    79 0.91 -
TRINITY_DN861_c0_g1_i52:636-2903    -            756 234290at33208        -            473   6.3e-11   40.6   0.6   1   1   2.6e-12   1.4e-10   39.4   0.6   364   430     4    70     2    79 0.91 -
TRINITY_DN179854_c0_g1_i1:14-202    -             63 234290at33208        -            473   9.2e-11   40.0   0.5   1   1   1.8e-12   9.7e-11   40.0   0.5   348   407     1    62     1    63 0.71 -
TRINITY_DN3589_c0_g1_i5:62-673      -            204 234290at33208        -            473     1e-10   39.9  19.2   1   1   1.8e-11   9.8e-10   36.7  19.2   212   400     4   193     1   203 0.58 -
TRINITY_DN30202_c0_g1_i1:444-893    -            150 234290at33208        -            473   2.7e-09   35.2   0.0   1   1   5.7e-11   3.1e-09   35.0   0.0   282   398     2   127     1   142 0.84 -
TRINITY_DN18704_c0_g2_i7:6215-6643  -            143 234290at33208        -            473   3.6e-09   34.8   3.9   1   1   1.6e-10   8.8e-09   33.5   3.9   292   420    12   143     2   143 0.88 -
TRINITY_DN13097_c0_g1_i8:8238-8885  -            216 234290at33208        -            473   4.6e-09   34.4  14.7   1   2   9.7e-11   5.3e-09   34.2  11.8    12   172     6   181     2   187 0.69 -
TRINITY_DN13097_c0_g1_i8:8238-8885  -            216 234290at33208        -            473   4.6e-09   34.4  14.7   2   2     0.016      0.85    7.2   0.5    13    68   154   215   143   216 0.70 -
TRINITY_DN4449_c0_g1_i1:421-1056    -            212 234290at33208        -            473   4.9e-09   34.3   0.9   1   1   1.3e-10   7.3e-09   33.8   0.9   154   245     3    97     1   161 0.59 -
TRINITY_DN18704_c0_g2_i2:6215-6598  -            128 234290at33208        -            473   5.6e-09   34.1   2.9   1   1   2.8e-10   1.5e-08   32.7   2.9   304   420    10   128     4   128 0.90 -
TRINITY_DN160739_c0_g1_i1:15-425    -            137 234290at33208        -            473   1.6e-08   32.6   2.2   1   1   1.5e-09   8.1e-08   30.3   2.2   322   420     8   112     1   137 0.45 -
TRINITY_DN13097_c0_g1_i8:8502-9047  -            182 234290at33208        -            473   3.1e-08   31.7   4.9   1   1   1.5e-09   8.3e-08   30.3   4.8   158   313    28   169    11   179 0.48 -
TRINITY_DN1230_c1_g1_i4:312-719     -            136 234290at33208        -            473   3.7e-08   31.4   4.1   1   1   7.5e-10   4.1e-08   31.3   4.1    32   113    17    99     1   121 0.54 -
TRINITY_DN1230_c1_g1_i5:302-709     -            136 234290at33208        -            473   3.7e-08   31.4   4.1   1   1   7.5e-10   4.1e-08   31.3   4.1    32   113    17    99     1   121 0.54 -
TRINITY_DN14016_c0_g1_i1:93-299     -             69 234290at33208        -            473   7.7e-08   30.4   4.4   1   1   1.4e-09   7.7e-08   30.4   4.4   339   401     7    68     1    69 0.92 -
TRINITY_DN196894_c0_g1_i1:63-611    -            183 234290at33208        -            473   1.5e-07   29.5   3.3   1   1   3.9e-09   2.1e-07   28.9   3.3   126   294     5   173     1   182 0.56 -
TRINITY_DN16739_c0_g1_i9:56-280     -             75 234290at33208        -            473   1.9e-07   29.1   6.4   1   1   3.9e-09   2.1e-07   28.9   6.4   314   380     3    70     1    74 0.73 -
TRINITY_DN23794_c0_g1_i15:466-873   -            136 234290at33208        -            473   4.5e-07   27.9   1.5   1   1   1.1e-08   6.2e-07   27.4   1.5   303   381     3    87     1   110 0.46 -
TRINITY_DN23794_c0_g1_i4:601-1008   -            136 234290at33208        -            473   4.5e-07   27.9   1.5   1   1   1.1e-08   6.2e-07   27.4   1.5   303   381     3    87     1   110 0.46 -
TRINITY_DN23794_c0_g1_i9:466-873    -            136 234290at33208        -            473   4.5e-07   27.9   1.5   1   1   1.1e-08   6.2e-07   27.4   1.5   303   381     3    87     1   110 0.46 -
TRINITY_DN10146_c0_g1_i1:926-1321   -            132 234290at33208        -            473   5.5e-07   27.6   4.2   1   1   1.2e-08   6.4e-07   27.4   4.2    39   131     3    99     1   128 0.77 -
TRINITY_DN10146_c0_g1_i5:926-1321   -            132 234290at33208        -            473   5.5e-07   27.6   4.2   1   1   1.2e-08   6.4e-07   27.4   4.2    39   131     3    99     1   128 0.77 -
TRINITY_DN3972_c0_g1_i14:2009-2413  -            135 234290at33208        -            473   2.8e-06   25.3   2.2   1   1   1.2e-07   6.5e-06   24.1   2.2   121   247     2   135     1   135 0.83 -
TRINITY_DN3972_c0_g1_i3:2009-2413   -            135 234290at33208        -            473   2.8e-06   25.3   2.2   1   1   1.2e-07   6.5e-06   24.1   2.2   121   247     2   135     1   135 0.83 -
TRINITY_DN3972_c0_g1_i9:942-1346    -            135 234290at33208        -            473   2.8e-06   25.3   2.2   1   1   1.2e-07   6.5e-06   24.1   2.2   121   247     2   135     1   135 0.83 -
TRINITY_DN15974_c0_g1_i14:4807-5223 -            139 234290at33208        -            473   5.9e-06   24.2   6.0   1   1   1.9e-07     1e-05   23.4   5.9   314   423     3   115     1   121 0.79 -
TRINITY_DN15974_c0_g1_i3:4901-5317  -            139 234290at33208        -            473   5.9e-06   24.2   6.0   1   1   1.9e-07     1e-05   23.4   5.9   314   423     3   115     1   121 0.79 -
TRINITY_DN15974_c0_g1_i8:4901-5317  -            139 234290at33208        -            473   5.9e-06   24.2   6.0   1   1   1.9e-07     1e-05   23.4   5.9   314   423     3   115     1   121 0.79 -
TRINITY_DN62151_c0_g1_i1:33-422     -            130 234290at33208        -            473     7e-06   23.9   6.5   1   1   2.6e-07   1.4e-05   22.9   6.5    77   178     4   108     1   130 0.72 -
TRINITY_DN17625_c0_g1_i1:941-1519   -            193 234290at33208        -            473   1.4e-05   23.0   0.7   1   1   3.3e-07   1.8e-05   22.6   0.7    12    97    24   107    16   127 0.78 -
TRINITY_DN15974_c0_g1_i14:2194-2646 -            151 234290at33208        -            473   5.3e-05   21.0   2.3   1   1   1.1e-06     6e-05   20.9   2.3   328   419     3    96     1   114 0.86 -
TRINITY_DN15974_c0_g1_i15:1125-1577 -            151 234290at33208        -            473   5.3e-05   21.0   2.3   1   1   1.1e-06     6e-05   20.9   2.3   328   419     3    96     1   114 0.86 -
TRINITY_DN15974_c0_g1_i2:2290-2742  -            151 234290at33208        -            473   5.3e-05   21.0   2.3   1   1   1.1e-06     6e-05   20.9   2.3   328   419     3    96     1   114 0.86 -
TRINITY_DN15974_c0_g1_i3:2288-2740  -            151 234290at33208        -            473   5.3e-05   21.0   2.3   1   1   1.1e-06     6e-05   20.9   2.3   328   419     3    96     1   114 0.86 -
TRINITY_DN15974_c0_g1_i8:2288-2740  -            151 234290at33208        -            473   5.3e-05   21.0   2.3   1   1   1.1e-06     6e-05   20.9   2.3   328   419     3    96     1   114 0.86 -
TRINITY_DN17429_c0_g1_i1:362-649    -             96 234290at33208        -            473   0.00045   18.0   0.0   1   1   9.2e-06   0.00051   17.8   0.0    12    69    13    72     8    94 0.74 -
TRINITY_DN17429_c0_g1_i2:362-649    -             96 234290at33208        -            473   0.00045   18.0   0.0   1   1   9.2e-06   0.00051   17.8   0.0    12    69    13    72     8    94 0.74 -
TRINITY_DN2141_c0_g1_i10:694-1152   -            153 234290at33208        -            473    0.0011   16.7   1.2   1   1   2.6e-05    0.0014   16.3   1.2   321   398    41   123    15   152 0.64 -
TRINITY_DN2141_c0_g1_i11:694-1152   -            153 234290at33208        -            473    0.0011   16.7   1.2   1   1   2.6e-05    0.0014   16.3   1.2   321   398    41   123    15   152 0.64 -
TRINITY_DN2141_c0_g1_i12:713-1171   -            153 234290at33208        -            473    0.0011   16.7   1.2   1   1   2.6e-05    0.0014   16.3   1.2   321   398    41   123    15   152 0.64 -
TRINITY_DN58043_c0_g1_i2:216-470    -             85 234290at33208        -            473    0.0047   14.6   0.3   1   1     9e-05    0.0049   14.6   0.3    13    70     3    61     1    83 0.59 -
TRINITY_DN58043_c0_g1_i8:216-470    -             85 234290at33208        -            473    0.0047   14.6   0.3   1   1     9e-05    0.0049   14.6   0.3    13    70     3    61     1    83 0.59 -
TRINITY_DN25166_c0_g1_i3:134-580    -            149 234290at33208        -            473     0.013   13.2   4.1   1   1   0.00033     0.018   12.7   4.1    41    96    10    64     7   107 0.54 -
TRINITY_DN25166_c0_g1_i1:134-577    -            148 234290at33208        -            473     0.013   13.1   4.2   1   1   0.00034     0.018   12.7   4.2    41    96    10    64     7   107 0.54 -
TRINITY_DN25166_c0_g1_i2:134-577    -            148 234290at33208        -            473     0.013   13.1   4.2   1   1   0.00034     0.018   12.7   4.2    41    96    10    64     7   107 0.54 -
TRINITY_DN30069_c0_g1_i1:1443-1838  -            132 234290at33208        -            473      0.03   12.0   0.1   1   1    0.0006     0.033   11.8   0.1    32   111    16   100     1   109 0.77 -
TRINITY_DN30069_c0_g1_i2:1443-1838  -            132 234290at33208        -            473      0.03   12.0   0.1   1   1    0.0006     0.033   11.8   0.1    32   111    16   100     1   109 0.77 -
TRINITY_DN30069_c0_g1_i3:530-925    -            132 234290at33208        -            473      0.03   12.0   0.1   1   1    0.0006     0.033   11.8   0.1    32   111    16   100     1   109 0.77 -
TRINITY_DN30069_c0_g1_i5:1451-1846  -            132 234290at33208        -            473      0.03   12.0   0.1   1   1    0.0006     0.033   11.8   0.1    32   111    16   100     1   109 0.77 -
TRINITY_DN30069_c0_g1_i6:1419-1814  -            132 234290at33208        -            473      0.03   12.0   0.1   1   1    0.0006     0.033   11.8   0.1    32   111    16   100     1   109 0.77 -
#
# Program:         hmmsearch
# Version:         3.1b2 (February 2015)
# Pipeline mode:   SEARCH
# Query file:      /busco_wd/busco_downloads/lineages/metazoa_odb10/hmms/234290at33208.hmm
# Target file:     /busco_wd/BUSCO/run_metazoa_odb10/metaeuk_output/initial_results/Trinity.fasta.modified.fas
# Option settings: hmmsearch --domtblout /busco_wd/BUSCO/run_metazoa_odb10/hmmer_output/initial_run_results/234290at33208.out --cpu 1 /busco_wd/busco_downloads/lineages/metazoa_odb10/hmms/234290at33208.hmm /busco_wd/BUSCO/run_metazoa_odb10/metaeuk_output/initial_results/Trinity.fasta.modified.fas 
# Current dir:     /busco_wd
# Date:            Tue Nov 23 09:01:14 2021
# [ok]
