#                                                                                           --- full sequence --- -------------- this domain -------------   hmm coord   ali coord   env coord
# target name                       accession   tlen query name           accession   qlen   E-value  score  bias   #  of  c-Evalue  i-Evalue  score  bias  from    to  from    to  from    to  acc description of target
#               ------------------- ---------- ----- -------------------- ---------- ----- --------- ------ ----- --- --- --------- --------- ------ ----- ----- ----- ----- ----- ----- ----- ---- ---------------------
TRINITY_DN2358_c0_g1_i10:956-2776   -            607 245567at33208        -            417  6.1e-139  462.6  59.7   1   3   3.7e-93   4.4e-91  305.0  40.4     1   295    64   399    64   412 0.80 -
TRINITY_DN2358_c0_g1_i10:956-2776   -            607 245567at33208        -            417  6.1e-139  462.6  59.7   2   3   2.9e-22   3.5e-20   71.4   3.2   268   366   416   522   391   538 0.78 -
TRINITY_DN2358_c0_g1_i10:956-2776   -            607 245567at33208        -            417  6.1e-139  462.6  59.7   3   3   6.9e-30   8.3e-28   96.5   2.7   356   417   540   601   528   601 0.96 -
TRINITY_DN2358_c0_g1_i3:933-2753    -            607 245567at33208        -            417  6.1e-139  462.6  59.7   1   3   3.7e-93   4.4e-91  305.0  40.4     1   295    64   399    64   412 0.80 -
TRINITY_DN2358_c0_g1_i3:933-2753    -            607 245567at33208        -            417  6.1e-139  462.6  59.7   2   3   2.9e-22   3.5e-20   71.4   3.2   268   366   416   522   391   538 0.78 -
TRINITY_DN2358_c0_g1_i3:933-2753    -            607 245567at33208        -            417  6.1e-139  462.6  59.7   3   3   6.9e-30   8.3e-28   96.5   2.7   356   417   540   601   528   601 0.96 -
TRINITY_DN2358_c0_g1_i7:957-2777    -            607 245567at33208        -            417  6.1e-139  462.6  59.7   1   3   3.7e-93   4.4e-91  305.0  40.4     1   295    64   399    64   412 0.80 -
TRINITY_DN2358_c0_g1_i7:957-2777    -            607 245567at33208        -            417  6.1e-139  462.6  59.7   2   3   2.9e-22   3.5e-20   71.4   3.2   268   366   416   522   391   538 0.78 -
TRINITY_DN2358_c0_g1_i7:957-2777    -            607 245567at33208        -            417  6.1e-139  462.6  59.7   3   3   6.9e-30   8.3e-28   96.5   2.7   356   417   540   601   528   601 0.96 -
TRINITY_DN2358_c0_g1_i4:972-1397    -            142 245567at33208        -            417   4.1e-37  127.2  11.7   1   2   1.5e-10   1.8e-08   32.8   1.7   313   366     1    62     1    77 0.79 -
TRINITY_DN2358_c0_g1_i4:972-1397    -            142 245567at33208        -            417   4.1e-37  127.2  11.7   2   2   5.9e-31   7.1e-29  100.1   2.7   356   417    80   141    72   141 0.96 -
TRINITY_DN6390_c0_g1_i1:199-1656    -            486 245567at33208        -            417   3.3e-26   91.3  17.5   1   3   1.2e-06   0.00014   20.0   0.0    27    76     2    54     1    67 0.90 -
TRINITY_DN6390_c0_g1_i1:199-1656    -            486 245567at33208        -            417   3.3e-26   91.3  17.5   2   3   9.3e-06    0.0011   17.1   7.4   219   354   186   313   172   336 0.58 -
TRINITY_DN6390_c0_g1_i1:199-1656    -            486 245567at33208        -            417   3.3e-26   91.3  17.5   3   3   4.9e-18   5.9e-16   57.5   0.9   359   415   430   486   399   486 0.89 -
TRINITY_DN6390_c0_g1_i2:523-1563    -            347 245567at33208        -            417   1.5e-20   72.7  16.4   1   2   7.3e-06   0.00088   17.4   8.0   219   354    47   174    33   197 0.59 -
TRINITY_DN6390_c0_g1_i2:523-1563    -            347 245567at33208        -            417   1.5e-20   72.7  16.4   2   2   3.6e-18   4.4e-16   57.9   1.2   359   415   291   347   257   347 0.89 -
TRINITY_DN9628_c0_g1_i1:199-1218    -            340 245567at33208        -            417   4.9e-12   44.6   0.4   1   1   6.7e-14   8.1e-12   43.9   0.4    12    74     9    71     6    76 0.91 -
TRINITY_DN12163_c0_g1_i1:65-1045    -            327 245567at33208        -            417     3e-11   42.0   0.3   1   1   3.3e-13     4e-11   41.6   0.3    12    74     2    64     1    69 0.89 -
TRINITY_DN5304_c0_g1_i1:1215-1409   -             65 245567at33208        -            417   3.5e-11   41.8   1.2   1   1     3e-13   3.6e-11   41.7   1.2    15    74     2    63     1    65 0.84 -
TRINITY_DN5304_c0_g1_i4:1221-1415   -             65 245567at33208        -            417   3.5e-11   41.8   1.2   1   1     3e-13   3.6e-11   41.7   1.2    15    74     2    63     1    65 0.84 -
TRINITY_DN712_c0_g1_i11:224-577     -            118 245567at33208        -            417   4.5e-11   41.4   0.4   1   1   4.6e-13   5.6e-11   41.1   0.4    11    75    24    88    18    97 0.91 -
TRINITY_DN712_c0_g1_i12:224-577     -            118 245567at33208        -            417   4.5e-11   41.4   0.4   1   1   4.6e-13   5.6e-11   41.1   0.4    11    75    24    88    18    97 0.91 -
TRINITY_DN712_c0_g1_i13:224-577     -            118 245567at33208        -            417   4.5e-11   41.4   0.4   1   1   4.6e-13   5.6e-11   41.1   0.4    11    75    24    88    18    97 0.91 -
TRINITY_DN712_c0_g1_i2:224-577      -            118 245567at33208        -            417   4.5e-11   41.4   0.4   1   1   4.6e-13   5.6e-11   41.1   0.4    11    75    24    88    18    97 0.91 -
TRINITY_DN712_c0_g1_i3:224-577      -            118 245567at33208        -            417   4.5e-11   41.4   0.4   1   1   4.6e-13   5.6e-11   41.1   0.4    11    75    24    88    18    97 0.91 -
TRINITY_DN459_c0_g1_i1:3065-3409    -            115 245567at33208        -            417   1.1e-10   40.1   0.9   1   1   9.3e-13   1.1e-10   40.1   0.9    12    74    24    87    14   110 0.85 -
TRINITY_DN459_c0_g1_i5:3064-3408    -            115 245567at33208        -            417   1.1e-10   40.1   0.9   1   1   9.3e-13   1.1e-10   40.1   0.9    12    74    24    87    14   110 0.85 -
TRINITY_DN13485_c0_g1_i2:1043-1825  -            261 245567at33208        -            417   1.5e-10   39.7   0.1   1   1   1.6e-12   1.9e-10   39.4   0.1    12    87     2    78     1    90 0.82 -
TRINITY_DN13485_c0_g1_i10:1043-1909 -            289 245567at33208        -            417   3.1e-10   38.7   0.0   1   1   3.3e-12     4e-10   38.3   0.0    12    85     2    76     1    84 0.83 -
TRINITY_DN13485_c0_g1_i3:1042-1908  -            289 245567at33208        -            417   3.1e-10   38.7   0.0   1   1   3.3e-12     4e-10   38.3   0.0    12    85     2    76     1    84 0.83 -
TRINITY_DN6011_c0_g1_i11:8-1024     -            339 245567at33208        -            417   4.2e-10   38.2   0.0   1   1   5.6e-12   6.8e-10   37.5   0.0    10    76     5    71     1    87 0.84 -
TRINITY_DN6011_c0_g1_i12:1132-2187  -            352 245567at33208        -            417   4.5e-10   38.1   0.0   1   1     6e-12   7.2e-10   37.4   0.0    10    76     5    71     1    87 0.84 -
TRINITY_DN6011_c0_g1_i1:1130-2185   -            352 245567at33208        -            417   4.5e-10   38.1   0.0   1   1     6e-12   7.2e-10   37.4   0.0    10    76     5    71     1    87 0.84 -
TRINITY_DN6011_c0_g1_i4:1132-2187   -            352 245567at33208        -            417   4.5e-10   38.1   0.0   1   1     6e-12   7.2e-10   37.4   0.0    10    76     5    71     1    87 0.84 -
TRINITY_DN6011_c0_g1_i5:1132-2187   -            352 245567at33208        -            417   4.5e-10   38.1   0.0   1   1     6e-12   7.2e-10   37.4   0.0    10    76     5    71     1    87 0.84 -
TRINITY_DN1969_c0_g1_i2:1232-1432   -             67 245567at33208        -            417   5.5e-10   37.9   1.8   1   1   4.7e-12   5.7e-10   37.8   1.8    15    70     2    60     1    67 0.78 -
TRINITY_DN15077_c0_g1_i1:811-1077   -             89 245567at33208        -            417     8e-10   37.3   0.6   1   1   7.7e-12   9.3e-10   37.1   0.6    14    74    18    79     8    82 0.77 -
TRINITY_DN15077_c0_g1_i2:751-1050   -            100 245567at33208        -            417   8.4e-10   37.2   0.2   1   1   7.5e-12   9.1e-10   37.1   0.2    18    74    10    70     2    88 0.81 -
TRINITY_DN3493_c1_g1_i11:311-1318   -            336 245567at33208        -            417   8.6e-10   37.2   2.5   1   1   9.5e-12   1.1e-09   36.8   2.5    12    74     1    63     1    68 0.92 -
TRINITY_DN3493_c1_g1_i2:311-1333    -            341 245567at33208        -            417   8.8e-10   37.2   2.5   1   1   9.7e-12   1.2e-09   36.8   2.5    12    74     1    63     1    68 0.92 -
TRINITY_DN3493_c1_g1_i6:311-1333    -            341 245567at33208        -            417   8.8e-10   37.2   2.5   1   1   9.7e-12   1.2e-09   36.8   2.5    12    74     1    63     1    68 0.92 -
TRINITY_DN3493_c1_g1_i8:311-1333    -            341 245567at33208        -            417   8.8e-10   37.2   2.5   1   1   9.7e-12   1.2e-09   36.8   2.5    12    74     1    63     1    68 0.92 -
TRINITY_DN3493_c1_g1_i12:311-1333   -            341 245567at33208        -            417   8.8e-10   37.2   2.5   1   1   9.7e-12   1.2e-09   36.8   2.5    12    74     1    63     1    68 0.92 -
TRINITY_DN117974_c0_g1_i1:45-785    -            247 245567at33208        -            417   1.1e-09   36.8   0.0   1   1   1.2e-11   1.4e-09   36.5   0.0    15    75     2    60     1    88 0.77 -
TRINITY_DN143618_c0_g1_i1:45-2126   -            694 245567at33208        -            417   3.7e-09   35.1  29.7   1   2   2.6e-09   3.2e-07   28.7   1.4    14    69     4    58     1    73 0.84 -
TRINITY_DN143618_c0_g1_i1:45-2126   -            694 245567at33208        -            417   3.7e-09   35.1  29.7   2   2     1e-06   0.00012   20.2  21.0   106   240   130   268   103   335 0.64 -
TRINITY_DN9465_c0_g1_i1:43-696      -            218 245567at33208        -            417     1e-08   33.7   1.1   1   1   8.4e-11     1e-08   33.7   1.1    12    74     4    70     1    75 0.84 -
TRINITY_DN973_c0_g1_i1:1871-2947    -            359 245567at33208        -            417   1.6e-08   33.0   0.7   1   1   2.1e-10   2.5e-08   32.4   0.7    12    74    24    87    20    97 0.88 -
TRINITY_DN973_c0_g1_i2:1820-2896    -            359 245567at33208        -            417   1.6e-08   33.0   0.7   1   1   2.1e-10   2.5e-08   32.4   0.7    12    74    24    87    20    97 0.88 -
TRINITY_DN973_c0_g1_i3:1857-2933    -            359 245567at33208        -            417   1.6e-08   33.0   0.7   1   1   2.1e-10   2.5e-08   32.4   0.7    12    74    24    87    20    97 0.88 -
TRINITY_DN973_c0_g1_i4:1834-2910    -            359 245567at33208        -            417   1.6e-08   33.0   0.7   1   1   2.1e-10   2.5e-08   32.4   0.7    12    74    24    87    20    97 0.88 -
TRINITY_DN7402_c0_g1_i13:1796-2140  -            115 245567at33208        -            417   3.8e-08   31.8   0.1   1   2   5.6e-05    0.0067   14.5   0.0   363   409     1    44     1    49 0.91 -
TRINITY_DN7402_c0_g1_i13:1796-2140  -            115 245567at33208        -            417   3.8e-08   31.8   0.1   2   2   1.9e-05    0.0023   16.0   0.1   358   405    48    92    41    99 0.90 -
TRINITY_DN7402_c0_g1_i14:1796-2140  -            115 245567at33208        -            417   3.8e-08   31.8   0.1   1   2   5.6e-05    0.0067   14.5   0.0   363   409     1    44     1    49 0.91 -
TRINITY_DN7402_c0_g1_i14:1796-2140  -            115 245567at33208        -            417   3.8e-08   31.8   0.1   2   2   1.9e-05    0.0023   16.0   0.1   358   405    48    92    41    99 0.90 -
TRINITY_DN7402_c0_g1_i8:492-836     -            115 245567at33208        -            417   3.8e-08   31.8   0.1   1   2   5.6e-05    0.0067   14.5   0.0   363   409     1    44     1    49 0.91 -
TRINITY_DN7402_c0_g1_i8:492-836     -            115 245567at33208        -            417   3.8e-08   31.8   0.1   2   2   1.9e-05    0.0023   16.0   0.1   358   405    48    92    41    99 0.90 -
TRINITY_DN8590_c0_g1_i1:171-512     -            114 245567at33208        -            417     5e-08   31.4   3.0   1   1   4.5e-10   5.5e-08   31.3   3.0    25   102     8    83     1    91 0.83 -
TRINITY_DN1754_c0_g1_i2:708-902     -             65 245567at33208        -            417   6.8e-08   30.9   0.1   1   1   5.8e-10     7e-08   30.9   0.1     7    63     8    61     3    65 0.87 -
TRINITY_DN1754_c0_g1_i4:720-914     -             65 245567at33208        -            417   6.8e-08   30.9   0.1   1   1   5.8e-10     7e-08   30.9   0.1     7    63     8    61     3    65 0.87 -
TRINITY_DN11502_c0_g1_i1:216-1271   -            352 245567at33208        -            417     1e-07   30.4   0.5   1   1   1.1e-09   1.4e-07   29.9   0.5    14    72   281   339   270   347 0.80 -
TRINITY_DN8671_c0_g2_i4:141-764     -            208 245567at33208        -            417     3e-07   28.8   0.2   1   1   3.1e-09   3.8e-07   28.5   0.2    12    72     3    60     1    97 0.84 -
TRINITY_DN10292_c0_g1_i1:531-716    -             62 245567at33208        -            417   4.3e-07   28.3   0.3   1   1   3.5e-09   4.3e-07   28.3   0.3    14    74     4    62     1    62 0.81 -
TRINITY_DN8671_c0_g2_i2:156-311     -             52 245567at33208        -            417   5.2e-07   28.0   0.0   1   1   4.4e-09   5.4e-07   28.0   0.0    16    68     2    51     1    52 0.89 -
TRINITY_DN18653_c0_g1_i1:229-411    -             61 245567at33208        -            417   9.3e-07   27.2   0.2   1   1   7.7e-09   9.3e-07   27.2   0.2    25    74     8    61     1    61 0.87 -
TRINITY_DN7451_c0_g1_i1:87-956      -            290 245567at33208        -            417     1e-05   23.8   0.0   1   1   8.5e-08     1e-05   23.8   0.0    14    76     2    65     1    71 0.82 -
TRINITY_DN7451_c0_g1_i2:87-956      -            290 245567at33208        -            417     1e-05   23.8   0.0   1   1   8.5e-08     1e-05   23.8   0.0    14    76     2    65     1    71 0.82 -
TRINITY_DN7451_c0_g1_i3:87-956      -            290 245567at33208        -            417     1e-05   23.8   0.0   1   1   8.5e-08     1e-05   23.8   0.0    14    76     2    65     1    71 0.82 -
TRINITY_DN7451_c0_g1_i5:87-956      -            290 245567at33208        -            417     1e-05   23.8   0.0   1   1   8.5e-08     1e-05   23.8   0.0    14    76     2    65     1    71 0.82 -
TRINITY_DN1245_c0_g1_i10:1299-1592  -             98 245567at33208        -            417   1.8e-05   22.9   0.3   1   1   1.6e-07     2e-05   22.8   0.3    12    81     1    73     1    85 0.77 -
TRINITY_DN1245_c0_g1_i15:1299-1592  -             98 245567at33208        -            417   1.8e-05   22.9   0.3   1   1   1.6e-07     2e-05   22.8   0.3    12    81     1    73     1    85 0.77 -
TRINITY_DN1245_c0_g1_i3:1299-1592   -             98 245567at33208        -            417   1.8e-05   22.9   0.3   1   1   1.6e-07     2e-05   22.8   0.3    12    81     1    73     1    85 0.77 -
TRINITY_DN1245_c0_g1_i5:1299-1592   -             98 245567at33208        -            417   1.8e-05   22.9   0.3   1   1   1.6e-07     2e-05   22.8   0.3    12    81     1    73     1    85 0.77 -
TRINITY_DN1245_c0_g1_i6:1299-1592   -             98 245567at33208        -            417   1.8e-05   22.9   0.3   1   1   1.6e-07     2e-05   22.8   0.3    12    81     1    73     1    85 0.77 -
TRINITY_DN1245_c0_g1_i9:1299-1592   -             98 245567at33208        -            417   1.8e-05   22.9   0.3   1   1   1.6e-07     2e-05   22.8   0.3    12    81     1    73     1    85 0.77 -
TRINITY_DN14414_c0_g1_i3:95-424     -            110 245567at33208        -            417   3.5e-05   22.0   0.4   1   1   3.5e-07   4.3e-05   21.7   0.4     9    74     7    73     3    77 0.84 -
TRINITY_DN1259_c0_g1_i1:406-1506    -            367 245567at33208        -            417     5e-05   21.5   0.0   1   1   5.8e-07     7e-05   21.0   0.0    15    74     2    60     1    65 0.82 -
TRINITY_DN1259_c0_g1_i2:600-1700    -            367 245567at33208        -            417     5e-05   21.5   0.0   1   1   5.8e-07     7e-05   21.0   0.0    15    74     2    60     1    65 0.82 -
TRINITY_DN1259_c0_g1_i3:623-1723    -            367 245567at33208        -            417     5e-05   21.5   0.0   1   1   5.8e-07     7e-05   21.0   0.0    15    74     2    60     1    65 0.82 -
TRINITY_DN1259_c0_g1_i5:383-1483    -            367 245567at33208        -            417     5e-05   21.5   0.0   1   1   5.8e-07     7e-05   21.0   0.0    15    74     2    60     1    65 0.82 -
TRINITY_DN6244_c0_g1_i1:393-554     -             54 245567at33208        -            417   8.1e-05   20.8   0.1   1   1   6.7e-07   8.1e-05   20.8   0.1    26    52     7    33     1    54 0.68 -
TRINITY_DN6244_c0_g1_i2:393-554     -             54 245567at33208        -            417   8.1e-05   20.8   0.1   1   1   6.7e-07   8.1e-05   20.8   0.1    26    52     7    33     1    54 0.68 -
TRINITY_DN6244_c0_g1_i3:393-554     -             54 245567at33208        -            417   8.1e-05   20.8   0.1   1   1   6.7e-07   8.1e-05   20.8   0.1    26    52     7    33     1    54 0.68 -
TRINITY_DN18131_c0_g1_i1:242-607    -            122 245567at33208        -            417   0.00021   19.5   0.3   1   2    0.0017      0.21    9.6   0.1   362   407     2    44     1    48 0.91 -
TRINITY_DN18131_c0_g1_i1:242-607    -            122 245567at33208        -            417   0.00021   19.5   0.3   2   2    0.0039      0.47    8.4   0.0   358   398    50    86    45    94 0.86 -
TRINITY_DN18131_c0_g1_i2:267-632    -            122 245567at33208        -            417   0.00021   19.5   0.3   1   2    0.0017      0.21    9.6   0.1   362   407     2    44     1    48 0.91 -
TRINITY_DN18131_c0_g1_i2:267-632    -            122 245567at33208        -            417   0.00021   19.5   0.3   2   2    0.0039      0.47    8.4   0.0   358   398    50    86    45    94 0.86 -
TRINITY_DN18131_c0_g1_i5:267-632    -            122 245567at33208        -            417   0.00021   19.5   0.3   1   2    0.0017      0.21    9.6   0.1   362   407     2    44     1    48 0.91 -
TRINITY_DN18131_c0_g1_i5:267-632    -            122 245567at33208        -            417   0.00021   19.5   0.3   2   2    0.0039      0.47    8.4   0.0   358   398    50    86    45    94 0.86 -
TRINITY_DN6459_c1_g2_i2:0-2882      -            961 245567at33208        -            417   0.00021   19.4   0.0   1   1   2.7e-06   0.00033   18.8   0.0    15    77    29    88    20    96 0.84 -
TRINITY_DN6459_c1_g2_i5:198-6128    -           1977 245567at33208        -            417   0.00076   17.6   0.0   1   1   6.3e-06   0.00076   17.6   0.0    15    77  1285  1344  1276  1352 0.84 -
TRINITY_DN2648_c0_g1_i1:457-732     -             92 245567at33208        -            417      0.05   11.6   0.0   1   1   0.00043     0.052   11.6   0.0    23    79    12    65     2    83 0.79 -
TRINITY_DN2648_c0_g1_i2:457-732     -             92 245567at33208        -            417      0.05   11.6   0.0   1   1   0.00043     0.052   11.6   0.0    23    79    12    65     2    83 0.79 -
#
# Program:         hmmsearch
# Version:         3.1b2 (February 2015)
# Pipeline mode:   SEARCH
# Query file:      /busco_wd/busco_downloads/lineages/metazoa_odb10/hmms/245567at33208.hmm
# Target file:     /busco_wd/BUSCO/run_metazoa_odb10/metaeuk_output/initial_results/Trinity.fasta.modified.fas
# Option settings: hmmsearch --domtblout /busco_wd/BUSCO/run_metazoa_odb10/hmmer_output/initial_run_results/245567at33208.out --cpu 1 /busco_wd/busco_downloads/lineages/metazoa_odb10/hmms/245567at33208.hmm /busco_wd/BUSCO/run_metazoa_odb10/metaeuk_output/initial_results/Trinity.fasta.modified.fas 
# Current dir:     /busco_wd
# Date:            Tue Nov 23 09:01:19 2021
# [ok]
