#                                                                                          --- full sequence --- -------------- this domain -------------   hmm coord   ali coord   env coord
# target name                      accession   tlen query name           accession   qlen   E-value  score  bias   #  of  c-Evalue  i-Evalue  score  bias  from    to  from    to  from    to  acc description of target
#              ------------------- ---------- ----- -------------------- ---------- ----- --------- ------ ----- --- --- --------- --------- ------ ----- ----- ----- ----- ----- ----- ----- ---- ---------------------
TRINITY_DN11063_c0_g1_i2:315-1268  -            318 266469at33208        -            223   4.6e-44  149.6   0.0   1   1   2.6e-45   3.9e-43  146.5   0.0     1   187    17   243    17   264 0.82 -
TRINITY_DN54265_c0_g1_i2:68-952    -            295 266469at33208        -            223   1.4e-11   43.4   0.2   1   2     0.049       7.6    5.0   0.0   100   117    61    78    18   119 0.72 -
TRINITY_DN54265_c0_g1_i2:68-952    -            295 266469at33208        -            223   1.4e-11   43.4   0.2   2   2   1.1e-11   1.6e-09   36.6   0.0     2    60   141   205   140   216 0.84 -
TRINITY_DN518_c0_g2_i1:449-1312    -            288 266469at33208        -            223   5.3e-11   41.4   5.1   1   2     0.033         5    5.6   0.4    65   115     8    67     2    75 0.74 -
TRINITY_DN518_c0_g2_i1:449-1312    -            288 266469at33208        -            223   5.3e-11   41.4   5.1   2   2   5.8e-12   8.8e-10   37.5   0.5     2    60   140   196   139   216 0.92 -
TRINITY_DN1565_c0_g1_i2:1125-1667  -            181 266469at33208        -            223   6.6e-11   41.1   0.0   1   1     6e-13   9.2e-11   40.7   0.0     2    60    26    82    25    93 0.92 -
TRINITY_DN1565_c0_g1_i3:1125-1667  -            181 266469at33208        -            223   6.6e-11   41.1   0.0   1   1     6e-13   9.2e-11   40.7   0.0     2    60    26    82    25    93 0.92 -
TRINITY_DN1565_c0_g1_i9:1125-1667  -            181 266469at33208        -            223   6.6e-11   41.1   0.0   1   1     6e-13   9.2e-11   40.7   0.0     2    60    26    82    25    93 0.92 -
TRINITY_DN11367_c0_g1_i1:601-1215  -            205 266469at33208        -            223   6.6e-11   41.1   0.1   1   3     1e-10   1.6e-08   33.3   0.0     3    95     6    99     4   111 0.90 -
TRINITY_DN11367_c0_g1_i1:601-1215  -            205 266469at33208        -            223   6.6e-11   41.1   0.1   2   3     0.096        15    4.0   0.2    92   126   118   152   107   159 0.80 -
TRINITY_DN11367_c0_g1_i1:601-1215  -            205 266469at33208        -            223   6.6e-11   41.1   0.1   3   3       1.6   2.5e+02    0.0   0.0   129   149   177   198   168   204 0.81 -
TRINITY_DN24891_c0_g1_i5:320-808   -            163 266469at33208        -            223   9.7e-11   40.6   0.0   1   1   2.7e-12   4.2e-10   38.5   0.0     4   116    31   157    28   163 0.66 -
TRINITY_DN24891_c0_g1_i6:88-690    -            201 266469at33208        -            223   1.3e-10   40.2   0.0   1   1   3.7e-12   5.6e-10   38.1   0.0     4   117    31   158    28   171 0.66 -
TRINITY_DN19035_c0_g1_i1:177-671   -            165 266469at33208        -            223   1.9e-10   39.6   0.4   1   1   1.6e-12   2.5e-10   39.3   0.4     2    60    21    77    20   106 0.91 -
TRINITY_DN19035_c0_g1_i2:228-722   -            165 266469at33208        -            223   1.9e-10   39.6   0.4   1   1   1.6e-12   2.5e-10   39.3   0.4     2    60    21    77    20   106 0.91 -
TRINITY_DN2609_c0_g1_i2:261-842    -            194 266469at33208        -            223   3.1e-10   38.9   0.2   1   2     3e-11   4.6e-09   35.1   0.0     4    98     1    95     1   164 0.84 -
TRINITY_DN2609_c0_g1_i2:261-842    -            194 266469at33208        -            223   3.1e-10   38.9   0.2   2   2      0.37        57    2.1   0.0    99   113   173   187   163   191 0.87 -
TRINITY_DN2609_c0_g1_i3:280-861    -            194 266469at33208        -            223   3.1e-10   38.9   0.2   1   2     3e-11   4.6e-09   35.1   0.0     4    98     1    95     1   164 0.84 -
TRINITY_DN2609_c0_g1_i3:280-861    -            194 266469at33208        -            223   3.1e-10   38.9   0.2   2   2      0.37        57    2.1   0.0    99   113   173   187   163   191 0.87 -
TRINITY_DN2609_c0_g1_i5:261-842    -            194 266469at33208        -            223   3.1e-10   38.9   0.2   1   2     3e-11   4.6e-09   35.1   0.0     4    98     1    95     1   164 0.84 -
TRINITY_DN2609_c0_g1_i5:261-842    -            194 266469at33208        -            223   3.1e-10   38.9   0.2   2   2      0.37        57    2.1   0.0    99   113   173   187   163   191 0.87 -
TRINITY_DN2609_c0_g1_i9:291-872    -            194 266469at33208        -            223   3.1e-10   38.9   0.2   1   2     3e-11   4.6e-09   35.1   0.0     4    98     1    95     1   164 0.84 -
TRINITY_DN2609_c0_g1_i9:291-872    -            194 266469at33208        -            223   3.1e-10   38.9   0.2   2   2      0.37        57    2.1   0.0    99   113   173   187   163   191 0.87 -
TRINITY_DN54265_c0_g1_i1:137-643   -            169 266469at33208        -            223   3.9e-10   38.6   0.0   1   1   3.4e-12   5.3e-10   38.2   0.0     2    60    15    79    14    91 0.84 -
TRINITY_DN4349_c0_g1_i1:686-1462   -            259 266469at33208        -            223     7e-10   37.8   0.1   1   2       5.1   7.8e+02   -1.6   0.0   102   112    50    60     8    75 0.71 -
TRINITY_DN4349_c0_g1_i1:686-1462   -            259 266469at33208        -            223     7e-10   37.8   0.1   2   2   1.4e-11   2.1e-09   36.2   0.0     2    60   112   168   111   202 0.93 -
TRINITY_DN4349_c0_g1_i2:668-1444   -            259 266469at33208        -            223     7e-10   37.8   0.1   1   2       5.1   7.8e+02   -1.6   0.0   102   112    50    60     8    75 0.71 -
TRINITY_DN4349_c0_g1_i2:668-1444   -            259 266469at33208        -            223     7e-10   37.8   0.1   2   2   1.4e-11   2.1e-09   36.2   0.0     2    60   112   168   111   202 0.93 -
TRINITY_DN1933_c0_g1_i2:98-652     -            185 266469at33208        -            223   8.3e-08   31.0   0.0   1   1   6.3e-10   9.6e-08   30.8   0.0     5    84     6    86     2   129 0.73 -
TRINITY_DN5489_c0_g1_i1:117-611    -            165 266469at33208        -            223   3.7e-06   25.6   0.0   1   1   3.2e-08     5e-06   25.2   0.0     2   143     8   153     7   161 0.82 -
TRINITY_DN5489_c0_g1_i2:118-612    -            165 266469at33208        -            223   3.7e-06   25.6   0.0   1   1   3.2e-08     5e-06   25.2   0.0     2   143     8   153     7   161 0.82 -
TRINITY_DN27711_c0_g1_i1:557-1018  -            154 266469at33208        -            223   5.8e-05   21.7   0.0   1   1   4.8e-07   7.3e-05   21.4   0.0     2   132     1   134     1   151 0.80 -
TRINITY_DN655_c2_g1_i1:173-2089    -            639 266469at33208        -            223     6e-05   21.7   0.0   1   1   2.1e-06   0.00032   19.3   0.0     6    72   174   240   171   296 0.75 -
TRINITY_DN12746_c0_g1_i1:269-802   -            178 266469at33208        -            223   0.00029   19.4   0.0   1   2   8.4e-05     0.013   14.0   0.0     1    29     1    29     1    78 0.78 -
TRINITY_DN12746_c0_g1_i1:269-802   -            178 266469at33208        -            223   0.00029   19.4   0.0   2   2      0.11        17    3.8   0.0    95   123   105   133    99   170 0.81 -
TRINITY_DN12746_c0_g1_i2:267-800   -            178 266469at33208        -            223   0.00029   19.4   0.0   1   2   8.4e-05     0.013   14.0   0.0     1    29     1    29     1    78 0.78 -
TRINITY_DN12746_c0_g1_i2:267-800   -            178 266469at33208        -            223   0.00029   19.4   0.0   2   2      0.11        17    3.8   0.0    95   123   105   133    99   170 0.81 -
TRINITY_DN10548_c0_g1_i1:672-1199  -            176 266469at33208        -            223    0.0014   17.2   0.0   1   1   1.2e-05    0.0018   16.8   0.0     1   112     6   122     6   136 0.86 -
TRINITY_DN10548_c0_g1_i2:348-875   -            176 266469at33208        -            223    0.0014   17.2   0.0   1   1   1.2e-05    0.0018   16.8   0.0     1   112     6   122     6   136 0.86 -
TRINITY_DN10548_c0_g1_i3:649-1176  -            176 266469at33208        -            223    0.0014   17.2   0.0   1   1   1.2e-05    0.0018   16.8   0.0     1   112     6   122     6   136 0.86 -
TRINITY_DN4542_c0_g1_i1:236-715    -            160 266469at33208        -            223    0.0015   17.1   0.1   1   1   2.1e-05    0.0032   16.0   0.1     2   115     1   120     1   151 0.82 -
TRINITY_DN18589_c0_g1_i1:159-1988  -            610 266469at33208        -            223    0.0025   16.4   0.0   1   2       3.6   5.5e+02   -1.1   0.0     5    22    27    44    24    47 0.79 -
TRINITY_DN18589_c0_g1_i1:159-1988  -            610 266469at33208        -            223    0.0025   16.4   0.0   2   2   8.8e-05     0.013   14.0   0.0    43   121    84   163    68   195 0.80 -
TRINITY_DN18589_c0_g1_i2:159-1988  -            610 266469at33208        -            223    0.0025   16.4   0.0   1   2       3.6   5.5e+02   -1.1   0.0     5    22    27    44    24    47 0.79 -
TRINITY_DN18589_c0_g1_i2:159-1988  -            610 266469at33208        -            223    0.0025   16.4   0.0   2   2   8.8e-05     0.013   14.0   0.0    43   121    84   163    68   195 0.80 -
TRINITY_DN18589_c0_g1_i3:159-1988  -            610 266469at33208        -            223    0.0025   16.4   0.0   1   2       3.6   5.5e+02   -1.1   0.0     5    22    27    44    24    47 0.79 -
TRINITY_DN18589_c0_g1_i3:159-1988  -            610 266469at33208        -            223    0.0025   16.4   0.0   2   2   8.8e-05     0.013   14.0   0.0    43   121    84   163    68   195 0.80 -
TRINITY_DN18589_c0_g1_i9:159-1988  -            610 266469at33208        -            223    0.0025   16.4   0.0   1   2       3.6   5.5e+02   -1.1   0.0     5    22    27    44    24    47 0.79 -
TRINITY_DN18589_c0_g1_i9:159-1988  -            610 266469at33208        -            223    0.0025   16.4   0.0   2   2   8.8e-05     0.013   14.0   0.0    43   121    84   163    68   195 0.80 -
TRINITY_DN16211_c0_g1_i1:115-609   -            165 266469at33208        -            223    0.0028   16.2   0.0   1   1   2.2e-05    0.0034   15.9   0.0     5   115     9   125     5   154 0.73 -
TRINITY_DN9150_c0_g1_i2:303-971    -            223 266469at33208        -            223    0.0038   15.7   0.4   1   1   4.8e-05    0.0073   14.8   0.4     3   152    59   216    58   222 0.61 -
TRINITY_DN9150_c0_g1_i3:303-971    -            223 266469at33208        -            223    0.0038   15.7   0.4   1   1   4.8e-05    0.0073   14.8   0.4     3   152    59   216    58   222 0.61 -
TRINITY_DN9150_c0_g1_i7:303-971    -            223 266469at33208        -            223    0.0038   15.7   0.4   1   1   4.8e-05    0.0073   14.8   0.4     3   152    59   216    58   222 0.61 -
TRINITY_DN4499_c0_g1_i11:7099-7608 -            170 266469at33208        -            223    0.0047   15.5   0.1   1   1   5.8e-05    0.0088   14.6   0.1     2    91     7    91     6   131 0.77 -
TRINITY_DN4499_c0_g1_i12:7099-7608 -            170 266469at33208        -            223    0.0047   15.5   0.1   1   1   5.8e-05    0.0088   14.6   0.1     2    91     7    91     6   131 0.77 -
TRINITY_DN4499_c0_g1_i1:7099-7608  -            170 266469at33208        -            223    0.0047   15.5   0.1   1   1   5.8e-05    0.0088   14.6   0.1     2    91     7    91     6   131 0.77 -
TRINITY_DN4499_c0_g1_i4:7099-7608  -            170 266469at33208        -            223    0.0047   15.5   0.1   1   1   5.8e-05    0.0088   14.6   0.1     2    91     7    91     6   131 0.77 -
TRINITY_DN4499_c0_g1_i5:7099-7608  -            170 266469at33208        -            223    0.0047   15.5   0.1   1   1   5.8e-05    0.0088   14.6   0.1     2    91     7    91     6   131 0.77 -
TRINITY_DN3254_c0_g2_i3:2814-3278  -            155 266469at33208        -            223    0.0058   15.2   0.0   1   1   0.00019     0.029   12.9   0.0     2   115     1   122     1   137 0.68 -
TRINITY_DN5980_c0_g1_i1:320-2086   -            589 266469at33208        -            223    0.0059   15.1   0.1   1   2   0.00069       0.1   11.1   0.1     3    21   189   207   187   213 0.86 -
TRINITY_DN5980_c0_g1_i1:320-2086   -            589 266469at33208        -            223    0.0059   15.1   0.1   2   2      0.73   1.1e+02    1.2   0.0    50    70   317   337   304   346 0.83 -
TRINITY_DN2113_c0_g1_i1:93-1214    -            374 266469at33208        -            223     0.008   14.7   0.5   1   2       2.8   4.3e+02   -0.8   0.0   141   169    14    42     7    47 0.84 -
TRINITY_DN2113_c0_g1_i1:93-1214    -            374 266469at33208        -            223     0.008   14.7   0.5   2   2   0.00026      0.04   12.4   0.2    52   122   265   340   253   357 0.75 -
TRINITY_DN23414_c0_g2_i1:625-1053  -            143 266469at33208        -            223    0.0093   14.5   0.0   1   2   0.00021     0.032   12.7   0.0     1    60     1    61     1   111 0.92 -
TRINITY_DN23414_c0_g2_i1:625-1053  -            143 266469at33208        -            223    0.0093   14.5   0.0   2   2       1.5   2.2e+02    0.2   0.0   166   216    84   134    74   140 0.64 -
TRINITY_DN46431_c0_g1_i1:849-1385  -            179 266469at33208        -            223     0.012   14.1   0.1   1   1   0.00011     0.017   13.7   0.1     2    32    19    49    18   130 0.92 -
TRINITY_DN2433_c0_g1_i3:1722-2246  -            175 266469at33208        -            223     0.023   13.2   0.0   1   2   0.00033      0.05   12.1   0.0     1    27     4    30     4    87 0.81 -
TRINITY_DN2433_c0_g1_i3:1722-2246  -            175 266469at33208        -            223     0.023   13.2   0.0   2   2       5.1   7.8e+02   -1.6   0.0   103   129   116   145   104   168 0.59 -
TRINITY_DN2433_c0_g1_i5:1712-2236  -            175 266469at33208        -            223     0.023   13.2   0.0   1   2   0.00033      0.05   12.1   0.0     1    27     4    30     4    87 0.81 -
TRINITY_DN2433_c0_g1_i5:1712-2236  -            175 266469at33208        -            223     0.023   13.2   0.0   2   2       5.1   7.8e+02   -1.6   0.0   103   129   116   145   104   168 0.59 -
TRINITY_DN2433_c0_g1_i7:1723-2247  -            175 266469at33208        -            223     0.023   13.2   0.0   1   2   0.00033      0.05   12.1   0.0     1    27     4    30     4    87 0.81 -
TRINITY_DN2433_c0_g1_i7:1723-2247  -            175 266469at33208        -            223     0.023   13.2   0.0   2   2       5.1   7.8e+02   -1.6   0.0   103   129   116   145   104   168 0.59 -
TRINITY_DN2433_c0_g1_i8:1709-2233  -            175 266469at33208        -            223     0.023   13.2   0.0   1   2   0.00033      0.05   12.1   0.0     1    27     4    30     4    87 0.81 -
TRINITY_DN2433_c0_g1_i8:1709-2233  -            175 266469at33208        -            223     0.023   13.2   0.0   2   2       5.1   7.8e+02   -1.6   0.0   103   129   116   145   104   168 0.59 -
TRINITY_DN190866_c0_g1_i1:99-416   -            106 266469at33208        -            223     0.024   13.1   0.1   1   1   0.00019     0.029   12.9   0.1   175   217    48    90    36    96 0.90 -
TRINITY_DN17917_c0_g1_i2:507-1070  -            188 266469at33208        -            223     0.032   12.7   0.2   1   2    0.0036      0.56    8.7   0.0     2    56    11    66    10    81 0.73 -
TRINITY_DN17917_c0_g1_i2:507-1070  -            188 266469at33208        -            223     0.032   12.7   0.2   2   2      0.61        93    1.4   0.0   103   116   119   132   110   186 0.60 -
TRINITY_DN25114_c0_g1_i1:84-548    -            155 266469at33208        -            223     0.039   12.5   0.1   1   1   0.00086      0.13   10.7   0.1     3    72     2    72     1   151 0.66 -
TRINITY_DN22992_c0_g1_i1:341-1021  -            227 266469at33208        -            223      0.06   11.8   0.0   1   1   0.00069      0.11   11.0   0.0     1   114    10   128    10   180 0.75 -
TRINITY_DN1634_c0_g1_i11:1917-2393 -            159 266469at33208        -            223     0.067   11.7   0.3   1   1   0.00099      0.15   10.5   0.3     1    53     4    53     4   154 0.78 -
TRINITY_DN1634_c0_g1_i12:1918-2394 -            159 266469at33208        -            223     0.067   11.7   0.3   1   1   0.00099      0.15   10.5   0.3     1    53     4    53     4   154 0.78 -
TRINITY_DN1634_c0_g1_i13:432-908   -            159 266469at33208        -            223     0.067   11.7   0.3   1   1   0.00099      0.15   10.5   0.3     1    53     4    53     4   154 0.78 -
TRINITY_DN1634_c0_g1_i15:1930-2406 -            159 266469at33208        -            223     0.067   11.7   0.3   1   1   0.00099      0.15   10.5   0.3     1    53     4    53     4   154 0.78 -
TRINITY_DN8156_c1_g1_i2:1143-1676  -            178 266469at33208        -            223      0.13   10.7   0.2   1   1    0.0018      0.27    9.7   0.2     2    23    27    48    26    52 0.89 -
#
# Program:         hmmsearch
# Version:         3.1b2 (February 2015)
# Pipeline mode:   SEARCH
# Query file:      /busco_wd/busco_downloads/lineages/metazoa_odb10/hmms/266469at33208.hmm
# Target file:     /busco_wd/BUSCO/run_metazoa_odb10/metaeuk_output/initial_results/Trinity.fasta.modified.fas
# Option settings: hmmsearch --domtblout /busco_wd/BUSCO/run_metazoa_odb10/hmmer_output/initial_run_results/266469at33208.out --cpu 1 /busco_wd/busco_downloads/lineages/metazoa_odb10/hmms/266469at33208.hmm /busco_wd/BUSCO/run_metazoa_odb10/metaeuk_output/initial_results/Trinity.fasta.modified.fas 
# Current dir:     /busco_wd
# Date:            Tue Nov 23 09:01:27 2021
# [ok]
