#                                                                                        --- full sequence --- -------------- this domain -------------   hmm coord   ali coord   env coord
# target name                    accession   tlen query name           accession   qlen   E-value  score  bias   #  of  c-Evalue  i-Evalue  score  bias  from    to  from    to  from    to  acc description of target
#            ------------------- ---------- ----- -------------------- ---------- ----- --------- ------ ----- --- --- --------- --------- ------ ----- ----- ----- ----- ----- ----- ----- ---- ---------------------
TRINITY_DN4315_c0_g1_i1:148-2067 -            640 271742at33208        -            451  2.2e-177  589.2   6.1   1   5     0.013        30    2.0   0.0     1    17     1    17     1    55 0.76 -
TRINITY_DN4315_c0_g1_i1:148-2067 -            640 271742at33208        -            451  2.2e-177  589.2   6.1   2   5      0.05   1.2e+02    0.1   0.0    29    48    64    83    56    92 0.82 -
TRINITY_DN4315_c0_g1_i1:148-2067 -            640 271742at33208        -            451  2.2e-177  589.2   6.1   3   5  6.1e-168  1.4e-164  547.0   0.1    41   367   125   469   104   477 0.94 -
TRINITY_DN4315_c0_g1_i1:148-2067 -            640 271742at33208        -            451  2.2e-177  589.2   6.1   4   5   2.1e-11   4.8e-08   31.0   0.0   366   435   491   571   480   578 0.82 -
TRINITY_DN4315_c0_g1_i1:148-2067 -            640 271742at33208        -            451  2.2e-177  589.2   6.1   5   5    0.0004      0.91    7.0   0.6   431   450   615   640   596   640 0.76 -
TRINITY_DN4315_c0_g1_i2:148-2067 -            640 271742at33208        -            451  2.2e-177  589.2   6.1   1   5     0.013        30    2.0   0.0     1    17     1    17     1    55 0.76 -
TRINITY_DN4315_c0_g1_i2:148-2067 -            640 271742at33208        -            451  2.2e-177  589.2   6.1   2   5      0.05   1.2e+02    0.1   0.0    29    48    64    83    56    92 0.82 -
TRINITY_DN4315_c0_g1_i2:148-2067 -            640 271742at33208        -            451  2.2e-177  589.2   6.1   3   5  6.1e-168  1.4e-164  547.0   0.1    41   367   125   469   104   477 0.94 -
TRINITY_DN4315_c0_g1_i2:148-2067 -            640 271742at33208        -            451  2.2e-177  589.2   6.1   4   5   2.1e-11   4.8e-08   31.0   0.0   366   435   491   571   480   578 0.82 -
TRINITY_DN4315_c0_g1_i2:148-2067 -            640 271742at33208        -            451  2.2e-177  589.2   6.1   5   5    0.0004      0.91    7.0   0.6   431   450   615   640   596   640 0.76 -
TRINITY_DN4315_c0_g1_i4:148-2067 -            640 271742at33208        -            451  2.2e-177  589.2   6.1   1   5     0.013        30    2.0   0.0     1    17     1    17     1    55 0.76 -
TRINITY_DN4315_c0_g1_i4:148-2067 -            640 271742at33208        -            451  2.2e-177  589.2   6.1   2   5      0.05   1.2e+02    0.1   0.0    29    48    64    83    56    92 0.82 -
TRINITY_DN4315_c0_g1_i4:148-2067 -            640 271742at33208        -            451  2.2e-177  589.2   6.1   3   5  6.1e-168  1.4e-164  547.0   0.1    41   367   125   469   104   477 0.94 -
TRINITY_DN4315_c0_g1_i4:148-2067 -            640 271742at33208        -            451  2.2e-177  589.2   6.1   4   5   2.1e-11   4.8e-08   31.0   0.0   366   435   491   571   480   578 0.82 -
TRINITY_DN4315_c0_g1_i4:148-2067 -            640 271742at33208        -            451  2.2e-177  589.2   6.1   5   5    0.0004      0.91    7.0   0.6   431   450   615   640   596   640 0.76 -
TRINITY_DN4315_c0_g1_i5:148-2067 -            640 271742at33208        -            451  2.2e-177  589.2   6.1   1   5     0.013        30    2.0   0.0     1    17     1    17     1    55 0.76 -
TRINITY_DN4315_c0_g1_i5:148-2067 -            640 271742at33208        -            451  2.2e-177  589.2   6.1   2   5      0.05   1.2e+02    0.1   0.0    29    48    64    83    56    92 0.82 -
TRINITY_DN4315_c0_g1_i5:148-2067 -            640 271742at33208        -            451  2.2e-177  589.2   6.1   3   5  6.1e-168  1.4e-164  547.0   0.1    41   367   125   469   104   477 0.94 -
TRINITY_DN4315_c0_g1_i5:148-2067 -            640 271742at33208        -            451  2.2e-177  589.2   6.1   4   5   2.1e-11   4.8e-08   31.0   0.0   366   435   491   571   480   578 0.82 -
TRINITY_DN4315_c0_g1_i5:148-2067 -            640 271742at33208        -            451  2.2e-177  589.2   6.1   5   5    0.0004      0.91    7.0   0.6   431   450   615   640   596   640 0.76 -
#
# Program:         hmmsearch
# Version:         3.1b2 (February 2015)
# Pipeline mode:   SEARCH
# Query file:      /busco_wd/busco_downloads/lineages/metazoa_odb10/hmms/271742at33208.hmm
# Target file:     /busco_wd/BUSCO/run_metazoa_odb10/metaeuk_output/initial_results/Trinity.fasta.modified.fas
# Option settings: hmmsearch --domtblout /busco_wd/BUSCO/run_metazoa_odb10/hmmer_output/initial_run_results/271742at33208.out --cpu 1 /busco_wd/busco_downloads/lineages/metazoa_odb10/hmms/271742at33208.hmm /busco_wd/BUSCO/run_metazoa_odb10/metaeuk_output/initial_results/Trinity.fasta.modified.fas 
# Current dir:     /busco_wd
# Date:            Tue Nov 23 09:01:32 2021
# [ok]
