#                                                                                         --- full sequence --- -------------- this domain -------------   hmm coord   ali coord   env coord
# target name                     accession   tlen query name           accession   qlen   E-value  score  bias   #  of  c-Evalue  i-Evalue  score  bias  from    to  from    to  from    to  acc description of target
#             ------------------- ---------- ----- -------------------- ---------- ----- --------- ------ ----- --- --- --------- --------- ------ ----- ----- ----- ----- ----- ----- ----- ---- ---------------------
TRINITY_DN7660_c0_g1_i8:250-993   -            248 273040at33208        -            129   8.9e-53  177.1   4.1   1   2       4.6     7e+03   -3.6   0.0    58    72    19    33    15    50 0.66 -
TRINITY_DN7660_c0_g1_i8:250-993   -            248 273040at33208        -            129   8.9e-53  177.1   4.1   2   2   9.7e-56   1.5e-52  176.4   3.8     2   117    66   189    65   203 0.92 -
TRINITY_DN7660_c0_g1_i6:151-894   -            248 273040at33208        -            129   9.5e-53  177.0   3.8   1   1   9.7e-56   1.5e-52  176.4   3.8     2   117    66   189    65   203 0.92 -
TRINITY_DN7660_c0_g1_i2:179-1654  -            492 273040at33208        -            129   2.4e-52  175.7   3.5   1   1   3.1e-55   4.8e-52  174.7   3.5     2   117   310   433   309   447 0.92 -
TRINITY_DN7660_c0_g1_i11:179-1654 -            492 273040at33208        -            129   2.5e-52  175.7   3.5   1   1   3.1e-55   4.8e-52  174.7   3.5     2   117   310   433   309   447 0.92 -
TRINITY_DN7660_c0_g1_i10:176-1654 -            493 273040at33208        -            129   2.8e-52  175.5   3.5   1   1   3.1e-55   4.8e-52  174.7   3.5     2   117   311   434   310   448 0.92 -
TRINITY_DN7660_c0_g1_i1:176-1654  -            493 273040at33208        -            129   2.8e-52  175.5   3.5   1   1   3.1e-55   4.8e-52  174.7   3.5     2   117   311   434   310   448 0.92 -
#
# Program:         hmmsearch
# Version:         3.1b2 (February 2015)
# Pipeline mode:   SEARCH
# Query file:      /busco_wd/busco_downloads/lineages/metazoa_odb10/hmms/273040at33208.hmm
# Target file:     /busco_wd/BUSCO/run_metazoa_odb10/metaeuk_output/initial_results/Trinity.fasta.modified.fas
# Option settings: hmmsearch --domtblout /busco_wd/BUSCO/run_metazoa_odb10/hmmer_output/initial_run_results/273040at33208.out --cpu 1 /busco_wd/busco_downloads/lineages/metazoa_odb10/hmms/273040at33208.hmm /busco_wd/BUSCO/run_metazoa_odb10/metaeuk_output/initial_results/Trinity.fasta.modified.fas 
# Current dir:     /busco_wd
# Date:            Tue Nov 23 09:01:32 2021
# [ok]
