#                                                                                           --- full sequence --- -------------- this domain -------------   hmm coord   ali coord   env coord
# target name                       accession   tlen query name           accession   qlen   E-value  score  bias   #  of  c-Evalue  i-Evalue  score  bias  from    to  from    to  from    to  acc description of target
#               ------------------- ---------- ----- -------------------- ---------- ----- --------- ------ ----- --- --- --------- --------- ------ ----- ----- ----- ----- ----- ----- ----- ---- ---------------------
TRINITY_DN18121_c0_g1_i1:57-1859    -            601 273989at33208        -            450  1.6e-176  586.4  10.3   1   2  5.3e-175  2.7e-173  575.8   0.1     2   414    17   496    16   517 0.85 -
TRINITY_DN18121_c0_g1_i1:57-1859    -            601 273989at33208        -            450  1.6e-176  586.4  10.3   2   2   0.00033     0.017   12.8   5.7   398   449   537   589   524   590 0.78 -
TRINITY_DN2284_c0_g1_i12:1451-2770  -            440 273989at33208        -            450   1.4e-88  296.6   0.0   1   1   3.2e-90   1.6e-88  296.3   0.0     3   385    10   437     8   440 0.85 -
TRINITY_DN2284_c0_g1_i2:1460-2779   -            440 273989at33208        -            450   1.4e-88  296.6   0.0   1   1   3.2e-90   1.6e-88  296.3   0.0     3   385    10   437     8   440 0.85 -
TRINITY_DN2284_c0_g1_i4:1451-2770   -            440 273989at33208        -            450   1.4e-88  296.6   0.0   1   1   3.2e-90   1.6e-88  296.3   0.0     3   385    10   437     8   440 0.85 -
TRINITY_DN2284_c0_g1_i7:1451-2770   -            440 273989at33208        -            450   1.4e-88  296.6   0.0   1   1   3.2e-90   1.6e-88  296.3   0.0     3   385    10   437     8   440 0.85 -
TRINITY_DN238_c0_g1_i1:692-1933     -            414 273989at33208        -            450   7.8e-87  290.8   0.1   1   1   1.9e-88   9.5e-87  290.5   0.1     3   328    34   394    32   413 0.81 -
TRINITY_DN238_c0_g1_i3:692-1933     -            414 273989at33208        -            450   7.8e-87  290.8   0.1   1   1   1.9e-88   9.5e-87  290.5   0.1     3   328    34   394    32   413 0.81 -
TRINITY_DN702_c0_g1_i2:424-1632     -            403 273989at33208        -            450     1e-75  254.2   0.5   1   1   2.4e-77   1.2e-75  253.9   0.5     5   312    21   356    17   391 0.83 -
TRINITY_DN702_c0_g1_i3:127-1335     -            403 273989at33208        -            450     1e-75  254.2   0.5   1   1   2.4e-77   1.2e-75  253.9   0.5     5   312    21   356    17   391 0.83 -
TRINITY_DN702_c0_g1_i4:127-1335     -            403 273989at33208        -            450     1e-75  254.2   0.5   1   1   2.4e-77   1.2e-75  253.9   0.5     5   312    21   356    17   391 0.83 -
TRINITY_DN702_c0_g1_i6:439-1647     -            403 273989at33208        -            450     1e-75  254.2   0.5   1   1   2.4e-77   1.2e-75  253.9   0.5     5   312    21   356    17   391 0.83 -
TRINITY_DN18794_c0_g1_i1:165-2231   -            689 273989at33208        -            450   1.3e-72  243.9   0.2   1   1   3.7e-74   1.9e-72  243.4   0.2     2   311    34   374    33   391 0.85 -
TRINITY_DN18794_c0_g1_i2:373-2439   -            689 273989at33208        -            450   1.3e-72  243.9   0.2   1   1   3.7e-74   1.9e-72  243.4   0.2     2   311    34   374    33   391 0.85 -
TRINITY_DN18794_c0_g1_i3:116-2182   -            689 273989at33208        -            450   1.3e-72  243.9   0.2   1   1   3.7e-74   1.9e-72  243.4   0.2     2   311    34   374    33   391 0.85 -
TRINITY_DN2896_c0_g1_i1:404-1849    -            482 273989at33208        -            450   3.7e-67  225.9   7.2   1   2   2.2e-61   1.1e-59  201.3   4.8     7   325     2   392     1   412 0.76 -
TRINITY_DN2896_c0_g1_i1:404-1849    -            482 273989at33208        -            450   3.7e-67  225.9   7.2   2   2   0.00016    0.0082   13.8   0.1   306   382   404   481   388   482 0.79 -
TRINITY_DN2896_c0_g1_i2:404-1849    -            482 273989at33208        -            450   3.7e-67  225.9   7.2   1   2   2.2e-61   1.1e-59  201.3   4.8     7   325     2   392     1   412 0.76 -
TRINITY_DN2896_c0_g1_i2:404-1849    -            482 273989at33208        -            450   3.7e-67  225.9   7.2   2   2   0.00016    0.0082   13.8   0.1   306   382   404   481   388   482 0.79 -
TRINITY_DN2896_c0_g1_i3:404-1849    -            482 273989at33208        -            450   5.3e-67  225.4   7.1   1   2   3.2e-61   1.6e-59  200.7   4.7     7   325     2   392     1   412 0.76 -
TRINITY_DN2896_c0_g1_i3:404-1849    -            482 273989at33208        -            450   5.3e-67  225.4   7.1   2   2   0.00016    0.0082   13.8   0.1   306   382   404   481   388   482 0.79 -
TRINITY_DN1043_c0_g1_i1:342-1406    -            355 273989at33208        -            450   3.2e-66  222.8   0.1   1   1   7.8e-68   3.9e-66  222.5   0.1     3   306    15   347    13   353 0.86 -
TRINITY_DN1043_c0_g1_i2:342-1406    -            355 273989at33208        -            450   3.2e-66  222.8   0.1   1   1   7.8e-68   3.9e-66  222.5   0.1     3   306    15   347    13   353 0.86 -
TRINITY_DN859_c0_g1_i2:383-2098     -            572 273989at33208        -            450   4.3e-66  222.4   9.1   1   1   2.5e-67   1.3e-65  220.9   9.1     2   324    37   393    36   504 0.84 -
TRINITY_DN859_c0_g1_i5:128-1843     -            572 273989at33208        -            450   4.3e-66  222.4   9.1   1   1   2.5e-67   1.3e-65  220.9   9.1     2   324    37   393    36   504 0.84 -
TRINITY_DN859_c0_g1_i1:384-2525     -            714 273989at33208        -            450   1.1e-65  221.0   8.0   1   1   2.2e-67   1.1e-65  221.0   8.0     2   324   179   535   178   649 0.83 -
TRINITY_DN859_c0_g1_i7:80-2224      -            715 273989at33208        -            450   1.1e-65  221.0   8.0   1   1   2.2e-67   1.1e-65  221.0   8.0     2   324   180   536   179   650 0.83 -
TRINITY_DN4114_c0_g1_i1:1363-2532   -            390 273989at33208        -            450   2.2e-62  210.2   0.0   1   1   5.7e-64   2.9e-62  209.8   0.0     2   304    27   365    26   375 0.82 -
TRINITY_DN4114_c0_g1_i2:933-2102    -            390 273989at33208        -            450   2.2e-62  210.2   0.0   1   1   5.7e-64   2.9e-62  209.8   0.0     2   304    27   365    26   375 0.82 -
TRINITY_DN4114_c0_g1_i3:1365-2534   -            390 273989at33208        -            450   2.2e-62  210.2   0.0   1   1   5.7e-64   2.9e-62  209.8   0.0     2   304    27   365    26   375 0.82 -
TRINITY_DN477_c0_g1_i1:311-1471     -            387 273989at33208        -            450   3.9e-61  206.1   0.1   1   1   9.1e-63   4.6e-61  205.8   0.1     4   309    37   370    34   386 0.86 -
TRINITY_DN477_c0_g1_i2:312-1472     -            387 273989at33208        -            450   3.9e-61  206.1   0.1   1   1   9.1e-63   4.6e-61  205.8   0.1     4   309    37   370    34   386 0.86 -
TRINITY_DN209_c0_g1_i1:430-1578     -            383 273989at33208        -            450   1.6e-60  204.0   0.4   1   1   4.3e-62   2.2e-60  203.6   0.4     5   313    20   353    17   374 0.82 -
TRINITY_DN5255_c0_g1_i10:598-1809   -            404 273989at33208        -            450   2.4e-60  203.5   0.1   1   1   8.9e-62   4.5e-60  202.6   0.1     2   310    33   381    32   392 0.81 -
TRINITY_DN5255_c0_g1_i8:598-1809    -            404 273989at33208        -            450   2.4e-60  203.5   0.1   1   1   8.9e-62   4.5e-60  202.6   0.1     2   310    33   381    32   392 0.81 -
TRINITY_DN29307_c0_g2_i1:556-1683   -            376 273989at33208        -            450     4e-60  202.7   2.2   1   1   9.7e-62   4.9e-60  202.4   2.2     4   308    20   352    17   371 0.84 -
TRINITY_DN5289_c0_g1_i1:151-1317    -            389 273989at33208        -            450   1.7e-58  197.3   0.0   1   1   4.4e-60   2.2e-58  197.0   0.0     2   310    21   366    20   388 0.79 -
TRINITY_DN2284_c0_g1_i1:222-1139    -            306 273989at33208        -            450   2.4e-57  193.6   0.4   1   1   6.2e-59   3.2e-57  193.2   0.4   128   391     1   298     1   302 0.84 -
TRINITY_DN3227_c0_g1_i1:2451-3626   -            392 273989at33208        -            450   2.9e-57  193.3   0.0   1   1   8.6e-59   4.3e-57  192.7   0.0     5   307    24   363    20   372 0.82 -
TRINITY_DN3227_c0_g1_i5:2451-3626   -            392 273989at33208        -            450   2.9e-57  193.3   0.0   1   1   8.6e-59   4.3e-57  192.7   0.0     5   307    24   363    20   372 0.82 -
TRINITY_DN1613_c0_g1_i10:1529-2944  -            472 273989at33208        -            450   9.4e-56  188.3   0.0   1   1   2.4e-57   1.2e-55  187.9   0.0     2   327    58   429    57   436 0.78 -
TRINITY_DN1613_c0_g1_i11:1530-2945  -            472 273989at33208        -            450   9.4e-56  188.3   0.0   1   1   2.4e-57   1.2e-55  187.9   0.0     2   327    58   429    57   436 0.78 -
TRINITY_DN1613_c0_g1_i14:1564-2979  -            472 273989at33208        -            450   9.4e-56  188.3   0.0   1   1   2.4e-57   1.2e-55  187.9   0.0     2   327    58   429    57   436 0.78 -
TRINITY_DN1613_c0_g1_i18:1532-2947  -            472 273989at33208        -            450   9.4e-56  188.3   0.0   1   1   2.4e-57   1.2e-55  187.9   0.0     2   327    58   429    57   436 0.78 -
TRINITY_DN1613_c0_g1_i6:1758-3173   -            472 273989at33208        -            450   9.4e-56  188.3   0.0   1   1   2.4e-57   1.2e-55  187.9   0.0     2   327    58   429    57   436 0.78 -
TRINITY_DN13308_c0_g1_i3:366-1745   -            460 273989at33208        -            450   2.6e-55  186.9   0.0   1   1   8.4e-57   4.2e-55  186.2   0.0     3   310    49   403    47   442 0.76 -
TRINITY_DN13308_c0_g1_i4:366-1745   -            460 273989at33208        -            450   2.6e-55  186.9   0.0   1   1   8.4e-57   4.2e-55  186.2   0.0     3   310    49   403    47   442 0.76 -
TRINITY_DN2507_c0_g1_i1:281-1615    -            445 273989at33208        -            450   2.6e-55  186.9   0.0   1   1   6.9e-57   3.5e-55  186.4   0.0     3   307    79   419    77   440 0.81 -
TRINITY_DN2507_c0_g1_i8:281-1851    -            445 273989at33208        -            450   2.6e-55  186.9   0.0   1   1   6.9e-57   3.5e-55  186.4   0.0     3   307    79   419    77   440 0.81 -
TRINITY_DN13308_c0_g1_i2:471-1745   -            425 273989at33208        -            450   4.7e-55  186.0   0.0   1   1   1.7e-56   8.3e-55  185.2   0.0     3   307    49   400    47   410 0.79 -
TRINITY_DN26382_c0_g1_i12:594-2270  -            559 273989at33208        -            450   8.1e-55  185.2   0.2   1   1   2.7e-56   1.4e-54  184.5   0.2     3   314   170   513   168   549 0.77 -
TRINITY_DN26382_c0_g1_i5:594-2270   -            559 273989at33208        -            450   8.1e-55  185.2   0.2   1   1   2.7e-56   1.4e-54  184.5   0.2     3   314   170   513   168   549 0.77 -
TRINITY_DN605_c0_g1_i4:836-2140     -            435 273989at33208        -            450   8.7e-55  185.1   0.0   1   1   2.3e-56   1.2e-54  184.7   0.0     2   312    70   414    69   431 0.80 -
TRINITY_DN605_c0_g1_i5:836-2140     -            435 273989at33208        -            450   8.7e-55  185.1   0.0   1   1   2.3e-56   1.2e-54  184.7   0.0     2   312    70   414    69   431 0.80 -
TRINITY_DN1882_c0_g1_i2:1200-2420   -            407 273989at33208        -            450   1.6e-54  184.2   0.0   1   2   1.9e-34   9.5e-33  112.5   0.0     2   153    27   194    26   198 0.82 -
TRINITY_DN1882_c0_g1_i2:1200-2420   -            407 273989at33208        -            450   1.6e-54  184.2   0.0   2   2   1.6e-21   8.2e-20   69.8   0.0   153   311   219   396   209   405 0.78 -
TRINITY_DN1882_c0_g1_i3:1200-2420   -            407 273989at33208        -            450   1.6e-54  184.2   0.0   1   2   1.9e-34   9.5e-33  112.5   0.0     2   153    27   194    26   198 0.82 -
TRINITY_DN1882_c0_g1_i3:1200-2420   -            407 273989at33208        -            450   1.6e-54  184.2   0.0   2   2   1.6e-21   8.2e-20   69.8   0.0   153   311   219   396   209   405 0.78 -
TRINITY_DN1882_c0_g1_i4:1200-2420   -            407 273989at33208        -            450   1.6e-54  184.2   0.0   1   2   1.9e-34   9.5e-33  112.5   0.0     2   153    27   194    26   198 0.82 -
TRINITY_DN1882_c0_g1_i4:1200-2420   -            407 273989at33208        -            450   1.6e-54  184.2   0.0   2   2   1.6e-21   8.2e-20   69.8   0.0   153   311   219   396   209   405 0.78 -
TRINITY_DN16134_c0_g1_i9:332-1759   -            476 273989at33208        -            450     6e-54  182.4   0.2   1   1   1.7e-55   8.3e-54  181.9   0.2     3   309   122   471   120   475 0.80 -
TRINITY_DN16134_c0_g1_i4:602-1866   -            398 273989at33208        -            450   1.6e-53  180.9   0.3   1   1   4.4e-55   2.2e-53  180.5   0.3     3   309    32   381    30   392 0.80 -
TRINITY_DN5382_c0_g1_i1:1827-3320   -            498 273989at33208        -            450   4.3e-51  173.0   0.0   1   1   2.3e-52   1.2e-50  171.5   0.0     3   305    59   405    57   413 0.77 -
TRINITY_DN5382_c0_g1_i3:1827-3320   -            498 273989at33208        -            450   4.3e-51  173.0   0.0   1   1   2.3e-52   1.2e-50  171.5   0.0     3   305    59   405    57   413 0.77 -
TRINITY_DN5382_c0_g1_i6:1827-3320   -            498 273989at33208        -            450   4.3e-51  173.0   0.0   1   1   2.3e-52   1.2e-50  171.5   0.0     3   305    59   405    57   413 0.77 -
TRINITY_DN5382_c0_g1_i7:1827-3320   -            498 273989at33208        -            450   4.3e-51  173.0   0.0   1   1   2.3e-52   1.2e-50  171.5   0.0     3   305    59   405    57   413 0.77 -
TRINITY_DN5382_c0_g1_i8:1827-3320   -            498 273989at33208        -            450   4.3e-51  173.0   0.0   1   1   2.3e-52   1.2e-50  171.5   0.0     3   305    59   405    57   413 0.77 -
TRINITY_DN539_c0_g1_i12:385-1644    -            420 273989at33208        -            450   6.4e-49  165.8   0.0   1   1   4.6e-50   2.3e-48  163.9   0.0     2   317     4   360     3   376 0.76 -
TRINITY_DN539_c0_g1_i17:337-1596    -            420 273989at33208        -            450   6.4e-49  165.8   0.0   1   1   4.6e-50   2.3e-48  163.9   0.0     2   317     4   360     3   376 0.76 -
TRINITY_DN16134_c0_g1_i2:602-1795   -            365 273989at33208        -            450   6.1e-48  162.6   0.6   1   2   6.6e-14   3.4e-12   44.8   0.0     3    76    32   113    30   115 0.79 -
TRINITY_DN16134_c0_g1_i2:602-1795   -            365 273989at33208        -            450   6.1e-48  162.6   0.6   2   2   7.1e-36   3.6e-34  117.2   0.2    98   309   114   348   111   359 0.84 -
TRINITY_DN116521_c0_g1_i1:1-1038    -            346 273989at33208        -            450   9.1e-48  162.0   1.0   1   1   2.3e-49   1.1e-47  161.7   1.0     3   310     2   341     1   344 0.81 -
TRINITY_DN12998_c0_g1_i2:2003-3127  -            375 273989at33208        -            450   2.9e-45  153.7   0.0   1   1   1.5e-46   7.5e-45  152.4   0.0     3   308    11   351     9   369 0.84 -
TRINITY_DN12998_c0_g1_i7:1997-3187  -            397 273989at33208        -            450   3.8e-45  153.4   0.0   1   1   1.9e-46   9.6e-45  152.0   0.0     3   308    28   368    26   385 0.84 -
TRINITY_DN2531_c0_g1_i9:379-1509    -            377 273989at33208        -            450     6e-45  152.7   1.0   1   1   1.5e-46   7.7e-45  152.4   1.0     3   311    19   358    17   372 0.81 -
TRINITY_DN1618_c0_g2_i1:471-1652    -            394 273989at33208        -            450   4.8e-44  149.7   0.4   1   2   3.2e-32   1.6e-30  105.2   0.4     2   216    16   257    15   314 0.70 -
TRINITY_DN1618_c0_g2_i1:471-1652    -            394 273989at33208        -            450   4.8e-44  149.7   0.4   2   2   2.9e-13   1.5e-11   42.6   0.0   259   309   338   388   336   394 0.87 -
TRINITY_DN1764_c0_g1_i2:65-2239     -            725 273989at33208        -            450     2e-43  147.7   0.3   1   2   2.1e-26     1e-24   86.0   0.2     2   164   227   420   226   427 0.74 -
TRINITY_DN1764_c0_g1_i2:65-2239     -            725 273989at33208        -            450     2e-43  147.7   0.3   2   2   5.2e-18   2.6e-16   58.3   0.0   231   317   522   610   465   624 0.71 -
TRINITY_DN1764_c0_g1_i1:65-2239     -            725 273989at33208        -            450     2e-43  147.7   0.3   1   2   2.1e-26     1e-24   86.0   0.2     2   164   227   420   226   427 0.74 -
TRINITY_DN1764_c0_g1_i1:65-2239     -            725 273989at33208        -            450     2e-43  147.7   0.3   2   2   5.2e-18   2.6e-16   58.3   0.0   231   317   522   610   465   624 0.71 -
TRINITY_DN4063_c0_g1_i7:450-2024    -            525 273989at33208        -            450   1.9e-39  134.5   1.5   1   3   1.3e-22   6.6e-21   73.5   0.2     4   148   129   304   126   308 0.71 -
TRINITY_DN4063_c0_g1_i7:450-2024    -            525 273989at33208        -            450   1.9e-39  134.5   1.5   2   3     0.012       0.6    7.7   0.0   145   190   328   371   310   378 0.79 -
TRINITY_DN4063_c0_g1_i7:450-2024    -            525 273989at33208        -            450   1.9e-39  134.5   1.5   3   3   3.2e-15   1.6e-13   49.1   0.1   240   297   465   525   455   525 0.94 -
TRINITY_DN4063_c0_g1_i3:450-1997    -            516 273989at33208        -            450   2.9e-39  134.0   1.2   1   3   2.2e-22   1.1e-20   72.7   0.2    24   148   154   295   117   299 0.72 -
TRINITY_DN4063_c0_g1_i3:450-1997    -            516 273989at33208        -            450   2.9e-39  134.0   1.2   2   3     0.012      0.58    7.7   0.0   145   190   319   362   301   369 0.79 -
TRINITY_DN4063_c0_g1_i3:450-1997    -            516 273989at33208        -            450   2.9e-39  134.0   1.2   3   3   3.1e-15   1.6e-13   49.1   0.1   240   297   456   516   446   516 0.94 -
TRINITY_DN11359_c0_g1_i3:29-946     -            306 273989at33208        -            450     1e-38  132.2   0.0   1   1   2.6e-40   1.3e-38  131.8   0.0    90   304    39   275    26   287 0.82 -
TRINITY_DN11359_c0_g1_i6:29-946     -            306 273989at33208        -            450     1e-38  132.2   0.0   1   1   2.6e-40   1.3e-38  131.8   0.0    90   304    39   275    26   287 0.82 -
TRINITY_DN11359_c0_g1_i9:418-1335   -            306 273989at33208        -            450     1e-38  132.2   0.0   1   1   2.6e-40   1.3e-38  131.8   0.0    90   304    39   275    26   287 0.82 -
TRINITY_DN1753_c0_g1_i12:431-1609   -            393 273989at33208        -            450   2.6e-37  127.5   0.1   1   1   7.3e-39   3.7e-37  127.0   0.1     4   306    16   357    13   391 0.78 -
TRINITY_DN1753_c0_g1_i16:431-1609   -            393 273989at33208        -            450   2.6e-37  127.5   0.1   1   1   7.3e-39   3.7e-37  127.0   0.1     4   306    16   357    13   391 0.78 -
TRINITY_DN1753_c0_g1_i2:431-1609    -            393 273989at33208        -            450   2.6e-37  127.5   0.1   1   1   7.3e-39   3.7e-37  127.0   0.1     4   306    16   357    13   391 0.78 -
TRINITY_DN1753_c0_g1_i4:431-1609    -            393 273989at33208        -            450   2.6e-37  127.5   0.1   1   1   7.3e-39   3.7e-37  127.0   0.1     4   306    16   357    13   391 0.78 -
TRINITY_DN1753_c0_g1_i8:431-1609    -            393 273989at33208        -            450   2.6e-37  127.5   0.1   1   1   7.3e-39   3.7e-37  127.0   0.1     4   306    16   357    13   391 0.78 -
TRINITY_DN1753_c0_g1_i9:431-1609    -            393 273989at33208        -            450   2.6e-37  127.5   0.1   1   1   7.3e-39   3.7e-37  127.0   0.1     4   306    16   357    13   391 0.78 -
TRINITY_DN2507_c0_g1_i10:281-1405   -            375 273989at33208        -            450   8.4e-37  125.8   0.0   1   1   2.1e-38   1.1e-36  125.5   0.0     3   263    79   375    77   375 0.78 -
TRINITY_DN4063_c0_g1_i4:450-2396    -            649 273989at33208        -            450   9.2e-37  125.7   9.4   1   3     2e-22   9.9e-21   72.9   0.2     4   148   253   428   250   431 0.71 -
TRINITY_DN4063_c0_g1_i4:450-2396    -            649 273989at33208        -            450   9.2e-37  125.7   9.4   2   3     0.016      0.78    7.3   0.0   145   190   452   495   434   502 0.79 -
TRINITY_DN4063_c0_g1_i4:450-2396    -            649 273989at33208        -            450   9.2e-37  125.7   9.4   3   3   4.3e-15   2.2e-13   48.7   0.1   240   297   589   649   580   649 0.94 -
TRINITY_DN4063_c0_g1_i5:450-2396    -            649 273989at33208        -            450   1.3e-36  125.3   8.8   1   3   3.3e-22   1.7e-20   72.1   0.2    24   148   287   428   250   432 0.72 -
TRINITY_DN4063_c0_g1_i5:450-2396    -            649 273989at33208        -            450   1.3e-36  125.3   8.8   2   3     0.016      0.78    7.3   0.0   145   190   452   495   434   502 0.79 -
TRINITY_DN4063_c0_g1_i5:450-2396    -            649 273989at33208        -            450   1.3e-36  125.3   8.8   3   3   4.3e-15   2.2e-13   48.7   0.1   240   297   589   649   580   649 0.94 -
TRINITY_DN8372_c0_g2_i16:163-1482   -            440 273989at33208        -            450   1.1e-35  122.2   0.1   1   2   1.9e-19   9.6e-18   63.0   0.0     9   148    62   216    54   221 0.79 -
TRINITY_DN8372_c0_g2_i16:163-1482   -            440 273989at33208        -            450   1.1e-35  122.2   0.1   2   2   1.1e-17   5.7e-16   57.2   0.0   208   297   303   400   290   437 0.82 -
TRINITY_DN8372_c0_g2_i1:163-1482    -            440 273989at33208        -            450   1.1e-35  122.2   0.1   1   2   1.9e-19   9.6e-18   63.0   0.0     9   148    62   216    54   221 0.79 -
TRINITY_DN8372_c0_g2_i1:163-1482    -            440 273989at33208        -            450   1.1e-35  122.2   0.1   2   2   1.1e-17   5.7e-16   57.2   0.0   208   297   303   400   290   437 0.82 -
TRINITY_DN7119_c0_g1_i4:377-1636    -            420 273989at33208        -            450   3.5e-35  120.5   1.5   1   2   5.5e-19   2.8e-17   61.5   0.3     3   151    15   169    13   184 0.79 -
TRINITY_DN7119_c0_g1_i4:377-1636    -            420 273989at33208        -            450   3.5e-35  120.5   1.5   2   2   6.2e-18   3.1e-16   58.1   0.1   240   315   328   406   309   416 0.85 -
TRINITY_DN7119_c0_g1_i12:377-1636   -            420 273989at33208        -            450   4.4e-35  120.2   1.4   1   2   7.6e-19   3.8e-17   61.0   0.2     3   151    15   169    13   184 0.79 -
TRINITY_DN7119_c0_g1_i12:377-1636   -            420 273989at33208        -            450   4.4e-35  120.2   1.4   2   2   6.2e-18   3.1e-16   58.1   0.1   240   315   328   406   309   416 0.85 -
TRINITY_DN166536_c0_g1_i1:4-966     -            321 273989at33208        -            450   1.7e-34  118.2   0.0   1   1   4.1e-36     2e-34  118.0   0.0     2   185    55   250    54   320 0.81 -
TRINITY_DN5165_c0_g1_i1:119-2296    -            726 273989at33208        -            450   5.1e-34  116.7   0.1   1   3     1e-09   5.1e-08   31.0   0.0     2    55    17    70    16    76 0.91 -
TRINITY_DN5165_c0_g1_i1:119-2296    -            726 273989at33208        -            450   5.1e-34  116.7   0.1   2   3   3.4e-11   1.7e-09   35.8   0.0    60   181   283   423   277   431 0.71 -
TRINITY_DN5165_c0_g1_i1:119-2296    -            726 273989at33208        -            450   5.1e-34  116.7   0.1   3   3   2.5e-14   1.2e-12   46.2   0.0   233   307   537   616   531   632 0.79 -
TRINITY_DN2531_c0_g1_i2:1-879       -            293 273989at33208        -            450   2.8e-32  111.0   1.1   1   1     7e-34   3.5e-32  110.6   1.1    89   311    34   276    17   290 0.80 -
TRINITY_DN5065_c0_g1_i1:568-1701    -            378 273989at33208        -            450   3.6e-32  110.6   0.1   1   2   5.5e-26   2.8e-24   84.6   0.0     3   136     9   148     7   157 0.84 -
TRINITY_DN5065_c0_g1_i1:568-1701    -            378 273989at33208        -            450   3.6e-32  110.6   0.1   2   2   1.3e-07   6.4e-06   24.1   0.0   217   307   271   368   247   378 0.76 -
TRINITY_DN121457_c0_g1_i1:278-838   -            187 273989at33208        -            450     2e-31  108.1   0.0   1   1   4.5e-33   2.3e-31  108.0   0.0     4   163    17   186    14   187 0.86 -
TRINITY_DN26382_c0_g1_i10:575-1390  -            272 273989at33208        -            450   1.7e-27   95.2   0.1   1   1   4.7e-29   2.4e-27   94.7   0.1   123   315     3   220     1   258 0.75 -
TRINITY_DN26382_c0_g1_i13:257-1072  -            272 273989at33208        -            450   1.7e-27   95.2   0.1   1   1   4.7e-29   2.4e-27   94.7   0.1   123   315     3   220     1   258 0.75 -
TRINITY_DN26382_c0_g1_i1:578-1393   -            272 273989at33208        -            450   1.7e-27   95.2   0.1   1   1   4.7e-29   2.4e-27   94.7   0.1   123   315     3   220     1   258 0.75 -
TRINITY_DN2284_c0_g1_i10:1457-1942  -            162 273989at33208        -            450   5.2e-27   93.6   0.0   1   1   1.2e-28   5.9e-27   93.4   0.0   245   385     9   159     1   162 0.79 -
TRINITY_DN8372_c0_g2_i5:163-1389    -            409 273989at33208        -            450     8e-25   86.4   0.1   1   2   1.6e-19   8.2e-18   63.3   0.0     9   148    62   216    54   221 0.79 -
TRINITY_DN8372_c0_g2_i5:163-1389    -            409 273989at33208        -            450     8e-25   86.4   0.1   2   2     1e-06   5.1e-05   21.1   0.0   266   297   338   369   303   406 0.84 -
TRINITY_DN2531_c0_g1_i11:409-960    -            184 273989at33208        -            450   4.4e-23   80.6   0.0   1   1     1e-24   5.2e-23   80.4   0.0     3   167     9   183     7   184 0.83 -
TRINITY_DN16134_c0_g1_i6:12-356     -            115 273989at33208        -            450   1.1e-21   76.0   0.2   1   1   2.6e-23   1.3e-21   75.8   0.2    79   184     7   115     3   115 0.91 -
TRINITY_DN7119_c0_g1_i17:606-1646   -            347 273989at33208        -            450   4.6e-20   70.7   1.1   1   2   9.7e-05    0.0049   14.6   0.1    41   151     1   117     1   132 0.72 -
TRINITY_DN7119_c0_g1_i17:606-1646   -            347 273989at33208        -            450   4.6e-20   70.7   1.1   2   2   5.2e-17   2.6e-15   55.0   0.1   241   306   277   345   257   347 0.85 -
TRINITY_DN539_c0_g1_i11:802-1290    -            163 273989at33208        -            450   8.3e-20   69.8   0.0   1   1   1.7e-21   8.4e-20   69.8   0.0   224   319    16   116     1   142 0.83 -
TRINITY_DN539_c0_g1_i14:2544-3032   -            163 273989at33208        -            450   8.3e-20   69.8   0.0   1   1   1.7e-21   8.4e-20   69.8   0.0   224   319    16   116     1   142 0.83 -
TRINITY_DN539_c0_g1_i3:805-1293     -            163 273989at33208        -            450   8.3e-20   69.8   0.0   1   1   1.7e-21   8.4e-20   69.8   0.0   224   319    16   116     1   142 0.83 -
TRINITY_DN539_c0_g1_i9:185-673      -            163 273989at33208        -            450   8.3e-20   69.8   0.0   1   1   1.7e-21   8.4e-20   69.8   0.0   224   319    16   116     1   142 0.83 -
TRINITY_DN8372_c0_g2_i17:163-1176   -            338 273989at33208        -            450   3.2e-18   64.6   0.0   1   1     1e-19   5.3e-18   63.9   0.0     9   148    62   216    54   221 0.79 -
TRINITY_DN8372_c0_g2_i14:163-1176   -            338 273989at33208        -            450   4.3e-18   64.2   0.0   1   1   1.4e-19   7.2e-18   63.4   0.0     9   148    62   216    54   221 0.79 -
TRINITY_DN7119_c0_g1_i3:377-1048    -            224 273989at33208        -            450   4.3e-18   64.2   0.3   1   1     1e-19   5.2e-18   63.9   0.3     2   151    14   169    13   185 0.79 -
TRINITY_DN8372_c0_g2_i6:163-1194    -            344 273989at33208        -            450     3e-17   61.4   0.0   1   1     1e-18   5.1e-17   60.6   0.0    13   148    72   222    61   227 0.78 -
TRINITY_DN2531_c0_g1_i6:354-782     -            143 273989at33208        -            450   2.8e-16   58.2   0.1   1   1   6.2e-18   3.1e-16   58.0   0.1   191   304    15   141     4   143 0.74 -
TRINITY_DN2531_c0_g1_i5:875-1291    -            139 273989at33208        -            450   4.8e-16   57.4   0.0   1   1   9.9e-18     5e-16   57.4   0.0   240   311    39   110     2   126 0.85 -
TRINITY_DN5382_c0_g1_i5:0-539       -            180 273989at33208        -            450   2.6e-15   55.0   0.0   1   1   6.5e-17   3.3e-15   54.7   0.0   244   305    23    87    15   101 0.86 -
TRINITY_DN10820_c0_g1_i1:74-454     -            127 273989at33208        -            450   1.4e-14   52.6   0.0   1   1     3e-16   1.5e-14   52.5   0.0     2    76    13    90    12   110 0.87 -
TRINITY_DN46185_c0_g2_i1:8-352      -            115 273989at33208        -            450   3.5e-14   51.3   0.0   1   1   8.3e-16   4.2e-14   51.0   0.0     3    76    17    95    15   103 0.84 -
TRINITY_DN9480_c0_g1_i1:4112-5233   -            374 273989at33208        -            450     6e-10   37.3   0.0   1   1   1.7e-11   8.4e-10   36.9   0.0    13   133     1   128     1   144 0.83 -
TRINITY_DN23382_c0_g2_i1:123-542    -            140 273989at33208        -            450   8.2e-08   30.3   0.0   1   1   1.9e-09   9.4e-08   30.1   0.0   234   307    38   118    28   136 0.82 -
TRINITY_DN45110_c0_g1_i2:259-1884   -            542 273989at33208        -            450   9.7e-08   30.0   0.0   1   2   3.6e-05    0.0018   16.0   0.0    14    85     7    78     3   100 0.72 -
TRINITY_DN45110_c0_g1_i2:259-1884   -            542 273989at33208        -            450   9.7e-08   30.0   0.0   2   2   0.00065     0.033   11.8   0.0   252   306   300   354   291   379 0.92 -
TRINITY_DN45110_c0_g1_i4:259-1884   -            542 273989at33208        -            450   9.7e-08   30.0   0.0   1   2   3.6e-05    0.0018   16.0   0.0    14    85     7    78     3   100 0.72 -
TRINITY_DN45110_c0_g1_i4:259-1884   -            542 273989at33208        -            450   9.7e-08   30.0   0.0   2   2   0.00065     0.033   11.8   0.0   252   306   300   354   291   379 0.92 -
TRINITY_DN23382_c0_g2_i3:2-976      -            325 273989at33208        -            450   2.8e-07   28.5   0.0   1   1   7.4e-09   3.7e-07   28.1   0.0   233   308   101   183    56   216 0.81 -
TRINITY_DN23382_c0_g2_i2:695-1681   -            329 273989at33208        -            450   3.7e-07   28.1   0.0   1   1   9.5e-09   4.8e-07   27.8   0.0   233   306   101   181    56   215 0.83 -
TRINITY_DN3551_c0_g1_i11:1618-2676  -            353 273989at33208        -            450   9.7e-07   26.8   0.1   1   2   2.4e-06   0.00012   19.8   0.0     3   148    16   179    14   193 0.72 -
TRINITY_DN3551_c0_g1_i11:1618-2676  -            353 273989at33208        -            450   9.7e-07   26.8   0.1   2   2       0.2        10    3.6   0.0   249   286   315   352   308   353 0.91 -
TRINITY_DN3551_c0_g1_i15:1657-2715  -            353 273989at33208        -            450   9.7e-07   26.8   0.1   1   2   2.4e-06   0.00012   19.8   0.0     3   148    16   179    14   193 0.72 -
TRINITY_DN3551_c0_g1_i15:1657-2715  -            353 273989at33208        -            450   9.7e-07   26.8   0.1   2   2       0.2        10    3.6   0.0   249   286   315   352   308   353 0.91 -
TRINITY_DN3551_c0_g1_i16:1657-2715  -            353 273989at33208        -            450   9.7e-07   26.8   0.1   1   2   2.4e-06   0.00012   19.8   0.0     3   148    16   179    14   193 0.72 -
TRINITY_DN3551_c0_g1_i16:1657-2715  -            353 273989at33208        -            450   9.7e-07   26.8   0.1   2   2       0.2        10    3.6   0.0   249   286   315   352   308   353 0.91 -
TRINITY_DN3551_c0_g1_i2:1618-2676   -            353 273989at33208        -            450   9.7e-07   26.8   0.1   1   2   2.4e-06   0.00012   19.8   0.0     3   148    16   179    14   193 0.72 -
TRINITY_DN3551_c0_g1_i2:1618-2676   -            353 273989at33208        -            450   9.7e-07   26.8   0.1   2   2       0.2        10    3.6   0.0   249   286   315   352   308   353 0.91 -
TRINITY_DN3551_c0_g1_i3:1657-2715   -            353 273989at33208        -            450   9.7e-07   26.8   0.1   1   2   2.4e-06   0.00012   19.8   0.0     3   148    16   179    14   193 0.72 -
TRINITY_DN3551_c0_g1_i3:1657-2715   -            353 273989at33208        -            450   9.7e-07   26.8   0.1   2   2       0.2        10    3.6   0.0   249   286   315   352   308   353 0.91 -
TRINITY_DN3551_c0_g1_i6:1618-2676   -            353 273989at33208        -            450   9.7e-07   26.8   0.1   1   2   2.4e-06   0.00012   19.8   0.0     3   148    16   179    14   193 0.72 -
TRINITY_DN3551_c0_g1_i6:1618-2676   -            353 273989at33208        -            450   9.7e-07   26.8   0.1   2   2       0.2        10    3.6   0.0   249   286   315   352   308   353 0.91 -
TRINITY_DN3551_c0_g1_i7:1618-2676   -            353 273989at33208        -            450   9.7e-07   26.8   0.1   1   2   2.4e-06   0.00012   19.8   0.0     3   148    16   179    14   193 0.72 -
TRINITY_DN3551_c0_g1_i7:1618-2676   -            353 273989at33208        -            450   9.7e-07   26.8   0.1   2   2       0.2        10    3.6   0.0   249   286   315   352   308   353 0.91 -
TRINITY_DN20496_c0_g1_i3:841-2367   -            509 273989at33208        -            450   1.1e-06   26.6   0.0   1   2     0.019      0.95    7.0   0.0     6    45    37    77    31   236 0.83 -
TRINITY_DN20496_c0_g1_i3:841-2367   -            509 273989at33208        -            450   1.1e-06   26.6   0.0   2   2     1e-05   0.00053   17.7   0.0   233   310   296   374   285   424 0.75 -
TRINITY_DN28028_c1_g2_i2:171-1706   -            488 273989at33208        -            450   1.5e-06   26.1   0.0   1   1   2.2e-07   1.1e-05   23.3   0.0    18   302     4   328     1   333 0.60 -
TRINITY_DN4499_c0_g1_i11:1861-2958  -            366 273989at33208        -            450   2.1e-06   25.7   0.0   1   1   9.3e-08   4.7e-06   24.5   0.0    32   134     5   113     1   129 0.75 -
TRINITY_DN4499_c0_g1_i12:1861-2958  -            366 273989at33208        -            450   2.1e-06   25.7   0.0   1   1   9.3e-08   4.7e-06   24.5   0.0    32   134     5   113     1   129 0.75 -
TRINITY_DN4499_c0_g1_i1:1861-2958   -            366 273989at33208        -            450   2.1e-06   25.7   0.0   1   1   9.3e-08   4.7e-06   24.5   0.0    32   134     5   113     1   129 0.75 -
TRINITY_DN4499_c0_g1_i4:1861-2958   -            366 273989at33208        -            450   2.1e-06   25.7   0.0   1   1   9.3e-08   4.7e-06   24.5   0.0    32   134     5   113     1   129 0.75 -
TRINITY_DN4499_c0_g1_i5:1861-2958   -            366 273989at33208        -            450   2.1e-06   25.7   0.0   1   1   9.3e-08   4.7e-06   24.5   0.0    32   134     5   113     1   129 0.75 -
TRINITY_DN7797_c0_g1_i16:1709-3757  -            683 273989at33208        -            450   4.1e-06   24.7   2.2   1   2      0.19       9.6    3.7   0.0     4    68     2    62     1    71 0.80 -
TRINITY_DN7797_c0_g1_i16:1709-3757  -            683 273989at33208        -            450   4.1e-06   24.7   2.2   2   2   2.1e-06    0.0001   20.1   0.0   241   306   314   382   302   403 0.84 -
TRINITY_DN7797_c0_g1_i11:1697-4030  -            778 273989at33208        -            450     6e-06   24.1   2.2   1   2      0.22        11    3.5   0.0     4    68     2    62     1    71 0.80 -
TRINITY_DN7797_c0_g1_i11:1697-4030  -            778 273989at33208        -            450     6e-06   24.1   2.2   2   2   2.5e-06   0.00012   19.8   0.0   241   306   314   382   302   403 0.84 -
TRINITY_DN7797_c0_g1_i14:1697-4363  -            889 273989at33208        -            450   8.2e-06   23.7   2.0   1   2      0.26        13    3.2   0.0     4    68     2    62     1    71 0.80 -
TRINITY_DN7797_c0_g1_i14:1697-4363  -            889 273989at33208        -            450   8.2e-06   23.7   2.0   2   2     3e-06   0.00015   19.6   0.0   241   306   314   382   302   402 0.84 -
TRINITY_DN46482_c0_g1_i1:19-696     -            226 273989at33208        -            450   1.1e-05   23.3   0.0   1   1   2.7e-07   1.4e-05   23.0   0.0   254   309     8    63     3    92 0.84 -
TRINITY_DN46482_c0_g1_i2:19-696     -            226 273989at33208        -            450   1.1e-05   23.3   0.0   1   1   2.7e-07   1.4e-05   23.0   0.0   254   309     8    63     3    92 0.84 -
TRINITY_DN30422_c0_g1_i9:3843-4946  -            368 273989at33208        -            450   1.4e-05   22.9   0.0   1   2   2.7e-06   0.00014   19.7   0.0    28   149     8   141     1   147 0.75 -
TRINITY_DN30422_c0_g1_i9:3843-4946  -            368 273989at33208        -            450   1.4e-05   22.9   0.0   2   2       2.4   1.2e+02    0.1   0.0   240   268   305   336   299   343 0.79 -
TRINITY_DN30422_c0_g1_i10:3843-4946 -            368 273989at33208        -            450   2.2e-05   22.3   0.0   1   2   4.3e-06   0.00022   19.0   0.0    28   149     8   141     1   147 0.77 -
TRINITY_DN30422_c0_g1_i10:3843-4946 -            368 273989at33208        -            450   2.2e-05   22.3   0.0   2   2       2.4   1.2e+02    0.1   0.0   240   268   305   336   299   343 0.79 -
TRINITY_DN21340_c0_g1_i1:55-405     -            117 273989at33208        -            450   3.6e-05   21.6   0.0   1   1   7.1e-07   3.6e-05   21.6   0.0   252   301    66   115    21   117 0.89 -
TRINITY_DN21340_c0_g1_i2:757-1107   -            117 273989at33208        -            450   3.6e-05   21.6   0.0   1   1   7.1e-07   3.6e-05   21.6   0.0   252   301    66   115    21   117 0.89 -
TRINITY_DN26534_c0_g1_i2:1091-2173  -            361 273989at33208        -            450   3.8e-05   21.5   0.0   1   2       3.2   1.6e+02   -0.3   0.0    11   110    14   119     8   151 0.67 -
TRINITY_DN26534_c0_g1_i2:1091-2173  -            361 273989at33208        -            450   3.8e-05   21.5   0.0   2   2   3.7e-06   0.00019   19.2   0.0   251   306   305   360   274   361 0.86 -
TRINITY_DN26534_c0_g1_i1:700-1782   -            361 273989at33208        -            450   3.8e-05   21.5   0.0   1   2       3.2   1.6e+02   -0.3   0.0    11   110    14   119     8   151 0.67 -
TRINITY_DN26534_c0_g1_i1:700-1782   -            361 273989at33208        -            450   3.8e-05   21.5   0.0   2   2   3.5e-06   0.00018   19.3   0.0   251   306   305   360   262   361 0.87 -
TRINITY_DN47613_c0_g1_i2:100-1131   -            344 273989at33208        -            450   4.5e-05   21.3   0.0   1   2      0.05       2.5    5.6   0.0    17    72     3    63     1    84 0.79 -
TRINITY_DN47613_c0_g1_i2:100-1131   -            344 273989at33208        -            450   4.5e-05   21.3   0.0   2   2   0.00017    0.0086   13.7   0.0   251   301   293   343   252   344 0.84 -
TRINITY_DN397_c0_g1_i10:2383-4020   -            546 273989at33208        -            450   0.00011   20.0   0.1   1   2       1.4        73    0.8   0.0    12   135    20   151    11   242 0.67 -
TRINITY_DN397_c0_g1_i10:2383-4020   -            546 273989at33208        -            450   0.00011   20.0   0.1   2   2   1.8e-05   0.00092   16.9   0.0   250   304   289   343   268   373 0.83 -
TRINITY_DN397_c0_g1_i13:923-2560    -            546 273989at33208        -            450   0.00011   20.0   0.1   1   2       1.4        73    0.8   0.0    12   135    20   151    11   242 0.67 -
TRINITY_DN397_c0_g1_i13:923-2560    -            546 273989at33208        -            450   0.00011   20.0   0.1   2   2   1.8e-05   0.00092   16.9   0.0   250   304   289   343   268   373 0.83 -
TRINITY_DN397_c0_g1_i1:2383-4020    -            546 273989at33208        -            450   0.00011   20.0   0.1   1   2       1.4        73    0.8   0.0    12   135    20   151    11   242 0.67 -
TRINITY_DN397_c0_g1_i1:2383-4020    -            546 273989at33208        -            450   0.00011   20.0   0.1   2   2   1.8e-05   0.00092   16.9   0.0   250   304   289   343   268   373 0.83 -
TRINITY_DN397_c0_g1_i8:1611-3248    -            546 273989at33208        -            450   0.00011   20.0   0.1   1   2       1.4        73    0.8   0.0    12   135    20   151    11   242 0.67 -
TRINITY_DN397_c0_g1_i8:1611-3248    -            546 273989at33208        -            450   0.00011   20.0   0.1   2   2   1.8e-05   0.00092   16.9   0.0   250   304   289   343   268   373 0.83 -
TRINITY_DN397_c0_g1_i9:2383-4020    -            546 273989at33208        -            450   0.00011   20.0   0.1   1   2       1.4        73    0.8   0.0    12   135    20   151    11   242 0.67 -
TRINITY_DN397_c0_g1_i9:2383-4020    -            546 273989at33208        -            450   0.00011   20.0   0.1   2   2   1.8e-05   0.00092   16.9   0.0   250   304   289   343   268   373 0.83 -
TRINITY_DN3425_c0_g1_i1:74-1336     -            421 273989at33208        -            450   0.00012   19.9   0.0   1   2     0.055       2.8    5.5   0.0    24   205    25   221     4   237 0.56 -
TRINITY_DN3425_c0_g1_i1:74-1336     -            421 273989at33208        -            450   0.00012   19.9   0.0   2   2   0.00086     0.043   11.4   0.0   239   317   278   359   271   395 0.82 -
TRINITY_DN26856_c0_g1_i2:508-930    -            141 273989at33208        -            450   0.00014   19.7   0.0   1   1     3e-06   0.00015   19.5   0.0   249   304    61   116    31   136 0.79 -
TRINITY_DN21671_c0_g1_i2:430-2082   -            551 273989at33208        -            450   0.00021   19.0   0.3   1   2     0.019      0.95    7.0   0.1    10    81    24   100    16   121 0.78 -
TRINITY_DN21671_c0_g1_i2:430-2082   -            551 273989at33208        -            450   0.00021   19.0   0.3   2   2    0.0023      0.11   10.0   0.0   251   298   332   379   262   391 0.67 -
TRINITY_DN3434_c0_g1_i3:530-1816    -            429 273989at33208        -            450   0.00029   18.6   0.1   1   2    0.0065      0.33    8.5   0.0    16    71     2    60     1    75 0.82 -
TRINITY_DN3434_c0_g1_i3:530-1816    -            429 273989at33208        -            450   0.00029   18.6   0.1   2   2    0.0075      0.38    8.3   0.0   249   309   297   357   197   398 0.76 -
TRINITY_DN93351_c0_g1_i1:134-853    -            240 273989at33208        -            450   0.00035   18.3   0.1   1   1   9.6e-06   0.00049   17.9   0.1   233   303     8    85     2   125 0.81 -
TRINITY_DN26856_c0_g1_i1:0-947      -            316 273989at33208        -            450   0.00039   18.2   0.0   1   1   1.2e-05   0.00059   17.6   0.0   250   305    65   120    35   160 0.77 -
TRINITY_DN9480_c0_g1_i1:1553-2698   -            382 273989at33208        -            450   0.00051   17.8   0.7   1   1   1.6e-05    0.0008   17.1   0.2    26   136    21   145     1   187 0.74 -
TRINITY_DN21649_c3_g1_i1:753-1340   -            196 273989at33208        -            450    0.0009   17.0   0.0   1   1   2.4e-05    0.0012   16.5   0.0   232   292   128   195   107   196 0.78 -
TRINITY_DN21649_c3_g1_i3:729-1316   -            196 273989at33208        -            450    0.0009   17.0   0.0   1   1   2.4e-05    0.0012   16.5   0.0   232   292   128   195   107   196 0.78 -
TRINITY_DN7285_c0_g1_i1:622-1815    -            398 273989at33208        -            450    0.0011   16.8   0.0   1   2       1.8        93    0.4   0.0    87   139    92   147     3   183 0.53 -
TRINITY_DN7285_c0_g1_i1:622-1815    -            398 273989at33208        -            450    0.0011   16.8   0.0   2   2   0.00017    0.0087   13.7   0.0   251   304   285   338   264   362 0.86 -
TRINITY_DN7285_c0_g1_i2:562-1821    -            420 273989at33208        -            450    0.0012   16.6   0.0   1   2       1.9        96    0.4   0.0    87   139   114   169    24   206 0.53 -
TRINITY_DN7285_c0_g1_i2:562-1821    -            420 273989at33208        -            450    0.0012   16.6   0.0   2   2   0.00019    0.0095   13.6   0.0   251   304   307   360   286   384 0.86 -
TRINITY_DN24611_c0_g1_i2:2-709      -            236 273989at33208        -            450    0.0012   16.5   0.0   1   1   3.3e-05    0.0016   16.1   0.0   252   305    28    81    16   113 0.82 -
TRINITY_DN24611_c0_g1_i3:2-709      -            236 273989at33208        -            450    0.0012   16.5   0.0   1   1   3.3e-05    0.0016   16.1   0.0   252   305    28    81    16   113 0.82 -
TRINITY_DN21736_c0_g1_i5:167-682    -            172 273989at33208        -            450    0.0014   16.4   0.0   1   1   3.2e-05    0.0016   16.1   0.0   250   306    77   133    54   160 0.82 -
TRINITY_DN68120_c0_g1_i1:6-749      -            248 273989at33208        -            450    0.0019   15.9   0.0   1   1     5e-05    0.0025   15.5   0.0   234   302    43   118    24   145 0.80 -
TRINITY_DN3983_c0_g1_i6:161-733     -            191 273989at33208        -            450    0.0021   15.8   0.0   1   1   5.2e-05    0.0026   15.4   0.0   233   292   124   190   100   191 0.81 -
TRINITY_DN28028_c1_g2_i3:426-1199   -            258 273989at33208        -            450    0.0022   15.7   0.0   1   1   6.1e-05    0.0031   15.2   0.0   237   302    46   116    32   138 0.84 -
TRINITY_DN47613_c0_g1_i1:67-669     -            201 273989at33208        -            450    0.0024   15.6   0.0   1   1   5.9e-05     0.003   15.3   0.0   243   301   137   200   103   201 0.84 -
TRINITY_DN21736_c0_g1_i3:75-803     -            243 273989at33208        -            450    0.0029   15.3   0.0   1   1   7.7e-05    0.0039   14.9   0.0   250   306    23    79     5   106 0.83 -
TRINITY_DN10347_c0_g1_i10:898-1269  -            124 273989at33208        -            450    0.0033   15.1   0.0   1   1   6.5e-05    0.0033   15.1   0.0   252   298     8    54     2   120 0.90 -
TRINITY_DN21736_c0_g1_i1:150-1181   -            344 273989at33208        -            450    0.0048   14.6   0.0   1   1   0.00013    0.0068   14.1   0.0   250   305   149   204   127   231 0.83 -
TRINITY_DN21736_c0_g1_i2:150-1265   -            372 273989at33208        -            450    0.0054   14.4   0.0   1   1   0.00015    0.0077   13.9   0.0   250   305   177   232   155   259 0.83 -
TRINITY_DN3983_c0_g1_i10:392-1372   -            327 273989at33208        -            450    0.0056   14.3   0.0   1   1   0.00015    0.0077   13.9   0.0   233   292   260   326   239   327 0.81 -
TRINITY_DN3983_c0_g1_i1:392-1372    -            327 273989at33208        -            450    0.0056   14.3   0.0   1   1   0.00015    0.0077   13.9   0.0   233   292   260   326   239   327 0.81 -
TRINITY_DN54352_c0_g1_i1:160-1317   -            386 273989at33208        -            450    0.0065   14.1   0.0   1   1   0.00017    0.0085   13.8   0.0   240   305   139   209    98   233 0.78 -
TRINITY_DN40367_c0_g1_i2:49-1146    -            366 273989at33208        -            450    0.0099   13.5   0.0   1   2     0.004       0.2    9.2   0.0     8    58    14    65     7    92 0.80 -
TRINITY_DN40367_c0_g1_i2:49-1146    -            366 273989at33208        -            450    0.0099   13.5   0.0   2   2      0.73        37    1.8   0.0   243   294   310   366   273   366 0.80 -
TRINITY_DN40367_c0_g1_i1:133-846    -            238 273989at33208        -            450     0.013   13.1   0.0   1   1    0.0003     0.015   12.9   0.0   243   307   137   206    70   235 0.80 -
TRINITY_DN30105_c0_g2_i1:612-1685   -            358 273989at33208        -            450     0.028   12.1   0.0   1   1   0.00076     0.039   11.6   0.0   251   301   109   159    50   165 0.91 -
TRINITY_DN5623_c0_g1_i5:797-2527    -            577 273989at33208        -            450      0.03   11.9   0.0   1   2       8.7   4.4e+02   -1.8   0.0    12    68    26    88    21    99 0.68 -
TRINITY_DN5623_c0_g1_i5:797-2527    -            577 273989at33208        -            450      0.03   11.9   0.0   2   2    0.0018     0.093   10.3   0.0   240   307   306   378   250   397 0.80 -
TRINITY_DN5623_c0_g1_i3:265-1995    -            577 273989at33208        -            450     0.032   11.8   0.0   1   2       8.7   4.4e+02   -1.8   0.0    12    68    26    88    21    99 0.68 -
TRINITY_DN5623_c0_g1_i3:265-1995    -            577 273989at33208        -            450     0.032   11.8   0.0   2   2     0.002     0.099   10.2   0.0   240   307   306   378   250   396 0.80 -
TRINITY_DN5623_c0_g1_i6:797-2527    -            577 273989at33208        -            450     0.032   11.8   0.0   1   2       8.7   4.4e+02   -1.8   0.0    12    68    26    88    21    99 0.68 -
TRINITY_DN5623_c0_g1_i6:797-2527    -            577 273989at33208        -            450     0.032   11.8   0.0   2   2     0.002     0.099   10.2   0.0   240   307   306   378   250   396 0.80 -
#
# Program:         hmmsearch
# Version:         3.1b2 (February 2015)
# Pipeline mode:   SEARCH
# Query file:      /busco_wd/busco_downloads/lineages/metazoa_odb10/hmms/273989at33208.hmm
# Target file:     /busco_wd/BUSCO/run_metazoa_odb10/metaeuk_output/initial_results/Trinity.fasta.modified.fas
# Option settings: hmmsearch --domtblout /busco_wd/BUSCO/run_metazoa_odb10/hmmer_output/initial_run_results/273989at33208.out --cpu 1 /busco_wd/busco_downloads/lineages/metazoa_odb10/hmms/273989at33208.hmm /busco_wd/BUSCO/run_metazoa_odb10/metaeuk_output/initial_results/Trinity.fasta.modified.fas 
# Current dir:     /busco_wd
# Date:            Tue Nov 23 09:01:33 2021
# [ok]
