#                                                                                           --- full sequence --- -------------- this domain -------------   hmm coord   ali coord   env coord
# target name                       accession   tlen query name           accession   qlen   E-value  score  bias   #  of  c-Evalue  i-Evalue  score  bias  from    to  from    to  from    to  acc description of target
#               ------------------- ---------- ----- -------------------- ---------- ----- --------- ------ ----- --- --- --------- --------- ------ ----- ----- ----- ----- ----- ----- ----- ---- ---------------------
TRINITY_DN3342_c0_g1_i9:129-1592    -            488 274769at33208        -            383  2.4e-158  526.0   8.2   1   2  8.6e-120  8.3e-118  392.6   3.5     2   313     4   381     3   383 0.83 -
TRINITY_DN3342_c0_g1_i9:129-1592    -            488 274769at33208        -            383  2.4e-158  526.0   8.2   2   2   5.9e-40   5.7e-38  129.8   0.2   306   382   405   483   387   484 0.90 -
TRINITY_DN3342_c0_g1_i10:186-1649   -            488 274769at33208        -            383  6.4e-158  524.6   8.2   1   2  8.6e-120  8.3e-118  392.6   3.5     2   313     4   381     3   383 0.83 -
TRINITY_DN3342_c0_g1_i10:186-1649   -            488 274769at33208        -            383  6.4e-158  524.6   8.2   2   2   1.6e-39   1.6e-37  128.3   0.2   306   382   405   483   387   484 0.90 -
TRINITY_DN3342_c0_g1_i12:129-1592   -            488 274769at33208        -            383  6.4e-158  524.6   8.2   1   2  8.6e-120  8.3e-118  392.6   3.5     2   313     4   381     3   383 0.83 -
TRINITY_DN3342_c0_g1_i12:129-1592   -            488 274769at33208        -            383  6.4e-158  524.6   8.2   2   2   1.6e-39   1.6e-37  128.3   0.2   306   382   405   483   387   484 0.90 -
TRINITY_DN3342_c0_g1_i4:93-1556     -            488 274769at33208        -            383  6.4e-158  524.6   8.2   1   2  8.6e-120  8.3e-118  392.6   3.5     2   313     4   381     3   383 0.83 -
TRINITY_DN3342_c0_g1_i4:93-1556     -            488 274769at33208        -            383  6.4e-158  524.6   8.2   2   2   1.6e-39   1.6e-37  128.3   0.2   306   382   405   483   387   484 0.90 -
TRINITY_DN10725_c0_g1_i3:2616-3764  -            383 274769at33208        -            383   8.5e-18   63.4   2.2   1   3   3.2e-06    0.0003   18.8   0.0    77   101    17    41     8    48 0.86 -
TRINITY_DN10725_c0_g1_i3:2616-3764  -            383 274769at33208        -            383   8.5e-18   63.4   2.2   2   3   0.00019     0.018   12.9   0.2   154   280   186   328   181   338 0.63 -
TRINITY_DN10725_c0_g1_i3:2616-3764  -            383 274769at33208        -            383   8.5e-18   63.4   2.2   3   3   1.2e-09   1.1e-07   30.0   0.1   313   351   338   378   332   382 0.84 -
TRINITY_DN10725_c0_g1_i7:2616-3764  -            383 274769at33208        -            383   8.5e-18   63.4   2.2   1   3   3.2e-06    0.0003   18.8   0.0    77   101    17    41     8    48 0.86 -
TRINITY_DN10725_c0_g1_i7:2616-3764  -            383 274769at33208        -            383   8.5e-18   63.4   2.2   2   3   0.00019     0.018   12.9   0.2   154   280   186   328   181   338 0.63 -
TRINITY_DN10725_c0_g1_i7:2616-3764  -            383 274769at33208        -            383   8.5e-18   63.4   2.2   3   3   1.2e-09   1.1e-07   30.0   0.1   313   351   338   378   332   382 0.84 -
TRINITY_DN16621_c0_g1_i1:434-1525   -            364 274769at33208        -            383   5.4e-17   60.7   4.3   1   3   2.9e-07   2.8e-05   22.1   0.0    84   110    18    44    10    53 0.84 -
TRINITY_DN16621_c0_g1_i1:434-1525   -            364 274769at33208        -            383   5.4e-17   60.7   4.3   2   3    0.0013      0.13   10.1   0.0   114   174    82   139    75   209 0.84 -
TRINITY_DN16621_c0_g1_i1:434-1525   -            364 274769at33208        -            383   5.4e-17   60.7   4.3   3   3   2.3e-08   2.2e-06   25.8   2.0   315   363   308   357   237   364 0.87 -
TRINITY_DN16621_c0_g1_i6:434-1525   -            364 274769at33208        -            383   5.4e-17   60.7   4.3   1   3   2.9e-07   2.8e-05   22.1   0.0    84   110    18    44    10    53 0.84 -
TRINITY_DN16621_c0_g1_i6:434-1525   -            364 274769at33208        -            383   5.4e-17   60.7   4.3   2   3    0.0013      0.13   10.1   0.0   114   174    82   139    75   209 0.84 -
TRINITY_DN16621_c0_g1_i6:434-1525   -            364 274769at33208        -            383   5.4e-17   60.7   4.3   3   3   2.3e-08   2.2e-06   25.8   2.0   315   363   308   357   237   364 0.87 -
TRINITY_DN5865_c0_g1_i10:1954-3036  -            361 274769at33208        -            383   6.8e-17   60.4  11.5   1   3   3.3e-07   3.2e-05   22.0   0.1    83   172    13   115     6   121 0.66 -
TRINITY_DN5865_c0_g1_i10:1954-3036  -            361 274769at33208        -            383   6.8e-17   60.4  11.5   2   3   3.4e-05    0.0033   15.4   5.2   191   286   185   284   171   289 0.76 -
TRINITY_DN5865_c0_g1_i10:1954-3036  -            361 274769at33208        -            383   6.8e-17   60.4  11.5   3   3   1.5e-08   1.5e-06   26.4   0.1   311   379   286   360   281   361 0.75 -
TRINITY_DN5865_c0_g1_i12:1623-2705  -            361 274769at33208        -            383   6.8e-17   60.4  11.5   1   3   3.3e-07   3.2e-05   22.0   0.1    83   172    13   115     6   121 0.66 -
TRINITY_DN5865_c0_g1_i12:1623-2705  -            361 274769at33208        -            383   6.8e-17   60.4  11.5   2   3   3.4e-05    0.0033   15.4   5.2   191   286   185   284   171   289 0.76 -
TRINITY_DN5865_c0_g1_i12:1623-2705  -            361 274769at33208        -            383   6.8e-17   60.4  11.5   3   3   1.5e-08   1.5e-06   26.4   0.1   311   379   286   360   281   361 0.75 -
TRINITY_DN5865_c0_g1_i1:1989-3071   -            361 274769at33208        -            383   6.8e-17   60.4  11.5   1   3   3.3e-07   3.2e-05   22.0   0.1    83   172    13   115     6   121 0.66 -
TRINITY_DN5865_c0_g1_i1:1989-3071   -            361 274769at33208        -            383   6.8e-17   60.4  11.5   2   3   3.4e-05    0.0033   15.4   5.2   191   286   185   284   171   289 0.76 -
TRINITY_DN5865_c0_g1_i1:1989-3071   -            361 274769at33208        -            383   6.8e-17   60.4  11.5   3   3   1.5e-08   1.5e-06   26.4   0.1   311   379   286   360   281   361 0.75 -
TRINITY_DN5865_c0_g1_i21:1752-2834  -            361 274769at33208        -            383   6.8e-17   60.4  11.5   1   3   3.3e-07   3.2e-05   22.0   0.1    83   172    13   115     6   121 0.66 -
TRINITY_DN5865_c0_g1_i21:1752-2834  -            361 274769at33208        -            383   6.8e-17   60.4  11.5   2   3   3.4e-05    0.0033   15.4   5.2   191   286   185   284   171   289 0.76 -
TRINITY_DN5865_c0_g1_i21:1752-2834  -            361 274769at33208        -            383   6.8e-17   60.4  11.5   3   3   1.5e-08   1.5e-06   26.4   0.1   311   379   286   360   281   361 0.75 -
TRINITY_DN41977_c0_g1_i2:1383-2672  -            430 274769at33208        -            383     1e-16   59.8   0.1   1   4     4e-08   3.8e-06   25.0   0.0    84   168     1    93     1    99 0.72 -
TRINITY_DN41977_c0_g1_i2:1383-2672  -            430 274769at33208        -            383     1e-16   59.8   0.1   2   4   3.5e-06   0.00034   18.6   0.0   238   281   246   289   235   298 0.91 -
TRINITY_DN41977_c0_g1_i2:1383-2672  -            430 274769at33208        -            383     1e-16   59.8   0.1   3   4   0.00033     0.032   12.1   0.0   316   348   345   377   308   382 0.89 -
TRINITY_DN41977_c0_g1_i2:1383-2672  -            430 274769at33208        -            383     1e-16   59.8   0.1   4   4       9.5   9.2e+02   -2.6   0.0   343   377   395   430   392   430 0.80 -
TRINITY_DN41977_c0_g1_i1:1383-2672  -            430 274769at33208        -            383     3e-16   58.3   1.7   1   3     4e-08   3.8e-06   25.0   0.0    84   168     1    93     1    99 0.72 -
TRINITY_DN41977_c0_g1_i1:1383-2672  -            430 274769at33208        -            383     3e-16   58.3   1.7   2   3   6.3e-09   6.1e-07   27.6   0.7   238   348   246   377   237   380 0.66 -
TRINITY_DN41977_c0_g1_i1:1383-2672  -            430 274769at33208        -            383     3e-16   58.3   1.7   3   3       9.5   9.2e+02   -2.6   0.0   343   377   395   430   392   430 0.80 -
TRINITY_DN25408_c0_g1_i10:1694-2536 -            281 274769at33208        -            383   5.9e-16   57.3   1.9   1   2   2.8e-14   2.7e-12   45.3   0.0    81   277    24   221     6   227 0.78 -
TRINITY_DN25408_c0_g1_i10:1694-2536 -            281 274769at33208        -            383   5.9e-16   57.3   1.9   2   2    0.0005     0.048   11.5   0.5   317   351   230   263   221   280 0.86 -
TRINITY_DN25408_c0_g1_i14:1694-2536 -            281 274769at33208        -            383   5.9e-16   57.3   1.9   1   2   2.8e-14   2.7e-12   45.3   0.0    81   277    24   221     6   227 0.78 -
TRINITY_DN25408_c0_g1_i14:1694-2536 -            281 274769at33208        -            383   5.9e-16   57.3   1.9   2   2    0.0005     0.048   11.5   0.5   317   351   230   263   221   280 0.86 -
TRINITY_DN25408_c0_g1_i18:1694-2536 -            281 274769at33208        -            383   5.9e-16   57.3   1.9   1   2   2.8e-14   2.7e-12   45.3   0.0    81   277    24   221     6   227 0.78 -
TRINITY_DN25408_c0_g1_i18:1694-2536 -            281 274769at33208        -            383   5.9e-16   57.3   1.9   2   2    0.0005     0.048   11.5   0.5   317   351   230   263   221   280 0.86 -
TRINITY_DN25408_c0_g1_i32:1694-2536 -            281 274769at33208        -            383   5.9e-16   57.3   1.9   1   2   2.8e-14   2.7e-12   45.3   0.0    81   277    24   221     6   227 0.78 -
TRINITY_DN25408_c0_g1_i32:1694-2536 -            281 274769at33208        -            383   5.9e-16   57.3   1.9   2   2    0.0005     0.048   11.5   0.5   317   351   230   263   221   280 0.86 -
TRINITY_DN21433_c0_g1_i2:2338-3273  -            312 274769at33208        -            383   9.5e-16   56.6   1.4   1   1   1.7e-17   1.6e-15   55.8   1.4    85   346     1   288     1   306 0.69 -
TRINITY_DN21433_c0_g1_i5:2338-3273  -            312 274769at33208        -            383   9.5e-16   56.6   1.4   1   1   1.7e-17   1.6e-15   55.8   1.4    85   346     1   288     1   306 0.69 -
TRINITY_DN3142_c0_g1_i10:264-1265   -            334 274769at33208        -            383   1.7e-15   55.8   0.2   1   3   1.8e-06   0.00018   19.5   0.0    80   112    28    60    15    66 0.81 -
TRINITY_DN3142_c0_g1_i10:264-1265   -            334 274769at33208        -            383   1.7e-15   55.8   0.2   2   3     4e-05    0.0038   15.1   0.0   218   284   205   269   161   274 0.83 -
TRINITY_DN3142_c0_g1_i10:264-1265   -            334 274769at33208        -            383   1.7e-15   55.8   0.2   3   3   6.9e-06   0.00066   17.6   0.2   316   353   278   316   268   329 0.82 -
TRINITY_DN3142_c0_g1_i11:264-1265   -            334 274769at33208        -            383   1.7e-15   55.8   0.2   1   3   1.8e-06   0.00018   19.5   0.0    80   112    28    60    15    66 0.81 -
TRINITY_DN3142_c0_g1_i11:264-1265   -            334 274769at33208        -            383   1.7e-15   55.8   0.2   2   3     4e-05    0.0038   15.1   0.0   218   284   205   269   161   274 0.83 -
TRINITY_DN3142_c0_g1_i11:264-1265   -            334 274769at33208        -            383   1.7e-15   55.8   0.2   3   3   6.9e-06   0.00066   17.6   0.2   316   353   278   316   268   329 0.82 -
TRINITY_DN3142_c0_g1_i1:264-1265    -            334 274769at33208        -            383   1.7e-15   55.8   0.2   1   3   1.8e-06   0.00018   19.5   0.0    80   112    28    60    15    66 0.81 -
TRINITY_DN3142_c0_g1_i1:264-1265    -            334 274769at33208        -            383   1.7e-15   55.8   0.2   2   3     4e-05    0.0038   15.1   0.0   218   284   205   269   161   274 0.83 -
TRINITY_DN3142_c0_g1_i1:264-1265    -            334 274769at33208        -            383   1.7e-15   55.8   0.2   3   3   6.9e-06   0.00066   17.6   0.2   316   353   278   316   268   329 0.82 -
TRINITY_DN1262_c0_g1_i1:2490-3344   -            285 274769at33208        -            383   2.7e-14   51.9   6.4   1   2   1.5e-09   1.5e-07   29.7   1.9    85   281     1   222     1   230 0.69 -
TRINITY_DN1262_c0_g1_i1:2490-3344   -            285 274769at33208        -            383   2.7e-14   51.9   6.4   2   2   5.6e-08   5.4e-06   24.5   0.2   316   359   232   277   228   285 0.73 -
TRINITY_DN11776_c0_g1_i10:2370-3209 -            280 274769at33208        -            383   1.7e-13   49.2   0.4   1   2   6.6e-13   6.4e-11   40.7   0.0    74   276    20   228     3   233 0.70 -
TRINITY_DN11776_c0_g1_i10:2370-3209 -            280 274769at33208        -            383   1.7e-13   49.2   0.4   2   2     0.021       2.1    6.1   0.6   321   359   242   279   232   280 0.80 -
TRINITY_DN11776_c0_g1_i14:2370-3209 -            280 274769at33208        -            383   1.7e-13   49.2   0.4   1   2   6.6e-13   6.4e-11   40.7   0.0    74   276    20   228     3   233 0.70 -
TRINITY_DN11776_c0_g1_i14:2370-3209 -            280 274769at33208        -            383   1.7e-13   49.2   0.4   2   2     0.021       2.1    6.1   0.6   321   359   242   279   232   280 0.80 -
TRINITY_DN11776_c0_g1_i1:2370-3209  -            280 274769at33208        -            383   1.7e-13   49.2   0.4   1   2   6.6e-13   6.4e-11   40.7   0.0    74   276    20   228     3   233 0.70 -
TRINITY_DN11776_c0_g1_i1:2370-3209  -            280 274769at33208        -            383   1.7e-13   49.2   0.4   2   2     0.021       2.1    6.1   0.6   321   359   242   279   232   280 0.80 -
TRINITY_DN1873_c0_g1_i10:3751-4818  -            356 274769at33208        -            383   3.3e-13   48.3   0.0   1   2   1.4e-06   0.00014   19.9   0.0    85   112     1    28     1    96 0.89 -
TRINITY_DN1873_c0_g1_i10:3751-4818  -            356 274769at33208        -            383   3.3e-13   48.3   0.0   2   2   1.2e-08   1.2e-06   26.7   0.0   226   357   208   354   108   356 0.69 -
TRINITY_DN1873_c0_g1_i12:3787-4851  -            355 274769at33208        -            383   3.6e-13   48.1   0.0   1   2   1.8e-06   0.00018   19.5   0.0    85   112     1    28     1    57 0.93 -
TRINITY_DN1873_c0_g1_i12:3787-4851  -            355 274769at33208        -            383   3.6e-13   48.1   0.0   2   2   1.2e-08   1.1e-06   26.7   0.0   226   357   207   353   107   355 0.69 -
TRINITY_DN1775_c0_g1_i13:2372-3202  -            277 274769at33208        -            383   3.8e-13   48.1   1.9   1   2     6e-11   5.8e-09   34.3   0.2    85   257     2   185     1   203 0.73 -
TRINITY_DN1775_c0_g1_i13:2372-3202  -            277 274769at33208        -            383   3.8e-13   48.1   1.9   2   2   0.00011     0.011   13.6   0.1   317   355   223   262   208   277 0.77 -
TRINITY_DN1775_c0_g1_i22:2372-3202  -            277 274769at33208        -            383   3.8e-13   48.1   1.9   1   2     6e-11   5.8e-09   34.3   0.2    85   257     2   185     1   203 0.73 -
TRINITY_DN1775_c0_g1_i22:2372-3202  -            277 274769at33208        -            383   3.8e-13   48.1   1.9   2   2   0.00011     0.011   13.6   0.1   317   355   223   262   208   277 0.77 -
TRINITY_DN1775_c0_g1_i3:2394-3224   -            277 274769at33208        -            383   3.8e-13   48.1   1.9   1   2     6e-11   5.8e-09   34.3   0.2    85   257     2   185     1   203 0.73 -
TRINITY_DN1775_c0_g1_i3:2394-3224   -            277 274769at33208        -            383   3.8e-13   48.1   1.9   2   2   0.00011     0.011   13.6   0.1   317   355   223   262   208   277 0.77 -
TRINITY_DN1775_c0_g1_i7:2394-3224   -            277 274769at33208        -            383   3.8e-13   48.1   1.9   1   2     6e-11   5.8e-09   34.3   0.2    85   257     2   185     1   203 0.73 -
TRINITY_DN1775_c0_g1_i7:2394-3224   -            277 274769at33208        -            383   3.8e-13   48.1   1.9   2   2   0.00011     0.011   13.6   0.1   317   355   223   262   208   277 0.77 -
TRINITY_DN32054_c0_g1_i2:134-418    -             95 274769at33208        -            383   1.2e-12   46.4   0.0   1   1   1.5e-14   1.5e-12   46.1   0.0    83   168     1    92     1    95 0.74 -
TRINITY_DN32054_c0_g1_i1:103-369    -             89 274769at33208        -            383   3.9e-12   44.7   0.0   1   1   4.9e-14   4.8e-12   44.4   0.0    83   164     1    88     1    89 0.76 -
TRINITY_DN6813_c0_g1_i1:2929-3915   -            329 274769at33208        -            383   8.5e-12   43.6   8.6   1   4   3.9e-10   3.8e-08   31.6   0.4    84   117     3    36     2    63 0.83 -
TRINITY_DN6813_c0_g1_i1:2929-3915   -            329 274769at33208        -            383   8.5e-12   43.6   8.6   2   4      0.27        26    2.5   0.0   143   175    80   113    67   135 0.80 -
TRINITY_DN6813_c0_g1_i1:2929-3915   -            329 274769at33208        -            383   8.5e-12   43.6   8.6   3   4      0.46        45    1.7   0.0   237   269   221   251   206   267 0.78 -
TRINITY_DN6813_c0_g1_i1:2929-3915   -            329 274769at33208        -            383   8.5e-12   43.6   8.6   4   4    0.0018      0.18    9.6   0.8   316   354   276   315   262   325 0.83 -
TRINITY_DN9294_c0_g1_i1:232-1515    -            428 274769at33208        -            383   8.9e-12   43.6   8.4   1   3   2.5e-08   2.4e-06   25.7   1.6    85   174     1   106     1   133 0.56 -
TRINITY_DN9294_c0_g1_i1:232-1515    -            428 274769at33208        -            383   8.9e-12   43.6   8.4   2   3       2.4   2.3e+02   -0.6   0.0   237   277   314   352   294   369 0.81 -
TRINITY_DN9294_c0_g1_i1:232-1515    -            428 274769at33208        -            383   8.9e-12   43.6   8.4   3   3     3e-06   0.00029   18.8   0.2   310   360   366   418   359   428 0.77 -
TRINITY_DN9294_c0_g1_i2:232-1515    -            428 274769at33208        -            383   8.9e-12   43.6   8.4   1   3   2.5e-08   2.4e-06   25.7   1.6    85   174     1   106     1   133 0.56 -
TRINITY_DN9294_c0_g1_i2:232-1515    -            428 274769at33208        -            383   8.9e-12   43.6   8.4   2   3       2.4   2.3e+02   -0.6   0.0   237   277   314   352   294   369 0.81 -
TRINITY_DN9294_c0_g1_i2:232-1515    -            428 274769at33208        -            383   8.9e-12   43.6   8.4   3   3     3e-06   0.00029   18.8   0.2   310   360   366   418   359   428 0.77 -
TRINITY_DN6813_c0_g1_i13:2929-3924  -            332 274769at33208        -            383     1e-11   43.4   9.2   1   4     4e-10   3.8e-08   31.6   0.4    84   117     3    36     2    63 0.83 -
TRINITY_DN6813_c0_g1_i13:2929-3924  -            332 274769at33208        -            383     1e-11   43.4   9.2   2   4      0.27        26    2.5   0.0   143   175    80   113    67   135 0.80 -
TRINITY_DN6813_c0_g1_i13:2929-3924  -            332 274769at33208        -            383     1e-11   43.4   9.2   3   4      0.46        45    1.7   0.0   237   261   221   245   198   263 0.79 -
TRINITY_DN6813_c0_g1_i13:2929-3924  -            332 274769at33208        -            383     1e-11   43.4   9.2   4   4    0.0013      0.13   10.1   1.2   315   354   275   315   247   332 0.78 -
TRINITY_DN6813_c0_g1_i15:2929-3924  -            332 274769at33208        -            383     1e-11   43.4   9.2   1   4     4e-10   3.8e-08   31.6   0.4    84   117     3    36     2    63 0.83 -
TRINITY_DN6813_c0_g1_i15:2929-3924  -            332 274769at33208        -            383     1e-11   43.4   9.2   2   4      0.27        26    2.5   0.0   143   175    80   113    67   135 0.80 -
TRINITY_DN6813_c0_g1_i15:2929-3924  -            332 274769at33208        -            383     1e-11   43.4   9.2   3   4      0.46        45    1.7   0.0   237   261   221   245   198   263 0.79 -
TRINITY_DN6813_c0_g1_i15:2929-3924  -            332 274769at33208        -            383     1e-11   43.4   9.2   4   4    0.0013      0.13   10.1   1.2   315   354   275   315   247   332 0.78 -
TRINITY_DN6813_c0_g1_i5:2929-3924   -            332 274769at33208        -            383     1e-11   43.4   9.2   1   4     4e-10   3.8e-08   31.6   0.4    84   117     3    36     2    63 0.83 -
TRINITY_DN6813_c0_g1_i5:2929-3924   -            332 274769at33208        -            383     1e-11   43.4   9.2   2   4      0.27        26    2.5   0.0   143   175    80   113    67   135 0.80 -
TRINITY_DN6813_c0_g1_i5:2929-3924   -            332 274769at33208        -            383     1e-11   43.4   9.2   3   4      0.46        45    1.7   0.0   237   261   221   245   198   263 0.79 -
TRINITY_DN6813_c0_g1_i5:2929-3924   -            332 274769at33208        -            383     1e-11   43.4   9.2   4   4    0.0013      0.13   10.1   1.2   315   354   275   315   247   332 0.78 -
TRINITY_DN7462_c0_g1_i1:561-1685    -            375 274769at33208        -            383   1.8e-11   42.6   4.8   1   2   1.6e-05    0.0015   16.4   0.3    85   170     1   101     1   106 0.65 -
TRINITY_DN7462_c0_g1_i1:561-1685    -            375 274769at33208        -            383   1.8e-11   42.6   4.8   2   2   1.7e-08   1.6e-06   26.2   0.5   237   365   245   362   225   373 0.74 -
TRINITY_DN7462_c0_g1_i4:561-1685    -            375 274769at33208        -            383   1.8e-11   42.6   4.8   1   2   1.6e-05    0.0015   16.4   0.3    85   170     1   101     1   106 0.65 -
TRINITY_DN7462_c0_g1_i4:561-1685    -            375 274769at33208        -            383   1.8e-11   42.6   4.8   2   2   1.7e-08   1.6e-06   26.2   0.5   237   365   245   362   225   373 0.74 -
TRINITY_DN35220_c0_g1_i3:2206-3030  -            275 274769at33208        -            383   3.5e-10   38.3   0.2   1   2   2.4e-09   2.3e-07   29.0   0.3    83   113    19    49     8    60 0.88 -
TRINITY_DN35220_c0_g1_i3:2206-3030  -            275 274769at33208        -            383   3.5e-10   38.3   0.2   2   2    0.0098      0.95    7.3   0.0   119   194    77   150    66   177 0.83 -
TRINITY_DN4768_c0_g1_i1:5087-6154   -            356 274769at33208        -            383   5.6e-10   37.6   6.8   1   1   1.6e-11   1.6e-09   36.2   6.8    84   364    15   313    11   321 0.68 -
TRINITY_DN4768_c0_g1_i2:5087-6154   -            356 274769at33208        -            383   5.6e-10   37.6   6.8   1   1   1.6e-11   1.6e-09   36.2   6.8    84   364    15   313    11   321 0.68 -
TRINITY_DN32119_c0_g1_i1:1734-2393  -            220 274769at33208        -            383   5.9e-10   37.6   0.6   1   2   1.6e-08   1.6e-06   26.3   0.3    84   110     1    27     1    32 0.91 -
TRINITY_DN32119_c0_g1_i1:1734-2393  -            220 274769at33208        -            383   5.9e-10   37.6   0.6   2   2    0.0019      0.18    9.6   0.0   115   176    50   112    43   135 0.87 -
TRINITY_DN6813_c0_g1_i9:2938-3441   -            168 274769at33208        -            383   9.8e-10   36.8   0.9   1   2   3.8e-10   3.7e-08   31.6   0.3    85   118     1    34     1    59 0.83 -
TRINITY_DN6813_c0_g1_i9:2938-3441   -            168 274769at33208        -            383   9.8e-10   36.8   0.9   2   2     0.092       8.9    4.1   0.0   143   175    77   110    65   132 0.80 -
TRINITY_DN2431_c0_g2_i1:2117-3211   -            365 274769at33208        -            383   2.9e-09   35.3   9.0   1   2   4.1e-06    0.0004   18.4   3.7    85   284     1   233     1   242 0.71 -
TRINITY_DN2431_c0_g2_i1:2117-3211   -            365 274769at33208        -            383   2.9e-09   35.3   9.0   2   2   3.8e-06   0.00036   18.5   0.2   316   372   290   348   262   356 0.85 -
TRINITY_DN17719_c0_g1_i3:283-1470   -            396 274769at33208        -            383     3e-09   35.2   2.0   1   3   6.2e-06    0.0006   17.8   0.8    79   179     6   120     1   139 0.59 -
TRINITY_DN17719_c0_g1_i3:283-1470   -            396 274769at33208        -            383     3e-09   35.2   2.0   2   3       0.1       9.9    3.9   0.0   232   280   242   289   214   300 0.81 -
TRINITY_DN17719_c0_g1_i3:283-1470   -            396 274769at33208        -            383     3e-09   35.2   2.0   3   3    0.0042      0.41    8.5   0.0   316   354   345   385   330   395 0.77 -
TRINITY_DN17719_c0_g1_i9:283-1470   -            396 274769at33208        -            383     3e-09   35.2   2.0   1   3   6.2e-06    0.0006   17.8   0.8    79   179     6   120     1   139 0.59 -
TRINITY_DN17719_c0_g1_i9:283-1470   -            396 274769at33208        -            383     3e-09   35.2   2.0   2   3       0.1       9.9    3.9   0.0   232   280   242   289   214   300 0.81 -
TRINITY_DN17719_c0_g1_i9:283-1470   -            396 274769at33208        -            383     3e-09   35.2   2.0   3   3    0.0042      0.41    8.5   0.0   316   354   345   385   330   395 0.77 -
TRINITY_DN4343_c0_g1_i1:1113-2237   -            375 274769at33208        -            383   7.7e-09   33.9   0.4   1   2    0.0021       0.2    9.5   0.0    85   118     1    34     1    95 0.77 -
TRINITY_DN4343_c0_g1_i1:1113-2237   -            375 274769at33208        -            383   7.7e-09   33.9   0.4   2   2   2.7e-07   2.6e-05   22.3   0.0   313   376   311   374   264   375 0.77 -
TRINITY_DN4343_c0_g1_i2:1113-2237   -            375 274769at33208        -            383   7.7e-09   33.9   0.4   1   2    0.0021       0.2    9.5   0.0    85   118     1    34     1    95 0.77 -
TRINITY_DN4343_c0_g1_i2:1113-2237   -            375 274769at33208        -            383   7.7e-09   33.9   0.4   2   2   2.7e-07   2.6e-05   22.3   0.0   313   376   311   374   264   375 0.77 -
TRINITY_DN4343_c0_g1_i4:1113-2237   -            375 274769at33208        -            383   7.7e-09   33.9   0.4   1   2    0.0021       0.2    9.5   0.0    85   118     1    34     1    95 0.77 -
TRINITY_DN4343_c0_g1_i4:1113-2237   -            375 274769at33208        -            383   7.7e-09   33.9   0.4   2   2   2.7e-07   2.6e-05   22.3   0.0   313   376   311   374   264   375 0.77 -
TRINITY_DN4343_c0_g1_i6:1113-2237   -            375 274769at33208        -            383   7.7e-09   33.9   0.4   1   2    0.0021       0.2    9.5   0.0    85   118     1    34     1    95 0.77 -
TRINITY_DN4343_c0_g1_i6:1113-2237   -            375 274769at33208        -            383   7.7e-09   33.9   0.4   2   2   2.7e-07   2.6e-05   22.3   0.0   313   376   311   374   264   375 0.77 -
TRINITY_DN5368_c0_g1_i1:481-1191    -            237 274769at33208        -            383   9.4e-09   33.6   0.2   1   2     2e-06   0.00019   19.4   0.1    83   121    52    90    36   105 0.83 -
TRINITY_DN5368_c0_g1_i1:481-1191    -            237 274769at33208        -            383   9.4e-09   33.6   0.2   2   2   0.00038     0.037   11.9   0.0   114   197   110   195   102   209 0.74 -
TRINITY_DN5368_c0_g1_i2:481-1191    -            237 274769at33208        -            383   9.4e-09   33.6   0.2   1   2     2e-06   0.00019   19.4   0.1    83   121    52    90    36   105 0.83 -
TRINITY_DN5368_c0_g1_i2:481-1191    -            237 274769at33208        -            383   9.4e-09   33.6   0.2   2   2   0.00038     0.037   11.9   0.0   114   197   110   195   102   209 0.74 -
TRINITY_DN5368_c0_g1_i3:481-1191    -            237 274769at33208        -            383   9.4e-09   33.6   0.2   1   2     2e-06   0.00019   19.4   0.1    83   121    52    90    36   105 0.83 -
TRINITY_DN5368_c0_g1_i3:481-1191    -            237 274769at33208        -            383   9.4e-09   33.6   0.2   2   2   0.00038     0.037   11.9   0.0   114   197   110   195   102   209 0.74 -
TRINITY_DN14227_c0_g1_i1:1031-1813  -            261 274769at33208        -            383   1.5e-08   32.9   0.6   1   3   4.2e-08   4.1e-06   24.9   0.0    85   114     1    30     1    42 0.89 -
TRINITY_DN14227_c0_g1_i1:1031-1813  -            261 274769at33208        -            383   1.5e-08   32.9   0.6   2   3     0.034       3.3    5.5   0.0   130   174    79   120    69   155 0.76 -
TRINITY_DN14227_c0_g1_i1:1031-1813  -            261 274769at33208        -            383   1.5e-08   32.9   0.6   3   3         4   3.9e+02   -1.3   0.0   226   257   223   254   191   258 0.74 -
TRINITY_DN14227_c0_g1_i3:1031-1813  -            261 274769at33208        -            383   1.5e-08   32.9   0.6   1   3   4.2e-08   4.1e-06   24.9   0.0    85   114     1    30     1    42 0.89 -
TRINITY_DN14227_c0_g1_i3:1031-1813  -            261 274769at33208        -            383   1.5e-08   32.9   0.6   2   3     0.034       3.3    5.5   0.0   130   174    79   120    69   155 0.76 -
TRINITY_DN14227_c0_g1_i3:1031-1813  -            261 274769at33208        -            383   1.5e-08   32.9   0.6   3   3         4   3.9e+02   -1.3   0.0   226   257   223   254   191   258 0.74 -
TRINITY_DN14227_c0_g1_i5:1031-1813  -            261 274769at33208        -            383   1.5e-08   32.9   0.6   1   3   4.2e-08   4.1e-06   24.9   0.0    85   114     1    30     1    42 0.89 -
TRINITY_DN14227_c0_g1_i5:1031-1813  -            261 274769at33208        -            383   1.5e-08   32.9   0.6   2   3     0.034       3.3    5.5   0.0   130   174    79   120    69   155 0.76 -
TRINITY_DN14227_c0_g1_i5:1031-1813  -            261 274769at33208        -            383   1.5e-08   32.9   0.6   3   3         4   3.9e+02   -1.3   0.0   226   257   223   254   191   258 0.74 -
TRINITY_DN121510_c0_g1_i1:980-1288  -            103 274769at33208        -            383   1.5e-08   32.9   0.9   1   1     3e-10   2.9e-08   32.0   0.9    85   143     1    59     1   103 0.55 -
TRINITY_DN11697_c0_g1_i13:514-819   -            102 274769at33208        -            383   1.5e-07   29.7   1.0   1   1   2.2e-09   2.1e-07   29.2   1.0    85   116     1    32     1   102 0.60 -
TRINITY_DN11697_c0_g1_i3:514-819    -            102 274769at33208        -            383   1.5e-07   29.7   1.0   1   1   2.2e-09   2.1e-07   29.2   1.0    85   116     1    32     1   102 0.60 -
TRINITY_DN11697_c0_g1_i4:514-819    -            102 274769at33208        -            383   1.5e-07   29.7   1.0   1   1   2.2e-09   2.1e-07   29.2   1.0    85   116     1    32     1   102 0.60 -
TRINITY_DN11697_c0_g1_i9:514-819    -            102 274769at33208        -            383   1.5e-07   29.7   1.0   1   1   2.2e-09   2.1e-07   29.2   1.0    85   116     1    32     1   102 0.60 -
TRINITY_DN5183_c0_g1_i4:3099-3281   -             61 274769at33208        -            383   3.5e-06   25.1   0.1   1   1   3.9e-08   3.7e-06   25.0   0.1    84   114     1    31     1    44 0.92 -
TRINITY_DN5183_c0_g1_i6:3105-3287   -             61 274769at33208        -            383   3.5e-06   25.1   0.1   1   1   3.9e-08   3.7e-06   25.0   0.1    84   114     1    31     1    44 0.92 -
TRINITY_DN3458_c0_g1_i15:3919-4605  -            229 274769at33208        -            383   1.2e-05   23.4   0.2   1   1   2.7e-07   2.6e-05   22.2   0.2    77   134    11    69     3   140 0.71 -
TRINITY_DN3458_c0_g1_i6:3956-4642   -            229 274769at33208        -            383   1.2e-05   23.4   0.2   1   1   2.7e-07   2.6e-05   22.2   0.2    77   134    11    69     3   140 0.71 -
TRINITY_DN3458_c0_g1_i8:3922-4608   -            229 274769at33208        -            383   1.2e-05   23.4   0.2   1   1   2.7e-07   2.6e-05   22.2   0.2    77   134    11    69     3   140 0.71 -
TRINITY_DN33021_c1_g1_i10:1200-2003 -            268 274769at33208        -            383   1.9e-05   22.7   4.0   1   2   0.00056     0.054   11.4   0.3    85   168     1    96     1   220 0.58 -
TRINITY_DN33021_c1_g1_i10:1200-2003 -            268 274769at33208        -            383   1.9e-05   22.7   4.0   2   2   0.00014     0.014   13.3   0.4   308   351   220   265   216   268 0.85 -
TRINITY_DN33021_c1_g1_i13:1200-2003 -            268 274769at33208        -            383   1.9e-05   22.7   4.0   1   2   0.00056     0.054   11.4   0.3    85   168     1    96     1   220 0.58 -
TRINITY_DN33021_c1_g1_i13:1200-2003 -            268 274769at33208        -            383   1.9e-05   22.7   4.0   2   2   0.00014     0.014   13.3   0.4   308   351   220   265   216   268 0.85 -
TRINITY_DN33021_c1_g1_i8:1200-2003  -            268 274769at33208        -            383   1.9e-05   22.7   4.0   1   2   0.00056     0.054   11.4   0.3    85   168     1    96     1   220 0.58 -
TRINITY_DN33021_c1_g1_i8:1200-2003  -            268 274769at33208        -            383   1.9e-05   22.7   4.0   2   2   0.00014     0.014   13.3   0.4   308   351   220   265   216   268 0.85 -
TRINITY_DN6020_c0_g1_i18:4125-4928  -            268 274769at33208        -            383   2.1e-05   22.6   0.2   1   2    0.0012      0.11   10.3   0.0    85   111     2    28     1   104 0.56 -
TRINITY_DN6020_c0_g1_i18:4125-4928  -            268 274769at33208        -            383   2.1e-05   22.6   0.2   2   2    0.0011      0.11   10.4   0.1   316   351   229   266   221   268 0.88 -
TRINITY_DN6020_c0_g1_i15:4125-4928  -            268 274769at33208        -            383   2.2e-05   22.5   0.2   1   2    0.0012      0.11   10.3   0.0    85   111     2    28     1   104 0.56 -
TRINITY_DN6020_c0_g1_i15:4125-4928  -            268 274769at33208        -            383   2.2e-05   22.5   0.2   2   2    0.0011      0.11   10.3   0.1   316   351   229   266   221   268 0.88 -
TRINITY_DN13316_c1_g1_i12:2213-3004 -            264 274769at33208        -            383   3.9e-05   21.7   6.6   1   2   4.9e-05    0.0047   14.8   5.2    85   114     1    30     1   191 0.68 -
TRINITY_DN13316_c1_g1_i12:2213-3004 -            264 274769at33208        -            383   3.9e-05   21.7   6.6   2   2     0.036       3.5    5.4   0.0   318   352   225   260   219   264 0.78 -
TRINITY_DN13316_c1_g1_i1:645-1436   -            264 274769at33208        -            383   3.9e-05   21.7   6.6   1   2   4.9e-05    0.0047   14.8   5.2    85   114     1    30     1   191 0.68 -
TRINITY_DN13316_c1_g1_i1:645-1436   -            264 274769at33208        -            383   3.9e-05   21.7   6.6   2   2     0.036       3.5    5.4   0.0   318   352   225   260   219   264 0.78 -
TRINITY_DN13316_c1_g1_i6:407-1198   -            264 274769at33208        -            383   3.9e-05   21.7   6.6   1   2   4.9e-05    0.0047   14.8   5.2    85   114     1    30     1   191 0.68 -
TRINITY_DN13316_c1_g1_i6:407-1198   -            264 274769at33208        -            383   3.9e-05   21.7   6.6   2   2     0.036       3.5    5.4   0.0   318   352   225   260   219   264 0.78 -
TRINITY_DN3323_c0_g1_i3:1322-2356   -            345 274769at33208        -            383   5.6e-05   21.2  16.2   1   3   4.3e-06   0.00042   18.3   5.7    84   110     3    29     2   161 0.79 -
TRINITY_DN3323_c0_g1_i3:1322-2356   -            345 274769at33208        -            383   5.6e-05   21.2  16.2   2   3       2.5   2.4e+02   -0.7   0.0   233   261   222   250   208   267 0.80 -
TRINITY_DN3323_c0_g1_i3:1322-2356   -            345 274769at33208        -            383   5.6e-05   21.2  16.2   3   3     0.019       1.8    6.3   0.9   312   365   276   331   251   341 0.77 -
TRINITY_DN3323_c0_g1_i4:1322-2356   -            345 274769at33208        -            383   5.6e-05   21.2  16.2   1   3   4.3e-06   0.00042   18.3   5.7    84   110     3    29     2   161 0.79 -
TRINITY_DN3323_c0_g1_i4:1322-2356   -            345 274769at33208        -            383   5.6e-05   21.2  16.2   2   3       2.5   2.4e+02   -0.7   0.0   233   261   222   250   208   267 0.80 -
TRINITY_DN3323_c0_g1_i4:1322-2356   -            345 274769at33208        -            383   5.6e-05   21.2  16.2   3   3     0.019       1.8    6.3   0.9   312   365   276   331   251   341 0.77 -
TRINITY_DN3323_c0_g1_i6:1323-2357   -            345 274769at33208        -            383   5.6e-05   21.2  16.2   1   3   4.3e-06   0.00042   18.3   5.7    84   110     3    29     2   161 0.79 -
TRINITY_DN3323_c0_g1_i6:1323-2357   -            345 274769at33208        -            383   5.6e-05   21.2  16.2   2   3       2.5   2.4e+02   -0.7   0.0   233   261   222   250   208   267 0.80 -
TRINITY_DN3323_c0_g1_i6:1323-2357   -            345 274769at33208        -            383   5.6e-05   21.2  16.2   3   3     0.019       1.8    6.3   0.9   312   365   276   331   251   341 0.77 -
TRINITY_DN3323_c0_g1_i7:1322-2356   -            345 274769at33208        -            383   5.6e-05   21.2  16.2   1   3   4.3e-06   0.00042   18.3   5.7    84   110     3    29     2   161 0.79 -
TRINITY_DN3323_c0_g1_i7:1322-2356   -            345 274769at33208        -            383   5.6e-05   21.2  16.2   2   3       2.5   2.4e+02   -0.7   0.0   233   261   222   250   208   267 0.80 -
TRINITY_DN3323_c0_g1_i7:1322-2356   -            345 274769at33208        -            383   5.6e-05   21.2  16.2   3   3     0.019       1.8    6.3   0.9   312   365   276   331   251   341 0.77 -
TRINITY_DN14884_c0_g1_i10:180-935   -            252 274769at33208        -            383   0.00023   19.2   0.7   1   1   2.6e-06   0.00025   19.0   0.1    85   165     1    93     1   134 0.66 -
TRINITY_DN1775_c0_g1_i20:272-547    -             92 274769at33208        -            383    0.0012   16.8   0.1   1   1   1.2e-05    0.0012   16.8   0.1   317   355    38    77    24    92 0.76 -
TRINITY_DN1775_c0_g1_i27:210-485    -             92 274769at33208        -            383    0.0012   16.8   0.1   1   1   1.2e-05    0.0012   16.8   0.1   317   355    38    77    24    92 0.76 -
TRINITY_DN6074_c0_g1_i6:1077-2018   -            314 274769at33208        -            383    0.0052   14.7   0.0   1   1   0.00012     0.012   13.5   0.0     2    67     2    78     1    94 0.76 -
TRINITY_DN6074_c0_g1_i10:1089-2012  -            308 274769at33208        -            383    0.0071   14.3   0.0   1   1   0.00016     0.016   13.1   0.0     4    80     2    82     1    92 0.78 -
TRINITY_DN6074_c0_g1_i1:1089-2063   -            325 274769at33208        -            383    0.0081   14.1   0.0   1   1   0.00018     0.018   12.9   0.0     4    80     2    82     1    91 0.78 -
TRINITY_DN32119_c0_g1_i1:540-905    -            122 274769at33208        -            383     0.036   11.9   0.6   1   2       1.4   1.3e+02    0.2   0.0   238   260     8    30     2    52 0.78 -
TRINITY_DN32119_c0_g1_i1:540-905    -            122 274769at33208        -            383     0.036   11.9   0.6   2   2    0.0011      0.11   10.4   0.1   315   378    61   119    43   122 0.71 -
TRINITY_DN1278_c5_g1_i1:153-320     -             56 274769at33208        -            383     0.044   11.7   0.0   1   1   0.00048     0.046   11.6   0.0    11    51    10    50     2    55 0.91 -
TRINITY_DN23211_c0_g1_i1:279-506    -             76 274769at33208        -            383      0.06   11.2   0.0   1   1   0.00062      0.06   11.2   0.0    10    52    11    53     1    68 0.88 -
TRINITY_DN23211_c0_g1_i3:278-505    -             76 274769at33208        -            383      0.06   11.2   0.0   1   1   0.00062      0.06   11.2   0.0    10    52    11    53     1    68 0.88 -
TRINITY_DN48825_c0_g1_i1:142-369    -             76 274769at33208        -            383      0.06   11.2   0.0   1   1   0.00062      0.06   11.2   0.0    10    52    11    53     1    68 0.88 -
TRINITY_DN48825_c0_g1_i2:142-360    -             73 274769at33208        -            383     0.082   10.8   0.0   1   1   0.00085     0.082   10.8   0.0    11    52     9    50     2    65 0.89 -
#
# Program:         hmmsearch
# Version:         3.1b2 (February 2015)
# Pipeline mode:   SEARCH
# Query file:      /busco_wd/busco_downloads/lineages/metazoa_odb10/hmms/274769at33208.hmm
# Target file:     /busco_wd/BUSCO/run_metazoa_odb10/metaeuk_output/initial_results/Trinity.fasta.modified.fas
# Option settings: hmmsearch --domtblout /busco_wd/BUSCO/run_metazoa_odb10/hmmer_output/initial_run_results/274769at33208.out --cpu 1 /busco_wd/busco_downloads/lineages/metazoa_odb10/hmms/274769at33208.hmm /busco_wd/BUSCO/run_metazoa_odb10/metaeuk_output/initial_results/Trinity.fasta.modified.fas 
# Current dir:     /busco_wd
# Date:            Tue Nov 23 09:01:33 2021
# [ok]
