#                                                                                         --- full sequence --- -------------- this domain -------------   hmm coord   ali coord   env coord
# target name                     accession   tlen query name           accession   qlen   E-value  score  bias   #  of  c-Evalue  i-Evalue  score  bias  from    to  from    to  from    to  acc description of target
#             ------------------- ---------- ----- -------------------- ---------- ----- --------- ------ ----- --- --- --------- --------- ------ ----- ----- ----- ----- ----- ----- ----- ---- ---------------------
TRINITY_DN22708_c0_g1_i1:796-2403 -            536 285902at33208        -            409  1.6e-123  411.8  23.3   1   3     4e-36   9.2e-33  112.9   7.0     5   185    17   225    13   231 0.82 -
TRINITY_DN22708_c0_g1_i1:796-2403 -            536 285902at33208        -            409  1.6e-123  411.8  23.3   2   3   7.3e-33   1.7e-29  102.1   0.9   185   277   264   370   253   386 0.88 -
TRINITY_DN22708_c0_g1_i1:796-2403 -            536 285902at33208        -            409  1.6e-123  411.8  23.3   3   3   1.3e-64   2.9e-61  206.7   1.2   279   405   403   536   390   536 0.94 -
TRINITY_DN22708_c0_g1_i3:796-2403 -            536 285902at33208        -            409  1.6e-123  411.8  23.3   1   3     4e-36   9.2e-33  112.9   7.0     5   185    17   225    13   231 0.82 -
TRINITY_DN22708_c0_g1_i3:796-2403 -            536 285902at33208        -            409  1.6e-123  411.8  23.3   2   3   7.3e-33   1.7e-29  102.1   0.9   185   277   264   370   253   386 0.88 -
TRINITY_DN22708_c0_g1_i3:796-2403 -            536 285902at33208        -            409  1.6e-123  411.8  23.3   3   3   1.3e-64   2.9e-61  206.7   1.2   279   405   403   536   390   536 0.94 -
TRINITY_DN23522_c0_g1_i2:265-1827 -            521 285902at33208        -            409    0.0085   14.2   0.1   1   1   5.7e-06     0.013   13.5   0.1   141   267    83   208    69   220 0.87 -
TRINITY_DN23522_c0_g1_i1:178-1827 -            550 285902at33208        -            409    0.0094   14.0   0.1   1   1   6.3e-06     0.014   13.4   0.1   141   267   112   237    98   249 0.87 -
#
# Program:         hmmsearch
# Version:         3.1b2 (February 2015)
# Pipeline mode:   SEARCH
# Query file:      /busco_wd/busco_downloads/lineages/metazoa_odb10/hmms/285902at33208.hmm
# Target file:     /busco_wd/BUSCO/run_metazoa_odb10/metaeuk_output/initial_results/Trinity.fasta.modified.fas
# Option settings: hmmsearch --domtblout /busco_wd/BUSCO/run_metazoa_odb10/hmmer_output/initial_run_results/285902at33208.out --cpu 1 /busco_wd/busco_downloads/lineages/metazoa_odb10/hmms/285902at33208.hmm /busco_wd/BUSCO/run_metazoa_odb10/metaeuk_output/initial_results/Trinity.fasta.modified.fas 
# Current dir:     /busco_wd
# Date:            Tue Nov 23 09:01:45 2021
# [ok]
