#                                                                                        --- full sequence --- -------------- this domain -------------   hmm coord   ali coord   env coord
# target name                    accession   tlen query name           accession   qlen   E-value  score  bias   #  of  c-Evalue  i-Evalue  score  bias  from    to  from    to  from    to  acc description of target
#            ------------------- ---------- ----- -------------------- ---------- ----- --------- ------ ----- --- --- --------- --------- ------ ----- ----- ----- ----- ----- ----- ----- ---- ---------------------
TRINITY_DN1628_c0_g1_i3:349-2127 -            593 291875at33208        -            449  5.4e-127  423.4  72.6   1   2   1.3e-10   4.1e-07   28.3   4.6     8    84    14   103     8   151 0.69 -
TRINITY_DN1628_c0_g1_i3:349-2127 -            593 291875at33208        -            449  5.4e-127  423.4  72.6   2   2  1.5e-119  4.6e-116  387.4  64.6    56   427   152   591   114   593 0.88 -
TRINITY_DN1628_c0_g1_i2:349-2127 -            593 291875at33208        -            449  5.9e-127  423.3  72.8   1   3   1.7e-10   5.2e-07   28.0   5.0     8    85    14   104     8   149 0.67 -
TRINITY_DN1628_c0_g1_i2:349-2127 -            593 291875at33208        -            449  5.9e-127  423.3  72.8   2   3   9.7e-15     3e-11   41.9  20.1    56   155   152   265   133   279 0.74 -
TRINITY_DN1628_c0_g1_i2:349-2127 -            593 291875at33208        -            449  5.9e-127  423.3  72.8   3   3  1.1e-111  3.4e-108  361.5  37.7   100   427   260   591   258   593 0.87 -
TRINITY_DN1628_c0_g1_i1:34-633   -            200 291875at33208        -            449   5.1e-15   54.4  17.6   1   2   3.7e-11   1.1e-07   30.1   5.8     5    85    13   106     9   150 0.71 -
TRINITY_DN1628_c0_g1_i1:34-633   -            200 291875at33208        -            449   5.1e-15   54.4  17.6   2   2   2.9e-10   8.8e-07   27.2   6.6    56   101   154   199   140   200 0.72 -
#
# Program:         hmmsearch
# Version:         3.1b2 (February 2015)
# Pipeline mode:   SEARCH
# Query file:      /busco_wd/busco_downloads/lineages/metazoa_odb10/hmms/291875at33208.hmm
# Target file:     /busco_wd/BUSCO/run_metazoa_odb10/metaeuk_output/initial_results/Trinity.fasta.modified.fas
# Option settings: hmmsearch --domtblout /busco_wd/BUSCO/run_metazoa_odb10/hmmer_output/initial_run_results/291875at33208.out --cpu 1 /busco_wd/busco_downloads/lineages/metazoa_odb10/hmms/291875at33208.hmm /busco_wd/BUSCO/run_metazoa_odb10/metaeuk_output/initial_results/Trinity.fasta.modified.fas 
# Current dir:     /busco_wd
# Date:            Tue Nov 23 09:01:46 2021
# [ok]
