#                                                                                        --- full sequence --- -------------- this domain -------------   hmm coord   ali coord   env coord
# target name                    accession   tlen query name           accession   qlen   E-value  score  bias   #  of  c-Evalue  i-Evalue  score  bias  from    to  from    to  from    to  acc description of target
#            ------------------- ---------- ----- -------------------- ---------- ----- --------- ------ ----- --- --- --------- --------- ------ ----- ----- ----- ----- ----- ----- ----- ---- ---------------------
TRINITY_DN2192_c0_g1_i2:689-2719 -            677 300303at33208        -            423  1.2e-104  349.7  11.1   1   2   3.2e-31   7.3e-28   96.8   7.8    21   200    39   259    32   264 0.72 -
TRINITY_DN2192_c0_g1_i2:689-2719 -            677 300303at33208        -            423  1.2e-104  349.7  11.1   2   2   9.2e-78   2.1e-74  250.1   0.1   186   395   274   522   264   540 0.82 -
TRINITY_DN2192_c0_g1_i3:695-2725 -            677 300303at33208        -            423  1.2e-104  349.7  11.1   1   2   3.2e-31   7.3e-28   96.8   7.8    21   200    39   259    32   264 0.72 -
TRINITY_DN2192_c0_g1_i3:695-2725 -            677 300303at33208        -            423  1.2e-104  349.7  11.1   2   2   9.2e-78   2.1e-74  250.1   0.1   186   395   274   522   264   540 0.82 -
TRINITY_DN2192_c0_g1_i5:689-2719 -            677 300303at33208        -            423  1.2e-104  349.7  11.1   1   2   3.2e-31   7.3e-28   96.8   7.8    21   200    39   259    32   264 0.72 -
TRINITY_DN2192_c0_g1_i5:689-2719 -            677 300303at33208        -            423  1.2e-104  349.7  11.1   2   2   9.2e-78   2.1e-74  250.1   0.1   186   395   274   522   264   540 0.82 -
TRINITY_DN2192_c0_g1_i7:690-2720 -            677 300303at33208        -            423  1.2e-104  349.7  11.1   1   2   3.2e-31   7.3e-28   96.8   7.8    21   200    39   259    32   264 0.72 -
TRINITY_DN2192_c0_g1_i7:690-2720 -            677 300303at33208        -            423  1.2e-104  349.7  11.1   2   2   9.2e-78   2.1e-74  250.1   0.1   186   395   274   522   264   540 0.82 -
#
# Program:         hmmsearch
# Version:         3.1b2 (February 2015)
# Pipeline mode:   SEARCH
# Query file:      /busco_wd/busco_downloads/lineages/metazoa_odb10/hmms/300303at33208.hmm
# Target file:     /busco_wd/BUSCO/run_metazoa_odb10/metaeuk_output/initial_results/Trinity.fasta.modified.fas
# Option settings: hmmsearch --domtblout /busco_wd/BUSCO/run_metazoa_odb10/hmmer_output/initial_run_results/300303at33208.out --cpu 1 /busco_wd/busco_downloads/lineages/metazoa_odb10/hmms/300303at33208.hmm /busco_wd/BUSCO/run_metazoa_odb10/metaeuk_output/initial_results/Trinity.fasta.modified.fas 
# Current dir:     /busco_wd
# Date:            Tue Nov 23 09:01:46 2021
# [ok]
