#                                                                                           --- full sequence --- -------------- this domain -------------   hmm coord   ali coord   env coord
# target name                       accession   tlen query name           accession   qlen   E-value  score  bias   #  of  c-Evalue  i-Evalue  score  bias  from    to  from    to  from    to  acc description of target
#               ------------------- ---------- ----- -------------------- ---------- ----- --------- ------ ----- --- --- --------- --------- ------ ----- ----- ----- ----- ----- ----- ----- ---- ---------------------
TRINITY_DN4063_c0_g1_i7:450-2024    -            525 303117at33208        -            343   9.5e-99  329.9  12.1   1   3   4.6e-57   2.2e-55  187.3   2.4     2   168    89   293    88   301 0.85 -
TRINITY_DN4063_c0_g1_i7:450-2024    -            525 303117at33208        -            343   9.5e-99  329.9  12.1   2   3   3.3e-09   1.6e-07   29.9   0.2   169   199   335   365   331   372 0.92 -
TRINITY_DN4063_c0_g1_i7:450-2024    -            525 303117at33208        -            343   9.5e-99  329.9  12.1   3   3   3.2e-35   1.5e-33  115.5   0.2   213   312   419   525   402   525 0.89 -
TRINITY_DN4063_c0_g1_i4:450-2396    -            649 303117at33208        -            343   2.1e-98  328.8  11.4   1   3   5.4e-57   2.5e-55  187.1   1.9     2   167   213   416   212   422 0.85 -
TRINITY_DN4063_c0_g1_i4:450-2396    -            649 303117at33208        -            343   2.1e-98  328.8  11.4   2   3   4.2e-09     2e-07   29.6   0.2   169   199   459   489   455   496 0.92 -
TRINITY_DN4063_c0_g1_i4:450-2396    -            649 303117at33208        -            343   2.1e-98  328.8  11.4   3   3   4.5e-35   2.1e-33  115.0   0.2   213   312   543   649   526   649 0.89 -
TRINITY_DN4063_c0_g1_i3:450-1997    -            516 303117at33208        -            343   2.2e-98  328.7  11.9   1   3   1.3e-56   6.2e-55  185.8   2.3     2   168    80   284    79   292 0.85 -
TRINITY_DN4063_c0_g1_i3:450-1997    -            516 303117at33208        -            343   2.2e-98  328.7  11.9   2   3   3.2e-09   1.5e-07   30.0   0.2   169   199   326   356   322   363 0.92 -
TRINITY_DN4063_c0_g1_i3:450-1997    -            516 303117at33208        -            343   2.2e-98  328.7  11.9   3   3   3.1e-35   1.5e-33  115.5   0.2   213   312   410   516   393   516 0.89 -
TRINITY_DN4063_c0_g1_i5:450-2396    -            649 303117at33208        -            343   5.5e-98  327.4  11.3   1   3   1.6e-56   7.4e-55  185.5   1.8     2   168   213   417   212   424 0.84 -
TRINITY_DN4063_c0_g1_i5:450-2396    -            649 303117at33208        -            343   5.5e-98  327.4  11.3   2   3   4.2e-09     2e-07   29.6   0.2   169   199   459   489   455   496 0.92 -
TRINITY_DN4063_c0_g1_i5:450-2396    -            649 303117at33208        -            343   5.5e-98  327.4  11.3   3   3   4.5e-35   2.1e-33  115.0   0.2   213   312   543   649   526   649 0.89 -
TRINITY_DN859_c0_g1_i2:383-2098     -            572 303117at33208        -            343   4.7e-68  228.9   2.1   1   1   1.8e-68   8.4e-67  224.8   2.1    23   318    34   372    15   394 0.79 -
TRINITY_DN859_c0_g1_i5:128-1843     -            572 303117at33208        -            343   4.7e-68  228.9   2.1   1   1   1.8e-68   8.4e-67  224.8   2.1    23   318    34   372    15   394 0.79 -
TRINITY_DN859_c0_g1_i1:384-2525     -            714 303117at33208        -            343   1.2e-67  227.6   2.1   1   1   3.4e-68   1.6e-66  223.9   2.1    23   318   176   514   157   536 0.79 -
TRINITY_DN859_c0_g1_i7:80-2224      -            715 303117at33208        -            343   1.2e-67  227.6   2.1   1   1   3.4e-68   1.6e-66  223.9   2.1    23   318   177   515   158   537 0.79 -
TRINITY_DN702_c0_g1_i2:424-1632     -            403 303117at33208        -            343   6.3e-65  218.7   0.9   1   1   1.8e-65   8.6e-64  214.9   0.9    37   319    29   348    15   362 0.83 -
TRINITY_DN702_c0_g1_i3:127-1335     -            403 303117at33208        -            343   6.3e-65  218.7   0.9   1   1   1.8e-65   8.6e-64  214.9   0.9    37   319    29   348    15   362 0.83 -
TRINITY_DN702_c0_g1_i4:127-1335     -            403 303117at33208        -            343   6.3e-65  218.7   0.9   1   1   1.8e-65   8.6e-64  214.9   0.9    37   319    29   348    15   362 0.83 -
TRINITY_DN702_c0_g1_i6:439-1647     -            403 303117at33208        -            343   6.3e-65  218.7   0.9   1   1   1.8e-65   8.6e-64  214.9   0.9    37   319    29   348    15   362 0.83 -
TRINITY_DN1043_c0_g1_i1:342-1406    -            355 303117at33208        -            343   2.8e-59  200.1   0.3   1   1   1.5e-59     7e-58  195.5   0.3    23   319    11   345     7   354 0.83 -
TRINITY_DN1043_c0_g1_i2:342-1406    -            355 303117at33208        -            343   2.8e-59  200.1   0.3   1   1   1.5e-59     7e-58  195.5   0.3    23   319    11   345     7   354 0.83 -
TRINITY_DN539_c0_g1_i12:385-1644    -            420 303117at33208        -            343     7e-57  192.2   0.0   1   2   1.1e-33   5.3e-32  110.4   0.0    23   169     1   154     1   201 0.79 -
TRINITY_DN539_c0_g1_i12:385-1644    -            420 303117at33208        -            343     7e-57  192.2   0.0   2   2   2.8e-24   1.3e-22   79.5   0.0   219   318   242   346   223   363 0.84 -
TRINITY_DN539_c0_g1_i17:337-1596    -            420 303117at33208        -            343     7e-57  192.2   0.0   1   2   1.1e-33   5.3e-32  110.4   0.0    23   169     1   154     1   201 0.79 -
TRINITY_DN539_c0_g1_i17:337-1596    -            420 303117at33208        -            343     7e-57  192.2   0.0   2   2   2.8e-24   1.3e-22   79.5   0.0   219   318   242   346   223   363 0.84 -
TRINITY_DN26382_c0_g1_i12:594-2270  -            559 303117at33208        -            343   9.2e-57  191.8   0.1   1   2     7e-32   3.3e-30  104.5   0.0    21   170   164   313   157   319 0.89 -
TRINITY_DN26382_c0_g1_i12:594-2270  -            559 303117at33208        -            343   9.2e-57  191.8   0.1   2   2   9.6e-26   4.6e-24   84.3   0.0   222   318   400   502   381   511 0.85 -
TRINITY_DN26382_c0_g1_i5:594-2270   -            559 303117at33208        -            343   9.2e-57  191.8   0.1   1   2     7e-32   3.3e-30  104.5   0.0    21   170   164   313   157   319 0.89 -
TRINITY_DN26382_c0_g1_i5:594-2270   -            559 303117at33208        -            343   9.2e-57  191.8   0.1   2   2   9.6e-26   4.6e-24   84.3   0.0   222   318   400   502   381   511 0.85 -
TRINITY_DN2284_c0_g1_i12:1451-2770  -            440 303117at33208        -            343   9.9e-54  181.8   0.1   1   1   1.6e-53   7.5e-52  175.7   0.1    26   317     9   344     3   349 0.81 -
TRINITY_DN2284_c0_g1_i2:1460-2779   -            440 303117at33208        -            343   9.9e-54  181.8   0.1   1   1   1.6e-53   7.5e-52  175.7   0.1    26   317     9   344     3   349 0.81 -
TRINITY_DN2284_c0_g1_i4:1451-2770   -            440 303117at33208        -            343   9.9e-54  181.8   0.1   1   1   1.6e-53   7.5e-52  175.7   0.1    26   317     9   344     3   349 0.81 -
TRINITY_DN2284_c0_g1_i7:1451-2770   -            440 303117at33208        -            343   9.9e-54  181.8   0.1   1   1   1.6e-53   7.5e-52  175.7   0.1    26   317     9   344     3   349 0.81 -
TRINITY_DN18121_c0_g1_i1:57-1859    -            601 303117at33208        -            343   8.3e-53  178.8   0.0   1   1   8.5e-52     4e-50  170.0   0.0    22   319    13   366     7   383 0.76 -
TRINITY_DN4114_c0_g1_i1:1363-2532   -            390 303117at33208        -            343   2.2e-51  174.1   0.0   1   1   1.2e-51   5.8e-50  169.5   0.0    22   320    23   366    13   383 0.80 -
TRINITY_DN4114_c0_g1_i2:933-2102    -            390 303117at33208        -            343   2.2e-51  174.1   0.0   1   1   1.2e-51   5.8e-50  169.5   0.0    22   320    23   366    13   383 0.80 -
TRINITY_DN4114_c0_g1_i3:1365-2534   -            390 303117at33208        -            343   2.2e-51  174.1   0.0   1   1   1.2e-51   5.8e-50  169.5   0.0    22   320    23   366    13   383 0.80 -
TRINITY_DN5255_c0_g1_i10:598-1809   -            404 303117at33208        -            343   1.8e-50  171.1   0.0   1   1   4.6e-51   2.2e-49  167.5   0.0    22   319    29   375    22   388 0.76 -
TRINITY_DN5255_c0_g1_i8:598-1809    -            404 303117at33208        -            343   1.8e-50  171.1   0.0   1   1   4.6e-51   2.2e-49  167.5   0.0    22   319    29   375    22   388 0.76 -
TRINITY_DN605_c0_g1_i4:836-2140     -            435 303117at33208        -            343   1.7e-49  167.9   0.0   1   1   4.5e-49   2.1e-47  161.0   0.0    22   318    66   405    63   421 0.78 -
TRINITY_DN605_c0_g1_i5:836-2140     -            435 303117at33208        -            343   1.7e-49  167.9   0.0   1   1   4.5e-49   2.1e-47  161.0   0.0    22   318    66   405    63   421 0.78 -
TRINITY_DN238_c0_g1_i1:692-1933     -            414 303117at33208        -            343     2e-49  167.6   0.0   1   1   1.5e-49   7.2e-48  162.6   0.0    22   320    29   370    19   386 0.78 -
TRINITY_DN238_c0_g1_i3:692-1933     -            414 303117at33208        -            343     2e-49  167.6   0.0   1   1   1.5e-49   7.2e-48  162.6   0.0    22   320    29   370    19   386 0.78 -
TRINITY_DN209_c0_g1_i1:430-1578     -            383 303117at33208        -            343   2.1e-49  167.6   3.3   1   2   5.6e-30   2.7e-28   98.2   1.8    27   246    18   241    10   262 0.88 -
TRINITY_DN209_c0_g1_i1:430-1578     -            383 303117at33208        -            343   2.1e-49  167.6   3.3   2   2   1.5e-21   7.3e-20   70.5   0.1   219   319   239   345   237   370 0.82 -
TRINITY_DN2896_c0_g1_i3:404-1849    -            482 303117at33208        -            343     3e-49  167.1   0.9   1   2   2.5e-29   1.2e-27   96.1   1.3    33   176     4   156     1   257 0.72 -
TRINITY_DN2896_c0_g1_i3:404-1849    -            482 303117at33208        -            343     3e-49  167.1   0.9   2   2   4.5e-19   2.1e-17   62.4   0.0   252   334   305   384   293   392 0.88 -
TRINITY_DN2896_c0_g1_i1:404-1849    -            482 303117at33208        -            343   4.2e-49  166.6   0.9   1   2   2.5e-29   1.2e-27   96.1   1.3    33   176     4   156     1   257 0.72 -
TRINITY_DN2896_c0_g1_i1:404-1849    -            482 303117at33208        -            343   4.2e-49  166.6   0.9   2   2   6.3e-19     3e-17   61.9   0.0   252   334   305   384   293   392 0.88 -
TRINITY_DN2896_c0_g1_i2:404-1849    -            482 303117at33208        -            343   4.2e-49  166.6   0.9   1   2   2.5e-29   1.2e-27   96.1   1.3    33   176     4   156     1   257 0.72 -
TRINITY_DN2896_c0_g1_i2:404-1849    -            482 303117at33208        -            343   4.2e-49  166.6   0.9   2   2   6.3e-19     3e-17   61.9   0.0   252   334   305   384   293   392 0.88 -
TRINITY_DN1613_c0_g1_i10:1529-2944  -            472 303117at33208        -            343   4.9e-48  163.1   0.0   1   2   2.4e-26   1.1e-24   86.3   0.0    23   168    55   210    46   214 0.84 -
TRINITY_DN1613_c0_g1_i10:1529-2944  -            472 303117at33208        -            343   4.9e-48  163.1   0.0   2   2     1e-22   4.8e-21   74.4   0.0   222   334   298   414   229   423 0.80 -
TRINITY_DN1613_c0_g1_i11:1530-2945  -            472 303117at33208        -            343   4.9e-48  163.1   0.0   1   2   2.4e-26   1.1e-24   86.3   0.0    23   168    55   210    46   214 0.84 -
TRINITY_DN1613_c0_g1_i11:1530-2945  -            472 303117at33208        -            343   4.9e-48  163.1   0.0   2   2     1e-22   4.8e-21   74.4   0.0   222   334   298   414   229   423 0.80 -
TRINITY_DN1613_c0_g1_i14:1564-2979  -            472 303117at33208        -            343   4.9e-48  163.1   0.0   1   2   2.4e-26   1.1e-24   86.3   0.0    23   168    55   210    46   214 0.84 -
TRINITY_DN1613_c0_g1_i14:1564-2979  -            472 303117at33208        -            343   4.9e-48  163.1   0.0   2   2     1e-22   4.8e-21   74.4   0.0   222   334   298   414   229   423 0.80 -
TRINITY_DN1613_c0_g1_i18:1532-2947  -            472 303117at33208        -            343   4.9e-48  163.1   0.0   1   2   2.4e-26   1.1e-24   86.3   0.0    23   168    55   210    46   214 0.84 -
TRINITY_DN1613_c0_g1_i18:1532-2947  -            472 303117at33208        -            343   4.9e-48  163.1   0.0   2   2     1e-22   4.8e-21   74.4   0.0   222   334   298   414   229   423 0.80 -
TRINITY_DN1613_c0_g1_i6:1758-3173   -            472 303117at33208        -            343   4.9e-48  163.1   0.0   1   2   2.4e-26   1.1e-24   86.3   0.0    23   168    55   210    46   214 0.84 -
TRINITY_DN1613_c0_g1_i6:1758-3173   -            472 303117at33208        -            343   4.9e-48  163.1   0.0   2   2     1e-22   4.8e-21   74.4   0.0   222   334   298   414   229   423 0.80 -
TRINITY_DN18794_c0_g1_i1:165-2231   -            689 303117at33208        -            343   1.7e-47  161.4   0.4   1   1   6.2e-48     3e-46  157.3   0.4    23   319    31   367    28   373 0.81 -
TRINITY_DN18794_c0_g1_i2:373-2439   -            689 303117at33208        -            343   1.7e-47  161.4   0.4   1   1   6.2e-48     3e-46  157.3   0.4    23   319    31   367    28   373 0.81 -
TRINITY_DN18794_c0_g1_i3:116-2182   -            689 303117at33208        -            343   1.7e-47  161.4   0.4   1   1   6.2e-48     3e-46  157.3   0.4    23   319    31   367    28   373 0.81 -
TRINITY_DN13308_c0_g1_i2:471-1745   -            425 303117at33208        -            343   8.1e-47  159.1   0.0   1   2   7.1e-25   3.4e-23   81.4   0.0    26   168    48   205    36   209 0.81 -
TRINITY_DN13308_c0_g1_i2:471-1745   -            425 303117at33208        -            343   8.1e-47  159.1   0.0   2   2   7.2e-22   3.4e-20   71.5   0.0   250   319   328   397   293   420 0.86 -
TRINITY_DN5289_c0_g1_i1:151-1317    -            389 303117at33208        -            343   9.2e-47  158.9   0.0   1   2     3e-24   1.4e-22   79.4   0.0    22   169    17   169    11   246 0.87 -
TRINITY_DN5289_c0_g1_i1:151-1317    -            389 303117at33208        -            343   9.2e-47  158.9   0.0   2   2     1e-23   4.9e-22   77.6   0.0   250   318   291   359   283   383 0.91 -
TRINITY_DN13308_c0_g1_i3:366-1745   -            460 303117at33208        -            343   1.1e-46  158.7   0.0   1   2   7.9e-25   3.8e-23   81.3   0.0    26   168    48   205    36   212 0.82 -
TRINITY_DN13308_c0_g1_i3:366-1745   -            460 303117at33208        -            343   1.1e-46  158.7   0.0   2   2   7.9e-22   3.7e-20   71.4   0.0   250   319   328   397   293   425 0.86 -
TRINITY_DN13308_c0_g1_i4:366-1745   -            460 303117at33208        -            343   1.1e-46  158.7   0.0   1   2   7.9e-25   3.8e-23   81.3   0.0    26   168    48   205    36   212 0.82 -
TRINITY_DN13308_c0_g1_i4:366-1745   -            460 303117at33208        -            343   1.1e-46  158.7   0.0   2   2   7.9e-22   3.7e-20   71.4   0.0   250   319   328   397   293   425 0.86 -
TRINITY_DN1618_c0_g2_i1:471-1652    -            394 303117at33208        -            343   3.7e-46  156.9   1.6   1   2   3.5e-31   1.7e-29  102.2   2.0    23   275    13   309     7   313 0.73 -
TRINITY_DN1618_c0_g2_i1:471-1652    -            394 303117at33208        -            343   3.7e-46  156.9   1.6   2   2   6.1e-15   2.9e-13   48.8   0.0   274   326   338   388   333   394 0.88 -
TRINITY_DN5382_c0_g1_i1:1827-3320   -            498 303117at33208        -            343   6.7e-46  156.1   0.0   1   2   1.5e-24   7.3e-23   80.3   0.0    24   168    56   213    49   216 0.82 -
TRINITY_DN5382_c0_g1_i1:1827-3320   -            498 303117at33208        -            343   6.7e-46  156.1   0.0   2   2     6e-22   2.9e-20   71.8   0.0   220   323   299   408   280   418 0.83 -
TRINITY_DN5382_c0_g1_i3:1827-3320   -            498 303117at33208        -            343   6.7e-46  156.1   0.0   1   2   1.5e-24   7.3e-23   80.3   0.0    24   168    56   213    49   216 0.82 -
TRINITY_DN5382_c0_g1_i3:1827-3320   -            498 303117at33208        -            343   6.7e-46  156.1   0.0   2   2     6e-22   2.9e-20   71.8   0.0   220   323   299   408   280   418 0.83 -
TRINITY_DN5382_c0_g1_i6:1827-3320   -            498 303117at33208        -            343   6.7e-46  156.1   0.0   1   2   1.5e-24   7.3e-23   80.3   0.0    24   168    56   213    49   216 0.82 -
TRINITY_DN5382_c0_g1_i6:1827-3320   -            498 303117at33208        -            343   6.7e-46  156.1   0.0   2   2     6e-22   2.9e-20   71.8   0.0   220   323   299   408   280   418 0.83 -
TRINITY_DN5382_c0_g1_i7:1827-3320   -            498 303117at33208        -            343   6.7e-46  156.1   0.0   1   2   1.5e-24   7.3e-23   80.3   0.0    24   168    56   213    49   216 0.82 -
TRINITY_DN5382_c0_g1_i7:1827-3320   -            498 303117at33208        -            343   6.7e-46  156.1   0.0   2   2     6e-22   2.9e-20   71.8   0.0   220   323   299   408   280   418 0.83 -
TRINITY_DN5382_c0_g1_i8:1827-3320   -            498 303117at33208        -            343   6.7e-46  156.1   0.0   1   2   1.5e-24   7.3e-23   80.3   0.0    24   168    56   213    49   216 0.82 -
TRINITY_DN5382_c0_g1_i8:1827-3320   -            498 303117at33208        -            343   6.7e-46  156.1   0.0   2   2     6e-22   2.9e-20   71.8   0.0   220   323   299   408   280   418 0.83 -
TRINITY_DN1764_c0_g1_i1:65-2239     -            725 303117at33208        -            343   1.2e-45  155.3   0.5   1   2   2.1e-23   9.8e-22   76.6   0.0    23   169   224   391   218   399 0.76 -
TRINITY_DN1764_c0_g1_i1:65-2239     -            725 303117at33208        -            343   1.2e-45  155.3   0.5   2   2   2.1e-22     1e-20   73.3   0.1   169   316   441   596   429   617 0.75 -
TRINITY_DN1764_c0_g1_i2:65-2239     -            725 303117at33208        -            343   1.2e-45  155.3   0.5   1   2   2.1e-23   9.8e-22   76.6   0.0    23   169   224   391   218   399 0.76 -
TRINITY_DN1764_c0_g1_i2:65-2239     -            725 303117at33208        -            343   1.2e-45  155.3   0.5   2   2   2.1e-22     1e-20   73.3   0.1   169   316   441   596   429   617 0.75 -
TRINITY_DN2507_c0_g1_i1:281-1615    -            445 303117at33208        -            343   6.3e-45  152.9   0.0   1   2   3.4e-23   1.6e-21   75.9   0.0    25   169    77   226    70   239 0.87 -
TRINITY_DN2507_c0_g1_i1:281-1615    -            445 303117at33208        -            343   6.3e-45  152.9   0.0   2   2   7.2e-23   3.4e-21   74.8   0.0   248   319   345   416   287   438 0.83 -
TRINITY_DN2507_c0_g1_i8:281-1851    -            445 303117at33208        -            343   6.3e-45  152.9   0.0   1   2   3.4e-23   1.6e-21   75.9   0.0    25   169    77   226    70   239 0.87 -
TRINITY_DN2507_c0_g1_i8:281-1851    -            445 303117at33208        -            343   6.3e-45  152.9   0.0   2   2   7.2e-23   3.4e-21   74.8   0.0   248   319   345   416   287   438 0.83 -
TRINITY_DN3227_c0_g1_i1:2451-3626   -            392 303117at33208        -            343     8e-45  152.5   0.0   1   2   7.3e-25   3.5e-23   81.4   0.0    26   185    21   184    11   236 0.84 -
TRINITY_DN3227_c0_g1_i1:2451-3626   -            392 303117at33208        -            343     8e-45  152.5   0.0   2   2   6.8e-21   3.2e-19   68.3   0.1   222   319   257   360   243   378 0.80 -
TRINITY_DN3227_c0_g1_i5:2451-3626   -            392 303117at33208        -            343     8e-45  152.5   0.0   1   2   7.3e-25   3.5e-23   81.4   0.0    26   185    21   184    11   236 0.84 -
TRINITY_DN3227_c0_g1_i5:2451-3626   -            392 303117at33208        -            343     8e-45  152.5   0.0   2   2   6.8e-21   3.2e-19   68.3   0.1   222   319   257   360   243   378 0.80 -
TRINITY_DN1882_c0_g1_i2:1200-2420   -            407 303117at33208        -            343   8.1e-45  152.5   0.0   1   2   6.8e-23   3.2e-21   74.9   0.0    35   168    36   178    22   182 0.84 -
TRINITY_DN1882_c0_g1_i2:1200-2420   -            407 303117at33208        -            343   8.1e-45  152.5   0.0   2   2   5.7e-23   2.7e-21   75.2   0.0   222   319   287   390   220   400 0.78 -
TRINITY_DN1882_c0_g1_i3:1200-2420   -            407 303117at33208        -            343   8.1e-45  152.5   0.0   1   2   6.8e-23   3.2e-21   74.9   0.0    35   168    36   178    22   182 0.84 -
TRINITY_DN1882_c0_g1_i3:1200-2420   -            407 303117at33208        -            343   8.1e-45  152.5   0.0   2   2   5.7e-23   2.7e-21   75.2   0.0   222   319   287   390   220   400 0.78 -
TRINITY_DN1882_c0_g1_i4:1200-2420   -            407 303117at33208        -            343   8.1e-45  152.5   0.0   1   2   6.8e-23   3.2e-21   74.9   0.0    35   168    36   178    22   182 0.84 -
TRINITY_DN1882_c0_g1_i4:1200-2420   -            407 303117at33208        -            343   8.1e-45  152.5   0.0   2   2   5.7e-23   2.7e-21   75.2   0.0   222   319   287   390   220   400 0.78 -
TRINITY_DN8372_c0_g2_i16:163-1482   -            440 303117at33208        -            343   6.1e-44  149.7   0.1   1   2   1.5e-24   7.2e-23   80.4   0.0    23   169    52   206    48   225 0.84 -
TRINITY_DN8372_c0_g2_i16:163-1482   -            440 303117at33208        -            343   6.1e-44  149.7   0.1   2   2   1.4e-20   6.9e-19   67.3   0.0   219   332   301   422   276   430 0.82 -
TRINITY_DN8372_c0_g2_i1:163-1482    -            440 303117at33208        -            343   6.1e-44  149.7   0.1   1   2   1.5e-24   7.2e-23   80.4   0.0    23   169    52   206    48   225 0.84 -
TRINITY_DN8372_c0_g2_i1:163-1482    -            440 303117at33208        -            343   6.1e-44  149.7   0.1   2   2   1.4e-20   6.9e-19   67.3   0.0   219   332   301   422   276   430 0.82 -
TRINITY_DN16134_c0_g1_i4:602-1866   -            398 303117at33208        -            343   1.1e-43  148.8   2.1   1   1   1.5e-43     7e-42  142.9   2.1    22   319    27   376    19   389 0.77 -
TRINITY_DN29307_c0_g2_i1:556-1683   -            376 303117at33208        -            343   1.9e-43  148.0   4.6   1   2   7.4e-23   3.5e-21   74.8   0.4    27   168    19   160     8   170 0.86 -
TRINITY_DN29307_c0_g2_i1:556-1683   -            376 303117at33208        -            343   1.9e-43  148.0   4.6   2   2     1e-22     5e-21   74.3   0.4   220   335   243   369   172   375 0.79 -
TRINITY_DN16134_c0_g1_i9:332-1759   -            476 303117at33208        -            343   2.5e-43  147.6   1.5   1   1     2e-43   9.6e-42  142.4   1.5    22   319   117   466   110   472 0.77 -
TRINITY_DN2531_c0_g1_i9:379-1509    -            377 303117at33208        -            343   4.4e-43  146.8   2.0   1   1   4.2e-43     2e-41  141.4   2.0    24   319    16   351    12   377 0.78 -
TRINITY_DN116521_c0_g1_i1:1-1038    -            346 303117at33208        -            343   1.5e-42  145.1   2.6   1   1   1.5e-42   7.2e-41  139.6   2.6    33   319     8   335     2   342 0.78 -
TRINITY_DN477_c0_g1_i1:311-1471     -            387 303117at33208        -            343   1.9e-42  144.7   0.0   1   2     1e-19     5e-18   64.4   0.0    28   169    37   178    24   186 0.87 -
TRINITY_DN477_c0_g1_i1:311-1471     -            387 303117at33208        -            343   1.9e-42  144.7   0.0   2   2   7.4e-24   3.5e-22   78.1   0.0   220   333   260   384   235   387 0.79 -
TRINITY_DN477_c0_g1_i2:312-1472     -            387 303117at33208        -            343   1.9e-42  144.7   0.0   1   2     1e-19     5e-18   64.4   0.0    28   169    37   178    24   186 0.87 -
TRINITY_DN477_c0_g1_i2:312-1472     -            387 303117at33208        -            343   1.9e-42  144.7   0.0   2   2   7.4e-24   3.5e-22   78.1   0.0   220   333   260   384   235   387 0.79 -
TRINITY_DN11359_c0_g1_i3:29-946     -            306 303117at33208        -            343   2.2e-38  131.4   0.0   1   2   5.2e-13   2.5e-11   42.4   0.0   109   236    28   161    18   168 0.74 -
TRINITY_DN11359_c0_g1_i3:29-946     -            306 303117at33208        -            343   2.2e-38  131.4   0.0   2   2   1.7e-27     8e-26   90.1   0.0   169   339   105   295    95   299 0.78 -
TRINITY_DN11359_c0_g1_i6:29-946     -            306 303117at33208        -            343   2.2e-38  131.4   0.0   1   2   5.2e-13   2.5e-11   42.4   0.0   109   236    28   161    18   168 0.74 -
TRINITY_DN11359_c0_g1_i6:29-946     -            306 303117at33208        -            343   2.2e-38  131.4   0.0   2   2   1.7e-27     8e-26   90.1   0.0   169   339   105   295    95   299 0.78 -
TRINITY_DN11359_c0_g1_i9:418-1335   -            306 303117at33208        -            343   2.2e-38  131.4   0.0   1   2   5.2e-13   2.5e-11   42.4   0.0   109   236    28   161    18   168 0.74 -
TRINITY_DN11359_c0_g1_i9:418-1335   -            306 303117at33208        -            343   2.2e-38  131.4   0.0   2   2   1.7e-27     8e-26   90.1   0.0   169   339   105   295    95   299 0.78 -
TRINITY_DN7119_c0_g1_i4:377-1636    -            420 303117at33208        -            343   5.6e-37  126.8   3.8   1   2   3.9e-19   1.8e-17   62.6   1.0    23   172    11   159     6   161 0.83 -
TRINITY_DN7119_c0_g1_i4:377-1636    -            420 303117at33208        -            343   5.6e-37  126.8   3.8   2   2     1e-19   4.9e-18   64.5   0.1   248   318   324   394   310   411 0.90 -
TRINITY_DN7119_c0_g1_i12:377-1636   -            420 303117at33208        -            343     7e-37  126.4   3.5   1   2   5.4e-19   2.6e-17   62.1   0.9    23   172    11   159     6   161 0.82 -
TRINITY_DN7119_c0_g1_i12:377-1636   -            420 303117at33208        -            343     7e-37  126.4   3.5   2   2     1e-19   4.9e-18   64.5   0.1   248   318   324   394   310   411 0.90 -
TRINITY_DN5165_c0_g1_i1:119-2296    -            726 303117at33208        -            343   7.1e-37  126.4   0.1   1   3   1.9e-07   8.8e-06   24.2   0.0    25    74    16    65    10    69 0.84 -
TRINITY_DN5165_c0_g1_i1:119-2296    -            726 303117at33208        -            343   7.1e-37  126.4   0.1   2   3   4.2e-12     2e-10   39.4   0.0    81   174   283   378   275   392 0.79 -
TRINITY_DN5165_c0_g1_i1:119-2296    -            726 303117at33208        -            343   7.1e-37  126.4   0.1   3   3   6.7e-18   3.2e-16   58.5   0.0   252   320   546   614   542   628 0.92 -
TRINITY_DN16134_c0_g1_i2:602-1795   -            365 303117at33208        -            343   6.9e-36  123.2   4.5   1   2   3.8e-12   1.8e-10   39.6   0.1    22    96    27   112    19   115 0.83 -
TRINITY_DN16134_c0_g1_i2:602-1795   -            365 303117at33208        -            343   6.9e-36  123.2   4.5   2   2   2.5e-24   1.2e-22   79.6   1.5   131   319   115   343   112   356 0.75 -
TRINITY_DN1753_c0_g1_i12:431-1609   -            393 303117at33208        -            343   7.5e-36  123.0   0.0   1   1   2.3e-35   1.1e-33  115.9   0.0    27   336    15   378     6   384 0.74 -
TRINITY_DN1753_c0_g1_i16:431-1609   -            393 303117at33208        -            343   7.5e-36  123.0   0.0   1   1   2.3e-35   1.1e-33  115.9   0.0    27   336    15   378     6   384 0.74 -
TRINITY_DN1753_c0_g1_i2:431-1609    -            393 303117at33208        -            343   7.5e-36  123.0   0.0   1   1   2.3e-35   1.1e-33  115.9   0.0    27   336    15   378     6   384 0.74 -
TRINITY_DN1753_c0_g1_i4:431-1609    -            393 303117at33208        -            343   7.5e-36  123.0   0.0   1   1   2.3e-35   1.1e-33  115.9   0.0    27   336    15   378     6   384 0.74 -
TRINITY_DN1753_c0_g1_i8:431-1609    -            393 303117at33208        -            343   7.5e-36  123.0   0.0   1   1   2.3e-35   1.1e-33  115.9   0.0    27   336    15   378     6   384 0.74 -
TRINITY_DN1753_c0_g1_i9:431-1609    -            393 303117at33208        -            343   7.5e-36  123.0   0.0   1   1   2.3e-35   1.1e-33  115.9   0.0    27   336    15   378     6   384 0.74 -
TRINITY_DN12998_c0_g1_i7:1997-3187  -            397 303117at33208        -            343   1.9e-35  121.7   0.0   1   2   2.6e-19   1.3e-17   63.1   0.0    23   204    24   208    15   218 0.84 -
TRINITY_DN12998_c0_g1_i7:1997-3187  -            397 303117at33208        -            343   1.9e-35  121.7   0.0   2   2   2.6e-17   1.2e-15   56.6   0.0   197   319   230   364   226   384 0.76 -
TRINITY_DN12998_c0_g1_i2:2003-3127  -            375 303117at33208        -            343   1.9e-35  121.7   0.0   1   2   2.9e-19   1.4e-17   63.0   0.0    23   204     7   191     2   204 0.85 -
TRINITY_DN12998_c0_g1_i2:2003-3127  -            375 303117at33208        -            343   1.9e-35  121.7   0.0   2   2   2.3e-17   1.1e-15   56.7   0.0   197   319   213   347   209   367 0.76 -
TRINITY_DN5065_c0_g1_i1:568-1701    -            378 303117at33208        -            343   1.4e-34  118.9   0.1   1   2   1.7e-23     8e-22   76.9   0.0    22   167     4   148     2   153 0.88 -
TRINITY_DN5065_c0_g1_i1:568-1701    -            378 303117at33208        -            343   1.4e-34  118.9   0.1   2   2   3.1e-12   1.5e-10   39.9   0.0   249   318   295   364   250   375 0.86 -
TRINITY_DN8372_c0_g2_i5:163-1389    -            409 303117at33208        -            343   7.4e-33  113.2   1.8   1   3   1.3e-24   6.2e-23   80.6   0.0    23   169    52   206    48   225 0.84 -
TRINITY_DN8372_c0_g2_i5:163-1389    -            409 303117at33208        -            343   7.4e-33  113.2   1.8   2   3       1.5        72    1.4   0.1   219   249   301   331   291   336 0.84 -
TRINITY_DN8372_c0_g2_i5:163-1389    -            409 303117at33208        -            343   7.4e-33  113.2   1.8   3   3   7.4e-09   3.5e-07   28.8   0.0   282   332   339   391   334   399 0.75 -
TRINITY_DN2531_c0_g1_i2:1-879       -            293 303117at33208        -            343   8.2e-31  106.5   0.4   1   1     1e-30   4.8e-29  100.7   0.4    90   319     1   269     1   292 0.75 -
TRINITY_DN121457_c0_g1_i1:278-838   -            187 303117at33208        -            343   5.2e-26   90.7   0.0   1   1   2.5e-27   1.2e-25   89.5   0.0    20   168     9   160     7   187 0.89 -
TRINITY_DN26382_c0_g1_i10:575-1390  -            272 303117at33208        -            343   6.9e-26   90.3   0.0   1   2       2.7   1.3e+02    0.6   0.0   152   171     1    20     1    33 0.88 -
TRINITY_DN26382_c0_g1_i10:575-1390  -            272 303117at33208        -            343   6.9e-26   90.3   0.0   2   2   1.9e-26     9e-25   86.6   0.0   222   318   106   208    37   215 0.87 -
TRINITY_DN26382_c0_g1_i13:257-1072  -            272 303117at33208        -            343   6.9e-26   90.3   0.0   1   2       2.7   1.3e+02    0.6   0.0   152   171     1    20     1    33 0.88 -
TRINITY_DN26382_c0_g1_i13:257-1072  -            272 303117at33208        -            343   6.9e-26   90.3   0.0   2   2   1.9e-26     9e-25   86.6   0.0   222   318   106   208    37   215 0.87 -
TRINITY_DN26382_c0_g1_i1:578-1393   -            272 303117at33208        -            343   6.9e-26   90.3   0.0   1   2       2.7   1.3e+02    0.6   0.0   152   171     1    20     1    33 0.88 -
TRINITY_DN26382_c0_g1_i1:578-1393   -            272 303117at33208        -            343   6.9e-26   90.3   0.0   2   2   1.9e-26     9e-25   86.6   0.0   222   318   106   208    37   215 0.87 -
TRINITY_DN2507_c0_g1_i10:281-1405   -            375 303117at33208        -            343   4.4e-25   87.6   0.0   1   2   2.3e-23   1.1e-21   76.5   0.0    25   169    77   226    69   240 0.87 -
TRINITY_DN2507_c0_g1_i10:281-1405   -            375 303117at33208        -            343   4.4e-25   87.6   0.0   2   2    0.0069      0.33    9.1   0.0   247   278   344   375   286   375 0.78 -
TRINITY_DN166536_c0_g1_i1:4-966     -            321 303117at33208        -            343   1.4e-24   86.0   0.0   1   1   9.9e-26   4.7e-24   84.2   0.0    27   168    56   202    46   211 0.88 -
TRINITY_DN8372_c0_g2_i17:163-1176   -            338 303117at33208        -            343   2.7e-24   85.1   0.3   1   2   8.3e-25     4e-23   81.2   0.0    23   169    52   206    48   225 0.84 -
TRINITY_DN8372_c0_g2_i17:163-1176   -            338 303117at33208        -            343   2.7e-24   85.1   0.3   2   2       1.1        53    1.9   0.1   218   249   300   331   274   333 0.85 -
TRINITY_DN8372_c0_g2_i14:163-1176   -            338 303117at33208        -            343   2.8e-24   85.0   0.3   1   2   9.1e-25   4.3e-23   81.1   0.0    23   169    52   206    48   225 0.84 -
TRINITY_DN8372_c0_g2_i14:163-1176   -            338 303117at33208        -            343   2.8e-24   85.0   0.3   2   2       1.1        53    1.9   0.1   218   249   300   331   274   333 0.85 -
TRINITY_DN8372_c0_g2_i6:163-1194    -            344 303117at33208        -            343     6e-24   83.9   0.5   1   2   1.7e-24     8e-23   80.2   0.0    32   169    67   212    52   231 0.83 -
TRINITY_DN8372_c0_g2_i6:163-1194    -            344 303117at33208        -            343     6e-24   83.9   0.5   2   2       1.1        54    1.8   0.1   218   249   306   337   280   339 0.85 -
TRINITY_DN7119_c0_g1_i17:606-1646   -            347 303117at33208        -            343   1.5e-23   82.6   5.5   1   2   4.2e-06    0.0002   19.7   1.6    65   172     1   107     1   109 0.76 -
TRINITY_DN7119_c0_g1_i17:606-1646   -            347 303117at33208        -            343   1.5e-23   82.6   5.5   2   2   1.3e-19   6.1e-18   64.2   0.1   248   318   272   342   263   345 0.92 -
TRINITY_DN2531_c0_g1_i11:409-960    -            184 303117at33208        -            343   2.6e-23   81.8   0.3   1   2   1.9e-24   9.1e-23   80.0   0.1    24   170     6   154     3   158 0.91 -
TRINITY_DN2531_c0_g1_i11:409-960    -            184 303117at33208        -            343   2.6e-23   81.8   0.3   2   2       5.5   2.6e+02   -0.4   0.0   169   182   170   183   159   184 0.75 -
TRINITY_DN539_c0_g1_i11:802-1290    -            163 303117at33208        -            343   1.9e-22   79.0   0.0   1   1   4.8e-24   2.3e-22   78.7   0.0   224   318     1   100     1   118 0.84 -
TRINITY_DN539_c0_g1_i14:2544-3032   -            163 303117at33208        -            343   1.9e-22   79.0   0.0   1   1   4.8e-24   2.3e-22   78.7   0.0   224   318     1   100     1   118 0.84 -
TRINITY_DN539_c0_g1_i3:805-1293     -            163 303117at33208        -            343   1.9e-22   79.0   0.0   1   1   4.8e-24   2.3e-22   78.7   0.0   224   318     1   100     1   118 0.84 -
TRINITY_DN539_c0_g1_i9:185-673      -            163 303117at33208        -            343   1.9e-22   79.0   0.0   1   1   4.8e-24   2.3e-22   78.7   0.0   224   318     1   100     1   118 0.84 -
TRINITY_DN2284_c0_g1_i1:222-1139    -            306 303117at33208        -            343   1.6e-21   75.9   1.3   1   1   5.8e-22   2.7e-20   71.9   1.3   168   318    26   200     1   214 0.79 -
TRINITY_DN5382_c0_g1_i5:0-539       -            180 303117at33208        -            343   2.3e-20   72.1   0.0   1   1     8e-22   3.8e-20   71.4   0.0   249   324    16    91    10   101 0.93 -
TRINITY_DN2531_c0_g1_i6:354-782     -            143 303117at33208        -            343   2.6e-19   68.7   0.1   1   1   6.6e-21   3.2e-19   68.4   0.1   216   318    32   140     7   141 0.79 -
TRINITY_DN7119_c0_g1_i3:377-1048    -            224 303117at33208        -            343   1.6e-18   66.1   0.9   1   1   5.4e-20   2.6e-18   65.4   0.9    23   172    11   159     6   161 0.83 -
TRINITY_DN2531_c0_g1_i5:875-1291    -            139 303117at33208        -            343     4e-18   64.7   0.0   1   1   9.6e-20   4.6e-18   64.6   0.0   223   335     1   125     1   132 0.76 -
TRINITY_DN20496_c0_g1_i3:841-2367   -            509 303117at33208        -            343   4.7e-16   57.9   2.1   1   3   6.3e-07     3e-05   22.4   0.0    31    92    38    95    28   168 0.77 -
TRINITY_DN20496_c0_g1_i3:841-2367   -            509 303117at33208        -            343   4.7e-16   57.9   2.1   2   3   7.6e-10   3.6e-08   32.0   0.0   252   312   301   361   273   370 0.87 -
TRINITY_DN20496_c0_g1_i3:841-2367   -            509 303117at33208        -            343   4.7e-16   57.9   2.1   3   3       1.5        70    1.5   0.1   233   263   389   419   375   426 0.84 -
TRINITY_DN7797_c0_g1_i16:1709-3757  -            683 303117at33208        -            343   7.9e-16   57.2   0.1   1   2   0.00017    0.0083   14.4   0.1    27    96     1    70     1   114 0.80 -
TRINITY_DN7797_c0_g1_i16:1709-3757  -            683 303117at33208        -            343   7.9e-16   57.2   0.1   2   2   3.8e-12   1.8e-10   39.6   0.0   251   317   312   378   306   392 0.93 -
TRINITY_DN7797_c0_g1_i11:1697-4030  -            778 303117at33208        -            343     1e-15   56.9   0.1   1   2   0.00019     0.009   14.3   0.0    27    96     1    70     1   139 0.81 -
TRINITY_DN7797_c0_g1_i11:1697-4030  -            778 303117at33208        -            343     1e-15   56.9   0.1   2   2   4.5e-12   2.2e-10   39.3   0.0   251   317   312   378   306   391 0.94 -
TRINITY_DN2284_c0_g1_i10:1457-1942  -            162 303117at33208        -            343   1.3e-15   56.5   0.0   1   1   4.1e-17   1.9e-15   55.9   0.0   253   318     2    67     1    83 0.93 -
TRINITY_DN46185_c0_g2_i1:8-352      -            115 303117at33208        -            343   1.4e-15   56.4   0.1   1   1   3.4e-17   1.6e-15   56.2   0.1    21    98    11    96     2   113 0.78 -
TRINITY_DN7797_c0_g1_i14:1697-4363  -            889 303117at33208        -            343   1.6e-15   56.2   0.1   1   2   0.00025     0.012   13.9   0.1    27    96     1    70     1   114 0.80 -
TRINITY_DN7797_c0_g1_i14:1697-4363  -            889 303117at33208        -            343   1.6e-15   56.2   0.1   2   2   5.4e-12   2.6e-10   39.1   0.0   251   317   312   378   306   391 0.94 -
TRINITY_DN45110_c0_g1_i2:259-1884   -            542 303117at33208        -            343   1.3e-12   46.7   0.3   1   2   8.1e-09   3.9e-07   28.6   0.3    38    97     7    69     1    80 0.83 -
TRINITY_DN45110_c0_g1_i2:259-1884   -            542 303117at33208        -            343   1.3e-12   46.7   0.3   2   2   7.8e-05    0.0037   15.5   0.0   262   318   295   351   278   372 0.87 -
TRINITY_DN45110_c0_g1_i4:259-1884   -            542 303117at33208        -            343   1.3e-12   46.7   0.3   1   2   8.1e-09   3.9e-07   28.6   0.3    38    97     7    69     1    80 0.83 -
TRINITY_DN45110_c0_g1_i4:259-1884   -            542 303117at33208        -            343   1.3e-12   46.7   0.3   2   2   7.8e-05    0.0037   15.5   0.0   262   318   295   351   278   372 0.87 -
TRINITY_DN10820_c0_g1_i1:74-454     -            127 303117at33208        -            343   2.4e-11   42.5   0.0   1   1   5.7e-13   2.7e-11   42.3   0.0    22   134     9   127     6   127 0.85 -
TRINITY_DN7285_c0_g1_i2:562-1821    -            420 303117at33208        -            343   6.5e-11   41.0   0.2   1   2   0.00052     0.025   12.8   0.0    24    77    21    75    17   167 0.65 -
TRINITY_DN7285_c0_g1_i2:562-1821    -            420 303117at33208        -            343   6.5e-11   41.0   0.2   2   2   5.1e-08   2.4e-06   26.0   0.0   254   317   295   358   285   378 0.86 -
TRINITY_DN7285_c0_g1_i1:622-1815    -            398 303117at33208        -            343   1.5e-10   39.8   0.1   1   2    0.0013     0.063   11.5   0.0    30    77     6    53     2   145 0.65 -
TRINITY_DN7285_c0_g1_i1:622-1815    -            398 303117at33208        -            343   1.5e-10   39.8   0.1   2   2   4.7e-08   2.2e-06   26.1   0.0   254   317   273   336   263   356 0.86 -
TRINITY_DN9480_c0_g1_i1:4112-5233   -            374 303117at33208        -            343   7.2e-10   37.6   0.0   1   2     2e-10   9.5e-09   33.9   0.0    37   163     1   127     1   133 0.78 -
TRINITY_DN9480_c0_g1_i1:4112-5233   -            374 303117at33208        -            343   7.2e-10   37.6   0.0   2   2       1.8        85    1.2   0.0   248   283   295   330   274   347 0.80 -
TRINITY_DN397_c0_g1_i10:2383-4020   -            546 303117at33208        -            343   9.6e-10   37.2   1.3   1   2   0.00061     0.029   12.6   0.1    31    99    15    79     6   153 0.73 -
TRINITY_DN397_c0_g1_i10:2383-4020   -            546 303117at33208        -            343   9.6e-10   37.2   1.3   2   2   4.3e-07   2.1e-05   23.0   0.0   252   317   276   341   271   353 0.90 -
TRINITY_DN397_c0_g1_i13:923-2560    -            546 303117at33208        -            343   9.6e-10   37.2   1.3   1   2   0.00061     0.029   12.6   0.1    31    99    15    79     6   153 0.73 -
TRINITY_DN397_c0_g1_i13:923-2560    -            546 303117at33208        -            343   9.6e-10   37.2   1.3   2   2   4.3e-07   2.1e-05   23.0   0.0   252   317   276   341   271   353 0.90 -
TRINITY_DN397_c0_g1_i1:2383-4020    -            546 303117at33208        -            343   9.6e-10   37.2   1.3   1   2   0.00061     0.029   12.6   0.1    31    99    15    79     6   153 0.73 -
TRINITY_DN397_c0_g1_i1:2383-4020    -            546 303117at33208        -            343   9.6e-10   37.2   1.3   2   2   4.3e-07   2.1e-05   23.0   0.0   252   317   276   341   271   353 0.90 -
TRINITY_DN397_c0_g1_i8:1611-3248    -            546 303117at33208        -            343   9.6e-10   37.2   1.3   1   2   0.00061     0.029   12.6   0.1    31    99    15    79     6   153 0.73 -
TRINITY_DN397_c0_g1_i8:1611-3248    -            546 303117at33208        -            343   9.6e-10   37.2   1.3   2   2   4.3e-07   2.1e-05   23.0   0.0   252   317   276   341   271   353 0.90 -
TRINITY_DN397_c0_g1_i9:2383-4020    -            546 303117at33208        -            343   9.6e-10   37.2   1.3   1   2   0.00061     0.029   12.6   0.1    31    99    15    79     6   153 0.73 -
TRINITY_DN397_c0_g1_i9:2383-4020    -            546 303117at33208        -            343   9.6e-10   37.2   1.3   2   2   4.3e-07   2.1e-05   23.0   0.0   252   317   276   341   271   353 0.90 -
TRINITY_DN16134_c0_g1_i6:12-356     -            115 303117at33208        -            343   1.6e-09   36.4   1.5   1   1   8.7e-10   4.1e-08   31.8   1.5   107   194     7   110     1   115 0.63 -
TRINITY_DN3425_c0_g1_i1:74-1336     -            421 303117at33208        -            343   2.7e-09   35.7   0.1   1   2   3.1e-05    0.0015   16.9   0.1    40    80    16    57     2   145 0.74 -
TRINITY_DN3425_c0_g1_i1:74-1336     -            421 303117at33208        -            343   2.7e-09   35.7   0.1   2   2   3.8e-05    0.0018   16.6   0.0   249   311   276   338   271   346 0.93 -
TRINITY_DN21671_c0_g1_i2:430-2082   -            551 303117at33208        -            343   3.3e-09   35.4   0.4   1   2   0.00086     0.041   12.1   0.1    39   118    29   115     9   137 0.72 -
TRINITY_DN21671_c0_g1_i2:430-2082   -            551 303117at33208        -            343   3.3e-09   35.4   0.4   2   2   1.5e-06   6.9e-05   21.2   0.0   246   317   311   383   260   400 0.83 -
TRINITY_DN4499_c0_g1_i11:4426-5574  -            383 303117at33208        -            343   3.5e-09   35.4   0.4   1   2   7.8e-08   3.7e-06   25.4   0.2    33   168     3   146     1   166 0.76 -
TRINITY_DN4499_c0_g1_i11:4426-5574  -            383 303117at33208        -            343   3.5e-09   35.4   0.4   2   2     0.022       1.1    7.5   0.0   252   288   318   354   310   364 0.82 -
TRINITY_DN4499_c0_g1_i12:4426-5574  -            383 303117at33208        -            343   3.5e-09   35.4   0.4   1   2   7.8e-08   3.7e-06   25.4   0.2    33   168     3   146     1   166 0.76 -
TRINITY_DN4499_c0_g1_i12:4426-5574  -            383 303117at33208        -            343   3.5e-09   35.4   0.4   2   2     0.022       1.1    7.5   0.0   252   288   318   354   310   364 0.82 -
TRINITY_DN4499_c0_g1_i1:4426-5574   -            383 303117at33208        -            343   3.5e-09   35.4   0.4   1   2   7.8e-08   3.7e-06   25.4   0.2    33   168     3   146     1   166 0.76 -
TRINITY_DN4499_c0_g1_i1:4426-5574   -            383 303117at33208        -            343   3.5e-09   35.4   0.4   2   2     0.022       1.1    7.5   0.0   252   288   318   354   310   364 0.82 -
TRINITY_DN4499_c0_g1_i4:4426-5574   -            383 303117at33208        -            343   3.5e-09   35.4   0.4   1   2   7.8e-08   3.7e-06   25.4   0.2    33   168     3   146     1   166 0.76 -
TRINITY_DN4499_c0_g1_i4:4426-5574   -            383 303117at33208        -            343   3.5e-09   35.4   0.4   2   2     0.022       1.1    7.5   0.0   252   288   318   354   310   364 0.82 -
TRINITY_DN4499_c0_g1_i5:4426-5574   -            383 303117at33208        -            343   3.5e-09   35.4   0.4   1   2   7.8e-08   3.7e-06   25.4   0.2    33   168     3   146     1   166 0.76 -
TRINITY_DN4499_c0_g1_i5:4426-5574   -            383 303117at33208        -            343   3.5e-09   35.4   0.4   2   2     0.022       1.1    7.5   0.0   252   288   318   354   310   364 0.82 -
TRINITY_DN3551_c0_g1_i11:1618-2676  -            353 303117at33208        -            343   3.5e-09   35.4   0.0   1   2   3.9e-05    0.0019   16.5   0.0    23   169    12   170     9   194 0.76 -
TRINITY_DN3551_c0_g1_i11:1618-2676  -            353 303117at33208        -            343   3.5e-09   35.4   0.0   2   2     5e-05    0.0024   16.2   0.0   221   293   263   344   252   351 0.81 -
TRINITY_DN3551_c0_g1_i15:1657-2715  -            353 303117at33208        -            343   3.5e-09   35.4   0.0   1   2   3.9e-05    0.0019   16.5   0.0    23   169    12   170     9   194 0.76 -
TRINITY_DN3551_c0_g1_i15:1657-2715  -            353 303117at33208        -            343   3.5e-09   35.4   0.0   2   2     5e-05    0.0024   16.2   0.0   221   293   263   344   252   351 0.81 -
TRINITY_DN3551_c0_g1_i16:1657-2715  -            353 303117at33208        -            343   3.5e-09   35.4   0.0   1   2   3.9e-05    0.0019   16.5   0.0    23   169    12   170     9   194 0.76 -
TRINITY_DN3551_c0_g1_i16:1657-2715  -            353 303117at33208        -            343   3.5e-09   35.4   0.0   2   2     5e-05    0.0024   16.2   0.0   221   293   263   344   252   351 0.81 -
TRINITY_DN3551_c0_g1_i2:1618-2676   -            353 303117at33208        -            343   3.5e-09   35.4   0.0   1   2   3.9e-05    0.0019   16.5   0.0    23   169    12   170     9   194 0.76 -
TRINITY_DN3551_c0_g1_i2:1618-2676   -            353 303117at33208        -            343   3.5e-09   35.4   0.0   2   2     5e-05    0.0024   16.2   0.0   221   293   263   344   252   351 0.81 -
TRINITY_DN3551_c0_g1_i3:1657-2715   -            353 303117at33208        -            343   3.5e-09   35.4   0.0   1   2   3.9e-05    0.0019   16.5   0.0    23   169    12   170     9   194 0.76 -
TRINITY_DN3551_c0_g1_i3:1657-2715   -            353 303117at33208        -            343   3.5e-09   35.4   0.0   2   2     5e-05    0.0024   16.2   0.0   221   293   263   344   252   351 0.81 -
TRINITY_DN3551_c0_g1_i6:1618-2676   -            353 303117at33208        -            343   3.5e-09   35.4   0.0   1   2   3.9e-05    0.0019   16.5   0.0    23   169    12   170     9   194 0.76 -
TRINITY_DN3551_c0_g1_i6:1618-2676   -            353 303117at33208        -            343   3.5e-09   35.4   0.0   2   2     5e-05    0.0024   16.2   0.0   221   293   263   344   252   351 0.81 -
TRINITY_DN3551_c0_g1_i7:1618-2676   -            353 303117at33208        -            343   3.5e-09   35.4   0.0   1   2   3.9e-05    0.0019   16.5   0.0    23   169    12   170     9   194 0.76 -
TRINITY_DN3551_c0_g1_i7:1618-2676   -            353 303117at33208        -            343   3.5e-09   35.4   0.0   2   2     5e-05    0.0024   16.2   0.0   221   293   263   344   252   351 0.81 -
TRINITY_DN28028_c1_g2_i2:171-1706   -            488 303117at33208        -            343   5.3e-09   34.8   0.0   1   2      0.01      0.48    8.6   0.0    39    66     1    28     1    43 0.89 -
TRINITY_DN28028_c1_g2_i2:171-1706   -            488 303117at33208        -            343   5.3e-09   34.8   0.0   2   2   2.9e-07   1.4e-05   23.5   0.0   254   316   263   327   175   336 0.84 -
TRINITY_DN47613_c0_g1_i2:100-1131   -            344 303117at33208        -            343     2e-08   32.9   0.0   1   2     0.036       1.7    6.8   0.0    39    77     1    40     1    69 0.75 -
TRINITY_DN47613_c0_g1_i2:100-1131   -            344 303117at33208        -            343     2e-08   32.9   0.0   2   2   1.9e-07     9e-06   24.1   0.0   250   316   275   343   230   344 0.89 -
TRINITY_DN54352_c0_g1_i1:160-1317   -            386 303117at33208        -            343   3.3e-08   32.2   0.0   1   1     1e-09   4.8e-08   31.6   0.0   224   322   111   209    87   229 0.80 -
TRINITY_DN23382_c0_g2_i1:123-542    -            140 303117at33208        -            343   5.2e-08   31.5   0.0   1   1   1.3e-09   6.3e-08   31.2   0.0   253   321    47   117    36   135 0.83 -
TRINITY_DN40367_c0_g1_i2:49-1146    -            366 303117at33208        -            343     6e-08   31.3   0.0   1   2   1.4e-06   6.5e-05   21.3   0.0    24    75     6    58     2   106 0.89 -
TRINITY_DN40367_c0_g1_i2:49-1146    -            366 303117at33208        -            343     6e-08   31.3   0.0   2   2     0.018      0.87    7.8   0.0   253   309   308   366   300   366 0.91 -
TRINITY_DN46482_c0_g1_i1:19-696     -            226 303117at33208        -            343   1.2e-07   30.4   0.1   1   1   4.2e-09     2e-07   29.6   0.1   262   317     1    56     1    76 0.90 -
TRINITY_DN46482_c0_g1_i2:19-696     -            226 303117at33208        -            343   1.2e-07   30.4   0.1   1   1   4.2e-09     2e-07   29.6   0.1   262   317     1    56     1    76 0.90 -
TRINITY_DN26534_c0_g1_i1:700-1782   -            361 303117at33208        -            343   1.2e-07   30.3   0.0   1   2      0.21       9.8    4.3   0.0    34    74    13    54     3   130 0.79 -
TRINITY_DN26534_c0_g1_i1:700-1782   -            361 303117at33208        -            343   1.2e-07   30.3   0.0   2   2   2.6e-07   1.3e-05   23.7   0.0   251   314   288   353   278   358 0.89 -
TRINITY_DN9480_c0_g1_i1:1553-2698   -            382 303117at33208        -            343   1.3e-07   30.2   0.2   1   3   7.7e-06   0.00037   18.9   0.0    34   164     4   142     1   165 0.71 -
TRINITY_DN9480_c0_g1_i1:1553-2698   -            382 303117at33208        -            343   1.3e-07   30.2   0.2   2   3       1.1        50    2.0   0.0   199   243   221   265   219   279 0.84 -
TRINITY_DN9480_c0_g1_i1:1553-2698   -            382 303117at33208        -            343   1.3e-07   30.2   0.2   3   3     0.075       3.6    5.7   0.0   249   287   314   352   306   359 0.89 -
TRINITY_DN26534_c0_g1_i2:1091-2173  -            361 303117at33208        -            343   1.4e-07   30.1   0.0   1   2      0.21       9.8    4.3   0.0    34    74    13    54     3   130 0.79 -
TRINITY_DN26534_c0_g1_i2:1091-2173  -            361 303117at33208        -            343   1.4e-07   30.1   0.0   2   2   2.6e-07   1.3e-05   23.7   0.0   251   314   288   353   278   358 0.89 -
TRINITY_DN5623_c0_g1_i5:797-2527    -            577 303117at33208        -            343   1.6e-07   29.9   0.2   1   2      0.28        13    3.9   0.0    35    91    25    90    20   158 0.69 -
TRINITY_DN5623_c0_g1_i5:797-2527    -            577 303117at33208        -            343   1.6e-07   29.9   0.2   2   2   2.4e-07   1.2e-05   23.8   0.0   248   314   302   370   296   393 0.83 -
TRINITY_DN5623_c0_g1_i3:265-1995    -            577 303117at33208        -            343   1.6e-07   29.9   0.2   1   2      0.28        13    3.9   0.0    35    91    25    90    20   158 0.69 -
TRINITY_DN5623_c0_g1_i3:265-1995    -            577 303117at33208        -            343   1.6e-07   29.9   0.2   2   2   2.5e-07   1.2e-05   23.7   0.0   248   314   302   370   296   394 0.84 -
TRINITY_DN5623_c0_g1_i6:797-2527    -            577 303117at33208        -            343   1.6e-07   29.9   0.2   1   2      0.28        13    3.9   0.0    35    91    25    90    20   158 0.69 -
TRINITY_DN5623_c0_g1_i6:797-2527    -            577 303117at33208        -            343   1.6e-07   29.9   0.2   2   2   2.5e-07   1.2e-05   23.7   0.0   248   314   302   370   296   394 0.84 -
TRINITY_DN3434_c0_g1_i3:530-1816    -            429 303117at33208        -            343   1.8e-07   29.7   0.1   1   2   7.3e-05    0.0035   15.6   0.0    39    80     1    43     1   121 0.82 -
TRINITY_DN3434_c0_g1_i3:530-1816    -            429 303117at33208        -            343   1.8e-07   29.7   0.1   2   2   0.00094     0.045   12.0   0.0   253   317   284   350   276   392 0.90 -
TRINITY_DN23382_c0_g2_i3:2-976      -            325 303117at33208        -            343   2.4e-07   29.3   0.0   1   1   8.2e-09   3.9e-07   28.6   0.0   253   321   111   181   100   201 0.83 -
TRINITY_DN26856_c0_g1_i2:508-930    -            141 303117at33208        -            343   2.5e-07   29.2   0.0   1   1   6.1e-09   2.9e-07   29.0   0.0   253   318    48   115    32   138 0.83 -
TRINITY_DN23382_c0_g2_i2:695-1681   -            329 303117at33208        -            343   3.4e-07   28.8   0.0   1   1   1.2e-08   5.8e-07   28.1   0.0   253   319   111   179   100   195 0.86 -
TRINITY_DN24611_c0_g1_i2:2-709      -            236 303117at33208        -            343   5.1e-07   28.2   0.0   1   1   1.5e-08   7.3e-07   27.7   0.0   262   330    23    94     9   104 0.80 -
TRINITY_DN24611_c0_g1_i3:2-709      -            236 303117at33208        -            343   5.1e-07   28.2   0.0   1   1   1.5e-08   7.3e-07   27.7   0.0   262   330    23    94     9   104 0.80 -
TRINITY_DN21340_c0_g1_i1:55-405     -            117 303117at33208        -            343   7.9e-07   27.6   0.0   1   1   2.1e-08   9.8e-07   27.3   0.0   261   314    60   113    39   116 0.89 -
TRINITY_DN21340_c0_g1_i2:757-1107   -            117 303117at33208        -            343   7.9e-07   27.6   0.0   1   1   2.1e-08   9.8e-07   27.3   0.0   261   314    60   113    39   116 0.89 -
TRINITY_DN26856_c0_g1_i1:0-947      -            316 303117at33208        -            343   1.1e-06   27.2   0.0   1   1   3.3e-08   1.6e-06   26.6   0.0   253   318    51   118    36   151 0.83 -
TRINITY_DN30422_c0_g1_i10:3843-4946 -            368 303117at33208        -            343   1.2e-06   27.0   0.0   1   2   4.3e-06   0.00021   19.7   0.0    50   166     6   127     1   144 0.70 -
TRINITY_DN30422_c0_g1_i10:3843-4946 -            368 303117at33208        -            343   1.2e-06   27.0   0.0   2   2     0.092       4.4    5.4   0.0   252   297   305   350   270   368 0.84 -
TRINITY_DN47613_c0_g1_i1:67-669     -            201 303117at33208        -            343   2.1e-06   26.2   0.0   1   1   6.1e-08   2.9e-06   25.8   0.0   250   316   132   200    85   201 0.89 -
TRINITY_DN4499_c0_g1_i11:1861-2958  -            366 303117at33208        -            343   2.6e-06   25.9   0.0   1   2   8.1e-06   0.00038   18.8   0.0    55   163     4   111     1   123 0.80 -
TRINITY_DN4499_c0_g1_i11:1861-2958  -            366 303117at33208        -            343   2.6e-06   25.9   0.0   2   2      0.14       6.5    4.9   0.0   252   287   283   318   258   365 0.74 -
TRINITY_DN4499_c0_g1_i12:1861-2958  -            366 303117at33208        -            343   2.6e-06   25.9   0.0   1   2   8.1e-06   0.00038   18.8   0.0    55   163     4   111     1   123 0.80 -
TRINITY_DN4499_c0_g1_i12:1861-2958  -            366 303117at33208        -            343   2.6e-06   25.9   0.0   2   2      0.14       6.5    4.9   0.0   252   287   283   318   258   365 0.74 -
TRINITY_DN4499_c0_g1_i1:1861-2958   -            366 303117at33208        -            343   2.6e-06   25.9   0.0   1   2   8.1e-06   0.00038   18.8   0.0    55   163     4   111     1   123 0.80 -
TRINITY_DN4499_c0_g1_i1:1861-2958   -            366 303117at33208        -            343   2.6e-06   25.9   0.0   2   2      0.14       6.5    4.9   0.0   252   287   283   318   258   365 0.74 -
TRINITY_DN4499_c0_g1_i4:1861-2958   -            366 303117at33208        -            343   2.6e-06   25.9   0.0   1   2   8.1e-06   0.00038   18.8   0.0    55   163     4   111     1   123 0.80 -
TRINITY_DN4499_c0_g1_i4:1861-2958   -            366 303117at33208        -            343   2.6e-06   25.9   0.0   2   2      0.14       6.5    4.9   0.0   252   287   283   318   258   365 0.74 -
TRINITY_DN4499_c0_g1_i5:1861-2958   -            366 303117at33208        -            343   2.6e-06   25.9   0.0   1   2   8.1e-06   0.00038   18.8   0.0    55   163     4   111     1   123 0.80 -
TRINITY_DN4499_c0_g1_i5:1861-2958   -            366 303117at33208        -            343   2.6e-06   25.9   0.0   2   2      0.14       6.5    4.9   0.0   252   287   283   318   258   365 0.74 -
TRINITY_DN30422_c0_g1_i9:3843-4946  -            368 303117at33208        -            343   2.6e-06   25.9   0.0   1   2   9.2e-06   0.00044   18.6   0.0    50   165     6   126     1   144 0.68 -
TRINITY_DN30422_c0_g1_i9:3843-4946  -            368 303117at33208        -            343   2.6e-06   25.9   0.0   2   2     0.092       4.4    5.4   0.0   252   297   305   350   270   368 0.84 -
TRINITY_DN28028_c1_g2_i3:426-1199   -            258 303117at33208        -            343   4.4e-06   25.2   0.0   1   1   1.2e-07   5.9e-06   24.7   0.0   255   316    52   115     3   131 0.90 -
TRINITY_DN93351_c0_g1_i1:134-853    -            240 303117at33208        -            343   4.8e-06   25.0   0.0   1   1   1.9e-07   9.1e-06   24.1   0.0   253   314    18    81     7    91 0.88 -
TRINITY_DN21736_c0_g1_i5:167-682    -            172 303117at33208        -            343   9.3e-06   24.1   0.0   1   1   2.9e-07   1.4e-05   23.5   0.0   252   317    62   129    13   158 0.86 -
TRINITY_DN21649_c3_g1_i1:753-1340   -            196 303117at33208        -            343   2.5e-05   22.7   0.0   1   1   9.2e-07   4.4e-05   21.9   0.0   253   307   139   195   125   196 0.88 -
TRINITY_DN21649_c3_g1_i3:729-1316   -            196 303117at33208        -            343   2.5e-05   22.7   0.0   1   1   9.2e-07   4.4e-05   21.9   0.0   253   307   139   195   125   196 0.88 -
TRINITY_DN21736_c0_g1_i3:75-803     -            243 303117at33208        -            343   3.9e-05   22.0   0.0   1   1   1.1e-06   5.3e-05   21.6   0.0   253   317     9    75     2   103 0.86 -
TRINITY_DN21736_c0_g1_i1:150-1181   -            344 303117at33208        -            343   4.1e-05   22.0   0.0   1   1   1.5e-06   7.3e-05   21.2   0.0   252   317   134   201    85   224 0.88 -
TRINITY_DN21736_c0_g1_i2:150-1265   -            372 303117at33208        -            343   4.7e-05   21.8   0.0   1   1   1.8e-06   8.5e-05   20.9   0.0   252   317   162   229   113   251 0.88 -
TRINITY_DN68120_c0_g1_i1:6-749      -            248 303117at33208        -            343   7.1e-05   21.2   0.0   1   1   2.3e-06   0.00011   20.6   0.0   253   318    52   119    42   134 0.85 -
TRINITY_DN3983_c0_g1_i6:161-733     -            191 303117at33208        -            343   8.8e-05   20.9   0.0   1   1   2.8e-06   0.00013   20.3   0.0   253   307   134   190   122   191 0.91 -
TRINITY_DN3983_c0_g1_i10:392-1372   -            327 303117at33208        -            343   0.00018   19.9   0.0   1   1   7.5e-06   0.00035   18.9   0.0   253   307   270   326   260   327 0.91 -
TRINITY_DN3983_c0_g1_i1:392-1372    -            327 303117at33208        -            343   0.00018   19.9   0.0   1   1   7.5e-06   0.00035   18.9   0.0   253   307   270   326   260   327 0.91 -
TRINITY_DN30105_c0_g2_i1:612-1685   -            358 303117at33208        -            343   0.00023   19.5   0.0   1   1   9.9e-06   0.00047   18.5   0.0   262   317   105   160    77   172 0.88 -
TRINITY_DN7797_c0_g1_i4:68-2353     -            752 303117at33208        -            343    0.0014   17.0   0.0   1   1   7.9e-05    0.0038   15.5   0.0    26    96   533   603   529   672 0.82 -
TRINITY_DN10347_c0_g1_i10:898-1269  -            124 303117at33208        -            343    0.0021   16.4   0.0   1   1    0.0001    0.0047   15.2   0.0   264   313     5    54     2    63 0.90 -
TRINITY_DN40367_c0_g1_i1:133-846    -            238 303117at33208        -            343    0.0025   16.1   0.0   1   1   8.1e-05    0.0038   15.5   0.0   253   317   135   201   127   221 0.90 -
TRINITY_DN97383_c0_g1_i1:55-651     -            199 303117at33208        -            343    0.0048   15.2   0.1   1   2    0.0021       0.1   10.8   0.0   283   316     2    35     1    55 0.82 -
TRINITY_DN97383_c0_g1_i1:55-651     -            199 303117at33208        -            343    0.0048   15.2   0.1   2   2      0.63        30    2.7   0.0   178   222    89   132    82   198 0.70 -
TRINITY_DN19710_c0_g1_i1:1-306      -            102 303117at33208        -            343    0.0066   14.7   0.2   1   1   0.00015    0.0069   14.6   0.2    41    99     6    60     2    99 0.73 -
TRINITY_DN8240_c0_g2_i1:799-1065    -             89 303117at33208        -            343     0.021   13.1   0.0   1   1   0.00047     0.022   13.0   0.0   287   319     1    33     1    61 0.75 -
TRINITY_DN64711_c0_g1_i2:285-932    -            216 303117at33208        -            343      0.03   12.6   0.0   1   1   0.00099     0.047   11.9   0.0   263   316     2    55     1    60 0.95 -
TRINITY_DN2877_c1_g3_i1:92-481      -            130 303117at33208        -            343     0.033   12.4   0.1   1   1   0.00091     0.043   12.0   0.1    47    95     2    51     1    85 0.72 -
#
# Program:         hmmsearch
# Version:         3.1b2 (February 2015)
# Pipeline mode:   SEARCH
# Query file:      /busco_wd/busco_downloads/lineages/metazoa_odb10/hmms/303117at33208.hmm
# Target file:     /busco_wd/BUSCO/run_metazoa_odb10/metaeuk_output/initial_results/Trinity.fasta.modified.fas
# Option settings: hmmsearch --domtblout /busco_wd/BUSCO/run_metazoa_odb10/hmmer_output/initial_run_results/303117at33208.out --cpu 1 /busco_wd/busco_downloads/lineages/metazoa_odb10/hmms/303117at33208.hmm /busco_wd/BUSCO/run_metazoa_odb10/metaeuk_output/initial_results/Trinity.fasta.modified.fas 
# Current dir:     /busco_wd
# Date:            Tue Nov 23 09:01:49 2021
# [ok]
