#                                                                                          --- full sequence --- -------------- this domain -------------   hmm coord   ali coord   env coord
# target name                      accession   tlen query name           accession   qlen   E-value  score  bias   #  of  c-Evalue  i-Evalue  score  bias  from    to  from    to  from    to  acc description of target
#              ------------------- ---------- ----- -------------------- ---------- ----- --------- ------ ----- --- --- --------- --------- ------ ----- ----- ----- ----- ----- ----- ----- ---- ---------------------
TRINITY_DN23587_c0_g1_i1:225-1721  -            499 315044at33208        -            407    3e-168  558.8   5.9   1   3   1.4e-32     5e-30  103.6   0.0     3    88     6    93     3    96 0.92 -
TRINITY_DN23587_c0_g1_i1:225-1721  -            499 315044at33208        -            407    3e-168  558.8   5.9   2   3  1.3e-134  4.8e-132  439.6   1.3    76   368    94   435    89   455 0.89 -
TRINITY_DN23587_c0_g1_i1:225-1721  -            499 315044at33208        -            407    3e-168  558.8   5.9   3   3   1.9e-06   0.00071   17.4   0.0   367   406   458   498   453   499 0.90 -
TRINITY_DN23587_c0_g1_i4:66-749    -            228 315044at33208        -            407   8.2e-79  264.2   0.2   1   2   7.8e-34   2.9e-31  107.7   0.0     3    95     8   101     5   101 0.92 -
TRINITY_DN23587_c0_g1_i4:66-749    -            228 315044at33208        -            407   8.2e-79  264.2   0.2   2   2   2.6e-49   9.4e-47  158.7   0.0    76   188    96   226    91   228 0.89 -
TRINITY_DN23587_c0_g1_i3:225-926   -            234 315044at33208        -            407   3.1e-73  245.9   5.4   1   2   4.1e-70   1.5e-67  227.2   3.4   219   368     3   170     1   189 0.89 -
TRINITY_DN23587_c0_g1_i3:225-926   -            234 315044at33208        -            407   3.1e-73  245.9   5.4   2   2   6.5e-07   0.00024   19.0   0.0   367   406   193   233   187   234 0.90 -
TRINITY_DN7211_c0_g1_i1:274-1512   -            413 315044at33208        -            407   8.3e-16   56.7   2.3   1   2   2.7e-05    0.0099   13.7   0.1   240   331    63   152    26   161 0.83 -
TRINITY_DN7211_c0_g1_i1:274-1512   -            413 315044at33208        -            407   8.3e-16   56.7   2.3   2   2   4.2e-14   1.6e-11   42.7   0.3   213   339   168   301   161   345 0.87 -
TRINITY_DN7211_c0_g1_i3:274-1512   -            413 315044at33208        -            407   8.3e-16   56.7   2.3   1   2   2.7e-05    0.0099   13.7   0.1   240   331    63   152    26   161 0.83 -
TRINITY_DN7211_c0_g1_i3:274-1512   -            413 315044at33208        -            407   8.3e-16   56.7   2.3   2   2   4.2e-14   1.6e-11   42.7   0.3   213   339   168   301   161   345 0.87 -
TRINITY_DN7211_c0_g1_i4:272-1510   -            413 315044at33208        -            407   8.3e-16   56.7   2.3   1   2   2.7e-05    0.0099   13.7   0.1   240   331    63   152    26   161 0.83 -
TRINITY_DN7211_c0_g1_i4:272-1510   -            413 315044at33208        -            407   8.3e-16   56.7   2.3   2   2   4.2e-14   1.6e-11   42.7   0.3   213   339   168   301   161   345 0.87 -
TRINITY_DN11637_c0_g1_i2:370-1161  -            264 315044at33208        -            407   5.1e-06   24.5   2.7   1   3       0.7   2.6e+02   -0.9   0.0   174   201     2    29     1    42 0.84 -
TRINITY_DN11637_c0_g1_i2:370-1161  -            264 315044at33208        -            407   5.1e-06   24.5   2.7   2   3     1e-07   3.8e-05   21.6   0.7   253   392    64   208    58   218 0.80 -
TRINITY_DN11637_c0_g1_i2:370-1161  -            264 315044at33208        -            407   5.1e-06   24.5   2.7   3   3      0.56     2e+02   -0.5   0.0   201   213   248   260   243   263 0.83 -
TRINITY_DN11637_c0_g1_i3:370-1161  -            264 315044at33208        -            407   5.1e-06   24.5   2.7   1   3       0.7   2.6e+02   -0.9   0.0   174   201     2    29     1    42 0.84 -
TRINITY_DN11637_c0_g1_i3:370-1161  -            264 315044at33208        -            407   5.1e-06   24.5   2.7   2   3     1e-07   3.8e-05   21.6   0.7   253   392    64   208    58   218 0.80 -
TRINITY_DN11637_c0_g1_i3:370-1161  -            264 315044at33208        -            407   5.1e-06   24.5   2.7   3   3      0.56     2e+02   -0.5   0.0   201   213   248   260   243   263 0.83 -
TRINITY_DN9090_c0_g1_i1:386-3328   -            981 315044at33208        -            407   9.6e-05   20.3  11.3   1   3     0.038        14    3.3   0.0   251   326    80   155    66   162 0.89 -
TRINITY_DN9090_c0_g1_i1:386-3328   -            981 315044at33208        -            407   9.6e-05   20.3  11.3   2   3   0.00086      0.32    8.7   3.0   269   394   234   362   163   372 0.60 -
TRINITY_DN9090_c0_g1_i1:386-3328   -            981 315044at33208        -            407   9.6e-05   20.3  11.3   3   3   4.8e-05     0.018   12.9   1.7   205   331   336   469   308   478 0.74 -
TRINITY_DN9090_c0_g1_i2:386-3450   -            981 315044at33208        -            407   9.6e-05   20.3  11.3   1   3     0.038        14    3.3   0.0   251   326    80   155    66   162 0.89 -
TRINITY_DN9090_c0_g1_i2:386-3450   -            981 315044at33208        -            407   9.6e-05   20.3  11.3   2   3   0.00086      0.32    8.7   3.0   269   394   234   362   163   372 0.60 -
TRINITY_DN9090_c0_g1_i2:386-3450   -            981 315044at33208        -            407   9.6e-05   20.3  11.3   3   3   4.8e-05     0.018   12.9   1.7   205   331   336   469   308   478 0.74 -
TRINITY_DN6559_c0_g1_i4:1-1866     -            622 315044at33208        -            407    0.0012   16.6  13.5   1   3      0.05        19    2.9   0.1   200   260    40   108    24   148 0.77 -
TRINITY_DN6559_c0_g1_i4:1-1866     -            622 315044at33208        -            407    0.0012   16.6  13.5   2   3   0.00089      0.33    8.7   5.3   145   253   252   381   240   448 0.76 -
TRINITY_DN6559_c0_g1_i4:1-1866     -            622 315044at33208        -            407    0.0012   16.6  13.5   3   3    0.0053         2    6.1   0.1   212   254   473   517   456   525 0.86 -
TRINITY_DN4780_c0_g1_i5:1527-2543  -            339 315044at33208        -            407    0.0019   16.1   0.2   1   2     0.039        14    3.3   0.0   263   288    30    55    13   114 0.76 -
TRINITY_DN4780_c0_g1_i5:1527-2543  -            339 315044at33208        -            407    0.0019   16.1   0.2   2   2   0.00019      0.07   10.9   0.1   257   324   204   277   175   312 0.92 -
TRINITY_DN9492_c0_g1_i10:5040-5900 -            287 315044at33208        -            407    0.0044   14.8   0.1   1   2   0.00018     0.067   10.9   0.0   152   207    71   130    49   136 0.71 -
TRINITY_DN9492_c0_g1_i10:5040-5900 -            287 315044at33208        -            407    0.0044   14.8   0.1   2   2      0.16        58    1.3   0.0   171   238   206   279   191   285 0.70 -
TRINITY_DN9492_c0_g1_i2:5034-5894  -            287 315044at33208        -            407    0.0044   14.8   0.1   1   2   0.00018     0.067   10.9   0.0   152   207    71   130    49   136 0.71 -
TRINITY_DN9492_c0_g1_i2:5034-5894  -            287 315044at33208        -            407    0.0044   14.8   0.1   2   2      0.16        58    1.3   0.0   171   238   206   279   191   285 0.70 -
TRINITY_DN9492_c0_g1_i3:5040-5900  -            287 315044at33208        -            407    0.0044   14.8   0.1   1   2   0.00018     0.067   10.9   0.0   152   207    71   130    49   136 0.71 -
TRINITY_DN9492_c0_g1_i3:5040-5900  -            287 315044at33208        -            407    0.0044   14.8   0.1   2   2      0.16        58    1.3   0.0   171   238   206   279   191   285 0.70 -
TRINITY_DN22587_c0_g1_i1:351-1154  -            268 315044at33208        -            407    0.0049   14.7   0.2   1   3      0.42   1.6e+02   -0.1   0.0   231   253    68    93    29   100 0.59 -
TRINITY_DN22587_c0_g1_i1:351-1154  -            268 315044at33208        -            407    0.0049   14.7   0.2   2   3    0.0064       2.3    5.9   0.0   179   202   107   130   102   135 0.90 -
TRINITY_DN22587_c0_g1_i1:351-1154  -            268 315044at33208        -            407    0.0049   14.7   0.2   3   3     0.011       4.2    5.0   0.0   211   246   187   222   148   257 0.90 -
TRINITY_DN19975_c0_g1_i3:317-1258  -            314 315044at33208        -            407     0.013   13.3   3.9   1   2     0.057        21    2.7   0.4   264   323    43   105    12   139 0.82 -
TRINITY_DN19975_c0_g1_i3:317-1258  -            314 315044at33208        -            407     0.013   13.3   3.9   2   2   0.00027       0.1   10.4   0.2   180   251   197   285   181   290 0.73 -
TRINITY_DN19975_c0_g1_i6:317-1258  -            314 315044at33208        -            407     0.013   13.3   3.9   1   2     0.057        21    2.7   0.4   264   323    43   105    12   139 0.82 -
TRINITY_DN19975_c0_g1_i6:317-1258  -            314 315044at33208        -            407     0.013   13.3   3.9   2   2   0.00027       0.1   10.4   0.2   180   251   197   285   181   290 0.73 -
TRINITY_DN19975_c0_g1_i7:317-1258  -            314 315044at33208        -            407     0.013   13.3   3.9   1   2     0.057        21    2.7   0.4   264   323    43   105    12   139 0.82 -
TRINITY_DN19975_c0_g1_i7:317-1258  -            314 315044at33208        -            407     0.013   13.3   3.9   2   2   0.00027       0.1   10.4   0.2   180   251   197   285   181   290 0.73 -
TRINITY_DN53587_c0_g1_i1:9-551     -            181 315044at33208        -            407     0.024   12.4   0.0   1   1   9.6e-05     0.035   11.9   0.0   295   344    51   105    45   159 0.77 -
TRINITY_DN6559_c0_g1_i23:41-3000   -            815 315044at33208        -            407     0.033   12.0  19.8   1   4      0.13        46    1.6   0.5    69   117    49    98    32   105 0.78 -
TRINITY_DN6559_c0_g1_i23:41-3000   -            815 315044at33208        -            407     0.033   12.0  19.8   2   4     0.076        28    2.3   0.1   200   260   233   301   217   340 0.78 -
TRINITY_DN6559_c0_g1_i23:41-3000   -            815 315044at33208        -            407     0.033   12.0  19.8   3   4    0.0014      0.53    8.0   5.4   144   253   444   574   431   641 0.76 -
TRINITY_DN6559_c0_g1_i23:41-3000   -            815 315044at33208        -            407     0.033   12.0  19.8   4   4    0.0077       2.8    5.6   0.1   212   254   666   710   653   718 0.86 -
TRINITY_DN12947_c0_g1_i8:208-1401  -            398 315044at33208        -            407     0.046   11.5   0.4   1   3      0.41   1.5e+02   -0.1   0.1   276   322    37    90     7    96 0.67 -
TRINITY_DN12947_c0_g1_i8:208-1401  -            398 315044at33208        -            407     0.046   11.5   0.4   2   3    0.0062       2.3    5.9   0.0   200   257   100   156    94   160 0.87 -
TRINITY_DN12947_c0_g1_i8:208-1401  -            398 315044at33208        -            407     0.046   11.5   0.4   3   3      0.14        51    1.5   0.0   317   361   290   344   258   375 0.66 -
TRINITY_DN6559_c0_g1_i1:41-2599    -            853 315044at33208        -            407       1.1    7.0  22.0   1   4       3.2   1.2e+03   -3.0   1.9    70   116    65   112    49   119 0.72 -
TRINITY_DN6559_c0_g1_i1:41-2599    -            853 315044at33208        -            407       1.1    7.0  22.0   2   4     0.081        30    2.2   0.1   200   260   271   339   255   378 0.78 -
TRINITY_DN6559_c0_g1_i1:41-2599    -            853 315044at33208        -            407       1.1    7.0  22.0   3   4    0.0011      0.39    8.4   4.8   145   253   483   612   471   679 0.76 -
TRINITY_DN6559_c0_g1_i1:41-2599    -            853 315044at33208        -            407       1.1    7.0  22.0   4   4    0.0085       3.1    5.4   0.1   212   254   704   748   694   756 0.87 -
TRINITY_DN6559_c0_g1_i18:41-2530   -            830 315044at33208        -            407       1.4    6.6  22.6   1   5       3.1   1.1e+03   -3.0   1.9    70   116    65   112    49   119 0.72 -
TRINITY_DN6559_c0_g1_i18:41-2530   -            830 315044at33208        -            407       1.4    6.6  22.6   2   5     0.078        29    2.3   0.1   200   260   248   316   232   355 0.78 -
TRINITY_DN6559_c0_g1_i18:41-2530   -            830 315044at33208        -            407       1.4    6.6  22.6   3   5   0.00029      0.11   10.3   2.4   146   252   461   588   450   609 0.73 -
TRINITY_DN6559_c0_g1_i18:41-2530   -            830 315044at33208        -            407       1.4    6.6  22.6   4   5     0.032        12    3.5   0.9   195   285   562   656   548   680 0.72 -
TRINITY_DN6559_c0_g1_i18:41-2530   -            830 315044at33208        -            407       1.4    6.6  22.6   5   5    0.0082         3    5.5   0.1   212   254   681   725   671   733 0.87 -
TRINITY_DN6559_c0_g1_i2:41-2530    -            830 315044at33208        -            407       1.4    6.6  22.6   1   5       3.1   1.1e+03   -3.0   1.9    70   116    65   112    49   119 0.72 -
TRINITY_DN6559_c0_g1_i2:41-2530    -            830 315044at33208        -            407       1.4    6.6  22.6   2   5     0.078        29    2.3   0.1   200   260   248   316   232   355 0.78 -
TRINITY_DN6559_c0_g1_i2:41-2530    -            830 315044at33208        -            407       1.4    6.6  22.6   3   5   0.00029      0.11   10.3   2.4   146   252   461   588   450   609 0.73 -
TRINITY_DN6559_c0_g1_i2:41-2530    -            830 315044at33208        -            407       1.4    6.6  22.6   4   5     0.032        12    3.5   0.9   195   285   562   656   548   680 0.72 -
TRINITY_DN6559_c0_g1_i2:41-2530    -            830 315044at33208        -            407       1.4    6.6  22.6   5   5    0.0082         3    5.5   0.1   212   254   681   725   671   733 0.87 -
#
# Program:         hmmsearch
# Version:         3.1b2 (February 2015)
# Pipeline mode:   SEARCH
# Query file:      /busco_wd/busco_downloads/lineages/metazoa_odb10/hmms/315044at33208.hmm
# Target file:     /busco_wd/BUSCO/run_metazoa_odb10/metaeuk_output/initial_results/Trinity.fasta.modified.fas
# Option settings: hmmsearch --domtblout /busco_wd/BUSCO/run_metazoa_odb10/hmmer_output/initial_run_results/315044at33208.out --cpu 1 /busco_wd/busco_downloads/lineages/metazoa_odb10/hmms/315044at33208.hmm /busco_wd/BUSCO/run_metazoa_odb10/metaeuk_output/initial_results/Trinity.fasta.modified.fas 
# Current dir:     /busco_wd
# Date:            Tue Nov 23 09:01:55 2021
# [ok]
