#                                                                                      --- full sequence --- -------------- this domain -------------   hmm coord   ali coord   env coord
# target name                  accession   tlen query name           accession   qlen   E-value  score  bias   #  of  c-Evalue  i-Evalue  score  bias  from    to  from    to  from    to  acc description of target
#          ------------------- ---------- ----- -------------------- ---------- ----- --------- ------ ----- --- --- --------- --------- ------ ----- ----- ----- ----- ----- ----- ----- ---- ---------------------
TRINITY_DN399_c0_g1_i1:78-2192 -            705 320390at33208        -            525  2.5e-160  533.4  23.2   1   4   3.6e-65   1.6e-61  207.3   1.8     1   154    37   195    37   200 0.94 -
TRINITY_DN399_c0_g1_i1:78-2192 -            705 320390at33208        -            525  2.5e-160  533.4  23.2   2   4    0.0032        15    2.9   0.0   145   167   210   232   194   248 0.73 -
TRINITY_DN399_c0_g1_i1:78-2192 -            705 320390at33208        -            525  2.5e-160  533.4  23.2   3   4   2.3e-86     1e-82  277.3   7.0   175   469   273   621   260   635 0.83 -
TRINITY_DN399_c0_g1_i1:78-2192 -            705 320390at33208        -            525  2.5e-160  533.4  23.2   4   4   1.7e-17   7.9e-14   50.0   0.1   466   525   642   705   630   705 0.88 -
TRINITY_DN399_c0_g1_i4:78-2192 -            705 320390at33208        -            525  2.5e-160  533.4  23.2   1   4   3.6e-65   1.6e-61  207.3   1.8     1   154    37   195    37   200 0.94 -
TRINITY_DN399_c0_g1_i4:78-2192 -            705 320390at33208        -            525  2.5e-160  533.4  23.2   2   4    0.0032        15    2.9   0.0   145   167   210   232   194   248 0.73 -
TRINITY_DN399_c0_g1_i4:78-2192 -            705 320390at33208        -            525  2.5e-160  533.4  23.2   3   4   2.3e-86     1e-82  277.3   7.0   175   469   273   621   260   635 0.83 -
TRINITY_DN399_c0_g1_i4:78-2192 -            705 320390at33208        -            525  2.5e-160  533.4  23.2   4   4   1.7e-17   7.9e-14   50.0   0.1   466   525   642   705   630   705 0.88 -
#
# Program:         hmmsearch
# Version:         3.1b2 (February 2015)
# Pipeline mode:   SEARCH
# Query file:      /busco_wd/busco_downloads/lineages/metazoa_odb10/hmms/320390at33208.hmm
# Target file:     /busco_wd/BUSCO/run_metazoa_odb10/metaeuk_output/initial_results/Trinity.fasta.modified.fas
# Option settings: hmmsearch --domtblout /busco_wd/BUSCO/run_metazoa_odb10/hmmer_output/initial_run_results/320390at33208.out --cpu 1 /busco_wd/busco_downloads/lineages/metazoa_odb10/hmms/320390at33208.hmm /busco_wd/BUSCO/run_metazoa_odb10/metaeuk_output/initial_results/Trinity.fasta.modified.fas 
# Current dir:     /busco_wd
# Date:            Tue Nov 23 09:01:56 2021
# [ok]
