#                                                                                           --- full sequence --- -------------- this domain -------------   hmm coord   ali coord   env coord
# target name                       accession   tlen query name           accession   qlen   E-value  score  bias   #  of  c-Evalue  i-Evalue  score  bias  from    to  from    to  from    to  acc description of target
#               ------------------- ---------- ----- -------------------- ---------- ----- --------- ------ ----- --- --- --------- --------- ------ ----- ----- ----- ----- ----- ----- ----- ---- ---------------------
TRINITY_DN26382_c0_g1_i12:594-2270  -            559 323399at33208        -            418  4.5e-184  610.7   1.1   1   2      0.25        12    3.2   0.0     2    25     3    27     2    36 0.81 -
TRINITY_DN26382_c0_g1_i12:594-2270  -            559 323399at33208        -            418  4.5e-184  610.7   1.1   2   2  3.5e-184  1.6e-182  605.6   0.7    21   408   121   544   102   555 0.90 -
TRINITY_DN26382_c0_g1_i5:594-2270   -            559 323399at33208        -            418  4.5e-184  610.7   1.1   1   2      0.25        12    3.2   0.0     2    25     3    27     2    36 0.81 -
TRINITY_DN26382_c0_g1_i5:594-2270   -            559 323399at33208        -            418  4.5e-184  610.7   1.1   2   2  3.5e-184  1.6e-182  605.6   0.7    21   408   121   544   102   555 0.90 -
TRINITY_DN26382_c0_g1_i10:575-1390  -            272 323399at33208        -            418  1.1e-127  425.0   0.2   1   1  2.7e-129  1.3e-127  424.7   0.2   166   408     1   250     1   261 0.95 -
TRINITY_DN26382_c0_g1_i13:257-1072  -            272 323399at33208        -            418  1.1e-127  425.0   0.2   1   1  2.7e-129  1.3e-127  424.7   0.2   166   408     1   250     1   261 0.95 -
TRINITY_DN26382_c0_g1_i1:578-1393   -            272 323399at33208        -            418  1.1e-127  425.0   0.2   1   1  2.7e-129  1.3e-127  424.7   0.2   166   408     1   250     1   261 0.95 -
TRINITY_DN859_c0_g1_i2:383-2098     -            572 323399at33208        -            418   1.4e-73  246.7   0.5   1   1   4.4e-75   2.1e-73  246.2   0.5    58   413    44   416    27   423 0.90 -
TRINITY_DN859_c0_g1_i5:128-1843     -            572 323399at33208        -            418   1.4e-73  246.7   0.5   1   1   4.4e-75   2.1e-73  246.2   0.5    58   413    44   416    27   423 0.90 -
TRINITY_DN859_c0_g1_i7:80-2224      -            715 323399at33208        -            418   2.3e-73  246.0   0.4   1   1   8.1e-75   3.8e-73  245.3   0.4    58   413   187   559   167   565 0.90 -
TRINITY_DN859_c0_g1_i1:384-2525     -            714 323399at33208        -            418   2.4e-73  246.0   0.5   1   1   8.3e-75   3.9e-73  245.3   0.5    58   413   186   558   168   564 0.90 -
TRINITY_DN1613_c0_g1_i10:1529-2944  -            472 323399at33208        -            418   4.9e-73  244.9   0.0   1   1   1.5e-74   6.9e-73  244.4   0.0    42   396    38   431    10   436 0.83 -
TRINITY_DN1613_c0_g1_i11:1530-2945  -            472 323399at33208        -            418   4.9e-73  244.9   0.0   1   1   1.5e-74   6.9e-73  244.4   0.0    42   396    38   431    10   436 0.83 -
TRINITY_DN1613_c0_g1_i14:1564-2979  -            472 323399at33208        -            418   4.9e-73  244.9   0.0   1   1   1.5e-74   6.9e-73  244.4   0.0    42   396    38   431    10   436 0.83 -
TRINITY_DN1613_c0_g1_i18:1532-2947  -            472 323399at33208        -            418   4.9e-73  244.9   0.0   1   1   1.5e-74   6.9e-73  244.4   0.0    42   396    38   431    10   436 0.83 -
TRINITY_DN1613_c0_g1_i6:1758-3173   -            472 323399at33208        -            418   4.9e-73  244.9   0.0   1   1   1.5e-74   6.9e-73  244.4   0.0    42   396    38   431    10   436 0.83 -
TRINITY_DN13308_c0_g1_i3:366-1745   -            460 323399at33208        -            418   5.1e-73  244.9   0.0   1   1   1.8e-74   8.5e-73  244.1   0.0    52   407    50   437     2   443 0.79 -
TRINITY_DN13308_c0_g1_i4:366-1745   -            460 323399at33208        -            418   5.1e-73  244.9   0.0   1   1   1.8e-74   8.5e-73  244.1   0.0    52   407    50   437     2   443 0.79 -
TRINITY_DN13308_c0_g1_i2:471-1745   -            425 323399at33208        -            418   2.2e-71  239.5   0.0   1   1   7.3e-73   3.4e-71  238.9   0.0    52   394    50   424     2   425 0.80 -
TRINITY_DN5255_c0_g1_i10:598-1809   -            404 323399at33208        -            418   5.4e-70  234.9   0.1   1   1   2.7e-71   1.3e-69  233.7   0.1    41   377    12   382     1   401 0.83 -
TRINITY_DN5255_c0_g1_i8:598-1809    -            404 323399at33208        -            418   5.4e-70  234.9   0.1   1   1   2.7e-71   1.3e-69  233.7   0.1    41   377    12   382     1   401 0.83 -
TRINITY_DN605_c0_g1_i4:836-2140     -            435 323399at33208        -            418   3.7e-69  232.2   0.0   1   1   9.7e-71   4.6e-69  231.9   0.0    58   394    77   433    61   435 0.87 -
TRINITY_DN605_c0_g1_i5:836-2140     -            435 323399at33208        -            418   3.7e-69  232.2   0.0   1   1   9.7e-71   4.6e-69  231.9   0.0    58   394    77   433    61   435 0.87 -
TRINITY_DN1882_c0_g1_i2:1200-2420   -            407 323399at33208        -            418   2.5e-68  229.4   0.0   1   2   3.2e-28   1.5e-26   91.8   0.0    59   195    35   189    26   198 0.78 -
TRINITY_DN1882_c0_g1_i2:1200-2420   -            407 323399at33208        -            418   2.5e-68  229.4   0.0   2   2   1.6e-41   7.5e-40  135.6   0.0   201   373   221   393   207   403 0.95 -
TRINITY_DN1882_c0_g1_i3:1200-2420   -            407 323399at33208        -            418   2.5e-68  229.4   0.0   1   2   3.2e-28   1.5e-26   91.8   0.0    59   195    35   189    26   198 0.78 -
TRINITY_DN1882_c0_g1_i3:1200-2420   -            407 323399at33208        -            418   2.5e-68  229.4   0.0   2   2   1.6e-41   7.5e-40  135.6   0.0   201   373   221   393   207   403 0.95 -
TRINITY_DN1882_c0_g1_i4:1200-2420   -            407 323399at33208        -            418   2.5e-68  229.4   0.0   1   2   3.2e-28   1.5e-26   91.8   0.0    59   195    35   189    26   198 0.78 -
TRINITY_DN1882_c0_g1_i4:1200-2420   -            407 323399at33208        -            418   2.5e-68  229.4   0.0   2   2   1.6e-41   7.5e-40  135.6   0.0   201   373   221   393   207   403 0.95 -
TRINITY_DN29307_c0_g2_i1:556-1683   -            376 323399at33208        -            418   6.7e-68  228.0   3.0   1   1   1.9e-69   8.8e-68  227.6   3.0    59   383    26   361    22   375 0.91 -
TRINITY_DN2507_c0_g1_i1:281-1615    -            445 323399at33208        -            418   1.2e-67  227.2   0.0   1   1   3.8e-69   1.8e-67  226.6   0.0    18   389    31   438    21   444 0.82 -
TRINITY_DN2507_c0_g1_i8:281-1851    -            445 323399at33208        -            418   1.2e-67  227.2   0.0   1   1   3.8e-69   1.8e-67  226.6   0.0    18   389    31   438    21   444 0.82 -
TRINITY_DN4114_c0_g1_i1:1363-2532   -            390 323399at33208        -            418   1.8e-67  226.6   0.0   1   1   4.9e-69   2.3e-67  226.2   0.0    59   381    35   376    12   387 0.86 -
TRINITY_DN4114_c0_g1_i2:933-2102    -            390 323399at33208        -            418   1.8e-67  226.6   0.0   1   1   4.9e-69   2.3e-67  226.2   0.0    59   381    35   376    12   387 0.86 -
TRINITY_DN4114_c0_g1_i3:1365-2534   -            390 323399at33208        -            418   1.8e-67  226.6   0.0   1   1   4.9e-69   2.3e-67  226.2   0.0    59   381    35   376    12   387 0.86 -
TRINITY_DN5289_c0_g1_i1:151-1317    -            389 323399at33208        -            418   2.8e-66  222.7   0.0   1   1   7.5e-68   3.5e-66  222.4   0.0    59   395    29   388    12   389 0.85 -
TRINITY_DN3227_c0_g1_i1:2451-3626   -            392 323399at33208        -            418   6.2e-65  218.2   0.0   1   1   1.7e-66   8.1e-65  217.9   0.0    59   385    29   380    18   391 0.83 -
TRINITY_DN3227_c0_g1_i5:2451-3626   -            392 323399at33208        -            418   6.2e-65  218.2   0.0   1   1   1.7e-66   8.1e-65  217.9   0.0    59   385    29   380    18   391 0.83 -
TRINITY_DN5382_c0_g1_i1:1827-3320   -            498 323399at33208        -            418   1.8e-64  216.7   0.0   1   1   7.4e-66   3.5e-64  215.8   0.0    59   392    66   430    57   436 0.83 -
TRINITY_DN5382_c0_g1_i3:1827-3320   -            498 323399at33208        -            418   1.8e-64  216.7   0.0   1   1   7.4e-66   3.5e-64  215.8   0.0    59   392    66   430    57   436 0.83 -
TRINITY_DN5382_c0_g1_i6:1827-3320   -            498 323399at33208        -            418   1.8e-64  216.7   0.0   1   1   7.4e-66   3.5e-64  215.8   0.0    59   392    66   430    57   436 0.83 -
TRINITY_DN5382_c0_g1_i7:1827-3320   -            498 323399at33208        -            418   1.8e-64  216.7   0.0   1   1   7.4e-66   3.5e-64  215.8   0.0    59   392    66   430    57   436 0.83 -
TRINITY_DN5382_c0_g1_i8:1827-3320   -            498 323399at33208        -            418   1.8e-64  216.7   0.0   1   1   7.4e-66   3.5e-64  215.8   0.0    59   392    66   430    57   436 0.83 -
TRINITY_DN702_c0_g1_i2:424-1632     -            403 323399at33208        -            418   2.1e-63  213.2   0.3   1   1   5.8e-65   2.7e-63  212.8   0.3    59   391    26   369    20   397 0.89 -
TRINITY_DN702_c0_g1_i3:127-1335     -            403 323399at33208        -            418   2.1e-63  213.2   0.3   1   1   5.8e-65   2.7e-63  212.8   0.3    59   391    26   369    20   397 0.89 -
TRINITY_DN702_c0_g1_i4:127-1335     -            403 323399at33208        -            418   2.1e-63  213.2   0.3   1   1   5.8e-65   2.7e-63  212.8   0.3    59   391    26   369    20   397 0.89 -
TRINITY_DN702_c0_g1_i6:439-1647     -            403 323399at33208        -            418   2.1e-63  213.2   0.3   1   1   5.8e-65   2.7e-63  212.8   0.3    59   391    26   369    20   397 0.89 -
TRINITY_DN209_c0_g1_i1:430-1578     -            383 323399at33208        -            418   2.7e-62  209.5   0.2   1   1     8e-64   3.8e-62  209.1   0.2    59   387    25   362    19   378 0.89 -
TRINITY_DN18794_c0_g1_i1:165-2231   -            689 323399at33208        -            418   5.9e-62  208.4   0.0   1   1   1.9e-63   9.2e-62  207.8   0.0    59   374    42   371    36   376 0.87 -
TRINITY_DN18794_c0_g1_i2:373-2439   -            689 323399at33208        -            418   5.9e-62  208.4   0.0   1   1   1.9e-63   9.2e-62  207.8   0.0    59   374    42   371    36   376 0.87 -
TRINITY_DN18794_c0_g1_i3:116-2182   -            689 323399at33208        -            418   5.9e-62  208.4   0.0   1   1   1.9e-63   9.2e-62  207.8   0.0    59   374    42   371    36   376 0.87 -
TRINITY_DN477_c0_g1_i1:311-1471     -            387 323399at33208        -            418   3.8e-61  205.8   0.8   1   1   9.9e-63   4.7e-61  205.5   0.8    59   380    43   375     8   386 0.90 -
TRINITY_DN477_c0_g1_i2:312-1472     -            387 323399at33208        -            418   3.8e-61  205.8   0.8   1   1   9.9e-63   4.7e-61  205.5   0.8    59   380    43   375     8   386 0.90 -
TRINITY_DN1043_c0_g1_i1:342-1406    -            355 323399at33208        -            418   1.5e-60  203.8   0.0   1   1   3.8e-62   1.8e-60  203.6   0.0    59   376    22   351    11   355 0.88 -
TRINITY_DN1043_c0_g1_i2:342-1406    -            355 323399at33208        -            418   1.5e-60  203.8   0.0   1   1   3.8e-62   1.8e-60  203.6   0.0    59   376    22   351    11   355 0.88 -
TRINITY_DN16134_c0_g1_i9:332-1759   -            476 323399at33208        -            418   3.8e-56  189.3   0.1   1   1   1.2e-57   5.5e-56  188.8   0.1    23   372    79   468    57   472 0.78 -
TRINITY_DN16134_c0_g1_i4:602-1866   -            398 323399at33208        -            418   1.2e-54  184.3   0.0   1   1   3.9e-56   1.8e-54  183.8   0.0    58   372    38   378    22   386 0.84 -
TRINITY_DN18121_c0_g1_i1:57-1859    -            601 323399at33208        -            418   2.2e-54  183.5   0.0   1   1   6.8e-56   3.2e-54  183.0   0.0    59   373    25   369    14   413 0.82 -
TRINITY_DN11359_c0_g1_i3:29-946     -            306 323399at33208        -            418   1.9e-53  180.4   0.0   1   1   5.1e-55   2.4e-53  180.1   0.0   140   396    41   303    28   305 0.88 -
TRINITY_DN11359_c0_g1_i6:29-946     -            306 323399at33208        -            418   1.9e-53  180.4   0.0   1   1   5.1e-55   2.4e-53  180.1   0.0   140   396    41   303    28   305 0.88 -
TRINITY_DN11359_c0_g1_i9:418-1335   -            306 323399at33208        -            418   1.9e-53  180.4   0.0   1   1   5.1e-55   2.4e-53  180.1   0.0   140   396    41   303    28   305 0.88 -
TRINITY_DN16134_c0_g1_i2:602-1795   -            365 323399at33208        -            418   1.3e-52  177.7   1.5   1   2   2.2e-16     1e-14   52.8   0.1    58   123    38   113    23   116 0.84 -
TRINITY_DN16134_c0_g1_i2:602-1795   -            365 323399at33208        -            418   1.3e-52  177.7   1.5   2   2     3e-38   1.4e-36  124.8   0.1   148   372   115   345   112   351 0.88 -
TRINITY_DN2531_c0_g1_i9:379-1509    -            377 323399at33208        -            418   1.5e-51  174.2   1.3   1   1   4.2e-53     2e-51  173.8   1.3    59   380    26   361    22   373 0.84 -
TRINITY_DN116521_c0_g1_i1:1-1038    -            346 323399at33208        -            418   1.5e-51  174.1   1.7   1   1   4.4e-53   2.1e-51  173.7   1.7    59   373     9   338     7   346 0.86 -
TRINITY_DN539_c0_g1_i12:385-1644    -            420 323399at33208        -            418   7.2e-51  171.9   0.0   1   1   2.1e-52   9.7e-51  171.5   0.0    62   384    15   361     2   368 0.81 -
TRINITY_DN539_c0_g1_i17:337-1596    -            420 323399at33208        -            418   7.2e-51  171.9   0.0   1   1   2.1e-52   9.7e-51  171.5   0.0    62   384    15   361     2   368 0.81 -
TRINITY_DN8372_c0_g2_i16:163-1482   -            440 323399at33208        -            418   9.9e-50  168.2   0.0   1   1     4e-51   1.9e-49  167.3   0.0    56   386    60   427    51   438 0.82 -
TRINITY_DN8372_c0_g2_i1:163-1482    -            440 323399at33208        -            418   9.9e-50  168.2   0.0   1   1     4e-51   1.9e-49  167.3   0.0    56   386    60   427    51   438 0.82 -
TRINITY_DN2284_c0_g1_i12:1451-2770  -            440 323399at33208        -            418   3.5e-49  166.4   0.0   1   1   9.4e-51   4.4e-49  166.0   0.0    59   402    17   377    13   396 0.84 -
TRINITY_DN2284_c0_g1_i2:1460-2779   -            440 323399at33208        -            418   3.5e-49  166.4   0.0   1   1   9.4e-51   4.4e-49  166.0   0.0    59   402    17   377    13   396 0.84 -
TRINITY_DN2284_c0_g1_i4:1451-2770   -            440 323399at33208        -            418   3.5e-49  166.4   0.0   1   1   9.4e-51   4.4e-49  166.0   0.0    59   402    17   377    13   396 0.84 -
TRINITY_DN2284_c0_g1_i7:1451-2770   -            440 323399at33208        -            418   3.5e-49  166.4   0.0   1   1   9.4e-51   4.4e-49  166.0   0.0    59   402    17   377    13   396 0.84 -
TRINITY_DN238_c0_g1_i1:692-1933     -            414 323399at33208        -            418   3.5e-49  166.3   0.0   1   1   9.8e-51   4.6e-49  166.0   0.0    59   399    41   399    29   412 0.80 -
TRINITY_DN238_c0_g1_i3:692-1933     -            414 323399at33208        -            418   3.5e-49  166.3   0.0   1   1   9.8e-51   4.6e-49  166.0   0.0    59   399    41   399    29   412 0.80 -
TRINITY_DN1618_c0_g2_i1:471-1652    -            394 323399at33208        -            418   2.1e-45  153.9   1.3   1   2   4.3e-32     2e-30  104.5   0.3    59   324    24   307    17   315 0.80 -
TRINITY_DN1618_c0_g2_i1:471-1652    -            394 323399at33208        -            418   2.1e-45  153.9   1.3   2   2     5e-15   2.3e-13   48.3   0.0   325   372   338   385   335   394 0.88 -
TRINITY_DN2507_c0_g1_i10:281-1405   -            375 323399at33208        -            418     8e-45  152.0   0.0   1   1   2.3e-46   1.1e-44  151.6   0.0    18   329    31   375    21   375 0.81 -
TRINITY_DN1753_c0_g1_i12:431-1609   -            393 323399at33208        -            418   3.3e-44  150.0   0.1   1   1   8.9e-46   4.2e-44  149.6   0.1    59   373    22   358    17   390 0.86 -
TRINITY_DN1753_c0_g1_i16:431-1609   -            393 323399at33208        -            418   3.3e-44  150.0   0.1   1   1   8.9e-46   4.2e-44  149.6   0.1    59   373    22   358    17   390 0.86 -
TRINITY_DN1753_c0_g1_i2:431-1609    -            393 323399at33208        -            418   3.3e-44  150.0   0.1   1   1   8.9e-46   4.2e-44  149.6   0.1    59   373    22   358    17   390 0.86 -
TRINITY_DN1753_c0_g1_i4:431-1609    -            393 323399at33208        -            418   3.3e-44  150.0   0.1   1   1   8.9e-46   4.2e-44  149.6   0.1    59   373    22   358    17   390 0.86 -
TRINITY_DN1753_c0_g1_i8:431-1609    -            393 323399at33208        -            418   3.3e-44  150.0   0.1   1   1   8.9e-46   4.2e-44  149.6   0.1    59   373    22   358    17   390 0.86 -
TRINITY_DN1753_c0_g1_i9:431-1609    -            393 323399at33208        -            418   3.3e-44  150.0   0.1   1   1   8.9e-46   4.2e-44  149.6   0.1    59   373    22   358    17   390 0.86 -
TRINITY_DN12998_c0_g1_i2:2003-3127  -            375 323399at33208        -            418   6.7e-44  149.0   0.0   1   1     2e-45   9.5e-44  148.5   0.0    59   383    18   364     5   372 0.86 -
TRINITY_DN12998_c0_g1_i7:1997-3187  -            397 323399at33208        -            418   8.3e-44  148.7   0.0   1   1   2.4e-45   1.2e-43  148.2   0.0    59   382    35   380    19   392 0.86 -
TRINITY_DN2896_c0_g1_i1:404-1849    -            482 323399at33208        -            418   1.7e-40  137.7   0.1   1   2   7.3e-25   3.4e-23   80.7   0.1    58   237     4   206     1   219 0.77 -
TRINITY_DN2896_c0_g1_i1:404-1849    -            482 323399at33208        -            418   1.7e-40  137.7   0.1   2   2   5.2e-17   2.4e-15   54.9   0.0   294   376   296   378   287   429 0.77 -
TRINITY_DN2896_c0_g1_i2:404-1849    -            482 323399at33208        -            418   1.7e-40  137.7   0.1   1   2   7.3e-25   3.4e-23   80.7   0.1    58   237     4   206     1   219 0.77 -
TRINITY_DN2896_c0_g1_i2:404-1849    -            482 323399at33208        -            418   1.7e-40  137.7   0.1   2   2   5.2e-17   2.4e-15   54.9   0.0   294   376   296   378   287   429 0.77 -
TRINITY_DN2896_c0_g1_i3:404-1849    -            482 323399at33208        -            418     2e-40  137.5   0.1   1   2   7.3e-25   3.4e-23   80.7   0.1    58   237     4   206     1   219 0.77 -
TRINITY_DN2896_c0_g1_i3:404-1849    -            482 323399at33208        -            418     2e-40  137.5   0.1   2   2   6.1e-17   2.9e-15   54.6   0.0   294   376   296   378   287   429 0.77 -
TRINITY_DN4063_c0_g1_i3:450-1997    -            516 323399at33208        -            418   1.2e-38  131.7   1.9   1   2   6.1e-18   2.9e-16   57.9   0.1    74   188   155   288   146   302 0.76 -
TRINITY_DN4063_c0_g1_i3:450-1997    -            516 323399at33208        -            418   1.2e-38  131.7   1.9   2   2   1.7e-21     8e-20   69.7   0.2   266   363   418   516   391   516 0.86 -
TRINITY_DN4063_c0_g1_i7:450-2024    -            525 323399at33208        -            418   1.5e-38  131.4   2.1   1   2   7.2e-18   3.4e-16   57.7   0.1    75   187   165   296   159   309 0.76 -
TRINITY_DN4063_c0_g1_i7:450-2024    -            525 323399at33208        -            418   1.5e-38  131.4   2.1   2   2   1.7e-21   8.2e-20   69.6   0.2   266   363   427   525   400   525 0.86 -
TRINITY_DN4063_c0_g1_i5:450-2396    -            649 323399at33208        -            418   3.1e-38  130.3   1.8   1   2   9.2e-18   4.3e-16   57.4   0.1    74   187   288   420   274   434 0.77 -
TRINITY_DN4063_c0_g1_i5:450-2396    -            649 323399at33208        -            418   3.1e-38  130.3   1.8   2   2   2.4e-21   1.2e-19   69.1   0.2   266   363   551   649   524   649 0.86 -
TRINITY_DN1764_c0_g1_i2:65-2239     -            725 323399at33208        -            418   3.2e-38  130.3   0.3   1   2   3.4e-23   1.6e-21   75.2   0.1    59   212   235   422   220   441 0.71 -
TRINITY_DN1764_c0_g1_i2:65-2239     -            725 323399at33208        -            418   3.2e-38  130.3   0.3   2   2   6.5e-16   3.1e-14   51.3   0.0   269   380   498   609   451   619 0.88 -
TRINITY_DN1764_c0_g1_i1:65-2239     -            725 323399at33208        -            418   3.2e-38  130.3   0.3   1   2   3.4e-23   1.6e-21   75.2   0.1    59   212   235   422   220   441 0.71 -
TRINITY_DN1764_c0_g1_i1:65-2239     -            725 323399at33208        -            418   3.2e-38  130.3   0.3   2   2   6.5e-16   3.1e-14   51.3   0.0   269   380   498   609   451   619 0.88 -
TRINITY_DN4063_c0_g1_i4:450-2396    -            649 323399at33208        -            418   3.4e-38  130.2   2.0   1   2     1e-17   4.7e-16   57.2   0.1    74   187   288   420   281   433 0.76 -
TRINITY_DN4063_c0_g1_i4:450-2396    -            649 323399at33208        -            418   3.4e-38  130.2   2.0   2   2   2.4e-21   1.2e-19   69.1   0.2   266   363   551   649   524   649 0.86 -
TRINITY_DN2531_c0_g1_i2:1-879       -            293 323399at33208        -            418   4.2e-38  129.8   1.9   1   1     1e-39   4.7e-38  129.7   1.9   146   380    42   279     1   290 0.83 -
TRINITY_DN8372_c0_g2_i5:163-1389    -            409 323399at33208        -            418   5.9e-38  129.4   0.3   1   2     1e-27   4.9e-26   90.1   0.0    56   200    60   221    51   337 0.76 -
TRINITY_DN8372_c0_g2_i5:163-1389    -            409 323399at33208        -            418   5.9e-38  129.4   0.3   2   2   1.4e-11   6.5e-10   37.0   0.0   333   386   339   396   332   406 0.86 -
TRINITY_DN7119_c0_g1_i4:377-1636    -            420 323399at33208        -            418   5.9e-38  129.4   3.8   1   2   2.4e-17   1.1e-15   56.0   0.4    59   181    22   154    14   174 0.81 -
TRINITY_DN7119_c0_g1_i4:377-1636    -            420 323399at33208        -            418   5.9e-38  129.4   3.8   2   2   6.2e-23   2.9e-21   74.4   0.2   291   383   316   407   303   412 0.93 -
TRINITY_DN7119_c0_g1_i12:377-1636   -            420 323399at33208        -            418   9.3e-38  128.7   3.7   1   2     4e-17   1.9e-15   55.2   0.4    59   181    22   154    14   174 0.81 -
TRINITY_DN7119_c0_g1_i12:377-1636   -            420 323399at33208        -            418   9.3e-38  128.7   3.7   2   2   6.2e-23   2.9e-21   74.4   0.2   291   383   316   407   303   412 0.93 -
TRINITY_DN166536_c0_g1_i1:4-966     -            321 323399at33208        -            418   1.5e-37  128.0   0.0   1   1   4.3e-39     2e-37  127.6   0.0    16   301     6   321     2   321 0.83 -
TRINITY_DN5165_c0_g1_i1:119-2296    -            726 323399at33208        -            418   5.3e-35  119.6   0.2   1   3   1.6e-09   7.4e-08   30.2   0.0    59   100    25    66    10    76 0.87 -
TRINITY_DN5165_c0_g1_i1:119-2296    -            726 323399at33208        -            418   5.3e-35  119.6   0.2   2   3   6.2e-07   2.9e-05   21.7   0.0   107   199   283   387   276   440 0.66 -
TRINITY_DN5165_c0_g1_i1:119-2296    -            726 323399at33208        -            418   5.3e-35  119.6   0.2   3   3   1.4e-19   6.6e-18   63.3   0.0   294   371   537   614   531   629 0.94 -
TRINITY_DN5065_c0_g1_i1:568-1701    -            378 323399at33208        -            418   3.7e-33  113.6   0.3   1   2   1.2e-24   5.4e-23   80.1   0.1    59   181    16   148     8   181 0.88 -
TRINITY_DN5065_c0_g1_i1:568-1701    -            378 323399at33208        -            418   3.7e-33  113.6   0.3   2   2   5.8e-10   2.8e-08   31.6   0.0   259   371   251   366   229   377 0.74 -
TRINITY_DN8372_c0_g2_i17:163-1176   -            338 323399at33208        -            418   1.5e-26   91.8   0.1   1   1   6.8e-28   3.2e-26   90.7   0.1    56   200    60   221    51   334 0.77 -
TRINITY_DN8372_c0_g2_i14:163-1176   -            338 323399at33208        -            418   1.7e-26   91.6   0.1   1   1   7.9e-28   3.7e-26   90.5   0.1    56   200    60   221    51   334 0.77 -
TRINITY_DN121457_c0_g1_i1:278-838   -            187 323399at33208        -            418   1.7e-26   91.6   0.0   1   1   4.5e-28   2.1e-26   91.3   0.0    60   209    24   186    13   187 0.86 -
TRINITY_DN7119_c0_g1_i17:606-1646   -            347 323399at33208        -            418     3e-25   87.5   3.4   1   2   4.1e-05     0.002   15.7   0.3    91   181     2   102     1   122 0.72 -
TRINITY_DN7119_c0_g1_i17:606-1646   -            347 323399at33208        -            418     3e-25   87.5   3.4   2   2     2e-22   9.6e-21   72.7   0.2   291   373   264   346   252   347 0.98 -
TRINITY_DN5382_c0_g1_i5:0-539       -            180 323399at33208        -            418     4e-25   87.1   0.0   1   1   1.1e-26   5.2e-25   86.7   0.0   295   392    11   112     6   118 0.87 -
TRINITY_DN2284_c0_g1_i1:222-1139    -            306 323399at33208        -            418   1.6e-24   85.1   0.0   1   1     4e-26   1.9e-24   84.9   0.0   173   402     1   232     1   251 0.83 -
TRINITY_DN2531_c0_g1_i5:875-1291    -            139 323399at33208        -            418   2.4e-24   84.5   0.1   1   1   5.9e-26   2.8e-24   84.3   0.1   268   381     1   114     1   128 0.93 -
TRINITY_DN539_c0_g1_i11:802-1290    -            163 323399at33208        -            418   2.9e-24   84.3   0.1   1   1   7.5e-26   3.5e-24   84.0   0.1   270   385     2   116     1   122 0.89 -
TRINITY_DN539_c0_g1_i14:2544-3032   -            163 323399at33208        -            418   2.9e-24   84.3   0.1   1   1   7.5e-26   3.5e-24   84.0   0.1   270   385     2   116     1   122 0.89 -
TRINITY_DN539_c0_g1_i3:805-1293     -            163 323399at33208        -            418   2.9e-24   84.3   0.1   1   1   7.5e-26   3.5e-24   84.0   0.1   270   385     2   116     1   122 0.89 -
TRINITY_DN539_c0_g1_i9:185-673      -            163 323399at33208        -            418   2.9e-24   84.3   0.1   1   1   7.5e-26   3.5e-24   84.0   0.1   270   385     2   116     1   122 0.89 -
TRINITY_DN8372_c0_g2_i6:163-1194    -            344 323399at33208        -            418   3.9e-24   83.9   0.0   1   1   1.9e-25   8.8e-24   82.7   0.0    62   200    72   227    57   340 0.77 -
TRINITY_DN2531_c0_g1_i6:354-782     -            143 323399at33208        -            418   1.5e-23   81.9   0.1   1   1   3.4e-25   1.6e-23   81.8   0.1   265   370    36   141    15   143 0.92 -
TRINITY_DN2531_c0_g1_i11:409-960    -            184 323399at33208        -            418   1.2e-22   78.9   0.0   1   1   3.4e-24   1.6e-22   78.5   0.0    59   211    16   181    12   183 0.81 -
TRINITY_DN10820_c0_g1_i1:74-454     -            127 323399at33208        -            418   1.3e-19   68.9   0.0   1   1   3.4e-21   1.6e-19   68.7   0.0    58   136    20   103     7   112 0.87 -
TRINITY_DN7797_c0_g1_i16:1709-3757  -            683 323399at33208        -            418   1.3e-16   59.1   0.0   1   2    0.0033      0.15    9.4   0.0    64   191    13   153     9   164 0.72 -
TRINITY_DN7797_c0_g1_i16:1709-3757  -            683 323399at33208        -            418   1.3e-16   59.1   0.0   2   2   1.8e-14   8.4e-13   46.5   0.0   291   369   301   379   298   399 0.90 -
TRINITY_DN7119_c0_g1_i3:377-1048    -            224 323399at33208        -            418   1.8e-16   58.6   0.4   1   1   4.8e-18   2.2e-16   58.3   0.4    59   181    22   154    14   174 0.82 -
TRINITY_DN7797_c0_g1_i11:1697-4030  -            778 323399at33208        -            418     2e-16   58.4   0.0   1   2    0.0043       0.2    9.0   0.0    64   191    13   153     9   164 0.72 -
TRINITY_DN7797_c0_g1_i11:1697-4030  -            778 323399at33208        -            418     2e-16   58.4   0.0   2   2   2.1e-14     1e-12   46.3   0.0   291   369   301   379   298   399 0.90 -
TRINITY_DN7797_c0_g1_i14:1697-4363  -            889 323399at33208        -            418     3e-16   57.9   0.0   1   2    0.0049      0.23    8.8   0.0    64   191    13   153     9   164 0.72 -
TRINITY_DN7797_c0_g1_i14:1697-4363  -            889 323399at33208        -            418     3e-16   57.9   0.0   2   2   2.5e-14   1.2e-12   46.0   0.0   291   369   301   379   298   399 0.91 -
TRINITY_DN2284_c0_g1_i10:1457-1942  -            162 323399at33208        -            418   7.9e-14   49.9   0.0   1   1     2e-15   9.5e-14   49.6   0.0   306   403     4   100     1   118 0.84 -
TRINITY_DN7285_c0_g1_i1:622-1815    -            398 323399at33208        -            418   8.1e-14   49.9   0.0   1   1   7.2e-15   3.4e-13   47.8   0.0    63   376    14   344    10   376 0.73 -
TRINITY_DN7285_c0_g1_i2:562-1821    -            420 323399at33208        -            418   9.4e-14   49.7   0.0   1   1     8e-15   3.8e-13   47.7   0.0    62   376    35   366    29   398 0.73 -
TRINITY_DN3425_c0_g1_i1:74-1336     -            421 323399at33208        -            418   3.4e-13   47.8   0.0   1   1   1.5e-14   7.1e-13   46.8   0.0    63   370    14   346     6   364 0.74 -
TRINITY_DN20496_c0_g1_i3:841-2367   -            509 323399at33208        -            418   8.8e-13   46.4   0.0   1   2       1.8        85    0.4   0.0    62   117    44    94    39   207 0.69 -
TRINITY_DN20496_c0_g1_i3:841-2367   -            509 323399at33208        -            418   8.8e-13   46.4   0.0   2   2   1.3e-13     6e-12   43.7   0.0   262   409   260   409   255   417 0.86 -
TRINITY_DN397_c0_g1_i10:2383-4020   -            546 323399at33208        -            418   1.8e-12   45.4   0.0   1   1   7.8e-14   3.7e-12   44.4   0.0    64   382    23   355    18   387 0.74 -
TRINITY_DN397_c0_g1_i13:923-2560    -            546 323399at33208        -            418   1.8e-12   45.4   0.0   1   1   7.8e-14   3.7e-12   44.4   0.0    64   382    23   355    18   387 0.74 -
TRINITY_DN397_c0_g1_i1:2383-4020    -            546 323399at33208        -            418   1.8e-12   45.4   0.0   1   1   7.8e-14   3.7e-12   44.4   0.0    64   382    23   355    18   387 0.74 -
TRINITY_DN397_c0_g1_i8:1611-3248    -            546 323399at33208        -            418   1.8e-12   45.4   0.0   1   1   7.8e-14   3.7e-12   44.4   0.0    64   382    23   355    18   387 0.74 -
TRINITY_DN397_c0_g1_i9:2383-4020    -            546 323399at33208        -            418   1.8e-12   45.4   0.0   1   1   7.8e-14   3.7e-12   44.4   0.0    64   382    23   355    18   387 0.74 -
TRINITY_DN4499_c0_g1_i11:4426-5574  -            383 323399at33208        -            418   1.3e-11   42.6   0.5   1   2   2.6e-10   1.2e-08   32.8   0.2    72   190    18   154     4   192 0.70 -
TRINITY_DN4499_c0_g1_i11:4426-5574  -            383 323399at33208        -            418   1.3e-11   42.6   0.5   2   2    0.0079      0.37    8.1   0.0   286   332   303   347   289   382 0.83 -
TRINITY_DN4499_c0_g1_i12:4426-5574  -            383 323399at33208        -            418   1.3e-11   42.6   0.5   1   2   2.6e-10   1.2e-08   32.8   0.2    72   190    18   154     4   192 0.70 -
TRINITY_DN4499_c0_g1_i12:4426-5574  -            383 323399at33208        -            418   1.3e-11   42.6   0.5   2   2    0.0079      0.37    8.1   0.0   286   332   303   347   289   382 0.83 -
TRINITY_DN4499_c0_g1_i1:4426-5574   -            383 323399at33208        -            418   1.3e-11   42.6   0.5   1   2   2.6e-10   1.2e-08   32.8   0.2    72   190    18   154     4   192 0.70 -
TRINITY_DN4499_c0_g1_i1:4426-5574   -            383 323399at33208        -            418   1.3e-11   42.6   0.5   2   2    0.0079      0.37    8.1   0.0   286   332   303   347   289   382 0.83 -
TRINITY_DN4499_c0_g1_i4:4426-5574   -            383 323399at33208        -            418   1.3e-11   42.6   0.5   1   2   2.6e-10   1.2e-08   32.8   0.2    72   190    18   154     4   192 0.70 -
TRINITY_DN4499_c0_g1_i4:4426-5574   -            383 323399at33208        -            418   1.3e-11   42.6   0.5   2   2    0.0079      0.37    8.1   0.0   286   332   303   347   289   382 0.83 -
TRINITY_DN4499_c0_g1_i5:4426-5574   -            383 323399at33208        -            418   1.3e-11   42.6   0.5   1   2   2.6e-10   1.2e-08   32.8   0.2    72   190    18   154     4   192 0.70 -
TRINITY_DN4499_c0_g1_i5:4426-5574   -            383 323399at33208        -            418   1.3e-11   42.6   0.5   2   2    0.0079      0.37    8.1   0.0   286   332   303   347   289   382 0.83 -
TRINITY_DN45110_c0_g1_i2:259-1884   -            542 323399at33208        -            418   2.1e-11   41.9   0.0   1   2   1.3e-07   6.3e-06   23.9   0.0    63   120     7    65     3    79 0.86 -
TRINITY_DN45110_c0_g1_i2:259-1884   -            542 323399at33208        -            418   2.1e-11   41.9   0.0   2   2   4.1e-05    0.0019   15.7   0.0   312   367   294   349   251   380 0.86 -
TRINITY_DN45110_c0_g1_i4:259-1884   -            542 323399at33208        -            418   2.1e-11   41.9   0.0   1   2   1.3e-07   6.3e-06   23.9   0.0    63   120     7    65     3    79 0.86 -
TRINITY_DN45110_c0_g1_i4:259-1884   -            542 323399at33208        -            418   2.1e-11   41.9   0.0   2   2   4.1e-05    0.0019   15.7   0.0   312   367   294   349   251   380 0.86 -
TRINITY_DN46185_c0_g2_i1:8-352      -            115 323399at33208        -            418   2.7e-11   41.6   0.0   1   1     6e-13   2.8e-11   41.5   0.0    60   129    25   101     3   111 0.75 -
TRINITY_DN9480_c0_g1_i1:4112-5233   -            374 323399at33208        -            418   7.4e-11   40.1   0.1   1   2   6.3e-12   2.9e-10   38.1   0.0    62   279     1   241     1   251 0.70 -
TRINITY_DN9480_c0_g1_i1:4112-5233   -            374 323399at33208        -            418   7.4e-11   40.1   0.1   2   2       3.9   1.9e+02   -0.7   0.0   292   332   288   328   274   338 0.80 -
TRINITY_DN21671_c0_g1_i2:430-2082   -            551 323399at33208        -            418   1.2e-10   39.4   0.7   1   2     4e-06   0.00019   19.0   0.1    50   120    15    92     8   139 0.77 -
TRINITY_DN21671_c0_g1_i2:430-2082   -            551 323399at33208        -            418   1.2e-10   39.4   0.7   2   2     5e-06   0.00024   18.7   0.0   294   360   307   375   298   386 0.87 -
TRINITY_DN28028_c1_g2_i2:171-1706   -            488 323399at33208        -            418   1.4e-10   39.2   0.0   1   2    0.0008     0.038   11.4   0.0    64   101     1    42     1   145 0.61 -
TRINITY_DN28028_c1_g2_i2:171-1706   -            488 323399at33208        -            418   1.4e-10   39.2   0.0   2   2   4.4e-08   2.1e-06   25.5   0.0   296   368   254   328   251   341 0.85 -
TRINITY_DN47613_c0_g1_i2:100-1131   -            344 323399at33208        -            418   2.3e-10   38.5   0.0   1   2   0.00057     0.027   11.9   0.0    64   119     1    63     1   161 0.79 -
TRINITY_DN47613_c0_g1_i2:100-1131   -            344 323399at33208        -            418   2.3e-10   38.5   0.0   2   2   6.8e-08   3.2e-06   24.8   0.0   296   366   270   342   267   344 0.91 -
TRINITY_DN30422_c0_g1_i10:3843-4946 -            368 323399at33208        -            418   2.8e-10   38.2   0.1   1   2     1e-08   4.8e-07   27.5   0.0    71   186     2   133     1   157 0.75 -
TRINITY_DN30422_c0_g1_i10:3843-4946 -            368 323399at33208        -            418   2.8e-10   38.2   0.1   2   2    0.0058      0.27    8.6   0.0   295   333   297   335   277   367 0.87 -
TRINITY_DN3551_c0_g1_i11:1618-2676  -            353 323399at33208        -            418   4.5e-10   37.5   0.0   1   1   2.5e-11   1.2e-09   36.2   0.0    59   345    23   345    16   352 0.75 -
TRINITY_DN3551_c0_g1_i15:1657-2715  -            353 323399at33208        -            418   4.5e-10   37.5   0.0   1   1   2.5e-11   1.2e-09   36.2   0.0    59   345    23   345    16   352 0.75 -
TRINITY_DN3551_c0_g1_i16:1657-2715  -            353 323399at33208        -            418   4.5e-10   37.5   0.0   1   1   2.5e-11   1.2e-09   36.2   0.0    59   345    23   345    16   352 0.75 -
TRINITY_DN3551_c0_g1_i2:1618-2676   -            353 323399at33208        -            418   4.5e-10   37.5   0.0   1   1   2.5e-11   1.2e-09   36.2   0.0    59   345    23   345    16   352 0.75 -
TRINITY_DN3551_c0_g1_i3:1657-2715   -            353 323399at33208        -            418   4.5e-10   37.5   0.0   1   1   2.5e-11   1.2e-09   36.2   0.0    59   345    23   345    16   352 0.75 -
TRINITY_DN3551_c0_g1_i6:1618-2676   -            353 323399at33208        -            418   4.5e-10   37.5   0.0   1   1   2.5e-11   1.2e-09   36.2   0.0    59   345    23   345    16   352 0.75 -
TRINITY_DN3551_c0_g1_i7:1618-2676   -            353 323399at33208        -            418   4.5e-10   37.5   0.0   1   1   2.5e-11   1.2e-09   36.2   0.0    59   345    23   345    16   352 0.75 -
TRINITY_DN5623_c0_g1_i5:797-2527    -            577 323399at33208        -            418   4.5e-10   37.5   0.1   1   2    0.0046      0.22    8.9   0.0    60   185    25   165    16   217 0.70 -
TRINITY_DN5623_c0_g1_i5:797-2527    -            577 323399at33208        -            418   4.5e-10   37.5   0.1   2   2     2e-08   9.3e-07   26.6   0.0   295   376   298   381   248   402 0.90 -
TRINITY_DN5623_c0_g1_i3:265-1995    -            577 323399at33208        -            418   5.2e-10   37.3   0.1   1   2    0.0046      0.22    8.9   0.0    60   185    25   165    16   217 0.70 -
TRINITY_DN5623_c0_g1_i3:265-1995    -            577 323399at33208        -            418   5.2e-10   37.3   0.1   2   2   2.3e-08   1.1e-06   26.4   0.0   295   375   298   380   248   390 0.90 -
TRINITY_DN5623_c0_g1_i6:797-2527    -            577 323399at33208        -            418   5.2e-10   37.3   0.1   1   2    0.0046      0.22    8.9   0.0    60   185    25   165    16   217 0.70 -
TRINITY_DN5623_c0_g1_i6:797-2527    -            577 323399at33208        -            418   5.2e-10   37.3   0.1   2   2   2.3e-08   1.1e-06   26.4   0.0   295   375   298   380   248   390 0.90 -
TRINITY_DN46482_c0_g1_i1:19-696     -            226 323399at33208        -            418   8.6e-10   36.6   0.0   1   1   2.4e-11   1.1e-09   36.2   0.0   314   376     2    64     1    95 0.91 -
TRINITY_DN46482_c0_g1_i2:19-696     -            226 323399at33208        -            418   8.6e-10   36.6   0.0   1   1   2.4e-11   1.1e-09   36.2   0.0   314   376     2    64     1    95 0.91 -
TRINITY_DN30422_c0_g1_i9:3843-4946  -            368 323399at33208        -            418   1.3e-09   36.0   0.1   1   2   4.8e-08   2.3e-06   25.3   0.1    71   186     2   133     1   157 0.74 -
TRINITY_DN30422_c0_g1_i9:3843-4946  -            368 323399at33208        -            418   1.3e-09   36.0   0.1   2   2    0.0058      0.27    8.6   0.0   295   333   297   335   277   367 0.87 -
TRINITY_DN4499_c0_g1_i11:1861-2958  -            366 323399at33208        -            418   1.5e-09   35.8   0.1   1   2   5.4e-08   2.5e-06   25.2   0.0    77   178     1   112     1   126 0.77 -
TRINITY_DN4499_c0_g1_i11:1861-2958  -            366 323399at33208        -            418   1.5e-09   35.8   0.1   2   2    0.0068      0.32    8.4   0.0   294   338   274   317   257   366 0.74 -
TRINITY_DN4499_c0_g1_i12:1861-2958  -            366 323399at33208        -            418   1.5e-09   35.8   0.1   1   2   5.4e-08   2.5e-06   25.2   0.0    77   178     1   112     1   126 0.77 -
TRINITY_DN4499_c0_g1_i12:1861-2958  -            366 323399at33208        -            418   1.5e-09   35.8   0.1   2   2    0.0068      0.32    8.4   0.0   294   338   274   317   257   366 0.74 -
TRINITY_DN4499_c0_g1_i1:1861-2958   -            366 323399at33208        -            418   1.5e-09   35.8   0.1   1   2   5.4e-08   2.5e-06   25.2   0.0    77   178     1   112     1   126 0.77 -
TRINITY_DN4499_c0_g1_i1:1861-2958   -            366 323399at33208        -            418   1.5e-09   35.8   0.1   2   2    0.0068      0.32    8.4   0.0   294   338   274   317   257   366 0.74 -
TRINITY_DN4499_c0_g1_i4:1861-2958   -            366 323399at33208        -            418   1.5e-09   35.8   0.1   1   2   5.4e-08   2.5e-06   25.2   0.0    77   178     1   112     1   126 0.77 -
TRINITY_DN4499_c0_g1_i4:1861-2958   -            366 323399at33208        -            418   1.5e-09   35.8   0.1   2   2    0.0068      0.32    8.4   0.0   294   338   274   317   257   366 0.74 -
TRINITY_DN4499_c0_g1_i5:1861-2958   -            366 323399at33208        -            418   1.5e-09   35.8   0.1   1   2   5.4e-08   2.5e-06   25.2   0.0    77   178     1   112     1   126 0.77 -
TRINITY_DN4499_c0_g1_i5:1861-2958   -            366 323399at33208        -            418   1.5e-09   35.8   0.1   2   2    0.0068      0.32    8.4   0.0   294   338   274   317   257   366 0.74 -
TRINITY_DN9480_c0_g1_i1:1553-2698   -            382 323399at33208        -            418   2.6e-09   35.0   1.3   1   2   4.3e-10     2e-08   32.1   0.4    64   211     9   180     4   259 0.68 -
TRINITY_DN9480_c0_g1_i1:1553-2698   -            382 323399at33208        -            418   2.6e-09   35.0   1.3   2   2      0.65        30    1.8   0.0   294   331   308   345   243   353 0.80 -
TRINITY_DN16134_c0_g1_i6:12-356     -            115 323399at33208        -            418   1.2e-08   32.8   0.1   1   1     3e-10   1.4e-08   32.6   0.1   144   229    26   115    19   115 0.84 -
TRINITY_DN26534_c0_g1_i1:700-1782   -            361 323399at33208        -            418   7.3e-08   30.3   0.0   1   2      0.41        19    2.5   0.0    60   180    14   146     9   196 0.75 -
TRINITY_DN26534_c0_g1_i1:700-1782   -            361 323399at33208        -            418   7.3e-08   30.3   0.0   2   2   3.7e-08   1.7e-06   25.7   0.0   294   369   280   357   259   360 0.91 -
TRINITY_DN26534_c0_g1_i2:1091-2173  -            361 323399at33208        -            418   7.3e-08   30.2   0.0   1   2      0.41        19    2.5   0.0    60   180    14   146     9   196 0.75 -
TRINITY_DN26534_c0_g1_i2:1091-2173  -            361 323399at33208        -            418   7.3e-08   30.2   0.0   2   2   3.7e-08   1.7e-06   25.7   0.0   294   369   280   357   259   360 0.91 -
TRINITY_DN24611_c0_g1_i2:2-709      -            236 323399at33208        -            418   7.4e-08   30.2   0.0   1   1     2e-09   9.5e-08   29.9   0.0   313   375    23    85     3   112 0.87 -
TRINITY_DN24611_c0_g1_i3:2-709      -            236 323399at33208        -            418   7.4e-08   30.2   0.0   1   1     2e-09   9.5e-08   29.9   0.0   313   375    23    85     3   112 0.87 -
TRINITY_DN23382_c0_g2_i1:123-542    -            140 323399at33208        -            418   1.4e-07   29.3   0.0   1   1   3.3e-09   1.6e-07   29.1   0.0   296   369    39   114    25   130 0.88 -
TRINITY_DN3434_c0_g1_i3:530-1816    -            429 323399at33208        -            418   2.7e-07   28.4   0.1   1   2   0.00049     0.023   12.1   0.0    64   118     1    60     1    83 0.80 -
TRINITY_DN3434_c0_g1_i3:530-1816    -            429 323399at33208        -            418   2.7e-07   28.4   0.1   2   2   0.00011    0.0052   14.3   0.0   312   368   294   350   275   391 0.84 -
TRINITY_DN21736_c0_g1_i5:167-682    -            172 323399at33208        -            418   2.7e-07   28.4   0.0   1   1   7.3e-09   3.4e-07   28.0   0.0   299   367    58   128    50   150 0.87 -
TRINITY_DN23382_c0_g2_i2:695-1681   -            329 323399at33208        -            418   3.4e-07   28.1   0.0   1   1   1.3e-08   6.1e-07   27.2   0.0   296   370   103   179    90   219 0.81 -
TRINITY_DN23382_c0_g2_i3:2-976      -            325 323399at33208        -            418   4.1e-07   27.8   0.0   1   1   1.6e-08   7.8e-07   26.9   0.0   296   369   103   178    90   216 0.85 -
TRINITY_DN28028_c1_g2_i3:426-1199   -            258 323399at33208        -            418   4.8e-07   27.5   0.0   1   1   1.4e-08   6.8e-07   27.1   0.0   296   368    42   116    39   130 0.85 -
TRINITY_DN21736_c0_g1_i3:75-803     -            243 323399at33208        -            418   7.6e-07   26.9   0.0   1   1     2e-08   9.5e-07   26.6   0.0   303   367     8    74     1    96 0.86 -
TRINITY_DN26856_c0_g1_i2:508-930    -            141 323399at33208        -            418   7.8e-07   26.9   0.0   1   1   1.9e-08     9e-07   26.7   0.0   292   375    36   122    27   137 0.84 -
TRINITY_DN47613_c0_g1_i1:67-669     -            201 323399at33208        -            418     8e-07   26.8   0.0   1   1   2.5e-08   1.2e-06   26.3   0.0   296   366   127   199   124   201 0.91 -
TRINITY_DN21340_c0_g1_i1:55-405     -            117 323399at33208        -            418   8.6e-07   26.7   0.0   1   1   1.8e-08   8.6e-07   26.7   0.0   296   368    42   116     7   117 0.84 -
TRINITY_DN21340_c0_g1_i2:757-1107   -            117 323399at33208        -            418   8.6e-07   26.7   0.0   1   1   1.8e-08   8.6e-07   26.7   0.0   296   368    42   116     7   117 0.84 -
TRINITY_DN21736_c0_g1_i1:150-1181   -            344 323399at33208        -            418   9.8e-07   26.5   0.0   1   1   3.1e-08   1.4e-06   26.0   0.0   300   367   131   200   124   222 0.86 -
TRINITY_DN21736_c0_g1_i2:150-1265   -            372 323399at33208        -            418   1.1e-06   26.4   0.0   1   1   3.6e-08   1.7e-06   25.8   0.0   300   367   159   228   152   249 0.87 -
TRINITY_DN26856_c0_g1_i1:0-947      -            316 323399at33208        -            418   1.6e-06   25.8   0.0   1   1   4.9e-08   2.3e-06   25.3   0.0   292   378    39   128    31   168 0.76 -
TRINITY_DN54352_c0_g1_i1:160-1317   -            386 323399at33208        -            418   1.7e-06   25.7   0.2   1   1   6.9e-08   3.3e-06   24.8   0.0   294   360   130   197   123   212 0.88 -
TRINITY_DN30105_c0_g2_i1:612-1685   -            358 323399at33208        -            418     2e-06   25.5   0.1   1   1   7.6e-08   3.6e-06   24.7   0.1   280   362    68   154    30   182 0.84 -
TRINITY_DN40367_c0_g1_i2:49-1146    -            366 323399at33208        -            418   2.7e-06   25.1   0.0   1   2   1.6e-05   0.00075   17.0   0.0    63   117    20    84    10   127 0.76 -
TRINITY_DN40367_c0_g1_i2:49-1146    -            366 323399at33208        -            418   2.7e-06   25.1   0.0   2   2     0.033       1.5    6.1   0.0   305   360   309   366   273   366 0.82 -
TRINITY_DN93351_c0_g1_i1:134-853    -            240 323399at33208        -            418   1.7e-05   22.4   0.0   1   1   4.4e-07   2.1e-05   22.2   0.0   295   371     9    87     2   143 0.79 -
TRINITY_DN21649_c3_g1_i1:753-1340   -            196 323399at33208        -            418   0.00012   19.7   0.0   1   1   3.1e-06   0.00014   19.4   0.0   290   358   125   195    93   196 0.91 -
TRINITY_DN21649_c3_g1_i3:729-1316   -            196 323399at33208        -            418   0.00012   19.7   0.0   1   1   3.1e-06   0.00014   19.4   0.0   290   358   125   195    93   196 0.91 -
TRINITY_DN93726_c0_g1_i1:192-1181   -            330 323399at33208        -            418   0.00021   18.9   0.0   1   2     6e-05    0.0028   15.1   0.0    63   178    19   151     3   184 0.72 -
TRINITY_DN93726_c0_g1_i1:192-1181   -            330 323399at33208        -            418   0.00021   18.9   0.0   2   2      0.75        35    1.6   0.0   288   329   288   330   278   330 0.87 -
TRINITY_DN40510_c0_g1_i1:2-301      -            100 323399at33208        -            418   0.00037   18.0   0.0   1   1   8.2e-06   0.00039   18.0   0.0   337   383     1    47     1    81 0.83 -
TRINITY_DN9755_c0_g1_i1:2567-4453   -            629 323399at33208        -            418   0.00085   16.9   0.1   1   1   3.6e-05    0.0017   15.9   0.1    58   179    22   148    11   184 0.77 -
TRINITY_DN9755_c0_g1_i7:2567-4453   -            629 323399at33208        -            418   0.00085   16.9   0.1   1   1   3.6e-05    0.0017   15.9   0.1    58   179    22   148    11   184 0.77 -
TRINITY_DN9755_c0_g1_i8:2567-4453   -            629 323399at33208        -            418   0.00085   16.9   0.1   1   1   3.6e-05    0.0017   15.9   0.1    58   179    22   148    11   184 0.77 -
TRINITY_DN3983_c0_g1_i6:161-733     -            191 323399at33208        -            418   0.00096   16.7   0.0   1   1   2.7e-05    0.0013   16.3   0.0   289   358   119   190   111   191 0.85 -
TRINITY_DN8240_c0_g2_i1:799-1065    -             89 323399at33208        -            418    0.0012   16.3   0.0   1   1   2.6e-05    0.0012   16.3   0.0   338   375     1    38     1    66 0.87 -
TRINITY_DN3983_c0_g1_i10:392-1372   -            327 323399at33208        -            418    0.0015   16.1   0.0   1   1   7.4e-05    0.0035   14.8   0.0   290   358   256   326   247   327 0.85 -
TRINITY_DN3983_c0_g1_i1:392-1372    -            327 323399at33208        -            418    0.0015   16.1   0.0   1   1   7.4e-05    0.0035   14.8   0.0   290   358   256   326   247   327 0.85 -
TRINITY_DN68120_c0_g1_i1:6-749      -            248 323399at33208        -            418    0.0017   15.9   0.0   1   1   4.8e-05    0.0023   15.4   0.0   293   365    41   115    27   135 0.81 -
TRINITY_DN64711_c0_g1_i2:285-932    -            216 323399at33208        -            418    0.0019   15.7   0.0   1   1   5.1e-05    0.0024   15.4   0.0   314   368     2    56     1    88 0.89 -
TRINITY_DN40367_c0_g1_i1:133-846    -            238 323399at33208        -            418    0.0027   15.2   0.0   1   1   7.3e-05    0.0034   14.9   0.0   305   367   136   200    98   220 0.84 -
TRINITY_DN10347_c0_g1_i10:898-1269  -            124 323399at33208        -            418    0.0073   13.8   0.0   1   1   0.00019     0.009   13.5   0.0   316   363     6    53     3    73 0.91 -
TRINITY_DN7797_c0_g1_i4:68-2353     -            752 323399at33208        -            418     0.062   10.7   0.0   1   1    0.0039      0.18    9.2   0.0    64   191   546   686   541   697 0.72 -
#
# Program:         hmmsearch
# Version:         3.1b2 (February 2015)
# Pipeline mode:   SEARCH
# Query file:      /busco_wd/busco_downloads/lineages/metazoa_odb10/hmms/323399at33208.hmm
# Target file:     /busco_wd/BUSCO/run_metazoa_odb10/metaeuk_output/initial_results/Trinity.fasta.modified.fas
# Option settings: hmmsearch --domtblout /busco_wd/BUSCO/run_metazoa_odb10/hmmer_output/initial_run_results/323399at33208.out --cpu 1 /busco_wd/busco_downloads/lineages/metazoa_odb10/hmms/323399at33208.hmm /busco_wd/BUSCO/run_metazoa_odb10/metaeuk_output/initial_results/Trinity.fasta.modified.fas 
# Current dir:     /busco_wd
# Date:            Tue Nov 23 09:01:56 2021
# [ok]
