#                                                                                           --- full sequence --- -------------- this domain -------------   hmm coord   ali coord   env coord
# target name                       accession   tlen query name           accession   qlen   E-value  score  bias   #  of  c-Evalue  i-Evalue  score  bias  from    to  from    to  from    to  acc description of target
#               ------------------- ---------- ----- -------------------- ---------- ----- --------- ------ ----- --- --- --------- --------- ------ ----- ----- ----- ----- ----- ----- ----- ---- ---------------------
TRINITY_DN2081_c0_g1_i4:276-2993    -            906 331186at33208        -            297   6.7e-99  329.9  21.8   1   5   4.4e-14   1.6e-12   46.3   0.1    81   179     2   103     1   122 0.81 -
TRINITY_DN2081_c0_g1_i4:276-2993    -            906 331186at33208        -            297   6.7e-99  329.9  21.8   2   5     0.053       1.9    6.7   0.1     5    64   162   223   158   232 0.76 -
TRINITY_DN2081_c0_g1_i4:276-2993    -            906 331186at33208        -            297   6.7e-99  329.9  21.8   3   5   3.6e-24   1.3e-22   79.5   0.7     2    81   248   339   247   368 0.81 -
TRINITY_DN2081_c0_g1_i4:276-2993    -            906 331186at33208        -            297   6.7e-99  329.9  21.8   4   5   2.1e-20   7.3e-19   67.1   0.1    72   140   449   519   442   526 0.90 -
TRINITY_DN2081_c0_g1_i4:276-2993    -            906 331186at33208        -            297   6.7e-99  329.9  21.8   5   5   6.2e-43   2.2e-41  141.1   1.9   138   294   539   720   534   723 0.83 -
TRINITY_DN2081_c0_g1_i3:276-2999    -            908 331186at33208        -            297   6.9e-99  329.9  21.8   1   5   4.5e-14   1.6e-12   46.3   0.1    81   179     2   103     1   122 0.81 -
TRINITY_DN2081_c0_g1_i3:276-2999    -            908 331186at33208        -            297   6.9e-99  329.9  21.8   2   5     0.053       1.9    6.7   0.1     5    64   162   223   158   232 0.76 -
TRINITY_DN2081_c0_g1_i3:276-2999    -            908 331186at33208        -            297   6.9e-99  329.9  21.8   3   5   3.6e-24   1.3e-22   79.5   0.7     2    81   248   339   247   368 0.81 -
TRINITY_DN2081_c0_g1_i3:276-2999    -            908 331186at33208        -            297   6.9e-99  329.9  21.8   4   5   2.1e-20   7.3e-19   67.1   0.1    72   140   451   521   444   528 0.90 -
TRINITY_DN2081_c0_g1_i3:276-2999    -            908 331186at33208        -            297   6.9e-99  329.9  21.8   5   5   6.2e-43   2.2e-41  141.1   1.9   138   294   541   722   536   725 0.83 -
TRINITY_DN2081_c0_g1_i9:276-2531    -            752 331186at33208        -            297   3.8e-86  288.0  17.3   1   4     0.045       1.6    6.9   0.1     5    64     8    69     5    77 0.75 -
TRINITY_DN2081_c0_g1_i9:276-2531    -            752 331186at33208        -            297   3.8e-86  288.0  17.3   2   4   2.8e-24   9.9e-23   79.8   0.8     2    81    94   185    93   214 0.81 -
TRINITY_DN2081_c0_g1_i9:276-2531    -            752 331186at33208        -            297   3.8e-86  288.0  17.3   3   4   1.6e-20   5.7e-19   67.5   0.1    72   140   295   365   288   372 0.90 -
TRINITY_DN2081_c0_g1_i9:276-2531    -            752 331186at33208        -            297   3.8e-86  288.0  17.3   4   4     5e-43   1.8e-41  141.4   2.1   138   294   385   566   381   569 0.83 -
TRINITY_DN2081_c0_g1_i1:276-2531    -            752 331186at33208        -            297     4e-86  288.0  17.3   1   4     0.045       1.6    6.9   0.1     5    64     8    69     5    77 0.75 -
TRINITY_DN2081_c0_g1_i1:276-2531    -            752 331186at33208        -            297     4e-86  288.0  17.3   2   4   2.8e-24   9.9e-23   79.8   0.8     2    81    94   185    93   214 0.81 -
TRINITY_DN2081_c0_g1_i1:276-2531    -            752 331186at33208        -            297     4e-86  288.0  17.3   3   4   1.6e-20   5.7e-19   67.5   0.1    72   140   295   365   288   372 0.90 -
TRINITY_DN2081_c0_g1_i1:276-2531    -            752 331186at33208        -            297     4e-86  288.0  17.3   4   4     5e-43   1.8e-41  141.4   2.1   138   294   385   566   381   569 0.83 -
TRINITY_DN2081_c0_g1_i7:276-2531    -            752 331186at33208        -            297   1.6e-84  282.7  23.1   1   4     0.045       1.6    6.9   0.1     5    64     8    69     5    77 0.75 -
TRINITY_DN2081_c0_g1_i7:276-2531    -            752 331186at33208        -            297   1.6e-84  282.7  23.1   2   4   2.8e-24   9.9e-23   79.8   0.8     2    81    94   185    93   214 0.81 -
TRINITY_DN2081_c0_g1_i7:276-2531    -            752 331186at33208        -            297   1.6e-84  282.7  23.1   3   4   1.6e-20   5.7e-19   67.5   0.1    72   140   295   365   288   372 0.90 -
TRINITY_DN2081_c0_g1_i7:276-2531    -            752 331186at33208        -            297   1.6e-84  282.7  23.1   4   4     5e-43   1.8e-41  141.4   2.1   138   294   385   566   381   569 0.83 -
TRINITY_DN1379_c0_g1_i8:106-2889    -            928 331186at33208        -            297   2.1e-45  154.2  15.7   1   7     1e-06   3.6e-05   22.2   0.1     3    66     1    74     1    81 0.77 -
TRINITY_DN1379_c0_g1_i8:106-2889    -            928 331186at33208        -            297   2.1e-45  154.2  15.7   2   7   3.7e-06   0.00013   20.4   0.2     5    81   319   401   314   408 0.66 -
TRINITY_DN1379_c0_g1_i8:106-2889    -            928 331186at33208        -            297   2.1e-45  154.2  15.7   3   7   1.2e-11   4.3e-10   38.4   0.0     3    74   419   500   417   526 0.77 -
TRINITY_DN1379_c0_g1_i8:106-2889    -            928 331186at33208        -            297   2.1e-45  154.2  15.7   4   7     9e-05    0.0032   15.8   0.0     4    69   606   675   603   688 0.85 -
TRINITY_DN1379_c0_g1_i8:106-2889    -            928 331186at33208        -            297   2.1e-45  154.2  15.7   5   7   5.8e-06   0.00021   19.7   0.2     5    54   711   772   707   773 0.68 -
TRINITY_DN1379_c0_g1_i8:106-2889    -            928 331186at33208        -            297   2.1e-45  154.2  15.7   6   7     0.069       2.5    6.3   0.0   237   261   753   777   746   806 0.86 -
TRINITY_DN1379_c0_g1_i8:106-2889    -            928 331186at33208        -            297   2.1e-45  154.2  15.7   7   7   8.5e-12     3e-10   38.8   0.0     1    74   810   895   810   904 0.79 -
TRINITY_DN1379_c0_g1_i3:106-2889    -            928 331186at33208        -            297   3.9e-45  153.4  16.5   1   7     1e-06   3.6e-05   22.2   0.1     3    66     1    74     1    81 0.77 -
TRINITY_DN1379_c0_g1_i3:106-2889    -            928 331186at33208        -            297   3.9e-45  153.4  16.5   2   7   3.7e-06   0.00013   20.4   0.2     5    81   319   401   314   408 0.66 -
TRINITY_DN1379_c0_g1_i3:106-2889    -            928 331186at33208        -            297   3.9e-45  153.4  16.5   3   7   1.2e-11   4.3e-10   38.4   0.0     3    74   419   500   417   526 0.77 -
TRINITY_DN1379_c0_g1_i3:106-2889    -            928 331186at33208        -            297   3.9e-45  153.4  16.5   4   7     9e-05    0.0032   15.8   0.0     4    69   606   675   603   688 0.85 -
TRINITY_DN1379_c0_g1_i3:106-2889    -            928 331186at33208        -            297   3.9e-45  153.4  16.5   5   7   5.8e-06   0.00021   19.7   0.2     5    54   711   772   707   773 0.68 -
TRINITY_DN1379_c0_g1_i3:106-2889    -            928 331186at33208        -            297   3.9e-45  153.4  16.5   6   7     0.069       2.5    6.3   0.0   237   261   753   777   746   806 0.86 -
TRINITY_DN1379_c0_g1_i3:106-2889    -            928 331186at33208        -            297   3.9e-45  153.4  16.5   7   7   8.5e-12     3e-10   38.8   0.0     1    74   810   895   810   904 0.79 -
TRINITY_DN1379_c0_g1_i2:106-1944    -            613 331186at33208        -            297   4.4e-42  143.4   5.9   1   6   3.2e-06   0.00011   20.5   0.2     5    81     4    86     1    89 0.69 -
TRINITY_DN1379_c0_g1_i2:106-1944    -            613 331186at33208        -            297   4.4e-42  143.4   5.9   2   6   7.1e-12   2.5e-10   39.1   0.0     3    74   104   185   102   209 0.77 -
TRINITY_DN1379_c0_g1_i2:106-1944    -            613 331186at33208        -            297   4.4e-42  143.4   5.9   3   6   5.2e-05    0.0018   16.6   0.0     4    69   291   360   288   373 0.85 -
TRINITY_DN1379_c0_g1_i2:106-1944    -            613 331186at33208        -            297   4.4e-42  143.4   5.9   4   6   9.5e-05    0.0034   15.7   0.1     5    38   396   429   392   432 0.93 -
TRINITY_DN1379_c0_g1_i2:106-1944    -            613 331186at33208        -            297   4.4e-42  143.4   5.9   5   6     0.045       1.6    6.9   0.0   238   261   439   462   433   492 0.85 -
TRINITY_DN1379_c0_g1_i2:106-1944    -            613 331186at33208        -            297   4.4e-42  143.4   5.9   6   6   4.8e-12   1.7e-10   39.7   0.0     1    74   495   580   495   589 0.79 -
TRINITY_DN2081_c0_g1_i5:56-1225     -            390 331186at33208        -            297   8.5e-40  135.8   7.8   1   3   4.9e-15   1.7e-13   49.5   0.1    79   179     8   111     3   131 0.80 -
TRINITY_DN2081_c0_g1_i5:56-1225     -            390 331186at33208        -            297   8.5e-40  135.8   7.8   2   3     0.017       0.6    8.3   0.1     5    64   170   231   166   240 0.76 -
TRINITY_DN2081_c0_g1_i5:56-1225     -            390 331186at33208        -            297   8.5e-40  135.8   7.8   3   3     1e-24   3.6e-23   81.3   0.8     2    81   256   347   255   375 0.81 -
TRINITY_DN9912_c2_g1_i1:696-2519    -            608 331186at33208        -            297   1.3e-35  122.1   4.7   1   3   2.7e-19   9.4e-18   63.5   0.0     7   141     4   148     1   158 0.84 -
TRINITY_DN9912_c2_g1_i1:696-2519    -            608 331186at33208        -            297   1.3e-35  122.1   4.7   2   3     1e-07   3.7e-06   25.4   2.1    50   140   144   240   143   263 0.76 -
TRINITY_DN9912_c2_g1_i1:696-2519    -            608 331186at33208        -            297   1.3e-35  122.1   4.7   3   3   2.5e-10   8.8e-09   34.0   0.3    77   185   279   388   240   392 0.82 -
TRINITY_DN119436_c0_g1_i1:144-2165  -            674 331186at33208        -            297   1.9e-35  121.6   0.1   1   3   9.8e-15   3.4e-13   48.5   0.0    15   140    12   147    11   154 0.83 -
TRINITY_DN119436_c0_g1_i1:144-2165  -            674 331186at33208        -            297   1.9e-35  121.6   0.1   2   3   3.3e-11   1.2e-09   36.9   0.1    52   157   146   259   141   275 0.71 -
TRINITY_DN119436_c0_g1_i1:144-2165  -            674 331186at33208        -            297   1.9e-35  121.6   0.1   3   3     4e-09   1.4e-07   30.1   0.0    81   141   282   343   270   384 0.78 -
TRINITY_DN528_c7_g1_i1:280-1215     -            312 331186at33208        -            297   6.5e-22   77.2   0.0   1   3   6.5e-16   2.3e-14   52.4   0.0     5   139     1   143     1   155 0.86 -
TRINITY_DN528_c7_g1_i1:280-1215     -            312 331186at33208        -            297   6.5e-22   77.2   0.0   2   3     0.038       1.4    7.2   0.0     6    35   253   282   249   285 0.81 -
TRINITY_DN528_c7_g1_i1:280-1215     -            312 331186at33208        -            297   6.5e-22   77.2   0.0   3   3   2.3e-05   0.00082   17.7   0.0   227   260   279   312   277   312 0.94 -
TRINITY_DN883_c0_g1_i1:423-1448     -            342 331186at33208        -            297     1e-16   60.1   0.1   1   2   8.2e-13   2.9e-11   42.2   0.0     4   147    17   168    14   232 0.83 -
TRINITY_DN883_c0_g1_i1:423-1448     -            342 331186at33208        -            297     1e-16   60.1   0.1   2   2   0.00023     0.008   14.5   0.1   228   260   290   324   286   341 0.81 -
TRINITY_DN883_c0_g1_i3:423-1448     -            342 331186at33208        -            297     1e-16   60.1   0.1   1   2   8.2e-13   2.9e-11   42.2   0.0     4   147    17   168    14   232 0.83 -
TRINITY_DN883_c0_g1_i3:423-1448     -            342 331186at33208        -            297     1e-16   60.1   0.1   2   2   0.00023     0.008   14.5   0.1   228   260   290   324   286   341 0.81 -
TRINITY_DN883_c0_g1_i4:402-1427     -            342 331186at33208        -            297     1e-16   60.1   0.1   1   2   8.2e-13   2.9e-11   42.2   0.0     4   147    17   168    14   232 0.83 -
TRINITY_DN883_c0_g1_i4:402-1427     -            342 331186at33208        -            297     1e-16   60.1   0.1   2   2   0.00023     0.008   14.5   0.1   228   260   290   324   286   341 0.81 -
TRINITY_DN883_c0_g1_i7:402-1427     -            342 331186at33208        -            297   1.3e-16   59.7   0.2   1   2     1e-12   3.6e-11   41.9   0.0     4   147    17   168    13   235 0.83 -
TRINITY_DN883_c0_g1_i7:402-1427     -            342 331186at33208        -            297   1.3e-16   59.7   0.2   2   2   0.00023     0.008   14.5   0.1   228   260   290   324   286   341 0.81 -
TRINITY_DN36654_c0_g1_i2:663-1106   -            148 331186at33208        -            297   5.5e-15   54.4   0.0   1   1   1.9e-16   6.6e-15   54.1   0.0     5   138     1   142     1   147 0.86 -
TRINITY_DN3441_c0_g1_i2:843-1058    -             72 331186at33208        -            297   8.9e-14   50.4   0.0   1   1   2.7e-15   9.6e-14   50.3   0.0     3    69     2    72     1    72 0.90 -
TRINITY_DN3441_c0_g1_i3:647-862     -             72 331186at33208        -            297   8.9e-14   50.4   0.0   1   1   2.7e-15   9.6e-14   50.3   0.0     3    69     2    72     1    72 0.90 -
TRINITY_DN3441_c0_g1_i5:843-1058    -             72 331186at33208        -            297   8.9e-14   50.4   0.0   1   1   2.7e-15   9.6e-14   50.3   0.0     3    69     2    72     1    72 0.90 -
TRINITY_DN21466_c0_g1_i1:299-790    -            164 331186at33208        -            297   1.6e-12   46.3   0.4   1   1   7.5e-14   2.7e-12   45.6   0.4    14   138    16   159     7   162 0.77 -
TRINITY_DN1727_c0_g1_i4:2383-2844   -            154 331186at33208        -            297   3.7e-12   45.1   0.0   1   2   2.1e-11   7.5e-10   37.5   0.0     2    78     3    89     2   110 0.80 -
TRINITY_DN1727_c0_g1_i4:2383-2844   -            154 331186at33208        -            297   3.7e-12   45.1   0.0   2   2     0.095       3.4    5.9   0.0     7    35   126   154   121   154 0.83 -
TRINITY_DN1727_c0_g1_i12:2382-2843  -            154 331186at33208        -            297   8.1e-12   44.0   0.0   1   2   2.1e-11   7.5e-10   37.5   0.0     2    78     3    89     2   110 0.80 -
TRINITY_DN1727_c0_g1_i12:2382-2843  -            154 331186at33208        -            297   8.1e-12   44.0   0.0   2   2      0.21       7.4    4.7   0.0     7    35   126   154   121   154 0.81 -
TRINITY_DN27189_c0_g1_i1:139-369    -             77 331186at33208        -            297   1.3e-11   43.3   0.0   1   1     4e-13   1.4e-11   43.2   0.0     6    69     2    75     1    77 0.80 -
TRINITY_DN1727_c0_g1_i6:2382-2870   -            163 331186at33208        -            297   2.4e-11   42.4   0.0   1   2   8.7e-11   3.1e-09   35.5   0.0    80   152     2    77     1   138 0.65 -
TRINITY_DN1727_c0_g1_i6:2382-2870   -            163 331186at33208        -            297   2.4e-11   42.4   0.0   2   2       0.1       3.7    5.7   0.0     7    35   135   163   130   163 0.83 -
TRINITY_DN29752_c0_g1_i10:1154-1558 -            135 331186at33208        -            297   2.8e-11   42.2   0.1   1   1   1.6e-11   5.5e-10   38.0   0.1     3   107    17   130    15   130 0.82 -
TRINITY_DN29752_c0_g1_i11:1450-1854 -            135 331186at33208        -            297   2.8e-11   42.2   0.1   1   1   1.6e-11   5.5e-10   38.0   0.1     3   107    17   130    15   130 0.82 -
TRINITY_DN29752_c0_g1_i17:1378-1782 -            135 331186at33208        -            297   2.8e-11   42.2   0.1   1   1   1.6e-11   5.5e-10   38.0   0.1     3   107    17   130    15   130 0.82 -
TRINITY_DN12143_c0_g1_i4:589-834    -             82 331186at33208        -            297     5e-11   41.4   0.1   1   1   1.5e-12   5.4e-11   41.3   0.1     3    69     5    82     3    82 0.80 -
TRINITY_DN883_c0_g1_i5:921-1313     -            131 331186at33208        -            297   5.2e-11   41.4   0.0   1   2   5.2e-05    0.0018   16.6   0.0   227   257     7    37     4    43 0.89 -
TRINITY_DN883_c0_g1_i5:921-1313     -            131 331186at33208        -            297   5.2e-11   41.4   0.0   2   2   4.8e-07   1.7e-05   23.2   0.0    54   143    39   126    33   131 0.62 -
TRINITY_DN195229_c0_g1_i1:112-486   -            125 331186at33208        -            297   6.2e-11   41.1   0.0   1   1   2.2e-12   7.7e-11   40.8   0.0     3   109     5   123     3   125 0.83 -
TRINITY_DN1996_c0_g1_i1:309-944     -            212 331186at33208        -            297   8.5e-11   40.7   0.3   1   2   3.8e-07   1.4e-05   23.6   0.1     5    74     7    87     4    97 0.73 -
TRINITY_DN1996_c0_g1_i1:309-944     -            212 331186at33208        -            297   8.5e-11   40.7   0.3   2   2   0.00013    0.0046   15.2   0.0     5    56   153   203   150   210 0.82 -
TRINITY_DN1996_c0_g1_i2:233-868     -            212 331186at33208        -            297   8.5e-11   40.7   0.3   1   2   3.8e-07   1.4e-05   23.6   0.1     5    74     7    87     4    97 0.73 -
TRINITY_DN1996_c0_g1_i2:233-868     -            212 331186at33208        -            297   8.5e-11   40.7   0.3   2   2   0.00013    0.0046   15.2   0.0     5    56   153   203   150   210 0.82 -
TRINITY_DN1996_c0_g1_i4:194-829     -            212 331186at33208        -            297   8.5e-11   40.7   0.3   1   2   3.8e-07   1.4e-05   23.6   0.1     5    74     7    87     4    97 0.73 -
TRINITY_DN1996_c0_g1_i4:194-829     -            212 331186at33208        -            297   8.5e-11   40.7   0.3   2   2   0.00013    0.0046   15.2   0.0     5    56   153   203   150   210 0.82 -
TRINITY_DN2654_c0_g1_i1:167-547     -            127 331186at33208        -            297   1.2e-10   40.1   0.0   1   2   7.2e-09   2.6e-07   29.2   0.0    83   147    11    80     6    89 0.83 -
TRINITY_DN2654_c0_g1_i1:167-547     -            127 331186at33208        -            297   1.2e-10   40.1   0.0   2   2     0.011      0.39    8.9   0.0     4    32    99   127    96   127 0.90 -
TRINITY_DN2654_c0_g1_i6:167-547     -            127 331186at33208        -            297   1.2e-10   40.1   0.0   1   2   7.2e-09   2.6e-07   29.2   0.0    83   147    11    80     6    89 0.83 -
TRINITY_DN2654_c0_g1_i6:167-547     -            127 331186at33208        -            297   1.2e-10   40.1   0.0   2   2     0.011      0.39    8.9   0.0     4    32    99   127    96   127 0.90 -
TRINITY_DN2654_c0_g1_i8:167-547     -            127 331186at33208        -            297   1.2e-10   40.1   0.0   1   2   7.2e-09   2.6e-07   29.2   0.0    83   147    11    80     6    89 0.83 -
TRINITY_DN2654_c0_g1_i8:167-547     -            127 331186at33208        -            297   1.2e-10   40.1   0.0   2   2     0.011      0.39    8.9   0.0     4    32    99   127    96   127 0.90 -
TRINITY_DN38314_c0_g1_i1:461-706    -             82 331186at33208        -            297     2e-10   39.5   0.0   1   1   6.2e-12   2.2e-10   39.3   0.0     3    67     5    79     3    82 0.78 -
TRINITY_DN522_c0_g1_i11:116-367     -             84 331186at33208        -            297   2.1e-10   39.4   0.0   1   1   6.5e-12   2.3e-10   39.2   0.0     3    67     7    81     5    84 0.79 -
TRINITY_DN522_c0_g1_i8:116-367      -             84 331186at33208        -            297   2.1e-10   39.4   0.0   1   1   6.5e-12   2.3e-10   39.2   0.0     3    67     7    81     5    84 0.79 -
TRINITY_DN417_c0_g1_i2:38-373       -            112 331186at33208        -            297   3.9e-10   38.5   0.0   1   1   2.4e-11   8.6e-10   37.4   0.0    50   147     6   103     2   105 0.86 -
TRINITY_DN417_c0_g1_i6:429-767      -            113 331186at33208        -            297   3.9e-10   38.5   0.0   1   2   2.5e-11   8.9e-10   37.3   0.0    50   147     7   104     3   106 0.86 -
TRINITY_DN417_c0_g1_i6:429-767      -            113 331186at33208        -            297   3.9e-10   38.5   0.0   2   2      0.98        34    2.5   0.0    49    68    94   113    89   113 0.86 -
TRINITY_DN417_c0_g1_i7:429-767      -            113 331186at33208        -            297   3.9e-10   38.5   0.0   1   2   2.5e-11   8.9e-10   37.3   0.0    50   147     7   104     3   106 0.86 -
TRINITY_DN417_c0_g1_i7:429-767      -            113 331186at33208        -            297   3.9e-10   38.5   0.0   2   2      0.98        34    2.5   0.0    49    68    94   113    89   113 0.86 -
TRINITY_DN417_c0_g1_i9:429-767      -            113 331186at33208        -            297   3.9e-10   38.5   0.0   1   2   2.5e-11   8.9e-10   37.3   0.0    50   147     7   104     3   106 0.86 -
TRINITY_DN417_c0_g1_i9:429-767      -            113 331186at33208        -            297   3.9e-10   38.5   0.0   2   2      0.98        34    2.5   0.0    49    68    94   113    89   113 0.86 -
TRINITY_DN9310_c0_g1_i1:112-333     -             74 331186at33208        -            297   4.1e-10   38.4   0.0   1   1   1.3e-11   4.5e-10   38.3   0.0     7    67     3    73     1    74 0.79 -
TRINITY_DN250_c0_g1_i12:71-322      -             84 331186at33208        -            297   4.8e-10   38.2   0.0   1   1   1.5e-11   5.2e-10   38.1   0.0     3    69     5    81     3    84 0.76 -
TRINITY_DN1563_c0_g1_i1:721-1002    -             94 331186at33208        -            297   5.3e-10   38.1   0.1   1   1   1.6e-11   5.6e-10   38.0   0.1    84   142     1    60     1    83 0.83 -
TRINITY_DN1563_c0_g1_i2:721-1002    -             94 331186at33208        -            297   5.3e-10   38.1   0.1   1   1   1.6e-11   5.6e-10   38.0   0.1    84   142     1    60     1    83 0.83 -
TRINITY_DN1563_c0_g1_i4:721-1002    -             94 331186at33208        -            297   5.3e-10   38.1   0.1   1   1   1.6e-11   5.6e-10   38.0   0.1    84   142     1    60     1    83 0.83 -
TRINITY_DN1770_c0_g1_i10:2460-2747  -             96 331186at33208        -            297   6.8e-10   37.7   0.0   1   1   2.1e-11   7.4e-10   37.6   0.0    82   147     2    72     1    92 0.79 -
TRINITY_DN1770_c0_g1_i1:2460-2747   -             96 331186at33208        -            297   6.8e-10   37.7   0.0   1   1   2.1e-11   7.4e-10   37.6   0.0    82   147     2    72     1    92 0.79 -
TRINITY_DN1770_c0_g1_i8:2460-2747   -             96 331186at33208        -            297   6.8e-10   37.7   0.0   1   1   2.1e-11   7.4e-10   37.6   0.0    82   147     2    72     1    92 0.79 -
TRINITY_DN250_c0_g1_i1:26-259       -             78 331186at33208        -            297     8e-10   37.4   0.0   1   1   2.4e-11   8.6e-10   37.4   0.0     7    69     3    75     1    78 0.75 -
TRINITY_DN250_c0_g1_i20:26-259      -             78 331186at33208        -            297     8e-10   37.4   0.0   1   1   2.4e-11   8.6e-10   37.4   0.0     7    69     3    75     1    78 0.75 -
TRINITY_DN250_c0_g1_i21:26-259      -             78 331186at33208        -            297     8e-10   37.4   0.0   1   1   2.4e-11   8.6e-10   37.4   0.0     7    69     3    75     1    78 0.75 -
TRINITY_DN250_c0_g1_i10:71-316      -             82 331186at33208        -            297   8.3e-10   37.4   0.0   1   1   2.6e-11   9.2e-10   37.3   0.0     3    67     5    79     3    82 0.75 -
TRINITY_DN250_c0_g1_i17:71-316      -             82 331186at33208        -            297   8.3e-10   37.4   0.0   1   1   2.6e-11   9.2e-10   37.3   0.0     3    67     5    79     3    82 0.75 -
TRINITY_DN250_c0_g1_i18:71-316      -             82 331186at33208        -            297   8.3e-10   37.4   0.0   1   1   2.6e-11   9.2e-10   37.3   0.0     3    67     5    79     3    82 0.75 -
TRINITY_DN250_c0_g1_i19:71-316      -             82 331186at33208        -            297   8.3e-10   37.4   0.0   1   1   2.6e-11   9.2e-10   37.3   0.0     3    67     5    79     3    82 0.75 -
TRINITY_DN250_c0_g1_i23:71-316      -             82 331186at33208        -            297   8.3e-10   37.4   0.0   1   1   2.6e-11   9.2e-10   37.3   0.0     3    67     5    79     3    82 0.75 -
TRINITY_DN250_c0_g1_i25:71-316      -             82 331186at33208        -            297   8.3e-10   37.4   0.0   1   1   2.6e-11   9.2e-10   37.3   0.0     3    67     5    79     3    82 0.75 -
TRINITY_DN250_c0_g1_i2:71-316       -             82 331186at33208        -            297   8.3e-10   37.4   0.0   1   1   2.6e-11   9.2e-10   37.3   0.0     3    67     5    79     3    82 0.75 -
TRINITY_DN250_c0_g1_i8:71-316       -             82 331186at33208        -            297   8.3e-10   37.4   0.0   1   1   2.6e-11   9.2e-10   37.3   0.0     3    67     5    79     3    82 0.75 -
TRINITY_DN4118_c0_g1_i2:107-415     -            103 331186at33208        -            297   1.3e-09   36.8   0.0   1   1   7.9e-11   2.8e-09   35.7   0.0     5    81     6    92     1   100 0.75 -
TRINITY_DN4118_c0_g1_i6:107-415     -            103 331186at33208        -            297   1.3e-09   36.8   0.0   1   1   7.9e-11   2.8e-09   35.7   0.0     5    81     6    92     1   100 0.75 -
TRINITY_DN4118_c0_g1_i7:107-415     -            103 331186at33208        -            297   1.3e-09   36.8   0.0   1   1   7.9e-11   2.8e-09   35.7   0.0     5    81     6    92     1   100 0.75 -
TRINITY_DN4118_c0_g1_i8:107-415     -            103 331186at33208        -            297   1.3e-09   36.8   0.0   1   1   7.9e-11   2.8e-09   35.7   0.0     5    81     6    92     1   100 0.75 -
TRINITY_DN522_c0_g1_i13:36-287      -             84 331186at33208        -            297   1.5e-09   36.5   0.0   1   1   5.2e-11   1.8e-09   36.3   0.0     2    64    11    83    10    84 0.76 -
TRINITY_DN522_c0_g1_i1:36-287       -             84 331186at33208        -            297   1.5e-09   36.5   0.0   1   1   5.2e-11   1.8e-09   36.3   0.0     2    64    11    83    10    84 0.76 -
TRINITY_DN3650_c0_g1_i1:443-1138    -            232 331186at33208        -            297   1.9e-09   36.2   0.2   1   1     9e-11   3.2e-09   35.5   0.2     4    70    11    87     8   105 0.71 -
TRINITY_DN3778_c0_g1_i2:1162-1584   -            141 331186at33208        -            297   2.1e-09   36.1   0.0   1   2   1.3e-06   4.6e-05   21.8   0.0    83   139     8    66     3   101 0.84 -
TRINITY_DN3778_c0_g1_i2:1162-1584   -            141 331186at33208        -            297   2.1e-09   36.1   0.0   2   2   0.00076     0.027   12.7   0.0     3    35   109   141   107   141 0.91 -
TRINITY_DN3778_c0_g1_i3:1120-1542   -            141 331186at33208        -            297   2.1e-09   36.1   0.0   1   2   1.3e-06   4.6e-05   21.8   0.0    83   139     8    66     3   101 0.84 -
TRINITY_DN3778_c0_g1_i3:1120-1542   -            141 331186at33208        -            297   2.1e-09   36.1   0.0   2   2   0.00076     0.027   12.7   0.0     3    35   109   141   107   141 0.91 -
TRINITY_DN522_c0_g1_i12:128-343     -             72 331186at33208        -            297   3.2e-09   35.5   0.0   1   1   1.5e-10   5.3e-09   34.7   0.0     3    55     3    62     1    72 0.74 -
TRINITY_DN522_c0_g1_i14:128-343     -             72 331186at33208        -            297   3.2e-09   35.5   0.0   1   1   1.5e-10   5.3e-09   34.7   0.0     3    55     3    62     1    72 0.74 -
TRINITY_DN522_c0_g1_i15:128-343     -             72 331186at33208        -            297   3.2e-09   35.5   0.0   1   1   1.5e-10   5.3e-09   34.7   0.0     3    55     3    62     1    72 0.74 -
TRINITY_DN522_c0_g1_i2:128-343      -             72 331186at33208        -            297   3.2e-09   35.5   0.0   1   1   1.5e-10   5.3e-09   34.7   0.0     3    55     3    62     1    72 0.74 -
TRINITY_DN7027_c0_g1_i10:992-1213   -             74 331186at33208        -            297   3.4e-09   35.4   0.0   1   1   1.1e-10   3.7e-09   35.3   0.0     7    67     3    73     1    74 0.79 -
TRINITY_DN7027_c0_g1_i15:1509-1730  -             74 331186at33208        -            297   3.4e-09   35.4   0.0   1   1   1.1e-10   3.7e-09   35.3   0.0     7    67     3    73     1    74 0.79 -
TRINITY_DN7027_c0_g1_i2:1775-1996   -             74 331186at33208        -            297   3.4e-09   35.4   0.0   1   1   1.1e-10   3.7e-09   35.3   0.0     7    67     3    73     1    74 0.79 -
TRINITY_DN250_c0_g1_i11:26-235      -             70 331186at33208        -            297   3.8e-09   35.2   0.0   1   1   1.3e-10   4.6e-09   35.0   0.0     7    63     3    69     1    70 0.72 -
TRINITY_DN3816_c0_g1_i2:215-565     -            117 331186at33208        -            297   4.3e-09   35.1   0.0   1   2   7.1e-07   2.5e-05   22.7   0.0    84   151     2    71     1    91 0.77 -
TRINITY_DN3816_c0_g1_i2:215-565     -            117 331186at33208        -            297   4.3e-09   35.1   0.0   2   2    0.0039      0.14   10.4   0.0     4    31    89   116    86   117 0.90 -
TRINITY_DN3816_c0_g1_i3:215-565     -            117 331186at33208        -            297   4.3e-09   35.1   0.0   1   2   7.1e-07   2.5e-05   22.7   0.0    84   151     2    71     1    91 0.77 -
TRINITY_DN3816_c0_g1_i3:215-565     -            117 331186at33208        -            297   4.3e-09   35.1   0.0   2   2    0.0039      0.14   10.4   0.0     4    31    89   116    86   117 0.90 -
TRINITY_DN3816_c0_g1_i4:215-565     -            117 331186at33208        -            297   4.3e-09   35.1   0.0   1   2   7.1e-07   2.5e-05   22.7   0.0    84   151     2    71     1    91 0.77 -
TRINITY_DN3816_c0_g1_i4:215-565     -            117 331186at33208        -            297   4.3e-09   35.1   0.0   2   2    0.0039      0.14   10.4   0.0     4    31    89   116    86   117 0.90 -
TRINITY_DN3816_c0_g1_i5:215-565     -            117 331186at33208        -            297   4.3e-09   35.1   0.0   1   2   7.1e-07   2.5e-05   22.7   0.0    84   151     2    71     1    91 0.77 -
TRINITY_DN3816_c0_g1_i5:215-565     -            117 331186at33208        -            297   4.3e-09   35.1   0.0   2   2    0.0039      0.14   10.4   0.0     4    31    89   116    86   117 0.90 -
TRINITY_DN5249_c0_g1_i1:1395-1640   -             82 331186at33208        -            297   4.5e-09   35.0   0.4   1   1   6.4e-10   2.3e-08   32.7   0.4    83   156     2    79     1    81 0.79 -
TRINITY_DN16080_c0_g1_i1:149-382    -             78 331186at33208        -            297   4.7e-09   34.9   0.0   1   1   1.6e-10   5.5e-09   34.7   0.0     2    64     5    77     4    78 0.75 -
TRINITY_DN16080_c0_g1_i2:126-359    -             78 331186at33208        -            297   4.7e-09   34.9   0.0   1   1   1.6e-10   5.5e-09   34.7   0.0     2    64     5    77     4    78 0.75 -
TRINITY_DN593_c0_g1_i10:1571-1879   -            103 331186at33208        -            297     5e-09   34.9   0.0   1   1   1.4e-10     5e-09   34.9   0.0    80   141     7    69     1   101 0.79 -
TRINITY_DN593_c0_g1_i3:1571-1879    -            103 331186at33208        -            297     5e-09   34.9   0.0   1   1   1.4e-10     5e-09   34.9   0.0    80   141     7    69     1   101 0.79 -
TRINITY_DN593_c0_g1_i7:1571-1879    -            103 331186at33208        -            297     5e-09   34.9   0.0   1   1   1.4e-10     5e-09   34.9   0.0    80   141     7    69     1   101 0.79 -
TRINITY_DN593_c0_g1_i8:1571-1879    -            103 331186at33208        -            297     5e-09   34.9   0.0   1   1   1.4e-10     5e-09   34.9   0.0    80   141     7    69     1   101 0.79 -
TRINITY_DN906_c0_g1_i3:17-385       -            123 331186at33208        -            297   5.3e-09   34.8   0.1   1   1   1.8e-10   6.2e-09   34.5   0.1     5    83    19   104    15   114 0.83 -
TRINITY_DN906_c0_g1_i6:17-385       -            123 331186at33208        -            297   5.3e-09   34.8   0.1   1   1   1.8e-10   6.2e-09   34.5   0.1     5    83    19   104    15   114 0.83 -
TRINITY_DN906_c0_g1_i8:17-385       -            123 331186at33208        -            297   5.3e-09   34.8   0.1   1   1   1.8e-10   6.2e-09   34.5   0.1     5    83    19   104    15   114 0.83 -
TRINITY_DN21764_c0_g1_i2:697-990    -             98 331186at33208        -            297   5.9e-09   34.6   0.0   1   1   1.8e-10   6.3e-09   34.5   0.0     4    73     2    76     1    84 0.86 -
TRINITY_DN21764_c0_g1_i3:898-1191   -             98 331186at33208        -            297   5.9e-09   34.6   0.0   1   1   1.8e-10   6.3e-09   34.5   0.0     4    73     2    76     1    84 0.86 -
TRINITY_DN21764_c0_g1_i4:1748-2041  -             98 331186at33208        -            297   5.9e-09   34.6   0.0   1   1   1.8e-10   6.3e-09   34.5   0.0     4    73     2    76     1    84 0.86 -
TRINITY_DN21764_c0_g1_i5:898-1191   -             98 331186at33208        -            297   5.9e-09   34.6   0.0   1   1   1.8e-10   6.3e-09   34.5   0.0     4    73     2    76     1    84 0.86 -
TRINITY_DN21764_c0_g1_i7:898-1191   -             98 331186at33208        -            297   5.9e-09   34.6   0.0   1   1   1.8e-10   6.3e-09   34.5   0.0     4    73     2    76     1    84 0.86 -
TRINITY_DN4599_c0_g1_i10:3341-3613  -             91 331186at33208        -            297   6.6e-09   34.5   0.2   1   1   3.2e-10   1.1e-08   33.7   0.2    83   140     9    68     2    78 0.87 -
TRINITY_DN4599_c0_g1_i1:3035-3307   -             91 331186at33208        -            297   6.6e-09   34.5   0.2   1   1   3.2e-10   1.1e-08   33.7   0.2    83   140     9    68     2    78 0.87 -
TRINITY_DN4599_c0_g1_i3:3032-3304   -             91 331186at33208        -            297   6.6e-09   34.5   0.2   1   1   3.2e-10   1.1e-08   33.7   0.2    83   140     9    68     2    78 0.87 -
TRINITY_DN528_c7_g1_i1:649-1260     -            204 331186at33208        -            297   1.1e-08   33.7   0.0   1   3     0.054       1.9    6.7   0.0   238   276     1    40     1    49 0.72 -
TRINITY_DN528_c7_g1_i1:649-1260     -            204 331186at33208        -            297   1.1e-08   33.7   0.0   2   3     0.021      0.75    8.0   0.0     6    35   130   159   126   162 0.81 -
TRINITY_DN528_c7_g1_i1:649-1260     -            204 331186at33208        -            297   1.1e-08   33.7   0.0   3   3   7.7e-06   0.00027   19.3   0.0   227   260   156   189   154   192 0.94 -
TRINITY_DN15691_c0_g1_i10:523-813   -             97 331186at33208        -            297   1.2e-08   33.6   0.0   1   1   4.3e-10   1.5e-08   33.3   0.0     5    69    23    97    21    97 0.79 -
TRINITY_DN15691_c0_g1_i3:523-813    -             97 331186at33208        -            297   1.2e-08   33.6   0.0   1   1   4.3e-10   1.5e-08   33.3   0.0     5    69    23    97    21    97 0.79 -
TRINITY_DN15691_c0_g1_i4:523-813    -             97 331186at33208        -            297   1.2e-08   33.6   0.0   1   1   4.3e-10   1.5e-08   33.3   0.0     5    69    23    97    21    97 0.79 -
TRINITY_DN15691_c0_g1_i8:225-515    -             97 331186at33208        -            297   1.2e-08   33.6   0.0   1   1   4.3e-10   1.5e-08   33.3   0.0     5    69    23    97    21    97 0.79 -
TRINITY_DN15691_c0_g1_i9:942-1232   -             97 331186at33208        -            297   1.2e-08   33.6   0.0   1   1   4.3e-10   1.5e-08   33.3   0.0     5    69    23    97    21    97 0.79 -
TRINITY_DN883_c0_g1_i6:508-819      -            104 331186at33208        -            297   1.5e-08   33.3   0.0   1   2   2.8e-05   0.00099   17.5   0.0   227   258     6    37     3    52 0.90 -
TRINITY_DN883_c0_g1_i6:508-819      -            104 331186at33208        -            297   1.5e-08   33.3   0.0   2   2   0.00027    0.0094   14.2   0.0     4    38    64    98    61   102 0.84 -
TRINITY_DN5401_c0_g1_i1:37-285      -             83 331186at33208        -            297   1.7e-08   33.1   0.1   1   1   4.9e-10   1.7e-08   33.1   0.1    78   144    13    80     4    83 0.85 -
TRINITY_DN5401_c0_g1_i3:37-285      -             83 331186at33208        -            297   1.7e-08   33.1   0.1   1   1   4.9e-10   1.7e-08   33.1   0.1    78   144    13    80     4    83 0.85 -
TRINITY_DN2269_c0_g1_i19:1496-1717  -             74 331186at33208        -            297   4.5e-08   31.7   0.0   1   1   1.4e-09   4.8e-08   31.6   0.0     7    72     3    71     1    73 0.86 -
TRINITY_DN2269_c0_g1_i24:1626-1847  -             74 331186at33208        -            297   4.5e-08   31.7   0.0   1   1   1.4e-09   4.8e-08   31.6   0.0     7    72     3    71     1    73 0.86 -
TRINITY_DN2269_c0_g1_i4:1498-1719   -             74 331186at33208        -            297   4.5e-08   31.7   0.0   1   1   1.4e-09   4.8e-08   31.6   0.0     7    72     3    71     1    73 0.86 -
TRINITY_DN7997_c0_g1_i23:2094-2276  -             61 331186at33208        -            297   4.6e-08   31.7   0.0   1   2   1.7e-05   0.00061   18.1   0.0     6    38     3    35     1    36 0.93 -
TRINITY_DN7997_c0_g1_i23:2094-2276  -             61 331186at33208        -            297   4.6e-08   31.7   0.0   2   2   0.00024    0.0083   14.4   0.0   231   258    33    60    31    61 0.86 -
TRINITY_DN7997_c0_g1_i5:2285-2467   -             61 331186at33208        -            297   4.6e-08   31.7   0.0   1   2   1.7e-05   0.00061   18.1   0.0     6    38     3    35     1    36 0.93 -
TRINITY_DN7997_c0_g1_i5:2285-2467   -             61 331186at33208        -            297   4.6e-08   31.7   0.0   2   2   0.00024    0.0083   14.4   0.0   231   258    33    60    31    61 0.86 -
TRINITY_DN7997_c0_g1_i8:2076-2258   -             61 331186at33208        -            297   4.6e-08   31.7   0.0   1   2   1.7e-05   0.00061   18.1   0.0     6    38     3    35     1    36 0.93 -
TRINITY_DN7997_c0_g1_i8:2076-2258   -             61 331186at33208        -            297   4.6e-08   31.7   0.0   2   2   0.00024    0.0083   14.4   0.0   231   258    33    60    31    61 0.86 -
TRINITY_DN25330_c0_g1_i2:321-677    -            119 331186at33208        -            297   4.8e-08   31.6   0.1   1   1   3.1e-09   1.1e-07   30.4   0.1     4    79    10    94     7   105 0.67 -
TRINITY_DN138_c0_g1_i8:520-795      -             92 331186at33208        -            297   5.4e-08   31.4   0.0   1   1   2.1e-09   7.4e-08   31.0   0.0     5    69    18    92    15    92 0.79 -
TRINITY_DN11130_c0_g1_i33:853-1179  -            109 331186at33208        -            297   7.7e-08   30.9   0.0   1   1   4.1e-09   1.4e-07   30.1   0.0     4    67     1    74     1    83 0.79 -
TRINITY_DN11130_c0_g1_i57:884-1210  -            109 331186at33208        -            297   7.7e-08   30.9   0.0   1   1   4.1e-09   1.4e-07   30.1   0.0     4    67     1    74     1    83 0.79 -
TRINITY_DN4396_c0_g1_i3:662-883     -             74 331186at33208        -            297   8.4e-08   30.8   0.0   1   1   4.3e-09   1.5e-07   30.0   0.0     5    66     4    74     1    74 0.79 -
TRINITY_DN4396_c0_g1_i4:659-880     -             74 331186at33208        -            297   8.4e-08   30.8   0.0   1   1   4.3e-09   1.5e-07   30.0   0.0     5    66     4    74     1    74 0.79 -
TRINITY_DN4396_c0_g1_i7:662-883     -             74 331186at33208        -            297   8.4e-08   30.8   0.0   1   1   4.3e-09   1.5e-07   30.0   0.0     5    66     4    74     1    74 0.79 -
TRINITY_DN138_c0_g1_i1:274-537      -             88 331186at33208        -            297   8.6e-08   30.8   0.0   1   1   3.2e-09   1.1e-07   30.4   0.0     5    69    14    88    10    88 0.78 -
TRINITY_DN138_c0_g1_i6:262-525      -             88 331186at33208        -            297   8.6e-08   30.8   0.0   1   1   3.2e-09   1.1e-07   30.4   0.0     5    69    14    88    10    88 0.78 -
TRINITY_DN1419_c0_g1_i1:1086-1322   -             79 331186at33208        -            297   9.6e-08   30.6   0.0   1   1   3.8e-09   1.3e-07   30.2   0.0     7    69     6    78     2    79 0.76 -
TRINITY_DN3704_c0_g2_i1:531-821     -             97 331186at33208        -            297   9.6e-08   30.6   0.1   1   1     3e-09     1e-07   30.5   0.1    74   141     2    71     1    96 0.78 -
TRINITY_DN10126_c0_g1_i1:1310-1639  -            110 331186at33208        -            297   1.1e-07   30.5   0.1   1   1   3.3e-09   1.2e-07   30.3   0.1     6    79     2    77     1    82 0.87 -
TRINITY_DN10126_c0_g1_i2:1310-1639  -            110 331186at33208        -            297   1.1e-07   30.5   0.1   1   1   3.3e-09   1.2e-07   30.3   0.1     6    79     2    77     1    82 0.87 -
TRINITY_DN522_c0_g1_i10:36-215      -             60 331186at33208        -            297   1.2e-07   30.3   0.0   1   1     4e-09   1.4e-07   30.1   0.0     2    45    11    60    10    60 0.84 -
TRINITY_DN205664_c0_g1_i1:0-215     -             72 331186at33208        -            297   1.8e-07   29.7   0.0   1   1   7.4e-09   2.6e-07   29.2   0.0     7    66     3    72     1    72 0.78 -
TRINITY_DN18949_c0_g1_i1:716-1000   -             95 331186at33208        -            297   2.2e-07   29.5   0.0   1   2      0.39        14    3.8   0.0     4    35    23    54    20    55 0.91 -
TRINITY_DN18949_c0_g1_i1:716-1000   -             95 331186at33208        -            297   2.2e-07   29.5   0.0   2   2   2.6e-08   9.1e-07   27.4   0.0   227   260    51    84    48    88 0.95 -
TRINITY_DN18949_c0_g1_i2:716-1000   -             95 331186at33208        -            297   2.2e-07   29.5   0.0   1   2      0.39        14    3.8   0.0     4    35    23    54    20    55 0.91 -
TRINITY_DN18949_c0_g1_i2:716-1000   -             95 331186at33208        -            297   2.2e-07   29.5   0.0   2   2   2.6e-08   9.1e-07   27.4   0.0   227   260    51    84    48    88 0.95 -
TRINITY_DN18949_c0_g1_i3:743-1027   -             95 331186at33208        -            297   2.2e-07   29.5   0.0   1   2      0.39        14    3.8   0.0     4    35    23    54    20    55 0.91 -
TRINITY_DN18949_c0_g1_i3:743-1027   -             95 331186at33208        -            297   2.2e-07   29.5   0.0   2   2   2.6e-08   9.1e-07   27.4   0.0   227   260    51    84    48    88 0.95 -
TRINITY_DN18949_c0_g1_i5:239-523    -             95 331186at33208        -            297   2.2e-07   29.5   0.0   1   2      0.39        14    3.8   0.0     4    35    23    54    20    55 0.91 -
TRINITY_DN18949_c0_g1_i5:239-523    -             95 331186at33208        -            297   2.2e-07   29.5   0.0   2   2   2.6e-08   9.1e-07   27.4   0.0   227   260    51    84    48    88 0.95 -
TRINITY_DN13748_c0_g2_i1:506-1027   -            174 331186at33208        -            297   2.3e-07   29.4   0.0   1   3       2.1        73    1.5   0.0   122   140     2    20     1    47 0.60 -
TRINITY_DN13748_c0_g2_i1:506-1027   -            174 331186at33208        -            297   2.3e-07   29.4   0.0   2   3     0.011      0.37    9.0   0.0     7    36   100   129    96   130 0.90 -
TRINITY_DN13748_c0_g2_i1:506-1027   -            174 331186at33208        -            297   2.3e-07   29.4   0.0   3   3   5.5e-06   0.00019   19.8   0.0   227   261   125   161   123   164 0.84 -
TRINITY_DN13748_c0_g2_i2:506-1027   -            174 331186at33208        -            297   2.3e-07   29.4   0.0   1   3       2.1        73    1.5   0.0   122   140     2    20     1    47 0.60 -
TRINITY_DN13748_c0_g2_i2:506-1027   -            174 331186at33208        -            297   2.3e-07   29.4   0.0   2   3     0.011      0.37    9.0   0.0     7    36   100   129    96   130 0.90 -
TRINITY_DN13748_c0_g2_i2:506-1027   -            174 331186at33208        -            297   2.3e-07   29.4   0.0   3   3   5.5e-06   0.00019   19.8   0.0   227   261   125   161   123   164 0.84 -
TRINITY_DN36654_c0_g1_i1:1029-1631  -            201 331186at33208        -            297   2.7e-07   29.2   0.1   1   3     0.021      0.76    8.0   0.0   238   277     2    42     1    55 0.78 -
TRINITY_DN36654_c0_g1_i1:1029-1631  -            201 331186at33208        -            297   2.7e-07   29.2   0.1   2   3     0.061       2.2    6.5   0.0     6    36   124   154   120   156 0.90 -
TRINITY_DN36654_c0_g1_i1:1029-1631  -            201 331186at33208        -            297   2.7e-07   29.2   0.1   3   3    0.0006     0.021   13.1   0.0   228   260   151   182   150   185 0.87 -
TRINITY_DN96613_c0_g1_i1:7-270      -             88 331186at33208        -            297   2.9e-07   29.1   0.0   1   1   9.1e-09   3.2e-07   28.9   0.0     3    69     2    70     1    73 0.84 -
TRINITY_DN143081_c0_g1_i1:30-380    -            117 331186at33208        -            297   3.2e-07   28.9   0.0   1   2   2.8e-05     0.001   17.4   0.0    89   140     2    55     1    67 0.76 -
TRINITY_DN143081_c0_g1_i1:30-380    -            117 331186at33208        -            297   3.2e-07   28.9   0.0   2   2    0.0079      0.28    9.4   0.0     5    31    91   117    87   117 0.86 -
TRINITY_DN273_c0_g1_i10:1035-2093   -            353 331186at33208        -            297   4.7e-07   28.4   0.0   1   1   2.9e-08     1e-06   27.2   0.0    14    64   205   254   195   259 0.91 -
TRINITY_DN273_c0_g1_i15:1035-2093   -            353 331186at33208        -            297   4.7e-07   28.4   0.0   1   1   2.9e-08     1e-06   27.2   0.0    14    64   205   254   195   259 0.91 -
TRINITY_DN273_c0_g1_i1:282-1340     -            353 331186at33208        -            297   4.7e-07   28.4   0.0   1   1   2.9e-08     1e-06   27.2   0.0    14    64   205   254   195   259 0.91 -
TRINITY_DN273_c0_g1_i3:1035-2093    -            353 331186at33208        -            297   4.7e-07   28.4   0.0   1   1   2.9e-08     1e-06   27.2   0.0    14    64   205   254   195   259 0.91 -
TRINITY_DN273_c0_g1_i6:1046-2104    -            353 331186at33208        -            297   4.7e-07   28.4   0.0   1   1   2.9e-08     1e-06   27.2   0.0    14    64   205   254   195   259 0.91 -
TRINITY_DN273_c0_g1_i8:1047-2105    -            353 331186at33208        -            297   4.7e-07   28.4   0.0   1   1   2.9e-08     1e-06   27.2   0.0    14    64   205   254   195   259 0.91 -
TRINITY_DN1446_c0_g1_i13:416-658    -             81 331186at33208        -            297   4.8e-07   28.3   0.0   1   1   1.7e-08     6e-07   28.0   0.0     7    68     9    80     4    81 0.76 -
TRINITY_DN1446_c0_g1_i16:416-658    -             81 331186at33208        -            297   4.8e-07   28.3   0.0   1   1   1.7e-08     6e-07   28.0   0.0     7    68     9    80     4    81 0.76 -
TRINITY_DN1446_c0_g1_i17:416-658    -             81 331186at33208        -            297   4.8e-07   28.3   0.0   1   1   1.7e-08     6e-07   28.0   0.0     7    68     9    80     4    81 0.76 -
TRINITY_DN1446_c0_g1_i3:416-658     -             81 331186at33208        -            297   4.8e-07   28.3   0.0   1   1   1.7e-08     6e-07   28.0   0.0     7    68     9    80     4    81 0.76 -
TRINITY_DN1446_c0_g1_i4:416-658     -             81 331186at33208        -            297   4.8e-07   28.3   0.0   1   1   1.7e-08     6e-07   28.0   0.0     7    68     9    80     4    81 0.76 -
TRINITY_DN1446_c0_g1_i6:416-658     -             81 331186at33208        -            297   4.8e-07   28.3   0.0   1   1   1.7e-08     6e-07   28.0   0.0     7    68     9    80     4    81 0.76 -
TRINITY_DN1446_c0_g1_i8:416-658     -             81 331186at33208        -            297   4.8e-07   28.3   0.0   1   1   1.7e-08     6e-07   28.0   0.0     7    68     9    80     4    81 0.76 -
TRINITY_DN48537_c0_g1_i2:338-2311   -            482 331186at33208        -            297   5.1e-07   28.2   0.1   1   1   2.1e-08   7.5e-07   27.7   0.1    10    73   239   307   232   315 0.80 -
TRINITY_DN48537_c0_g1_i3:338-1783   -            482 331186at33208        -            297   5.1e-07   28.2   0.1   1   1   2.1e-08   7.5e-07   27.7   0.1    10    73   239   307   232   315 0.80 -
TRINITY_DN190021_c0_g1_i1:192-443   -             84 331186at33208        -            297   5.8e-07   28.1   0.0   1   1   1.9e-08   6.9e-07   27.8   0.0    83   147     5    74     3    83 0.80 -
TRINITY_DN2041_c0_g1_i10:526-753    -             76 331186at33208        -            297   6.7e-07   27.9   0.0   1   1   2.3e-08     8e-07   27.6   0.0    84   144     5    64     2    74 0.79 -
TRINITY_DN2041_c0_g1_i14:526-753    -             76 331186at33208        -            297   6.7e-07   27.9   0.0   1   1   2.3e-08     8e-07   27.6   0.0    84   144     5    64     2    74 0.79 -
TRINITY_DN2041_c0_g1_i3:526-753     -             76 331186at33208        -            297   6.7e-07   27.9   0.0   1   1   2.3e-08     8e-07   27.6   0.0    84   144     5    64     2    74 0.79 -
TRINITY_DN2041_c0_g1_i7:526-753     -             76 331186at33208        -            297   6.7e-07   27.9   0.0   1   1   2.3e-08     8e-07   27.6   0.0    84   144     5    64     2    74 0.79 -
TRINITY_DN2041_c0_g1_i9:526-753     -             76 331186at33208        -            297   6.7e-07   27.9   0.0   1   1   2.3e-08     8e-07   27.6   0.0    84   144     5    64     2    74 0.79 -
TRINITY_DN4475_c0_g1_i1:283-663     -            127 331186at33208        -            297   8.3e-07   27.6   0.1   1   1   5.9e-08   2.1e-06   26.2   0.1    85   140     2    59     1    81 0.70 -
TRINITY_DN2041_c0_g1_i5:529-747     -             73 331186at33208        -            297   8.6e-07   27.5   0.0   1   1   2.5e-08   8.9e-07   27.4   0.0    84   144     3    62     1    72 0.79 -
TRINITY_DN2778_c0_g1_i10:1030-1323  -             98 331186at33208        -            297   9.4e-07   27.4   0.0   1   1   2.9e-08     1e-06   27.3   0.0     8    71    30    97    24    98 0.78 -
TRINITY_DN2778_c0_g1_i1:1030-1323   -             98 331186at33208        -            297   9.4e-07   27.4   0.0   1   1   2.9e-08     1e-06   27.3   0.0     8    71    30    97    24    98 0.78 -
TRINITY_DN2778_c0_g1_i3:1030-1323   -             98 331186at33208        -            297   9.4e-07   27.4   0.0   1   1   2.9e-08     1e-06   27.3   0.0     8    71    30    97    24    98 0.78 -
TRINITY_DN2778_c0_g1_i7:1030-1323   -             98 331186at33208        -            297   9.4e-07   27.4   0.0   1   1   2.9e-08     1e-06   27.3   0.0     8    71    30    97    24    98 0.78 -
TRINITY_DN12861_c0_g1_i5:1573-1968  -            132 331186at33208        -            297   9.7e-07   27.3   0.1   1   1   3.5e-08   1.2e-06   27.0   0.1     4   101     8   117     6   132 0.77 -
TRINITY_DN12861_c0_g1_i6:1570-1965  -            132 331186at33208        -            297   9.7e-07   27.3   0.1   1   1   3.5e-08   1.2e-06   27.0   0.1     4   101     8   117     6   132 0.77 -
TRINITY_DN12861_c0_g1_i7:1781-2176  -            132 331186at33208        -            297   9.7e-07   27.3   0.1   1   1   3.5e-08   1.2e-06   27.0   0.1     4   101     8   117     6   132 0.77 -
TRINITY_DN12861_c0_g1_i9:1561-1956  -            132 331186at33208        -            297   9.7e-07   27.3   0.1   1   1   3.5e-08   1.2e-06   27.0   0.1     4   101     8   117     6   132 0.77 -
TRINITY_DN384_c0_g1_i1:193-792      -            200 331186at33208        -            297   1.1e-06   27.2   0.0   1   1   4.4e-08   1.6e-06   26.6   0.0    66   144    54   133    35   155 0.80 -
TRINITY_DN384_c0_g1_i3:193-792      -            200 331186at33208        -            297   1.1e-06   27.2   0.0   1   1   4.4e-08   1.6e-06   26.6   0.0    66   144    54   133    35   155 0.80 -
TRINITY_DN384_c0_g1_i9:193-792      -            200 331186at33208        -            297   1.1e-06   27.2   0.0   1   1   4.4e-08   1.6e-06   26.6   0.0    66   144    54   133    35   155 0.80 -
TRINITY_DN10766_c0_g1_i1:186-413    -             76 331186at33208        -            297   1.8e-06   26.4   0.0   1   1   5.7e-08     2e-06   26.3   0.0     3    69     2    70     1    75 0.81 -
TRINITY_DN10766_c0_g1_i2:186-413    -             76 331186at33208        -            297   1.8e-06   26.4   0.0   1   1   5.7e-08     2e-06   26.3   0.0     3    69     2    70     1    75 0.81 -
TRINITY_DN10766_c0_g2_i1:186-413    -             76 331186at33208        -            297   1.8e-06   26.4   0.0   1   1   5.7e-08     2e-06   26.3   0.0     3    69     2    70     1    75 0.81 -
TRINITY_DN10766_c0_g2_i2:186-413    -             76 331186at33208        -            297   1.8e-06   26.4   0.0   1   1   5.7e-08     2e-06   26.3   0.0     3    69     2    70     1    75 0.81 -
TRINITY_DN23252_c1_g1_i1:52-306     -             85 331186at33208        -            297     2e-06   26.3   0.0   1   1   7.8e-08   2.8e-06   25.8   0.0     5    69    11    85     8    85 0.77 -
TRINITY_DN4512_c0_g3_i1:1299-1619   -            107 331186at33208        -            297   2.3e-06   26.1   0.1   1   1   6.6e-08   2.3e-06   26.1   0.1     5    52     2    48     1    72 0.82 -
TRINITY_DN1199_c1_g1_i1:115-1014    -            300 331186at33208        -            297   2.3e-06   26.1   0.0   1   1   1.3e-07   4.6e-06   25.1   0.0    80   140   217   279   212   299 0.62 -
TRINITY_DN17872_c0_g1_i1:1373-1738  -            122 331186at33208        -            297   2.4e-06   26.0   0.0   1   1   9.6e-08   3.4e-06   25.5   0.0    84   140     1    58     1    82 0.88 -
TRINITY_DN17872_c0_g1_i4:2027-2392  -            122 331186at33208        -            297   2.4e-06   26.0   0.0   1   1   9.6e-08   3.4e-06   25.5   0.0    84   140     1    58     1    82 0.88 -
TRINITY_DN17872_c0_g1_i5:269-634    -            122 331186at33208        -            297   2.4e-06   26.0   0.0   1   1   9.6e-08   3.4e-06   25.5   0.0    84   140     1    58     1    82 0.88 -
TRINITY_DN38878_c0_g1_i10:13-186    -             58 331186at33208        -            297   2.8e-06   25.8   0.0   1   1   8.7e-08   3.1e-06   25.7   0.0   223   263     6    46     2    52 0.91 -
TRINITY_DN38878_c0_g1_i2:13-186     -             58 331186at33208        -            297   2.8e-06   25.8   0.0   1   1   8.7e-08   3.1e-06   25.7   0.0   223   263     6    46     2    52 0.91 -
TRINITY_DN6362_c0_g1_i1:305-517     -             71 331186at33208        -            297     3e-06   25.7   0.1   1   2      0.02      0.72    8.1   0.0     7    33     3    29     1    31 0.87 -
TRINITY_DN6362_c0_g1_i1:305-517     -             71 331186at33208        -            297     3e-06   25.7   0.1   2   2   2.5e-05   0.00087   17.6   0.0   228   257    29    58    27    63 0.92 -
TRINITY_DN6362_c0_g1_i2:304-516     -             71 331186at33208        -            297     3e-06   25.7   0.1   1   2      0.02      0.72    8.1   0.0     7    33     3    29     1    31 0.87 -
TRINITY_DN6362_c0_g1_i2:304-516     -             71 331186at33208        -            297     3e-06   25.7   0.1   2   2   2.5e-05   0.00087   17.6   0.0   228   257    29    58    27    63 0.92 -
TRINITY_DN6362_c0_g1_i5:304-516     -             71 331186at33208        -            297     3e-06   25.7   0.1   1   2      0.02      0.72    8.1   0.0     7    33     3    29     1    31 0.87 -
TRINITY_DN6362_c0_g1_i5:304-516     -             71 331186at33208        -            297     3e-06   25.7   0.1   2   2   2.5e-05   0.00087   17.6   0.0   228   257    29    58    27    63 0.92 -
TRINITY_DN22972_c0_g1_i1:813-974    -             54 331186at33208        -            297   3.4e-06   25.5   0.0   1   1     3e-07   1.1e-05   23.9   0.0     6    48     3    51     1    54 0.71 -
TRINITY_DN22972_c0_g1_i2:103-264    -             54 331186at33208        -            297   3.4e-06   25.5   0.0   1   1     3e-07   1.1e-05   23.9   0.0     6    48     3    51     1    54 0.71 -
TRINITY_DN22972_c0_g1_i3:271-432    -             54 331186at33208        -            297   3.4e-06   25.5   0.0   1   1     3e-07   1.1e-05   23.9   0.0     6    48     3    51     1    54 0.71 -
TRINITY_DN69591_c0_g1_i1:1-237      -             79 331186at33208        -            297   4.5e-06   25.2   0.0   1   1   2.1e-07   7.3e-06   24.5   0.0    83   138     2    59     1    74 0.72 -
TRINITY_DN1816_c0_g1_i1:1766-1948   -             61 331186at33208        -            297   5.3e-06   24.9   0.0   1   1   1.7e-07   5.9e-06   24.8   0.0     5    49     6    56     3    61 0.82 -
TRINITY_DN21274_c0_g1_i1:99-332     -             78 331186at33208        -            297   6.1e-06   24.7   0.0   1   1   1.8e-07   6.4e-06   24.6   0.0     7    75     3    78     1    78 0.78 -
TRINITY_DN21274_c0_g1_i3:99-332     -             78 331186at33208        -            297   6.1e-06   24.7   0.0   1   1   1.8e-07   6.4e-06   24.6   0.0     7    75     3    78     1    78 0.78 -
TRINITY_DN21274_c0_g1_i4:99-332     -             78 331186at33208        -            297   6.1e-06   24.7   0.0   1   1   1.8e-07   6.4e-06   24.6   0.0     7    75     3    78     1    78 0.78 -
TRINITY_DN182334_c0_g1_i1:3-185     -             61 331186at33208        -            297   9.4e-06   24.1   0.0   1   1   3.3e-07   1.1e-05   23.8   0.0    95   140    10    57     1    60 0.79 -
TRINITY_DN12177_c0_g1_i1:932-1234   -            101 331186at33208        -            297     1e-05   24.0   0.0   1   1   3.1e-07   1.1e-05   23.9   0.0    68   134     1    69     1    81 0.85 -
TRINITY_DN3778_c0_g1_i4:102-335     -             78 331186at33208        -            297   1.2e-05   23.7   0.0   1   1   3.8e-07   1.3e-05   23.6   0.0    83   139     8    66     3    77 0.84 -
TRINITY_DN560_c0_g1_i1:1061-1354    -             98 331186at33208        -            297   1.3e-05   23.6   0.0   1   1   4.4e-07   1.5e-05   23.4   0.0    12    83     8    88     1    97 0.46 -
TRINITY_DN560_c0_g1_i6:1901-2194    -             98 331186at33208        -            297   1.3e-05   23.6   0.0   1   1   4.4e-07   1.5e-05   23.4   0.0    12    83     8    88     1    97 0.46 -
TRINITY_DN560_c0_g1_i7:1229-1522    -             98 331186at33208        -            297   1.3e-05   23.6   0.0   1   1   4.4e-07   1.5e-05   23.4   0.0    12    83     8    88     1    97 0.46 -
TRINITY_DN104708_c0_g1_i1:7-171     -             55 331186at33208        -            297   1.9e-05   23.1   0.0   1   1   5.6e-07     2e-05   23.0   0.0    82   131     3    54     1    55 0.85 -
TRINITY_DN67501_c0_g1_i1:110-703    -            198 331186at33208        -            297   2.3e-05   22.8   0.0   1   1   1.1e-06   3.9e-05   22.1   0.0    81   138   120   179   114   197 0.70 -
TRINITY_DN4635_c0_g1_i1:374-604     -             77 331186at33208        -            297   2.9e-05   22.5   0.0   1   1   8.3e-07   2.9e-05   22.5   0.0     3    65     8    75     6    77 0.78 -
TRINITY_DN396_c0_g1_i1:634-843      -             70 331186at33208        -            297   3.1e-05   22.4   0.0   1   1   8.7e-07   3.1e-05   22.4   0.0     3    55     4    55     2    70 0.79 -
TRINITY_DN396_c0_g1_i4:2441-2650    -             70 331186at33208        -            297   3.1e-05   22.4   0.0   1   1   8.7e-07   3.1e-05   22.4   0.0     3    55     4    55     2    70 0.79 -
TRINITY_DN396_c0_g1_i7:2414-2623    -             70 331186at33208        -            297   3.1e-05   22.4   0.0   1   1   8.7e-07   3.1e-05   22.4   0.0     3    55     4    55     2    70 0.79 -
TRINITY_DN4796_c0_g1_i1:631-1146    -            172 331186at33208        -            297   3.1e-05   22.4   0.0   1   1   8.9e-07   3.1e-05   22.4   0.0     4    69    38   113     8   132 0.64 -
TRINITY_DN396_c0_g1_i5:2429-2641    -             71 331186at33208        -            297   3.2e-05   22.3   0.0   1   1   9.2e-07   3.2e-05   22.3   0.0     3    55     5    56     3    71 0.79 -
TRINITY_DN12177_c0_g1_i1:581-862    -             94 331186at33208        -            297   3.5e-05   22.2   0.0   1   1   1.1e-06     4e-05   22.0   0.0    80   134     6    62     3    74 0.87 -
TRINITY_DN143385_c0_g1_i1:23-241    -             73 331186at33208        -            297   4.2e-05   21.9   0.0   1   1   4.2e-06   0.00015   20.2   0.0     4    47    19    68    16    71 0.81 -
TRINITY_DN2570_c0_g1_i1:795-1124    -            110 331186at33208        -            297   4.6e-05   21.8   0.0   1   1   1.5e-06   5.3e-05   21.6   0.0    76   138    31    95    10   104 0.84 -
TRINITY_DN2570_c0_g1_i2:782-1111    -            110 331186at33208        -            297   4.6e-05   21.8   0.0   1   1   1.5e-06   5.3e-05   21.6   0.0    76   138    31    95    10   104 0.84 -
TRINITY_DN2570_c0_g1_i3:2301-2630   -            110 331186at33208        -            297   4.6e-05   21.8   0.0   1   1   1.5e-06   5.3e-05   21.6   0.0    76   138    31    95    10   104 0.84 -
TRINITY_DN2570_c0_g1_i4:82-411      -            110 331186at33208        -            297   4.6e-05   21.8   0.0   1   1   1.5e-06   5.3e-05   21.6   0.0    76   138    31    95    10   104 0.84 -
TRINITY_DN2570_c0_g1_i5:1645-1974   -            110 331186at33208        -            297   4.6e-05   21.8   0.0   1   1   1.5e-06   5.3e-05   21.6   0.0    76   138    31    95    10   104 0.84 -
TRINITY_DN2570_c0_g1_i7:48-377      -            110 331186at33208        -            297   4.6e-05   21.8   0.0   1   1   1.5e-06   5.3e-05   21.6   0.0    76   138    31    95    10   104 0.84 -
TRINITY_DN2570_c0_g1_i8:795-1124    -            110 331186at33208        -            297   4.6e-05   21.8   0.0   1   1   1.5e-06   5.3e-05   21.6   0.0    76   138    31    95    10   104 0.84 -
TRINITY_DN38878_c0_g1_i3:13-153     -             47 331186at33208        -            297   7.6e-05   21.1   0.0   1   1   2.2e-06   7.6e-05   21.1   0.0   229   263     1    35     1    43 0.91 -
TRINITY_DN883_c0_g1_i5:417-647      -             77 331186at33208        -            297   7.7e-05   21.1   0.0   1   2      0.66        23    3.1   0.0    14    36    11    33     4    36 0.84 -
TRINITY_DN883_c0_g1_i5:417-647      -             77 331186at33208        -            297   7.7e-05   21.1   0.0   2   2     2e-05    0.0007   17.9   0.1   227   260    29    64    26    68 0.80 -
TRINITY_DN11132_c0_g1_i14:39-221    -             61 331186at33208        -            297   0.00016   20.0   0.0   1   1   4.6e-06   0.00016   20.0   0.0    14    54    10    52     1    59 0.78 -
TRINITY_DN1061_c0_g1_i2:626-1033    -            136 331186at33208        -            297   0.00054   18.3   0.0   1   1   2.2e-05   0.00076   17.8   0.0    14    58    61   115    49   133 0.65 -
TRINITY_DN1345_c0_g1_i2:112-264     -             51 331186at33208        -            297    0.0036   15.6   0.0   1   1   0.00012    0.0044   15.3   0.0    85   131     2    50     1    51 0.71 -
TRINITY_DN1345_c0_g1_i3:112-264     -             51 331186at33208        -            297    0.0036   15.6   0.0   1   1   0.00012    0.0044   15.3   0.0    85   131     2    50     1    51 0.71 -
TRINITY_DN4507_c0_g1_i12:189-674    -            162 331186at33208        -            297    0.0041   15.4   0.0   1   1   0.00017     0.006   14.9   0.0    83   136   101   156    95   162 0.49 -
TRINITY_DN4507_c0_g1_i19:189-674    -            162 331186at33208        -            297    0.0041   15.4   0.0   1   1   0.00017     0.006   14.9   0.0    83   136   101   156    95   162 0.49 -
TRINITY_DN9632_c0_g1_i10:1472-2305  -            278 331186at33208        -            297    0.0043   15.4   0.0   1   1   0.00021    0.0073   14.6   0.0     3    54   181   231   179   257 0.84 -
TRINITY_DN9632_c0_g1_i2:1084-1917   -            278 331186at33208        -            297    0.0043   15.4   0.0   1   1   0.00021    0.0073   14.6   0.0     3    54   181   231   179   257 0.84 -
TRINITY_DN9632_c0_g1_i4:1404-2237   -            278 331186at33208        -            297    0.0043   15.4   0.0   1   1   0.00021    0.0073   14.6   0.0     3    54   181   231   179   257 0.84 -
TRINITY_DN9632_c0_g1_i9:1404-2237   -            278 331186at33208        -            297    0.0043   15.4   0.0   1   1   0.00021    0.0073   14.6   0.0     3    54   181   231   179   257 0.84 -
TRINITY_DN3574_c0_g1_i1:1837-2658   -            274 331186at33208        -            297    0.0052   15.1   0.0   1   1   0.00019    0.0067   14.7   0.0    14    72    48   110    38   136 0.77 -
TRINITY_DN3574_c0_g1_i2:1837-2658   -            274 331186at33208        -            297    0.0052   15.1   0.0   1   1   0.00019    0.0067   14.7   0.0    14    72    48   110    38   136 0.77 -
TRINITY_DN3574_c0_g1_i5:1837-2658   -            274 331186at33208        -            297    0.0052   15.1   0.0   1   1   0.00019    0.0067   14.7   0.0    14    72    48   110    38   136 0.77 -
TRINITY_DN4192_c0_g1_i6:2122-2844   -            241 331186at33208        -            297    0.0054   15.0   0.0   1   1   0.00027    0.0097   14.2   0.0    13    72   175   237   164   241 0.78 -
TRINITY_DN1186_c1_g1_i1:488-772     -             95 331186at33208        -            297    0.0055   15.0   0.0   1   1   0.00016    0.0058   14.9   0.0    86   138     3    57     1    87 0.57 -
TRINITY_DN1186_c1_g1_i2:488-772     -             95 331186at33208        -            297    0.0055   15.0   0.0   1   1   0.00016    0.0058   14.9   0.0    86   138     3    57     1    87 0.57 -
TRINITY_DN4192_c0_g1_i10:2122-2844  -            241 331186at33208        -            297    0.0055   15.0   0.0   1   1   0.00027    0.0097   14.2   0.0    13    72   175   237   164   241 0.78 -
TRINITY_DN682_c0_g1_i11:2731-2949   -             73 331186at33208        -            297     0.008   14.5   0.0   1   1    0.0005     0.018   13.3   0.0    89   140     7    60     1    72 0.55 -
TRINITY_DN682_c0_g1_i2:2720-2938    -             73 331186at33208        -            297     0.008   14.5   0.0   1   1    0.0005     0.018   13.3   0.0    89   140     7    60     1    72 0.55 -
TRINITY_DN682_c0_g1_i4:2713-2931    -             73 331186at33208        -            297     0.008   14.5   0.0   1   1    0.0005     0.018   13.3   0.0    89   140     7    60     1    72 0.55 -
TRINITY_DN682_c0_g1_i6:1520-1738    -             73 331186at33208        -            297     0.008   14.5   0.0   1   1    0.0005     0.018   13.3   0.0    89   140     7    60     1    72 0.55 -
TRINITY_DN682_c0_g1_i8:2731-2949    -             73 331186at33208        -            297     0.008   14.5   0.0   1   1    0.0005     0.018   13.3   0.0    89   140     7    60     1    72 0.55 -
TRINITY_DN2457_c4_g2_i10:1684-1932  -             83 331186at33208        -            297    0.0086   14.4   0.0   1   1   0.00029      0.01   14.1   0.0     9    72     4    76     1    80 0.70 -
TRINITY_DN2457_c4_g2_i13:1725-1973  -             83 331186at33208        -            297    0.0086   14.4   0.0   1   1   0.00029      0.01   14.1   0.0     9    72     4    76     1    80 0.70 -
TRINITY_DN2457_c4_g2_i14:516-764    -             83 331186at33208        -            297    0.0086   14.4   0.0   1   1   0.00029      0.01   14.1   0.0     9    72     4    76     1    80 0.70 -
TRINITY_DN2457_c4_g2_i18:1341-1589  -             83 331186at33208        -            297    0.0086   14.4   0.0   1   1   0.00029      0.01   14.1   0.0     9    72     4    76     1    80 0.70 -
TRINITY_DN2457_c4_g2_i1:142-390     -             83 331186at33208        -            297    0.0086   14.4   0.0   1   1   0.00029      0.01   14.1   0.0     9    72     4    76     1    80 0.70 -
TRINITY_DN2457_c4_g2_i5:125-373     -             83 331186at33208        -            297    0.0086   14.4   0.0   1   1   0.00029      0.01   14.1   0.0     9    72     4    76     1    80 0.70 -
TRINITY_DN2457_c4_g2_i6:1353-1601   -             83 331186at33208        -            297    0.0086   14.4   0.0   1   1   0.00029      0.01   14.1   0.0     9    72     4    76     1    80 0.70 -
TRINITY_DN2457_c4_g2_i8:1726-1974   -             83 331186at33208        -            297    0.0086   14.4   0.0   1   1   0.00029      0.01   14.1   0.0     9    72     4    76     1    80 0.70 -
TRINITY_DN2041_c0_g1_i10:868-1095   -             76 331186at33208        -            297      0.02   13.2   0.0   1   1   0.00057      0.02   13.2   0.0   219   254    21    56     7    71 0.84 -
TRINITY_DN2041_c0_g1_i14:868-1095   -             76 331186at33208        -            297      0.02   13.2   0.0   1   1   0.00057      0.02   13.2   0.0   219   254    21    56     7    71 0.84 -
TRINITY_DN2041_c0_g1_i3:868-1095    -             76 331186at33208        -            297      0.02   13.2   0.0   1   1   0.00057      0.02   13.2   0.0   219   254    21    56     7    71 0.84 -
TRINITY_DN2041_c0_g1_i5:868-1095    -             76 331186at33208        -            297      0.02   13.2   0.0   1   1   0.00057      0.02   13.2   0.0   219   254    21    56     7    71 0.84 -
TRINITY_DN2041_c0_g1_i7:868-1095    -             76 331186at33208        -            297      0.02   13.2   0.0   1   1   0.00057      0.02   13.2   0.0   219   254    21    56     7    71 0.84 -
TRINITY_DN2041_c0_g1_i9:868-1095    -             76 331186at33208        -            297      0.02   13.2   0.0   1   1   0.00057      0.02   13.2   0.0   219   254    21    56     7    71 0.84 -
TRINITY_DN417_c0_g1_i4:276-491      -             72 331186at33208        -            297     0.028   12.7   0.0   1   1     0.001     0.035   12.4   0.0    83   135     2    56     1    64 0.69 -
#
# Program:         hmmsearch
# Version:         3.1b2 (February 2015)
# Pipeline mode:   SEARCH
# Query file:      /busco_wd/busco_downloads/lineages/metazoa_odb10/hmms/331186at33208.hmm
# Target file:     /busco_wd/BUSCO/run_metazoa_odb10/metaeuk_output/initial_results/Trinity.fasta.modified.fas
# Option settings: hmmsearch --domtblout /busco_wd/BUSCO/run_metazoa_odb10/hmmer_output/initial_run_results/331186at33208.out --cpu 1 /busco_wd/busco_downloads/lineages/metazoa_odb10/hmms/331186at33208.hmm /busco_wd/BUSCO/run_metazoa_odb10/metaeuk_output/initial_results/Trinity.fasta.modified.fas 
# Current dir:     /busco_wd
# Date:            Tue Nov 23 09:02:01 2021
# [ok]
