#                                                                                           --- full sequence --- -------------- this domain -------------   hmm coord   ali coord   env coord
# target name                       accession   tlen query name           accession   qlen   E-value  score  bias   #  of  c-Evalue  i-Evalue  score  bias  from    to  from    to  from    to  acc description of target
#               ------------------- ---------- ----- -------------------- ---------- ----- --------- ------ ----- --- --- --------- --------- ------ ----- ----- ----- ----- ----- ----- ----- ---- ---------------------
TRINITY_DN6382_c0_g2_i1:282-2084    -            601 334336at33208        -            407    8e-143  475.2  55.0   1   3   3.5e-98   3.8e-96  321.4  15.8     1   244     7   285     7   297 0.88 -
TRINITY_DN6382_c0_g2_i1:282-2084    -            601 334336at33208        -            407    8e-143  475.2  55.0   2   3   8.3e-07   9.1e-05   20.5   0.3   234   266   323   355   314   361 0.85 -
TRINITY_DN6382_c0_g2_i1:282-2084    -            601 334336at33208        -            407    8e-143  475.2  55.0   3   3   1.1e-42   1.2e-40  138.6  25.3   263   406   400   547   391   548 0.92 -
TRINITY_DN6382_c0_g2_i2:302-2104    -            601 334336at33208        -            407    8e-143  475.2  55.0   1   3   3.5e-98   3.8e-96  321.4  15.8     1   244     7   285     7   297 0.88 -
TRINITY_DN6382_c0_g2_i2:302-2104    -            601 334336at33208        -            407    8e-143  475.2  55.0   2   3   8.3e-07   9.1e-05   20.5   0.3   234   266   323   355   314   361 0.85 -
TRINITY_DN6382_c0_g2_i2:302-2104    -            601 334336at33208        -            407    8e-143  475.2  55.0   3   3   1.1e-42   1.2e-40  138.6  25.3   263   406   400   547   391   548 0.92 -
TRINITY_DN6382_c0_g3_i1:227-2116    -            630 334336at33208        -            407   5.9e-49  166.0  41.5   1   3   1.2e-05    0.0013   16.7   2.6   215   244    11    40     1    52 0.72 -
TRINITY_DN6382_c0_g3_i1:227-2116    -            630 334336at33208        -            407   5.9e-49  166.0  41.5   2   3   8.8e-07   9.6e-05   20.4   0.3   234   266    78   110    69   116 0.85 -
TRINITY_DN6382_c0_g3_i1:227-2116    -            630 334336at33208        -            407   5.9e-49  166.0  41.5   3   3   1.2e-42   1.3e-40  138.5  25.3   263   406   155   302   146   303 0.92 -
TRINITY_DN6382_c0_g3_i2:218-2119    -            634 334336at33208        -            407     6e-49  166.0  41.5   1   3   1.2e-05    0.0013   16.7   2.6   215   244    11    40     1    52 0.72 -
TRINITY_DN6382_c0_g3_i2:218-2119    -            634 334336at33208        -            407     6e-49  166.0  41.5   2   3   8.9e-07   9.7e-05   20.4   0.3   234   266    78   110    69   116 0.85 -
TRINITY_DN6382_c0_g3_i2:218-2119    -            634 334336at33208        -            407     6e-49  166.0  41.5   3   3   1.2e-42   1.3e-40  138.5  25.3   263   406   155   302   146   303 0.92 -
TRINITY_DN4720_c0_g1_i2:128-562     -            145 334336at33208        -            407     2e-26   91.8   0.1   1   1   2.8e-28   3.1e-26   91.2   0.1     4   121     7   142     4   144 0.87 -
TRINITY_DN4720_c0_g1_i3:128-562     -            145 334336at33208        -            407     2e-26   91.8   0.1   1   1   2.8e-28   3.1e-26   91.2   0.1     4   121     7   142     4   144 0.87 -
TRINITY_DN712_c1_g1_i3:417-611      -             65 334336at33208        -            407     6e-21   73.8   8.2   1   1   5.7e-23   6.2e-21   73.7   8.2   135   195     2    63     1    65 0.93 -
TRINITY_DN712_c1_g1_i5:102-4106     -           1335 334336at33208        -            407     6e-20   70.5   4.7   1   1   5.4e-22     6e-20   70.5   4.7   134   197  1268  1332  1263  1335 0.92 -
TRINITY_DN712_c1_g1_i7:102-4106     -           1335 334336at33208        -            407     6e-20   70.5   4.7   1   1   5.4e-22     6e-20   70.5   4.7   134   197  1268  1332  1263  1335 0.92 -
TRINITY_DN6382_c2_g1_i1:409-822     -            138 334336at33208        -            407   2.7e-19   68.3   0.4   1   1   2.7e-21   2.9e-19   68.2   0.4     5   122     1   131     1   138 0.88 -
TRINITY_DN6382_c2_g1_i4:409-822     -            138 334336at33208        -            407   2.7e-19   68.3   0.4   1   1   2.7e-21   2.9e-19   68.2   0.4     5   122     1   131     1   138 0.88 -
TRINITY_DN6382_c2_g1_i6:409-822     -            138 334336at33208        -            407   2.7e-19   68.3   0.4   1   1   2.7e-21   2.9e-19   68.2   0.4     5   122     1   131     1   138 0.88 -
TRINITY_DN39572_c0_g1_i2:401-697    -             99 334336at33208        -            407   3.5e-19   68.0   3.9   1   1   3.3e-21   3.6e-19   67.9   3.9   124   199     2    81     1    96 0.84 -
TRINITY_DN39572_c0_g1_i3:401-697    -             99 334336at33208        -            407   3.5e-19   68.0   3.9   1   1   3.3e-21   3.6e-19   67.9   3.9   124   199     2    81     1    96 0.84 -
TRINITY_DN39572_c0_g1_i6:401-697    -             99 334336at33208        -            407   3.5e-19   68.0   3.9   1   1   3.3e-21   3.6e-19   67.9   3.9   124   199     2    81     1    96 0.84 -
TRINITY_DN919_c1_g1_i1:495-950      -            152 334336at33208        -            407   2.5e-18   65.1   5.4   1   1   2.8e-20   3.1e-18   64.8   5.4   128   196    75   147    51   151 0.81 -
TRINITY_DN919_c1_g1_i2:495-950      -            152 334336at33208        -            407   2.5e-18   65.1   5.4   1   1   2.8e-20   3.1e-18   64.8   5.4   128   196    75   147    51   151 0.81 -
TRINITY_DN919_c1_g1_i6:495-950      -            152 334336at33208        -            407   2.5e-18   65.1   5.4   1   1   2.8e-20   3.1e-18   64.8   5.4   128   196    75   147    51   151 0.81 -
TRINITY_DN919_c1_g1_i9:495-950      -            152 334336at33208        -            407   2.5e-18   65.1   5.4   1   1   2.8e-20   3.1e-18   64.8   5.4   128   196    75   147    51   151 0.81 -
TRINITY_DN2633_c0_g1_i14:1776-1943  -             56 334336at33208        -            407   9.8e-17   59.9   7.7   1   1   9.3e-19     1e-16   59.8   7.7   148   199     1    53     1    56 0.92 -
TRINITY_DN2633_c0_g1_i15:869-1036   -             56 334336at33208        -            407   9.8e-17   59.9   7.7   1   1   9.3e-19     1e-16   59.8   7.7   148   199     1    53     1    56 0.92 -
TRINITY_DN2633_c0_g1_i16:2029-2196  -             56 334336at33208        -            407   9.8e-17   59.9   7.7   1   1   9.3e-19     1e-16   59.8   7.7   148   199     1    53     1    56 0.92 -
TRINITY_DN2633_c0_g1_i4:2029-2196   -             56 334336at33208        -            407   9.8e-17   59.9   7.7   1   1   9.3e-19     1e-16   59.8   7.7   148   199     1    53     1    56 0.92 -
TRINITY_DN2633_c0_g1_i5:2029-2196   -             56 334336at33208        -            407   9.8e-17   59.9   7.7   1   1   9.3e-19     1e-16   59.8   7.7   148   199     1    53     1    56 0.92 -
TRINITY_DN2633_c0_g1_i9:2029-2196   -             56 334336at33208        -            407   9.8e-17   59.9   7.7   1   1   9.3e-19     1e-16   59.8   7.7   148   199     1    53     1    56 0.92 -
TRINITY_DN9830_c2_g1_i10:758-961    -             68 334336at33208        -            407   1.2e-16   59.6   9.8   1   1   1.1e-18   1.2e-16   59.6   9.8   142   198    10    67     1    68 0.86 -
TRINITY_DN9830_c2_g1_i11:1338-1541  -             68 334336at33208        -            407   1.2e-16   59.6   9.8   1   1   1.1e-18   1.2e-16   59.6   9.8   142   198    10    67     1    68 0.86 -
TRINITY_DN9830_c2_g1_i2:1338-1541   -             68 334336at33208        -            407   1.2e-16   59.6   9.8   1   1   1.1e-18   1.2e-16   59.6   9.8   142   198    10    67     1    68 0.86 -
TRINITY_DN9830_c2_g1_i6:1338-1541   -             68 334336at33208        -            407   1.2e-16   59.6   9.8   1   1   1.1e-18   1.2e-16   59.6   9.8   142   198    10    67     1    68 0.86 -
TRINITY_DN9830_c2_g1_i9:758-961     -             68 334336at33208        -            407   1.2e-16   59.6   9.8   1   1   1.1e-18   1.2e-16   59.6   9.8   142   198    10    67     1    68 0.86 -
TRINITY_DN3895_c0_g1_i2:1773-1940   -             56 334336at33208        -            407   1.2e-16   59.6   8.5   1   1   1.2e-18   1.3e-16   59.5   8.5   141   196     1    55     1    56 0.92 -
TRINITY_DN30380_c0_g1_i1:154-348    -             65 334336at33208        -            407   2.2e-16   58.7   0.2   1   1     2e-18   2.2e-16   58.7   0.2   166   209     1    45     1    61 0.86 -
TRINITY_DN29101_c0_g1_i1:368-745    -            126 334336at33208        -            407   1.9e-15   55.6   9.3   1   1     2e-17   2.2e-15   55.5   9.3    90   194    17   126     6   126 0.86 -
TRINITY_DN29101_c0_g1_i3:368-745    -            126 334336at33208        -            407   1.9e-15   55.6   9.3   1   1     2e-17   2.2e-15   55.5   9.3    90   194    17   126     6   126 0.86 -
TRINITY_DN29101_c0_g1_i5:368-745    -            126 334336at33208        -            407   1.9e-15   55.6   9.3   1   1     2e-17   2.2e-15   55.5   9.3    90   194    17   126     6   126 0.86 -
TRINITY_DN10354_c0_g1_i10:2969-3169 -             67 334336at33208        -            407   4.2e-15   54.5   9.4   1   1     4e-17   4.4e-15   54.4   9.4   134   196     1    66     1    67 0.88 -
TRINITY_DN10354_c0_g1_i13:2959-3159 -             67 334336at33208        -            407   4.2e-15   54.5   9.4   1   1     4e-17   4.4e-15   54.4   9.4   134   196     1    66     1    67 0.88 -
TRINITY_DN10354_c0_g1_i8:1221-1421  -             67 334336at33208        -            407   4.2e-15   54.5   9.4   1   1     4e-17   4.4e-15   54.4   9.4   134   196     1    66     1    67 0.88 -
TRINITY_DN19977_c0_g1_i2:225-374    -             50 334336at33208        -            407   4.6e-15   54.4  11.2   1   1   4.5e-17     5e-15   54.3  11.2   145   193     1    50     1    50 0.95 -
TRINITY_DN19977_c0_g1_i4:225-374    -             50 334336at33208        -            407   4.6e-15   54.4  11.2   1   1   4.5e-17     5e-15   54.3  11.2   145   193     1    50     1    50 0.95 -
TRINITY_DN10262_c0_g1_i1:3824-3997  -             58 334336at33208        -            407   7.7e-15   53.6  11.2   1   1   7.3e-17     8e-15   53.6  11.2   141   196     3    57     1    58 0.87 -
TRINITY_DN10262_c0_g1_i2:3507-3680  -             58 334336at33208        -            407   7.7e-15   53.6  11.2   1   1   7.3e-17     8e-15   53.6  11.2   141   196     3    57     1    58 0.87 -
TRINITY_DN21691_c0_g1_i2:4296-4499  -             68 334336at33208        -            407   8.1e-15   53.6   5.2   1   1   7.6e-17   8.3e-15   53.5   5.2   134   196     2    67     1    68 0.88 -
TRINITY_DN21691_c0_g1_i6:4296-4499  -             68 334336at33208        -            407   8.1e-15   53.6   5.2   1   1   7.6e-17   8.3e-15   53.5   5.2   134   196     2    67     1    68 0.88 -
TRINITY_DN21691_c0_g1_i7:518-721    -             68 334336at33208        -            407   8.1e-15   53.6   5.2   1   1   7.6e-17   8.3e-15   53.5   5.2   134   196     2    67     1    68 0.88 -
TRINITY_DN21691_c0_g1_i8:4296-4499  -             68 334336at33208        -            407   8.1e-15   53.6   5.2   1   1   7.6e-17   8.3e-15   53.5   5.2   134   196     2    67     1    68 0.88 -
TRINITY_DN21137_c0_g1_i1:1698-1841  -             48 334336at33208        -            407   2.8e-14   51.8  13.7   1   1   2.8e-16   3.1e-14   51.7  13.7   148   194     1    48     1    48 0.95 -
TRINITY_DN21137_c0_g1_i5:1653-1796  -             48 334336at33208        -            407   2.8e-14   51.8  13.7   1   1   2.8e-16   3.1e-14   51.7  13.7   148   194     1    48     1    48 0.95 -
TRINITY_DN21137_c0_g1_i6:559-702    -             48 334336at33208        -            407   2.8e-14   51.8  13.7   1   1   2.8e-16   3.1e-14   51.7  13.7   148   194     1    48     1    48 0.95 -
TRINITY_DN7726_c0_g2_i1:195-407     -             71 334336at33208        -            407   3.4e-14   51.5   8.8   1   1   3.3e-16   3.6e-14   51.4   8.8   137   193    11    71     2    71 0.85 -
TRINITY_DN7726_c0_g2_i4:179-391     -             71 334336at33208        -            407   3.4e-14   51.5   8.8   1   1   3.3e-16   3.6e-14   51.4   8.8   137   193    11    71     2    71 0.85 -
TRINITY_DN8217_c0_g1_i1:433-3375    -            981 334336at33208        -            407   5.8e-14   50.8   7.5   1   1   5.3e-16   5.8e-14   50.8   7.5   142   195   925   979   912   981 0.90 -
TRINITY_DN8217_c0_g1_i2:433-3375    -            981 334336at33208        -            407   5.8e-14   50.8   7.5   1   1   5.3e-16   5.8e-14   50.8   7.5   142   195   925   979   912   981 0.90 -
TRINITY_DN7726_c0_g2_i2:68-250      -             61 334336at33208        -            407   9.3e-14   50.1   9.9   1   1   8.7e-16   9.6e-14   50.0   9.9   140   193     7    61     1    61 0.88 -
TRINITY_DN5640_c0_g2_i1:499-681     -             61 334336at33208        -            407   2.8e-13   48.5  10.9   1   1   2.7e-15     3e-13   48.4  10.9   136   193     1    61     1    61 0.85 -
TRINITY_DN5640_c0_g2_i3:499-681     -             61 334336at33208        -            407   2.8e-13   48.5  10.9   1   1   2.7e-15     3e-13   48.4  10.9   136   193     1    61     1    61 0.85 -
TRINITY_DN5640_c0_g2_i4:499-681     -             61 334336at33208        -            407   2.8e-13   48.5  10.9   1   1   2.7e-15     3e-13   48.4  10.9   136   193     1    61     1    61 0.85 -
TRINITY_DN6220_c0_g1_i10:2008-2232  -             75 334336at33208        -            407     1e-12   46.7   8.9   1   1   1.3e-14   1.4e-12   46.2   8.9   137   197     1    73     1    75 0.79 -
TRINITY_DN6220_c0_g1_i11:550-774    -             75 334336at33208        -            407     1e-12   46.7   8.9   1   1   1.3e-14   1.4e-12   46.2   8.9   137   197     1    73     1    75 0.79 -
TRINITY_DN6220_c0_g1_i12:1572-1796  -             75 334336at33208        -            407     1e-12   46.7   8.9   1   1   1.3e-14   1.4e-12   46.2   8.9   137   197     1    73     1    75 0.79 -
TRINITY_DN6220_c0_g1_i13:1672-1896  -             75 334336at33208        -            407     1e-12   46.7   8.9   1   1   1.3e-14   1.4e-12   46.2   8.9   137   197     1    73     1    75 0.79 -
TRINITY_DN6220_c0_g1_i14:114-338    -             75 334336at33208        -            407     1e-12   46.7   8.9   1   1   1.3e-14   1.4e-12   46.2   8.9   137   197     1    73     1    75 0.79 -
TRINITY_DN6220_c0_g1_i16:2008-2232  -             75 334336at33208        -            407     1e-12   46.7   8.9   1   1   1.3e-14   1.4e-12   46.2   8.9   137   197     1    73     1    75 0.79 -
TRINITY_DN6220_c0_g1_i17:694-918    -             75 334336at33208        -            407     1e-12   46.7   8.9   1   1   1.3e-14   1.4e-12   46.2   8.9   137   197     1    73     1    75 0.79 -
TRINITY_DN6220_c0_g1_i18:2152-2376  -             75 334336at33208        -            407     1e-12   46.7   8.9   1   1   1.3e-14   1.4e-12   46.2   8.9   137   197     1    73     1    75 0.79 -
TRINITY_DN6220_c0_g1_i7:2116-2340   -             75 334336at33208        -            407     1e-12   46.7   8.9   1   1   1.3e-14   1.4e-12   46.2   8.9   137   197     1    73     1    75 0.79 -
TRINITY_DN6220_c0_g1_i8:1972-2196   -             75 334336at33208        -            407     1e-12   46.7   8.9   1   1   1.3e-14   1.4e-12   46.2   8.9   137   197     1    73     1    75 0.79 -
TRINITY_DN3895_c0_g1_i1:275-418     -             48 334336at33208        -            407   8.3e-12   43.7   3.0   1   1   8.2e-14   8.9e-12   43.6   3.0   158   198     1    40     1    46 0.88 -
TRINITY_DN4439_c0_g1_i1:344-502     -             53 334336at33208        -            407   4.2e-11   41.3  11.8   1   1   4.1e-13   4.4e-11   41.3  11.8   145   195     1    52     1    53 0.94 -
TRINITY_DN4439_c0_g1_i6:344-502     -             53 334336at33208        -            407   4.2e-11   41.3  11.8   1   1   4.1e-13   4.4e-11   41.3  11.8   145   195     1    52     1    53 0.94 -
TRINITY_DN122029_c0_g1_i1:961-1254  -             98 334336at33208        -            407   7.1e-11   40.6   5.2   1   2   6.5e-13   7.1e-11   40.6   5.2   141   178     6    43     1    54 0.87 -
TRINITY_DN122029_c0_g1_i1:961-1254  -             98 334336at33208        -            407   7.1e-11   40.6   5.2   2   2         8   8.7e+02   -2.5   0.1   189   205    75    91    64    96 0.65 -
TRINITY_DN33268_c0_g1_i3:120-1169   -            350 334336at33208        -            407   1.5e-10   39.5   7.8   1   1   1.4e-12   1.5e-10   39.5   7.8   144   208     2    66     1    74 0.89 -
TRINITY_DN13563_c0_g1_i10:2333-2506 -             58 334336at33208        -            407   2.3e-10   38.9  13.7   1   1   2.2e-12   2.4e-10   38.8  13.7   148   200     2    53     1    57 0.87 -
TRINITY_DN13563_c0_g1_i11:2333-2506 -             58 334336at33208        -            407   2.3e-10   38.9  13.7   1   1   2.2e-12   2.4e-10   38.8  13.7   148   200     2    53     1    57 0.87 -
TRINITY_DN13563_c0_g1_i4:2333-2506  -             58 334336at33208        -            407   2.3e-10   38.9  13.7   1   1   2.2e-12   2.4e-10   38.8  13.7   148   200     2    53     1    57 0.87 -
TRINITY_DN13563_c0_g1_i5:2333-2506  -             58 334336at33208        -            407   2.3e-10   38.9  13.7   1   1   2.2e-12   2.4e-10   38.8  13.7   148   200     2    53     1    57 0.87 -
TRINITY_DN13563_c0_g1_i8:2333-2506  -             58 334336at33208        -            407   2.3e-10   38.9  13.7   1   1   2.2e-12   2.4e-10   38.8  13.7   148   200     2    53     1    57 0.87 -
TRINITY_DN28945_c0_g1_i1:2231-2383  -             51 334336at33208        -            407     1e-09   36.8   3.5   1   1   9.2e-12     1e-09   36.8   3.5   151   196     4    50     1    51 0.88 -
TRINITY_DN18074_c0_g1_i1:545-724    -             60 334336at33208        -            407   5.5e-09   34.4   5.7   1   1   5.2e-11   5.7e-09   34.3   5.7   140   173    27    60    14    60 0.90 -
TRINITY_DN4439_c0_g1_i1:836-1039    -             68 334336at33208        -            407   6.1e-09   34.2   1.9   1   1   5.5e-11   6.1e-09   34.2   1.9   144   176    29    61     9    68 0.83 -
TRINITY_DN4439_c0_g1_i6:836-1039    -             68 334336at33208        -            407   6.1e-09   34.2   1.9   1   1   5.5e-11   6.1e-09   34.2   1.9   144   176    29    61     9    68 0.83 -
TRINITY_DN7869_c0_g1_i1:2419-2844   -            142 334336at33208        -            407   2.3e-08   32.3   0.1   1   1   2.6e-10   2.8e-08   32.0   0.1    31   119    42   141    10   142 0.69 -
TRINITY_DN7869_c0_g1_i3:2072-2497   -            142 334336at33208        -            407   2.3e-08   32.3   0.1   1   1   2.6e-10   2.8e-08   32.0   0.1    31   119    42   141    10   142 0.69 -
TRINITY_DN17264_c0_g1_i2:636-1337   -            234 334336at33208        -            407       5.5    4.7  15.0   1   2      0.16        18    3.0   4.0   144   200    52   114    44   148 0.73 -
TRINITY_DN17264_c0_g1_i2:636-1337   -            234 334336at33208        -            407       5.5    4.7  15.0   2   2     0.008      0.88    7.4   3.2   125   170   180   225   168   229 0.79 -
#
# Program:         hmmsearch
# Version:         3.1b2 (February 2015)
# Pipeline mode:   SEARCH
# Query file:      /busco_wd/busco_downloads/lineages/metazoa_odb10/hmms/334336at33208.hmm
# Target file:     /busco_wd/BUSCO/run_metazoa_odb10/metaeuk_output/initial_results/Trinity.fasta.modified.fas
# Option settings: hmmsearch --domtblout /busco_wd/BUSCO/run_metazoa_odb10/hmmer_output/initial_run_results/334336at33208.out --cpu 1 /busco_wd/busco_downloads/lineages/metazoa_odb10/hmms/334336at33208.hmm /busco_wd/BUSCO/run_metazoa_odb10/metaeuk_output/initial_results/Trinity.fasta.modified.fas 
# Current dir:     /busco_wd
# Date:            Tue Nov 23 09:02:02 2021
# [ok]
