#                                                                                          --- full sequence --- -------------- this domain -------------   hmm coord   ali coord   env coord
# target name                      accession   tlen query name           accession   qlen   E-value  score  bias   #  of  c-Evalue  i-Evalue  score  bias  from    to  from    to  from    to  acc description of target
#              ------------------- ---------- ----- -------------------- ---------- ----- --------- ------ ----- --- --- --------- --------- ------ ----- ----- ----- ----- ----- ----- ----- ---- ---------------------
TRINITY_DN7211_c0_g1_i1:274-1512   -            413 334820at33208        -            316  1.6e-125  417.5   4.0   1   1  1.6e-127    2e-125  417.1   4.0     7   316    12   363     6   363 0.89 -
TRINITY_DN7211_c0_g1_i3:274-1512   -            413 334820at33208        -            316  1.6e-125  417.5   4.0   1   1  1.6e-127    2e-125  417.1   4.0     7   316    12   363     6   363 0.89 -
TRINITY_DN7211_c0_g1_i4:272-1510   -            413 334820at33208        -            316  1.6e-125  417.5   4.0   1   1  1.6e-127    2e-125  417.1   4.0     7   316    12   363     6   363 0.89 -
TRINITY_DN23587_c0_g1_i1:225-1721  -            499 334820at33208        -            316   1.3e-15   56.4   3.4   1   1   2.4e-17     3e-15   55.2   3.1    95   275   203   408   183   425 0.81 -
TRINITY_DN9090_c0_g1_i1:386-3328   -            981 334820at33208        -            316   5.8e-15   54.2  10.4   1   2   1.5e-07   1.8e-05   23.0   1.5    45   210    93   284    71   304 0.68 -
TRINITY_DN9090_c0_g1_i1:386-3328   -            981 334820at33208        -            316   5.8e-15   54.2  10.4   2   2   3.8e-10   4.8e-08   31.5   3.2   126   293   293   476   291   486 0.84 -
TRINITY_DN9090_c0_g1_i2:386-3450   -            981 334820at33208        -            316   5.8e-15   54.2  10.4   1   2   1.5e-07   1.8e-05   23.0   1.5    45   210    93   284    71   304 0.68 -
TRINITY_DN9090_c0_g1_i2:386-3450   -            981 334820at33208        -            316   5.8e-15   54.2  10.4   2   2   3.8e-10   4.8e-08   31.5   3.2   126   293   293   476   291   486 0.84 -
TRINITY_DN23587_c0_g1_i3:225-926   -            234 334820at33208        -            316     3e-12   45.3   1.6   1   1   5.5e-14   6.9e-12   44.1   1.0   146   275     3   143     1   150 0.83 -
TRINITY_DN6559_c0_g1_i4:1-1866     -            622 334820at33208        -            316     8e-10   37.3  14.2   1   4   0.00038     0.047   11.8   0.3   193   281     8   106     3   139 0.75 -
TRINITY_DN6559_c0_g1_i4:1-1866     -            622 334820at33208        -            316     8e-10   37.3  14.2   2   4   0.00095      0.12   10.5   1.3    22   123   230   340   223   341 0.70 -
TRINITY_DN6559_c0_g1_i4:1-1866     -            622 334820at33208        -            316     8e-10   37.3  14.2   3   4   7.8e-08   9.6e-06   23.9   0.5    41   125   321   410   315   414 0.90 -
TRINITY_DN6559_c0_g1_i4:1-1866     -            622 334820at33208        -            316     8e-10   37.3  14.2   4   4     0.021       2.7    6.0   0.1   108   161   439   495   430   523 0.83 -
TRINITY_DN6559_c0_g1_i23:41-3000   -            815 334820at33208        -            316   2.3e-09   35.8  14.2   1   4   0.00038     0.047   11.8   0.4   192   281   200   299   182   332 0.76 -
TRINITY_DN6559_c0_g1_i23:41-3000   -            815 334820at33208        -            316   2.3e-09   35.8  14.2   2   4    0.0011      0.14   10.3   1.1    22   124   423   534   417   535 0.70 -
TRINITY_DN6559_c0_g1_i23:41-3000   -            815 334820at33208        -            316   2.3e-09   35.8  14.2   3   4   1.1e-07   1.4e-05   23.4   0.5    41   125   514   603   507   607 0.90 -
TRINITY_DN6559_c0_g1_i23:41-3000   -            815 334820at33208        -            316   2.3e-09   35.8  14.2   4   4     0.031       3.8    5.5   0.1   108   161   632   688   623   715 0.83 -
TRINITY_DN6559_c0_g1_i18:41-2530   -            830 334820at33208        -            316   2.4e-09   35.8  14.1   1   4   0.00039     0.049   11.8   0.4   192   281   215   314   197   347 0.76 -
TRINITY_DN6559_c0_g1_i18:41-2530   -            830 334820at33208        -            316   2.4e-09   35.8  14.1   2   4    0.0011      0.14   10.2   1.1    22   124   438   549   432   550 0.70 -
TRINITY_DN6559_c0_g1_i18:41-2530   -            830 334820at33208        -            316   2.4e-09   35.8  14.1   3   4   1.1e-07   1.4e-05   23.4   0.5    41   125   529   618   522   622 0.90 -
TRINITY_DN6559_c0_g1_i18:41-2530   -            830 334820at33208        -            316   2.4e-09   35.8  14.1   4   4     0.032       3.9    5.5   0.1   108   161   647   703   638   730 0.83 -
TRINITY_DN6559_c0_g1_i2:41-2530    -            830 334820at33208        -            316   2.4e-09   35.8  14.1   1   4   0.00039     0.049   11.8   0.4   192   281   215   314   197   347 0.76 -
TRINITY_DN6559_c0_g1_i2:41-2530    -            830 334820at33208        -            316   2.4e-09   35.8  14.1   2   4    0.0011      0.14   10.2   1.1    22   124   438   549   432   550 0.70 -
TRINITY_DN6559_c0_g1_i2:41-2530    -            830 334820at33208        -            316   2.4e-09   35.8  14.1   3   4   1.1e-07   1.4e-05   23.4   0.5    41   125   529   618   522   622 0.90 -
TRINITY_DN6559_c0_g1_i2:41-2530    -            830 334820at33208        -            316   2.4e-09   35.8  14.1   4   4     0.032       3.9    5.5   0.1   108   161   647   703   638   730 0.83 -
TRINITY_DN6559_c0_g1_i1:41-2599    -            853 334820at33208        -            316   3.1e-09   35.4  14.2   1   4   0.00045     0.056   11.5   0.3   192   281   238   337   228   370 0.76 -
TRINITY_DN6559_c0_g1_i1:41-2599    -            853 334820at33208        -            316   3.1e-09   35.4  14.2   2   4    0.0015      0.19    9.8   1.3    22   123   461   571   454   572 0.70 -
TRINITY_DN6559_c0_g1_i1:41-2599    -            853 334820at33208        -            316   3.1e-09   35.4  14.2   3   4   1.1e-07   1.4e-05   23.4   0.5    41   125   552   641   545   645 0.90 -
TRINITY_DN6559_c0_g1_i1:41-2599    -            853 334820at33208        -            316   3.1e-09   35.4  14.2   4   4     0.033       4.1    5.4   0.1   108   161   670   726   661   753 0.83 -
TRINITY_DN19979_c0_g1_i2:201-2288  -            696 334820at33208        -            316   1.4e-08   33.2   0.3   1   3    0.0034      0.42    8.7   0.0   243   281   441   479   432   489 0.92 -
TRINITY_DN19979_c0_g1_i2:201-2288  -            696 334820at33208        -            316   1.4e-08   33.2   0.3   2   3    0.0014      0.17   10.0   0.4   197   280   497   580   480   583 0.91 -
TRINITY_DN19979_c0_g1_i2:201-2288  -            696 334820at33208        -            316   1.4e-08   33.2   0.3   3   3     0.001      0.13   10.4   0.0    39   105   616   684   599   694 0.63 -
TRINITY_DN22587_c0_g1_i6:303-2735  -            811 334820at33208        -            316   5.1e-08   31.4   3.1   1   3   7.6e-05    0.0094   14.1   0.1   186   279   481   578   465   595 0.80 -
TRINITY_DN22587_c0_g1_i6:303-2735  -            811 334820at33208        -            316   5.1e-08   31.4   3.1   2   3   0.00015     0.018   13.2   0.3    43   165   596   741   587   769 0.48 -
TRINITY_DN22587_c0_g1_i6:303-2735  -            811 334820at33208        -            316   5.1e-08   31.4   3.1   3   3    0.0063      0.78    7.8   0.2    71   165   697   741   643   810 0.61 -
TRINITY_DN6409_c0_g1_i6:1555-2916  -            454 334820at33208        -            316   1.5e-07   29.8   1.0   1   4     0.059       7.4    4.6   0.0   134   171    25    62     3    72 0.82 -
TRINITY_DN6409_c0_g1_i6:1555-2916  -            454 334820at33208        -            316   1.5e-07   29.8   1.0   2   4   0.00099      0.12   10.4   0.0    34   115    77   162    71   188 0.84 -
TRINITY_DN6409_c0_g1_i6:1555-2916  -            454 334820at33208        -            316   1.5e-07   29.8   1.0   3   4         1   1.2e+02    0.6   0.1    84   225   164   308   158   313 0.60 -
TRINITY_DN6409_c0_g1_i6:1555-2916  -            454 334820at33208        -            316   1.5e-07   29.8   1.0   4   4    0.0017      0.21    9.7   0.0   143   185   380   424   368   451 0.80 -
TRINITY_DN2257_c0_g1_i1:96-2507    -            804 334820at33208        -            316   4.2e-07   28.4   0.6   1   2       2.4     3e+02   -0.7   0.1    88   149   204   266   185   277 0.75 -
TRINITY_DN2257_c0_g1_i1:96-2507    -            804 334820at33208        -            316   4.2e-07   28.4   0.6   2   2   3.4e-09   4.2e-07   28.4   0.6    67   280   410   634   383   658 0.80 -
TRINITY_DN2257_c0_g1_i6:130-2541   -            804 334820at33208        -            316   4.2e-07   28.4   0.6   1   2       2.4     3e+02   -0.7   0.1    88   149   204   266   185   277 0.75 -
TRINITY_DN2257_c0_g1_i6:130-2541   -            804 334820at33208        -            316   4.2e-07   28.4   0.6   2   2   3.4e-09   4.2e-07   28.4   0.6    67   280   410   634   383   658 0.80 -
TRINITY_DN6409_c0_g1_i7:1555-2916  -            454 334820at33208        -            316   4.4e-07   28.3   1.2   1   4      0.14        17    3.4   0.0   136   171    27    62     4    75 0.80 -
TRINITY_DN6409_c0_g1_i7:1555-2916  -            454 334820at33208        -            316   4.4e-07   28.3   1.2   2   4   0.00099      0.12   10.4   0.0    34   115    77   162    71   188 0.84 -
TRINITY_DN6409_c0_g1_i7:1555-2916  -            454 334820at33208        -            316   4.4e-07   28.3   1.2   3   4      0.99   1.2e+02    0.6   0.1    84   225   164   308   158   313 0.60 -
TRINITY_DN6409_c0_g1_i7:1555-2916  -            454 334820at33208        -            316   4.4e-07   28.3   1.2   4   4    0.0017      0.21    9.7   0.0   143   185   380   424   368   451 0.80 -
TRINITY_DN6409_c0_g1_i2:1555-2940  -            462 334820at33208        -            316   5.5e-07   28.0   1.3   1   4      0.14        18    3.4   0.0   136   171    27    62     4    75 0.80 -
TRINITY_DN6409_c0_g1_i2:1555-2940  -            462 334820at33208        -            316   5.5e-07   28.0   1.3   2   4   0.00095      0.12   10.5   0.0    34   115    77   162    70   189 0.83 -
TRINITY_DN6409_c0_g1_i2:1555-2940  -            462 334820at33208        -            316   5.5e-07   28.0   1.3   3   4       1.1   1.3e+02    0.5   0.0    84   225   164   308   161   313 0.59 -
TRINITY_DN6409_c0_g1_i2:1555-2940  -            462 334820at33208        -            316   5.5e-07   28.0   1.3   4   4    0.0016       0.2    9.7   0.0   143   185   387   431   374   459 0.80 -
TRINITY_DN6409_c0_g1_i3:1555-2940  -            462 334820at33208        -            316   5.5e-07   28.0   1.3   1   4      0.14        18    3.4   0.0   136   171    27    62     4    75 0.80 -
TRINITY_DN6409_c0_g1_i3:1555-2940  -            462 334820at33208        -            316   5.5e-07   28.0   1.3   2   4   0.00095      0.12   10.5   0.0    34   115    77   162    70   189 0.83 -
TRINITY_DN6409_c0_g1_i3:1555-2940  -            462 334820at33208        -            316   5.5e-07   28.0   1.3   3   4       1.1   1.3e+02    0.5   0.0    84   225   164   308   161   313 0.59 -
TRINITY_DN6409_c0_g1_i3:1555-2940  -            462 334820at33208        -            316   5.5e-07   28.0   1.3   4   4    0.0016       0.2    9.7   0.0   143   185   387   431   374   459 0.80 -
TRINITY_DN6860_c0_g1_i12:1083-1565 -            161 334820at33208        -            316   1.1e-06   27.0   4.6   1   3       2.8   3.5e+02   -0.9   0.0   132   152     4    24     1    30 0.58 -
TRINITY_DN6860_c0_g1_i12:1083-1565 -            161 334820at33208        -            316   1.1e-06   27.0   4.6   2   3   8.9e-06    0.0011   17.2   0.5   124   187    27    96     8   104 0.81 -
TRINITY_DN6860_c0_g1_i12:1083-1565 -            161 334820at33208        -            316   1.1e-06   27.0   4.6   3   3   0.00041      0.05   11.7   0.4    42   101    99   159    95   161 0.79 -
TRINITY_DN6860_c0_g1_i17:1083-1565 -            161 334820at33208        -            316   1.1e-06   27.0   4.6   1   3       2.8   3.5e+02   -0.9   0.0   132   152     4    24     1    30 0.58 -
TRINITY_DN6860_c0_g1_i17:1083-1565 -            161 334820at33208        -            316   1.1e-06   27.0   4.6   2   3   8.9e-06    0.0011   17.2   0.5   124   187    27    96     8   104 0.81 -
TRINITY_DN6860_c0_g1_i17:1083-1565 -            161 334820at33208        -            316   1.1e-06   27.0   4.6   3   3   0.00041      0.05   11.7   0.4    42   101    99   159    95   161 0.79 -
TRINITY_DN6860_c0_g1_i1:1249-1731  -            161 334820at33208        -            316   1.1e-06   27.0   4.6   1   3       2.8   3.5e+02   -0.9   0.0   132   152     4    24     1    30 0.58 -
TRINITY_DN6860_c0_g1_i1:1249-1731  -            161 334820at33208        -            316   1.1e-06   27.0   4.6   2   3   8.9e-06    0.0011   17.2   0.5   124   187    27    96     8   104 0.81 -
TRINITY_DN6860_c0_g1_i1:1249-1731  -            161 334820at33208        -            316   1.1e-06   27.0   4.6   3   3   0.00041      0.05   11.7   0.4    42   101    99   159    95   161 0.79 -
TRINITY_DN6860_c0_g1_i5:1048-1530  -            161 334820at33208        -            316   1.1e-06   27.0   4.6   1   3       2.8   3.5e+02   -0.9   0.0   132   152     4    24     1    30 0.58 -
TRINITY_DN6860_c0_g1_i5:1048-1530  -            161 334820at33208        -            316   1.1e-06   27.0   4.6   2   3   8.9e-06    0.0011   17.2   0.5   124   187    27    96     8   104 0.81 -
TRINITY_DN6860_c0_g1_i5:1048-1530  -            161 334820at33208        -            316   1.1e-06   27.0   4.6   3   3   0.00041      0.05   11.7   0.4    42   101    99   159    95   161 0.79 -
TRINITY_DN6860_c0_g1_i8:1083-1565  -            161 334820at33208        -            316   1.1e-06   27.0   4.6   1   3       2.8   3.5e+02   -0.9   0.0   132   152     4    24     1    30 0.58 -
TRINITY_DN6860_c0_g1_i8:1083-1565  -            161 334820at33208        -            316   1.1e-06   27.0   4.6   2   3   8.9e-06    0.0011   17.2   0.5   124   187    27    96     8   104 0.81 -
TRINITY_DN6860_c0_g1_i8:1083-1565  -            161 334820at33208        -            316   1.1e-06   27.0   4.6   3   3   0.00041      0.05   11.7   0.4    42   101    99   159    95   161 0.79 -
TRINITY_DN6860_c0_g1_i9:1083-1565  -            161 334820at33208        -            316   1.1e-06   27.0   4.6   1   3       2.8   3.5e+02   -0.9   0.0   132   152     4    24     1    30 0.58 -
TRINITY_DN6860_c0_g1_i9:1083-1565  -            161 334820at33208        -            316   1.1e-06   27.0   4.6   2   3   8.9e-06    0.0011   17.2   0.5   124   187    27    96     8   104 0.81 -
TRINITY_DN6860_c0_g1_i9:1083-1565  -            161 334820at33208        -            316   1.1e-06   27.0   4.6   3   3   0.00041      0.05   11.7   0.4    42   101    99   159    95   161 0.79 -
TRINITY_DN11637_c0_g1_i2:370-1161  -            264 334820at33208        -            316   1.2e-06   26.9   8.6   1   4       1.1   1.4e+02    0.4   0.1    74   102     5    33     4    44 0.87 -
TRINITY_DN11637_c0_g1_i2:370-1161  -            264 334820at33208        -            316   1.2e-06   26.9   8.6   2   4     0.099        12    3.9   0.1   212   245    69   102    61   118 0.68 -
TRINITY_DN11637_c0_g1_i2:370-1161  -            264 334820at33208        -            316   1.2e-06   26.9   8.6   3   4     8e-07   9.9e-05   20.6   1.9   196   282   118   207   107   209 0.86 -
TRINITY_DN11637_c0_g1_i2:370-1161  -            264 334820at33208        -            316   1.2e-06   26.9   8.6   4   4    0.0026      0.33    9.0   0.0    51   114   185   253   180   261 0.76 -
TRINITY_DN11637_c0_g1_i3:370-1161  -            264 334820at33208        -            316   1.2e-06   26.9   8.6   1   4       1.1   1.4e+02    0.4   0.1    74   102     5    33     4    44 0.87 -
TRINITY_DN11637_c0_g1_i3:370-1161  -            264 334820at33208        -            316   1.2e-06   26.9   8.6   2   4     0.099        12    3.9   0.1   212   245    69   102    61   118 0.68 -
TRINITY_DN11637_c0_g1_i3:370-1161  -            264 334820at33208        -            316   1.2e-06   26.9   8.6   3   4     8e-07   9.9e-05   20.6   1.9   196   282   118   207   107   209 0.86 -
TRINITY_DN11637_c0_g1_i3:370-1161  -            264 334820at33208        -            316   1.2e-06   26.9   8.6   4   4    0.0026      0.33    9.0   0.0    51   114   185   253   180   261 0.76 -
TRINITY_DN19979_c0_g1_i1:222-908   -            229 334820at33208        -            316   1.2e-06   26.9   0.5   1   3     0.036       4.5    5.3   0.0   248   281     2    35     1    49 0.81 -
TRINITY_DN19979_c0_g1_i1:222-908   -            229 334820at33208        -            316   1.2e-06   26.9   0.5   2   3   0.00021     0.026   12.7   0.4   196   280    52   136    36   138 0.91 -
TRINITY_DN19979_c0_g1_i1:222-908   -            229 334820at33208        -            316   1.2e-06   26.9   0.5   3   3     0.031       3.8    5.5   0.0   138   264   189   222   160   228 0.60 -
TRINITY_DN22587_c0_g1_i1:351-1154  -            268 334820at33208        -            316   1.3e-06   26.8   1.1   1   2     0.093        12    4.0   0.0   232   279     4    51     1    70 0.71 -
TRINITY_DN22587_c0_g1_i1:351-1154  -            268 334820at33208        -            316   1.3e-06   26.8   1.1   2   2   1.2e-05    0.0015   16.7   0.2    43   185    69   236    66   252 0.55 -
TRINITY_DN9492_c0_g1_i10:5040-5900 -            287 334820at33208        -            316   3.5e-06   25.4   5.5   1   2   2.7e-06   0.00034   18.8   3.9   104   285    30   239     5   270 0.70 -
TRINITY_DN9492_c0_g1_i10:5040-5900 -            287 334820at33208        -            316   3.5e-06   25.4   5.5   2   2       0.1        13    3.8   0.1   152   251   232   272   221   286 0.49 -
TRINITY_DN9492_c0_g1_i2:5034-5894  -            287 334820at33208        -            316   3.5e-06   25.4   5.5   1   2   2.7e-06   0.00034   18.8   3.9   104   285    30   239     5   270 0.70 -
TRINITY_DN9492_c0_g1_i2:5034-5894  -            287 334820at33208        -            316   3.5e-06   25.4   5.5   2   2       0.1        13    3.8   0.1   152   251   232   272   221   286 0.49 -
TRINITY_DN9492_c0_g1_i3:5040-5900  -            287 334820at33208        -            316   3.5e-06   25.4   5.5   1   2   2.7e-06   0.00034   18.8   3.9   104   285    30   239     5   270 0.70 -
TRINITY_DN9492_c0_g1_i3:5040-5900  -            287 334820at33208        -            316   3.5e-06   25.4   5.5   2   2       0.1        13    3.8   0.1   152   251   232   272   221   286 0.49 -
TRINITY_DN19975_c0_g1_i3:317-1258  -            314 334820at33208        -            316     1e-05   23.9   0.7   1   2      0.34        43    2.1   0.0   135   214    17   105     3   110 0.56 -
TRINITY_DN19975_c0_g1_i3:317-1258  -            314 334820at33208        -            316     1e-05   23.9   0.7   2   2   2.4e-06    0.0003   19.0   0.2    51   134   169   258   152   285 0.74 -
TRINITY_DN19975_c0_g1_i6:317-1258  -            314 334820at33208        -            316     1e-05   23.9   0.7   1   2      0.34        43    2.1   0.0   135   214    17   105     3   110 0.56 -
TRINITY_DN19975_c0_g1_i6:317-1258  -            314 334820at33208        -            316     1e-05   23.9   0.7   2   2   2.4e-06    0.0003   19.0   0.2    51   134   169   258   152   285 0.74 -
TRINITY_DN19975_c0_g1_i7:317-1258  -            314 334820at33208        -            316     1e-05   23.9   0.7   1   2      0.34        43    2.1   0.0   135   214    17   105     3   110 0.56 -
TRINITY_DN19975_c0_g1_i7:317-1258  -            314 334820at33208        -            316     1e-05   23.9   0.7   2   2   2.4e-06    0.0003   19.0   0.2    51   134   169   258   152   285 0.74 -
TRINITY_DN5444_c0_g1_i17:1359-3338 -            660 334820at33208        -            316   1.4e-05   23.4   3.3   1   2   5.7e-06   0.00071   17.8   0.6   237   297   503   567   436   573 0.81 -
TRINITY_DN5444_c0_g1_i17:1359-3338 -            660 334820at33208        -            316   1.4e-05   23.4   3.3   2   2     0.037       4.6    5.3   0.1    30   101   574   646   569   659 0.67 -
TRINITY_DN7100_c0_g1_i1:436-2031   -            532 334820at33208        -            316   1.8e-05   23.1   0.5   1   3       0.1        13    3.8   0.0    33    68   142   177   134   183 0.85 -
TRINITY_DN7100_c0_g1_i1:436-2031   -            532 334820at33208        -            316   1.8e-05   23.1   0.5   2   3      0.19        23    3.0   0.1    17   102   251   341   246   348 0.72 -
TRINITY_DN7100_c0_g1_i1:436-2031   -            532 334820at33208        -            316   1.8e-05   23.1   0.5   3   3   6.3e-05    0.0079   14.4   0.1   195   297   322   431   315   442 0.77 -
TRINITY_DN7100_c0_g1_i2:435-2030   -            532 334820at33208        -            316   1.8e-05   23.1   0.5   1   3       0.1        13    3.8   0.0    33    68   142   177   134   183 0.85 -
TRINITY_DN7100_c0_g1_i2:435-2030   -            532 334820at33208        -            316   1.8e-05   23.1   0.5   2   3      0.19        23    3.0   0.1    17   102   251   341   246   348 0.72 -
TRINITY_DN7100_c0_g1_i2:435-2030   -            532 334820at33208        -            316   1.8e-05   23.1   0.5   3   3   6.3e-05    0.0079   14.4   0.1   195   297   322   431   315   442 0.77 -
TRINITY_DN7100_c0_g1_i4:435-2030   -            532 334820at33208        -            316   1.8e-05   23.1   0.5   1   3       0.1        13    3.8   0.0    33    68   142   177   134   183 0.85 -
TRINITY_DN7100_c0_g1_i4:435-2030   -            532 334820at33208        -            316   1.8e-05   23.1   0.5   2   3      0.19        23    3.0   0.1    17   102   251   341   246   348 0.72 -
TRINITY_DN7100_c0_g1_i4:435-2030   -            532 334820at33208        -            316   1.8e-05   23.1   0.5   3   3   6.3e-05    0.0079   14.4   0.1   195   297   322   431   315   442 0.77 -
TRINITY_DN7100_c0_g1_i5:435-2030   -            532 334820at33208        -            316   1.8e-05   23.1   0.5   1   3       0.1        13    3.8   0.0    33    68   142   177   134   183 0.85 -
TRINITY_DN7100_c0_g1_i5:435-2030   -            532 334820at33208        -            316   1.8e-05   23.1   0.5   2   3      0.19        23    3.0   0.1    17   102   251   341   246   348 0.72 -
TRINITY_DN7100_c0_g1_i5:435-2030   -            532 334820at33208        -            316   1.8e-05   23.1   0.5   3   3   6.3e-05    0.0079   14.4   0.1   195   297   322   431   315   442 0.77 -
TRINITY_DN2818_c1_g3_i1:726-1445   -            240 334820at33208        -            316   4.4e-05   21.8   5.2   1   3     0.024         3    5.9   0.1   195   242    13    63     3    71 0.82 -
TRINITY_DN2818_c1_g3_i1:726-1445   -            240 334820at33208        -            316   4.4e-05   21.8   5.2   2   3       1.1   1.3e+02    0.5   0.1    77    97    82   102    69   117 0.60 -
TRINITY_DN2818_c1_g3_i1:726-1445   -            240 334820at33208        -            316   4.4e-05   21.8   5.2   3   3   0.00025     0.031   12.4   0.2    65   155   130   238   119   240 0.55 -
TRINITY_DN964_c0_g1_i1:1289-1798   -            170 334820at33208        -            316   0.00013   20.2   0.6   1   1   1.6e-06    0.0002   19.6   0.6   171   292     2   132     1   153 0.79 -
TRINITY_DN964_c0_g1_i5:1289-1798   -            170 334820at33208        -            316   0.00013   20.2   0.6   1   1   1.6e-06    0.0002   19.6   0.6   171   292     2   132     1   153 0.79 -
TRINITY_DN9492_c0_g1_i10:3378-4199 -            274 334820at33208        -            316   0.00034   18.8   0.0   1   2     5e-05    0.0062   14.7   0.0    42   120    31   114    28   125 0.80 -
TRINITY_DN9492_c0_g1_i10:3378-4199 -            274 334820at33208        -            316   0.00034   18.8   0.0   2   2      0.23        29    2.7   0.0    42   121    99   183    94   194 0.71 -
TRINITY_DN9492_c0_g1_i2:3372-4193  -            274 334820at33208        -            316   0.00034   18.8   0.0   1   2     5e-05    0.0062   14.7   0.0    42   120    31   114    28   125 0.80 -
TRINITY_DN9492_c0_g1_i2:3372-4193  -            274 334820at33208        -            316   0.00034   18.8   0.0   2   2      0.23        29    2.7   0.0    42   121    99   183    94   194 0.71 -
TRINITY_DN9492_c0_g1_i3:3378-4199  -            274 334820at33208        -            316   0.00034   18.8   0.0   1   2     5e-05    0.0062   14.7   0.0    42   120    31   114    28   125 0.80 -
TRINITY_DN9492_c0_g1_i3:3378-4199  -            274 334820at33208        -            316   0.00034   18.8   0.0   2   2      0.23        29    2.7   0.0    42   121    99   183    94   194 0.71 -
TRINITY_DN1138_c1_g2_i2:1947-3290  -            448 334820at33208        -            316   0.00047   18.4   0.2   1   2      0.66        82    1.2   0.0   172   207   280   320   257   336 0.51 -
TRINITY_DN1138_c1_g2_i2:1947-3290  -            448 334820at33208        -            316   0.00047   18.4   0.2   2   2   5.2e-05    0.0065   14.6   0.1    45    95   340   392   331   415 0.90 -
TRINITY_DN1138_c1_g2_i5:1947-3290  -            448 334820at33208        -            316   0.00054   18.2   0.2   1   2      0.84     1e+02    0.8   0.0   172   204   280   317   256   328 0.45 -
TRINITY_DN1138_c1_g2_i5:1947-3290  -            448 334820at33208        -            316   0.00054   18.2   0.2   2   2   5.9e-05    0.0073   14.5   0.1    45    95   340   392   331   397 0.89 -
TRINITY_DN1138_c1_g2_i7:1947-3290  -            448 334820at33208        -            316   0.00054   18.2   0.2   1   2      0.84     1e+02    0.8   0.0   172   204   280   317   256   328 0.45 -
TRINITY_DN1138_c1_g2_i7:1947-3290  -            448 334820at33208        -            316   0.00054   18.2   0.2   2   2   5.9e-05    0.0073   14.5   0.1    45    95   340   392   331   397 0.89 -
TRINITY_DN2818_c1_g3_i1:33-404     -            124 334820at33208        -            316   0.00055   18.2   0.1   1   2     0.014       1.7    6.7   0.0   138   170    18    50     8    67 0.81 -
TRINITY_DN2818_c1_g3_i1:33-404     -            124 334820at33208        -            316   0.00055   18.2   0.1   2   2    0.0016       0.2    9.7   0.0   133   170    81   118    70   121 0.87 -
TRINITY_DN18477_c0_g1_i1:471-1547  -            359 334820at33208        -            316   0.00055   18.1   0.4   1   2    0.0044      0.55    8.3   0.3    80   180   107   159    12   169 0.66 -
TRINITY_DN18477_c0_g1_i1:471-1547  -            359 334820at33208        -            316   0.00055   18.1   0.4   2   2    0.0025      0.31    9.1   0.0    47   137   140   235   137   239 0.80 -
TRINITY_DN18477_c0_g1_i2:471-1547  -            359 334820at33208        -            316   0.00055   18.1   0.4   1   2    0.0044      0.55    8.3   0.3    80   180   107   159    12   169 0.66 -
TRINITY_DN18477_c0_g1_i2:471-1547  -            359 334820at33208        -            316   0.00055   18.1   0.4   2   2    0.0025      0.31    9.1   0.0    47   137   140   235   137   239 0.80 -
TRINITY_DN23894_c0_g1_i3:2129-2398 -             90 334820at33208        -            316     0.001   17.3   0.0   1   1     1e-05    0.0012   17.0   0.0   139   189    17    69     4    86 0.79 -
TRINITY_DN23894_c0_g1_i4:101-331   -             77 334820at33208        -            316    0.0012   17.0   0.0   1   1     1e-05    0.0013   17.0   0.0   139   189     4    56     1    73 0.90 -
TRINITY_DN53587_c0_g1_i1:9-551     -            181 334820at33208        -            316    0.0023   16.1   0.1   1   2     0.051       6.3    4.8   0.0   123   170    47    98     2   125 0.52 -
TRINITY_DN53587_c0_g1_i1:9-551     -            181 334820at33208        -            316    0.0023   16.1   0.1   2   2    0.0016      0.19    9.8   0.1    45    94   127   178   118   181 0.88 -
TRINITY_DN12947_c0_g1_i8:208-1401  -            398 334820at33208        -            316     0.004   15.3   0.9   1   2     0.057       7.1    4.6   0.6   125   193    99   167    13   187 0.53 -
TRINITY_DN12947_c0_g1_i8:208-1401  -            398 334820at33208        -            316     0.004   15.3   0.9   2   2     0.038       4.8    5.2   0.0   209   258   285   334   267   340 0.84 -
TRINITY_DN2762_c0_g1_i1:207-1025   -            273 334820at33208        -            316    0.0052   15.0   0.1   1   1    0.0001     0.013   13.7   0.1   137   258    19    81    11   130 0.64 -
TRINITY_DN2762_c0_g1_i4:207-1025   -            273 334820at33208        -            316    0.0052   15.0   0.1   1   1    0.0001     0.013   13.7   0.1   137   258    19    81    11   130 0.64 -
TRINITY_DN2762_c0_g1_i5:212-1030   -            273 334820at33208        -            316    0.0052   15.0   0.1   1   1    0.0001     0.013   13.7   0.1   137   258    19    81    11   130 0.64 -
TRINITY_DN2762_c0_g1_i7:207-1025   -            273 334820at33208        -            316    0.0052   15.0   0.1   1   1    0.0001     0.013   13.7   0.1   137   258    19    81    11   130 0.64 -
TRINITY_DN2762_c0_g1_i8:212-1030   -            273 334820at33208        -            316    0.0052   15.0   0.1   1   1    0.0001     0.013   13.7   0.1   137   258    19    81    11   130 0.64 -
TRINITY_DN2762_c0_g1_i2:2-707      -            211 334820at33208        -            316     0.015   13.5   0.0   1   1   0.00018     0.022   12.9   0.0   136   187    14    67     2    71 0.78 -
TRINITY_DN9972_c0_g1_i2:494-691    -             66 334820at33208        -            316     0.016   13.3   0.0   1   1   0.00015     0.018   13.2   0.0    75   122     1    51     1    65 0.67 -
TRINITY_DN9972_c0_g1_i4:494-691    -             66 334820at33208        -            316     0.016   13.3   0.0   1   1   0.00015     0.018   13.2   0.0    75   122     1    51     1    65 0.67 -
TRINITY_DN142352_c0_g1_i1:2-277    -             92 334820at33208        -            316     0.017   13.2   0.0   1   1   0.00019     0.023   12.8   0.0    81   130     3    56     1    92 0.60 -
TRINITY_DN1969_c0_g1_i10:1469-1768 -            100 334820at33208        -            316     0.021   12.9   0.9   1   1   0.00036     0.045   11.9   0.9    18   101    12    99     6   100 0.68 -
TRINITY_DN1969_c0_g1_i11:1501-1800 -            100 334820at33208        -            316     0.021   12.9   0.9   1   1   0.00036     0.045   11.9   0.9    18   101    12    99     6   100 0.68 -
TRINITY_DN1969_c0_g1_i12:1468-1767 -            100 334820at33208        -            316     0.021   12.9   0.9   1   1   0.00036     0.045   11.9   0.9    18   101    12    99     6   100 0.68 -
TRINITY_DN1969_c0_g1_i4:1469-1768  -            100 334820at33208        -            316     0.021   12.9   0.9   1   1   0.00036     0.045   11.9   0.9    18   101    12    99     6   100 0.68 -
TRINITY_DN1969_c0_g1_i7:1500-1799  -            100 334820at33208        -            316     0.021   12.9   0.9   1   1   0.00036     0.045   11.9   0.9    18   101    12    99     6   100 0.68 -
TRINITY_DN9972_c0_g1_i6:494-691    -             66 334820at33208        -            316     0.024   12.8   0.0   1   1   0.00022     0.027   12.6   0.0    79   270     5    53     1    65 0.46 -
TRINITY_DN17959_c0_g1_i2:320-1924  -            535 334820at33208        -            316     0.038   12.1   1.3   1   2       1.6     2e+02   -0.1   0.0   243   291     9    59     4    63 0.84 -
TRINITY_DN17959_c0_g1_i2:320-1924  -            535 334820at33208        -            316     0.038   12.1   1.3   2   2    0.0011      0.14   10.2   0.5   224   300    80   160    52   174 0.83 -
TRINITY_DN17959_c0_g1_i9:320-1924  -            535 334820at33208        -            316     0.038   12.1   1.3   1   2       1.6     2e+02   -0.1   0.0   243   291     9    59     4    63 0.84 -
TRINITY_DN17959_c0_g1_i9:320-1924  -            535 334820at33208        -            316     0.038   12.1   1.3   2   2    0.0011      0.14   10.2   0.5   224   300    80   160    52   174 0.83 -
#
# Program:         hmmsearch
# Version:         3.1b2 (February 2015)
# Pipeline mode:   SEARCH
# Query file:      /busco_wd/busco_downloads/lineages/metazoa_odb10/hmms/334820at33208.hmm
# Target file:     /busco_wd/BUSCO/run_metazoa_odb10/metaeuk_output/initial_results/Trinity.fasta.modified.fas
# Option settings: hmmsearch --domtblout /busco_wd/BUSCO/run_metazoa_odb10/hmmer_output/initial_run_results/334820at33208.out --cpu 1 /busco_wd/busco_downloads/lineages/metazoa_odb10/hmms/334820at33208.hmm /busco_wd/BUSCO/run_metazoa_odb10/metaeuk_output/initial_results/Trinity.fasta.modified.fas 
# Current dir:     /busco_wd
# Date:            Tue Nov 23 09:02:03 2021
# [ok]
