#                                                                                           --- full sequence --- -------------- this domain -------------   hmm coord   ali coord   env coord
# target name                       accession   tlen query name           accession   qlen   E-value  score  bias   #  of  c-Evalue  i-Evalue  score  bias  from    to  from    to  from    to  acc description of target
#               ------------------- ---------- ----- -------------------- ---------- ----- --------- ------ ----- --- --- --------- --------- ------ ----- ----- ----- ----- ----- ----- ----- ---- ---------------------
TRINITY_DN859_c0_g1_i2:383-2098     -            572 367551at33208        -            388  1.1e-180  600.0   6.0   1   1  2.7e-182  1.4e-180  599.6   6.0     1   381    28   432    28   440 0.94 -
TRINITY_DN859_c0_g1_i5:128-1843     -            572 367551at33208        -            388  1.1e-180  600.0   6.0   1   1  2.7e-182  1.4e-180  599.6   6.0     1   381    28   432    28   440 0.94 -
TRINITY_DN859_c0_g1_i1:384-2525     -            714 367551at33208        -            388    2e-180  599.1   6.0   1   1  5.2e-182  2.7e-180  598.7   6.0     1   381   170   574   170   582 0.94 -
TRINITY_DN859_c0_g1_i7:80-2224      -            715 367551at33208        -            388    2e-180  599.1   6.0   1   1  5.2e-182  2.7e-180  598.6   6.0     1   381   171   575   171   583 0.94 -
TRINITY_DN702_c0_g1_i2:424-1632     -            403 367551at33208        -            388   6.2e-95  317.6   0.9   1   1   1.5e-96   8.1e-95  317.3   0.9    12   336    25   358    17   398 0.88 -
TRINITY_DN702_c0_g1_i3:127-1335     -            403 367551at33208        -            388   6.2e-95  317.6   0.9   1   1   1.5e-96   8.1e-95  317.3   0.9    12   336    25   358    17   398 0.88 -
TRINITY_DN702_c0_g1_i4:127-1335     -            403 367551at33208        -            388   6.2e-95  317.6   0.9   1   1   1.5e-96   8.1e-95  317.3   0.9    12   336    25   358    17   398 0.88 -
TRINITY_DN702_c0_g1_i6:439-1647     -            403 367551at33208        -            388   6.2e-95  317.6   0.9   1   1   1.5e-96   8.1e-95  317.3   0.9    12   336    25   358    17   398 0.88 -
TRINITY_DN1043_c0_g1_i1:342-1406    -            355 367551at33208        -            388   6.1e-82  274.9   0.1   1   1   1.4e-83   7.2e-82  274.6   0.1    10   335    19   354    11   355 0.89 -
TRINITY_DN1043_c0_g1_i2:342-1406    -            355 367551at33208        -            388   6.1e-82  274.9   0.1   1   1   1.4e-83   7.2e-82  274.6   0.1    10   335    19   354    11   355 0.89 -
TRINITY_DN18794_c0_g1_i1:165-2231   -            689 367551at33208        -            388   2.9e-77  259.5   0.4   1   1   7.6e-79     4e-77  259.0   0.4     2   333    26   374    25   378 0.90 -
TRINITY_DN18794_c0_g1_i2:373-2439   -            689 367551at33208        -            388   2.9e-77  259.5   0.4   1   1   7.6e-79     4e-77  259.0   0.4     2   333    26   374    25   378 0.90 -
TRINITY_DN18794_c0_g1_i3:116-2182   -            689 367551at33208        -            388   2.9e-77  259.5   0.4   1   1   7.6e-79     4e-77  259.0   0.4     2   333    26   374    25   378 0.90 -
TRINITY_DN605_c0_g1_i4:836-2140     -            435 367551at33208        -            388   4.8e-76  255.5   0.0   1   1   1.2e-77   6.1e-76  255.1   0.0    11   348    76   430    67   434 0.89 -
TRINITY_DN605_c0_g1_i5:836-2140     -            435 367551at33208        -            388   4.8e-76  255.5   0.0   1   1   1.2e-77   6.1e-76  255.1   0.0    11   348    76   430    67   434 0.89 -
TRINITY_DN3227_c0_g1_i1:2451-3626   -            392 367551at33208        -            388   1.5e-72  243.9   0.0   1   1   3.8e-74     2e-72  243.5   0.0    10   333    26   367    17   378 0.88 -
TRINITY_DN3227_c0_g1_i5:2451-3626   -            392 367551at33208        -            388   1.5e-72  243.9   0.0   1   1   3.8e-74     2e-72  243.5   0.0    10   333    26   367    17   378 0.88 -
TRINITY_DN13308_c0_g1_i3:366-1745   -            460 367551at33208        -            388   5.3e-72  242.2   0.0   1   1   5.1e-73   2.7e-71  239.8   0.0    12   343    55   414    47   433 0.88 -
TRINITY_DN13308_c0_g1_i4:366-1745   -            460 367551at33208        -            388   5.3e-72  242.2   0.0   1   1   5.1e-73   2.7e-71  239.8   0.0    12   343    55   414    47   433 0.88 -
TRINITY_DN13308_c0_g1_i2:471-1745   -            425 367551at33208        -            388   5.3e-72  242.2   0.0   1   1   5.4e-73   2.8e-71  239.8   0.0    12   342    55   413    48   420 0.88 -
TRINITY_DN1613_c0_g1_i10:1529-2944  -            472 367551at33208        -            388   7.8e-72  241.6   0.0   1   1     2e-73   1.1e-71  241.2   0.0    11   348    64   425    54   434 0.84 -
TRINITY_DN1613_c0_g1_i11:1530-2945  -            472 367551at33208        -            388   7.8e-72  241.6   0.0   1   1     2e-73   1.1e-71  241.2   0.0    11   348    64   425    54   434 0.84 -
TRINITY_DN1613_c0_g1_i14:1564-2979  -            472 367551at33208        -            388   7.8e-72  241.6   0.0   1   1     2e-73   1.1e-71  241.2   0.0    11   348    64   425    54   434 0.84 -
TRINITY_DN1613_c0_g1_i18:1532-2947  -            472 367551at33208        -            388   7.8e-72  241.6   0.0   1   1     2e-73   1.1e-71  241.2   0.0    11   348    64   425    54   434 0.84 -
TRINITY_DN1613_c0_g1_i6:1758-3173   -            472 367551at33208        -            388   7.8e-72  241.6   0.0   1   1     2e-73   1.1e-71  241.2   0.0    11   348    64   425    54   434 0.84 -
TRINITY_DN5255_c0_g1_i10:598-1809   -            404 367551at33208        -            388   3.5e-71  239.5   0.2   1   1     1e-72   5.4e-71  238.8   0.2     8   331    36   380    28   394 0.84 -
TRINITY_DN5255_c0_g1_i8:598-1809    -            404 367551at33208        -            388   3.5e-71  239.5   0.2   1   1     1e-72   5.4e-71  238.8   0.2     8   331    36   380    28   394 0.84 -
TRINITY_DN238_c0_g1_i1:692-1933     -            414 367551at33208        -            388   1.1e-70  237.8   0.1   1   1   2.7e-72   1.4e-70  237.5   0.1    11   321    39   364    30   411 0.86 -
TRINITY_DN238_c0_g1_i3:692-1933     -            414 367551at33208        -            388   1.1e-70  237.8   0.1   1   1   2.7e-72   1.4e-70  237.5   0.1    11   321    39   364    30   411 0.86 -
TRINITY_DN1882_c0_g1_i2:1200-2420   -            407 367551at33208        -            388   1.1e-67  228.0   0.0   1   2   5.1e-33   2.7e-31  108.1   0.0    12   153    34   189    29   193 0.83 -
TRINITY_DN1882_c0_g1_i2:1200-2420   -            407 367551at33208        -            388   1.1e-67  228.0   0.0   2   2   6.6e-36   3.5e-34  117.7   0.0   156   333   220   397   211   406 0.91 -
TRINITY_DN1882_c0_g1_i3:1200-2420   -            407 367551at33208        -            388   1.1e-67  228.0   0.0   1   2   5.1e-33   2.7e-31  108.1   0.0    12   153    34   189    29   193 0.83 -
TRINITY_DN1882_c0_g1_i3:1200-2420   -            407 367551at33208        -            388   1.1e-67  228.0   0.0   2   2   6.6e-36   3.5e-34  117.7   0.0   156   333   220   397   211   406 0.91 -
TRINITY_DN1882_c0_g1_i4:1200-2420   -            407 367551at33208        -            388   1.1e-67  228.0   0.0   1   2   5.1e-33   2.7e-31  108.1   0.0    12   153    34   189    29   193 0.83 -
TRINITY_DN1882_c0_g1_i4:1200-2420   -            407 367551at33208        -            388   1.1e-67  228.0   0.0   2   2   6.6e-36   3.5e-34  117.7   0.0   156   333   220   397   211   406 0.91 -
TRINITY_DN2284_c0_g1_i12:1451-2770  -            440 367551at33208        -            388   8.2e-67  225.1   0.0   1   1   2.1e-68   1.1e-66  224.7   0.0    10   380    14   396     6   402 0.86 -
TRINITY_DN2284_c0_g1_i2:1460-2779   -            440 367551at33208        -            388   8.2e-67  225.1   0.0   1   1   2.1e-68   1.1e-66  224.7   0.0    10   380    14   396     6   402 0.86 -
TRINITY_DN2284_c0_g1_i4:1451-2770   -            440 367551at33208        -            388   8.2e-67  225.1   0.0   1   1   2.1e-68   1.1e-66  224.7   0.0    10   380    14   396     6   402 0.86 -
TRINITY_DN2284_c0_g1_i7:1451-2770   -            440 367551at33208        -            388   8.2e-67  225.1   0.0   1   1   2.1e-68   1.1e-66  224.7   0.0    10   380    14   396     6   402 0.86 -
TRINITY_DN5382_c0_g1_i1:1827-3320   -            498 367551at33208        -            388   1.3e-66  224.5   0.0   1   1   4.3e-68   2.3e-66  223.6   0.0    12   338    65   417    55   433 0.86 -
TRINITY_DN5382_c0_g1_i3:1827-3320   -            498 367551at33208        -            388   1.3e-66  224.5   0.0   1   1   4.3e-68   2.3e-66  223.6   0.0    12   338    65   417    55   433 0.86 -
TRINITY_DN5382_c0_g1_i6:1827-3320   -            498 367551at33208        -            388   1.3e-66  224.5   0.0   1   1   4.3e-68   2.3e-66  223.6   0.0    12   338    65   417    55   433 0.86 -
TRINITY_DN5382_c0_g1_i7:1827-3320   -            498 367551at33208        -            388   1.3e-66  224.5   0.0   1   1   4.3e-68   2.3e-66  223.6   0.0    12   338    65   417    55   433 0.86 -
TRINITY_DN5382_c0_g1_i8:1827-3320   -            498 367551at33208        -            388   1.3e-66  224.5   0.0   1   1   4.3e-68   2.3e-66  223.6   0.0    12   338    65   417    55   433 0.86 -
TRINITY_DN26382_c0_g1_i12:594-2270  -            559 367551at33208        -            388   3.5e-66  223.0   0.3   1   1   8.2e-68   4.3e-66  222.7   0.3     2   337   161   514   160   549 0.86 -
TRINITY_DN26382_c0_g1_i5:594-2270   -            559 367551at33208        -            388   3.5e-66  223.0   0.3   1   1   8.2e-68   4.3e-66  222.7   0.3     2   337   161   514   160   549 0.86 -
TRINITY_DN4114_c0_g1_i1:1363-2532   -            390 367551at33208        -            388   3.7e-66  222.9   0.0   1   1   9.4e-68   4.9e-66  222.5   0.0    12   342    34   381    24   387 0.85 -
TRINITY_DN4114_c0_g1_i2:933-2102    -            390 367551at33208        -            388   3.7e-66  222.9   0.0   1   1   9.4e-68   4.9e-66  222.5   0.0    12   342    34   381    24   387 0.85 -
TRINITY_DN4114_c0_g1_i3:1365-2534   -            390 367551at33208        -            388   3.7e-66  222.9   0.0   1   1   9.4e-68   4.9e-66  222.5   0.0    12   342    34   381    24   387 0.85 -
TRINITY_DN5289_c0_g1_i1:151-1317    -            389 367551at33208        -            388   1.3e-65  221.1   0.0   1   1   3.2e-67   1.7e-65  220.8   0.0    12   338    28   372    21   387 0.88 -
TRINITY_DN29307_c0_g2_i1:556-1683   -            376 367551at33208        -            388   2.7e-65  220.1   4.4   1   1     6e-67   3.2e-65  219.8   4.4    10   336    23   358     9   368 0.92 -
TRINITY_DN209_c0_g1_i1:430-1578     -            383 367551at33208        -            388   4.1e-65  219.5   0.5   1   1   9.6e-67     5e-65  219.2   0.5     8   338    20   357     9   377 0.89 -
TRINITY_DN2507_c0_g1_i1:281-1615    -            445 367551at33208        -            388   5.6e-65  219.0   0.0   1   1   1.4e-66   7.5e-65  218.6   0.0    11   337    84   427    76   437 0.89 -
TRINITY_DN2507_c0_g1_i8:281-1851    -            445 367551at33208        -            388   5.6e-65  219.0   0.0   1   1   1.4e-66   7.5e-65  218.6   0.0    11   337    84   427    76   437 0.89 -
TRINITY_DN477_c0_g1_i1:311-1471     -            387 367551at33208        -            388   6.7e-65  218.8   0.2   1   1   1.5e-66     8e-65  218.5   0.2    10   336    40   375    26   382 0.93 -
TRINITY_DN477_c0_g1_i2:312-1472     -            387 367551at33208        -            388   6.7e-65  218.8   0.2   1   1   1.5e-66     8e-65  218.5   0.2    10   336    40   375    26   382 0.93 -
TRINITY_DN116521_c0_g1_i1:1-1038    -            346 367551at33208        -            388   2.9e-62  210.1   1.7   1   1   6.7e-64   3.5e-62  209.8   1.7    11   334     7   344     3   346 0.88 -
TRINITY_DN18121_c0_g1_i1:57-1859    -            601 367551at33208        -            388   1.7e-61  207.6   0.0   1   1   4.3e-63   2.3e-61  207.2   0.0    11   330    23   370     9   422 0.82 -
TRINITY_DN2531_c0_g1_i9:379-1509    -            377 367551at33208        -            388   7.2e-61  205.5   1.9   1   1   1.8e-62   9.3e-61  205.1   1.9    10   336    23   362    11   371 0.86 -
TRINITY_DN539_c0_g1_i12:385-1644    -            420 367551at33208        -            388   1.7e-59  201.0   0.0   1   1   4.1e-61   2.2e-59  200.6   0.0     9   325     8   346     1   368 0.82 -
TRINITY_DN539_c0_g1_i17:337-1596    -            420 367551at33208        -            388   1.7e-59  201.0   0.0   1   1   4.1e-61   2.2e-59  200.6   0.0     9   325     8   346     1   368 0.82 -
TRINITY_DN1618_c0_g2_i1:471-1652    -            394 367551at33208        -            388   2.9e-58  196.9   0.2   1   2   5.7e-45     3e-43  147.5   0.3     2   282     8   309     7   315 0.83 -
TRINITY_DN1618_c0_g2_i1:471-1652    -            394 367551at33208        -            388   2.9e-58  196.9   0.2   2   2   1.4e-14   7.3e-13   47.5   0.0   281   336   338   394   334   394 0.91 -
TRINITY_DN16134_c0_g1_i9:332-1759   -            476 367551at33208        -            388     8e-58  195.5   0.4   1   1   2.1e-59   1.1e-57  195.0   0.4    13   333   129   473   120   476 0.86 -
TRINITY_DN2896_c0_g1_i1:404-1849    -            482 367551at33208        -            388   8.8e-58  195.3   0.9   1   1   8.8e-59   4.6e-57  193.0   0.9    14   337     6   382     2   438 0.72 -
TRINITY_DN2896_c0_g1_i2:404-1849    -            482 367551at33208        -            388   8.8e-58  195.3   0.9   1   1   8.8e-59   4.6e-57  193.0   0.9    14   337     6   382     2   438 0.72 -
TRINITY_DN2896_c0_g1_i3:404-1849    -            482 367551at33208        -            388   9.7e-58  195.2   0.8   1   1   9.8e-59   5.1e-57  192.8   0.8    14   337     6   382     2   438 0.72 -
TRINITY_DN16134_c0_g1_i4:602-1866   -            398 367551at33208        -            388   6.8e-57  192.4   0.3   1   1   1.8e-58   9.2e-57  192.0   0.3    12   333    38   383    29   390 0.86 -
TRINITY_DN1764_c0_g1_i2:65-2239     -            725 367551at33208        -            388   1.7e-55  187.8   2.8   1   1   1.6e-55   8.4e-54  182.2   2.8     6   337   228   610   223   620 0.74 -
TRINITY_DN1764_c0_g1_i1:65-2239     -            725 367551at33208        -            388   1.7e-55  187.8   2.8   1   1   1.6e-55   8.4e-54  182.2   2.8     6   337   228   610   223   620 0.74 -
TRINITY_DN4063_c0_g1_i3:450-1997    -            516 367551at33208        -            388   4.4e-52  176.6   1.0   1   3   5.4e-25   2.8e-23   81.7   0.1    25   154   152   296   114   301 0.77 -
TRINITY_DN4063_c0_g1_i3:450-1997    -            516 367551at33208        -            388   4.4e-52  176.6   1.0   2   3    0.0009     0.047   11.9   0.0   158   185   328   355   324   365 0.88 -
TRINITY_DN4063_c0_g1_i3:450-1997    -            516 367551at33208        -            388   4.4e-52  176.6   1.0   3   3     2e-24     1e-22   79.9   0.1   197   319   393   516   384   516 0.86 -
TRINITY_DN4063_c0_g1_i7:450-2024    -            525 367551at33208        -            388   6.9e-52  175.9   1.0   1   3   7.3e-25   3.8e-23   81.3   0.1    25   154   161   305   124   310 0.81 -
TRINITY_DN4063_c0_g1_i7:450-2024    -            525 367551at33208        -            388   6.9e-52  175.9   1.0   2   3   0.00092     0.048   11.8   0.0   158   185   337   364   333   374 0.88 -
TRINITY_DN4063_c0_g1_i7:450-2024    -            525 367551at33208        -            388   6.9e-52  175.9   1.0   3   3   2.1e-24   1.1e-22   79.8   0.1   197   319   402   525   393   525 0.86 -
TRINITY_DN4063_c0_g1_i5:450-2396    -            649 367551at33208        -            388   1.3e-51  175.0   1.0   1   3   8.3e-25   4.3e-23   81.1   0.1    25   154   285   429   247   434 0.77 -
TRINITY_DN4063_c0_g1_i5:450-2396    -            649 367551at33208        -            388   1.3e-51  175.0   1.0   2   3    0.0012     0.062   11.5   0.0   158   185   461   488   457   498 0.89 -
TRINITY_DN4063_c0_g1_i5:450-2396    -            649 367551at33208        -            388   1.3e-51  175.0   1.0   3   3   2.9e-24   1.5e-22   79.3   0.1   197   319   526   649   517   649 0.86 -
TRINITY_DN4063_c0_g1_i4:450-2396    -            649 367551at33208        -            388   1.6e-51  174.7   0.8   1   3   1.1e-24   5.7e-23   80.7   0.1    25   154   285   429   249   434 0.81 -
TRINITY_DN4063_c0_g1_i4:450-2396    -            649 367551at33208        -            388   1.6e-51  174.7   0.8   2   3    0.0012     0.062   11.5   0.0   158   185   461   488   457   498 0.89 -
TRINITY_DN4063_c0_g1_i4:450-2396    -            649 367551at33208        -            388   1.6e-51  174.7   0.8   3   3   2.9e-24   1.5e-22   79.3   0.1   197   319   526   649   517   649 0.86 -
TRINITY_DN12998_c0_g1_i2:2003-3127  -            375 367551at33208        -            388     2e-51  174.4   0.0   1   1   4.5e-53   2.4e-51  174.2   0.0    10   337    15   359     1   369 0.84 -
TRINITY_DN12998_c0_g1_i7:1997-3187  -            397 367551at33208        -            388   2.5e-51  174.1   0.0   1   1   5.8e-53   3.1e-51  173.8   0.0    10   336    32   375    18   385 0.84 -
TRINITY_DN1753_c0_g1_i12:431-1609   -            393 367551at33208        -            388   2.5e-50  170.8   0.2   1   1   5.7e-52     3e-50  170.5   0.2    10   336    19   366     5   386 0.82 -
TRINITY_DN1753_c0_g1_i16:431-1609   -            393 367551at33208        -            388   2.5e-50  170.8   0.2   1   1   5.7e-52     3e-50  170.5   0.2    10   336    19   366     5   386 0.82 -
TRINITY_DN1753_c0_g1_i2:431-1609    -            393 367551at33208        -            388   2.5e-50  170.8   0.2   1   1   5.7e-52     3e-50  170.5   0.2    10   336    19   366     5   386 0.82 -
TRINITY_DN1753_c0_g1_i4:431-1609    -            393 367551at33208        -            388   2.5e-50  170.8   0.2   1   1   5.7e-52     3e-50  170.5   0.2    10   336    19   366     5   386 0.82 -
TRINITY_DN1753_c0_g1_i8:431-1609    -            393 367551at33208        -            388   2.5e-50  170.8   0.2   1   1   5.7e-52     3e-50  170.5   0.2    10   336    19   366     5   386 0.82 -
TRINITY_DN1753_c0_g1_i9:431-1609    -            393 367551at33208        -            388   2.5e-50  170.8   0.2   1   1   5.7e-52     3e-50  170.5   0.2    10   336    19   366     5   386 0.82 -
TRINITY_DN166536_c0_g1_i1:4-966     -            321 367551at33208        -            388   2.5e-48  164.2   0.0   1   1   5.9e-50   3.1e-48  163.9   0.0     6   260    55   321    51   321 0.86 -
TRINITY_DN16134_c0_g1_i2:602-1795   -            365 367551at33208        -            388   2.6e-48  164.2   2.9   1   2     1e-13   5.5e-12   44.6   0.2    12    74    38   111    29   114 0.80 -
TRINITY_DN16134_c0_g1_i2:602-1795   -            365 367551at33208        -            388   2.6e-48  164.2   2.9   2   2   1.1e-36   5.8e-35  120.2   0.2   106   333   115   350   112   357 0.87 -
TRINITY_DN2507_c0_g1_i10:281-1405   -            375 367551at33208        -            388   2.7e-47  160.8   0.0   1   1   6.5e-49   3.4e-47  160.5   0.0    11   285    84   375    76   375 0.89 -
TRINITY_DN8372_c0_g2_i16:163-1482   -            440 367551at33208        -            388   1.8e-44  151.5   0.2   1   1   7.8e-46   4.1e-44  150.3   0.2     8   349    58   435    53   440 0.82 -
TRINITY_DN8372_c0_g2_i1:163-1482    -            440 367551at33208        -            388   1.8e-44  151.5   0.2   1   1   7.8e-46   4.1e-44  150.3   0.2     8   349    58   435    53   440 0.82 -
TRINITY_DN11359_c0_g1_i3:29-946     -            306 367551at33208        -            388   2.1e-44  151.3   0.0   1   1   5.4e-46   2.9e-44  150.9   0.0    83   326    26   275    19   293 0.90 -
TRINITY_DN11359_c0_g1_i6:29-946     -            306 367551at33208        -            388   2.1e-44  151.3   0.0   1   1   5.4e-46   2.9e-44  150.9   0.0    83   326    26   275    19   293 0.90 -
TRINITY_DN11359_c0_g1_i9:418-1335   -            306 367551at33208        -            388   2.1e-44  151.3   0.0   1   1   5.4e-46   2.9e-44  150.9   0.0    83   326    26   275    19   293 0.90 -
TRINITY_DN2531_c0_g1_i2:1-879       -            293 367551at33208        -            388   2.1e-43  148.0   2.6   1   1   4.6e-45   2.4e-43  147.8   2.6    86   336    23   280     1   288 0.85 -
TRINITY_DN5165_c0_g1_i1:119-2296    -            726 367551at33208        -            388   1.7e-42  145.1   1.1   1   3   1.3e-10   6.8e-09   34.4   0.1    12    51    24    63    14    69 0.94 -
TRINITY_DN5165_c0_g1_i1:119-2296    -            726 367551at33208        -            388   1.7e-42  145.1   1.1   2   3   7.4e-11   3.9e-09   35.2   0.0    61   193   284   433   277   450 0.81 -
TRINITY_DN5165_c0_g1_i1:119-2296    -            726 367551at33208        -            388   1.7e-42  145.1   1.1   3   3   3.4e-22   1.8e-20   72.5   0.0   249   332   533   619   487   637 0.79 -
TRINITY_DN26382_c0_g1_i10:575-1390  -            272 367551at33208        -            388     1e-40  139.2   0.1   1   1   2.2e-42   1.2e-40  139.0   0.1   128   338     3   221     1   259 0.90 -
TRINITY_DN26382_c0_g1_i13:257-1072  -            272 367551at33208        -            388     1e-40  139.2   0.1   1   1   2.2e-42   1.2e-40  139.0   0.1   128   338     3   221     1   259 0.90 -
TRINITY_DN26382_c0_g1_i1:578-1393   -            272 367551at33208        -            388     1e-40  139.2   0.1   1   1   2.2e-42   1.2e-40  139.0   0.1   128   338     3   221     1   259 0.90 -
TRINITY_DN2284_c0_g1_i1:222-1139    -            306 367551at33208        -            388   3.1e-37  127.7   0.0   1   1   7.4e-39   3.9e-37  127.4   0.0   133   380     1   251     1   257 0.88 -
TRINITY_DN121457_c0_g1_i1:278-838   -            187 367551at33208        -            388   6.2e-33  113.5   0.0   1   1   1.4e-34   7.3e-33  113.3   0.0    10   166    20   187    12   187 0.89 -
TRINITY_DN7119_c0_g1_i4:377-1636    -            420 367551at33208        -            388   1.7e-32  112.1   6.0   1   2   3.6e-16   1.9e-14   52.7   2.3    10   233    19   266    11   275 0.64 -
TRINITY_DN7119_c0_g1_i4:377-1636    -            420 367551at33208        -            388   1.7e-32  112.1   6.0   2   2   2.1e-18   1.1e-16   60.0   0.1   251   341   317   409   313   418 0.88 -
TRINITY_DN7119_c0_g1_i12:377-1636   -            420 367551at33208        -            388   1.8e-32  112.0   5.8   1   2   3.9e-16     2e-14   52.6   2.2    10   233    19   266    11   276 0.64 -
TRINITY_DN7119_c0_g1_i12:377-1636   -            420 367551at33208        -            388   1.8e-32  112.0   5.8   2   2   2.1e-18   1.1e-16   60.0   0.1   251   341   317   409   313   418 0.88 -
TRINITY_DN8372_c0_g2_i5:163-1389    -            409 367551at33208        -            388   5.1e-31  107.2   1.6   1   2   1.3e-25   6.9e-24   83.8   0.4     8   258    58   336    53   338 0.82 -
TRINITY_DN8372_c0_g2_i5:163-1389    -            409 367551at33208        -            388   5.1e-31  107.2   1.6   2   2   7.8e-07   4.1e-05   22.0   0.0   289   349   339   404   337   409 0.73 -
TRINITY_DN2531_c0_g1_i11:409-960    -            184 367551at33208        -            388   1.3e-30  105.9   0.1   1   1   2.8e-32   1.5e-30  105.7   0.1    10   169    13   183     2   184 0.83 -
TRINITY_DN5065_c0_g1_i1:568-1701    -            378 367551at33208        -            388   6.6e-28   97.0   0.2   1   2   8.9e-19   4.7e-17   61.3   0.0    10   142    13   149     7   167 0.83 -
TRINITY_DN5065_c0_g1_i1:568-1701    -            378 367551at33208        -            388   6.6e-28   97.0   0.2   2   2   1.4e-10   7.4e-09   34.3   0.0   211   332   244   371   169   378 0.79 -
TRINITY_DN539_c0_g1_i11:802-1290    -            163 367551at33208        -            388     4e-25   87.8   0.0   1   1     8e-27   4.2e-25   87.8   0.0   228   326     1   101     1   143 0.90 -
TRINITY_DN539_c0_g1_i14:2544-3032   -            163 367551at33208        -            388     4e-25   87.8   0.0   1   1     8e-27   4.2e-25   87.8   0.0   228   326     1   101     1   143 0.90 -
TRINITY_DN539_c0_g1_i3:805-1293     -            163 367551at33208        -            388     4e-25   87.8   0.0   1   1     8e-27   4.2e-25   87.8   0.0   228   326     1   101     1   143 0.90 -
TRINITY_DN539_c0_g1_i9:185-673      -            163 367551at33208        -            388     4e-25   87.8   0.0   1   1     8e-27   4.2e-25   87.8   0.0   228   326     1   101     1   143 0.90 -
TRINITY_DN8372_c0_g2_i17:163-1176   -            338 367551at33208        -            388   1.5e-24   86.0   0.4   1   1   7.6e-26     4e-24   84.5   0.4     8   258    58   336    53   337 0.82 -
TRINITY_DN8372_c0_g2_i14:163-1176   -            338 367551at33208        -            388   1.6e-24   85.8   0.3   1   1   8.6e-26   4.5e-24   84.4   0.3     8   258    58   336    53   337 0.82 -
TRINITY_DN8372_c0_g2_i6:163-1194    -            344 367551at33208        -            388   6.3e-22   77.3   0.4   1   1   3.1e-23   1.6e-21   75.9   0.4    10   258    60   342    53   343 0.79 -
TRINITY_DN2531_c0_g1_i6:354-782     -            143 367551at33208        -            388   8.4e-22   76.9   0.2   1   1   1.7e-23     9e-22   76.8   0.2   191   327     6   142     1   143 0.88 -
TRINITY_DN10820_c0_g1_i1:74-454     -            127 367551at33208        -            388   3.4e-20   71.6   0.0   1   1   7.2e-22   3.8e-20   71.4   0.0    11   109    19   127     9   127 0.84 -
TRINITY_DN2531_c0_g1_i5:875-1291    -            139 367551at33208        -            388   3.4e-20   71.6   0.0   1   1   7.4e-22   3.9e-20   71.4   0.0   227   336     1   114     1   126 0.87 -
TRINITY_DN5382_c0_g1_i5:0-539       -            180 367551at33208        -            388   6.4e-20   70.7   0.0   1   1   1.5e-21   7.7e-20   70.4   0.0   253   338    10    99     5   115 0.83 -
TRINITY_DN16134_c0_g1_i6:12-356     -            115 367551at33208        -            388   6.3e-18   64.1   0.5   1   1   1.3e-19   6.8e-18   64.0   0.5    78   186     2   115     1   115 0.88 -
TRINITY_DN7119_c0_g1_i17:606-1646   -            347 367551at33208        -            388   6.6e-18   64.1   8.2   1   2    0.0029      0.15   10.2   2.6    44   233     1   214     1   225 0.58 -
TRINITY_DN7119_c0_g1_i17:606-1646   -            347 367551at33208        -            388   6.6e-18   64.1   8.2   2   2   2.9e-17   1.5e-15   56.3   0.3   251   329   265   346   262   347 0.92 -
TRINITY_DN2284_c0_g1_i10:1457-1942  -            162 367551at33208        -            388   4.7e-16   58.0   0.0   1   1     1e-17   5.3e-16   57.8   0.0   273   380    15   118     1   125 0.86 -
TRINITY_DN7119_c0_g1_i3:377-1048    -            224 367551at33208        -            388   2.9e-15   55.4   0.2   1   1   7.7e-17   4.1e-15   54.9   0.2    10   155    19   168    11   198 0.76 -
TRINITY_DN3551_c0_g1_i11:1618-2676  -            353 367551at33208        -            388   1.1e-14   53.4   0.1   1   1   6.5e-16   3.4e-14   51.8   0.1    10   302    20   346    11   353 0.75 -
TRINITY_DN3551_c0_g1_i15:1657-2715  -            353 367551at33208        -            388   1.1e-14   53.4   0.1   1   1   6.5e-16   3.4e-14   51.8   0.1    10   302    20   346    11   353 0.75 -
TRINITY_DN3551_c0_g1_i16:1657-2715  -            353 367551at33208        -            388   1.1e-14   53.4   0.1   1   1   6.5e-16   3.4e-14   51.8   0.1    10   302    20   346    11   353 0.75 -
TRINITY_DN3551_c0_g1_i2:1618-2676   -            353 367551at33208        -            388   1.1e-14   53.4   0.1   1   1   6.5e-16   3.4e-14   51.8   0.1    10   302    20   346    11   353 0.75 -
TRINITY_DN3551_c0_g1_i3:1657-2715   -            353 367551at33208        -            388   1.1e-14   53.4   0.1   1   1   6.5e-16   3.4e-14   51.8   0.1    10   302    20   346    11   353 0.75 -
TRINITY_DN3551_c0_g1_i6:1618-2676   -            353 367551at33208        -            388   1.1e-14   53.4   0.1   1   1   6.5e-16   3.4e-14   51.8   0.1    10   302    20   346    11   353 0.75 -
TRINITY_DN3551_c0_g1_i7:1618-2676   -            353 367551at33208        -            388   1.1e-14   53.4   0.1   1   1   6.5e-16   3.4e-14   51.8   0.1    10   302    20   346    11   353 0.75 -
TRINITY_DN46185_c0_g2_i1:8-352      -            115 367551at33208        -            388     2e-11   42.8   0.1   1   1   4.3e-13   2.3e-11   42.6   0.1     5    76    16    95    13   113 0.83 -
TRINITY_DN3425_c0_g1_i1:74-1336     -            421 367551at33208        -            388   6.8e-11   41.0   0.0   1   1   2.9e-12   1.5e-10   39.9   0.0    17   344    14   364     9   371 0.78 -
TRINITY_DN7797_c0_g1_i16:1709-3757  -            683 367551at33208        -            388   2.3e-09   35.9   0.0   1   2       5.6     3e+02   -0.6   0.0    18    63    13    55    10    65 0.72 -
TRINITY_DN7797_c0_g1_i16:1709-3757  -            683 367551at33208        -            388   2.3e-09   35.9   0.0   2   2   2.6e-10   1.4e-08   33.4   0.0   252   339   303   392   300   408 0.78 -
TRINITY_DN7797_c0_g1_i11:1697-4030  -            778 367551at33208        -            388   3.1e-09   35.5   0.0   1   2       6.8   3.6e+02   -0.9   0.0    18    62    13    54    10    64 0.72 -
TRINITY_DN7797_c0_g1_i11:1697-4030  -            778 367551at33208        -            388   3.1e-09   35.5   0.0   2   2   3.1e-10   1.6e-08   33.1   0.0   252   338   303   391   300   408 0.78 -
TRINITY_DN7797_c0_g1_i14:1697-4363  -            889 367551at33208        -            388   4.1e-09   35.1   0.0   1   2         8   4.2e+02   -1.1   0.0    18    62    13    54    10    64 0.72 -
TRINITY_DN7797_c0_g1_i14:1697-4363  -            889 367551at33208        -            388   4.1e-09   35.1   0.0   2   2   3.7e-10     2e-08   32.9   0.0   252   338   303   391   300   408 0.78 -
TRINITY_DN23382_c0_g2_i1:123-542    -            140 367551at33208        -            388   3.6e-08   32.0   0.0   1   1   7.9e-10   4.2e-08   31.8   0.0   270   339    59   127    33   136 0.79 -
TRINITY_DN23382_c0_g2_i2:695-1681   -            329 367551at33208        -            388   4.4e-08   31.7   0.0   1   1   1.4e-09   7.4e-08   31.0   0.0   270   347   123   199    97   227 0.78 -
TRINITY_DN23382_c0_g2_i3:2-976      -            325 367551at33208        -            388   7.2e-08   31.0   0.0   1   1   2.3e-09   1.2e-07   30.3   0.0   270   346   123   198    97   224 0.80 -
TRINITY_DN7285_c0_g1_i1:622-1815    -            398 367551at33208        -            388   1.5e-07   29.9   0.0   1   2    0.0092      0.48    8.5   0.0    16    50    13    47     6    74 0.88 -
TRINITY_DN7285_c0_g1_i1:622-1815    -            398 367551at33208        -            388   1.5e-07   29.9   0.0   2   2   3.7e-06    0.0002   19.7   0.0   211   318   219   330    86   341 0.81 -
TRINITY_DN7285_c0_g1_i2:562-1821    -            420 367551at33208        -            388   1.6e-07   29.9   0.0   1   2    0.0083      0.43    8.7   0.0    15    50    34    69    21    96 0.87 -
TRINITY_DN7285_c0_g1_i2:562-1821    -            420 367551at33208        -            388   1.6e-07   29.9   0.0   2   2   4.2e-06   0.00022   19.5   0.0   211   318   241   352   109   363 0.81 -
TRINITY_DN397_c0_g1_i10:2383-4020   -            546 367551at33208        -            388     2e-07   29.6   0.0   1   1     8e-09   4.2e-07   28.5   0.0    18   336    23   353    15   361 0.68 -
TRINITY_DN397_c0_g1_i13:923-2560    -            546 367551at33208        -            388     2e-07   29.6   0.0   1   1     8e-09   4.2e-07   28.5   0.0    18   336    23   353    15   361 0.68 -
TRINITY_DN397_c0_g1_i1:2383-4020    -            546 367551at33208        -            388     2e-07   29.6   0.0   1   1     8e-09   4.2e-07   28.5   0.0    18   336    23   353    15   361 0.68 -
TRINITY_DN397_c0_g1_i8:1611-3248    -            546 367551at33208        -            388     2e-07   29.6   0.0   1   1     8e-09   4.2e-07   28.5   0.0    18   336    23   353    15   361 0.68 -
TRINITY_DN397_c0_g1_i9:2383-4020    -            546 367551at33208        -            388     2e-07   29.6   0.0   1   1     8e-09   4.2e-07   28.5   0.0    18   336    23   353    15   361 0.68 -
TRINITY_DN21649_c3_g1_i1:753-1340   -            196 367551at33208        -            388     8e-07   27.6   0.0   1   1   1.9e-08   9.8e-07   27.3   0.0   162   314    29   195    19   196 0.76 -
TRINITY_DN21649_c3_g1_i3:729-1316   -            196 367551at33208        -            388     8e-07   27.6   0.0   1   1   1.9e-08   9.8e-07   27.3   0.0   162   314    29   195    19   196 0.76 -
TRINITY_DN20496_c0_g1_i3:841-2367   -            509 367551at33208        -            388   9.2e-07   27.4   0.0   1   2       1.4        71    1.4   0.0    16    48    44    77    34   106 0.83 -
TRINITY_DN20496_c0_g1_i3:841-2367   -            509 367551at33208        -            388   9.2e-07   27.4   0.0   2   2   2.4e-07   1.2e-05   23.7   0.0   220   332   259   374   253   422 0.80 -
TRINITY_DN93351_c0_g1_i1:134-853    -            240 367551at33208        -            388   2.7e-06   25.9   0.0   1   1   6.9e-08   3.6e-06   25.4   0.0   271   358    31   120     4   132 0.74 -
TRINITY_DN68120_c0_g1_i1:6-749      -            248 367551at33208        -            388   6.6e-06   24.6   0.0   1   1     2e-07   1.1e-05   23.9   0.0   272   358    66   154    38   165 0.76 -
TRINITY_DN24611_c0_g1_i2:2-709      -            236 367551at33208        -            388   6.9e-06   24.5   0.0   1   1   1.8e-07   9.3e-06   24.1   0.0   272   346    26   105    20   117 0.75 -
TRINITY_DN24611_c0_g1_i3:2-709      -            236 367551at33208        -            388   6.9e-06   24.5   0.0   1   1   1.8e-07   9.3e-06   24.1   0.0   272   346    26   105    20   117 0.75 -
TRINITY_DN26856_c0_g1_i2:508-930    -            141 367551at33208        -            388     9e-06   24.1   0.0   1   1     2e-07   1.1e-05   23.9   0.0   269   344    59   133    30   139 0.74 -
TRINITY_DN46482_c0_g1_i1:19-696     -            226 367551at33208        -            388   1.5e-05   23.4   0.0   1   1   4.3e-07   2.3e-05   22.8   0.0   271   335     3    67     2    97 0.82 -
TRINITY_DN46482_c0_g1_i2:19-696     -            226 367551at33208        -            388   1.5e-05   23.4   0.0   1   1   4.3e-07   2.3e-05   22.8   0.0   271   335     3    67     2    97 0.82 -
TRINITY_DN26856_c0_g1_i1:0-947      -            316 367551at33208        -            388   1.7e-05   23.2   0.0   1   1   5.3e-07   2.8e-05   22.5   0.0   269   344    62   140    36   169 0.71 -
TRINITY_DN45110_c0_g1_i2:259-1884   -            542 367551at33208        -            388   8.1e-05   21.0   0.1   1   2     0.008      0.42    8.7   0.0    18    66     8    56     3    87 0.80 -
TRINITY_DN45110_c0_g1_i2:259-1884   -            542 367551at33208        -            388   8.1e-05   21.0   0.1   2   2    0.0043      0.23    9.6   0.0   272   323   298   349   290   361 0.90 -
TRINITY_DN45110_c0_g1_i4:259-1884   -            542 367551at33208        -            388   8.1e-05   21.0   0.1   1   2     0.008      0.42    8.7   0.0    18    66     8    56     3    87 0.80 -
TRINITY_DN45110_c0_g1_i4:259-1884   -            542 367551at33208        -            388   8.1e-05   21.0   0.1   2   2    0.0043      0.23    9.6   0.0   272   323   298   349   290   361 0.90 -
TRINITY_DN28028_c1_g2_i2:171-1706   -            488 367551at33208        -            388   0.00018   19.8   0.1   1   2      0.11       5.8    5.0   0.0    19    46     2    29     1    60 0.83 -
TRINITY_DN28028_c1_g2_i2:171-1706   -            488 367551at33208        -            388   0.00018   19.8   0.1   2   2    0.0009     0.047   11.9   0.0   272   323   276   327   257   351 0.87 -
TRINITY_DN26534_c0_g1_i2:1091-2173  -            361 367551at33208        -            388   0.00021   19.6   0.0   1   1   7.5e-06    0.0004   18.7   0.0   271   321   303   353   279   357 0.91 -
TRINITY_DN47613_c0_g1_i2:100-1131   -            344 367551at33208        -            388   0.00022   19.6   0.0   1   2       0.2        10    4.2   0.0    18    45     1    28     1    37 0.85 -
TRINITY_DN47613_c0_g1_i2:100-1131   -            344 367551at33208        -            388   0.00022   19.6   0.0   2   2   0.00032     0.017   13.4   0.0   271   322   291   342   263   344 0.86 -
TRINITY_DN26534_c0_g1_i1:700-1782   -            361 367551at33208        -            388   0.00022   19.5   0.0   1   1   7.7e-06    0.0004   18.7   0.0   271   321   303   353   280   357 0.91 -
TRINITY_DN21340_c0_g1_i1:55-405     -            117 367551at33208        -            388   0.00059   18.2   0.0   1   1   1.4e-05   0.00072   17.9   0.0   273   318    65   110    50   114 0.87 -
TRINITY_DN21340_c0_g1_i2:757-1107   -            117 367551at33208        -            388   0.00059   18.2   0.0   1   1   1.4e-05   0.00072   17.9   0.0   273   318    65   110    50   114 0.87 -
TRINITY_DN97383_c0_g1_i1:55-651     -            199 367551at33208        -            388   0.00077   17.8   0.0   1   1   2.7e-05    0.0014   16.9   0.0   289   364     1    78     1    90 0.71 -
TRINITY_DN21736_c0_g1_i5:167-682    -            172 367551at33208        -            388     0.002   16.4   0.0   1   1   4.7e-05    0.0025   16.1   0.0   271   324    76   129    51   161 0.81 -
TRINITY_DN21671_c0_g1_i2:430-2082   -            551 367551at33208        -            388    0.0024   16.1   0.1   1   2     0.029       1.5    6.9   0.0     9    55    21    67    14    93 0.76 -
TRINITY_DN21671_c0_g1_i2:430-2082   -            551 367551at33208        -            388    0.0024   16.1   0.1   2   2     0.041       2.2    6.4   0.0   274   322   333   381   308   404 0.85 -
TRINITY_DN5623_c0_g1_i5:797-2527    -            577 367551at33208        -            388    0.0026   16.0   0.1   1   1   0.00042     0.022   13.0   0.1    22   319    33   368    23   397 0.53 -
TRINITY_DN3983_c0_g1_i6:161-733     -            191 367551at33208        -            388    0.0027   15.9   0.0   1   1   6.8e-05    0.0036   15.6   0.0   272   314   148   190   119   191 0.84 -
TRINITY_DN5623_c0_g1_i3:265-1995    -            577 367551at33208        -            388    0.0028   15.9   0.0   1   1   0.00044     0.023   12.9   0.0    22   319    33   368    23   398 0.53 -
TRINITY_DN5623_c0_g1_i6:797-2527    -            577 367551at33208        -            388    0.0028   15.9   0.0   1   1   0.00044     0.023   12.9   0.0    22   319    33   368    23   398 0.53 -
TRINITY_DN47613_c0_g1_i1:67-669     -            201 367551at33208        -            388    0.0046   15.2   0.0   1   1   9.9e-05    0.0052   15.0   0.0   271   322   148   199    88   201 0.88 -
TRINITY_DN21736_c0_g1_i3:75-803     -            243 367551at33208        -            388    0.0048   15.2   0.0   1   1   0.00012    0.0064   14.7   0.0   271   324    22    75     5   107 0.83 -
TRINITY_DN9480_c0_g1_i1:4112-5233   -            374 367551at33208        -            388    0.0058   14.9   0.1   1   1   0.00021     0.011   14.0   0.0    30   138    16   128     1   164 0.75 -
TRINITY_DN3983_c0_g1_i10:392-1372   -            327 367551at33208        -            388    0.0062   14.8   0.0   1   1   0.00017    0.0089   14.3   0.0   272   314   284   326   255   327 0.84 -
TRINITY_DN3983_c0_g1_i1:392-1372    -            327 367551at33208        -            388    0.0062   14.8   0.0   1   1   0.00017    0.0089   14.3   0.0   272   314   284   326   255   327 0.84 -
TRINITY_DN21736_c0_g1_i1:150-1181   -            344 367551at33208        -            388    0.0064   14.7   0.0   1   1    0.0002     0.011   14.0   0.0   271   324   148   201   124   231 0.82 -
TRINITY_DN21736_c0_g1_i2:150-1265   -            372 367551at33208        -            388    0.0074   14.5   0.0   1   1   0.00023     0.012   13.8   0.0   271   324   176   229   152   259 0.83 -
TRINITY_DN30422_c0_g1_i9:3843-4946  -            368 367551at33208        -            388    0.0082   14.4   0.1   1   1   0.00042     0.022   13.0   0.0    30   156     7   143     1   158 0.74 -
TRINITY_DN28028_c1_g2_i3:426-1199   -            258 367551at33208        -            388     0.013   13.7   0.0   1   1   0.00032     0.017   13.3   0.0   272   323    64   115    46   139 0.86 -
TRINITY_DN10347_c0_g1_i10:898-1269  -            124 367551at33208        -            388     0.018   13.3   0.0   1   1   0.00065     0.034   12.3   0.0   271   320     5    54     2    63 0.91 -
TRINITY_DN30422_c0_g1_i10:3843-4946 -            368 367551at33208        -            388      0.03   12.5   0.0   1   1    0.0017     0.088   11.0   0.0    30   155     7   142     1   165 0.66 -
TRINITY_DN9755_c0_g1_i1:2567-4453   -            629 367551at33208        -            388     0.038   12.2   0.4   1   2       1.9     1e+02    0.9   0.3    29   147    39   157    21   185 0.59 -
TRINITY_DN9755_c0_g1_i1:2567-4453   -            629 367551at33208        -            388     0.038   12.2   0.4   2   2    0.0073      0.38    8.9   0.0   245   303   296   357   268   362 0.82 -
TRINITY_DN9755_c0_g1_i7:2567-4453   -            629 367551at33208        -            388     0.038   12.2   0.4   1   2       1.9     1e+02    0.9   0.3    29   147    39   157    21   185 0.59 -
TRINITY_DN9755_c0_g1_i7:2567-4453   -            629 367551at33208        -            388     0.038   12.2   0.4   2   2    0.0073      0.38    8.9   0.0   245   303   296   357   268   362 0.82 -
TRINITY_DN9755_c0_g1_i8:2567-4453   -            629 367551at33208        -            388     0.038   12.2   0.4   1   2       1.9     1e+02    0.9   0.3    29   147    39   157    21   185 0.59 -
TRINITY_DN9755_c0_g1_i8:2567-4453   -            629 367551at33208        -            388     0.038   12.2   0.4   2   2    0.0073      0.38    8.9   0.0   245   303   296   357   268   362 0.82 -
#
# Program:         hmmsearch
# Version:         3.1b2 (February 2015)
# Pipeline mode:   SEARCH
# Query file:      /busco_wd/busco_downloads/lineages/metazoa_odb10/hmms/367551at33208.hmm
# Target file:     /busco_wd/BUSCO/run_metazoa_odb10/metaeuk_output/initial_results/Trinity.fasta.modified.fas
# Option settings: hmmsearch --domtblout /busco_wd/BUSCO/run_metazoa_odb10/hmmer_output/initial_run_results/367551at33208.out --cpu 1 /busco_wd/busco_downloads/lineages/metazoa_odb10/hmms/367551at33208.hmm /busco_wd/BUSCO/run_metazoa_odb10/metaeuk_output/initial_results/Trinity.fasta.modified.fas 
# Current dir:     /busco_wd
# Date:            Tue Nov 23 09:02:28 2021
# [ok]
