#                                                                                          --- full sequence --- -------------- this domain -------------   hmm coord   ali coord   env coord
# target name                      accession   tlen query name           accession   qlen   E-value  score  bias   #  of  c-Evalue  i-Evalue  score  bias  from    to  from    to  from    to  acc description of target
#              ------------------- ---------- ----- -------------------- ---------- ----- --------- ------ ----- --- --- --------- --------- ------ ----- ----- ----- ----- ----- ----- ----- ---- ---------------------
TRINITY_DN3790_c1_g1_i1:1129-2115  -            329 382000at33208        -            148     1e-39  134.7  19.1   1   4    0.0052      0.43    9.4   0.3    31    62    28    62     5    72 0.74 -
TRINITY_DN3790_c1_g1_i1:1129-2115  -            329 382000at33208        -            148     1e-39  134.7  19.1   2   4      0.43        35    3.2   0.0    19    53    80   119    64   122 0.59 -
TRINITY_DN3790_c1_g1_i1:1129-2115  -            329 382000at33208        -            148     1e-39  134.7  19.1   3   4   7.1e-26   5.8e-24   83.6   3.8    10   103   140   250   133   258 0.85 -
TRINITY_DN3790_c1_g1_i1:1129-2115  -            329 382000at33208        -            148     1e-39  134.7  19.1   4   4   2.5e-14     2e-12   46.2   1.4   104   142   270   310   253   314 0.88 -
TRINITY_DN3790_c1_g1_i2:1054-2040  -            329 382000at33208        -            148     1e-39  134.7  19.1   1   4    0.0052      0.43    9.4   0.3    31    62    28    62     5    72 0.74 -
TRINITY_DN3790_c1_g1_i2:1054-2040  -            329 382000at33208        -            148     1e-39  134.7  19.1   2   4      0.43        35    3.2   0.0    19    53    80   119    64   122 0.59 -
TRINITY_DN3790_c1_g1_i2:1054-2040  -            329 382000at33208        -            148     1e-39  134.7  19.1   3   4   7.1e-26   5.8e-24   83.6   3.8    10   103   140   250   133   258 0.85 -
TRINITY_DN3790_c1_g1_i2:1054-2040  -            329 382000at33208        -            148     1e-39  134.7  19.1   4   4   2.5e-14     2e-12   46.2   1.4   104   142   270   310   253   314 0.88 -
TRINITY_DN28124_c0_g1_i1:413-1828  -            472 382000at33208        -            148   4.9e-19   67.6  18.3   1   8    0.0012       0.1   11.5   0.1    32    63    11    45     1    50 0.75 -
TRINITY_DN28124_c0_g1_i1:413-1828  -            472 382000at33208        -            148   4.9e-19   67.6  18.3   2   8   3.5e-06   0.00029   19.7   0.8    13    63    33    91    32    95 0.76 -
TRINITY_DN28124_c0_g1_i1:413-1828  -            472 382000at33208        -            148   4.9e-19   67.6  18.3   3   8     0.012         1    8.2   0.0    31    57   102   128    94   144 0.81 -
TRINITY_DN28124_c0_g1_i1:413-1828  -            472 382000at33208        -            148   4.9e-19   67.6  18.3   4   8   7.3e-05     0.006   15.4   0.0    12    66   170   231   138   248 0.59 -
TRINITY_DN28124_c0_g1_i1:413-1828  -            472 382000at33208        -            148   4.9e-19   67.6  18.3   5   8    0.0064      0.53    9.1   0.2    32    63   350   384   320   389 0.72 -
TRINITY_DN28124_c0_g1_i1:413-1828  -            472 382000at33208        -            148   4.9e-19   67.6  18.3   6   8    0.0016      0.13   11.1   0.3     9    53   345   394   339   409 0.68 -
TRINITY_DN28124_c0_g1_i1:413-1828  -            472 382000at33208        -            148   4.9e-19   67.6  18.3   7   8      0.49        40    3.0   0.7    22    63   388   430   377   441 0.72 -
TRINITY_DN28124_c0_g1_i1:413-1828  -            472 382000at33208        -            148   4.9e-19   67.6  18.3   8   8      0.02       1.6    7.5   0.2    13    56   418   470   411   472 0.63 -
TRINITY_DN7707_c0_g1_i2:917-2281   -            455 382000at33208        -            148   9.6e-17   60.2  33.7   1  10       1.8   1.5e+02    1.1   0.0    29    61    14    46    10    51 0.85 -
TRINITY_DN7707_c0_g1_i2:917-2281   -            455 382000at33208        -            148   9.6e-17   60.2  33.7   2  10    0.0036      0.29   10.0   1.8    15    63    43    99    34   104 0.67 -
TRINITY_DN7707_c0_g1_i2:917-2281   -            455 382000at33208        -            148   9.6e-17   60.2  33.7   3  10   0.00019     0.015   14.1   2.5    12    61    86   143    79   145 0.74 -
TRINITY_DN7707_c0_g1_i2:917-2281   -            455 382000at33208        -            148   9.6e-17   60.2  33.7   4  10   0.00015     0.013   14.4   1.1    12    64   132   192   131   197 0.73 -
TRINITY_DN7707_c0_g1_i2:917-2281   -            455 382000at33208        -            148   9.6e-17   60.2  33.7   5  10    0.0017      0.14   11.0   1.9    11    63   154   214   147   220 0.60 -
TRINITY_DN7707_c0_g1_i2:917-2281   -            455 382000at33208        -            148   9.6e-17   60.2  33.7   6  10     0.002      0.16   10.8   0.2    33    75   204   258   195   284 0.70 -
TRINITY_DN7707_c0_g1_i2:917-2281   -            455 382000at33208        -            148   9.6e-17   60.2  33.7   7  10     0.012      0.98    8.3   0.2    24    54   325   356   302   368 0.62 -
TRINITY_DN7707_c0_g1_i2:917-2281   -            455 382000at33208        -            148   9.6e-17   60.2  33.7   8  10   0.00013      0.01   14.7   0.7    14    64   334   392   332   396 0.76 -
TRINITY_DN7707_c0_g1_i2:917-2281   -            455 382000at33208        -            148   9.6e-17   60.2  33.7   9  10   2.9e-05    0.0024   16.7   1.3    12    65   355   416   351   422 0.78 -
TRINITY_DN7707_c0_g1_i2:917-2281   -            455 382000at33208        -            148   9.6e-17   60.2  33.7  10  10    0.0006     0.049   12.5   0.3    12    54   401   448   399   454 0.83 -
TRINITY_DN7707_c0_g1_i5:917-2281   -            455 382000at33208        -            148   1.1e-16   60.0  33.9   1  13       1.7   1.4e+02    1.2   0.0    29    61    14    46     8    50 0.85 -
TRINITY_DN7707_c0_g1_i5:917-2281   -            455 382000at33208        -            148   1.1e-16   60.0  33.9   2  13     0.045       3.7    6.4   0.2    28    67    38    80    17    85 0.76 -
TRINITY_DN7707_c0_g1_i5:917-2281   -            455 382000at33208        -            148   1.1e-16   60.0  33.9   3  13    0.0043      0.36    9.7   1.7    15    63    43    99    38   104 0.65 -
TRINITY_DN7707_c0_g1_i5:917-2281   -            455 382000at33208        -            148   1.1e-16   60.0  33.9   4  13    0.0059      0.49    9.2   4.5    12    63    63   122    57   125 0.70 -
TRINITY_DN7707_c0_g1_i5:917-2281   -            455 382000at33208        -            148   1.1e-16   60.0  33.9   5  13   0.00022     0.018   13.9   2.0    12    61    86   143    84   145 0.74 -
TRINITY_DN7707_c0_g1_i5:917-2281   -            455 382000at33208        -            148   1.1e-16   60.0  33.9   6  13    0.0001    0.0084   15.0   1.1    12    65   132   193   130   199 0.73 -
TRINITY_DN7707_c0_g1_i5:917-2281   -            455 382000at33208        -            148   1.1e-16   60.0  33.9   7  13    0.0065      0.53    9.1   2.9    12    63   155   214   152   219 0.61 -
TRINITY_DN7707_c0_g1_i5:917-2281   -            455 382000at33208        -            148   1.1e-16   60.0  33.9   8  13    0.0021      0.17   10.7   0.2    33    75   204   258   195   279 0.68 -
TRINITY_DN7707_c0_g1_i5:917-2281   -            455 382000at33208        -            148   1.1e-16   60.0  33.9   9  13      0.23        19    4.1   0.1    36    61   315   343   283   348 0.72 -
TRINITY_DN7707_c0_g1_i5:917-2281   -            455 382000at33208        -            148   1.1e-16   60.0  33.9  10  13      0.01      0.83    8.5   0.2    24    61   325   366   303   370 0.62 -
TRINITY_DN7707_c0_g1_i5:917-2281   -            455 382000at33208        -            148   1.1e-16   60.0  33.9  11  13   0.00013     0.011   14.6   0.8    14    64   334   392   332   400 0.76 -
TRINITY_DN7707_c0_g1_i5:917-2281   -            455 382000at33208        -            148   1.1e-16   60.0  33.9  12  13   3.2e-05    0.0026   16.6   1.4    12    65   355   416   352   422 0.78 -
TRINITY_DN7707_c0_g1_i5:917-2281   -            455 382000at33208        -            148   1.1e-16   60.0  33.9  13  13   0.00062     0.051   12.4   0.5    12    54   401   448   398   454 0.83 -
TRINITY_DN7707_c0_g1_i9:917-2047   -            377 382000at33208        -            148   6.8e-16   57.4  29.0   1   9   9.6e-05    0.0079   15.0   1.9    12    61     8    65     1    67 0.74 -
TRINITY_DN7707_c0_g1_i9:917-2047   -            377 382000at33208        -            148   6.8e-16   57.4  29.0   2   9   0.00011    0.0087   14.9   0.9    12    63    54   113    53   118 0.72 -
TRINITY_DN7707_c0_g1_i9:917-2047   -            377 382000at33208        -            148   6.8e-16   57.4  29.0   3   9    0.0031      0.26   10.1   2.2    12    63    77   136    75   142 0.61 -
TRINITY_DN7707_c0_g1_i9:917-2047   -            377 382000at33208        -            148   6.8e-16   57.4  29.0   4   9    0.0015      0.12   11.2   0.2    32    75   125   180   115   200 0.68 -
TRINITY_DN7707_c0_g1_i9:917-2047   -            377 382000at33208        -            148   6.8e-16   57.4  29.0   5   9      0.26        21    3.9   0.1    36    60   237   264   210   267 0.72 -
TRINITY_DN7707_c0_g1_i9:917-2047   -            377 382000at33208        -            148   6.8e-16   57.4  29.0   6   9    0.0096      0.79    8.6   0.3    24    54   247   278   225   290 0.62 -
TRINITY_DN7707_c0_g1_i9:917-2047   -            377 382000at33208        -            148   6.8e-16   57.4  29.0   7   9   0.00016     0.013   14.4   0.5    16    64   258   314   256   318 0.74 -
TRINITY_DN7707_c0_g1_i9:917-2047   -            377 382000at33208        -            148   6.8e-16   57.4  29.0   8   9   2.1e-05    0.0017   17.2   1.0    12    65   277   338   275   344 0.78 -
TRINITY_DN7707_c0_g1_i9:917-2047   -            377 382000at33208        -            148   6.8e-16   57.4  29.0   9   9   0.00046     0.037   12.8   0.3    12    54   323   370   321   376 0.83 -
TRINITY_DN3531_c0_g1_i11:4153-4908 -            252 382000at33208        -            148   4.3e-14   51.6  10.4   1   5   7.1e-06   0.00058   18.7   0.1     8    54    23    74    17    86 0.75 -
TRINITY_DN3531_c0_g1_i11:4153-4908 -            252 382000at33208        -            148   4.3e-14   51.6  10.4   2   5   0.00041     0.033   13.0   0.2    12    54    73   120    73   130 0.79 -
TRINITY_DN3531_c0_g1_i11:4153-4908 -            252 382000at33208        -            148   4.3e-14   51.6  10.4   3   5    0.0086      0.71    8.7   0.1    27    62   138   177   122   178 0.70 -
TRINITY_DN3531_c0_g1_i11:4153-4908 -            252 382000at33208        -            148   4.3e-14   51.6  10.4   4   5    0.0011     0.091   11.6   0.1    12    53   142   188   135   204 0.67 -
TRINITY_DN3531_c0_g1_i11:4153-4908 -            252 382000at33208        -            148   4.3e-14   51.6  10.4   5   5   0.00085      0.07   12.0   0.2    24    60   204   244   189   250 0.65 -
TRINITY_DN3531_c0_g1_i12:4182-4937 -            252 382000at33208        -            148   4.3e-14   51.6  10.4   1   5   7.1e-06   0.00058   18.7   0.1     8    54    23    74    17    86 0.75 -
TRINITY_DN3531_c0_g1_i12:4182-4937 -            252 382000at33208        -            148   4.3e-14   51.6  10.4   2   5   0.00041     0.033   13.0   0.2    12    54    73   120    73   130 0.79 -
TRINITY_DN3531_c0_g1_i12:4182-4937 -            252 382000at33208        -            148   4.3e-14   51.6  10.4   3   5    0.0086      0.71    8.7   0.1    27    62   138   177   122   178 0.70 -
TRINITY_DN3531_c0_g1_i12:4182-4937 -            252 382000at33208        -            148   4.3e-14   51.6  10.4   4   5    0.0011     0.091   11.6   0.1    12    53   142   188   135   204 0.67 -
TRINITY_DN3531_c0_g1_i12:4182-4937 -            252 382000at33208        -            148   4.3e-14   51.6  10.4   5   5   0.00085      0.07   12.0   0.2    24    60   204   244   189   250 0.65 -
TRINITY_DN3531_c0_g1_i5:4168-4923  -            252 382000at33208        -            148   4.3e-14   51.6  10.4   1   5   7.1e-06   0.00058   18.7   0.1     8    54    23    74    17    86 0.75 -
TRINITY_DN3531_c0_g1_i5:4168-4923  -            252 382000at33208        -            148   4.3e-14   51.6  10.4   2   5   0.00041     0.033   13.0   0.2    12    54    73   120    73   130 0.79 -
TRINITY_DN3531_c0_g1_i5:4168-4923  -            252 382000at33208        -            148   4.3e-14   51.6  10.4   3   5    0.0086      0.71    8.7   0.1    27    62   138   177   122   178 0.70 -
TRINITY_DN3531_c0_g1_i5:4168-4923  -            252 382000at33208        -            148   4.3e-14   51.6  10.4   4   5    0.0011     0.091   11.6   0.1    12    53   142   188   135   204 0.67 -
TRINITY_DN3531_c0_g1_i5:4168-4923  -            252 382000at33208        -            148   4.3e-14   51.6  10.4   5   5   0.00085      0.07   12.0   0.2    24    60   204   244   189   250 0.65 -
TRINITY_DN3531_c0_g1_i6:385-1140   -            252 382000at33208        -            148   4.3e-14   51.6  10.4   1   5   7.1e-06   0.00058   18.7   0.1     8    54    23    74    17    86 0.75 -
TRINITY_DN3531_c0_g1_i6:385-1140   -            252 382000at33208        -            148   4.3e-14   51.6  10.4   2   5   0.00041     0.033   13.0   0.2    12    54    73   120    73   130 0.79 -
TRINITY_DN3531_c0_g1_i6:385-1140   -            252 382000at33208        -            148   4.3e-14   51.6  10.4   3   5    0.0086      0.71    8.7   0.1    27    62   138   177   122   178 0.70 -
TRINITY_DN3531_c0_g1_i6:385-1140   -            252 382000at33208        -            148   4.3e-14   51.6  10.4   4   5    0.0011     0.091   11.6   0.1    12    53   142   188   135   204 0.67 -
TRINITY_DN3531_c0_g1_i6:385-1140   -            252 382000at33208        -            148   4.3e-14   51.6  10.4   5   5   0.00085      0.07   12.0   0.2    24    60   204   244   189   250 0.65 -
TRINITY_DN3531_c0_g1_i8:3822-4577  -            252 382000at33208        -            148   4.3e-14   51.6  10.4   1   5   7.1e-06   0.00058   18.7   0.1     8    54    23    74    17    86 0.75 -
TRINITY_DN3531_c0_g1_i8:3822-4577  -            252 382000at33208        -            148   4.3e-14   51.6  10.4   2   5   0.00041     0.033   13.0   0.2    12    54    73   120    73   130 0.79 -
TRINITY_DN3531_c0_g1_i8:3822-4577  -            252 382000at33208        -            148   4.3e-14   51.6  10.4   3   5    0.0086      0.71    8.7   0.1    27    62   138   177   122   178 0.70 -
TRINITY_DN3531_c0_g1_i8:3822-4577  -            252 382000at33208        -            148   4.3e-14   51.6  10.4   4   5    0.0011     0.091   11.6   0.1    12    53   142   188   135   204 0.67 -
TRINITY_DN3531_c0_g1_i8:3822-4577  -            252 382000at33208        -            148   4.3e-14   51.6  10.4   5   5   0.00085      0.07   12.0   0.2    24    60   204   244   189   250 0.65 -
TRINITY_DN3531_c0_g1_i9:4153-4908  -            252 382000at33208        -            148   4.3e-14   51.6  10.4   1   5   7.1e-06   0.00058   18.7   0.1     8    54    23    74    17    86 0.75 -
TRINITY_DN3531_c0_g1_i9:4153-4908  -            252 382000at33208        -            148   4.3e-14   51.6  10.4   2   5   0.00041     0.033   13.0   0.2    12    54    73   120    73   130 0.79 -
TRINITY_DN3531_c0_g1_i9:4153-4908  -            252 382000at33208        -            148   4.3e-14   51.6  10.4   3   5    0.0086      0.71    8.7   0.1    27    62   138   177   122   178 0.70 -
TRINITY_DN3531_c0_g1_i9:4153-4908  -            252 382000at33208        -            148   4.3e-14   51.6  10.4   4   5    0.0011     0.091   11.6   0.1    12    53   142   188   135   204 0.67 -
TRINITY_DN3531_c0_g1_i9:4153-4908  -            252 382000at33208        -            148   4.3e-14   51.6  10.4   5   5   0.00085      0.07   12.0   0.2    24    60   204   244   189   250 0.65 -
TRINITY_DN46809_c0_g1_i2:250-1260  -            337 382000at33208        -            148   2.6e-13   49.0  16.4   1   6   1.6e-05    0.0014   17.5   0.2    11    54    80   128    73   131 0.82 -
TRINITY_DN46809_c0_g1_i2:250-1260  -            337 382000at33208        -            148   2.6e-13   49.0  16.4   2   6    0.0069      0.57    9.0   0.3    32    62   129   162   120   168 0.72 -
TRINITY_DN46809_c0_g1_i2:250-1260  -            337 382000at33208        -            148   2.6e-13   49.0  16.4   3   6   1.4e-05    0.0012   17.7   1.1    10    63   171   232   164   236 0.76 -
TRINITY_DN46809_c0_g1_i2:250-1260  -            337 382000at33208        -            148   2.6e-13   49.0  16.4   4   6      0.01      0.86    8.4   0.6    32    54   221   243   202   256 0.61 -
TRINITY_DN46809_c0_g1_i2:250-1260  -            337 382000at33208        -            148   2.6e-13   49.0  16.4   5   6     0.087       7.1    5.5   0.2    32    63   244   278   234   284 0.75 -
TRINITY_DN46809_c0_g1_i2:250-1260  -            337 382000at33208        -            148   2.6e-13   49.0  16.4   6   6     0.021       1.7    7.4   0.0    22    62   283   325   274   329 0.75 -
TRINITY_DN46809_c0_g1_i1:1061-2077 -            339 382000at33208        -            148   2.8e-13   49.0  16.4   1   7     2e-05    0.0017   17.2   0.2    11    53    80   127    73   129 0.81 -
TRINITY_DN46809_c0_g1_i1:1061-2077 -            339 382000at33208        -            148   2.8e-13   49.0  16.4   2   7    0.0068      0.56    9.0   0.3    32    62   129   162   120   169 0.73 -
TRINITY_DN46809_c0_g1_i1:1061-2077 -            339 382000at33208        -            148   2.8e-13   49.0  16.4   3   7    0.0019      0.16   10.8   1.2    15    63   153   209   150   213 0.54 -
TRINITY_DN46809_c0_g1_i1:1061-2077 -            339 382000at33208        -            148   2.8e-13   49.0  16.4   4   7     1e-05   0.00083   18.2   0.7    10    63   171   232   163   237 0.76 -
TRINITY_DN46809_c0_g1_i1:1061-2077 -            339 382000at33208        -            148   2.8e-13   49.0  16.4   5   7     0.015       1.2    7.9   0.2    32    60   221   252   212   258 0.76 -
TRINITY_DN46809_c0_g1_i1:1061-2077 -            339 382000at33208        -            148   2.8e-13   49.0  16.4   6   7     0.083       6.8    5.5   0.2    32    63   244   278   233   284 0.75 -
TRINITY_DN46809_c0_g1_i1:1061-2077 -            339 382000at33208        -            148   2.8e-13   49.0  16.4   7   7     0.015       1.2    8.0   0.1    17    62   278   325   265   329 0.74 -
TRINITY_DN16739_c0_g1_i4:53-865    -            271 382000at33208        -            148   1.7e-12   46.4  41.5   1   6     0.014       1.1    8.0   1.3    29    63    36    72    23    80 0.81 -
TRINITY_DN16739_c0_g1_i4:53-865    -            271 382000at33208        -            148   1.7e-12   46.4  41.5   2   6     2e-06   0.00016   20.5   4.7    12    63    81   138    74   144 0.86 -
TRINITY_DN16739_c0_g1_i4:53-865    -            271 382000at33208        -            148   1.7e-12   46.4  41.5   3   6   2.6e-06   0.00022   20.1   5.7    12    63   103   160    95   166 0.86 -
TRINITY_DN16739_c0_g1_i4:53-865    -            271 382000at33208        -            148   1.7e-12   46.4  41.5   4   6   2.6e-05    0.0021   16.9   6.0    12    63   147   204   140   211 0.85 -
TRINITY_DN16739_c0_g1_i4:53-865    -            271 382000at33208        -            148   1.7e-12   46.4  41.5   5   6   3.4e-06   0.00028   19.8   6.1    12    63   169   226   162   233 0.86 -
TRINITY_DN16739_c0_g1_i4:53-865    -            271 382000at33208        -            148   1.7e-12   46.4  41.5   6   6   4.3e-05    0.0035   16.2   8.4    12    63   213   270   206   271 0.87 -
TRINITY_DN16739_c0_g1_i3:53-865    -            271 382000at33208        -            148   3.6e-12   45.4  41.6   1   5    0.0015      0.12   11.2   4.8    13    63    38    94    30   100 0.83 -
TRINITY_DN16739_c0_g1_i3:53-865    -            271 382000at33208        -            148   3.6e-12   45.4  41.6   2   5   1.4e-06   0.00012   21.0   4.0    12    63    81   138    72   140 0.86 -
TRINITY_DN16739_c0_g1_i3:53-865    -            271 382000at33208        -            148   3.6e-12   45.4  41.6   3   5   2.8e-06   0.00023   20.0   5.8    12    63   103   160    96   167 0.86 -
TRINITY_DN16739_c0_g1_i3:53-865    -            271 382000at33208        -            148   3.6e-12   45.4  41.6   4   5   3.2e-06   0.00026   19.8   5.5    12    63   169   226   162   230 0.87 -
TRINITY_DN16739_c0_g1_i3:53-865    -            271 382000at33208        -            148   3.6e-12   45.4  41.6   5   5     4e-05    0.0032   16.3   7.6    12    63   213   270   211   271 0.88 -
TRINITY_DN16739_c0_g1_i8:53-865    -            271 382000at33208        -            148   3.8e-12   45.3  41.4   1   5    0.0014      0.11   11.3   4.7    13    63    38    94    28   100 0.83 -
TRINITY_DN16739_c0_g1_i8:53-865    -            271 382000at33208        -            148   3.8e-12   45.3  41.4   2   5   1.4e-06   0.00011   21.0   4.0    12    63    81   138    72   140 0.86 -
TRINITY_DN16739_c0_g1_i8:53-865    -            271 382000at33208        -            148   3.8e-12   45.3  41.4   3   5   2.7e-06   0.00022   20.1   5.7    12    63   103   160    96   167 0.86 -
TRINITY_DN16739_c0_g1_i8:53-865    -            271 382000at33208        -            148   3.8e-12   45.3  41.4   4   5   4.4e-06   0.00036   19.4   5.8    12    63   169   226   162   232 0.87 -
TRINITY_DN16739_c0_g1_i8:53-865    -            271 382000at33208        -            148   3.8e-12   45.3  41.4   5   5   4.7e-05    0.0038   16.1   7.4    12    63   213   270   212   271 0.88 -
TRINITY_DN10796_c0_g1_i14:157-933  -            259 382000at33208        -            148   2.2e-10   39.5  13.1   1   4   6.3e-06   0.00052   18.9   1.8    10    53    33    81    26    94 0.82 -
TRINITY_DN10796_c0_g1_i14:157-933  -            259 382000at33208        -            148   2.2e-10   39.5  13.1   2   4    0.0067      0.55    9.1   0.2    14    54   129   174   122   175 0.69 -
TRINITY_DN10796_c0_g1_i14:157-933  -            259 382000at33208        -            148   2.2e-10   39.5  13.1   3   4   2.3e-05    0.0019   17.0   0.1    12    56   173   222   171   237 0.76 -
TRINITY_DN10796_c0_g1_i14:157-933  -            259 382000at33208        -            148   2.2e-10   39.5  13.1   4   4      0.93        76    2.1   0.1    19    46   233   258   221   259 0.53 -
TRINITY_DN10796_c0_g1_i1:157-933   -            259 382000at33208        -            148   2.2e-10   39.5  13.1   1   4   6.3e-06   0.00052   18.9   1.8    10    53    33    81    26    94 0.82 -
TRINITY_DN10796_c0_g1_i1:157-933   -            259 382000at33208        -            148   2.2e-10   39.5  13.1   2   4    0.0067      0.55    9.1   0.2    14    54   129   174   122   175 0.69 -
TRINITY_DN10796_c0_g1_i1:157-933   -            259 382000at33208        -            148   2.2e-10   39.5  13.1   3   4   2.3e-05    0.0019   17.0   0.1    12    56   173   222   171   237 0.76 -
TRINITY_DN10796_c0_g1_i1:157-933   -            259 382000at33208        -            148   2.2e-10   39.5  13.1   4   4      0.93        76    2.1   0.1    19    46   233   258   221   259 0.53 -
TRINITY_DN10796_c0_g1_i6:157-933   -            259 382000at33208        -            148   2.2e-10   39.5  13.1   1   4   6.3e-06   0.00052   18.9   1.8    10    53    33    81    26    94 0.82 -
TRINITY_DN10796_c0_g1_i6:157-933   -            259 382000at33208        -            148   2.2e-10   39.5  13.1   2   4    0.0067      0.55    9.1   0.2    14    54   129   174   122   175 0.69 -
TRINITY_DN10796_c0_g1_i6:157-933   -            259 382000at33208        -            148   2.2e-10   39.5  13.1   3   4   2.3e-05    0.0019   17.0   0.1    12    56   173   222   171   237 0.76 -
TRINITY_DN10796_c0_g1_i6:157-933   -            259 382000at33208        -            148   2.2e-10   39.5  13.1   4   4      0.93        76    2.1   0.1    19    46   233   258   221   259 0.53 -
TRINITY_DN10796_c0_g1_i9:157-933   -            259 382000at33208        -            148   2.2e-10   39.5  13.1   1   4   6.3e-06   0.00052   18.9   1.8    10    53    33    81    26    94 0.82 -
TRINITY_DN10796_c0_g1_i9:157-933   -            259 382000at33208        -            148   2.2e-10   39.5  13.1   2   4    0.0067      0.55    9.1   0.2    14    54   129   174   122   175 0.69 -
TRINITY_DN10796_c0_g1_i9:157-933   -            259 382000at33208        -            148   2.2e-10   39.5  13.1   3   4   2.3e-05    0.0019   17.0   0.1    12    56   173   222   171   237 0.76 -
TRINITY_DN10796_c0_g1_i9:157-933   -            259 382000at33208        -            148   2.2e-10   39.5  13.1   4   4      0.93        76    2.1   0.1    19    46   233   258   221   259 0.53 -
TRINITY_DN7707_c0_g1_i10:917-1591  -            225 382000at33208        -            148     1e-09   37.4   8.4   1   5       1.3   1.1e+02    1.6   0.0    38    61     2    28     1    46 0.66 -
TRINITY_DN7707_c0_g1_i10:917-1591  -            225 382000at33208        -            148     1e-09   37.4   8.4   2   5     0.088       7.2    5.4   0.1    37    62    86   114    64   119 0.70 -
TRINITY_DN7707_c0_g1_i10:917-1591  -            225 382000at33208        -            148     1e-09   37.4   8.4   3   5    0.0001    0.0082   15.0   0.7    17    63   107   161   105   165 0.73 -
TRINITY_DN7707_c0_g1_i10:917-1591  -            225 382000at33208        -            148     1e-09   37.4   8.4   4   5   5.3e-05    0.0043   15.9   1.0    25    65   142   186   128   191 0.70 -
TRINITY_DN7707_c0_g1_i10:917-1591  -            225 382000at33208        -            148     1e-09   37.4   8.4   5   5   0.00024      0.02   13.7   0.4    12    54   171   218   170   224 0.82 -
TRINITY_DN7707_c0_g1_i4:682-1356   -            225 382000at33208        -            148     1e-09   37.4   8.4   1   5       1.3   1.1e+02    1.6   0.0    38    61     2    28     1    46 0.66 -
TRINITY_DN7707_c0_g1_i4:682-1356   -            225 382000at33208        -            148     1e-09   37.4   8.4   2   5     0.088       7.2    5.4   0.1    37    62    86   114    64   119 0.70 -
TRINITY_DN7707_c0_g1_i4:682-1356   -            225 382000at33208        -            148     1e-09   37.4   8.4   3   5    0.0001    0.0082   15.0   0.7    17    63   107   161   105   165 0.73 -
TRINITY_DN7707_c0_g1_i4:682-1356   -            225 382000at33208        -            148     1e-09   37.4   8.4   4   5   5.3e-05    0.0043   15.9   1.0    25    65   142   186   128   191 0.70 -
TRINITY_DN7707_c0_g1_i4:682-1356   -            225 382000at33208        -            148     1e-09   37.4   8.4   5   5   0.00024      0.02   13.7   0.4    12    54   171   218   170   224 0.82 -
TRINITY_DN39385_c0_g1_i7:329-715   -            129 382000at33208        -            148   1.4e-09   36.9   7.7   1   2   5.4e-05    0.0044   15.9   0.8    12    45     6    43     2    50 0.67 -
TRINITY_DN39385_c0_g1_i7:329-715   -            129 382000at33208        -            148   1.4e-09   36.9   7.7   2   2   9.8e-08   8.1e-06   24.8   1.8    11    66    49   111    43   119 0.82 -
TRINITY_DN13766_c0_g1_i1:137-766   -            210 382000at33208        -            148   3.1e-09   35.8  18.0   1   5    0.0022      0.18   10.6   0.2    31    67    20    59     4    60 0.81 -
TRINITY_DN13766_c0_g1_i1:137-766   -            210 382000at33208        -            148   3.1e-09   35.8  18.0   2   5   7.6e-05    0.0063   15.4   2.5    14    62    21    77    18    84 0.70 -
TRINITY_DN13766_c0_g1_i1:137-766   -            210 382000at33208        -            148   3.1e-09   35.8  18.0   3   5     0.028       2.3    7.0   1.2    32    60    67    95    60   110 0.67 -
TRINITY_DN13766_c0_g1_i1:137-766   -            210 382000at33208        -            148   3.1e-09   35.8  18.0   4   5   0.00031     0.025   13.4   1.4    11    67    87   151    84   156 0.76 -
TRINITY_DN13766_c0_g1_i1:137-766   -            210 382000at33208        -            148   3.1e-09   35.8  18.0   5   5     9e-06   0.00074   18.4   1.9    12    55   134   182   128   193 0.80 -
TRINITY_DN13766_c0_g1_i2:137-766   -            210 382000at33208        -            148   3.1e-09   35.8  18.0   1   5    0.0022      0.18   10.6   0.2    31    67    20    59     4    60 0.81 -
TRINITY_DN13766_c0_g1_i2:137-766   -            210 382000at33208        -            148   3.1e-09   35.8  18.0   2   5   7.6e-05    0.0063   15.4   2.5    14    62    21    77    18    84 0.70 -
TRINITY_DN13766_c0_g1_i2:137-766   -            210 382000at33208        -            148   3.1e-09   35.8  18.0   3   5     0.028       2.3    7.0   1.2    32    60    67    95    60   110 0.67 -
TRINITY_DN13766_c0_g1_i2:137-766   -            210 382000at33208        -            148   3.1e-09   35.8  18.0   4   5   0.00031     0.025   13.4   1.4    11    67    87   151    84   156 0.76 -
TRINITY_DN13766_c0_g1_i2:137-766   -            210 382000at33208        -            148   3.1e-09   35.8  18.0   5   5     9e-06   0.00074   18.4   1.9    12    55   134   182   128   193 0.80 -
TRINITY_DN4642_c0_g1_i1:1368-2186  -            273 382000at33208        -            148   5.9e-09   34.9  11.4   1   5   4.2e-05    0.0034   16.2   2.1    21    63    32    81    21    87 0.73 -
TRINITY_DN4642_c0_g1_i1:1368-2186  -            273 382000at33208        -            148   5.9e-09   34.9  11.4   2   5   0.00025     0.021   13.7   3.2    32    64    47    82    43   105 0.57 -
TRINITY_DN4642_c0_g1_i1:1368-2186  -            273 382000at33208        -            148   5.9e-09   34.9  11.4   3   5      0.87        71    2.2   0.1    25    61    85   125    82   130 0.69 -
TRINITY_DN4642_c0_g1_i1:1368-2186  -            273 382000at33208        -            148   5.9e-09   34.9  11.4   4   5     0.011      0.88    8.4   0.2    32    54   141   163   114   165 0.77 -
TRINITY_DN4642_c0_g1_i1:1368-2186  -            273 382000at33208        -            148   5.9e-09   34.9  11.4   5   5   3.4e-06   0.00028   19.8   0.4    12    63   139   198   136   206 0.80 -
TRINITY_DN2199_c0_g1_i1:40-708     -            223 382000at33208        -            148   1.1e-08   34.1  16.0   1   5    0.0015      0.13   11.1   0.5    27    63    49    89    30    96 0.78 -
TRINITY_DN2199_c0_g1_i1:40-708     -            223 382000at33208        -            148   1.1e-08   34.1  16.0   2   5    0.0016      0.13   11.1   0.9    14    53    55    99    51   118 0.50 -
TRINITY_DN2199_c0_g1_i1:40-708     -            223 382000at33208        -            148   1.1e-08   34.1  16.0   3   5    0.0025      0.21   10.4   0.3    32    63   101   135    91   136 0.80 -
TRINITY_DN2199_c0_g1_i1:40-708     -            223 382000at33208        -            148   1.1e-08   34.1  16.0   4   5   3.6e-05     0.003   16.4   0.5    12    55   122   169   115   185 0.76 -
TRINITY_DN2199_c0_g1_i1:40-708     -            223 382000at33208        -            148   1.1e-08   34.1  16.0   5   5   0.00053     0.044   12.6   1.5    28    58   188   221   174   223 0.77 -
TRINITY_DN4468_c0_g1_i10:236-928   -            231 382000at33208        -            148     2e-08   33.2  11.4   1   3   2.6e-05    0.0021   16.9   0.7     9    68    59   124    52   128 0.82 -
TRINITY_DN4468_c0_g1_i10:236-928   -            231 382000at33208        -            148     2e-08   33.2  11.4   2   3   2.1e-06   0.00017   20.4   2.6    12    75   106   176   105   181 0.79 -
TRINITY_DN4468_c0_g1_i10:236-928   -            231 382000at33208        -            148     2e-08   33.2  11.4   3   3     0.048       3.9    6.3   0.1    32    77   177   225   174   229 0.76 -
TRINITY_DN4468_c0_g1_i12:236-928   -            231 382000at33208        -            148     2e-08   33.2  11.4   1   3   2.6e-05    0.0021   16.9   0.7     9    68    59   124    52   128 0.82 -
TRINITY_DN4468_c0_g1_i12:236-928   -            231 382000at33208        -            148     2e-08   33.2  11.4   2   3   2.1e-06   0.00017   20.4   2.6    12    75   106   176   105   181 0.79 -
TRINITY_DN4468_c0_g1_i12:236-928   -            231 382000at33208        -            148     2e-08   33.2  11.4   3   3     0.048       3.9    6.3   0.1    32    77   177   225   174   229 0.76 -
TRINITY_DN4468_c0_g1_i13:236-928   -            231 382000at33208        -            148     2e-08   33.2  11.4   1   3   2.6e-05    0.0021   16.9   0.7     9    68    59   124    52   128 0.82 -
TRINITY_DN4468_c0_g1_i13:236-928   -            231 382000at33208        -            148     2e-08   33.2  11.4   2   3   2.1e-06   0.00017   20.4   2.6    12    75   106   176   105   181 0.79 -
TRINITY_DN4468_c0_g1_i13:236-928   -            231 382000at33208        -            148     2e-08   33.2  11.4   3   3     0.048       3.9    6.3   0.1    32    77   177   225   174   229 0.76 -
TRINITY_DN4468_c0_g1_i15:236-928   -            231 382000at33208        -            148     2e-08   33.2  11.4   1   3   2.6e-05    0.0021   16.9   0.7     9    68    59   124    52   128 0.82 -
TRINITY_DN4468_c0_g1_i15:236-928   -            231 382000at33208        -            148     2e-08   33.2  11.4   2   3   2.1e-06   0.00017   20.4   2.6    12    75   106   176   105   181 0.79 -
TRINITY_DN4468_c0_g1_i15:236-928   -            231 382000at33208        -            148     2e-08   33.2  11.4   3   3     0.048       3.9    6.3   0.1    32    77   177   225   174   229 0.76 -
TRINITY_DN4468_c0_g1_i16:236-928   -            231 382000at33208        -            148     2e-08   33.2  11.4   1   3   2.6e-05    0.0021   16.9   0.7     9    68    59   124    52   128 0.82 -
TRINITY_DN4468_c0_g1_i16:236-928   -            231 382000at33208        -            148     2e-08   33.2  11.4   2   3   2.1e-06   0.00017   20.4   2.6    12    75   106   176   105   181 0.79 -
TRINITY_DN4468_c0_g1_i16:236-928   -            231 382000at33208        -            148     2e-08   33.2  11.4   3   3     0.048       3.9    6.3   0.1    32    77   177   225   174   229 0.76 -
TRINITY_DN4468_c0_g1_i20:236-928   -            231 382000at33208        -            148     2e-08   33.2  11.4   1   3   2.6e-05    0.0021   16.9   0.7     9    68    59   124    52   128 0.82 -
TRINITY_DN4468_c0_g1_i20:236-928   -            231 382000at33208        -            148     2e-08   33.2  11.4   2   3   2.1e-06   0.00017   20.4   2.6    12    75   106   176   105   181 0.79 -
TRINITY_DN4468_c0_g1_i20:236-928   -            231 382000at33208        -            148     2e-08   33.2  11.4   3   3     0.048       3.9    6.3   0.1    32    77   177   225   174   229 0.76 -
TRINITY_DN4468_c0_g1_i26:236-928   -            231 382000at33208        -            148     2e-08   33.2  11.4   1   3   2.6e-05    0.0021   16.9   0.7     9    68    59   124    52   128 0.82 -
TRINITY_DN4468_c0_g1_i26:236-928   -            231 382000at33208        -            148     2e-08   33.2  11.4   2   3   2.1e-06   0.00017   20.4   2.6    12    75   106   176   105   181 0.79 -
TRINITY_DN4468_c0_g1_i26:236-928   -            231 382000at33208        -            148     2e-08   33.2  11.4   3   3     0.048       3.9    6.3   0.1    32    77   177   225   174   229 0.76 -
TRINITY_DN4468_c0_g1_i28:236-928   -            231 382000at33208        -            148     2e-08   33.2  11.4   1   3   2.6e-05    0.0021   16.9   0.7     9    68    59   124    52   128 0.82 -
TRINITY_DN4468_c0_g1_i28:236-928   -            231 382000at33208        -            148     2e-08   33.2  11.4   2   3   2.1e-06   0.00017   20.4   2.6    12    75   106   176   105   181 0.79 -
TRINITY_DN4468_c0_g1_i28:236-928   -            231 382000at33208        -            148     2e-08   33.2  11.4   3   3     0.048       3.9    6.3   0.1    32    77   177   225   174   229 0.76 -
TRINITY_DN4468_c0_g1_i32:236-928   -            231 382000at33208        -            148     2e-08   33.2  11.4   1   3   2.6e-05    0.0021   16.9   0.7     9    68    59   124    52   128 0.82 -
TRINITY_DN4468_c0_g1_i32:236-928   -            231 382000at33208        -            148     2e-08   33.2  11.4   2   3   2.1e-06   0.00017   20.4   2.6    12    75   106   176   105   181 0.79 -
TRINITY_DN4468_c0_g1_i32:236-928   -            231 382000at33208        -            148     2e-08   33.2  11.4   3   3     0.048       3.9    6.3   0.1    32    77   177   225   174   229 0.76 -
TRINITY_DN4468_c0_g1_i3:236-928    -            231 382000at33208        -            148     2e-08   33.2  11.4   1   3   2.6e-05    0.0021   16.9   0.7     9    68    59   124    52   128 0.82 -
TRINITY_DN4468_c0_g1_i3:236-928    -            231 382000at33208        -            148     2e-08   33.2  11.4   2   3   2.1e-06   0.00017   20.4   2.6    12    75   106   176   105   181 0.79 -
TRINITY_DN4468_c0_g1_i3:236-928    -            231 382000at33208        -            148     2e-08   33.2  11.4   3   3     0.048       3.9    6.3   0.1    32    77   177   225   174   229 0.76 -
TRINITY_DN4468_c0_g1_i5:236-928    -            231 382000at33208        -            148     2e-08   33.2  11.4   1   3   2.6e-05    0.0021   16.9   0.7     9    68    59   124    52   128 0.82 -
TRINITY_DN4468_c0_g1_i5:236-928    -            231 382000at33208        -            148     2e-08   33.2  11.4   2   3   2.1e-06   0.00017   20.4   2.6    12    75   106   176   105   181 0.79 -
TRINITY_DN4468_c0_g1_i5:236-928    -            231 382000at33208        -            148     2e-08   33.2  11.4   3   3     0.048       3.9    6.3   0.1    32    77   177   225   174   229 0.76 -
TRINITY_DN46809_c0_g1_i3:456-956   -            167 382000at33208        -            148   2.4e-08   33.0  11.3   1   3     2e-07   1.6e-05   23.8   4.4    12    63     9    68     2    71 0.78 -
TRINITY_DN46809_c0_g1_i3:456-956   -            167 382000at33208        -            148   2.4e-08   33.0  11.3   2   3   0.00024     0.019   13.8   0.4    27    55    51    80    47   100 0.48 -
TRINITY_DN46809_c0_g1_i3:456-956   -            167 382000at33208        -            148   2.4e-08   33.0  11.3   3   3     0.011      0.89    8.4   0.6    29    69    76   121    70   156 0.67 -
TRINITY_DN6973_c0_g2_i1:250-759    -            170 382000at33208        -            148   4.2e-08   32.2   4.4   1   3   0.00068     0.055   12.3   0.1    28    54    44    71    17    72 0.76 -
TRINITY_DN6973_c0_g2_i1:250-759    -            170 382000at33208        -            148   4.2e-08   32.2   4.4   2   3   0.00014     0.012   14.5   0.3    32    63    72   106    71   111 0.80 -
TRINITY_DN6973_c0_g2_i1:250-759    -            170 382000at33208        -            148   4.2e-08   32.2   4.4   3   3      0.02       1.6    7.6   0.1    26    56   111   143    94   170 0.51 -
TRINITY_DN6973_c0_g2_i2:250-759    -            170 382000at33208        -            148   4.2e-08   32.2   4.4   1   3   0.00068     0.055   12.3   0.1    28    54    44    71    17    72 0.76 -
TRINITY_DN6973_c0_g2_i2:250-759    -            170 382000at33208        -            148   4.2e-08   32.2   4.4   2   3   0.00014     0.012   14.5   0.3    32    63    72   106    71   111 0.80 -
TRINITY_DN6973_c0_g2_i2:250-759    -            170 382000at33208        -            148   4.2e-08   32.2   4.4   3   3      0.02       1.6    7.6   0.1    26    56   111   143    94   170 0.51 -
TRINITY_DN170_c0_g1_i10:175-882    -            236 382000at33208        -            148     5e-08   31.9   9.0   1   5    0.0008     0.065   12.1   0.4    32    65    41    77     8    83 0.68 -
TRINITY_DN170_c0_g1_i10:175-882    -            236 382000at33208        -            148     5e-08   31.9   9.0   2   5     4e-05    0.0032   16.3   1.5     9    62    36    97    31   102 0.74 -
TRINITY_DN170_c0_g1_i10:175-882    -            236 382000at33208        -            148     5e-08   31.9   9.0   3   5   0.00052     0.043   12.7   1.3    12    62    62   121    61   128 0.72 -
TRINITY_DN170_c0_g1_i10:175-882    -            236 382000at33208        -            148     5e-08   31.9   9.0   4   5   0.00078     0.064   12.1   0.1    32    63   134   167   123   172 0.74 -
TRINITY_DN170_c0_g1_i10:175-882    -            236 382000at33208        -            148     5e-08   31.9   9.0   5   5   0.00086     0.071   12.0   0.2    24    60   148   187   143   203 0.83 -
TRINITY_DN170_c0_g1_i11:211-918    -            236 382000at33208        -            148     5e-08   31.9   9.0   1   5    0.0008     0.065   12.1   0.4    32    65    41    77     8    83 0.68 -
TRINITY_DN170_c0_g1_i11:211-918    -            236 382000at33208        -            148     5e-08   31.9   9.0   2   5     4e-05    0.0032   16.3   1.5     9    62    36    97    31   102 0.74 -
TRINITY_DN170_c0_g1_i11:211-918    -            236 382000at33208        -            148     5e-08   31.9   9.0   3   5   0.00052     0.043   12.7   1.3    12    62    62   121    61   128 0.72 -
TRINITY_DN170_c0_g1_i11:211-918    -            236 382000at33208        -            148     5e-08   31.9   9.0   4   5   0.00078     0.064   12.1   0.1    32    63   134   167   123   172 0.74 -
TRINITY_DN170_c0_g1_i11:211-918    -            236 382000at33208        -            148     5e-08   31.9   9.0   5   5   0.00086     0.071   12.0   0.2    24    60   148   187   143   203 0.83 -
TRINITY_DN170_c0_g1_i1:208-915     -            236 382000at33208        -            148     5e-08   31.9   9.0   1   5    0.0008     0.065   12.1   0.4    32    65    41    77     8    83 0.68 -
TRINITY_DN170_c0_g1_i1:208-915     -            236 382000at33208        -            148     5e-08   31.9   9.0   2   5     4e-05    0.0032   16.3   1.5     9    62    36    97    31   102 0.74 -
TRINITY_DN170_c0_g1_i1:208-915     -            236 382000at33208        -            148     5e-08   31.9   9.0   3   5   0.00052     0.043   12.7   1.3    12    62    62   121    61   128 0.72 -
TRINITY_DN170_c0_g1_i1:208-915     -            236 382000at33208        -            148     5e-08   31.9   9.0   4   5   0.00078     0.064   12.1   0.1    32    63   134   167   123   172 0.74 -
TRINITY_DN170_c0_g1_i1:208-915     -            236 382000at33208        -            148     5e-08   31.9   9.0   5   5   0.00086     0.071   12.0   0.2    24    60   148   187   143   203 0.83 -
TRINITY_DN170_c0_g1_i2:209-916     -            236 382000at33208        -            148     5e-08   31.9   9.0   1   5    0.0008     0.065   12.1   0.4    32    65    41    77     8    83 0.68 -
TRINITY_DN170_c0_g1_i2:209-916     -            236 382000at33208        -            148     5e-08   31.9   9.0   2   5     4e-05    0.0032   16.3   1.5     9    62    36    97    31   102 0.74 -
TRINITY_DN170_c0_g1_i2:209-916     -            236 382000at33208        -            148     5e-08   31.9   9.0   3   5   0.00052     0.043   12.7   1.3    12    62    62   121    61   128 0.72 -
TRINITY_DN170_c0_g1_i2:209-916     -            236 382000at33208        -            148     5e-08   31.9   9.0   4   5   0.00078     0.064   12.1   0.1    32    63   134   167   123   172 0.74 -
TRINITY_DN170_c0_g1_i2:209-916     -            236 382000at33208        -            148     5e-08   31.9   9.0   5   5   0.00086     0.071   12.0   0.2    24    60   148   187   143   203 0.83 -
TRINITY_DN39385_c0_g1_i2:278-730   -            151 382000at33208        -            148     5e-08   31.9  10.6   1   2   0.00057     0.047   12.5   2.2    31    63    12    46     3    54 0.82 -
TRINITY_DN39385_c0_g1_i2:278-730   -            151 382000at33208        -            148     5e-08   31.9  10.6   2   2   1.7e-07   1.4e-05   23.9   2.4    10    66    53   116    46   133 0.83 -
TRINITY_DN1918_c0_g1_i11:57-1187   -            377 382000at33208        -            148   5.8e-08   31.7  38.2   1   7     0.043       3.5    6.5   2.2    10    57    29    81    22    95 0.60 -
TRINITY_DN1918_c0_g1_i11:57-1187   -            377 382000at33208        -            148   5.8e-08   31.7  38.2   2   7      0.15        12    4.7   1.0    23    55    94   127    68   138 0.58 -
TRINITY_DN1918_c0_g1_i11:57-1187   -            377 382000at33208        -            148   5.8e-08   31.7  38.2   3   7     0.027       2.2    7.1   0.4    15    53   105   149    94   151 0.64 -
TRINITY_DN1918_c0_g1_i11:57-1187   -            377 382000at33208        -            148   5.8e-08   31.7  38.2   4   7    0.0029      0.24   10.2   6.2    13    61   126   183   123   193 0.71 -
TRINITY_DN1918_c0_g1_i11:57-1187   -            377 382000at33208        -            148   5.8e-08   31.7  38.2   5   7     0.018       1.4    7.7   2.0    13    64   206   258   193   266 0.66 -
TRINITY_DN1918_c0_g1_i11:57-1187   -            377 382000at33208        -            148   5.8e-08   31.7  38.2   6   7    0.0011     0.091   11.6   1.0    11    54   243   291   239   309 0.71 -
TRINITY_DN1918_c0_g1_i11:57-1187   -            377 382000at33208        -            148   5.8e-08   31.7  38.2   7   7    0.0021      0.18   10.7   0.3    33    73   318   370   306   374 0.68 -
TRINITY_DN1918_c0_g1_i7:57-1187    -            377 382000at33208        -            148   5.8e-08   31.7  38.2   1   7     0.043       3.5    6.5   2.2    10    57    29    81    22    95 0.60 -
TRINITY_DN1918_c0_g1_i7:57-1187    -            377 382000at33208        -            148   5.8e-08   31.7  38.2   2   7      0.15        12    4.7   1.0    23    55    94   127    68   138 0.58 -
TRINITY_DN1918_c0_g1_i7:57-1187    -            377 382000at33208        -            148   5.8e-08   31.7  38.2   3   7     0.027       2.2    7.1   0.4    15    53   105   149    94   151 0.64 -
TRINITY_DN1918_c0_g1_i7:57-1187    -            377 382000at33208        -            148   5.8e-08   31.7  38.2   4   7    0.0029      0.24   10.2   6.2    13    61   126   183   123   193 0.71 -
TRINITY_DN1918_c0_g1_i7:57-1187    -            377 382000at33208        -            148   5.8e-08   31.7  38.2   5   7     0.018       1.4    7.7   2.0    13    64   206   258   193   266 0.66 -
TRINITY_DN1918_c0_g1_i7:57-1187    -            377 382000at33208        -            148   5.8e-08   31.7  38.2   6   7    0.0011     0.091   11.6   1.0    11    54   243   291   239   309 0.71 -
TRINITY_DN1918_c0_g1_i7:57-1187    -            377 382000at33208        -            148   5.8e-08   31.7  38.2   7   7    0.0021      0.18   10.7   0.3    33    73   318   370   306   374 0.68 -
TRINITY_DN1918_c0_g1_i8:57-1187    -            377 382000at33208        -            148   5.8e-08   31.7  38.2   1   7     0.043       3.5    6.5   2.2    10    57    29    81    22    95 0.60 -
TRINITY_DN1918_c0_g1_i8:57-1187    -            377 382000at33208        -            148   5.8e-08   31.7  38.2   2   7      0.15        12    4.7   1.0    23    55    94   127    68   138 0.58 -
TRINITY_DN1918_c0_g1_i8:57-1187    -            377 382000at33208        -            148   5.8e-08   31.7  38.2   3   7     0.027       2.2    7.1   0.4    15    53   105   149    94   151 0.64 -
TRINITY_DN1918_c0_g1_i8:57-1187    -            377 382000at33208        -            148   5.8e-08   31.7  38.2   4   7    0.0029      0.24   10.2   6.2    13    61   126   183   123   193 0.71 -
TRINITY_DN1918_c0_g1_i8:57-1187    -            377 382000at33208        -            148   5.8e-08   31.7  38.2   5   7     0.018       1.4    7.7   2.0    13    64   206   258   193   266 0.66 -
TRINITY_DN1918_c0_g1_i8:57-1187    -            377 382000at33208        -            148   5.8e-08   31.7  38.2   6   7    0.0011     0.091   11.6   1.0    11    54   243   291   239   309 0.71 -
TRINITY_DN1918_c0_g1_i8:57-1187    -            377 382000at33208        -            148   5.8e-08   31.7  38.2   7   7    0.0021      0.18   10.7   0.3    33    73   318   370   306   374 0.68 -
TRINITY_DN51083_c0_g1_i1:360-968   -            203 382000at33208        -            148   6.5e-08   31.6   9.9   1   3   0.00058     0.048   12.5   0.7    33    61     5    36     1    59 0.86 -
TRINITY_DN51083_c0_g1_i1:360-968   -            203 382000at33208        -            148   6.5e-08   31.6   9.9   2   3   3.2e-05    0.0026   16.6   0.3     9    61    68   129    62   133 0.79 -
TRINITY_DN51083_c0_g1_i1:360-968   -            203 382000at33208        -            148   6.5e-08   31.6   9.9   3   3     0.016       1.4    7.8   0.1    32    54   174   196   153   203 0.79 -
TRINITY_DN53205_c0_g1_i4:3-524     -            174 382000at33208        -            148   7.9e-08   31.3  14.7   1   3    0.0018      0.15   10.9   3.8    12    63    46   103    38   109 0.84 -
TRINITY_DN53205_c0_g1_i4:3-524     -            174 382000at33208        -            148   7.9e-08   31.3  14.7   2   3   1.8e-05    0.0015   17.4   6.2    12    63    68   125    61   131 0.87 -
TRINITY_DN53205_c0_g1_i4:3-524     -            174 382000at33208        -            148   7.9e-08   31.3  14.7   3   3   8.7e-08   7.1e-06   24.9   3.9    12    66   112   173   105   174 0.84 -
TRINITY_DN13944_c0_g1_i3:201-632   -            144 382000at33208        -            148   9.1e-08   31.1   4.4   1   1     2e-08   1.6e-06   27.0   3.9    10    74    19   101    12   128 0.76 -
TRINITY_DN53205_c0_g1_i1:243-713   -            157 382000at33208        -            148   1.2e-07   30.7  16.9   1   3   0.00086     0.071   12.0   2.7    12    63    14    71     6    73 0.84 -
TRINITY_DN53205_c0_g1_i1:243-713   -            157 382000at33208        -            148   1.2e-07   30.7  16.9   2   3   1.5e-05    0.0013   17.6   6.2    12    63    36    93    30   100 0.88 -
TRINITY_DN53205_c0_g1_i1:243-713   -            157 382000at33208        -            148   1.2e-07   30.7  16.9   3   3     1e-05   0.00082   18.2   1.2    12    60   102   157    96   157 0.80 -
TRINITY_DN57348_c0_g1_i2:5222-5617 -            132 382000at33208        -            148   4.3e-07   28.9   7.0   1   3    0.0023      0.18   10.6   1.3    31    60     8    40     1    47 0.78 -
TRINITY_DN57348_c0_g1_i2:5222-5617 -            132 382000at33208        -            148   4.3e-07   28.9   7.0   2   3   7.6e-06   0.00062   18.6   0.1    12    54    53    99    47   107 0.78 -
TRINITY_DN57348_c0_g1_i2:5222-5617 -            132 382000at33208        -            148   4.3e-07   28.9   7.0   3   3      0.29        24    3.8   0.1    31    54    99   123    96   128 0.82 -
TRINITY_DN57348_c0_g1_i4:5222-5617 -            132 382000at33208        -            148   4.3e-07   28.9   7.0   1   3    0.0023      0.18   10.6   1.3    31    60     8    40     1    47 0.78 -
TRINITY_DN57348_c0_g1_i4:5222-5617 -            132 382000at33208        -            148   4.3e-07   28.9   7.0   2   3   7.6e-06   0.00062   18.6   0.1    12    54    53    99    47   107 0.78 -
TRINITY_DN57348_c0_g1_i4:5222-5617 -            132 382000at33208        -            148   4.3e-07   28.9   7.0   3   3      0.29        24    3.8   0.1    31    54    99   123    96   128 0.82 -
TRINITY_DN57348_c0_g1_i6:5231-5626 -            132 382000at33208        -            148   4.3e-07   28.9   7.0   1   3    0.0023      0.18   10.6   1.3    31    60     8    40     1    47 0.78 -
TRINITY_DN57348_c0_g1_i6:5231-5626 -            132 382000at33208        -            148   4.3e-07   28.9   7.0   2   3   7.6e-06   0.00062   18.6   0.1    12    54    53    99    47   107 0.78 -
TRINITY_DN57348_c0_g1_i6:5231-5626 -            132 382000at33208        -            148   4.3e-07   28.9   7.0   3   3      0.29        24    3.8   0.1    31    54    99   123    96   128 0.82 -
TRINITY_DN57348_c0_g1_i7:5222-5617 -            132 382000at33208        -            148   4.3e-07   28.9   7.0   1   3    0.0023      0.18   10.6   1.3    31    60     8    40     1    47 0.78 -
TRINITY_DN57348_c0_g1_i7:5222-5617 -            132 382000at33208        -            148   4.3e-07   28.9   7.0   2   3   7.6e-06   0.00062   18.6   0.1    12    54    53    99    47   107 0.78 -
TRINITY_DN57348_c0_g1_i7:5222-5617 -            132 382000at33208        -            148   4.3e-07   28.9   7.0   3   3      0.29        24    3.8   0.1    31    54    99   123    96   128 0.82 -
TRINITY_DN57348_c0_g1_i8:5231-5626 -            132 382000at33208        -            148   4.3e-07   28.9   7.0   1   3    0.0023      0.18   10.6   1.3    31    60     8    40     1    47 0.78 -
TRINITY_DN57348_c0_g1_i8:5231-5626 -            132 382000at33208        -            148   4.3e-07   28.9   7.0   2   3   7.6e-06   0.00062   18.6   0.1    12    54    53    99    47   107 0.78 -
TRINITY_DN57348_c0_g1_i8:5231-5626 -            132 382000at33208        -            148   4.3e-07   28.9   7.0   3   3      0.29        24    3.8   0.1    31    54    99   123    96   128 0.82 -
TRINITY_DN14653_c0_g1_i1:49-1308   -            420 382000at33208        -            148   7.4e-07   28.1  13.4   1   4    0.0008     0.066   12.1   0.4    27    60   173   210   151   221 0.70 -
TRINITY_DN14653_c0_g1_i1:49-1308   -            420 382000at33208        -            148   7.4e-07   28.1  13.4   2   4      0.21        18    4.2   0.5    32    65   228   264   215   271 0.77 -
TRINITY_DN14653_c0_g1_i1:49-1308   -            420 382000at33208        -            148   7.4e-07   28.1  13.4   3   4   0.00015     0.013   14.4   2.3    15   112   252   346   240   374 0.63 -
TRINITY_DN14653_c0_g1_i1:49-1308   -            420 382000at33208        -            148   7.4e-07   28.1  13.4   4   4      0.31        26    3.6   0.0   131   144   398   411   382   413 0.82 -
TRINITY_DN14653_c0_g1_i2:290-1549  -            420 382000at33208        -            148   7.4e-07   28.1  13.4   1   4    0.0008     0.066   12.1   0.4    27    60   173   210   151   221 0.70 -
TRINITY_DN14653_c0_g1_i2:290-1549  -            420 382000at33208        -            148   7.4e-07   28.1  13.4   2   4      0.21        18    4.2   0.5    32    65   228   264   215   271 0.77 -
TRINITY_DN14653_c0_g1_i2:290-1549  -            420 382000at33208        -            148   7.4e-07   28.1  13.4   3   4   0.00015     0.013   14.4   2.3    15   112   252   346   240   374 0.63 -
TRINITY_DN14653_c0_g1_i2:290-1549  -            420 382000at33208        -            148   7.4e-07   28.1  13.4   4   4      0.31        26    3.6   0.0   131   144   398   411   382   413 0.82 -
TRINITY_DN16047_c0_g1_i1:242-601   -            120 382000at33208        -            148   9.2e-07   27.8   4.7   1   2   6.2e-06   0.00051   18.9   0.4    33    67    14    51     4    52 0.81 -
TRINITY_DN16047_c0_g1_i1:242-601   -            120 382000at33208        -            148   9.2e-07   27.8   4.7   2   2   2.9e-05    0.0024   16.7   1.8    32    67    36    74    34   102 0.80 -
TRINITY_DN25233_c0_g1_i9:6-368     -            121 382000at33208        -            148     1e-06   27.7   8.2   1   2   0.00011    0.0088   14.9   3.6    12    63    10    67     3    73 0.84 -
TRINITY_DN25233_c0_g1_i9:6-368     -            121 382000at33208        -            148     1e-06   27.7   8.2   2   2   3.9e-06   0.00032   19.6   2.0    12    67    54   116    53   119 0.82 -
TRINITY_DN1918_c0_g1_i11:666-1271  -            202 382000at33208        -            148   1.3e-06   27.3   9.4   1   3    0.0068      0.56    9.0   0.5    20    64    10    55     2    61 0.73 -
TRINITY_DN1918_c0_g1_i11:666-1271  -            202 382000at33208        -            148   1.3e-06   27.3   9.4   2   3     0.001     0.085   11.7   0.6    30    54    63    88    42   105 0.65 -
TRINITY_DN1918_c0_g1_i11:666-1271  -            202 382000at33208        -            148   1.3e-06   27.3   9.4   3   3   0.00079     0.065   12.1   0.3    33    73   115   167   106   172 0.68 -
TRINITY_DN1918_c0_g1_i7:666-1271   -            202 382000at33208        -            148   1.3e-06   27.3   9.4   1   3    0.0068      0.56    9.0   0.5    20    64    10    55     2    61 0.73 -
TRINITY_DN1918_c0_g1_i7:666-1271   -            202 382000at33208        -            148   1.3e-06   27.3   9.4   2   3     0.001     0.085   11.7   0.6    30    54    63    88    42   105 0.65 -
TRINITY_DN1918_c0_g1_i7:666-1271   -            202 382000at33208        -            148   1.3e-06   27.3   9.4   3   3   0.00079     0.065   12.1   0.3    33    73   115   167   106   172 0.68 -
TRINITY_DN1918_c0_g1_i8:666-1271   -            202 382000at33208        -            148   1.3e-06   27.3   9.4   1   3    0.0068      0.56    9.0   0.5    20    64    10    55     2    61 0.73 -
TRINITY_DN1918_c0_g1_i8:666-1271   -            202 382000at33208        -            148   1.3e-06   27.3   9.4   2   3     0.001     0.085   11.7   0.6    30    54    63    88    42   105 0.65 -
TRINITY_DN1918_c0_g1_i8:666-1271   -            202 382000at33208        -            148   1.3e-06   27.3   9.4   3   3   0.00079     0.065   12.1   0.3    33    73   115   167   106   172 0.68 -
TRINITY_DN18926_c1_g1_i1:1-267     -             89 382000at33208        -            148   1.7e-06   27.0   1.5   1   1   2.7e-08   2.2e-06   26.6   1.5    12    68     2    65     1    80 0.83 -
TRINITY_DN25331_c1_g1_i5:575-1054  -            160 382000at33208        -            148   2.7e-06   26.3  10.5   1   3   4.8e-06   0.00039   19.3   4.3    12    63    18    75     6    77 0.82 -
TRINITY_DN25331_c1_g1_i5:575-1054  -            160 382000at33208        -            148   2.7e-06   26.3  10.5   2   3   4.5e-05    0.0037   16.1   3.9    12    64    40    98    39   102 0.85 -
TRINITY_DN25331_c1_g1_i5:575-1054  -            160 382000at33208        -            148   2.7e-06   26.3  10.5   3   3     0.045       3.7    6.4   0.1    25    51   101   128    84   148 0.71 -
TRINITY_DN275_c0_g1_i1:331-1275    -            315 382000at33208        -            148   3.8e-06   25.8  26.4   1   4     0.014       1.2    8.0   1.0    12    54    11    58     6    75 0.56 -
TRINITY_DN275_c0_g1_i1:331-1275    -            315 382000at33208        -            148   3.8e-06   25.8  26.4   2   4   2.2e-05    0.0018   17.1   3.3    17    67    70   121    63   126 0.77 -
TRINITY_DN275_c0_g1_i1:331-1275    -            315 382000at33208        -            148   3.8e-06   25.8  26.4   3   4    0.0045      0.37    9.6   0.4    28    65   124   165   117   171 0.73 -
TRINITY_DN275_c0_g1_i1:331-1275    -            315 382000at33208        -            148   3.8e-06   25.8  26.4   4   4       1.1        88    1.9   5.8    33    71   176   216   157   307 0.74 -
TRINITY_DN10796_c0_g1_i13:9-308    -            100 382000at33208        -            148   5.2e-06   25.4   0.4   1   2    0.0025      0.21   10.4   0.0    33    67     3    40     1    51 0.80 -
TRINITY_DN10796_c0_g1_i13:9-308    -            100 382000at33208        -            148   5.2e-06   25.4   0.4   2   2   0.00047     0.038   12.8   0.3    12    54    46    93    44   100 0.74 -
TRINITY_DN29874_c0_g1_i2:695-2710  -            672 382000at33208        -            148   1.6e-05   23.8  14.3   1   3      0.06       4.9    6.0   0.3    32    67    40    78    16    90 0.74 -
TRINITY_DN29874_c0_g1_i2:695-2710  -            672 382000at33208        -            148   1.6e-05   23.8  14.3   2   3   0.00013     0.011   14.6   2.7    10    64   106   167    99   173 0.79 -
TRINITY_DN29874_c0_g1_i2:695-2710  -            672 382000at33208        -            148   1.6e-05   23.8  14.3   3   3     0.011      0.91    8.3   0.3    32    66   178   215   172   224 0.75 -
TRINITY_DN11268_c0_g1_i1:243-746   -            168 382000at33208        -            148   1.7e-05   23.7  15.0   1   3      0.18        14    4.5   1.7    33    68     1    39     1    44 0.79 -
TRINITY_DN11268_c0_g1_i1:243-746   -            168 382000at33208        -            148   1.7e-05   23.7  15.0   2   3    0.0091      0.75    8.6   8.4    27    81    40    97    21   107 0.71 -
TRINITY_DN11268_c0_g1_i1:243-746   -            168 382000at33208        -            148   1.7e-05   23.7  15.0   3   3   0.00021     0.018   13.9   0.1     9    54   110   160   104   166 0.83 -
TRINITY_DN11268_c0_g1_i2:226-729   -            168 382000at33208        -            148   1.7e-05   23.7  15.0   1   3      0.18        14    4.5   1.7    33    68     1    39     1    44 0.79 -
TRINITY_DN11268_c0_g1_i2:226-729   -            168 382000at33208        -            148   1.7e-05   23.7  15.0   2   3    0.0091      0.75    8.6   8.4    27    81    40    97    21   107 0.71 -
TRINITY_DN11268_c0_g1_i2:226-729   -            168 382000at33208        -            148   1.7e-05   23.7  15.0   3   3   0.00021     0.018   13.9   0.1     9    54   110   160   104   166 0.83 -
TRINITY_DN11268_c0_g1_i3:170-673   -            168 382000at33208        -            148   1.7e-05   23.7  15.0   1   3      0.18        14    4.5   1.7    33    68     1    39     1    44 0.79 -
TRINITY_DN11268_c0_g1_i3:170-673   -            168 382000at33208        -            148   1.7e-05   23.7  15.0   2   3    0.0091      0.75    8.6   8.4    27    81    40    97    21   107 0.71 -
TRINITY_DN11268_c0_g1_i3:170-673   -            168 382000at33208        -            148   1.7e-05   23.7  15.0   3   3   0.00021     0.018   13.9   0.1     9    54   110   160   104   166 0.83 -
TRINITY_DN29874_c0_g1_i3:695-3139  -            815 382000at33208        -            148   3.2e-05   22.8  14.1   1   3      0.07       5.7    5.8   0.3    32    68    40    79    13    91 0.74 -
TRINITY_DN29874_c0_g1_i3:695-3139  -            815 382000at33208        -            148   3.2e-05   22.8  14.1   2   3   0.00014     0.011   14.5   2.4    10    64   106   167    99   172 0.79 -
TRINITY_DN29874_c0_g1_i3:695-3139  -            815 382000at33208        -            148   3.2e-05   22.8  14.1   3   3    0.0024       0.2   10.5   2.1    10    66   151   215   150   223 0.71 -
TRINITY_DN26576_c0_g2_i6:548-1687  -            380 382000at33208        -            148   5.2e-05   22.1  10.3   1   7      0.28        23    3.8   0.0    33    62    23    56     1    62 0.62 -
TRINITY_DN26576_c0_g2_i6:548-1687  -            380 382000at33208        -            148   5.2e-05   22.1  10.3   2   7      0.87        72    2.2   0.3    30    61    67   103    44   118 0.56 -
TRINITY_DN26576_c0_g2_i6:548-1687  -            380 382000at33208        -            148   5.2e-05   22.1  10.3   3   7    0.0094      0.77    8.6   0.7    30    62   116   152    90   164 0.72 -
TRINITY_DN26576_c0_g2_i6:548-1687  -            380 382000at33208        -            148   5.2e-05   22.1  10.3   4   7      0.11       9.1    5.1   0.1    31    63   165   201   158   205 0.80 -
TRINITY_DN26576_c0_g2_i6:548-1687  -            380 382000at33208        -            148   5.2e-05   22.1  10.3   5   7      0.24        20    4.0   0.0    14    62   214   272   206   283 0.61 -
TRINITY_DN26576_c0_g2_i6:548-1687  -            380 382000at33208        -            148   5.2e-05   22.1  10.3   6   7      0.29        24    3.7   0.0    13    48   237   278   229   303 0.54 -
TRINITY_DN26576_c0_g2_i6:548-1687  -            380 382000at33208        -            148   5.2e-05   22.1  10.3   7   7       5.2   4.3e+02   -0.3   0.1    48    70   330   351   288   368 0.65 -
TRINITY_DN2664_c0_g1_i1:409-987    -            193 382000at33208        -            148   5.2e-05   22.1   8.0   1   3     0.029       2.4    7.0   0.1    30    62    67   103    32   108 0.81 -
TRINITY_DN2664_c0_g1_i1:409-987    -            193 382000at33208        -            148   5.2e-05   22.1   8.0   2   3   0.00013     0.011   14.6   5.1    14    65    93   154    91   166 0.66 -
TRINITY_DN2664_c0_g1_i1:409-987    -            193 382000at33208        -            148   5.2e-05   22.1   8.0   3   3       1.6   1.3e+02    1.4   0.0    32    54   167   190   156   193 0.70 -
TRINITY_DN2664_c0_g1_i2:409-987    -            193 382000at33208        -            148   5.2e-05   22.1   8.0   1   3     0.029       2.4    7.0   0.1    30    62    67   103    32   108 0.81 -
TRINITY_DN2664_c0_g1_i2:409-987    -            193 382000at33208        -            148   5.2e-05   22.1   8.0   2   3   0.00013     0.011   14.6   5.1    14    65    93   154    91   166 0.66 -
TRINITY_DN2664_c0_g1_i2:409-987    -            193 382000at33208        -            148   5.2e-05   22.1   8.0   3   3       1.6   1.3e+02    1.4   0.0    32    54   167   190   156   193 0.70 -
TRINITY_DN2664_c0_g1_i5:409-987    -            193 382000at33208        -            148   5.2e-05   22.1   8.0   1   3     0.029       2.4    7.0   0.1    30    62    67   103    32   108 0.81 -
TRINITY_DN2664_c0_g1_i5:409-987    -            193 382000at33208        -            148   5.2e-05   22.1   8.0   2   3   0.00013     0.011   14.6   5.1    14    65    93   154    91   166 0.66 -
TRINITY_DN2664_c0_g1_i5:409-987    -            193 382000at33208        -            148   5.2e-05   22.1   8.0   3   3       1.6   1.3e+02    1.4   0.0    32    54   167   190   156   193 0.70 -
TRINITY_DN11583_c0_g1_i3:4514-5026 -            171 382000at33208        -            148   5.2e-05   22.1   7.7   1   3   0.00091     0.075   11.9   0.2    28    65    33    75     8    83 0.74 -
TRINITY_DN11583_c0_g1_i3:4514-5026 -            171 382000at33208        -            148   5.2e-05   22.1   7.7   2   3   0.00056     0.046   12.6   1.0    10    64    81   145    76   156 0.75 -
TRINITY_DN11583_c0_g1_i3:4514-5026 -            171 382000at33208        -            148   5.2e-05   22.1   7.7   3   3      0.04       3.3    6.5   0.3    32    61   133   169   125   171 0.73 -
TRINITY_DN11583_c0_g1_i5:4514-5026 -            171 382000at33208        -            148   5.2e-05   22.1   7.7   1   3   0.00091     0.075   11.9   0.2    28    65    33    75     8    83 0.74 -
TRINITY_DN11583_c0_g1_i5:4514-5026 -            171 382000at33208        -            148   5.2e-05   22.1   7.7   2   3   0.00056     0.046   12.6   1.0    10    64    81   145    76   156 0.75 -
TRINITY_DN11583_c0_g1_i5:4514-5026 -            171 382000at33208        -            148   5.2e-05   22.1   7.7   3   3      0.04       3.3    6.5   0.3    32    61   133   169   125   171 0.73 -
TRINITY_DN3006_c0_g1_i10:3061-3633 -            191 382000at33208        -            148     8e-05   21.5  16.9   1   3    0.0023      0.19   10.6   2.0    14    63    23    74     9    79 0.73 -
TRINITY_DN3006_c0_g1_i10:3061-3633 -            191 382000at33208        -            148     8e-05   21.5  16.9   2   3   0.00013      0.01   14.7   1.3    24    62    81   121    74   129 0.77 -
TRINITY_DN3006_c0_g1_i10:3061-3633 -            191 382000at33208        -            148     8e-05   21.5  16.9   3   3      0.12        10    5.0   0.9    13    45   134   172   127   191 0.42 -
TRINITY_DN3006_c0_g1_i14:3074-3646 -            191 382000at33208        -            148     8e-05   21.5  16.9   1   3    0.0023      0.19   10.6   2.0    14    63    23    74     9    79 0.73 -
TRINITY_DN3006_c0_g1_i14:3074-3646 -            191 382000at33208        -            148     8e-05   21.5  16.9   2   3   0.00013      0.01   14.7   1.3    24    62    81   121    74   129 0.77 -
TRINITY_DN3006_c0_g1_i14:3074-3646 -            191 382000at33208        -            148     8e-05   21.5  16.9   3   3      0.12        10    5.0   0.9    13    45   134   172   127   191 0.42 -
TRINITY_DN3006_c0_g1_i9:3074-3646  -            191 382000at33208        -            148     8e-05   21.5  16.9   1   3    0.0023      0.19   10.6   2.0    14    63    23    74     9    79 0.73 -
TRINITY_DN3006_c0_g1_i9:3074-3646  -            191 382000at33208        -            148     8e-05   21.5  16.9   2   3   0.00013      0.01   14.7   1.3    24    62    81   121    74   129 0.77 -
TRINITY_DN3006_c0_g1_i9:3074-3646  -            191 382000at33208        -            148     8e-05   21.5  16.9   3   3      0.12        10    5.0   0.9    13    45   134   172   127   191 0.42 -
TRINITY_DN39385_c0_g1_i1:329-646   -            106 382000at33208        -            148   0.00012   21.0   6.0   1   2   0.00049      0.04   12.8   0.7    31    63     6    40     1    46 0.85 -
TRINITY_DN39385_c0_g1_i1:329-646   -            106 382000at33208        -            148   0.00012   21.0   6.0   2   2   3.1e-05    0.0026   16.6   3.4    12    66    27    88    25    95 0.82 -
TRINITY_DN18704_c0_g2_i2:6215-6598 -            128 382000at33208        -            148   0.00026   19.9   4.5   1   2    0.0013       0.1   11.4   1.9    11    44     7    45     4    50 0.51 -
TRINITY_DN18704_c0_g2_i2:6215-6598 -            128 382000at33208        -            148   0.00026   19.9   4.5   2   2     0.012         1    8.2   0.0    11    58    73   128    68   128 0.77 -
TRINITY_DN18704_c0_g2_i7:6215-6643 -            143 382000at33208        -            148   0.00036   19.4   4.6   1   2    0.0014      0.12   11.3   1.9    11    44    22    60    16    65 0.54 -
TRINITY_DN18704_c0_g2_i7:6215-6643 -            143 382000at33208        -            148   0.00036   19.4   4.6   2   2     0.016       1.3    7.9   0.0    11    58    88   143    83   143 0.77 -
TRINITY_DN179854_c0_g1_i1:14-202   -             63 382000at33208        -            148   0.00048   19.0   0.5   1   1     0.003      0.25   10.2   0.1    33    61     1    32     1    34 0.69 -
TRINITY_DN1230_c1_g1_i4:312-719    -            136 382000at33208        -            148    0.0013   17.6   2.7   1   1   4.5e-05    0.0037   16.1   2.7    12    64    19    78     3   100 0.78 -
TRINITY_DN1230_c1_g1_i5:302-709    -            136 382000at33208        -            148    0.0013   17.6   2.7   1   1   4.5e-05    0.0037   16.1   2.7    12    64    19    78     3   100 0.78 -
TRINITY_DN11583_c0_g1_i2:3962-4417 -            152 382000at33208        -            148     0.002   17.0   0.3   1   2      0.84        69    2.3   0.0    32    46    33    47    22    75 0.64 -
TRINITY_DN11583_c0_g1_i2:3962-4417 -            152 382000at33208        -            148     0.002   17.0   0.3   2   2   0.00043     0.035   12.9   0.1    29    55    79   105    51   120 0.71 -
TRINITY_DN11583_c0_g1_i3:3962-4417 -            152 382000at33208        -            148     0.002   17.0   0.3   1   2      0.84        69    2.3   0.0    32    46    33    47    22    75 0.64 -
TRINITY_DN11583_c0_g1_i3:3962-4417 -            152 382000at33208        -            148     0.002   17.0   0.3   2   2   0.00043     0.035   12.9   0.1    29    55    79   105    51   120 0.71 -
TRINITY_DN11583_c0_g1_i4:1390-1845 -            152 382000at33208        -            148     0.002   17.0   0.3   1   2      0.84        69    2.3   0.0    32    46    33    47    22    75 0.64 -
TRINITY_DN11583_c0_g1_i4:1390-1845 -            152 382000at33208        -            148     0.002   17.0   0.3   2   2   0.00043     0.035   12.9   0.1    29    55    79   105    51   120 0.71 -
TRINITY_DN11583_c0_g1_i5:3962-4417 -            152 382000at33208        -            148     0.002   17.0   0.3   1   2      0.84        69    2.3   0.0    32    46    33    47    22    75 0.64 -
TRINITY_DN11583_c0_g1_i5:3962-4417 -            152 382000at33208        -            148     0.002   17.0   0.3   2   2   0.00043     0.035   12.9   0.1    29    55    79   105    51   120 0.71 -
TRINITY_DN16739_c0_g1_i9:56-280    -             75 382000at33208        -            148    0.0023   16.8   4.3   1   1   3.6e-05    0.0029   16.4   4.3    11    63    12    70     5    73 0.85 -
TRINITY_DN14016_c0_g1_i1:93-299    -             69 382000at33208        -            148    0.0023   16.8   4.7   1   1   4.4e-05    0.0036   16.2   4.6    12    61    13    68     5    69 0.85 -
TRINITY_DN12258_c0_g1_i2:329-901   -            191 382000at33208        -            148    0.0025   16.7   4.8   1   3       6.4   5.3e+02   -0.6   0.0     5    43     3    38     1    42 0.56 -
TRINITY_DN12258_c0_g1_i2:329-901   -            191 382000at33208        -            148    0.0025   16.7   4.8   2   3   0.00032     0.026   13.4   0.3    16    64    61   109    47   125 0.79 -
TRINITY_DN12258_c0_g1_i2:329-901   -            191 382000at33208        -            148    0.0025   16.7   4.8   3   3      0.24        19    4.0   0.2    26    62   141   179   125   187 0.70 -
TRINITY_DN17625_c0_g1_i1:941-1519  -            193 382000at33208        -            148    0.0047   15.8   5.9   1   2       2.1   1.7e+02    0.9   0.0    46    62    19    35     7    40 0.79 -
TRINITY_DN17625_c0_g1_i1:941-1519  -            193 382000at33208        -            148    0.0047   15.8   5.9   2   2   9.8e-05    0.0081   15.0   3.1    12    77    46   116    37   124 0.84 -
TRINITY_DN23794_c0_g1_i15:466-873  -            136 382000at33208        -            148    0.0087   14.9   1.7   1   1   0.00018     0.015   14.2   0.9    15    69     5    67     1    87 0.68 -
TRINITY_DN23794_c0_g1_i4:601-1008  -            136 382000at33208        -            148    0.0087   14.9   1.7   1   1   0.00018     0.015   14.2   0.9    15    69     5    67     1    87 0.68 -
TRINITY_DN23794_c0_g1_i9:466-873   -            136 382000at33208        -            148    0.0087   14.9   1.7   1   1   0.00018     0.015   14.2   0.9    15    69     5    67     1    87 0.68 -
TRINITY_DN11083_c0_g1_i5:1184-1825 -            214 382000at33208        -            148     0.019   13.8   6.4   1   4       1.8   1.5e+02    1.2   0.0    34    62     5    36     2    43 0.70 -
TRINITY_DN11083_c0_g1_i5:1184-1825 -            214 382000at33208        -            148     0.019   13.8   6.4   2   4      0.69        57    2.5   0.1    26    54    45    71    21    74 0.58 -
TRINITY_DN11083_c0_g1_i5:1184-1825 -            214 382000at33208        -            148     0.019   13.8   6.4   3   4    0.0017      0.14   11.0   0.1     8    54    43    94    37   103 0.70 -
TRINITY_DN11083_c0_g1_i5:1184-1825 -            214 382000at33208        -            148     0.019   13.8   6.4   4   4      0.78        64    2.4   0.0    33    64    96   129    94   135 0.82 -
TRINITY_DN17429_c0_g1_i1:362-649   -             96 382000at33208        -            148     0.022   13.6   0.1   1   1    0.0024       0.2   10.5   0.1    12    32    35    55    25    79 0.73 -
TRINITY_DN17429_c0_g1_i2:362-649   -             96 382000at33208        -            148     0.022   13.6   0.1   1   1    0.0024       0.2   10.5   0.1    12    32    35    55    25    79 0.73 -
TRINITY_DN11083_c0_g1_i2:1179-1826 -            216 382000at33208        -            148     0.024   13.5   7.0   1   3       1.3   1.1e+02    1.6   0.0    33    62     6    38     1    45 0.72 -
TRINITY_DN11083_c0_g1_i2:1179-1826 -            216 382000at33208        -            148     0.024   13.5   7.0   2   3    0.0018      0.14   11.0   0.2     8    54    45    96    39   105 0.70 -
TRINITY_DN11083_c0_g1_i2:1179-1826 -            216 382000at33208        -            148     0.024   13.5   7.0   3   3      0.79        65    2.3   0.0    33    64    98   131    96   137 0.82 -
TRINITY_DN861_c0_g1_i21:639-2906   -            756 382000at33208        -            148     0.034   13.0   0.2   1   1     0.001     0.084   11.7   0.2    32    67     9    47     2    62 0.65 -
TRINITY_DN861_c0_g1_i25:850-3117   -            756 382000at33208        -            148     0.034   13.0   0.2   1   1     0.001     0.084   11.7   0.2    32    67     9    47     2    62 0.65 -
TRINITY_DN861_c0_g1_i42:789-3056   -            756 382000at33208        -            148     0.034   13.0   0.2   1   1     0.001     0.084   11.7   0.2    32    67     9    47     2    62 0.65 -
TRINITY_DN861_c0_g1_i71:796-3063   -            756 382000at33208        -            148     0.034   13.0   0.2   1   1     0.001     0.084   11.7   0.2    32    67     9    47     2    62 0.65 -
TRINITY_DN861_c0_g1_i101:847-3114  -            756 382000at33208        -            148     0.034   13.0   0.2   1   1     0.001     0.084   11.7   0.2    32    67     9    47     2    62 0.65 -
TRINITY_DN861_c0_g1_i40:786-3053   -            756 382000at33208        -            148     0.034   13.0   0.2   1   1     0.001     0.084   11.7   0.2    32    67     9    47     2    62 0.65 -
TRINITY_DN861_c0_g1_i52:636-2903   -            756 382000at33208        -            148     0.034   13.0   0.2   1   1     0.001     0.084   11.7   0.2    32    67     9    47     2    62 0.65 -
#
# Program:         hmmsearch
# Version:         3.1b2 (February 2015)
# Pipeline mode:   SEARCH
# Query file:      /busco_wd/busco_downloads/lineages/metazoa_odb10/hmms/382000at33208.hmm
# Target file:     /busco_wd/BUSCO/run_metazoa_odb10/metaeuk_output/initial_results/Trinity.fasta.modified.fas
# Option settings: hmmsearch --domtblout /busco_wd/BUSCO/run_metazoa_odb10/hmmer_output/initial_run_results/382000at33208.out --cpu 1 /busco_wd/busco_downloads/lineages/metazoa_odb10/hmms/382000at33208.hmm /busco_wd/BUSCO/run_metazoa_odb10/metaeuk_output/initial_results/Trinity.fasta.modified.fas 
# Current dir:     /busco_wd
# Date:            Tue Nov 23 09:02:35 2021
# [ok]
