#                                                                                       --- full sequence --- -------------- this domain -------------   hmm coord   ali coord   env coord
# target name                   accession   tlen query name           accession   qlen   E-value  score  bias   #  of  c-Evalue  i-Evalue  score  bias  from    to  from    to  from    to  acc description of target
#           ------------------- ---------- ----- -------------------- ---------- ----- --------- ------ ----- --- --- --------- --------- ------ ----- ----- ----- ----- ----- ----- ----- ---- ---------------------
TRINITY_DN3987_c0_g1_i3:80-2410 -            777 389527at33208        -            601  3.6e-210  698.3  24.5   1   3    0.0083        25    2.0   0.3    15    32    80    97    75   113 0.85 -
TRINITY_DN3987_c0_g1_i3:80-2410 -            777 389527at33208        -            601  3.6e-210  698.3  24.5   2   3  8.7e-187  2.7e-183  609.6  15.0    27   511   115   652   100   658 0.88 -
TRINITY_DN3987_c0_g1_i3:80-2410 -            777 389527at33208        -            601  3.6e-210  698.3  24.5   3   3   5.2e-30   1.6e-26   91.8   0.1   498   600   669   775   665   776 0.84 -
TRINITY_DN3987_c0_g1_i1:80-2410 -            777 389527at33208        -            601  4.8e-210  697.9  24.5   1   3    0.0083        25    2.0   0.3    15    32    80    97    75   113 0.85 -
TRINITY_DN3987_c0_g1_i1:80-2410 -            777 389527at33208        -            601  4.8e-210  697.9  24.5   2   3  8.7e-187  2.7e-183  609.6  15.0    27   511   115   652   100   658 0.88 -
TRINITY_DN3987_c0_g1_i1:80-2410 -            777 389527at33208        -            601  4.8e-210  697.9  24.5   3   3   7.1e-30   2.2e-26   91.4   0.1   498   600   669   775   665   776 0.83 -
TRINITY_DN3987_c0_g1_i5:80-2410 -            777 389527at33208        -            601  4.8e-210  697.9  24.5   1   3    0.0083        25    2.0   0.3    15    32    80    97    75   113 0.85 -
TRINITY_DN3987_c0_g1_i5:80-2410 -            777 389527at33208        -            601  4.8e-210  697.9  24.5   2   3  8.7e-187  2.7e-183  609.6  15.0    27   511   115   652   100   658 0.88 -
TRINITY_DN3987_c0_g1_i5:80-2410 -            777 389527at33208        -            601  4.8e-210  697.9  24.5   3   3   7.1e-30   2.2e-26   91.4   0.1   498   600   669   775   665   776 0.83 -
#
# Program:         hmmsearch
# Version:         3.1b2 (February 2015)
# Pipeline mode:   SEARCH
# Query file:      /busco_wd/busco_downloads/lineages/metazoa_odb10/hmms/389527at33208.hmm
# Target file:     /busco_wd/BUSCO/run_metazoa_odb10/metaeuk_output/initial_results/Trinity.fasta.modified.fas
# Option settings: hmmsearch --domtblout /busco_wd/BUSCO/run_metazoa_odb10/hmmer_output/initial_run_results/389527at33208.out --cpu 1 /busco_wd/busco_downloads/lineages/metazoa_odb10/hmms/389527at33208.hmm /busco_wd/BUSCO/run_metazoa_odb10/metaeuk_output/initial_results/Trinity.fasta.modified.fas 
# Current dir:     /busco_wd
# Date:            Tue Nov 23 09:02:36 2021
# [ok]
