#                                                                                           --- full sequence --- -------------- this domain -------------   hmm coord   ali coord   env coord
# target name                       accession   tlen query name           accession   qlen   E-value  score  bias   #  of  c-Evalue  i-Evalue  score  bias  from    to  from    to  from    to  acc description of target
#               ------------------- ---------- ----- -------------------- ---------- ----- --------- ------ ----- --- --- --------- --------- ------ ----- ----- ----- ----- ----- ----- ----- ---- ---------------------
TRINITY_DN973_c0_g1_i1:1871-2947    -            359 391896at33208        -            270    1e-119  397.7   6.9   1   1  6.1e-121  7.3e-119  394.9   6.9     1   269    26   339    26   340 0.89 -
TRINITY_DN973_c0_g1_i2:1820-2896    -            359 391896at33208        -            270    1e-119  397.7   6.9   1   1  6.1e-121  7.3e-119  394.9   6.9     1   269    26   339    26   340 0.89 -
TRINITY_DN973_c0_g1_i3:1857-2933    -            359 391896at33208        -            270    1e-119  397.7   6.9   1   1  6.1e-121  7.3e-119  394.9   6.9     1   269    26   339    26   340 0.89 -
TRINITY_DN973_c0_g1_i4:1834-2910    -            359 391896at33208        -            270    1e-119  397.7   6.9   1   1  6.1e-121  7.3e-119  394.9   6.9     1   269    26   339    26   340 0.89 -
TRINITY_DN1259_c0_g1_i1:406-1506    -            367 391896at33208        -            270   2.7e-44  150.4  11.2   1   2   5.9e-19   7.1e-17   60.5   0.0     1    66     1    69     1    77 0.92 -
TRINITY_DN1259_c0_g1_i1:406-1506    -            367 391896at33208        -            270   2.7e-44  150.4  11.2   2   2   1.7e-25     2e-23   82.0   9.5    76   265   118   349   115   353 0.76 -
TRINITY_DN1259_c0_g1_i2:600-1700    -            367 391896at33208        -            270   2.7e-44  150.4  11.2   1   2   5.9e-19   7.1e-17   60.5   0.0     1    66     1    69     1    77 0.92 -
TRINITY_DN1259_c0_g1_i2:600-1700    -            367 391896at33208        -            270   2.7e-44  150.4  11.2   2   2   1.7e-25     2e-23   82.0   9.5    76   265   118   349   115   353 0.76 -
TRINITY_DN1259_c0_g1_i3:623-1723    -            367 391896at33208        -            270   2.7e-44  150.4  11.2   1   2   5.9e-19   7.1e-17   60.5   0.0     1    66     1    69     1    77 0.92 -
TRINITY_DN1259_c0_g1_i3:623-1723    -            367 391896at33208        -            270   2.7e-44  150.4  11.2   2   2   1.7e-25     2e-23   82.0   9.5    76   265   118   349   115   353 0.76 -
TRINITY_DN1259_c0_g1_i5:383-1483    -            367 391896at33208        -            270   2.7e-44  150.4  11.2   1   2   5.9e-19   7.1e-17   60.5   0.0     1    66     1    69     1    77 0.92 -
TRINITY_DN1259_c0_g1_i5:383-1483    -            367 391896at33208        -            270   2.7e-44  150.4  11.2   2   2   1.7e-25     2e-23   82.0   9.5    76   265   118   349   115   353 0.76 -
TRINITY_DN6011_c0_g1_i11:8-1024     -            339 391896at33208        -            270   2.7e-40  137.3   7.6   1   2   7.1e-25   8.5e-23   79.9   1.8     2   144    10   189     9   199 0.76 -
TRINITY_DN6011_c0_g1_i11:8-1024     -            339 391896at33208        -            270   2.7e-40  137.3   7.6   2   2   7.4e-19   8.8e-17   60.2   0.5   135   263   196   336   188   337 0.88 -
TRINITY_DN6011_c0_g1_i12:1132-2187  -            352 391896at33208        -            270   3.6e-40  136.9   7.8   1   1   8.6e-40     1e-37  128.8   7.8     2   263    10   336     9   338 0.79 -
TRINITY_DN6011_c0_g1_i1:1130-2185   -            352 391896at33208        -            270   3.6e-40  136.9   7.8   1   1   8.6e-40     1e-37  128.8   7.8     2   263    10   336     9   338 0.79 -
TRINITY_DN6011_c0_g1_i4:1132-2187   -            352 391896at33208        -            270   3.6e-40  136.9   7.8   1   1   8.6e-40     1e-37  128.8   7.8     2   263    10   336     9   338 0.79 -
TRINITY_DN6011_c0_g1_i5:1132-2187   -            352 391896at33208        -            270   3.6e-40  136.9   7.8   1   1   8.6e-40     1e-37  128.8   7.8     2   263    10   336     9   338 0.79 -
TRINITY_DN12163_c0_g1_i1:65-1045    -            327 391896at33208        -            270   5.3e-35  119.9   7.3   1   3   3.6e-22   4.3e-20   71.0   0.5     1    66     4    73     4    76 0.93 -
TRINITY_DN12163_c0_g1_i1:65-1045    -            327 391896at33208        -            270   5.3e-35  119.9   7.3   2   3   0.00071     0.084   11.1   0.0    72   112   157   197   136   200 0.88 -
TRINITY_DN12163_c0_g1_i1:65-1045    -            327 391896at33208        -            270   5.3e-35  119.9   7.3   3   3     5e-13     6e-11   41.1   0.1   147   262   200   327   196   327 0.86 -
TRINITY_DN117974_c0_g1_i1:45-785    -            247 391896at33208        -            270     7e-29   99.9  16.7   1   1   5.2e-28   6.2e-26   90.2  16.7     1   190     1   241     1   245 0.76 -
TRINITY_DN9628_c0_g1_i1:199-1218    -            340 391896at33208        -            270   6.5e-28   96.7   0.5   1   3   1.9e-21   2.3e-19   68.7   0.6     1    65    11    79    11    82 0.93 -
TRINITY_DN9628_c0_g1_i1:199-1218    -            340 391896at33208        -            270   6.5e-28   96.7   0.5   2   3       3.2   3.8e+02   -0.9   0.0    81   106   186   211   179   221 0.70 -
TRINITY_DN9628_c0_g1_i1:199-1218    -            340 391896at33208        -            270   6.5e-28   96.7   0.5   3   3   5.8e-08   6.9e-06   24.5   0.0   149   248   222   332   215   340 0.82 -
TRINITY_DN13485_c0_g1_i2:1043-1825  -            261 391896at33208        -            270   4.7e-26   90.6   0.3   1   3   5.6e-18   6.7e-16   57.3   0.3     1    66     4    73     4    84 0.89 -
TRINITY_DN13485_c0_g1_i2:1043-1825  -            261 391896at33208        -            270   4.7e-26   90.6   0.3   2   3      0.57        68    1.5   0.0    80   110   107   137    94   143 0.76 -
TRINITY_DN13485_c0_g1_i2:1043-1825  -            261 391896at33208        -            270   4.7e-26   90.6   0.3   3   3   4.1e-09   4.9e-07   28.2   0.0   150   252   145   257   140   261 0.85 -
TRINITY_DN13485_c0_g1_i10:1043-1909 -            289 391896at33208        -            270   5.7e-26   90.3   0.2   1   1   1.6e-26   1.9e-24   85.4   0.2     1   252     4   285     4   289 0.82 -
TRINITY_DN13485_c0_g1_i3:1042-1908  -            289 391896at33208        -            270   5.7e-26   90.3   0.2   1   1   1.6e-26   1.9e-24   85.4   0.2     1   252     4   285     4   289 0.82 -
TRINITY_DN3493_c1_g1_i12:311-1333   -            341 391896at33208        -            270   1.1e-20   73.0   7.8   1   3   4.8e-18   5.8e-16   57.5   3.0     1    61     3    67     3    72 0.91 -
TRINITY_DN3493_c1_g1_i12:311-1333   -            341 391896at33208        -            270   1.1e-20   73.0   7.8   2   3       2.8   3.3e+02   -0.7   0.0    64    77    93   106    88   158 0.60 -
TRINITY_DN3493_c1_g1_i12:311-1333   -            341 391896at33208        -            270   1.1e-20   73.0   7.8   3   3   1.2e-05    0.0015   16.8   0.0   136   269   198   332   171   334 0.87 -
TRINITY_DN3493_c1_g1_i11:311-1318   -            336 391896at33208        -            270   1.2e-20   72.9   8.4   1   3   4.7e-18   5.6e-16   57.5   3.0     1    61     3    67     3    72 0.91 -
TRINITY_DN3493_c1_g1_i11:311-1318   -            336 391896at33208        -            270   1.2e-20   72.9   8.4   2   3       2.7   3.2e+02   -0.7   0.0    64    77    93   106    88   159 0.60 -
TRINITY_DN3493_c1_g1_i11:311-1318   -            336 391896at33208        -            270   1.2e-20   72.9   8.4   3   3   9.2e-06    0.0011   17.2   0.0   136   269   198   332   168   334 0.88 -
TRINITY_DN3493_c1_g1_i2:311-1333    -            341 391896at33208        -            270   1.4e-20   72.6   7.9   1   3   4.8e-18   5.8e-16   57.5   3.0     1    61     3    67     3    72 0.91 -
TRINITY_DN3493_c1_g1_i2:311-1333    -            341 391896at33208        -            270   1.4e-20   72.6   7.9   2   3       2.8   3.3e+02   -0.7   0.0    64    77    93   106    88   158 0.60 -
TRINITY_DN3493_c1_g1_i2:311-1333    -            341 391896at33208        -            270   1.4e-20   72.6   7.9   3   3   1.6e-05    0.0019   16.5   0.0   136   269   198   332   171   334 0.87 -
TRINITY_DN3493_c1_g1_i6:311-1333    -            341 391896at33208        -            270   1.4e-20   72.6   7.9   1   3   4.8e-18   5.8e-16   57.5   3.0     1    61     3    67     3    72 0.91 -
TRINITY_DN3493_c1_g1_i6:311-1333    -            341 391896at33208        -            270   1.4e-20   72.6   7.9   2   3       2.8   3.3e+02   -0.7   0.0    64    77    93   106    88   158 0.60 -
TRINITY_DN3493_c1_g1_i6:311-1333    -            341 391896at33208        -            270   1.4e-20   72.6   7.9   3   3   1.6e-05    0.0019   16.5   0.0   136   269   198   332   171   334 0.87 -
TRINITY_DN3493_c1_g1_i8:311-1333    -            341 391896at33208        -            270   1.4e-20   72.6   7.9   1   3   4.8e-18   5.8e-16   57.5   3.0     1    61     3    67     3    72 0.91 -
TRINITY_DN3493_c1_g1_i8:311-1333    -            341 391896at33208        -            270   1.4e-20   72.6   7.9   2   3       2.8   3.3e+02   -0.7   0.0    64    77    93   106    88   158 0.60 -
TRINITY_DN3493_c1_g1_i8:311-1333    -            341 391896at33208        -            270   1.4e-20   72.6   7.9   3   3   1.6e-05    0.0019   16.5   0.0   136   269   198   332   171   334 0.87 -
TRINITY_DN712_c0_g1_i11:224-577     -            118 391896at33208        -            270   7.1e-19   67.0   0.3   1   1   7.1e-21   8.5e-19   66.8   0.3     1    67    27    97    27   108 0.91 -
TRINITY_DN712_c0_g1_i12:224-577     -            118 391896at33208        -            270   7.1e-19   67.0   0.3   1   1   7.1e-21   8.5e-19   66.8   0.3     1    67    27    97    27   108 0.91 -
TRINITY_DN712_c0_g1_i13:224-577     -            118 391896at33208        -            270   7.1e-19   67.0   0.3   1   1   7.1e-21   8.5e-19   66.8   0.3     1    67    27    97    27   108 0.91 -
TRINITY_DN712_c0_g1_i2:224-577      -            118 391896at33208        -            270   7.1e-19   67.0   0.3   1   1   7.1e-21   8.5e-19   66.8   0.3     1    67    27    97    27   108 0.91 -
TRINITY_DN712_c0_g1_i3:224-577      -            118 391896at33208        -            270   7.1e-19   67.0   0.3   1   1   7.1e-21   8.5e-19   66.8   0.3     1    67    27    97    27   108 0.91 -
TRINITY_DN459_c0_g1_i1:3065-3409    -            115 391896at33208        -            270     2e-18   65.6   0.9   1   1   1.9e-20   2.3e-18   65.4   0.9     1    67    26    97    26   106 0.89 -
TRINITY_DN459_c0_g1_i5:3064-3408    -            115 391896at33208        -            270     2e-18   65.6   0.9   1   1   1.9e-20   2.3e-18   65.4   0.9     1    67    26    97    26   106 0.89 -
TRINITY_DN5304_c0_g1_i1:1215-1409   -             65 391896at33208        -            270   8.8e-18   63.5   1.5   1   1     8e-20   9.5e-18   63.4   1.5     1    59     1    65     1    65 0.87 -
TRINITY_DN5304_c0_g1_i4:1221-1415   -             65 391896at33208        -            270   8.8e-18   63.5   1.5   1   1     8e-20   9.5e-18   63.4   1.5     1    59     1    65     1    65 0.87 -
TRINITY_DN15077_c0_g1_i2:751-1050   -            100 391896at33208        -            270   9.2e-17   60.1   0.8   1   1   9.1e-19   1.1e-16   59.9   0.8     1    76     9    87     9    92 0.84 -
TRINITY_DN15077_c0_g1_i1:811-1077   -             89 391896at33208        -            270   2.6e-16   58.7   0.4   1   1   2.6e-18   3.1e-16   58.4   0.4     1    64    18    86    18    88 0.89 -
TRINITY_DN8671_c0_g2_i4:141-764     -            208 391896at33208        -            270   1.2e-14   53.2   0.2   1   1   1.6e-16   1.9e-14   52.6   0.1     2    62     6    70     5    95 0.84 -
TRINITY_DN1245_c0_g1_i10:1299-1592  -             98 391896at33208        -            270   1.5e-14   52.9   1.5   1   1   1.4e-16   1.7e-14   52.7   1.5     1    62     3    70     3    79 0.84 -
TRINITY_DN1245_c0_g1_i15:1299-1592  -             98 391896at33208        -            270   1.5e-14   52.9   1.5   1   1   1.4e-16   1.7e-14   52.7   1.5     1    62     3    70     3    79 0.84 -
TRINITY_DN1245_c0_g1_i3:1299-1592   -             98 391896at33208        -            270   1.5e-14   52.9   1.5   1   1   1.4e-16   1.7e-14   52.7   1.5     1    62     3    70     3    79 0.84 -
TRINITY_DN1245_c0_g1_i5:1299-1592   -             98 391896at33208        -            270   1.5e-14   52.9   1.5   1   1   1.4e-16   1.7e-14   52.7   1.5     1    62     3    70     3    79 0.84 -
TRINITY_DN1245_c0_g1_i6:1299-1592   -             98 391896at33208        -            270   1.5e-14   52.9   1.5   1   1   1.4e-16   1.7e-14   52.7   1.5     1    62     3    70     3    79 0.84 -
TRINITY_DN1245_c0_g1_i9:1299-1592   -             98 391896at33208        -            270   1.5e-14   52.9   1.5   1   1   1.4e-16   1.7e-14   52.7   1.5     1    62     3    70     3    79 0.84 -
TRINITY_DN8590_c0_g1_i1:171-512     -            114 391896at33208        -            270   5.5e-12   44.5   0.5   1   1     5e-14     6e-12   44.3   0.5     2    90     1    95     1   105 0.73 -
TRINITY_DN143618_c0_g1_i1:45-2126   -            694 391896at33208        -            270     1e-11   43.6   0.1   1   2   8.4e-14     1e-11   43.6   0.1     2    63     5    72     4    84 0.85 -
TRINITY_DN143618_c0_g1_i1:45-2126   -            694 391896at33208        -            270     1e-11   43.6   0.1   2   2       1.2   1.4e+02    0.5   0.4    48    78   625   655   614   661 0.87 -
TRINITY_DN1969_c0_g1_i2:1232-1432   -             67 391896at33208        -            270   1.1e-11   43.5   3.4   1   1   1.1e-13   1.3e-11   43.3   3.4     1    57     1    67     1    67 0.86 -
TRINITY_DN9465_c0_g1_i1:43-696      -            218 391896at33208        -            270   1.7e-11   42.8   0.4   1   2   2.8e-13   3.3e-11   41.9   0.2     1    65     6    78     6    84 0.83 -
TRINITY_DN9465_c0_g1_i1:43-696      -            218 391896at33208        -            270   1.7e-11   42.8   0.4   2   2       8.1   9.7e+02   -2.3   0.0    34    55    87   109    82   130 0.65 -
TRINITY_DN6390_c0_g1_i1:199-1656    -            486 391896at33208        -            270   6.1e-11   41.0   0.2   1   1     1e-12   1.2e-10   40.1   0.2    10    66     4    61     2    74 0.90 -
TRINITY_DN8671_c0_g2_i2:156-311     -             52 391896at33208        -            270   6.2e-11   41.0   0.0   1   1   5.6e-13   6.7e-11   40.9   0.0     2    49     1    52     1    52 0.87 -
TRINITY_DN10292_c0_g1_i1:531-716    -             62 391896at33208        -            270   1.9e-10   39.4   0.1   1   1   1.7e-12     2e-10   39.3   0.1     2    57     5    62     4    62 0.87 -
TRINITY_DN5037_c0_g1_i2:46-795      -            250 391896at33208        -            270   2.6e-09   35.7   0.4   1   1   2.1e-11   2.6e-09   35.7   0.4     2    61    19    85    18    93 0.81 -
TRINITY_DN5037_c0_g1_i3:46-795      -            250 391896at33208        -            270   2.6e-09   35.7   0.4   1   1   2.1e-11   2.6e-09   35.7   0.4     2    61    19    85    18    93 0.81 -
TRINITY_DN5037_c0_g1_i4:46-795      -            250 391896at33208        -            270   2.6e-09   35.7   0.4   1   1   2.1e-11   2.6e-09   35.7   0.4     2    61    19    85    18    93 0.81 -
TRINITY_DN5037_c0_g1_i5:46-795      -            250 391896at33208        -            270   2.6e-09   35.7   0.4   1   1   2.1e-11   2.6e-09   35.7   0.4     2    61    19    85    18    93 0.81 -
TRINITY_DN14414_c0_g1_i3:95-424     -            110 391896at33208        -            270     3e-09   35.5   0.0   1   1   2.7e-11   3.2e-09   35.4   0.0     2    72    13    88    12   103 0.83 -
TRINITY_DN14414_c0_g1_i1:421-957    -            179 391896at33208        -            270   8.4e-09   34.0   0.0   1   1   9.9e-11   1.2e-08   33.5   0.0     2    72    13    88    12   105 0.83 -
TRINITY_DN14414_c0_g1_i2:158-694    -            179 391896at33208        -            270   8.4e-09   34.0   0.0   1   1   9.9e-11   1.2e-08   33.5   0.0     2    72    13    88    12   105 0.83 -
TRINITY_DN14414_c0_g1_i4:395-931    -            179 391896at33208        -            270   8.4e-09   34.0   0.0   1   1   9.9e-11   1.2e-08   33.5   0.0     2    72    13    88    12   105 0.83 -
TRINITY_DN13485_c0_g2_i1:50-520     -            157 391896at33208        -            270   1.1e-08   33.7   0.0   1   2      0.53        63    1.6   0.0    82   110     5    33     1    40 0.76 -
TRINITY_DN13485_c0_g2_i1:50-520     -            157 391896at33208        -            270   1.1e-08   33.7   0.0   2   2     1e-09   1.2e-07   30.2   0.0   150   252    41   153    36   157 0.85 -
TRINITY_DN7451_c0_g1_i3:87-956      -            290 391896at33208        -            270     2e-08   32.8   0.9   1   1   2.6e-10   3.1e-08   32.2   0.9     1    59     2    65     2   107 0.85 -
TRINITY_DN7451_c0_g1_i5:87-956      -            290 391896at33208        -            270     2e-08   32.8   0.9   1   1   2.6e-10   3.1e-08   32.2   0.9     1    59     2    65     2   107 0.85 -
TRINITY_DN7451_c0_g1_i2:87-956      -            290 391896at33208        -            270     2e-08   32.8   0.9   1   1   2.6e-10   3.1e-08   32.2   0.9     1    59     2    65     2   107 0.85 -
TRINITY_DN7451_c0_g1_i1:87-956      -            290 391896at33208        -            270     2e-08   32.8   0.9   1   1   2.6e-10   3.1e-08   32.2   0.9     1    59     2    65     2   107 0.85 -
TRINITY_DN11502_c0_g1_i1:216-1271   -            352 391896at33208        -            270   3.8e-08   31.9   1.3   1   2       4.8   5.7e+02   -1.5   0.0   194   228   200   234   193   261 0.79 -
TRINITY_DN11502_c0_g1_i1:216-1271   -            352 391896at33208        -            270   3.8e-08   31.9   1.3   2   2     1e-09   1.2e-07   30.2   1.5     2    54   282   341   281   351 0.78 -
TRINITY_DN18653_c0_g1_i1:229-411    -             61 391896at33208        -            270   4.6e-08   31.6   0.4   1   1   4.2e-10     5e-08   31.5   0.4     2    57     1    61     1    61 0.87 -
TRINITY_DN2648_c0_g1_i1:457-732     -             92 391896at33208        -            270   1.8e-07   29.7   0.0   1   1   1.7e-09     2e-07   29.5   0.0    10    61    18    67     7    79 0.84 -
TRINITY_DN2648_c0_g1_i2:457-732     -             92 391896at33208        -            270   1.8e-07   29.7   0.0   1   1   1.7e-09     2e-07   29.5   0.0    10    61    18    67     7    79 0.84 -
TRINITY_DN6459_c1_g2_i2:0-2882      -            961 391896at33208        -            270   7.7e-07   27.6   0.0   1   1   1.1e-08   1.3e-06   26.8   0.0     6    57    38    88    29    99 0.87 -
TRINITY_DN6459_c1_g2_i5:198-6128    -           1977 391896at33208        -            270   1.6e-06   26.5   0.0   1   1   2.6e-08   3.1e-06   25.6   0.0     6    57  1294  1344  1285  1354 0.87 -
TRINITY_DN6244_c0_g1_i1:393-554     -             54 391896at33208        -            270   4.8e-06   25.0   0.1   1   1   4.3e-08   5.1e-06   24.9   0.1     4    47     1    53     1    54 0.78 -
TRINITY_DN6244_c0_g1_i2:393-554     -             54 391896at33208        -            270   4.8e-06   25.0   0.1   1   1   4.3e-08   5.1e-06   24.9   0.1     4    47     1    53     1    54 0.78 -
TRINITY_DN6244_c0_g1_i3:393-554     -             54 391896at33208        -            270   4.8e-06   25.0   0.1   1   1   4.3e-08   5.1e-06   24.9   0.1     4    47     1    53     1    54 0.78 -
TRINITY_DN1754_c0_g1_i2:708-902     -             65 391896at33208        -            270   9.3e-05   20.8   0.0   1   1   8.6e-07    0.0001   20.6   0.0     2    42    16    60    15    65 0.76 -
TRINITY_DN1754_c0_g1_i4:720-914     -             65 391896at33208        -            270   9.3e-05   20.8   0.0   1   1   8.6e-07    0.0001   20.6   0.0     2    42    16    60    15    65 0.76 -
TRINITY_DN3461_c0_g1_i11:266-949    -            228 391896at33208        -            270   0.00019   19.8   0.6   1   2   1.6e-06   0.00019   19.8   0.6    10    56    44    93    33   111 0.76 -
TRINITY_DN3461_c0_g1_i11:266-949    -            228 391896at33208        -            270   0.00019   19.8   0.6   2   2       2.2   2.6e+02   -0.4   2.0    31    70   158   197   134   210 0.62 -
TRINITY_DN3461_c0_g1_i8:71-814      -            248 391896at33208        -            270   0.00019   19.8   0.3   1   2   1.6e-06   0.00019   19.8   0.3    10    56    64   113    53   128 0.76 -
TRINITY_DN3461_c0_g1_i8:71-814      -            248 391896at33208        -            270   0.00019   19.8   0.3   2   2       2.5     3e+02   -0.6   2.0    31    70   178   217   154   230 0.62 -
TRINITY_DN3461_c0_g1_i2:71-814      -            248 391896at33208        -            270    0.0002   19.7   0.5   1   2   1.7e-06    0.0002   19.7   0.5    10    56    64   113    53   130 0.76 -
TRINITY_DN3461_c0_g1_i2:71-814      -            248 391896at33208        -            270    0.0002   19.7   0.5   2   2       2.5     3e+02   -0.6   2.0    31    70   178   217   154   230 0.62 -
TRINITY_DN3461_c0_g1_i5:71-814      -            248 391896at33208        -            270    0.0002   19.7   0.5   1   2   1.7e-06    0.0002   19.7   0.5    10    56    64   113    53   130 0.76 -
TRINITY_DN3461_c0_g1_i5:71-814      -            248 391896at33208        -            270    0.0002   19.7   0.5   2   2       2.5     3e+02   -0.6   2.0    31    70   178   217   154   230 0.62 -
#
# Program:         hmmsearch
# Version:         3.1b2 (February 2015)
# Pipeline mode:   SEARCH
# Query file:      /busco_wd/busco_downloads/lineages/metazoa_odb10/hmms/391896at33208.hmm
# Target file:     /busco_wd/BUSCO/run_metazoa_odb10/metaeuk_output/initial_results/Trinity.fasta.modified.fas
# Option settings: hmmsearch --domtblout /busco_wd/BUSCO/run_metazoa_odb10/hmmer_output/initial_run_results/391896at33208.out --cpu 1 /busco_wd/busco_downloads/lineages/metazoa_odb10/hmms/391896at33208.hmm /busco_wd/BUSCO/run_metazoa_odb10/metaeuk_output/initial_results/Trinity.fasta.modified.fas 
# Current dir:     /busco_wd
# Date:            Tue Nov 23 09:02:36 2021
# [ok]
