#                                                                                          --- full sequence --- -------------- this domain -------------   hmm coord   ali coord   env coord
# target name                      accession   tlen query name           accession   qlen   E-value  score  bias   #  of  c-Evalue  i-Evalue  score  bias  from    to  from    to  from    to  acc description of target
#              ------------------- ---------- ----- -------------------- ---------- ----- --------- ------ ----- --- --- --------- --------- ------ ----- ----- ----- ----- ----- ----- ----- ---- ---------------------
TRINITY_DN1787_c0_g1_i16:334-1929  -            532 393419at33208        -            427  5.5e-136  452.8   0.8   1   1  2.1e-137  8.7e-135  448.9   0.8     1   425     1   531     1   532 0.82 -
TRINITY_DN1787_c0_g1_i1:416-2011   -            532 393419at33208        -            427  5.5e-136  452.8   0.8   1   1  2.1e-137  8.7e-135  448.9   0.8     1   425     1   531     1   532 0.82 -
TRINITY_DN1787_c0_g1_i2:373-1968   -            532 393419at33208        -            427  5.5e-136  452.8   0.8   1   1  2.1e-137  8.7e-135  448.9   0.8     1   425     1   531     1   532 0.82 -
TRINITY_DN1787_c0_g1_i3:371-1966   -            532 393419at33208        -            427  5.5e-136  452.8   0.8   1   1  2.1e-137  8.7e-135  448.9   0.8     1   425     1   531     1   532 0.82 -
TRINITY_DN1787_c0_g1_i6:334-1929   -            532 393419at33208        -            427  5.5e-136  452.8   0.8   1   1  2.1e-137  8.7e-135  448.9   0.8     1   425     1   531     1   532 0.82 -
TRINITY_DN1787_c0_g1_i7:336-1931   -            532 393419at33208        -            427  5.5e-136  452.8   0.8   1   1  2.1e-137  8.7e-135  448.9   0.8     1   425     1   531     1   532 0.82 -
TRINITY_DN1719_c0_g1_i1:487-1485   -            333 393419at33208        -            427   1.3e-26   92.5   0.1   1   2   1.5e-22   6.1e-20   70.5   0.2     4   162     8   169     5   240 0.85 -
TRINITY_DN1719_c0_g1_i1:487-1485   -            333 393419at33208        -            427   1.3e-26   92.5   0.1   2   2   2.3e-07   9.7e-05   20.4   0.0   357   423   261   327   177   331 0.66 -
TRINITY_DN1719_c0_g1_i3:607-1605   -            333 393419at33208        -            427   1.3e-26   92.5   0.1   1   2   1.5e-22   6.1e-20   70.5   0.2     4   162     8   169     5   240 0.85 -
TRINITY_DN1719_c0_g1_i3:607-1605   -            333 393419at33208        -            427   1.3e-26   92.5   0.1   2   2   2.3e-07   9.7e-05   20.4   0.0   357   423   261   327   177   331 0.66 -
TRINITY_DN1719_c0_g1_i5:865-1863   -            333 393419at33208        -            427   1.3e-26   92.5   0.1   1   2   1.5e-22   6.1e-20   70.5   0.2     4   162     8   169     5   240 0.85 -
TRINITY_DN1719_c0_g1_i5:865-1863   -            333 393419at33208        -            427   1.3e-26   92.5   0.1   2   2   2.3e-07   9.7e-05   20.4   0.0   357   423   261   327   177   331 0.66 -
TRINITY_DN30066_c0_g1_i1:130-3069  -            980 393419at33208        -            427   5.6e-22   77.2   0.4   1   4   1.8e-12   7.3e-10   37.3   0.1    19   128     3   111     1   136 0.81 -
TRINITY_DN30066_c0_g1_i1:130-3069  -            980 393419at33208        -            427   5.6e-22   77.2   0.4   2   4   1.5e-06   0.00061   17.8   0.0   368   423   312   367   290   371 0.82 -
TRINITY_DN30066_c0_g1_i1:130-3069  -            980 393419at33208        -            427   5.6e-22   77.2   0.4   3   4     2e-06   0.00084   17.3   0.0    13   152   386   539   377   572 0.70 -
TRINITY_DN30066_c0_g1_i1:130-3069  -            980 393419at33208        -            427   5.6e-22   77.2   0.4   4   4       1.1   4.6e+02   -1.6   0.1   385   414   830   860   824   864 0.81 -
TRINITY_DN2392_c0_g1_i1:288-3086   -            933 393419at33208        -            427   1.8e-18   65.6   0.1   1   3   2.8e-09   1.2e-06   26.7   0.1    28    91    12    78     2    99 0.83 -
TRINITY_DN2392_c0_g1_i1:288-3086   -            933 393419at33208        -            427   1.8e-18   65.6   0.1   2   3   3.6e-05     0.015   13.2   0.0   365   419   307   362   294   365 0.83 -
TRINITY_DN2392_c0_g1_i1:288-3086   -            933 393419at33208        -            427   1.8e-18   65.6   0.1   3   3   7.9e-08   3.3e-05   21.9   0.0     3    91   381   477   379   543 0.86 -
TRINITY_DN2392_c0_g1_i2:288-3086   -            933 393419at33208        -            427   1.8e-18   65.6   0.1   1   3   2.8e-09   1.2e-06   26.7   0.1    28    91    12    78     2    99 0.83 -
TRINITY_DN2392_c0_g1_i2:288-3086   -            933 393419at33208        -            427   1.8e-18   65.6   0.1   2   3   3.6e-05     0.015   13.2   0.0   365   419   307   362   294   365 0.83 -
TRINITY_DN2392_c0_g1_i2:288-3086   -            933 393419at33208        -            427   1.8e-18   65.6   0.1   3   3   7.9e-08   3.3e-05   21.9   0.0     3    91   381   477   379   543 0.86 -
TRINITY_DN1568_c0_g1_i10:86-1696   -            537 393419at33208        -            427   3.6e-11   41.6   0.3   1   2   6.8e-13   2.8e-10   38.6   0.0    19   153     5   144     3   156 0.78 -
TRINITY_DN1568_c0_g1_i10:86-1696   -            537 393419at33208        -            427   3.6e-11   41.6   0.3   2   2      0.26   1.1e+02    0.5   0.0   385   420   368   403   358   408 0.87 -
TRINITY_DN1568_c0_g1_i1:86-1696    -            537 393419at33208        -            427   3.6e-11   41.6   0.3   1   2   6.8e-13   2.8e-10   38.6   0.0    19   153     5   144     3   156 0.78 -
TRINITY_DN1568_c0_g1_i1:86-1696    -            537 393419at33208        -            427   3.6e-11   41.6   0.3   2   2      0.26   1.1e+02    0.5   0.0   385   420   368   403   358   408 0.87 -
TRINITY_DN1312_c1_g1_i1:860-1657   -            266 393419at33208        -            427   3.2e-07   28.6   1.1   1   2   1.4e-09     6e-07   27.7   0.0    21   117     1    97     1   160 0.83 -
TRINITY_DN1312_c1_g1_i1:860-1657   -            266 393419at33208        -            427   3.2e-07   28.6   1.1   2   2       1.6   6.7e+02   -2.1   0.2   385   402   249   266   242   266 0.86 -
TRINITY_DN1312_c1_g1_i3:860-1657   -            266 393419at33208        -            427   3.2e-07   28.6   1.1   1   2   1.4e-09     6e-07   27.7   0.0    21   117     1    97     1   160 0.83 -
TRINITY_DN1312_c1_g1_i3:860-1657   -            266 393419at33208        -            427   3.2e-07   28.6   1.1   2   2       1.6   6.7e+02   -2.1   0.2   385   402   249   266   242   266 0.86 -
TRINITY_DN1312_c1_g1_i4:734-1531   -            266 393419at33208        -            427   3.2e-07   28.6   1.1   1   2   1.4e-09     6e-07   27.7   0.0    21   117     1    97     1   160 0.83 -
TRINITY_DN1312_c1_g1_i4:734-1531   -            266 393419at33208        -            427   3.2e-07   28.6   1.1   2   2       1.6   6.7e+02   -2.1   0.2   385   402   249   266   242   266 0.86 -
TRINITY_DN1312_c1_g1_i7:734-1531   -            266 393419at33208        -            427   3.2e-07   28.6   1.1   1   2   1.4e-09     6e-07   27.7   0.0    21   117     1    97     1   160 0.83 -
TRINITY_DN1312_c1_g1_i7:734-1531   -            266 393419at33208        -            427   3.2e-07   28.6   1.1   2   2       1.6   6.7e+02   -2.1   0.2   385   402   249   266   242   266 0.86 -
TRINITY_DN66680_c0_g1_i1:253-537   -             95 393419at33208        -            427   2.8e-06   25.5   0.0   1   1   7.1e-09     3e-06   25.4   0.0     8    91     2    93     1    95 0.88 -
TRINITY_DN30066_c0_g1_i1:1267-2712 -            482 393419at33208        -            427   5.2e-05   21.3   0.0   1   3     7e-07   0.00029   18.8   0.0    13   152     7   160     4   193 0.69 -
TRINITY_DN30066_c0_g1_i1:1267-2712 -            482 393419at33208        -            427   5.2e-05   21.3   0.0   2   3       4.1   1.7e+03   -3.5   0.0   267   286   229   248   212   249 0.75 -
TRINITY_DN30066_c0_g1_i1:1267-2712 -            482 393419at33208        -            427   5.2e-05   21.3   0.0   3   3      0.73     3e+02   -1.0   0.0   385   413   451   480   443   481 0.80 -
TRINITY_DN2392_c0_g1_i1:1440-2834  -            465 393419at33208        -            427    0.0022   16.0   0.0   1   1   6.9e-06    0.0029   15.6   0.0     8    91     2    93     1   161 0.84 -
TRINITY_DN2392_c0_g1_i2:1440-2834  -            465 393419at33208        -            427    0.0022   16.0   0.0   1   1   6.9e-06    0.0029   15.6   0.0     8    91     2    93     1   161 0.84 -
#
# Program:         hmmsearch
# Version:         3.1b2 (February 2015)
# Pipeline mode:   SEARCH
# Query file:      /busco_wd/busco_downloads/lineages/metazoa_odb10/hmms/393419at33208.hmm
# Target file:     /busco_wd/BUSCO/run_metazoa_odb10/metaeuk_output/initial_results/Trinity.fasta.modified.fas
# Option settings: hmmsearch --domtblout /busco_wd/BUSCO/run_metazoa_odb10/hmmer_output/initial_run_results/393419at33208.out --cpu 1 /busco_wd/busco_downloads/lineages/metazoa_odb10/hmms/393419at33208.hmm /busco_wd/BUSCO/run_metazoa_odb10/metaeuk_output/initial_results/Trinity.fasta.modified.fas 
# Current dir:     /busco_wd
# Date:            Tue Nov 23 09:02:37 2021
# [ok]
