#                                                                                        --- full sequence --- -------------- this domain -------------   hmm coord   ali coord   env coord
# target name                    accession   tlen query name           accession   qlen   E-value  score  bias   #  of  c-Evalue  i-Evalue  score  bias  from    to  from    to  from    to  acc description of target
#            ------------------- ---------- ----- -------------------- ---------- ----- --------- ------ ----- --- --- --------- --------- ------ ----- ----- ----- ----- ----- ----- ----- ---- ---------------------
TRINITY_DN6688_c0_g1_i1:234-1190 -            319 401679at33208        -             96   8.6e-26   88.9   4.5   1   2   2.8e-26   6.4e-23   79.7   1.8     1    81   152   249   152   255 0.88 -
TRINITY_DN6688_c0_g1_i1:234-1190 -            319 401679at33208        -             96   8.6e-26   88.9   4.5   2   2    0.0015       3.5    6.8   0.0    74    96   256   278   251   278 0.91 -
TRINITY_DN6688_c0_g1_i3:234-1559 -            442 401679at33208        -             96   2.6e-25   87.4   4.3   1   2   5.5e-26   1.3e-22   78.8   1.8     1    80   275   371   275   377 0.88 -
TRINITY_DN6688_c0_g1_i3:234-1559 -            442 401679at33208        -             96   2.6e-25   87.4   4.3   2   2    0.0023       5.2    6.3   0.0    74    96   379   401   374   401 0.91 -
TRINITY_DN6688_c0_g1_i4:234-1559 -            442 401679at33208        -             96   2.6e-25   87.4   4.3   1   2   5.5e-26   1.3e-22   78.8   1.8     1    80   275   371   275   377 0.88 -
TRINITY_DN6688_c0_g1_i4:234-1559 -            442 401679at33208        -             96   2.6e-25   87.4   4.3   2   2    0.0023       5.2    6.3   0.0    74    96   379   401   374   401 0.91 -
TRINITY_DN479_c0_g1_i1:29-1018   -            330 401679at33208        -             96   2.2e-07   29.9   0.1   1   1   2.6e-10     6e-07   28.5   0.1    28    95   238   310   224   311 0.83 -
#
# Program:         hmmsearch
# Version:         3.1b2 (February 2015)
# Pipeline mode:   SEARCH
# Query file:      /busco_wd/busco_downloads/lineages/metazoa_odb10/hmms/401679at33208.hmm
# Target file:     /busco_wd/BUSCO/run_metazoa_odb10/metaeuk_output/initial_results/Trinity.fasta.modified.fas
# Option settings: hmmsearch --domtblout /busco_wd/BUSCO/run_metazoa_odb10/hmmer_output/initial_run_results/401679at33208.out --cpu 1 /busco_wd/busco_downloads/lineages/metazoa_odb10/hmms/401679at33208.hmm /busco_wd/BUSCO/run_metazoa_odb10/metaeuk_output/initial_results/Trinity.fasta.modified.fas 
# Current dir:     /busco_wd
# Date:            Tue Nov 23 09:02:44 2021
# [ok]
