#                                                                                      --- full sequence --- -------------- this domain -------------   hmm coord   ali coord   env coord
# target name                  accession   tlen query name           accession   qlen   E-value  score  bias   #  of  c-Evalue  i-Evalue  score  bias  from    to  from    to  from    to  acc description of target
#          ------------------- ---------- ----- -------------------- ---------- ----- --------- ------ ----- --- --- --------- --------- ------ ----- ----- ----- ----- ----- ----- ----- ---- ---------------------
TRINITY_DN134_c0_g1_i1:114-755 -            214 406927at33208        -            154   9.1e-49  164.6  31.2   1   2       2.5   5.7e+03   -3.6   0.3    55    65    43    53    35    57 0.49 -
TRINITY_DN134_c0_g1_i1:114-755 -            214 406927at33208        -            154   9.1e-49  164.6  31.2   2   2     4e-52   9.1e-49  164.6  31.2     1   129    62   197    62   213 0.93 -
TRINITY_DN134_c0_g1_i2:109-750 -            214 406927at33208        -            154   9.1e-49  164.6  31.2   1   2       2.5   5.7e+03   -3.6   0.3    55    65    43    53    35    57 0.49 -
TRINITY_DN134_c0_g1_i2:109-750 -            214 406927at33208        -            154   9.1e-49  164.6  31.2   2   2     4e-52   9.1e-49  164.6  31.2     1   129    62   197    62   213 0.93 -
TRINITY_DN134_c0_g1_i3:109-750 -            214 406927at33208        -            154   9.1e-49  164.6  31.2   1   2       2.5   5.7e+03   -3.6   0.3    55    65    43    53    35    57 0.49 -
TRINITY_DN134_c0_g1_i3:109-750 -            214 406927at33208        -            154   9.1e-49  164.6  31.2   2   2     4e-52   9.1e-49  164.6  31.2     1   129    62   197    62   213 0.93 -
TRINITY_DN134_c0_g1_i5:109-750 -            214 406927at33208        -            154   9.1e-49  164.6  31.2   1   2       2.5   5.7e+03   -3.6   0.3    55    65    43    53    35    57 0.49 -
TRINITY_DN134_c0_g1_i5:109-750 -            214 406927at33208        -            154   9.1e-49  164.6  31.2   2   2     4e-52   9.1e-49  164.6  31.2     1   129    62   197    62   213 0.93 -
#
# Program:         hmmsearch
# Version:         3.1b2 (February 2015)
# Pipeline mode:   SEARCH
# Query file:      /busco_wd/busco_downloads/lineages/metazoa_odb10/hmms/406927at33208.hmm
# Target file:     /busco_wd/BUSCO/run_metazoa_odb10/metaeuk_output/initial_results/Trinity.fasta.modified.fas
# Option settings: hmmsearch --domtblout /busco_wd/BUSCO/run_metazoa_odb10/hmmer_output/initial_run_results/406927at33208.out --cpu 1 /busco_wd/busco_downloads/lineages/metazoa_odb10/hmms/406927at33208.hmm /busco_wd/BUSCO/run_metazoa_odb10/metaeuk_output/initial_results/Trinity.fasta.modified.fas 
# Current dir:     /busco_wd
# Date:            Tue Nov 23 09:02:44 2021
# [ok]
