#                                                                                           --- full sequence --- -------------- this domain -------------   hmm coord   ali coord   env coord
# target name                       accession   tlen query name           accession   qlen   E-value  score  bias   #  of  c-Evalue  i-Evalue  score  bias  from    to  from    to  from    to  acc description of target
#               ------------------- ---------- ----- -------------------- ---------- ----- --------- ------ ----- --- --- --------- --------- ------ ----- ----- ----- ----- ----- ----- ----- ---- ---------------------
TRINITY_DN143618_c0_g1_i1:45-2126   -            694 407472at33208        -            381  1.8e-133  444.2  33.6   1   2  1.2e-133  1.1e-131  438.3  23.9     1   324     1   330     1   340 0.94 -
TRINITY_DN143618_c0_g1_i1:45-2126   -            694 407472at33208        -            381  1.8e-133  444.2  33.6   2   2   1.5e-06   0.00013   20.1   2.1   306   371   620   692   598   694 0.59 -
TRINITY_DN5304_c0_g1_i1:1215-1409   -             65 407472at33208        -            381   2.6e-27   94.8   2.0   1   1     3e-29   2.8e-27   94.7   2.0     4    68     1    65     1    65 0.98 -
TRINITY_DN5304_c0_g1_i4:1221-1415   -             65 407472at33208        -            381   2.6e-27   94.8   2.0   1   1     3e-29   2.8e-27   94.7   2.0     4    68     1    65     1    65 0.98 -
TRINITY_DN9628_c0_g1_i1:199-1218    -            340 407472at33208        -            381   5.7e-25   87.1   0.1   1   1     1e-26   9.5e-25   86.4   0.1     3    76    10    81     8    85 0.94 -
TRINITY_DN12163_c0_g1_i1:65-1045    -            327 407472at33208        -            381   5.1e-23   80.7   0.1   1   1   7.5e-25   6.9e-23   80.3   0.1     3    76     3    74     1    78 0.93 -
TRINITY_DN15077_c0_g1_i2:751-1050   -            100 407472at33208        -            381   7.5e-23   80.2   0.4   1   1   9.3e-25   8.5e-23   80.0   0.4     4    73     9    77     7    96 0.89 -
TRINITY_DN15077_c0_g1_i1:811-1077   -             89 407472at33208        -            381   9.5e-23   79.8   0.2   1   1   1.3e-24   1.2e-22   79.5   0.2     4    68    18    81    16    87 0.95 -
TRINITY_DN973_c0_g1_i1:1871-2947    -            359 407472at33208        -            381   4.8e-22   77.5   0.0   1   1   7.8e-24   7.2e-22   76.9   0.0     4    87    26   106    24   118 0.88 -
TRINITY_DN973_c0_g1_i2:1820-2896    -            359 407472at33208        -            381   4.8e-22   77.5   0.0   1   1   7.8e-24   7.2e-22   76.9   0.0     4    87    26   106    24   118 0.88 -
TRINITY_DN973_c0_g1_i3:1857-2933    -            359 407472at33208        -            381   4.8e-22   77.5   0.0   1   1   7.8e-24   7.2e-22   76.9   0.0     4    87    26   106    24   118 0.88 -
TRINITY_DN973_c0_g1_i4:1834-2910    -            359 407472at33208        -            381   4.8e-22   77.5   0.0   1   1   7.8e-24   7.2e-22   76.9   0.0     4    87    26   106    24   118 0.88 -
TRINITY_DN712_c0_g1_i11:224-577     -            118 407472at33208        -            381   1.2e-21   76.1   0.2   1   1   1.5e-23   1.4e-21   76.0   0.2     4    77    27    98    24   117 0.87 -
TRINITY_DN712_c0_g1_i12:224-577     -            118 407472at33208        -            381   1.2e-21   76.1   0.2   1   1   1.5e-23   1.4e-21   76.0   0.2     4    77    27    98    24   117 0.87 -
TRINITY_DN712_c0_g1_i13:224-577     -            118 407472at33208        -            381   1.2e-21   76.1   0.2   1   1   1.5e-23   1.4e-21   76.0   0.2     4    77    27    98    24   117 0.87 -
TRINITY_DN712_c0_g1_i2:224-577      -            118 407472at33208        -            381   1.2e-21   76.1   0.2   1   1   1.5e-23   1.4e-21   76.0   0.2     4    77    27    98    24   117 0.87 -
TRINITY_DN712_c0_g1_i3:224-577      -            118 407472at33208        -            381   1.2e-21   76.1   0.2   1   1   1.5e-23   1.4e-21   76.0   0.2     4    77    27    98    24   117 0.87 -
TRINITY_DN117974_c0_g1_i1:45-785    -            247 407472at33208        -            381   8.3e-21   73.4   0.0   1   1   1.3e-22   1.2e-20   72.9   0.0     4    92     1    86     1    89 0.90 -
TRINITY_DN3493_c1_g1_i11:311-1318   -            336 407472at33208        -            381     1e-20   73.1   0.7   1   1   1.7e-22   1.6e-20   72.5   0.7     4    71     3    68     1    83 0.90 -
TRINITY_DN3493_c1_g1_i12:311-1333   -            341 407472at33208        -            381   1.1e-20   73.1   0.7   1   1   1.8e-22   1.6e-20   72.4   0.7     4    71     3    68     1    83 0.90 -
TRINITY_DN3493_c1_g1_i2:311-1333    -            341 407472at33208        -            381   1.1e-20   73.1   0.7   1   1   1.8e-22   1.6e-20   72.4   0.7     4    71     3    68     1    83 0.90 -
TRINITY_DN3493_c1_g1_i6:311-1333    -            341 407472at33208        -            381   1.1e-20   73.1   0.7   1   1   1.8e-22   1.6e-20   72.4   0.7     4    71     3    68     1    83 0.90 -
TRINITY_DN3493_c1_g1_i8:311-1333    -            341 407472at33208        -            381   1.1e-20   73.1   0.7   1   1   1.8e-22   1.6e-20   72.4   0.7     4    71     3    68     1    83 0.90 -
TRINITY_DN6011_c0_g1_i11:8-1024     -            339 407472at33208        -            381   1.9e-20   72.2   0.8   1   1   2.4e-22   2.2e-20   72.0   0.0     5    91    10    94     7    97 0.87 -
TRINITY_DN6011_c0_g1_i12:1132-2187  -            352 407472at33208        -            381   2.1e-20   72.1   0.8   1   1   2.6e-22   2.4e-20   71.9   0.0     5    91    10    94     7    97 0.87 -
TRINITY_DN6011_c0_g1_i1:1130-2185   -            352 407472at33208        -            381   2.1e-20   72.1   0.8   1   1   2.6e-22   2.4e-20   71.9   0.0     5    91    10    94     7    97 0.87 -
TRINITY_DN6011_c0_g1_i4:1132-2187   -            352 407472at33208        -            381   2.1e-20   72.1   0.8   1   1   2.6e-22   2.4e-20   71.9   0.0     5    91    10    94     7    97 0.87 -
TRINITY_DN6011_c0_g1_i5:1132-2187   -            352 407472at33208        -            381   2.1e-20   72.1   0.8   1   1   2.6e-22   2.4e-20   71.9   0.0     5    91    10    94     7    97 0.87 -
TRINITY_DN2358_c0_g1_i10:956-2776   -            607 407472at33208        -            381   6.4e-20   70.5  64.4   1   2   4.7e-20   4.3e-18   64.5  50.7     4   335    77   393    74   442 0.74 -
TRINITY_DN2358_c0_g1_i10:956-2776   -            607 407472at33208        -            381   6.4e-20   70.5  64.4   2   2       1.2   1.1e+02    0.6   5.8   212   323   482   602   471   607 0.65 -
TRINITY_DN2358_c0_g1_i3:933-2753    -            607 407472at33208        -            381   6.4e-20   70.5  64.4   1   2   4.7e-20   4.3e-18   64.5  50.7     4   335    77   393    74   442 0.74 -
TRINITY_DN2358_c0_g1_i3:933-2753    -            607 407472at33208        -            381   6.4e-20   70.5  64.4   2   2       1.2   1.1e+02    0.6   5.8   212   323   482   602   471   607 0.65 -
TRINITY_DN2358_c0_g1_i7:957-2777    -            607 407472at33208        -            381   6.4e-20   70.5  64.4   1   2   4.7e-20   4.3e-18   64.5  50.7     4   335    77   393    74   442 0.74 -
TRINITY_DN2358_c0_g1_i7:957-2777    -            607 407472at33208        -            381   6.4e-20   70.5  64.4   2   2       1.2   1.1e+02    0.6   5.8   212   323   482   602   471   607 0.65 -
TRINITY_DN13485_c0_g1_i2:1043-1825  -            261 407472at33208        -            381   9.4e-20   70.0   0.1   1   1   1.4e-21   1.3e-19   69.5   0.1     4    83     4    80     2    95 0.91 -
TRINITY_DN13485_c0_g1_i10:1043-1909 -            289 407472at33208        -            381   2.1e-19   68.8   0.0   1   1     3e-21   2.7e-19   68.4   0.0     4    78     4    76     2   106 0.94 -
TRINITY_DN13485_c0_g1_i3:1042-1908  -            289 407472at33208        -            381   2.1e-19   68.8   0.0   1   1     3e-21   2.7e-19   68.4   0.0     4    78     4    76     2   106 0.94 -
TRINITY_DN1245_c0_g1_i10:1299-1592  -             98 407472at33208        -            381   8.7e-19   66.8   2.0   1   1     1e-20   9.2e-19   66.7   2.0     4    69     3    69     1    84 0.91 -
TRINITY_DN1245_c0_g1_i15:1299-1592  -             98 407472at33208        -            381   8.7e-19   66.8   2.0   1   1     1e-20   9.2e-19   66.7   2.0     4    69     3    69     1    84 0.91 -
TRINITY_DN1245_c0_g1_i3:1299-1592   -             98 407472at33208        -            381   8.7e-19   66.8   2.0   1   1     1e-20   9.2e-19   66.7   2.0     4    69     3    69     1    84 0.91 -
TRINITY_DN1245_c0_g1_i5:1299-1592   -             98 407472at33208        -            381   8.7e-19   66.8   2.0   1   1     1e-20   9.2e-19   66.7   2.0     4    69     3    69     1    84 0.91 -
TRINITY_DN1245_c0_g1_i6:1299-1592   -             98 407472at33208        -            381   8.7e-19   66.8   2.0   1   1     1e-20   9.2e-19   66.7   2.0     4    69     3    69     1    84 0.91 -
TRINITY_DN1245_c0_g1_i9:1299-1592   -             98 407472at33208        -            381   8.7e-19   66.8   2.0   1   1     1e-20   9.2e-19   66.7   2.0     4    69     3    69     1    84 0.91 -
TRINITY_DN459_c0_g1_i1:3065-3409    -            115 407472at33208        -            381   4.9e-18   64.3   1.7   1   1   6.6e-20     6e-18   64.0   1.7     4    78    26    99    23   109 0.91 -
TRINITY_DN459_c0_g1_i5:3064-3408    -            115 407472at33208        -            381   4.9e-18   64.3   1.7   1   1   6.6e-20     6e-18   64.0   1.7     4    78    26    99    23   109 0.91 -
TRINITY_DN1969_c0_g1_i2:1232-1432   -             67 407472at33208        -            381   9.3e-18   63.4   3.7   1   1   1.1e-19     1e-17   63.3   3.7     4    66     1    67     1    67 0.93 -
TRINITY_DN1259_c0_g1_i1:406-1506    -            367 407472at33208        -            381   2.9e-17   61.8   0.2   1   1   6.3e-19   5.8e-17   60.8   0.0     5    77     2    71     1    84 0.87 -
TRINITY_DN1259_c0_g1_i2:600-1700    -            367 407472at33208        -            381   2.9e-17   61.8   0.2   1   1   6.3e-19   5.8e-17   60.8   0.0     5    77     2    71     1    84 0.87 -
TRINITY_DN1259_c0_g1_i3:623-1723    -            367 407472at33208        -            381   2.9e-17   61.8   0.2   1   1   6.3e-19   5.8e-17   60.8   0.0     5    77     2    71     1    84 0.87 -
TRINITY_DN1259_c0_g1_i5:383-1483    -            367 407472at33208        -            381   2.9e-17   61.8   0.2   1   1   6.3e-19   5.8e-17   60.8   0.0     5    77     2    71     1    84 0.87 -
TRINITY_DN8671_c0_g2_i4:141-764     -            208 407472at33208        -            381   1.6e-16   59.4   0.2   1   1   2.3e-18   2.1e-16   58.9   0.2     5    68     6    67     5    80 0.95 -
TRINITY_DN9465_c0_g1_i1:43-696      -            218 407472at33208        -            381   1.9e-16   59.1   1.0   1   1     2e-18   1.9e-16   59.1   1.0     4    73     6    77     5    93 0.91 -
TRINITY_DN7451_c0_g1_i1:87-956      -            290 407472at33208        -            381   1.2e-15   56.5   0.1   1   1   1.3e-17   1.2e-15   56.5   0.1     4    67     2    64     1    71 0.95 -
TRINITY_DN7451_c0_g1_i2:87-956      -            290 407472at33208        -            381   1.2e-15   56.5   0.1   1   1   1.3e-17   1.2e-15   56.5   0.1     4    67     2    64     1    71 0.95 -
TRINITY_DN7451_c0_g1_i3:87-956      -            290 407472at33208        -            381   1.2e-15   56.5   0.1   1   1   1.3e-17   1.2e-15   56.5   0.1     4    67     2    64     1    71 0.95 -
TRINITY_DN7451_c0_g1_i5:87-956      -            290 407472at33208        -            381   1.2e-15   56.5   0.1   1   1   1.3e-17   1.2e-15   56.5   0.1     4    67     2    64     1    71 0.95 -
TRINITY_DN8671_c0_g2_i2:156-311     -             52 407472at33208        -            381   1.8e-15   55.9   0.1   1   1   2.1e-17   1.9e-15   55.8   0.1     5    58     1    52     1    52 0.97 -
TRINITY_DN5037_c0_g1_i2:46-795      -            250 407472at33208        -            381   2.7e-15   55.3   0.1   1   2     3e-17   2.7e-15   55.3   0.1     2    67    16    82    15    86 0.93 -
TRINITY_DN5037_c0_g1_i2:46-795      -            250 407472at33208        -            381   2.7e-15   55.3   0.1   2   2       1.1     1e+02    0.7   7.6   212   270   184   243   174   250 0.61 -
TRINITY_DN5037_c0_g1_i3:46-795      -            250 407472at33208        -            381   2.7e-15   55.3   0.1   1   2     3e-17   2.7e-15   55.3   0.1     2    67    16    82    15    86 0.93 -
TRINITY_DN5037_c0_g1_i3:46-795      -            250 407472at33208        -            381   2.7e-15   55.3   0.1   2   2       1.1     1e+02    0.7   7.6   212   270   184   243   174   250 0.61 -
TRINITY_DN5037_c0_g1_i4:46-795      -            250 407472at33208        -            381   2.7e-15   55.3   0.1   1   2     3e-17   2.7e-15   55.3   0.1     2    67    16    82    15    86 0.93 -
TRINITY_DN5037_c0_g1_i4:46-795      -            250 407472at33208        -            381   2.7e-15   55.3   0.1   2   2       1.1     1e+02    0.7   7.6   212   270   184   243   174   250 0.61 -
TRINITY_DN5037_c0_g1_i5:46-795      -            250 407472at33208        -            381   2.7e-15   55.3   0.1   1   2     3e-17   2.7e-15   55.3   0.1     2    67    16    82    15    86 0.93 -
TRINITY_DN5037_c0_g1_i5:46-795      -            250 407472at33208        -            381   2.7e-15   55.3   0.1   2   2       1.1     1e+02    0.7   7.6   212   270   184   243   174   250 0.61 -
TRINITY_DN11502_c0_g1_i1:216-1271   -            352 407472at33208        -            381   4.4e-15   54.6   2.2   1   1   9.5e-17   8.8e-15   53.6   2.2     5    60   282   338   280   349 0.90 -
TRINITY_DN6244_c0_g1_i1:393-554     -             54 407472at33208        -            381   1.7e-14   52.7   0.1   1   1   1.9e-16   1.7e-14   52.6   0.1     7    56     1    53     1    54 0.89 -
TRINITY_DN6244_c0_g1_i2:393-554     -             54 407472at33208        -            381   1.7e-14   52.7   0.1   1   1   1.9e-16   1.7e-14   52.6   0.1     7    56     1    53     1    54 0.89 -
TRINITY_DN6244_c0_g1_i3:393-554     -             54 407472at33208        -            381   1.7e-14   52.7   0.1   1   1   1.9e-16   1.7e-14   52.6   0.1     7    56     1    53     1    54 0.89 -
TRINITY_DN8590_c0_g1_i1:171-512     -            114 407472at33208        -            381   5.3e-13   47.7   5.5   1   1   7.3e-15   6.7e-13   47.4   5.5     5    67     1    61     1    77 0.94 -
TRINITY_DN10292_c0_g1_i1:531-716    -             62 407472at33208        -            381   9.7e-12   43.6   0.1   1   1   1.1e-13     1e-11   43.5   0.1     5    66     5    62     2    62 0.94 -
TRINITY_DN3461_c0_g1_i8:71-814      -            248 407472at33208        -            381   1.3e-11   43.2   1.3   1   1   1.4e-13   1.3e-11   43.2   1.3     5    61    53   109    51   134 0.96 -
TRINITY_DN3461_c0_g1_i11:266-949    -            228 407472at33208        -            381   1.3e-11   43.1   1.6   1   1   1.5e-13   1.3e-11   43.1   1.6     5    61    33    89    31   116 0.95 -
TRINITY_DN14414_c0_g1_i3:95-424     -            110 407472at33208        -            381   1.4e-11   43.0   0.0   1   1     2e-13   1.8e-11   42.7   0.0     5    71    13    78    11    85 0.93 -
TRINITY_DN3461_c0_g1_i2:71-814      -            248 407472at33208        -            381   2.4e-11   42.3   2.3   1   1   2.7e-13   2.4e-11   42.3   2.3     5    61    53   109    51   138 0.95 -
TRINITY_DN3461_c0_g1_i5:71-814      -            248 407472at33208        -            381   2.4e-11   42.3   2.3   1   1   2.7e-13   2.4e-11   42.3   2.3     5    61    53   109    51   138 0.95 -
TRINITY_DN14414_c0_g1_i1:421-957    -            179 407472at33208        -            381   3.6e-11   41.7   0.0   1   1   6.8e-13   6.2e-11   40.9   0.0     5    71    13    78    11    85 0.93 -
TRINITY_DN14414_c0_g1_i2:158-694    -            179 407472at33208        -            381   3.6e-11   41.7   0.0   1   1   6.8e-13   6.2e-11   40.9   0.0     5    71    13    78    11    85 0.93 -
TRINITY_DN14414_c0_g1_i4:395-931    -            179 407472at33208        -            381   3.6e-11   41.7   0.0   1   1   6.8e-13   6.2e-11   40.9   0.0     5    71    13    78    11    85 0.93 -
TRINITY_DN6390_c0_g1_i1:199-1656    -            486 407472at33208        -            381   8.9e-10   37.1   0.4   1   2   9.7e-12   8.9e-10   37.1   0.4    13    68     1    54     1    64 0.92 -
TRINITY_DN6390_c0_g1_i1:199-1656    -            486 407472at33208        -            381   8.9e-10   37.1   0.4   2   2       7.4   6.8e+02   -2.0   2.6   227   250   190   213   170   255 0.44 -
TRINITY_DN18653_c0_g1_i1:229-411    -             61 407472at33208        -            381   1.3e-08   33.3   0.2   1   1   1.5e-10   1.3e-08   33.2   0.2     5    66     1    61     1    61 0.93 -
TRINITY_DN1754_c0_g1_i2:708-902     -             65 407472at33208        -            381   1.6e-08   33.0   0.0   1   1   1.9e-10   1.7e-08   32.9   0.0     3    36    14    47    12    64 0.82 -
TRINITY_DN1754_c0_g1_i4:720-914     -             65 407472at33208        -            381   1.6e-08   33.0   0.0   1   1   1.9e-10   1.7e-08   32.9   0.0     3    36    14    47    12    64 0.82 -
TRINITY_DN6459_c1_g2_i2:0-2882      -            961 407472at33208        -            381   2.6e-06   25.7   0.2   1   1   4.7e-08   4.3e-06   25.0   0.2     5    58    29    80    27    88 0.79 -
TRINITY_DN6459_c1_g2_i5:198-6128    -           1977 407472at33208        -            381   9.8e-06   23.8   0.2   1   1   1.1e-07   9.8e-06   23.8   0.2     5    58  1285  1336  1283  1344 0.79 -
TRINITY_DN1726_c0_g1_i7:690-1919    -            410 407472at33208        -            381   1.2e-05   23.5   5.8   1   3     0.055         5    5.0   0.2   285   315     3    33     1    41 0.90 -
TRINITY_DN1726_c0_g1_i7:690-1919    -            410 407472at33208        -            381   1.2e-05   23.5   5.8   2   3   1.3e-07   1.2e-05   23.5   5.8   271   331    52   112    35   138 0.77 -
TRINITY_DN1726_c0_g1_i7:690-1919    -            410 407472at33208        -            381   1.2e-05   23.5   5.8   3   3       2.2     2e+02   -0.2   0.3   286   310   234   258   226   261 0.83 -
TRINITY_DN1726_c0_g1_i4:690-1919    -            410 407472at33208        -            381   1.3e-05   23.5   5.7   1   3     0.052       4.8    5.1   0.2   285   315     3    33     1    44 0.90 -
TRINITY_DN1726_c0_g1_i4:690-1919    -            410 407472at33208        -            381   1.3e-05   23.5   5.7   2   3   1.4e-07   1.3e-05   23.5   5.7   271   331    52   112    43   138 0.76 -
TRINITY_DN1726_c0_g1_i4:690-1919    -            410 407472at33208        -            381   1.3e-05   23.5   5.7   3   3       2.2     2e+02   -0.2   0.3   286   310   234   258   226   261 0.83 -
TRINITY_DN1726_c0_g1_i9:718-1947    -            410 407472at33208        -            381   1.3e-05   23.5   5.7   1   3     0.052       4.8    5.1   0.2   285   315     3    33     1    44 0.90 -
TRINITY_DN1726_c0_g1_i9:718-1947    -            410 407472at33208        -            381   1.3e-05   23.5   5.7   2   3   1.4e-07   1.3e-05   23.5   5.7   271   331    52   112    43   138 0.76 -
TRINITY_DN1726_c0_g1_i9:718-1947    -            410 407472at33208        -            381   1.3e-05   23.5   5.7   3   3       2.2     2e+02   -0.2   0.3   286   310   234   258   226   261 0.83 -
TRINITY_DN2648_c0_g1_i1:457-732     -             92 407472at33208        -            381   3.8e-05   21.9   0.1   1   1   5.2e-07   4.8e-05   21.5   0.1     5    66     7    63     5    67 0.87 -
TRINITY_DN2648_c0_g1_i2:457-732     -             92 407472at33208        -            381   3.8e-05   21.9   0.1   1   1   5.2e-07   4.8e-05   21.5   0.1     5    66     7    63     5    67 0.87 -
TRINITY_DN5314_c0_g1_i6:583-1485    -            301 407472at33208        -            381   0.00023   19.3   0.5   1   1   2.5e-06   0.00023   19.3   0.5   267   326     7    66     1   103 0.76 -
TRINITY_DN5314_c0_g1_i7:583-1485    -            301 407472at33208        -            381   0.00033   18.8   0.3   1   1   3.6e-06   0.00033   18.8   0.3   267   323     7    63     1    98 0.80 -
TRINITY_DN13616_c0_g1_i16:440-1039  -            200 407472at33208        -            381    0.0013   16.9   6.5   1   1   1.4e-05    0.0013   16.9   6.5   219   346    20   145    12   149 0.60 -
TRINITY_DN13616_c0_g1_i7:442-1041   -            200 407472at33208        -            381    0.0013   16.9   6.5   1   1   1.4e-05    0.0013   16.9   6.5   219   346    20   145    12   149 0.60 -
TRINITY_DN1726_c0_g1_i6:733-1948    -            337 407472at33208        -            381    0.0029   15.7   3.7   1   3     0.039       3.6    5.5   0.2   285   315     3    33     1    46 0.90 -
TRINITY_DN1726_c0_g1_i6:733-1948    -            337 407472at33208        -            381    0.0029   15.7   3.7   2   3   3.2e-05    0.0029   15.7   3.7   271   320    52   101    43   136 0.79 -
TRINITY_DN1726_c0_g1_i6:733-1948    -            337 407472at33208        -            381    0.0029   15.7   3.7   3   3       1.5   1.4e+02    0.2   0.3   286   310   166   190   157   194 0.83 -
TRINITY_DN8047_c0_g1_i9:730-1527    -            266 407472at33208        -            381     0.049   11.7  31.4   1   3     0.082       7.5    4.4   0.5   288   308     1    21     1    29 0.89 -
TRINITY_DN8047_c0_g1_i9:730-1527    -            266 407472at33208        -            381     0.049   11.7  31.4   2   3   0.00071     0.065   11.2  21.9   199   372    37   204    33   245 0.74 -
TRINITY_DN8047_c0_g1_i9:730-1527    -            266 407472at33208        -            381     0.049   11.7  31.4   3   3       2.6   2.4e+02   -0.5   0.1   282   304   242   264   226   266 0.72 -
TRINITY_DN8047_c0_g1_i10:730-1527   -            266 407472at33208        -            381     0.053   11.5  31.1   1   4     0.082       7.5    4.4   0.5   288   308     1    21     1    29 0.89 -
TRINITY_DN8047_c0_g1_i10:730-1527   -            266 407472at33208        -            381     0.053   11.5  31.1   2   4   0.00021     0.019   13.0  19.5   199   371    37   203    33   210 0.71 -
TRINITY_DN8047_c0_g1_i10:730-1527   -            266 407472at33208        -            381     0.053   11.5  31.1   3   4      0.36        33    2.3   8.5   285   365   148   236   142   244 0.49 -
TRINITY_DN8047_c0_g1_i10:730-1527   -            266 407472at33208        -            381     0.053   11.5  31.1   4   4       2.6   2.4e+02   -0.5   0.1   282   304   242   264   226   266 0.72 -
TRINITY_DN4824_c0_g1_i1:258-629     -            124 407472at33208        -            381     0.075   11.0   9.2   1   2     0.037       3.4    5.6   5.0   288   366     3    80     1    83 0.76 -
TRINITY_DN4824_c0_g1_i1:258-629     -            124 407472at33208        -            381     0.075   11.0   9.2   2   2     0.027       2.5    6.0   4.4   265   305    65   106    40   116 0.71 -
TRINITY_DN4824_c0_g1_i2:258-629     -            124 407472at33208        -            381     0.075   11.0   9.2   1   2     0.037       3.4    5.6   5.0   288   366     3    80     1    83 0.76 -
TRINITY_DN4824_c0_g1_i2:258-629     -            124 407472at33208        -            381     0.075   11.0   9.2   2   2     0.027       2.5    6.0   4.4   265   305    65   106    40   116 0.71 -
TRINITY_DN4824_c0_g1_i4:258-629     -            124 407472at33208        -            381     0.075   11.0   9.2   1   2     0.037       3.4    5.6   5.0   288   366     3    80     1    83 0.76 -
TRINITY_DN4824_c0_g1_i4:258-629     -            124 407472at33208        -            381     0.075   11.0   9.2   2   2     0.027       2.5    6.0   4.4   265   305    65   106    40   116 0.71 -
TRINITY_DN7819_c1_g1_i10:1176-1511  -            112 407472at33208        -            381     0.084   10.9   1.0   1   3      0.17        15    3.4   0.2   286   304     5    23     2    25 0.86 -
TRINITY_DN7819_c1_g1_i10:1176-1511  -            112 407472at33208        -            381     0.084   10.9   1.0   2   3     0.036       3.3    5.6   0.0    28    60    24    57    21    61 0.86 -
TRINITY_DN7819_c1_g1_i10:1176-1511  -            112 407472at33208        -            381     0.084   10.9   1.0   3   3         1        94    0.8   0.2   284   315    59    90    54   106 0.66 -
TRINITY_DN7819_c1_g1_i11:1086-1421  -            112 407472at33208        -            381     0.084   10.9   1.0   1   3      0.17        15    3.4   0.2   286   304     5    23     2    25 0.86 -
TRINITY_DN7819_c1_g1_i11:1086-1421  -            112 407472at33208        -            381     0.084   10.9   1.0   2   3     0.036       3.3    5.6   0.0    28    60    24    57    21    61 0.86 -
TRINITY_DN7819_c1_g1_i11:1086-1421  -            112 407472at33208        -            381     0.084   10.9   1.0   3   3         1        94    0.8   0.2   284   315    59    90    54   106 0.66 -
TRINITY_DN7819_c1_g1_i6:475-810     -            112 407472at33208        -            381     0.084   10.9   1.0   1   3      0.17        15    3.4   0.2   286   304     5    23     2    25 0.86 -
TRINITY_DN7819_c1_g1_i6:475-810     -            112 407472at33208        -            381     0.084   10.9   1.0   2   3     0.036       3.3    5.6   0.0    28    60    24    57    21    61 0.86 -
TRINITY_DN7819_c1_g1_i6:475-810     -            112 407472at33208        -            381     0.084   10.9   1.0   3   3         1        94    0.8   0.2   284   315    59    90    54   106 0.66 -
TRINITY_DN7819_c1_g1_i7:321-656     -            112 407472at33208        -            381     0.084   10.9   1.0   1   3      0.17        15    3.4   0.2   286   304     5    23     2    25 0.86 -
TRINITY_DN7819_c1_g1_i7:321-656     -            112 407472at33208        -            381     0.084   10.9   1.0   2   3     0.036       3.3    5.6   0.0    28    60    24    57    21    61 0.86 -
TRINITY_DN7819_c1_g1_i7:321-656     -            112 407472at33208        -            381     0.084   10.9   1.0   3   3         1        94    0.8   0.2   284   315    59    90    54   106 0.66 -
TRINITY_DN12004_c0_g1_i1:2333-2764  -            144 407472at33208        -            381       1.5    6.7  11.9   1   1      0.41        37    2.2  12.0   288   368     7    86     6   143 0.54 -
TRINITY_DN12004_c0_g1_i2:2333-2764  -            144 407472at33208        -            381       1.5    6.7  11.9   1   1      0.41        37    2.2  12.0   288   368     7    86     6   143 0.54 -
TRINITY_DN5644_c3_g1_i1:220-534     -            105 407472at33208        -            381       5.1    5.0   7.0   1   2     0.087         8    4.4   2.9   288   364     1    74     1    81 0.58 -
TRINITY_DN5644_c3_g1_i1:220-534     -            105 407472at33208        -            381       5.1    5.0   7.0   2   2      0.33        30    2.5   0.1   283   305    80   102    65   105 0.82 -
TRINITY_DN169106_c0_g1_i1:187-561   -            125 407472at33208        -            381       6.5    4.7   8.1   1   2      0.45        41    2.0   6.2   273   309    19    55     9   110 0.59 -
TRINITY_DN169106_c0_g1_i1:187-561   -            125 407472at33208        -            381       6.5    4.7   8.1   2   2      0.88        81    1.1   2.1   283   306    85   108    64   124 0.68 -
#
# Program:         hmmsearch
# Version:         3.1b2 (February 2015)
# Pipeline mode:   SEARCH
# Query file:      /busco_wd/busco_downloads/lineages/metazoa_odb10/hmms/407472at33208.hmm
# Target file:     /busco_wd/BUSCO/run_metazoa_odb10/metaeuk_output/initial_results/Trinity.fasta.modified.fas
# Option settings: hmmsearch --domtblout /busco_wd/BUSCO/run_metazoa_odb10/hmmer_output/initial_run_results/407472at33208.out --cpu 1 /busco_wd/busco_downloads/lineages/metazoa_odb10/hmms/407472at33208.hmm /busco_wd/BUSCO/run_metazoa_odb10/metaeuk_output/initial_results/Trinity.fasta.modified.fas 
# Current dir:     /busco_wd
# Date:            Tue Nov 23 09:02:45 2021
# [ok]
