#                                                                                           --- full sequence --- -------------- this domain -------------   hmm coord   ali coord   env coord
# target name                       accession   tlen query name           accession   qlen   E-value  score  bias   #  of  c-Evalue  i-Evalue  score  bias  from    to  from    to  from    to  acc description of target
#               ------------------- ---------- ----- -------------------- ---------- ----- --------- ------ ----- --- --- --------- --------- ------ ----- ----- ----- ----- ----- ----- ----- ---- ---------------------
TRINITY_DN6390_c0_g1_i1:199-1656    -            486 412930at33208        -            279   3.7e-88  294.3  19.7   1   3   5.8e-53   6.1e-51  172.2   7.8    36   246     1   202     1   220 0.75 -
TRINITY_DN6390_c0_g1_i1:199-1656    -            486 412930at33208        -            279   3.7e-88  294.3  19.7   2   3   1.3e-16   1.3e-14   53.0   0.0   168   224   246   302   236   313 0.91 -
TRINITY_DN6390_c0_g1_i1:199-1656    -            486 412930at33208        -            279   3.7e-88  294.3  19.7   3   3     8e-23   8.3e-21   73.3   1.9   212   276   421   486   381   486 0.89 -
TRINITY_DN6390_c0_g1_i2:523-1563    -            347 412930at33208        -            279   1.2e-36  125.3  10.3   1   3      0.51        53    1.8   0.4   215   249    30    66     2    84 0.70 -
TRINITY_DN6390_c0_g1_i2:523-1563    -            347 412930at33208        -            279   1.2e-36  125.3  10.3   2   3   7.3e-17   7.6e-15   53.8   0.0   168   224   107   163    94   175 0.91 -
TRINITY_DN6390_c0_g1_i2:523-1563    -            347 412930at33208        -            279   1.2e-36  125.3  10.3   3   3   5.4e-23   5.6e-21   73.9   2.1   211   276   281   347   239   347 0.89 -
TRINITY_DN2358_c0_g1_i10:956-2776   -            607 412930at33208        -            279   1.9e-24   85.3   8.0   1   3   8.9e-07   9.3e-05   20.7   0.0    24    60    74   113    57   159 0.77 -
TRINITY_DN2358_c0_g1_i10:956-2776   -            607 412930at33208        -            279   1.9e-24   85.3   8.0   2   3   1.1e-07   1.2e-05   23.6   0.1   174   220   439   485   422   508 0.85 -
TRINITY_DN2358_c0_g1_i10:956-2776   -            607 412930at33208        -            279   1.9e-24   85.3   8.0   3   3   8.9e-19   9.3e-17   60.0   1.6   224   278   546   601   530   602 0.89 -
TRINITY_DN2358_c0_g1_i3:933-2753    -            607 412930at33208        -            279   1.9e-24   85.3   8.0   1   3   8.9e-07   9.3e-05   20.7   0.0    24    60    74   113    57   159 0.77 -
TRINITY_DN2358_c0_g1_i3:933-2753    -            607 412930at33208        -            279   1.9e-24   85.3   8.0   2   3   1.1e-07   1.2e-05   23.6   0.1   174   220   439   485   422   508 0.85 -
TRINITY_DN2358_c0_g1_i3:933-2753    -            607 412930at33208        -            279   1.9e-24   85.3   8.0   3   3   8.9e-19   9.3e-17   60.0   1.6   224   278   546   601   530   602 0.89 -
TRINITY_DN2358_c0_g1_i7:957-2777    -            607 412930at33208        -            279   1.9e-24   85.3   8.0   1   3   8.9e-07   9.3e-05   20.7   0.0    24    60    74   113    57   159 0.77 -
TRINITY_DN2358_c0_g1_i7:957-2777    -            607 412930at33208        -            279   1.9e-24   85.3   8.0   2   3   1.1e-07   1.2e-05   23.6   0.1   174   220   439   485   422   508 0.85 -
TRINITY_DN2358_c0_g1_i7:957-2777    -            607 412930at33208        -            279   1.9e-24   85.3   8.0   3   3   8.9e-19   9.3e-17   60.0   1.6   224   278   546   601   530   602 0.89 -
TRINITY_DN712_c0_g1_i11:224-577     -            118 412930at33208        -            279     2e-23   81.9   0.1   1   1   2.2e-25   2.3e-23   81.7   0.1    22    96    22    96     2    99 0.88 -
TRINITY_DN712_c0_g1_i12:224-577     -            118 412930at33208        -            279     2e-23   81.9   0.1   1   1   2.2e-25   2.3e-23   81.7   0.1    22    96    22    96     2    99 0.88 -
TRINITY_DN712_c0_g1_i13:224-577     -            118 412930at33208        -            279     2e-23   81.9   0.1   1   1   2.2e-25   2.3e-23   81.7   0.1    22    96    22    96     2    99 0.88 -
TRINITY_DN712_c0_g1_i2:224-577      -            118 412930at33208        -            279     2e-23   81.9   0.1   1   1   2.2e-25   2.3e-23   81.7   0.1    22    96    22    96     2    99 0.88 -
TRINITY_DN712_c0_g1_i3:224-577      -            118 412930at33208        -            279     2e-23   81.9   0.1   1   1   2.2e-25   2.3e-23   81.7   0.1    22    96    22    96     2    99 0.88 -
TRINITY_DN12163_c0_g1_i1:65-1045    -            327 412930at33208        -            279   2.1e-22   78.5   0.2   1   1   2.8e-24     3e-22   78.1   0.2    25    95     2    72     1    74 0.96 -
TRINITY_DN6011_c0_g1_i11:8-1024     -            339 412930at33208        -            279   3.2e-21   74.7   0.1   1   2   2.8e-22   2.9e-20   71.5   0.0    25    94     7    76     1    79 0.95 -
TRINITY_DN6011_c0_g1_i11:8-1024     -            339 412930at33208        -            279   3.2e-21   74.7   0.1   2   2      0.98     1e+02    0.8   0.0    84    98   305   319   302   323 0.87 -
TRINITY_DN6011_c0_g1_i12:1132-2187  -            352 412930at33208        -            279   3.5e-21   74.5   0.1   1   2     3e-22   3.1e-20   71.4   0.0    25    94     7    76     1    79 0.95 -
TRINITY_DN6011_c0_g1_i12:1132-2187  -            352 412930at33208        -            279   3.5e-21   74.5   0.1   2   2         1   1.1e+02    0.8   0.0    84    98   305   319   302   323 0.87 -
TRINITY_DN6011_c0_g1_i1:1130-2185   -            352 412930at33208        -            279   3.5e-21   74.5   0.1   1   2     3e-22   3.1e-20   71.4   0.0    25    94     7    76     1    79 0.95 -
TRINITY_DN6011_c0_g1_i1:1130-2185   -            352 412930at33208        -            279   3.5e-21   74.5   0.1   2   2         1   1.1e+02    0.8   0.0    84    98   305   319   302   323 0.87 -
TRINITY_DN6011_c0_g1_i4:1132-2187   -            352 412930at33208        -            279   3.5e-21   74.5   0.1   1   2     3e-22   3.1e-20   71.4   0.0    25    94     7    76     1    79 0.95 -
TRINITY_DN6011_c0_g1_i4:1132-2187   -            352 412930at33208        -            279   3.5e-21   74.5   0.1   2   2         1   1.1e+02    0.8   0.0    84    98   305   319   302   323 0.87 -
TRINITY_DN6011_c0_g1_i5:1132-2187   -            352 412930at33208        -            279   3.5e-21   74.5   0.1   1   2     3e-22   3.1e-20   71.4   0.0    25    94     7    76     1    79 0.95 -
TRINITY_DN6011_c0_g1_i5:1132-2187   -            352 412930at33208        -            279   3.5e-21   74.5   0.1   2   2         1   1.1e+02    0.8   0.0    84    98   305   319   302   323 0.87 -
TRINITY_DN459_c0_g1_i1:3065-3409    -            115 412930at33208        -            279   3.5e-21   74.5   0.2   1   1     4e-23   4.2e-21   74.3   0.2    24    96    23    96    18   109 0.93 -
TRINITY_DN459_c0_g1_i5:3064-3408    -            115 412930at33208        -            279   3.5e-21   74.5   0.2   1   1     4e-23   4.2e-21   74.3   0.2    24    96    23    96    18   109 0.93 -
TRINITY_DN9628_c0_g1_i1:199-1218    -            340 412930at33208        -            279   6.3e-21   73.7   0.1   1   2   6.1e-23   6.3e-21   73.7   0.1    22    94     6    78     2    80 0.95 -
TRINITY_DN9628_c0_g1_i1:199-1218    -            340 412930at33208        -            279   6.3e-21   73.7   0.1   2   2       4.3   4.5e+02   -1.3   0.2   222   261   180   219   173   235 0.74 -
TRINITY_DN973_c0_g1_i1:1871-2947    -            359 412930at33208        -            279   1.2e-19   69.5   0.9   1   1   1.6e-21   1.7e-19   69.0   0.1    25    93    24    93    12    96 0.90 -
TRINITY_DN973_c0_g1_i2:1820-2896    -            359 412930at33208        -            279   1.2e-19   69.5   0.9   1   1   1.6e-21   1.7e-19   69.0   0.1    25    93    24    93    12    96 0.90 -
TRINITY_DN973_c0_g1_i3:1857-2933    -            359 412930at33208        -            279   1.2e-19   69.5   0.9   1   1   1.6e-21   1.7e-19   69.0   0.1    25    93    24    93    12    96 0.90 -
TRINITY_DN973_c0_g1_i4:1834-2910    -            359 412930at33208        -            279   1.2e-19   69.5   0.9   1   1   1.6e-21   1.7e-19   69.0   0.1    25    93    24    93    12    96 0.90 -
TRINITY_DN15077_c0_g1_i1:811-1077   -             89 412930at33208        -            279   3.6e-19   67.9   0.1   1   1   3.8e-21     4e-19   67.8   0.1    26    93    17    85     5    87 0.91 -
TRINITY_DN15077_c0_g1_i2:751-1050   -            100 412930at33208        -            279   4.9e-19   67.5   0.2   1   1   5.9e-21   6.2e-19   67.2   0.2    26    94     8    77     3    79 0.91 -
TRINITY_DN5304_c0_g1_i1:1215-1409   -             65 412930at33208        -            279   1.1e-18   66.4   0.6   1   1   1.1e-20   1.1e-18   66.3   0.6    27    88     1    64     1    65 0.94 -
TRINITY_DN5304_c0_g1_i4:1221-1415   -             65 412930at33208        -            279   1.1e-18   66.4   0.6   1   1   1.1e-20   1.1e-18   66.3   0.6    27    88     1    64     1    65 0.94 -
TRINITY_DN8590_c0_g1_i1:171-512     -            114 412930at33208        -            279   4.9e-18   64.2   6.7   1   1   5.3e-20   5.6e-18   64.0   6.7    28   135     1   110     1   113 0.76 -
TRINITY_DN2358_c0_g1_i4:972-1397    -            142 412930at33208        -            279   1.1e-17   63.1   2.8   1   2      0.79        83    1.1   0.1   244   275     3    34     1    43 0.57 -
TRINITY_DN2358_c0_g1_i4:972-1397    -            142 412930at33208        -            279   1.1e-17   63.1   2.8   2   2     1e-19   1.1e-17   63.1   2.8   223   278    85   141    49   142 0.84 -
TRINITY_DN13485_c0_g1_i2:1043-1825  -            261 412930at33208        -            279   1.6e-17   62.5   0.1   1   1   2.2e-19   2.3e-17   62.0   0.1    25   100     2    81     1    86 0.89 -
TRINITY_DN3493_c1_g1_i11:311-1318   -            336 412930at33208        -            279   1.9e-17   62.3   2.2   1   1   2.6e-19   2.7e-17   61.8   2.2    26    88     2    64     1    67 0.98 -
TRINITY_DN3493_c1_g1_i2:311-1333    -            341 412930at33208        -            279     2e-17   62.2   2.2   1   1   2.7e-19   2.8e-17   61.8   2.2    26    88     2    64     1    67 0.98 -
TRINITY_DN3493_c1_g1_i6:311-1333    -            341 412930at33208        -            279     2e-17   62.2   2.2   1   1   2.7e-19   2.8e-17   61.8   2.2    26    88     2    64     1    67 0.98 -
TRINITY_DN3493_c1_g1_i8:311-1333    -            341 412930at33208        -            279     2e-17   62.2   2.2   1   1   2.7e-19   2.8e-17   61.8   2.2    26    88     2    64     1    67 0.98 -
TRINITY_DN3493_c1_g1_i12:311-1333   -            341 412930at33208        -            279     2e-17   62.2   2.2   1   1   2.7e-19   2.8e-17   61.8   2.2    26    88     2    64     1    67 0.98 -
TRINITY_DN13485_c0_g1_i10:1043-1909 -            289 412930at33208        -            279     4e-17   61.2   0.1   1   1   5.5e-19   5.7e-17   60.7   0.1    25    95     2    72     1    80 0.93 -
TRINITY_DN13485_c0_g1_i3:1042-1908  -            289 412930at33208        -            279     4e-17   61.2   0.1   1   1   5.5e-19   5.7e-17   60.7   0.1    25    95     2    72     1    80 0.93 -
TRINITY_DN117974_c0_g1_i1:45-785    -            247 412930at33208        -            279   9.2e-16   56.8   0.1   1   1   1.1e-17   1.2e-15   56.4   0.1    27    88     1    60     1    72 0.94 -
TRINITY_DN1245_c0_g1_i10:1299-1592  -             98 412930at33208        -            279   2.4e-15   55.4   1.3   1   1   2.7e-17   2.8e-15   55.2   1.3    26    87     2    66     1    68 0.91 -
TRINITY_DN1245_c0_g1_i15:1299-1592  -             98 412930at33208        -            279   2.4e-15   55.4   1.3   1   1   2.7e-17   2.8e-15   55.2   1.3    26    87     2    66     1    68 0.91 -
TRINITY_DN1245_c0_g1_i3:1299-1592   -             98 412930at33208        -            279   2.4e-15   55.4   1.3   1   1   2.7e-17   2.8e-15   55.2   1.3    26    87     2    66     1    68 0.91 -
TRINITY_DN1245_c0_g1_i5:1299-1592   -             98 412930at33208        -            279   2.4e-15   55.4   1.3   1   1   2.7e-17   2.8e-15   55.2   1.3    26    87     2    66     1    68 0.91 -
TRINITY_DN1245_c0_g1_i6:1299-1592   -             98 412930at33208        -            279   2.4e-15   55.4   1.3   1   1   2.7e-17   2.8e-15   55.2   1.3    26    87     2    66     1    68 0.91 -
TRINITY_DN1245_c0_g1_i9:1299-1592   -             98 412930at33208        -            279   2.4e-15   55.4   1.3   1   1   2.7e-17   2.8e-15   55.2   1.3    26    87     2    66     1    68 0.91 -
TRINITY_DN10292_c0_g1_i1:531-716    -             62 412930at33208        -            279   5.2e-15   54.3   0.2   1   1   5.3e-17   5.5e-15   54.2   0.2    25    87     2    62     1    62 0.93 -
TRINITY_DN143618_c0_g1_i1:45-2126   -            694 412930at33208        -            279   5.2e-15   54.3   0.3   1   2     5e-17   5.2e-15   54.3   0.3    27    88     4    67     1    74 0.89 -
TRINITY_DN143618_c0_g1_i1:45-2126   -            694 412930at33208        -            279   5.2e-15   54.3   0.3   2   2       6.5   6.7e+02   -1.8   4.6   195   249   190   245   154   271 0.65 -
TRINITY_DN8671_c0_g2_i4:141-764     -            208 412930at33208        -            279   1.3e-14   53.0   0.1   1   1   1.8e-16   1.8e-14   52.5   0.1    28    87     6    65     2    68 0.97 -
TRINITY_DN9465_c0_g1_i1:43-696      -            218 412930at33208        -            279     2e-14   52.4   0.7   1   1   2.6e-16   2.8e-14   51.9   0.7    24    95     3    78     1   103 0.88 -
TRINITY_DN1259_c0_g1_i1:406-1506    -            367 412930at33208        -            279     9e-14   50.2   0.1   1   1   1.7e-15   1.8e-13   49.2   0.0    28    93     2    66     1    69 0.92 -
TRINITY_DN1259_c0_g1_i2:600-1700    -            367 412930at33208        -            279     9e-14   50.2   0.1   1   1   1.7e-15   1.8e-13   49.2   0.0    28    93     2    66     1    69 0.92 -
TRINITY_DN1259_c0_g1_i3:623-1723    -            367 412930at33208        -            279     9e-14   50.2   0.1   1   1   1.7e-15   1.8e-13   49.2   0.0    28    93     2    66     1    69 0.92 -
TRINITY_DN1259_c0_g1_i5:383-1483    -            367 412930at33208        -            279     9e-14   50.2   0.1   1   1   1.7e-15   1.8e-13   49.2   0.0    28    93     2    66     1    69 0.92 -
TRINITY_DN5037_c0_g1_i2:46-795      -            250 412930at33208        -            279   2.9e-13   48.6   0.0   1   1   2.8e-15   2.9e-13   48.6   0.0    26    88    17    82     2    85 0.86 -
TRINITY_DN5037_c0_g1_i3:46-795      -            250 412930at33208        -            279   2.9e-13   48.6   0.0   1   1   2.8e-15   2.9e-13   48.6   0.0    26    88    17    82     2    85 0.86 -
TRINITY_DN5037_c0_g1_i4:46-795      -            250 412930at33208        -            279   2.9e-13   48.6   0.0   1   1   2.8e-15   2.9e-13   48.6   0.0    26    88    17    82     2    85 0.86 -
TRINITY_DN5037_c0_g1_i5:46-795      -            250 412930at33208        -            279   2.9e-13   48.6   0.0   1   1   2.8e-15   2.9e-13   48.6   0.0    26    88    17    82     2    85 0.86 -
TRINITY_DN1969_c0_g1_i2:1232-1432   -             67 412930at33208        -            279   9.6e-13   46.9   3.3   1   1     1e-14   1.1e-12   46.7   3.3    27    87     1    67     1    67 0.83 -
TRINITY_DN7451_c0_g1_i1:87-956      -            290 412930at33208        -            279     1e-12   46.7   0.1   1   1     1e-14     1e-12   46.7   0.1    26    91     1    67     1    69 0.95 -
TRINITY_DN7451_c0_g1_i2:87-956      -            290 412930at33208        -            279     1e-12   46.7   0.1   1   1     1e-14     1e-12   46.7   0.1    26    91     1    67     1    69 0.95 -
TRINITY_DN7451_c0_g1_i3:87-956      -            290 412930at33208        -            279     1e-12   46.7   0.1   1   1     1e-14     1e-12   46.7   0.1    26    91     1    67     1    69 0.95 -
TRINITY_DN7451_c0_g1_i5:87-956      -            290 412930at33208        -            279     1e-12   46.7   0.1   1   1     1e-14     1e-12   46.7   0.1    26    91     1    67     1    69 0.95 -
TRINITY_DN8671_c0_g2_i2:156-311     -             52 412930at33208        -            279   2.4e-12   45.5   0.0   1   1   2.5e-14   2.6e-12   45.5   0.0    28    79     1    52     1    52 0.98 -
TRINITY_DN1754_c0_g1_i2:708-902     -             65 412930at33208        -            279     8e-11   40.6   0.0   1   1   7.7e-13     8e-11   40.6   0.0    18    74     4    62     1    65 0.86 -
TRINITY_DN1754_c0_g1_i4:720-914     -             65 412930at33208        -            279     8e-11   40.6   0.0   1   1   7.7e-13     8e-11   40.6   0.0    18    74     4    62     1    65 0.86 -
TRINITY_DN11502_c0_g1_i1:216-1271   -            352 412930at33208        -            279   1.4e-09   36.5   0.5   1   1   2.1e-11   2.2e-09   35.9   0.5    24    82   278   339   259   350 0.78 -
TRINITY_DN14414_c0_g1_i3:95-424     -            110 412930at33208        -            279   1.9e-09   36.0   0.0   1   1   2.4e-11   2.5e-09   35.7   0.0    23    94     8    80     4    83 0.91 -
TRINITY_DN18653_c0_g1_i1:229-411    -             61 412930at33208        -            279   3.5e-09   35.2   0.2   1   1   3.6e-11   3.8e-09   35.1   0.2    28    87     1    61     1    61 0.94 -
TRINITY_DN2648_c0_g1_i1:457-732     -             92 412930at33208        -            279   3.9e-09   35.0   0.0   1   1   4.5e-11   4.7e-09   34.8   0.0    26    88     5    64     2    70 0.93 -
TRINITY_DN2648_c0_g1_i2:457-732     -             92 412930at33208        -            279   3.9e-09   35.0   0.0   1   1   4.5e-11   4.7e-09   34.8   0.0    26    88     5    64     2    70 0.93 -
TRINITY_DN14414_c0_g1_i1:421-957    -            179 412930at33208        -            279   5.9e-09   34.4   0.0   1   1   8.4e-11   8.8e-09   33.9   0.0    24    94     9    80     4    83 0.91 -
TRINITY_DN14414_c0_g1_i2:158-694    -            179 412930at33208        -            279   5.9e-09   34.4   0.0   1   1   8.4e-11   8.8e-09   33.9   0.0    24    94     9    80     4    83 0.91 -
TRINITY_DN14414_c0_g1_i4:395-931    -            179 412930at33208        -            279   5.9e-09   34.4   0.0   1   1   8.4e-11   8.8e-09   33.9   0.0    24    94     9    80     4    83 0.91 -
TRINITY_DN6244_c0_g1_i1:393-554     -             54 412930at33208        -            279   2.4e-08   32.4   0.1   1   1   2.4e-10   2.5e-08   32.4   0.1    30    77     1    53     1    54 0.82 -
TRINITY_DN6244_c0_g1_i2:393-554     -             54 412930at33208        -            279   2.4e-08   32.4   0.1   1   1   2.4e-10   2.5e-08   32.4   0.1    30    77     1    53     1    54 0.82 -
TRINITY_DN6244_c0_g1_i3:393-554     -             54 412930at33208        -            279   2.4e-08   32.4   0.1   1   1   2.4e-10   2.5e-08   32.4   0.1    30    77     1    53     1    54 0.82 -
TRINITY_DN3461_c0_g1_i11:266-949    -            228 412930at33208        -            279   8.4e-08   30.7   0.3   1   1     8e-10   8.4e-08   30.7   0.3    24    86    29    93    25   101 0.84 -
TRINITY_DN3461_c0_g1_i2:71-814      -            248 412930at33208        -            279   8.5e-08   30.6   0.3   1   1   8.2e-10   8.5e-08   30.6   0.3    24    86    49   113    22   121 0.87 -
TRINITY_DN3461_c0_g1_i5:71-814      -            248 412930at33208        -            279   8.5e-08   30.6   0.3   1   1   8.2e-10   8.5e-08   30.6   0.3    24    86    49   113    22   121 0.87 -
TRINITY_DN3461_c0_g1_i8:71-814      -            248 412930at33208        -            279   8.6e-08   30.6   0.3   1   2   8.2e-10   8.6e-08   30.6   0.3    24    86    49   113    22   120 0.87 -
TRINITY_DN3461_c0_g1_i8:71-814      -            248 412930at33208        -            279   8.6e-08   30.6   0.3   2   2       6.3   6.6e+02   -1.8   4.9   163   200   176   214   125   240 0.56 -
TRINITY_DN2791_c0_g1_i1:97-2532     -            812 412930at33208        -            279   8.4e-06   24.1   4.3   1   2   5.1e-05    0.0053   14.9   1.9   225   275    11    60     6    64 0.86 -
TRINITY_DN2791_c0_g1_i1:97-2532     -            812 412930at33208        -            279   8.4e-06   24.1   4.3   2   2    0.0035      0.36    8.9   0.1   224   277    62   111    58   113 0.74 -
TRINITY_DN7402_c0_g1_i13:1796-2140  -            115 412930at33208        -            279   4.2e-05   21.8   0.1   1   2    0.0089      0.93    7.5   0.0   225   271     1    45     1    52 0.84 -
TRINITY_DN7402_c0_g1_i13:1796-2140  -            115 412930at33208        -            279   4.2e-05   21.8   0.1   2   2   0.00018     0.019   13.1   0.0   224   267    52    93    47   101 0.90 -
TRINITY_DN7402_c0_g1_i14:1796-2140  -            115 412930at33208        -            279   4.2e-05   21.8   0.1   1   2    0.0089      0.93    7.5   0.0   225   271     1    45     1    52 0.84 -
TRINITY_DN7402_c0_g1_i14:1796-2140  -            115 412930at33208        -            279   4.2e-05   21.8   0.1   2   2   0.00018     0.019   13.1   0.0   224   267    52    93    47   101 0.90 -
TRINITY_DN7402_c0_g1_i8:492-836     -            115 412930at33208        -            279   4.2e-05   21.8   0.1   1   2    0.0089      0.93    7.5   0.0   225   271     1    45     1    52 0.84 -
TRINITY_DN7402_c0_g1_i8:492-836     -            115 412930at33208        -            279   4.2e-05   21.8   0.1   2   2   0.00018     0.019   13.1   0.0   224   267    52    93    47   101 0.90 -
TRINITY_DN18131_c0_g1_i1:242-607    -            122 412930at33208        -            279   0.00057   18.1   0.2   1   1   0.00016     0.017   13.2   0.2   177   261     2    88     1   103 0.66 -
TRINITY_DN18131_c0_g1_i2:267-632    -            122 412930at33208        -            279   0.00057   18.1   0.2   1   1   0.00016     0.017   13.2   0.2   177   261     2    88     1   103 0.66 -
TRINITY_DN18131_c0_g1_i5:267-632    -            122 412930at33208        -            279   0.00057   18.1   0.2   1   1   0.00016     0.017   13.2   0.2   177   261     2    88     1   103 0.66 -
TRINITY_DN6459_c1_g2_i2:0-2882      -            961 412930at33208        -            279    0.0032   15.6   0.1   1   1   5.6e-05    0.0058   14.8   0.1    35    79    38    80    25    88 0.74 -
TRINITY_DN6459_c1_g2_i5:198-6128    -           1977 412930at33208        -            279    0.0066   14.6   0.1   1   1   0.00013     0.013   13.6   0.1    35    79  1294  1336  1281  1344 0.74 -
#
# Program:         hmmsearch
# Version:         3.1b2 (February 2015)
# Pipeline mode:   SEARCH
# Query file:      /busco_wd/busco_downloads/lineages/metazoa_odb10/hmms/412930at33208.hmm
# Target file:     /busco_wd/BUSCO/run_metazoa_odb10/metaeuk_output/initial_results/Trinity.fasta.modified.fas
# Option settings: hmmsearch --domtblout /busco_wd/BUSCO/run_metazoa_odb10/hmmer_output/initial_run_results/412930at33208.out --cpu 1 /busco_wd/busco_downloads/lineages/metazoa_odb10/hmms/412930at33208.hmm /busco_wd/BUSCO/run_metazoa_odb10/metaeuk_output/initial_results/Trinity.fasta.modified.fas 
# Current dir:     /busco_wd
# Date:            Tue Nov 23 09:02:48 2021
# [ok]
