#                                                                                          --- full sequence --- -------------- this domain -------------   hmm coord   ali coord   env coord
# target name                      accession   tlen query name           accession   qlen   E-value  score  bias   #  of  c-Evalue  i-Evalue  score  bias  from    to  from    to  from    to  acc description of target
#              ------------------- ---------- ----- -------------------- ---------- ----- --------- ------ ----- --- --- --------- --------- ------ ----- ----- ----- ----- ----- ----- ----- ---- ---------------------
TRINITY_DN225_c0_g1_i1:271-1227    -            319 422158at33208        -            281  3.5e-127  422.2  13.2   1   1  3.8e-127  6.6e-125  414.7  13.2     1   281     1   319     1   319 0.88 -
TRINITY_DN10562_c0_g1_i1:117-761   -            215 422158at33208        -            281     2e-28   98.2  21.8   1   2   1.8e-24   3.1e-22   77.9  10.9     1   117     1   122     1   125 0.88 -
TRINITY_DN10562_c0_g1_i1:117-761   -            215 422158at33208        -            281     2e-28   98.2  21.8   2   2   4.2e-08   7.2e-06   24.2   7.3    81   161   115   195   109   203 0.73 -
TRINITY_DN10562_c0_g1_i3:117-761   -            215 422158at33208        -            281     2e-28   98.2  21.8   1   2   1.8e-24   3.1e-22   77.9  10.9     1   117     1   122     1   125 0.88 -
TRINITY_DN10562_c0_g1_i3:117-761   -            215 422158at33208        -            281     2e-28   98.2  21.8   2   2   4.2e-08   7.2e-06   24.2   7.3    81   161   115   195   109   203 0.73 -
TRINITY_DN10562_c0_g1_i4:117-761   -            215 422158at33208        -            281     2e-28   98.2  21.8   1   2   1.8e-24   3.1e-22   77.9  10.9     1   117     1   122     1   125 0.88 -
TRINITY_DN10562_c0_g1_i4:117-761   -            215 422158at33208        -            281     2e-28   98.2  21.8   2   2   4.2e-08   7.2e-06   24.2   7.3    81   161   115   195   109   203 0.73 -
TRINITY_DN10562_c0_g1_i6:117-761   -            215 422158at33208        -            281     2e-28   98.2  21.8   1   2   1.8e-24   3.1e-22   77.9  10.9     1   117     1   122     1   125 0.88 -
TRINITY_DN10562_c0_g1_i6:117-761   -            215 422158at33208        -            281     2e-28   98.2  21.8   2   2   4.2e-08   7.2e-06   24.2   7.3    81   161   115   195   109   203 0.73 -
TRINITY_DN57404_c0_g1_i10:209-502  -             98 422158at33208        -            281   2.1e-18   65.3   2.3   1   1   1.3e-20   2.3e-18   65.2   2.3    12   104     1    98     1    98 0.90 -
TRINITY_DN57404_c0_g1_i4:80-373    -             98 422158at33208        -            281   2.1e-18   65.3   2.3   1   1   1.3e-20   2.3e-18   65.2   2.3    12   104     1    98     1    98 0.90 -
TRINITY_DN57404_c0_g1_i7:80-373    -             98 422158at33208        -            281   2.1e-18   65.3   2.3   1   1   1.3e-20   2.3e-18   65.2   2.3    12   104     1    98     1    98 0.90 -
TRINITY_DN52602_c0_g1_i2:87-437    -            117 422158at33208        -            281   1.6e-17   62.4   6.5   1   1     1e-19   1.7e-17   62.3   6.5     1   110     1   114     1   117 0.83 -
TRINITY_DN52602_c0_g1_i1:164-487   -            108 422158at33208        -            281   2.1e-17   62.1   4.1   1   1   1.3e-19   2.3e-17   61.9   4.1     1   100     1   107     1   108 0.85 -
TRINITY_DN6709_c0_g1_i4:933-1493   -            187 422158at33208        -            281     2e-15   55.6   8.6   1   1   1.1e-17     2e-15   55.6   8.6     2   123     1   126     1   131 0.85 -
TRINITY_DN4529_c0_g1_i1:1392-1691  -            100 422158at33208        -            281   9.4e-14   50.1   1.1   1   1   5.7e-16   9.9e-14   50.0   1.1    15    85    13    88     2   100 0.86 -
TRINITY_DN4529_c0_g1_i3:497-796    -            100 422158at33208        -            281   9.4e-14   50.1   1.1   1   1   5.7e-16   9.9e-14   50.0   1.1    15    85    13    88     2   100 0.86 -
TRINITY_DN4529_c0_g1_i6:1392-1691  -            100 422158at33208        -            281   9.4e-14   50.1   1.1   1   1   5.7e-16   9.9e-14   50.0   1.1    15    85    13    88     2   100 0.86 -
TRINITY_DN4529_c0_g1_i7:1392-1691  -            100 422158at33208        -            281   9.4e-14   50.1   1.1   1   1   5.7e-16   9.9e-14   50.0   1.1    15    85    13    88     2   100 0.86 -
TRINITY_DN8352_c0_g1_i1:1182-1703  -            174 422158at33208        -            281   2.1e-11   42.3  17.3   1   2   1.7e-13     3e-11   41.9   6.8    13   114     3   107     1   118 0.86 -
TRINITY_DN8352_c0_g1_i1:1182-1703  -            174 422158at33208        -            281   2.1e-11   42.3  17.3   2   2    0.0098       1.7    6.6   2.8    75   122   125   171   113   174 0.81 -
TRINITY_DN8352_c0_g1_i2:1182-1703  -            174 422158at33208        -            281   2.1e-11   42.3  17.3   1   2   1.7e-13     3e-11   41.9   6.8    13   114     3   107     1   118 0.86 -
TRINITY_DN8352_c0_g1_i2:1182-1703  -            174 422158at33208        -            281   2.1e-11   42.3  17.3   2   2    0.0098       1.7    6.6   2.8    75   122   125   171   113   174 0.81 -
TRINITY_DN12467_c0_g1_i2:127-426   -            100 422158at33208        -            281   2.6e-10   38.8   0.8   1   1   1.7e-12     3e-10   38.6   0.8    13    86    11    86     2    93 0.84 -
TRINITY_DN18827_c0_g1_i1:168-476   -            103 422158at33208        -            281   2.9e-10   38.7   0.8   1   1   1.8e-12   3.1e-10   38.5   0.8     7    81     5    87     1   102 0.74 -
TRINITY_DN18590_c0_g1_i10:418-603  -             62 422158at33208        -            281   5.7e-08   31.1   1.2   1   1   3.8e-10   6.6e-08   30.9   1.2    12    61     6    54     2    59 0.87 -
TRINITY_DN18590_c0_g1_i12:418-603  -             62 422158at33208        -            281   5.7e-08   31.1   1.2   1   1   3.8e-10   6.6e-08   30.9   1.2    12    61     6    54     2    59 0.87 -
TRINITY_DN18590_c0_g1_i4:418-603   -             62 422158at33208        -            281   5.7e-08   31.1   1.2   1   1   3.8e-10   6.6e-08   30.9   1.2    12    61     6    54     2    59 0.87 -
TRINITY_DN18590_c0_g1_i7:418-603   -             62 422158at33208        -            281   5.7e-08   31.1   1.2   1   1   3.8e-10   6.6e-08   30.9   1.2    12    61     6    54     2    59 0.87 -
TRINITY_DN5822_c0_g1_i3:177-707    -            177 422158at33208        -            281   6.5e-07   27.6   3.2   1   2   3.7e-09   6.5e-07   27.6   3.2    18    62     3    46     1    57 0.86 -
TRINITY_DN5822_c0_g1_i3:177-707    -            177 422158at33208        -            281   6.5e-07   27.6   3.2   2   2       3.3   5.8e+02   -1.7   0.0   158   176    80    98    58   127 0.75 -
TRINITY_DN19354_c0_g1_i11:660-896  -             79 422158at33208        -            281   1.6e-06   26.4   2.4   1   1   9.3e-09   1.6e-06   26.3   2.4    18    66     1    48     1    72 0.85 -
TRINITY_DN19354_c0_g1_i7:660-896   -             79 422158at33208        -            281   1.6e-06   26.4   2.4   1   1   9.3e-09   1.6e-06   26.3   2.4    18    66     1    48     1    72 0.85 -
TRINITY_DN3477_c0_g1_i2:1908-2183  -             92 422158at33208        -            281   2.5e-06   25.7   3.6   1   1   1.6e-08   2.7e-06   25.6   3.6    14    60    10    55     4    75 0.87 -
TRINITY_DN3477_c0_g1_i3:1904-2179  -             92 422158at33208        -            281   2.5e-06   25.7   3.6   1   1   1.6e-08   2.7e-06   25.6   3.6    14    60    10    55     4    75 0.87 -
TRINITY_DN3477_c0_g1_i7:1901-2176  -             92 422158at33208        -            281   2.5e-06   25.7   3.6   1   1   1.6e-08   2.7e-06   25.6   3.6    14    60    10    55     4    75 0.87 -
TRINITY_DN20361_c0_g1_i5:13-531    -            173 422158at33208        -            281   6.4e-06   24.4   2.8   1   2   3.7e-08   6.4e-06   24.4   2.8    11    67     6    66     2    87 0.82 -
TRINITY_DN20361_c0_g1_i5:13-531    -            173 422158at33208        -            281   6.4e-06   24.4   2.8   2   2       1.3   2.2e+02   -0.4   0.3    32    60   110   138    98   168 0.66 -
TRINITY_DN20361_c0_g1_i1:13-522    -            170 422158at33208        -            281     1e-05   23.7   3.0   1   2   5.8e-08     1e-05   23.7   3.0    11    67     6    66     2    86 0.81 -
TRINITY_DN20361_c0_g1_i1:13-522    -            170 422158at33208        -            281     1e-05   23.7   3.0   2   2      0.56        98    0.8   0.2    32    62   110   140   100   167 0.70 -
TRINITY_DN20361_c0_g1_i2:13-522    -            170 422158at33208        -            281     1e-05   23.7   3.0   1   2   5.8e-08     1e-05   23.7   3.0    11    67     6    66     2    86 0.81 -
TRINITY_DN20361_c0_g1_i2:13-522    -            170 422158at33208        -            281     1e-05   23.7   3.0   2   2      0.56        98    0.8   0.2    32    62   110   140   100   167 0.70 -
TRINITY_DN13955_c0_g1_i3:1-612     -            204 422158at33208        -            281   2.6e-05   22.4   6.3   1   2   1.5e-07   2.6e-05   22.4   6.3    16    62     1    49     1   112 0.80 -
TRINITY_DN13955_c0_g1_i3:1-612     -            204 422158at33208        -            281   2.6e-05   22.4   6.3   2   2      0.65   1.1e+02    0.6   1.3    81   117   116   150   108   164 0.76 -
TRINITY_DN13955_c0_g1_i1:6-572     -            189 422158at33208        -            281   2.6e-05   22.4   6.6   1   2   1.5e-07   2.6e-05   22.4   6.6    16    62     1    49     1   112 0.80 -
TRINITY_DN13955_c0_g1_i1:6-572     -            189 422158at33208        -            281   2.6e-05   22.4   6.6   2   2      0.51        88    1.0   1.1    81   117   116   150   108   165 0.76 -
TRINITY_DN13955_c0_g1_i2:1595-2197 -            201 422158at33208        -            281   2.7e-05   22.3   6.5   1   2   1.6e-07   2.7e-05   22.3   6.5    16    62     1    49     1   115 0.80 -
TRINITY_DN13955_c0_g1_i2:1595-2197 -            201 422158at33208        -            281   2.7e-05   22.3   6.5   2   2      0.65   1.1e+02    0.6   1.3    81   117   116   150   108   165 0.76 -
TRINITY_DN17959_c0_g1_i3:986-1228  -             81 422158at33208        -            281   2.7e-05   22.3   3.2   1   1   1.7e-07     3e-05   22.2   3.2     7    72    11    76     6    79 0.85 -
TRINITY_DN17959_c0_g1_i8:986-1228  -             81 422158at33208        -            281   2.7e-05   22.3   3.2   1   1   1.7e-07     3e-05   22.2   3.2     7    72    11    76     6    79 0.85 -
TRINITY_DN27679_c0_g1_i2:76-309    -             78 422158at33208        -            281   3.4e-05   22.0   0.9   1   1   2.3e-07     4e-05   21.8   0.9    17    59    26    68    22    77 0.89 -
TRINITY_DN10698_c0_g1_i6:93-614    -            174 422158at33208        -            281   4.1e-05   21.7   9.2   1   1     3e-07   5.1e-05   21.4   9.2    17   150     1   137     1   167 0.75 -
TRINITY_DN10158_c0_g1_i2:331-564   -             78 422158at33208        -            281   6.5e-05   21.1   3.5   1   1   4.5e-07   7.8e-05   20.8   3.5    18    58     1    44     1    52 0.79 -
TRINITY_DN11918_c0_g1_i1:672-1718  -            349 422158at33208        -            281   0.00025   19.2   2.7   1   1   2.2e-06   0.00038   18.6   2.7    17    58   307   347   294   349 0.75 -
TRINITY_DN11918_c0_g1_i2:672-1718  -            349 422158at33208        -            281   0.00025   19.2   2.7   1   1   2.2e-06   0.00038   18.6   2.7    17    58   307   347   294   349 0.75 -
TRINITY_DN9886_c0_g1_i16:6446-6691 -             82 422158at33208        -            281   0.00025   19.1   3.0   1   1   1.6e-06   0.00028   19.0   3.0    18    64     1    52     1    74 0.75 -
TRINITY_DN9886_c0_g1_i5:6368-6613  -             82 422158at33208        -            281   0.00025   19.1   3.0   1   1   1.6e-06   0.00028   19.0   3.0    18    64     1    52     1    74 0.75 -
TRINITY_DN17959_c0_g1_i6:320-1936  -            539 422158at33208        -            281   0.00038   18.6  11.6   1   2     0.021       3.6    5.5   2.4    16    43     3    29     1    66 0.88 -
TRINITY_DN17959_c0_g1_i6:320-1936  -            539 422158at33208        -            281   0.00038   18.6  11.6   2   2   2.9e-06   0.00051   18.1   2.0     8    72   248   312   242   323 0.85 -
TRINITY_DN27679_c0_g1_i1:143-1183  -            347 422158at33208        -            281   0.00043   18.4   0.8   1   1     4e-06   0.00069   17.7   0.8    17    59   293   335   290   345 0.89 -
TRINITY_DN17959_c0_g1_i2:320-1924  -            535 422158at33208        -            281    0.0005   18.2   2.0   1   2      0.16        28    2.6   2.6    18    43     1    25     1    62 0.88 -
TRINITY_DN17959_c0_g1_i2:320-1924  -            535 422158at33208        -            281    0.0005   18.2   2.0   2   2   2.9e-06    0.0005   18.2   2.0     8    72   244   308   238   319 0.85 -
TRINITY_DN17959_c0_g1_i9:320-1924  -            535 422158at33208        -            281    0.0005   18.2   2.0   1   2      0.16        28    2.6   2.6    18    43     1    25     1    62 0.88 -
TRINITY_DN17959_c0_g1_i9:320-1924  -            535 422158at33208        -            281    0.0005   18.2   2.0   2   2   2.9e-06    0.0005   18.2   2.0     8    72   244   308   238   319 0.85 -
TRINITY_DN31975_c0_g1_i1:55-966    -            304 422158at33208        -            281   0.00065   17.8   0.7   1   1   5.2e-06   0.00091   17.3   0.7    13    57   233   278   222   298 0.77 -
TRINITY_DN14760_c0_g1_i20:69-722   -            218 422158at33208        -            281    0.0008   17.5   1.8   1   2   4.6e-06    0.0008   17.5   1.8    13    87     1    79     1   114 0.82 -
TRINITY_DN14760_c0_g1_i20:69-722   -            218 422158at33208        -            281    0.0008   17.5   1.8   2   2       1.9   3.4e+02   -1.0   0.3    32    56   105   129    87   163 0.63 -
TRINITY_DN41491_c0_g1_i1:117-590   -            158 422158at33208        -            281     0.014   13.4   0.2   1   1   0.00011     0.019   13.0   0.2    31    62     9    43     3    51 0.77 -
TRINITY_DN22796_c0_g1_i1:61-849    -            263 422158at33208        -            281     0.025   12.6   3.9   1   1   0.00029     0.049   11.6   3.9    15    48   221   253   206   262 0.82 -
TRINITY_DN22796_c0_g1_i3:61-864    -            268 422158at33208        -            281     0.025   12.6   3.6   1   1    0.0003     0.053   11.5   3.6    15    48   226   258   218   267 0.84 -
#
# Program:         hmmsearch
# Version:         3.1b2 (February 2015)
# Pipeline mode:   SEARCH
# Query file:      /busco_wd/busco_downloads/lineages/metazoa_odb10/hmms/422158at33208.hmm
# Target file:     /busco_wd/BUSCO/run_metazoa_odb10/metaeuk_output/initial_results/Trinity.fasta.modified.fas
# Option settings: hmmsearch --domtblout /busco_wd/BUSCO/run_metazoa_odb10/hmmer_output/initial_run_results/422158at33208.out --cpu 1 /busco_wd/busco_downloads/lineages/metazoa_odb10/hmms/422158at33208.hmm /busco_wd/BUSCO/run_metazoa_odb10/metaeuk_output/initial_results/Trinity.fasta.modified.fas 
# Current dir:     /busco_wd
# Date:            Tue Nov 23 09:02:56 2021
# [ok]
