#                                                                                           --- full sequence --- -------------- this domain -------------   hmm coord   ali coord   env coord
# target name                       accession   tlen query name           accession   qlen   E-value  score  bias   #  of  c-Evalue  i-Evalue  score  bias  from    to  from    to  from    to  acc description of target
#               ------------------- ---------- ----- -------------------- ---------- ----- --------- ------ ----- --- --- --------- --------- ------ ----- ----- ----- ----- ----- ----- ----- ---- ---------------------
TRINITY_DN1199_c1_g1_i1:115-1014    -            300 436539at33208        -            187   1.5e-72  242.0   3.3   1   3   1.8e-33   6.7e-32  109.4   0.6     1    95    39   152    39   165 0.89 -
TRINITY_DN1199_c1_g1_i1:115-1014    -            300 436539at33208        -            187   1.5e-72  242.0   3.3   2   3     0.085       3.2    6.1   0.0    96   111   189   204   186   211 0.87 -
TRINITY_DN1199_c1_g1_i1:115-1014    -            300 436539at33208        -            187   1.5e-72  242.0   3.3   3   3   1.9e-38   7.2e-37  125.6   0.0   103   187   212   297   209   297 0.95 -
TRINITY_DN67501_c0_g1_i1:110-703    -            198 436539at33208        -            187   9.6e-28   95.9   3.2   1   2   8.5e-06   0.00032   19.2   1.8    52    95     6    58     1    76 0.67 -
TRINITY_DN67501_c0_g1_i1:110-703    -            198 436539at33208        -            187   9.6e-28   95.9   3.2   2   2   9.8e-23   3.7e-21   74.4   0.0   106   186   117   198    83   198 0.95 -
TRINITY_DN883_c0_g1_i1:423-1448     -            342 436539at33208        -            187   2.4e-24   84.8   0.0   1   3   1.1e-09   4.2e-08   31.8   0.0   113   186    19    93     6    94 0.86 -
TRINITY_DN883_c0_g1_i1:423-1448     -            342 436539at33208        -            187   2.4e-24   84.8   0.0   2   3   5.7e-06   0.00022   19.7   0.0   109   179   101   172    93   182 0.86 -
TRINITY_DN883_c0_g1_i1:423-1448     -            342 436539at33208        -            187   2.4e-24   84.8   0.0   3   3   4.8e-09   1.8e-07   29.8   0.0   112   184   262   337   251   340 0.85 -
TRINITY_DN883_c0_g1_i3:423-1448     -            342 436539at33208        -            187   2.4e-24   84.8   0.0   1   3   1.1e-09   4.2e-08   31.8   0.0   113   186    19    93     6    94 0.86 -
TRINITY_DN883_c0_g1_i3:423-1448     -            342 436539at33208        -            187   2.4e-24   84.8   0.0   2   3   5.7e-06   0.00022   19.7   0.0   109   179   101   172    93   182 0.86 -
TRINITY_DN883_c0_g1_i3:423-1448     -            342 436539at33208        -            187   2.4e-24   84.8   0.0   3   3   4.8e-09   1.8e-07   29.8   0.0   112   184   262   337   251   340 0.85 -
TRINITY_DN883_c0_g1_i4:402-1427     -            342 436539at33208        -            187   2.4e-24   84.8   0.0   1   3   1.1e-09   4.2e-08   31.8   0.0   113   186    19    93     6    94 0.86 -
TRINITY_DN883_c0_g1_i4:402-1427     -            342 436539at33208        -            187   2.4e-24   84.8   0.0   2   3   5.7e-06   0.00022   19.7   0.0   109   179   101   172    93   182 0.86 -
TRINITY_DN883_c0_g1_i4:402-1427     -            342 436539at33208        -            187   2.4e-24   84.8   0.0   3   3   4.8e-09   1.8e-07   29.8   0.0   112   184   262   337   251   340 0.85 -
TRINITY_DN883_c0_g1_i7:402-1427     -            342 436539at33208        -            187   1.8e-23   81.9   0.0   1   3   8.2e-09   3.1e-07   29.0   0.0   114   186    20    93     6    94 0.85 -
TRINITY_DN883_c0_g1_i7:402-1427     -            342 436539at33208        -            187   1.8e-23   81.9   0.0   2   3   5.5e-06   0.00021   19.8   0.0   108   179   100   172    92   182 0.86 -
TRINITY_DN883_c0_g1_i7:402-1427     -            342 436539at33208        -            187   1.8e-23   81.9   0.0   3   3   4.8e-09   1.8e-07   29.8   0.0   112   184   262   337   251   340 0.85 -
TRINITY_DN9912_c2_g1_i1:696-2519    -            608 436539at33208        -            187     2e-23   81.8   2.7   1   4   3.4e-06   0.00013   20.5   0.0   114   171     4    62     1    78 0.91 -
TRINITY_DN9912_c2_g1_i1:696-2519    -            608 436539at33208        -            187     2e-23   81.8   2.7   2   4   1.6e-07   6.2e-06   24.8   0.1   101   175    80   153    76   164 0.85 -
TRINITY_DN9912_c2_g1_i1:696-2519    -            608 436539at33208        -            187     2e-23   81.8   2.7   3   4   5.9e-05    0.0023   16.4   0.2   110   173   181   244   169   258 0.84 -
TRINITY_DN9912_c2_g1_i1:696-2519    -            608 436539at33208        -            187     2e-23   81.8   2.7   4   4   2.3e-05   0.00089   17.7   0.1    74   172   250   346   244   360 0.74 -
TRINITY_DN119436_c0_g1_i1:144-2165  -            674 436539at33208        -            187   1.4e-22   79.1   0.0   1   4     0.012      0.45    8.9   0.0   118   171     8    62     1    78 0.82 -
TRINITY_DN119436_c0_g1_i1:144-2165  -            674 436539at33208        -            187   1.4e-22   79.1   0.0   2   4   7.7e-07   2.9e-05   22.6   0.0   101   174    80   152    78   160 0.84 -
TRINITY_DN119436_c0_g1_i1:144-2165  -            674 436539at33208        -            187   1.4e-22   79.1   0.0   3   4   2.4e-07   9.3e-06   24.2   0.0    96   174   161   243   159   255 0.82 -
TRINITY_DN119436_c0_g1_i1:144-2165  -            674 436539at33208        -            187   1.4e-22   79.1   0.0   4   4   1.7e-05   0.00066   18.2   0.0   112   171   285   344   276   359 0.88 -
TRINITY_DN1379_c0_g1_i8:106-2889    -            928 436539at33208        -            187   3.5e-22   77.8   4.1   1   6      0.18         7    5.0   0.0   114   186     5    78     2    79 0.85 -
TRINITY_DN1379_c0_g1_i8:106-2889    -            928 436539at33208        -            187   3.5e-22   77.8   4.1   2   6       1.1        42    2.5   0.0   108   163   315   368   307   390 0.81 -
TRINITY_DN1379_c0_g1_i8:106-2889    -            928 436539at33208        -            187   3.5e-22   77.8   4.1   3   6   4.1e-08   1.6e-06   26.7   0.0   108   175   417   485   402   493 0.88 -
TRINITY_DN1379_c0_g1_i8:106-2889    -            928 436539at33208        -            187   3.5e-22   77.8   4.1   4   6      0.31        12    4.3   0.0   108   184   603   674   595   676 0.69 -
TRINITY_DN1379_c0_g1_i8:106-2889    -            928 436539at33208        -            187   3.5e-22   77.8   4.1   5   6    0.0055      0.21   10.0   0.1   110   178   709   783   699   792 0.77 -
TRINITY_DN1379_c0_g1_i8:106-2889    -            928 436539at33208        -            187   3.5e-22   77.8   4.1   6   6   4.6e-07   1.7e-05   23.3   0.0   104   171   806   875   801   892 0.82 -
TRINITY_DN528_c7_g1_i1:280-1215     -            312 436539at33208        -            187   5.1e-22   77.2   0.0   1   3   7.8e-11     3e-09   35.6   0.0   119   187     8    77     2    77 0.92 -
TRINITY_DN528_c7_g1_i1:280-1215     -            312 436539at33208        -            187   5.1e-22   77.2   0.0   2   3   7.3e-05    0.0028   16.1   0.0   100   171    76   146    71   152 0.82 -
TRINITY_DN528_c7_g1_i1:280-1215     -            312 436539at33208        -            187   5.1e-22   77.2   0.0   3   3   5.4e-07     2e-05   23.1   0.0   109   170   249   311   240   312 0.86 -
TRINITY_DN1379_c0_g1_i3:106-2889    -            928 436539at33208        -            187   7.1e-22   76.7   5.4   1   6      0.18         7    5.0   0.0   114   186     5    78     2    79 0.85 -
TRINITY_DN1379_c0_g1_i3:106-2889    -            928 436539at33208        -            187   7.1e-22   76.7   5.4   2   6       0.9        34    2.8   0.0   108   163   315   368   267   394 0.84 -
TRINITY_DN1379_c0_g1_i3:106-2889    -            928 436539at33208        -            187   7.1e-22   76.7   5.4   3   6   3.7e-08   1.4e-06   26.9   0.0   108   175   417   485   392   493 0.88 -
TRINITY_DN1379_c0_g1_i3:106-2889    -            928 436539at33208        -            187   7.1e-22   76.7   5.4   4   6      0.31        12    4.3   0.0   108   184   603   674   595   676 0.69 -
TRINITY_DN1379_c0_g1_i3:106-2889    -            928 436539at33208        -            187   7.1e-22   76.7   5.4   5   6    0.0055      0.21   10.0   0.1   110   178   709   783   699   792 0.77 -
TRINITY_DN1379_c0_g1_i3:106-2889    -            928 436539at33208        -            187   7.1e-22   76.7   5.4   6   6   4.6e-07   1.7e-05   23.3   0.0   104   171   806   875   801   892 0.82 -
TRINITY_DN1379_c0_g1_i2:106-1944    -            613 436539at33208        -            187   7.5e-22   76.7   0.3   1   5       1.6        61    2.0   0.0   111   163     3    53     1    76 0.77 -
TRINITY_DN1379_c0_g1_i2:106-1944    -            613 436539at33208        -            187   7.5e-22   76.7   0.3   2   5     2e-08   7.8e-07   27.7   0.0   108   175   102   170    74   178 0.88 -
TRINITY_DN1379_c0_g1_i2:106-1944    -            613 436539at33208        -            187   7.5e-22   76.7   0.3   3   5      0.18         7    5.0   0.0   108   184   288   359   280   361 0.70 -
TRINITY_DN1379_c0_g1_i2:106-1944    -            613 436539at33208        -            187   7.5e-22   76.7   0.3   4   5    0.0031      0.12   10.8   0.1   110   178   394   468   384   477 0.77 -
TRINITY_DN1379_c0_g1_i2:106-1944    -            613 436539at33208        -            187   7.5e-22   76.7   0.3   5   5   2.6e-07   9.9e-06   24.1   0.0   104   171   491   560   486   577 0.82 -
TRINITY_DN2081_c0_g1_i3:276-2999    -            908 436539at33208        -            187   5.5e-18   64.1   6.9   1   4   3.7e-08   1.4e-06   26.9   0.0   110   168     3    63     1    73 0.88 -
TRINITY_DN2081_c0_g1_i3:276-2999    -            908 436539at33208        -            187   5.5e-18   64.1   6.9   2   4      0.32        12    4.3   0.0   105   172   155   220   149   229 0.79 -
TRINITY_DN2081_c0_g1_i3:276-2999    -            908 436539at33208        -            187   5.5e-18   64.1   6.9   3   4     0.002     0.075   11.5   0.0   108   185   247   327   239   329 0.77 -
TRINITY_DN2081_c0_g1_i3:276-2999    -            908 436539at33208        -            187   5.5e-18   64.1   6.9   4   4   1.7e-06   6.5e-05   21.4   0.1   103   161   454   512   431   525 0.91 -
TRINITY_DN2081_c0_g1_i4:276-2993    -            906 436539at33208        -            187   5.5e-18   64.1   6.9   1   4   3.6e-08   1.4e-06   26.9   0.0   110   168     3    63     1    73 0.88 -
TRINITY_DN2081_c0_g1_i4:276-2993    -            906 436539at33208        -            187   5.5e-18   64.1   6.9   2   4      0.31        12    4.3   0.0   105   172   155   220   149   229 0.79 -
TRINITY_DN2081_c0_g1_i4:276-2993    -            906 436539at33208        -            187   5.5e-18   64.1   6.9   3   4     0.002     0.074   11.5   0.0   108   185   247   327   239   329 0.77 -
TRINITY_DN2081_c0_g1_i4:276-2993    -            906 436539at33208        -            187   5.5e-18   64.1   6.9   4   4   1.7e-06   6.4e-05   21.4   0.1   103   161   452   510   429   523 0.91 -
TRINITY_DN21466_c0_g1_i1:299-790    -            164 436539at33208        -            187   3.5e-15   54.9   0.1   1   2     3e-08   1.1e-06   27.2   0.0   121   172    16    68     8    86 0.88 -
TRINITY_DN21466_c0_g1_i1:299-790    -            164 436539at33208        -            187   3.5e-15   54.9   0.1   2   2   6.3e-08   2.4e-06   26.1   0.0   118   168   109   160    89   163 0.84 -
TRINITY_DN36654_c0_g1_i2:663-1106   -            148 436539at33208        -            187   6.5e-15   54.0   0.0   1   2   1.1e-11   4.2e-10   38.4   0.0   116   187     5    77     1    77 0.93 -
TRINITY_DN36654_c0_g1_i2:663-1106   -            148 436539at33208        -            187   6.5e-15   54.0   0.0   2   2   0.00021     0.008   14.6   0.0   108   171    83   146    74   147 0.81 -
TRINITY_DN2081_c0_g1_i5:56-1225     -            390 436539at33208        -            187   2.2e-14   52.3   0.1   1   3   6.9e-09   2.6e-07   29.3   0.0   109   168    10    71     4    81 0.87 -
TRINITY_DN2081_c0_g1_i5:56-1225     -            390 436539at33208        -            187   2.2e-14   52.3   0.1   2   3     0.095       3.6    6.0   0.0   104   172   162   228   156   238 0.80 -
TRINITY_DN2081_c0_g1_i5:56-1225     -            390 436539at33208        -            187   2.2e-14   52.3   0.1   3   3   0.00058     0.022   13.2   0.0   108   185   255   335   247   337 0.77 -
TRINITY_DN138_c0_g1_i8:520-795      -             92 436539at33208        -            187   1.2e-13   49.9   0.0   1   1   3.6e-15   1.4e-13   49.7   0.0   108   183    14    90     9    92 0.90 -
TRINITY_DN138_c0_g1_i1:274-537      -             88 436539at33208        -            187   7.4e-13   47.3   0.0   1   1   2.1e-14   7.8e-13   47.3   0.0   108   182    10    85     5    88 0.89 -
TRINITY_DN138_c0_g1_i6:262-525      -             88 436539at33208        -            187   7.4e-13   47.3   0.0   1   1   2.1e-14   7.8e-13   47.3   0.0   108   182    10    85     5    88 0.89 -
TRINITY_DN23252_c1_g1_i1:52-306     -             85 436539at33208        -            187   1.3e-12   46.5   0.0   1   1   3.6e-14   1.4e-12   46.5   0.0   108   183     7    83     2    85 0.90 -
TRINITY_DN1419_c0_g1_i1:1086-1322   -             79 436539at33208        -            187   1.4e-11   43.1   0.0   1   1     4e-13   1.5e-11   43.1   0.0   110   185     2    78     1    79 0.94 -
TRINITY_DN883_c0_g1_i5:921-1313     -            131 436539at33208        -            187   1.8e-11   42.8   0.0   1   2   3.1e-06   0.00012   20.6   0.0   134   186     2    55     1    56 0.86 -
TRINITY_DN883_c0_g1_i5:921-1313     -            131 436539at33208        -            187   1.8e-11   42.8   0.0   2   2   2.3e-06   8.9e-05   21.0   0.0   108   172    62   127    51   131 0.89 -
TRINITY_DN250_c0_g1_i12:71-322      -             84 436539at33208        -            187   3.3e-11   42.0   0.0   1   1   8.6e-13   3.3e-11   42.0   0.0   110   174     5    70     1    83 0.87 -
TRINITY_DN250_c0_g1_i10:71-316      -             82 436539at33208        -            187   4.3e-11   41.6   0.0   1   1   1.2e-12   4.4e-11   41.6   0.0   109   172     4    68     1    81 0.90 -
TRINITY_DN250_c0_g1_i17:71-316      -             82 436539at33208        -            187   4.3e-11   41.6   0.0   1   1   1.2e-12   4.4e-11   41.6   0.0   109   172     4    68     1    81 0.90 -
TRINITY_DN250_c0_g1_i18:71-316      -             82 436539at33208        -            187   4.3e-11   41.6   0.0   1   1   1.2e-12   4.4e-11   41.6   0.0   109   172     4    68     1    81 0.90 -
TRINITY_DN250_c0_g1_i19:71-316      -             82 436539at33208        -            187   4.3e-11   41.6   0.0   1   1   1.2e-12   4.4e-11   41.6   0.0   109   172     4    68     1    81 0.90 -
TRINITY_DN250_c0_g1_i23:71-316      -             82 436539at33208        -            187   4.3e-11   41.6   0.0   1   1   1.2e-12   4.4e-11   41.6   0.0   109   172     4    68     1    81 0.90 -
TRINITY_DN250_c0_g1_i25:71-316      -             82 436539at33208        -            187   4.3e-11   41.6   0.0   1   1   1.2e-12   4.4e-11   41.6   0.0   109   172     4    68     1    81 0.90 -
TRINITY_DN250_c0_g1_i2:71-316       -             82 436539at33208        -            187   4.3e-11   41.6   0.0   1   1   1.2e-12   4.4e-11   41.6   0.0   109   172     4    68     1    81 0.90 -
TRINITY_DN250_c0_g1_i8:71-316       -             82 436539at33208        -            187   4.3e-11   41.6   0.0   1   1   1.2e-12   4.4e-11   41.6   0.0   109   172     4    68     1    81 0.90 -
TRINITY_DN5401_c0_g1_i1:37-285      -             83 436539at33208        -            187   5.9e-11   41.1   0.1   1   1   1.9e-12   7.1e-11   40.9   0.1   108   172    15    80     4    82 0.92 -
TRINITY_DN5401_c0_g1_i3:37-285      -             83 436539at33208        -            187   5.9e-11   41.1   0.1   1   1   1.9e-12   7.1e-11   40.9   0.1   108   172    15    80     4    82 0.92 -
TRINITY_DN15691_c0_g1_i10:523-813   -             97 436539at33208        -            187   6.7e-11   41.0   0.0   1   1   1.9e-12   7.2e-11   40.9   0.0   109   176    20    88    14    97 0.89 -
TRINITY_DN15691_c0_g1_i3:523-813    -             97 436539at33208        -            187   6.7e-11   41.0   0.0   1   1   1.9e-12   7.2e-11   40.9   0.0   109   176    20    88    14    97 0.89 -
TRINITY_DN15691_c0_g1_i4:523-813    -             97 436539at33208        -            187   6.7e-11   41.0   0.0   1   1   1.9e-12   7.2e-11   40.9   0.0   109   176    20    88    14    97 0.89 -
TRINITY_DN15691_c0_g1_i8:225-515    -             97 436539at33208        -            187   6.7e-11   41.0   0.0   1   1   1.9e-12   7.2e-11   40.9   0.0   109   176    20    88    14    97 0.89 -
TRINITY_DN15691_c0_g1_i9:942-1232   -             97 436539at33208        -            187   6.7e-11   41.0   0.0   1   1   1.9e-12   7.2e-11   40.9   0.0   109   176    20    88    14    97 0.89 -
TRINITY_DN522_c0_g1_i12:128-343     -             72 436539at33208        -            187   7.1e-11   40.9   0.0   1   1     2e-12   7.8e-11   40.7   0.0   109   172     2    66     1    69 0.91 -
TRINITY_DN522_c0_g1_i14:128-343     -             72 436539at33208        -            187   7.1e-11   40.9   0.0   1   1     2e-12   7.8e-11   40.7   0.0   109   172     2    66     1    69 0.91 -
TRINITY_DN522_c0_g1_i15:128-343     -             72 436539at33208        -            187   7.1e-11   40.9   0.0   1   1     2e-12   7.8e-11   40.7   0.0   109   172     2    66     1    69 0.91 -
TRINITY_DN522_c0_g1_i2:128-343      -             72 436539at33208        -            187   7.1e-11   40.9   0.0   1   1     2e-12   7.8e-11   40.7   0.0   109   172     2    66     1    69 0.91 -
TRINITY_DN522_c0_g1_i11:116-367     -             84 436539at33208        -            187   7.2e-11   40.9   0.0   1   1   2.2e-12   8.2e-11   40.7   0.0   108   172     5    70     3    82 0.91 -
TRINITY_DN522_c0_g1_i8:116-367      -             84 436539at33208        -            187   7.2e-11   40.9   0.0   1   1   2.2e-12   8.2e-11   40.7   0.0   108   172     5    70     3    82 0.91 -
TRINITY_DN5249_c0_g1_i1:1395-1640   -             82 436539at33208        -            187   2.3e-10   39.2   0.1   1   1   6.3e-12   2.4e-10   39.1   0.1   112   185     3    76     1    78 0.90 -
TRINITY_DN2081_c0_g1_i7:276-2531    -            752 436539at33208        -            187   3.5e-10   38.6   3.9   1   3      0.52        20    3.6   0.0   106   172     2    66     1    75 0.79 -
TRINITY_DN2081_c0_g1_i7:276-2531    -            752 436539at33208        -            187   3.5e-10   38.6   3.9   2   3    0.0015     0.058   11.8   0.0   108   185    93   173    85   175 0.77 -
TRINITY_DN2081_c0_g1_i7:276-2531    -            752 436539at33208        -            187   3.5e-10   38.6   3.9   3   3   1.3e-06   5.1e-05   21.8   0.1   103   161   298   356   269   369 0.91 -
TRINITY_DN250_c0_g1_i1:26-259       -             78 436539at33208        -            187     6e-10   37.9   0.0   1   1   1.6e-11     6e-10   37.9   0.0   114   174     3    64     1    77 0.87 -
TRINITY_DN250_c0_g1_i20:26-259      -             78 436539at33208        -            187     6e-10   37.9   0.0   1   1   1.6e-11     6e-10   37.9   0.0   114   174     3    64     1    77 0.87 -
TRINITY_DN250_c0_g1_i21:26-259      -             78 436539at33208        -            187     6e-10   37.9   0.0   1   1   1.6e-11     6e-10   37.9   0.0   114   174     3    64     1    77 0.87 -
TRINITY_DN12143_c0_g1_i4:589-834    -             82 436539at33208        -            187   6.2e-10   37.8   0.0   1   1   1.6e-11   6.2e-10   37.8   0.0   110   169     5    65     1    82 0.85 -
TRINITY_DN522_c0_g1_i13:36-287      -             84 436539at33208        -            187   6.4e-10   37.8   0.0   1   1     2e-11   7.7e-10   37.5   0.0   104   172     6    75     3    78 0.88 -
TRINITY_DN522_c0_g1_i1:36-287       -             84 436539at33208        -            187   6.4e-10   37.8   0.0   1   1     2e-11   7.7e-10   37.5   0.0   104   172     6    75     3    78 0.88 -
TRINITY_DN3650_c0_g1_i1:443-1138    -            232 436539at33208        -            187   7.1e-10   37.6   0.0   1   1   5.2e-11     2e-09   36.2   0.0   109   172     9    73     6    86 0.90 -
TRINITY_DN2081_c0_g1_i1:276-2531    -            752 436539at33208        -            187   7.2e-10   37.6   5.1   1   3      0.52        20    3.6   0.0   106   172     2    66     1    75 0.79 -
TRINITY_DN2081_c0_g1_i1:276-2531    -            752 436539at33208        -            187   7.2e-10   37.6   5.1   2   3    0.0015     0.058   11.8   0.0   108   185    93   173    85   175 0.77 -
TRINITY_DN2081_c0_g1_i1:276-2531    -            752 436539at33208        -            187   7.2e-10   37.6   5.1   3   3   1.2e-06   4.7e-05   21.9   0.2   103   161   298   356   239   369 0.88 -
TRINITY_DN2081_c0_g1_i9:276-2531    -            752 436539at33208        -            187   7.3e-10   37.6   5.1   1   3      0.52        20    3.6   0.0   106   172     2    66     1    75 0.79 -
TRINITY_DN2081_c0_g1_i9:276-2531    -            752 436539at33208        -            187   7.3e-10   37.6   5.1   2   3    0.0015     0.058   11.8   0.0   108   185    93   173    85   175 0.77 -
TRINITY_DN2081_c0_g1_i9:276-2531    -            752 436539at33208        -            187   7.3e-10   37.6   5.1   3   3   1.2e-06   4.7e-05   21.9   0.2   103   161   298   356   239   369 0.88 -
TRINITY_DN250_c0_g1_i11:26-235      -             70 436539at33208        -            187   7.5e-10   37.5   0.0   1   1   2.2e-11   8.4e-10   37.4   0.0   114   172     3    62     1    65 0.91 -
TRINITY_DN22972_c0_g1_i1:813-974    -             54 436539at33208        -            187   7.9e-10   37.5   0.0   1   1   2.1e-11   8.2e-10   37.4   0.0   112   161     2    51     1    54 0.91 -
TRINITY_DN22972_c0_g1_i2:103-264    -             54 436539at33208        -            187   7.9e-10   37.5   0.0   1   1   2.1e-11   8.2e-10   37.4   0.0   112   161     2    51     1    54 0.91 -
TRINITY_DN22972_c0_g1_i3:271-432    -             54 436539at33208        -            187   7.9e-10   37.5   0.0   1   1   2.1e-11   8.2e-10   37.4   0.0   112   161     2    51     1    54 0.91 -
TRINITY_DN38314_c0_g1_i1:461-706    -             82 436539at33208        -            187   1.4e-09   36.7   0.0   1   1   3.7e-11   1.4e-09   36.6   0.0   109   172     4    68     1    80 0.90 -
TRINITY_DN1446_c0_g1_i13:416-658    -             81 436539at33208        -            187   1.4e-09   36.6   0.0   1   1     4e-11   1.5e-09   36.5   0.0   114   185     9    81     3    81 0.91 -
TRINITY_DN1446_c0_g1_i16:416-658    -             81 436539at33208        -            187   1.4e-09   36.6   0.0   1   1     4e-11   1.5e-09   36.5   0.0   114   185     9    81     3    81 0.91 -
TRINITY_DN1446_c0_g1_i17:416-658    -             81 436539at33208        -            187   1.4e-09   36.6   0.0   1   1     4e-11   1.5e-09   36.5   0.0   114   185     9    81     3    81 0.91 -
TRINITY_DN1446_c0_g1_i3:416-658     -             81 436539at33208        -            187   1.4e-09   36.6   0.0   1   1     4e-11   1.5e-09   36.5   0.0   114   185     9    81     3    81 0.91 -
TRINITY_DN1446_c0_g1_i4:416-658     -             81 436539at33208        -            187   1.4e-09   36.6   0.0   1   1     4e-11   1.5e-09   36.5   0.0   114   185     9    81     3    81 0.91 -
TRINITY_DN1446_c0_g1_i6:416-658     -             81 436539at33208        -            187   1.4e-09   36.6   0.0   1   1     4e-11   1.5e-09   36.5   0.0   114   185     9    81     3    81 0.91 -
TRINITY_DN1446_c0_g1_i8:416-658     -             81 436539at33208        -            187   1.4e-09   36.6   0.0   1   1     4e-11   1.5e-09   36.5   0.0   114   185     9    81     3    81 0.91 -
TRINITY_DN27189_c0_g1_i1:139-369    -             77 436539at33208        -            187   2.4e-09   35.9   0.0   1   1   6.8e-11   2.6e-09   35.8   0.0   112   172     1    59     1    72 0.87 -
TRINITY_DN25330_c0_g1_i2:321-677    -            119 436539at33208        -            187   2.6e-09   35.8   0.0   1   1   8.8e-11   3.3e-09   35.4   0.0   112   184    11    83     5    86 0.89 -
TRINITY_DN16080_c0_g1_i1:149-382    -             78 436539at33208        -            187   2.6e-09   35.8   0.0   1   1   7.7e-11   2.9e-09   35.6   0.0   108   172     4    69     1    72 0.89 -
TRINITY_DN16080_c0_g1_i2:126-359    -             78 436539at33208        -            187   2.6e-09   35.8   0.0   1   1   7.7e-11   2.9e-09   35.6   0.0   108   172     4    69     1    72 0.89 -
TRINITY_DN2570_c0_g1_i1:795-1124    -            110 436539at33208        -            187   8.6e-09   34.1   0.0   1   1   2.5e-10   9.4e-09   34.0   0.0   100   175    27   103    19   110 0.87 -
TRINITY_DN2570_c0_g1_i2:782-1111    -            110 436539at33208        -            187   8.6e-09   34.1   0.0   1   1   2.5e-10   9.4e-09   34.0   0.0   100   175    27   103    19   110 0.87 -
TRINITY_DN2570_c0_g1_i3:2301-2630   -            110 436539at33208        -            187   8.6e-09   34.1   0.0   1   1   2.5e-10   9.4e-09   34.0   0.0   100   175    27   103    19   110 0.87 -
TRINITY_DN2570_c0_g1_i4:82-411      -            110 436539at33208        -            187   8.6e-09   34.1   0.0   1   1   2.5e-10   9.4e-09   34.0   0.0   100   175    27   103    19   110 0.87 -
TRINITY_DN2570_c0_g1_i5:1645-1974   -            110 436539at33208        -            187   8.6e-09   34.1   0.0   1   1   2.5e-10   9.4e-09   34.0   0.0   100   175    27   103    19   110 0.87 -
TRINITY_DN2570_c0_g1_i7:48-377      -            110 436539at33208        -            187   8.6e-09   34.1   0.0   1   1   2.5e-10   9.4e-09   34.0   0.0   100   175    27   103    19   110 0.87 -
TRINITY_DN2570_c0_g1_i8:795-1124    -            110 436539at33208        -            187   8.6e-09   34.1   0.0   1   1   2.5e-10   9.4e-09   34.0   0.0   100   175    27   103    19   110 0.87 -
TRINITY_DN528_c7_g1_i1:649-1260     -            204 436539at33208        -            187   9.4e-09   33.9   0.0   1   2       5.3     2e+02    0.3   0.0   150   171     1    23     1    31 0.84 -
TRINITY_DN528_c7_g1_i1:649-1260     -            204 436539at33208        -            187   9.4e-09   33.9   0.0   2   2   1.6e-09     6e-08   31.3   0.0   109   176   126   194   117   202 0.89 -
TRINITY_DN883_c0_g1_i5:417-647      -             77 436539at33208        -            187   1.6e-08   33.2   0.0   1   1   4.2e-10   1.6e-08   33.2   0.0   117   183     7    76     1    77 0.85 -
TRINITY_DN182334_c0_g1_i1:3-185     -             61 436539at33208        -            187   2.1e-08   32.8   0.0   1   1   5.6e-10   2.1e-08   32.8   0.0   118   173     5    61     1    61 0.88 -
TRINITY_DN11130_c0_g1_i33:853-1179  -            109 436539at33208        -            187   2.6e-08   32.5   0.0   1   1   8.9e-10   3.4e-08   32.1   0.0   114   175     4    66     2    82 0.89 -
TRINITY_DN11130_c0_g1_i57:884-1210  -            109 436539at33208        -            187   2.6e-08   32.5   0.0   1   1   8.9e-10   3.4e-08   32.1   0.0   114   175     4    66     2    82 0.89 -
TRINITY_DN3816_c0_g1_i2:215-565     -            117 436539at33208        -            187   2.7e-08   32.5   0.0   1   2   7.1e-07   2.7e-05   22.7   0.0   120   170    10    61     2    66 0.83 -
TRINITY_DN3816_c0_g1_i2:215-565     -            117 436539at33208        -            187   2.7e-08   32.5   0.0   2   2     0.018      0.69    8.3   0.0   108   138    86   116    64   117 0.82 -
TRINITY_DN3816_c0_g1_i3:215-565     -            117 436539at33208        -            187   2.7e-08   32.5   0.0   1   2   7.1e-07   2.7e-05   22.7   0.0   120   170    10    61     2    66 0.83 -
TRINITY_DN3816_c0_g1_i3:215-565     -            117 436539at33208        -            187   2.7e-08   32.5   0.0   2   2     0.018      0.69    8.3   0.0   108   138    86   116    64   117 0.82 -
TRINITY_DN3816_c0_g1_i4:215-565     -            117 436539at33208        -            187   2.7e-08   32.5   0.0   1   2   7.1e-07   2.7e-05   22.7   0.0   120   170    10    61     2    66 0.83 -
TRINITY_DN3816_c0_g1_i4:215-565     -            117 436539at33208        -            187   2.7e-08   32.5   0.0   2   2     0.018      0.69    8.3   0.0   108   138    86   116    64   117 0.82 -
TRINITY_DN3816_c0_g1_i5:215-565     -            117 436539at33208        -            187   2.7e-08   32.5   0.0   1   2   7.1e-07   2.7e-05   22.7   0.0   120   170    10    61     2    66 0.83 -
TRINITY_DN3816_c0_g1_i5:215-565     -            117 436539at33208        -            187   2.7e-08   32.5   0.0   2   2     0.018      0.69    8.3   0.0   108   138    86   116    64   117 0.82 -
TRINITY_DN4599_c0_g1_i10:3341-3613  -             91 436539at33208        -            187     3e-08   32.3   0.0   1   1   8.7e-10   3.3e-08   32.2   0.0   120   169    18    68     6    81 0.87 -
TRINITY_DN4599_c0_g1_i1:3035-3307   -             91 436539at33208        -            187     3e-08   32.3   0.0   1   1   8.7e-10   3.3e-08   32.2   0.0   120   169    18    68     6    81 0.87 -
TRINITY_DN4599_c0_g1_i3:3032-3304   -             91 436539at33208        -            187     3e-08   32.3   0.0   1   1   8.7e-10   3.3e-08   32.2   0.0   120   169    18    68     6    81 0.87 -
TRINITY_DN21274_c0_g1_i1:99-332     -             78 436539at33208        -            187   3.4e-08   32.1   0.0   1   1     1e-09   3.9e-08   31.9   0.0   113   185     2    72     1    74 0.91 -
TRINITY_DN21274_c0_g1_i3:99-332     -             78 436539at33208        -            187   3.4e-08   32.1   0.0   1   1     1e-09   3.9e-08   31.9   0.0   113   185     2    72     1    74 0.91 -
TRINITY_DN21274_c0_g1_i4:99-332     -             78 436539at33208        -            187   3.4e-08   32.1   0.0   1   1     1e-09   3.9e-08   31.9   0.0   113   185     2    72     1    74 0.91 -
TRINITY_DN1727_c0_g1_i12:2382-2843  -            154 436539at33208        -            187   3.6e-08   32.1   0.0   1   2   2.6e-08   9.7e-07   27.4   0.0   110   182     4    77     1    82 0.85 -
TRINITY_DN1727_c0_g1_i12:2382-2843  -            154 436539at33208        -            187   3.6e-08   32.1   0.0   2   2      0.98        37    2.7   0.0   112   137   124   149   117   153 0.85 -
TRINITY_DN7997_c0_g1_i23:2094-2276  -             61 436539at33208        -            187   3.7e-08   32.0   0.0   1   1   9.9e-10   3.8e-08   32.0   0.0   112   168     2    59     1    61 0.90 -
TRINITY_DN7997_c0_g1_i5:2285-2467   -             61 436539at33208        -            187   3.7e-08   32.0   0.0   1   1   9.9e-10   3.8e-08   32.0   0.0   112   168     2    59     1    61 0.90 -
TRINITY_DN7997_c0_g1_i8:2076-2258   -             61 436539at33208        -            187   3.7e-08   32.0   0.0   1   1   9.9e-10   3.8e-08   32.0   0.0   112   168     2    59     1    61 0.90 -
TRINITY_DN13748_c0_g2_i1:506-1027   -            174 436539at33208        -            187   3.7e-08   32.0   0.0   1   2      0.93        35    2.7   0.0   152   174     2    25     1    36 0.78 -
TRINITY_DN13748_c0_g2_i1:506-1027   -            174 436539at33208        -            187   3.7e-08   32.0   0.0   2   2   2.1e-08   8.1e-07   27.6   0.0   110   184    96   173    65   174 0.87 -
TRINITY_DN13748_c0_g2_i2:506-1027   -            174 436539at33208        -            187   3.7e-08   32.0   0.0   1   2      0.93        35    2.7   0.0   152   174     2    25     1    36 0.78 -
TRINITY_DN13748_c0_g2_i2:506-1027   -            174 436539at33208        -            187   3.7e-08   32.0   0.0   2   2   2.1e-08   8.1e-07   27.6   0.0   110   184    96   173    65   174 0.87 -
TRINITY_DN1727_c0_g1_i4:2383-2844   -            154 436539at33208        -            187     4e-08   31.9   0.0   1   2   2.6e-08   9.7e-07   27.4   0.0   110   182     4    77     1    82 0.85 -
TRINITY_DN1727_c0_g1_i4:2383-2844   -            154 436539at33208        -            187     4e-08   31.9   0.0   2   2       1.1        41    2.5   0.0   112   137   124   149   117   153 0.84 -
TRINITY_DN4475_c0_g1_i1:283-663     -            127 436539at33208        -            187   5.2e-08   31.5   0.0   1   1   1.6e-09     6e-08   31.3   0.0   113   184     2    74     1    77 0.92 -
TRINITY_DN3778_c0_g1_i2:1162-1584   -            141 436539at33208        -            187     7e-08   31.1   0.0   1   2   2.3e-06   8.8e-05   21.0   0.0   107   168     4    65     1    84 0.85 -
TRINITY_DN3778_c0_g1_i2:1162-1584   -            141 436539at33208        -            187     7e-08   31.1   0.0   2   2     0.013       0.5    8.8   0.0   103   137   102   136    75   140 0.86 -
TRINITY_DN3778_c0_g1_i3:1120-1542   -            141 436539at33208        -            187     7e-08   31.1   0.0   1   2   2.3e-06   8.8e-05   21.0   0.0   107   168     4    65     1    84 0.85 -
TRINITY_DN3778_c0_g1_i3:1120-1542   -            141 436539at33208        -            187     7e-08   31.1   0.0   2   2     0.013       0.5    8.8   0.0   103   137   102   136    75   140 0.86 -
TRINITY_DN9310_c0_g1_i1:112-333     -             74 436539at33208        -            187   7.7e-08   31.0   0.0   1   1     2e-09   7.7e-08   31.0   0.0   115   173     4    63     1    73 0.87 -
TRINITY_DN522_c0_g1_i10:36-215      -             60 436539at33208        -            187   8.1e-08   30.9   0.0   1   1   2.4e-09   9.1e-08   30.7   0.0   104   158     6    60     3    60 0.94 -
TRINITY_DN417_c0_g1_i6:429-767      -            113 436539at33208        -            187   9.8e-08   30.6   0.0   1   1   3.8e-09   1.4e-07   30.1   0.0   105   174    32   103    24   113 0.85 -
TRINITY_DN417_c0_g1_i7:429-767      -            113 436539at33208        -            187   9.8e-08   30.6   0.0   1   1   3.8e-09   1.4e-07   30.1   0.0   105   174    32   103    24   113 0.85 -
TRINITY_DN417_c0_g1_i9:429-767      -            113 436539at33208        -            187   9.8e-08   30.6   0.0   1   1   3.8e-09   1.4e-07   30.1   0.0   105   174    32   103    24   113 0.85 -
TRINITY_DN417_c0_g1_i2:38-373       -            112 436539at33208        -            187     1e-07   30.6   0.0   1   1   3.7e-09   1.4e-07   30.1   0.0   105   174    31   102    23   112 0.85 -
TRINITY_DN29752_c0_g1_i10:1154-1558 -            135 436539at33208        -            187   1.6e-07   30.0   0.0   1   2   1.1e-07   4.1e-06   25.3   0.0   106   168    13    76     7    85 0.86 -
TRINITY_DN29752_c0_g1_i10:1154-1558 -            135 436539at33208        -            187   1.6e-07   30.0   0.0   2   2      0.88        34    2.8   0.0   110   136   104   130    89   132 0.83 -
TRINITY_DN29752_c0_g1_i11:1450-1854 -            135 436539at33208        -            187   1.6e-07   30.0   0.0   1   2   1.1e-07   4.1e-06   25.3   0.0   106   168    13    76     7    85 0.86 -
TRINITY_DN29752_c0_g1_i11:1450-1854 -            135 436539at33208        -            187   1.6e-07   30.0   0.0   2   2      0.88        34    2.8   0.0   110   136   104   130    89   132 0.83 -
TRINITY_DN29752_c0_g1_i17:1378-1782 -            135 436539at33208        -            187   1.6e-07   30.0   0.0   1   2   1.1e-07   4.1e-06   25.3   0.0   106   168    13    76     7    85 0.86 -
TRINITY_DN29752_c0_g1_i17:1378-1782 -            135 436539at33208        -            187   1.6e-07   30.0   0.0   2   2      0.88        34    2.8   0.0   110   136   104   130    89   132 0.83 -
TRINITY_DN1727_c0_g1_i6:2382-2870   -            163 436539at33208        -            187   1.6e-07   29.9   0.0   1   2   9.9e-08   3.8e-06   25.5   0.0   110   174     4    69     1    77 0.85 -
TRINITY_DN1727_c0_g1_i6:2382-2870   -            163 436539at33208        -            187   1.6e-07   29.9   0.0   2   2       1.2        45    2.4   0.0   112   137   133   158   126   162 0.84 -
TRINITY_DN4118_c0_g1_i2:107-415     -            103 436539at33208        -            187   1.8e-07   29.8   0.0   1   1   5.6e-09   2.1e-07   29.5   0.0   111   184     5    79     1    82 0.89 -
TRINITY_DN4118_c0_g1_i6:107-415     -            103 436539at33208        -            187   1.8e-07   29.8   0.0   1   1   5.6e-09   2.1e-07   29.5   0.0   111   184     5    79     1    82 0.89 -
TRINITY_DN4118_c0_g1_i7:107-415     -            103 436539at33208        -            187   1.8e-07   29.8   0.0   1   1   5.6e-09   2.1e-07   29.5   0.0   111   184     5    79     1    82 0.89 -
TRINITY_DN4118_c0_g1_i8:107-415     -            103 436539at33208        -            187   1.8e-07   29.8   0.0   1   1   5.6e-09   2.1e-07   29.5   0.0   111   184     5    79     1    82 0.89 -
TRINITY_DN205664_c0_g1_i1:0-215     -             72 436539at33208        -            187   2.7e-07   29.2   0.0   1   1   7.1e-09   2.7e-07   29.2   0.0   113   176     2    66     1    72 0.90 -
TRINITY_DN1996_c0_g1_i1:309-944     -            212 436539at33208        -            187   3.4e-07   28.9   0.0   1   2   9.5e-06   0.00036   19.0   0.0   109   178     4    75     2    84 0.77 -
TRINITY_DN1996_c0_g1_i1:309-944     -            212 436539at33208        -            187   3.4e-07   28.9   0.0   2   2     0.024      0.91    7.9   0.0   114   173   155   210   148   212 0.84 -
TRINITY_DN1996_c0_g1_i2:233-868     -            212 436539at33208        -            187   3.4e-07   28.9   0.0   1   2   9.5e-06   0.00036   19.0   0.0   109   178     4    75     2    84 0.77 -
TRINITY_DN1996_c0_g1_i2:233-868     -            212 436539at33208        -            187   3.4e-07   28.9   0.0   2   2     0.024      0.91    7.9   0.0   114   173   155   210   148   212 0.84 -
TRINITY_DN1996_c0_g1_i4:194-829     -            212 436539at33208        -            187   3.4e-07   28.9   0.0   1   2   9.5e-06   0.00036   19.0   0.0   109   178     4    75     2    84 0.77 -
TRINITY_DN1996_c0_g1_i4:194-829     -            212 436539at33208        -            187   3.4e-07   28.9   0.0   2   2     0.024      0.91    7.9   0.0   114   173   155   210   148   212 0.84 -
TRINITY_DN1816_c0_g1_i1:1766-1948   -             61 436539at33208        -            187   5.1e-07   28.3   0.0   1   1   1.4e-08   5.5e-07   28.2   0.0   110   164     4    59     2    61 0.89 -
TRINITY_DN883_c0_g1_i6:508-819      -            104 436539at33208        -            187   5.2e-07   28.3   0.0   1   2   3.1e-06   0.00012   20.6   0.0   136   186     3    54     1    55 0.84 -
TRINITY_DN883_c0_g1_i6:508-819      -            104 436539at33208        -            187   5.2e-07   28.3   0.0   2   2     0.073       2.8    6.3   0.0   108   139    61    92    51   103 0.83 -
TRINITY_DN104708_c0_g1_i1:7-171     -             55 436539at33208        -            187   7.8e-07   27.7   0.0   1   1   2.1e-08   7.9e-07   27.7   0.0   111   162     4    55     1    55 0.92 -
TRINITY_DN1186_c1_g1_i1:488-772     -             95 436539at33208        -            187   7.8e-07   27.7   0.0   1   1   2.2e-08   8.5e-07   27.6   0.0   114   181     3    71     1    77 0.83 -
TRINITY_DN1186_c1_g1_i2:488-772     -             95 436539at33208        -            187   7.8e-07   27.7   0.0   1   1   2.2e-08   8.5e-07   27.6   0.0   114   181     3    71     1    77 0.83 -
TRINITY_DN4796_c0_g1_i1:631-1146    -            172 436539at33208        -            187   8.9e-07   27.5   0.0   1   1   3.5e-08   1.3e-06   27.0   0.0   107   171    34    99    29   115 0.83 -
TRINITY_DN1770_c0_g1_i10:2460-2747  -             96 436539at33208        -            187     1e-06   27.3   0.0   1   1   2.8e-08   1.1e-06   27.3   0.0   111   171     3    63     1    79 0.85 -
TRINITY_DN1770_c0_g1_i1:2460-2747   -             96 436539at33208        -            187     1e-06   27.3   0.0   1   1   2.8e-08   1.1e-06   27.3   0.0   111   171     3    63     1    79 0.85 -
TRINITY_DN1770_c0_g1_i8:2460-2747   -             96 436539at33208        -            187     1e-06   27.3   0.0   1   1   2.8e-08   1.1e-06   27.3   0.0   111   171     3    63     1    79 0.85 -
TRINITY_DN417_c0_g1_i4:276-491      -             72 436539at33208        -            187   1.2e-06   27.1   0.0   1   1   3.4e-08   1.3e-06   27.0   0.0   110   168     1    60     1    66 0.89 -
TRINITY_DN7027_c0_g1_i10:992-1213   -             74 436539at33208        -            187   1.2e-06   27.1   0.0   1   1   3.2e-08   1.2e-06   27.1   0.0   120   171     9    61     1    72 0.86 -
TRINITY_DN7027_c0_g1_i15:1509-1730  -             74 436539at33208        -            187   1.2e-06   27.1   0.0   1   1   3.2e-08   1.2e-06   27.1   0.0   120   171     9    61     1    72 0.86 -
TRINITY_DN7027_c0_g1_i2:1775-1996   -             74 436539at33208        -            187   1.2e-06   27.1   0.0   1   1   3.2e-08   1.2e-06   27.1   0.0   120   171     9    61     1    72 0.86 -
TRINITY_DN195229_c0_g1_i1:112-486   -            125 436539at33208        -            187   1.3e-06   27.0   0.0   1   2     2e-06   7.7e-05   21.2   0.0   108   168     3    63     1    82 0.85 -
TRINITY_DN195229_c0_g1_i1:112-486   -            125 436539at33208        -            187   1.3e-06   27.0   0.0   2   2      0.28        11    4.4   0.0   111   136    96   121    76   124 0.86 -
TRINITY_DN1061_c0_g1_i2:626-1033    -            136 436539at33208        -            187   1.4e-06   26.9   0.1   1   1   5.9e-08   2.2e-06   26.2   0.1   117   182    57   123    38   127 0.81 -
TRINITY_DN4396_c0_g1_i3:662-883     -             74 436539at33208        -            187   1.4e-06   26.9   0.0   1   1   3.7e-08   1.4e-06   26.9   0.0   111   178     3    70     1    74 0.90 -
TRINITY_DN4396_c0_g1_i4:659-880     -             74 436539at33208        -            187   1.4e-06   26.9   0.0   1   1   3.7e-08   1.4e-06   26.9   0.0   111   178     3    70     1    74 0.90 -
TRINITY_DN4396_c0_g1_i7:662-883     -             74 436539at33208        -            187   1.4e-06   26.9   0.0   1   1   3.7e-08   1.4e-06   26.9   0.0   111   178     3    70     1    74 0.90 -
TRINITY_DN38878_c0_g1_i10:13-186    -             58 436539at33208        -            187   2.5e-06   26.1   0.0   1   1   6.9e-08   2.6e-06   26.0   0.0   139   186    10    58     3    58 0.88 -
TRINITY_DN38878_c0_g1_i2:13-186     -             58 436539at33208        -            187   2.5e-06   26.1   0.0   1   1   6.9e-08   2.6e-06   26.0   0.0   139   186    10    58     3    58 0.88 -
TRINITY_DN21764_c0_g1_i2:697-990    -             98 436539at33208        -            187   2.6e-06   26.0   0.0   1   1   7.9e-08     3e-06   25.8   0.0   112   186     3    73     1    74 0.91 -
TRINITY_DN21764_c0_g1_i3:898-1191   -             98 436539at33208        -            187   2.6e-06   26.0   0.0   1   1   7.9e-08     3e-06   25.8   0.0   112   186     3    73     1    74 0.91 -
TRINITY_DN21764_c0_g1_i4:1748-2041  -             98 436539at33208        -            187   2.6e-06   26.0   0.0   1   1   7.9e-08     3e-06   25.8   0.0   112   186     3    73     1    74 0.91 -
TRINITY_DN21764_c0_g1_i5:898-1191   -             98 436539at33208        -            187   2.6e-06   26.0   0.0   1   1   7.9e-08     3e-06   25.8   0.0   112   186     3    73     1    74 0.91 -
TRINITY_DN21764_c0_g1_i7:898-1191   -             98 436539at33208        -            187   2.6e-06   26.0   0.0   1   1   7.9e-08     3e-06   25.8   0.0   112   186     3    73     1    74 0.91 -
TRINITY_DN2654_c0_g1_i1:167-547     -            127 436539at33208        -            187   3.5e-06   25.6   0.0   1   2   2.3e-06   8.9e-05   21.0   0.0   114   176    14    76     6    87 0.87 -
TRINITY_DN2654_c0_g1_i1:167-547     -            127 436539at33208        -            187   3.5e-06   25.6   0.0   2   2      0.81        31    2.9   0.0   110   138    98   126    86   127 0.85 -
TRINITY_DN2654_c0_g1_i6:167-547     -            127 436539at33208        -            187   3.5e-06   25.6   0.0   1   2   2.3e-06   8.9e-05   21.0   0.0   114   176    14    76     6    87 0.87 -
TRINITY_DN2654_c0_g1_i6:167-547     -            127 436539at33208        -            187   3.5e-06   25.6   0.0   2   2      0.81        31    2.9   0.0   110   138    98   126    86   127 0.85 -
TRINITY_DN2654_c0_g1_i8:167-547     -            127 436539at33208        -            187   3.5e-06   25.6   0.0   1   2   2.3e-06   8.9e-05   21.0   0.0   114   176    14    76     6    87 0.87 -
TRINITY_DN2654_c0_g1_i8:167-547     -            127 436539at33208        -            187   3.5e-06   25.6   0.0   2   2      0.81        31    2.9   0.0   110   138    98   126    86   127 0.85 -
TRINITY_DN38878_c0_g1_i3:13-153     -             47 436539at33208        -            187   3.7e-06   25.5   0.0   1   1   9.8e-08   3.7e-06   25.5   0.0   143   186     3    47     1    47 0.90 -
TRINITY_DN36654_c0_g1_i1:1029-1631  -            201 436539at33208        -            187   4.1e-06   25.4   0.0   1   2         5   1.9e+02    0.3   0.0   150   171     2    24     1    29 0.83 -
TRINITY_DN36654_c0_g1_i1:1029-1631  -            201 436539at33208        -            187   4.1e-06   25.4   0.0   2   2   6.9e-07   2.6e-05   22.7   0.0   111   176   122   187   112   199 0.87 -
TRINITY_DN3704_c0_g2_i1:531-821     -             97 436539at33208        -            187   4.2e-06   25.3   0.0   1   1   1.2e-07   4.5e-06   25.2   0.0   105   163     5    63     2    87 0.89 -
TRINITY_DN384_c0_g1_i1:193-792      -            200 436539at33208        -            187   4.2e-06   25.3   0.0   1   1   1.9e-07   7.1e-06   24.6   0.0   106   176    66   137    58   149 0.85 -
TRINITY_DN384_c0_g1_i3:193-792      -            200 436539at33208        -            187   4.2e-06   25.3   0.0   1   1   1.9e-07   7.1e-06   24.6   0.0   106   176    66   137    58   149 0.85 -
TRINITY_DN384_c0_g1_i9:193-792      -            200 436539at33208        -            187   4.2e-06   25.3   0.0   1   1   1.9e-07   7.1e-06   24.6   0.0   106   176    66   137    58   149 0.85 -
TRINITY_DN12177_c0_g1_i1:581-862    -             94 436539at33208        -            187   4.3e-06   25.3   0.0   1   1   1.3e-07     5e-06   25.1   0.0   106   172     4    71     2    79 0.87 -
TRINITY_DN593_c0_g1_i10:1571-1879   -            103 436539at33208        -            187   4.5e-06   25.2   0.0   1   1   1.4e-07   5.5e-06   24.9   0.0   109   174     8    73     2    82 0.89 -
TRINITY_DN593_c0_g1_i3:1571-1879    -            103 436539at33208        -            187   4.5e-06   25.2   0.0   1   1   1.4e-07   5.5e-06   24.9   0.0   109   174     8    73     2    82 0.89 -
TRINITY_DN593_c0_g1_i7:1571-1879    -            103 436539at33208        -            187   4.5e-06   25.2   0.0   1   1   1.4e-07   5.5e-06   24.9   0.0   109   174     8    73     2    82 0.89 -
TRINITY_DN593_c0_g1_i8:1571-1879    -            103 436539at33208        -            187   4.5e-06   25.2   0.0   1   1   1.4e-07   5.5e-06   24.9   0.0   109   174     8    73     2    82 0.89 -
TRINITY_DN12177_c0_g1_i1:932-1234   -            101 436539at33208        -            187   4.5e-06   25.2   0.0   1   1   1.5e-07   5.5e-06   24.9   0.0   106   172    11    78     6    85 0.87 -
TRINITY_DN18949_c0_g1_i1:716-1000   -             95 436539at33208        -            187   1.3e-05   23.7   0.0   1   1   4.1e-07   1.6e-05   23.5   0.0   114   172    26    85    18    90 0.89 -
TRINITY_DN18949_c0_g1_i2:716-1000   -             95 436539at33208        -            187   1.3e-05   23.7   0.0   1   1   4.1e-07   1.6e-05   23.5   0.0   114   172    26    85    18    90 0.89 -
TRINITY_DN18949_c0_g1_i3:743-1027   -             95 436539at33208        -            187   1.3e-05   23.7   0.0   1   1   4.1e-07   1.6e-05   23.5   0.0   114   172    26    85    18    90 0.89 -
TRINITY_DN18949_c0_g1_i5:239-523    -             95 436539at33208        -            187   1.3e-05   23.7   0.0   1   1   4.1e-07   1.6e-05   23.5   0.0   114   172    26    85    18    90 0.89 -
TRINITY_DN190021_c0_g1_i1:192-443   -             84 436539at33208        -            187   1.4e-05   23.6   0.0   1   1   4.4e-07   1.7e-05   23.4   0.0   117   162    11    56     4    71 0.86 -
TRINITY_DN143385_c0_g1_i1:23-241    -             73 436539at33208        -            187   1.6e-05   23.4   0.0   1   1   4.5e-07   1.7e-05   23.3   0.0   106   162    14    70     7    73 0.89 -
TRINITY_DN3778_c0_g1_i4:102-335     -             78 436539at33208        -            187   2.5e-05   22.8   0.0   1   1   6.5e-07   2.5e-05   22.8   0.0   107   163     4    60     1    75 0.89 -
TRINITY_DN2778_c0_g1_i10:1030-1323  -             98 436539at33208        -            187   4.8e-05   21.9   0.0   1   1   1.4e-06   5.5e-05   21.7   0.0   112   184    27    94    17    97 0.81 -
TRINITY_DN2778_c0_g1_i1:1030-1323   -             98 436539at33208        -            187   4.8e-05   21.9   0.0   1   1   1.4e-06   5.5e-05   21.7   0.0   112   184    27    94    17    97 0.81 -
TRINITY_DN2778_c0_g1_i3:1030-1323   -             98 436539at33208        -            187   4.8e-05   21.9   0.0   1   1   1.4e-06   5.5e-05   21.7   0.0   112   184    27    94    17    97 0.81 -
TRINITY_DN2778_c0_g1_i7:1030-1323   -             98 436539at33208        -            187   4.8e-05   21.9   0.0   1   1   1.4e-06   5.5e-05   21.7   0.0   112   184    27    94    17    97 0.81 -
TRINITY_DN1563_c0_g1_i1:721-1002    -             94 436539at33208        -            187   8.1e-05   21.1   0.0   1   1   2.3e-06   8.6e-05   21.0   0.0   115   173     4    61     1    74 0.87 -
TRINITY_DN1563_c0_g1_i2:721-1002    -             94 436539at33208        -            187   8.1e-05   21.1   0.0   1   1   2.3e-06   8.6e-05   21.0   0.0   115   173     4    61     1    74 0.87 -
TRINITY_DN1563_c0_g1_i4:721-1002    -             94 436539at33208        -            187   8.1e-05   21.1   0.0   1   1   2.3e-06   8.6e-05   21.0   0.0   115   173     4    61     1    74 0.87 -
TRINITY_DN2041_c0_g1_i10:526-753    -             76 436539at33208        -            187   8.9e-05   21.0   0.0   1   1   2.5e-06   9.3e-05   20.9   0.0   114   182     7    73     2    76 0.76 -
TRINITY_DN2041_c0_g1_i14:526-753    -             76 436539at33208        -            187   8.9e-05   21.0   0.0   1   1   2.5e-06   9.3e-05   20.9   0.0   114   182     7    73     2    76 0.76 -
TRINITY_DN2041_c0_g1_i3:526-753     -             76 436539at33208        -            187   8.9e-05   21.0   0.0   1   1   2.5e-06   9.3e-05   20.9   0.0   114   182     7    73     2    76 0.76 -
TRINITY_DN2041_c0_g1_i7:526-753     -             76 436539at33208        -            187   8.9e-05   21.0   0.0   1   1   2.5e-06   9.3e-05   20.9   0.0   114   182     7    73     2    76 0.76 -
TRINITY_DN2041_c0_g1_i9:526-753     -             76 436539at33208        -            187   8.9e-05   21.0   0.0   1   1   2.5e-06   9.3e-05   20.9   0.0   114   182     7    73     2    76 0.76 -
TRINITY_DN3441_c0_g1_i2:843-1058    -             72 436539at33208        -            187   9.5e-05   20.9   0.0   1   1   2.7e-06    0.0001   20.8   0.0   113   166     5    53     1    68 0.75 -
TRINITY_DN3441_c0_g1_i3:647-862     -             72 436539at33208        -            187   9.5e-05   20.9   0.0   1   1   2.7e-06    0.0001   20.8   0.0   113   166     5    53     1    68 0.75 -
TRINITY_DN3441_c0_g1_i5:843-1058    -             72 436539at33208        -            187   9.5e-05   20.9   0.0   1   1   2.7e-06    0.0001   20.8   0.0   113   166     5    53     1    68 0.75 -
TRINITY_DN6362_c0_g1_i1:305-517     -             71 436539at33208        -            187    0.0001   20.8   0.0   1   1   2.9e-06   0.00011   20.7   0.0   122   168    10    58     1    64 0.82 -
TRINITY_DN6362_c0_g1_i2:304-516     -             71 436539at33208        -            187    0.0001   20.8   0.0   1   1   2.9e-06   0.00011   20.7   0.0   122   168    10    58     1    64 0.82 -
TRINITY_DN6362_c0_g1_i5:304-516     -             71 436539at33208        -            187    0.0001   20.8   0.0   1   1   2.9e-06   0.00011   20.7   0.0   122   168    10    58     1    64 0.82 -
TRINITY_DN4507_c0_g1_i12:189-674    -            162 436539at33208        -            187   0.00011   20.7   0.0   1   1   3.9e-06   0.00015   20.3   0.0   106   170    96   161    82   162 0.90 -
TRINITY_DN4507_c0_g1_i19:189-674    -            162 436539at33208        -            187   0.00011   20.7   0.0   1   1   3.9e-06   0.00015   20.3   0.0   106   170    96   161    82   162 0.90 -
TRINITY_DN682_c0_g1_i11:2731-2949   -             73 436539at33208        -            187   0.00013   20.4   0.0   1   1   3.6e-06   0.00013   20.4   0.0   114   172     4    63     1    73 0.77 -
TRINITY_DN682_c0_g1_i2:2720-2938    -             73 436539at33208        -            187   0.00013   20.4   0.0   1   1   3.6e-06   0.00013   20.4   0.0   114   172     4    63     1    73 0.77 -
TRINITY_DN682_c0_g1_i4:2713-2931    -             73 436539at33208        -            187   0.00013   20.4   0.0   1   1   3.6e-06   0.00013   20.4   0.0   114   172     4    63     1    73 0.77 -
TRINITY_DN682_c0_g1_i6:1520-1738    -             73 436539at33208        -            187   0.00013   20.4   0.0   1   1   3.6e-06   0.00013   20.4   0.0   114   172     4    63     1    73 0.77 -
TRINITY_DN682_c0_g1_i8:2731-2949    -             73 436539at33208        -            187   0.00013   20.4   0.0   1   1   3.6e-06   0.00013   20.4   0.0   114   172     4    63     1    73 0.77 -
TRINITY_DN2457_c4_g2_i10:1684-1932  -             83 436539at33208        -            187   0.00014   20.4   0.0   1   1   3.8e-06   0.00014   20.3   0.0   124   186    12    74     2    75 0.84 -
TRINITY_DN2457_c4_g2_i13:1725-1973  -             83 436539at33208        -            187   0.00014   20.4   0.0   1   1   3.8e-06   0.00014   20.3   0.0   124   186    12    74     2    75 0.84 -
TRINITY_DN2457_c4_g2_i14:516-764    -             83 436539at33208        -            187   0.00014   20.4   0.0   1   1   3.8e-06   0.00014   20.3   0.0   124   186    12    74     2    75 0.84 -
TRINITY_DN2457_c4_g2_i18:1341-1589  -             83 436539at33208        -            187   0.00014   20.4   0.0   1   1   3.8e-06   0.00014   20.3   0.0   124   186    12    74     2    75 0.84 -
TRINITY_DN2457_c4_g2_i1:142-390     -             83 436539at33208        -            187   0.00014   20.4   0.0   1   1   3.8e-06   0.00014   20.3   0.0   124   186    12    74     2    75 0.84 -
TRINITY_DN2457_c4_g2_i5:125-373     -             83 436539at33208        -            187   0.00014   20.4   0.0   1   1   3.8e-06   0.00014   20.3   0.0   124   186    12    74     2    75 0.84 -
TRINITY_DN2457_c4_g2_i6:1353-1601   -             83 436539at33208        -            187   0.00014   20.4   0.0   1   1   3.8e-06   0.00014   20.3   0.0   124   186    12    74     2    75 0.84 -
TRINITY_DN2457_c4_g2_i8:1726-1974   -             83 436539at33208        -            187   0.00014   20.4   0.0   1   1   3.8e-06   0.00014   20.3   0.0   124   186    12    74     2    75 0.84 -
TRINITY_DN2041_c0_g1_i5:529-747     -             73 436539at33208        -            187   0.00014   20.3   0.0   1   1     4e-06   0.00015   20.2   0.0   114   182     5    71     2    73 0.75 -
TRINITY_DN17872_c0_g1_i1:1373-1738  -            122 436539at33208        -            187   0.00022   19.7   0.0   1   1   7.5e-06   0.00028   19.4   0.0   114   175     3    64     1    72 0.86 -
TRINITY_DN17872_c0_g1_i4:2027-2392  -            122 436539at33208        -            187   0.00022   19.7   0.0   1   1   7.5e-06   0.00028   19.4   0.0   114   175     3    64     1    72 0.86 -
TRINITY_DN17872_c0_g1_i5:269-634    -            122 436539at33208        -            187   0.00022   19.7   0.0   1   1   7.5e-06   0.00028   19.4   0.0   114   175     3    64     1    72 0.86 -
TRINITY_DN69591_c0_g1_i1:1-237      -             79 436539at33208        -            187   0.00023   19.6   0.0   1   1   6.5e-06   0.00025   19.5   0.0   114   163     5    54     1    66 0.89 -
TRINITY_DN906_c0_g1_i3:17-385       -            123 436539at33208        -            187   0.00028   19.4   0.1   1   1   1.2e-05   0.00044   18.7   0.0   113   182    20    87    11    92 0.84 -
TRINITY_DN906_c0_g1_i6:17-385       -            123 436539at33208        -            187   0.00028   19.4   0.1   1   1   1.2e-05   0.00044   18.7   0.0   113   182    20    87    11    92 0.84 -
TRINITY_DN906_c0_g1_i8:17-385       -            123 436539at33208        -            187   0.00028   19.4   0.1   1   1   1.2e-05   0.00044   18.7   0.0   113   182    20    87    11    92 0.84 -
TRINITY_DN4507_c0_g1_i18:198-2060   -            621 436539at33208        -            187   0.00029   19.3   0.0   1   1   2.1e-05    0.0008   17.9   0.0   106   171    93   159    80   166 0.90 -
TRINITY_DN4507_c0_g1_i13:198-2060   -            621 436539at33208        -            187    0.0003   19.3   0.0   1   1   2.1e-05    0.0008   17.9   0.0   106   171    93   159    80   166 0.90 -
TRINITY_DN4507_c0_g1_i10:198-2060   -            621 436539at33208        -            187   0.00031   19.2   0.0   1   1   2.1e-05    0.0008   17.9   0.0   106   171    93   159    80   166 0.90 -
TRINITY_DN4507_c0_g1_i1:198-2126    -            643 436539at33208        -            187   0.00032   19.2   0.0   1   1   2.2e-05   0.00084   17.8   0.0   106   171    93   159    80   166 0.90 -
TRINITY_DN4507_c0_g1_i15:198-2123   -            642 436539at33208        -            187   0.00033   19.1   0.0   1   1   2.2e-05   0.00084   17.8   0.0   106   171    93   159    80   166 0.90 -
TRINITY_DN10126_c0_g1_i1:1310-1639  -            110 436539at33208        -            187   0.00067   18.1   1.9   1   2   0.00061     0.023   13.1   0.1   114   186     3    68     1    69 0.80 -
TRINITY_DN10126_c0_g1_i1:1310-1639  -            110 436539at33208        -            187   0.00067   18.1   1.9   2   2      0.22       8.5    4.8   0.3    77    95    79    98    66   108 0.78 -
TRINITY_DN10126_c0_g1_i2:1310-1639  -            110 436539at33208        -            187   0.00067   18.1   1.9   1   2   0.00061     0.023   13.1   0.1   114   186     3    68     1    69 0.80 -
TRINITY_DN10126_c0_g1_i2:1310-1639  -            110 436539at33208        -            187   0.00067   18.1   1.9   2   2      0.22       8.5    4.8   0.3    77    95    79    98    66   108 0.78 -
TRINITY_DN48537_c0_g1_i2:338-2311   -            482 436539at33208        -            187   0.00084   17.8   0.1   1   1     5e-05    0.0019   16.7   0.0   107   165   229   281   194   293 0.80 -
TRINITY_DN48537_c0_g1_i3:338-1783   -            482 436539at33208        -            187   0.00084   17.8   0.1   1   1     5e-05    0.0019   16.7   0.0   107   165   229   281   194   293 0.80 -
TRINITY_DN143081_c0_g1_i1:30-380    -            117 436539at33208        -            187     0.001   17.5   0.0   1   2   0.00018    0.0068   14.9   0.0   117   160     2    45     1    54 0.92 -
TRINITY_DN143081_c0_g1_i1:30-380    -            117 436539at33208        -            187     0.001   17.5   0.0   2   2       3.9   1.5e+02    0.7   0.0   111   136    90   115    77   117 0.81 -
TRINITY_DN560_c0_g1_i1:1061-1354    -             98 436539at33208        -            187    0.0018   16.7   0.0   1   1   5.7e-05    0.0022   16.5   0.0   114   162     3    50     1    66 0.85 -
TRINITY_DN560_c0_g1_i6:1901-2194    -             98 436539at33208        -            187    0.0018   16.7   0.0   1   1   5.7e-05    0.0022   16.5   0.0   114   162     3    50     1    66 0.85 -
TRINITY_DN560_c0_g1_i7:1229-1522    -             98 436539at33208        -            187    0.0018   16.7   0.0   1   1   5.7e-05    0.0022   16.5   0.0   114   162     3    50     1    66 0.85 -
TRINITY_DN2041_c0_g1_i10:868-1095   -             76 436539at33208        -            187    0.0024   16.3   0.0   1   1   6.4e-05    0.0024   16.3   0.0   114   182     3    72     1    76 0.82 -
TRINITY_DN2041_c0_g1_i14:868-1095   -             76 436539at33208        -            187    0.0024   16.3   0.0   1   1   6.4e-05    0.0024   16.3   0.0   114   182     3    72     1    76 0.82 -
TRINITY_DN2041_c0_g1_i3:868-1095    -             76 436539at33208        -            187    0.0024   16.3   0.0   1   1   6.4e-05    0.0024   16.3   0.0   114   182     3    72     1    76 0.82 -
TRINITY_DN2041_c0_g1_i5:868-1095    -             76 436539at33208        -            187    0.0024   16.3   0.0   1   1   6.4e-05    0.0024   16.3   0.0   114   182     3    72     1    76 0.82 -
TRINITY_DN2041_c0_g1_i7:868-1095    -             76 436539at33208        -            187    0.0024   16.3   0.0   1   1   6.4e-05    0.0024   16.3   0.0   114   182     3    72     1    76 0.82 -
TRINITY_DN2041_c0_g1_i9:868-1095    -             76 436539at33208        -            187    0.0024   16.3   0.0   1   1   6.4e-05    0.0024   16.3   0.0   114   182     3    72     1    76 0.82 -
TRINITY_DN4635_c0_g1_i1:374-604     -             77 436539at33208        -            187    0.0034   15.8   0.0   1   1   9.5e-05    0.0036   15.8   0.0   110   173     8    67     3    77 0.88 -
TRINITY_DN2269_c0_g1_i19:1496-1717  -             74 436539at33208        -            187    0.0043   15.5   0.0   1   1   0.00011    0.0044   15.5   0.0   114   171     3    55     1    70 0.78 -
TRINITY_DN2269_c0_g1_i24:1626-1847  -             74 436539at33208        -            187    0.0043   15.5   0.0   1   1   0.00011    0.0044   15.5   0.0   114   171     3    55     1    70 0.78 -
TRINITY_DN2269_c0_g1_i4:1498-1719   -             74 436539at33208        -            187    0.0043   15.5   0.0   1   1   0.00011    0.0044   15.5   0.0   114   171     3    55     1    70 0.78 -
TRINITY_DN1203_c0_g1_i1:345-551     -             69 436539at33208        -            187    0.0051   15.3   0.1   1   1   0.00014    0.0054   15.2   0.1   130   177     2    48     1    58 0.82 -
TRINITY_DN1203_c0_g1_i3:345-551     -             69 436539at33208        -            187    0.0051   15.3   0.1   1   1   0.00014    0.0054   15.2   0.1   130   177     2    48     1    58 0.82 -
TRINITY_DN9632_c0_g1_i10:1472-2305  -            278 436539at33208        -            187    0.0055   15.1   0.0   1   1   0.00029     0.011   14.2   0.0    93   138   164   209   154   237 0.85 -
TRINITY_DN9632_c0_g1_i2:1084-1917   -            278 436539at33208        -            187    0.0055   15.1   0.0   1   1   0.00029     0.011   14.2   0.0    93   138   164   209   154   237 0.85 -
TRINITY_DN9632_c0_g1_i4:1404-2237   -            278 436539at33208        -            187    0.0055   15.1   0.0   1   1   0.00029     0.011   14.2   0.0    93   138   164   209   154   237 0.85 -
TRINITY_DN9632_c0_g1_i9:1404-2237   -            278 436539at33208        -            187    0.0055   15.1   0.0   1   1   0.00029     0.011   14.2   0.0    93   138   164   209   154   237 0.85 -
TRINITY_DN11132_c0_g1_i14:39-221    -             61 436539at33208        -            187    0.0091   14.4   0.0   1   1   0.00026    0.0099   14.3   0.0   114   172     3    57     1    60 0.87 -
TRINITY_DN3005_c1_g1_i2:443-688     -             82 436539at33208        -            187     0.017   13.6   0.0   1   1   0.00044     0.017   13.6   0.0   132   163    40    71     9    79 0.84 -
TRINITY_DN3005_c1_g1_i3:1716-1961   -             82 436539at33208        -            187     0.017   13.6   0.0   1   1   0.00044     0.017   13.6   0.0   132   163    40    71     9    79 0.84 -
#
# Program:         hmmsearch
# Version:         3.1b2 (February 2015)
# Pipeline mode:   SEARCH
# Query file:      /busco_wd/busco_downloads/lineages/metazoa_odb10/hmms/436539at33208.hmm
# Target file:     /busco_wd/BUSCO/run_metazoa_odb10/metaeuk_output/initial_results/Trinity.fasta.modified.fas
# Option settings: hmmsearch --domtblout /busco_wd/BUSCO/run_metazoa_odb10/hmmer_output/initial_run_results/436539at33208.out --cpu 1 /busco_wd/busco_downloads/lineages/metazoa_odb10/hmms/436539at33208.hmm /busco_wd/BUSCO/run_metazoa_odb10/metaeuk_output/initial_results/Trinity.fasta.modified.fas 
# Current dir:     /busco_wd
# Date:            Tue Nov 23 09:03:04 2021
# [ok]
