#                                                                                        --- full sequence --- -------------- this domain -------------   hmm coord   ali coord   env coord
# target name                    accession   tlen query name           accession   qlen   E-value  score  bias   #  of  c-Evalue  i-Evalue  score  bias  from    to  from    to  from    to  acc description of target
#            ------------------- ---------- ----- -------------------- ---------- ----- --------- ------ ----- --- --- --------- --------- ------ ----- ----- ----- ----- ----- ----- ----- ---- ---------------------
TRINITY_DN2042_c0_g1_i1:241-828  -            196 437653at33208        -            138   4.5e-49  164.7   0.0   1   1   4.7e-52   7.2e-49  164.1   0.0     1   136    36   196    36   196 0.87 -
TRINITY_DN2042_c0_g1_i2:217-804  -            196 437653at33208        -            138   4.5e-49  164.7   0.0   1   1   4.7e-52   7.2e-49  164.1   0.0     1   136    36   196    36   196 0.87 -
TRINITY_DN2042_c0_g1_i3:174-761  -            196 437653at33208        -            138   4.5e-49  164.7   0.0   1   1   4.7e-52   7.2e-49  164.1   0.0     1   136    36   196    36   196 0.87 -
TRINITY_DN156307_c0_g1_i1:21-542 -            174 437653at33208        -            138   1.1e-19   69.6   0.6   1   2   2.8e-06    0.0042   15.8   0.0    11    66     1    66     1    83 0.74 -
TRINITY_DN156307_c0_g1_i1:21-542 -            174 437653at33208        -            138   1.1e-19   69.6   0.6   2   2   1.4e-17   2.1e-14   52.4   0.1    62   118   113   172   100   174 0.83 -
TRINITY_DN38828_c0_g1_i1:135-653 -            173 437653at33208        -            138   6.2e-06   25.0   0.0   1   1   6.2e-09   9.5e-06   24.4   0.0    40   125    73   165    21   172 0.74 -
TRINITY_DN38828_c0_g1_i2:135-653 -            173 437653at33208        -            138   6.2e-06   25.0   0.0   1   1   6.2e-09   9.5e-06   24.4   0.0    40   125    73   165    21   172 0.74 -
#
# Program:         hmmsearch
# Version:         3.1b2 (February 2015)
# Pipeline mode:   SEARCH
# Query file:      /busco_wd/busco_downloads/lineages/metazoa_odb10/hmms/437653at33208.hmm
# Target file:     /busco_wd/BUSCO/run_metazoa_odb10/metaeuk_output/initial_results/Trinity.fasta.modified.fas
# Option settings: hmmsearch --domtblout /busco_wd/BUSCO/run_metazoa_odb10/hmmer_output/initial_run_results/437653at33208.out --cpu 1 /busco_wd/busco_downloads/lineages/metazoa_odb10/hmms/437653at33208.hmm /busco_wd/BUSCO/run_metazoa_odb10/metaeuk_output/initial_results/Trinity.fasta.modified.fas 
# Current dir:     /busco_wd
# Date:            Tue Nov 23 09:03:04 2021
# [ok]
