#                                                                                          --- full sequence --- -------------- this domain -------------   hmm coord   ali coord   env coord
# target name                      accession   tlen query name           accession   qlen   E-value  score  bias   #  of  c-Evalue  i-Evalue  score  bias  from    to  from    to  from    to  acc description of target
#              ------------------- ---------- ----- -------------------- ---------- ----- --------- ------ ----- --- --- --------- --------- ------ ----- ----- ----- ----- ----- ----- ----- ---- ---------------------
TRINITY_DN3828_c0_g1_i1:141-1283   -            381 442169at33208        -            349  5.7e-111  370.0  28.6   1   1  4.7e-113  1.1e-110  369.1  28.6    12   338     2   375     1   380 0.85 -
TRINITY_DN3828_c0_g1_i2:141-1283   -            381 442169at33208        -            349  5.7e-111  370.0  28.6   1   1  4.7e-113  1.1e-110  369.1  28.6    12   338     2   375     1   380 0.85 -
TRINITY_DN1726_c0_g1_i7:690-1919   -            410 442169at33208        -            349   1.6e-12   46.2  10.5   1   2     0.011       2.5    6.1   0.5   169   196     2    29     1    38 0.89 -
TRINITY_DN1726_c0_g1_i7:690-1919   -            410 442169at33208        -            349   1.6e-12   46.2  10.5   2   2   4.5e-12     1e-09   37.0   0.0   103   201   163   264   158   288 0.85 -
TRINITY_DN1726_c0_g1_i6:733-1948   -            337 442169at33208        -            349     6e-12   44.3   9.6   1   3    0.0081       1.8    6.5   0.5   169   196     2    29     1    38 0.89 -
TRINITY_DN1726_c0_g1_i6:733-1948   -            337 442169at33208        -            349     6e-12   44.3   9.6   2   3     0.041       9.2    4.2   0.5   106   141    53    87    44    91 0.75 -
TRINITY_DN1726_c0_g1_i6:733-1948   -            337 442169at33208        -            349     6e-12   44.3   9.6   3   3   1.2e-12   2.8e-10   38.8   0.2    98   201    90   196    84   213 0.85 -
TRINITY_DN1726_c0_g1_i4:690-1919   -            410 442169at33208        -            349   7.3e-12   44.0   9.7   1   2     0.011       2.5    6.1   0.5   169   196     2    29     1    38 0.89 -
TRINITY_DN1726_c0_g1_i4:690-1919   -            410 442169at33208        -            349   7.3e-12   44.0   9.7   2   2   3.6e-11   8.1e-09   34.0   0.0   103   201   163   264   158   288 0.83 -
TRINITY_DN1726_c0_g1_i9:718-1947   -            410 442169at33208        -            349   7.3e-12   44.0   9.7   1   2     0.011       2.5    6.1   0.5   169   196     2    29     1    38 0.89 -
TRINITY_DN1726_c0_g1_i9:718-1947   -            410 442169at33208        -            349   7.3e-12   44.0   9.7   2   2   3.6e-11   8.1e-09   34.0   0.0   103   201   163   264   158   288 0.83 -
TRINITY_DN23742_c0_g1_i1:339-1088  -            250 442169at33208        -            349   7.5e-10   37.4  36.2   1   7    0.0017      0.38    8.8   4.2   170   191    55    76     1    83 0.80 -
TRINITY_DN23742_c0_g1_i1:339-1088  -            250 442169at33208        -            349   7.5e-10   37.4  36.2   2   7     0.011       2.5    6.1   0.1   171   191    84   104    77   110 0.88 -
TRINITY_DN23742_c0_g1_i1:339-1088  -            250 442169at33208        -            349   7.5e-10   37.4  36.2   3   7    0.0025      0.56    8.2   0.6   171   192   112   133   105   139 0.89 -
TRINITY_DN23742_c0_g1_i1:339-1088  -            250 442169at33208        -            349   7.5e-10   37.4  36.2   4   7   0.00052      0.12   10.5   0.3   171   192   140   161   133   167 0.90 -
TRINITY_DN23742_c0_g1_i1:339-1088  -            250 442169at33208        -            349   7.5e-10   37.4  36.2   5   7     0.028       6.3    4.8   0.0   171   192   168   189   161   195 0.90 -
TRINITY_DN23742_c0_g1_i1:339-1088  -            250 442169at33208        -            349   7.5e-10   37.4  36.2   6   7   0.00018     0.039   12.0   0.6   171   192   196   217   194   222 0.90 -
TRINITY_DN23742_c0_g1_i1:339-1088  -            250 442169at33208        -            349   7.5e-10   37.4  36.2   7   7    0.0057       1.3    7.0   0.4   171   194   224   247   217   250 0.90 -
TRINITY_DN1726_c0_g1_i13:690-1475  -            262 442169at33208        -            349   2.2e-09   35.9   0.0   1   1   1.5e-11   3.3e-09   35.3   0.0   103   201    15   116    11   141 0.83 -
TRINITY_DN1726_c0_g1_i11:58-351    -             98 442169at33208        -            349   8.6e-08   30.6   1.3   1   1   4.3e-10   9.7e-08   30.5   1.3   122   201     1    83     1    96 0.82 -
TRINITY_DN5644_c0_g4_i1:249-893    -            215 442169at33208        -            349   2.5e-06   25.8  25.4   1   4    0.0079       1.8    6.6   0.3   167   191    49    73    37    79 0.80 -
TRINITY_DN5644_c0_g4_i1:249-893    -            215 442169at33208        -            349   2.5e-06   25.8  25.4   2   4   3.4e-06   0.00076   17.6   9.6   121   193    82   159    76   163 0.83 -
TRINITY_DN5644_c0_g4_i1:249-893    -            215 442169at33208        -            349   2.5e-06   25.8  25.4   3   4      0.24        55    1.7   0.3   171   190   165   184   162   187 0.85 -
TRINITY_DN5644_c0_g4_i1:249-893    -            215 442169at33208        -            349   2.5e-06   25.8  25.4   4   4    0.0011      0.24    9.4   0.1   165   191   187   213   184   215 0.89 -
TRINITY_DN4824_c0_g1_i1:258-629    -            124 442169at33208        -            349   0.00013   20.2  15.4   1   3     0.016       3.5    5.6   0.8   172   200     2    30     1    32 0.91 -
TRINITY_DN4824_c0_g1_i1:258-629    -            124 442169at33208        -            349   0.00013   20.2  15.4   2   3   6.9e-06    0.0015   16.6   1.3   170   192    58    80    48    86 0.83 -
TRINITY_DN4824_c0_g1_i1:258-629    -            124 442169at33208        -            349   0.00013   20.2  15.4   3   3    0.0039      0.88    7.6   0.5   169   190    85   106    81   115 0.90 -
TRINITY_DN4824_c0_g1_i2:258-629    -            124 442169at33208        -            349   0.00013   20.2  15.4   1   3     0.016       3.5    5.6   0.8   172   200     2    30     1    32 0.91 -
TRINITY_DN4824_c0_g1_i2:258-629    -            124 442169at33208        -            349   0.00013   20.2  15.4   2   3   6.9e-06    0.0015   16.6   1.3   170   192    58    80    48    86 0.83 -
TRINITY_DN4824_c0_g1_i2:258-629    -            124 442169at33208        -            349   0.00013   20.2  15.4   3   3    0.0039      0.88    7.6   0.5   169   190    85   106    81   115 0.90 -
TRINITY_DN4824_c0_g1_i4:258-629    -            124 442169at33208        -            349   0.00013   20.2  15.4   1   3     0.016       3.5    5.6   0.8   172   200     2    30     1    32 0.91 -
TRINITY_DN4824_c0_g1_i4:258-629    -            124 442169at33208        -            349   0.00013   20.2  15.4   2   3   6.9e-06    0.0015   16.6   1.3   170   192    58    80    48    86 0.83 -
TRINITY_DN4824_c0_g1_i4:258-629    -            124 442169at33208        -            349   0.00013   20.2  15.4   3   3    0.0039      0.88    7.6   0.5   169   190    85   106    81   115 0.90 -
TRINITY_DN5644_c3_g1_i1:220-534    -            105 442169at33208        -            349   0.00014   20.1  11.7   1   4     0.092        21    3.1   0.0   173   191     1    19     1    23 0.84 -
TRINITY_DN5644_c3_g1_i1:220-534    -            105 442169at33208        -            349   0.00014   20.1  11.7   2   4    0.0087         2    6.4   0.1   170   193    26    49    21    54 0.89 -
TRINITY_DN5644_c3_g1_i1:220-534    -            105 442169at33208        -            349   0.00014   20.1  11.7   3   4    0.0092       2.1    6.3   0.1   171   193    55    77    50    82 0.84 -
TRINITY_DN5644_c3_g1_i1:220-534    -            105 442169at33208        -            349   0.00014   20.1  11.7   4   4   0.00058      0.13   10.3   1.3   171   191    83   103    77   105 0.91 -
TRINITY_DN27406_c0_g1_i2:1587-2390 -            268 442169at33208        -            349   0.00023   19.4  62.1   1   8   0.00076      0.17    9.9   6.9   158   195    11    48     4    51 0.89 -
TRINITY_DN27406_c0_g1_i2:1587-2390 -            268 442169at33208        -            349   0.00023   19.4  62.1   2   8     0.022         5    5.1   2.3   171   194    52    75    47    79 0.88 -
TRINITY_DN27406_c0_g1_i2:1587-2390 -            268 442169at33208        -            349   0.00023   19.4  62.1   3   8     0.001      0.23    9.5   2.1   169   192    78   101    74   107 0.87 -
TRINITY_DN27406_c0_g1_i2:1587-2390 -            268 442169at33208        -            349   0.00023   19.4  62.1   4   8     0.011       2.6    6.1   3.9   171   200   108   137   106   141 0.91 -
TRINITY_DN27406_c0_g1_i2:1587-2390 -            268 442169at33208        -            349   0.00023   19.4  62.1   5   8      0.17        39    2.2   1.0   169   191   133   155   128   158 0.84 -
TRINITY_DN27406_c0_g1_i2:1587-2390 -            268 442169at33208        -            349   0.00023   19.4  62.1   6   8      0.96   2.1e+02   -0.3   3.5   172   195   181   204   176   209 0.82 -
TRINITY_DN27406_c0_g1_i2:1587-2390 -            268 442169at33208        -            349   0.00023   19.4  62.1   7   8     0.052        12    3.9   3.7   167   190   204   227   199   231 0.89 -
TRINITY_DN27406_c0_g1_i2:1587-2390 -            268 442169at33208        -            349   0.00023   19.4  62.1   8   8   1.7e-05    0.0039   15.3   0.3   170   192   237   259   233   265 0.90 -
TRINITY_DN169106_c0_g1_i1:187-561  -            125 442169at33208        -            349   0.00049   18.3   9.3   1   4      0.55   1.2e+02    0.5   0.1   173   189     5    21     2    23 0.90 -
TRINITY_DN169106_c0_g1_i1:187-561  -            125 442169at33208        -            349   0.00049   18.3   9.3   2   4    0.0017      0.39    8.8   0.3   162   190    23    51    16    58 0.90 -
TRINITY_DN169106_c0_g1_i1:187-561  -            125 442169at33208        -            349   0.00049   18.3   9.3   3   4     0.027         6    4.8   0.3   165   189    54    78    52    86 0.86 -
TRINITY_DN169106_c0_g1_i1:187-561  -            125 442169at33208        -            349   0.00049   18.3   9.3   4   4    0.0015      0.34    8.9   0.0   172   194    89   111    85   120 0.88 -
TRINITY_DN9959_c0_g1_i1:610-981    -            124 442169at33208        -            349    0.0007   17.8   6.6   1   4     0.026       5.8    4.9   0.1   171   192     3    24     1    29 0.88 -
TRINITY_DN9959_c0_g1_i1:610-981    -            124 442169at33208        -            349    0.0007   17.8   6.6   2   4     0.094        21    3.0   0.1   171   192    31    52    28    59 0.88 -
TRINITY_DN9959_c0_g1_i1:610-981    -            124 442169at33208        -            349    0.0007   17.8   6.6   3   4   0.00049      0.11   10.5   0.1   171   193    59    81    52    85 0.89 -
TRINITY_DN9959_c0_g1_i1:610-981    -            124 442169at33208        -            349    0.0007   17.8   6.6   4   4      0.44        98    0.8   0.0   171   189    87   105    82   110 0.86 -
TRINITY_DN9959_c0_g1_i2:589-960    -            124 442169at33208        -            349    0.0007   17.8   6.6   1   4     0.026       5.8    4.9   0.1   171   192     3    24     1    29 0.88 -
TRINITY_DN9959_c0_g1_i2:589-960    -            124 442169at33208        -            349    0.0007   17.8   6.6   2   4     0.094        21    3.0   0.1   171   192    31    52    28    59 0.88 -
TRINITY_DN9959_c0_g1_i2:589-960    -            124 442169at33208        -            349    0.0007   17.8   6.6   3   4   0.00049      0.11   10.5   0.1   171   193    59    81    52    85 0.89 -
TRINITY_DN9959_c0_g1_i2:589-960    -            124 442169at33208        -            349    0.0007   17.8   6.6   4   4      0.44        98    0.8   0.0   171   189    87   105    82   110 0.86 -
TRINITY_DN20643_c0_g2_i4:642-1379  -            246 442169at33208        -            349    0.0021   16.2  43.6   1   8     0.014       3.1    5.8   0.0   173   191     1    19     1    25 0.93 -
TRINITY_DN20643_c0_g2_i4:642-1379  -            246 442169at33208        -            349    0.0021   16.2  43.6   2   8     0.039       8.7    4.3   0.9   170   190    26    46    20    51 0.90 -
TRINITY_DN20643_c0_g2_i4:642-1379  -            246 442169at33208        -            349    0.0021   16.2  43.6   3   8    0.0016      0.36    8.8   1.3   170   197    54    82    46    84 0.78 -
TRINITY_DN20643_c0_g2_i4:642-1379  -            246 442169at33208        -            349    0.0021   16.2  43.6   4   8     0.018       4.1    5.4   3.1   169   190    81   102    75   110 0.89 -
TRINITY_DN20643_c0_g2_i4:642-1379  -            246 442169at33208        -            349    0.0021   16.2  43.6   5   8    0.0011      0.24    9.4   1.7   171   190   111   130   103   143 0.86 -
TRINITY_DN20643_c0_g2_i4:642-1379  -            246 442169at33208        -            349    0.0021   16.2  43.6   6   8     0.075        17    3.4   0.1   171   189   171   189   165   197 0.87 -
TRINITY_DN20643_c0_g2_i4:642-1379  -            246 442169at33208        -            349    0.0021   16.2  43.6   7   8     0.017       3.9    5.5   0.9   170   190   198   218   190   228 0.84 -
TRINITY_DN20643_c0_g2_i4:642-1379  -            246 442169at33208        -            349    0.0021   16.2  43.6   8   8      0.93   2.1e+02   -0.2   0.2   171   189   227   245   220   246 0.70 -
TRINITY_DN20643_c0_g2_i6:642-1379  -            246 442169at33208        -            349    0.0021   16.2  43.6   1   8     0.014       3.1    5.8   0.0   173   191     1    19     1    25 0.93 -
TRINITY_DN20643_c0_g2_i6:642-1379  -            246 442169at33208        -            349    0.0021   16.2  43.6   2   8     0.039       8.7    4.3   0.9   170   190    26    46    20    51 0.90 -
TRINITY_DN20643_c0_g2_i6:642-1379  -            246 442169at33208        -            349    0.0021   16.2  43.6   3   8    0.0016      0.36    8.8   1.3   170   197    54    82    46    84 0.78 -
TRINITY_DN20643_c0_g2_i6:642-1379  -            246 442169at33208        -            349    0.0021   16.2  43.6   4   8     0.018       4.1    5.4   3.1   169   190    81   102    75   110 0.89 -
TRINITY_DN20643_c0_g2_i6:642-1379  -            246 442169at33208        -            349    0.0021   16.2  43.6   5   8    0.0011      0.24    9.4   1.7   171   190   111   130   103   143 0.86 -
TRINITY_DN20643_c0_g2_i6:642-1379  -            246 442169at33208        -            349    0.0021   16.2  43.6   6   8     0.075        17    3.4   0.1   171   189   171   189   165   197 0.87 -
TRINITY_DN20643_c0_g2_i6:642-1379  -            246 442169at33208        -            349    0.0021   16.2  43.6   7   8     0.017       3.9    5.5   0.9   170   190   198   218   190   228 0.84 -
TRINITY_DN20643_c0_g2_i6:642-1379  -            246 442169at33208        -            349    0.0021   16.2  43.6   8   8      0.93   2.1e+02   -0.2   0.2   171   189   227   245   220   246 0.70 -
TRINITY_DN20643_c0_g2_i7:642-1379  -            246 442169at33208        -            349    0.0021   16.2  43.6   1   8     0.014       3.1    5.8   0.0   173   191     1    19     1    25 0.93 -
TRINITY_DN20643_c0_g2_i7:642-1379  -            246 442169at33208        -            349    0.0021   16.2  43.6   2   8     0.039       8.7    4.3   0.9   170   190    26    46    20    51 0.90 -
TRINITY_DN20643_c0_g2_i7:642-1379  -            246 442169at33208        -            349    0.0021   16.2  43.6   3   8    0.0016      0.36    8.8   1.3   170   197    54    82    46    84 0.78 -
TRINITY_DN20643_c0_g2_i7:642-1379  -            246 442169at33208        -            349    0.0021   16.2  43.6   4   8     0.018       4.1    5.4   3.1   169   190    81   102    75   110 0.89 -
TRINITY_DN20643_c0_g2_i7:642-1379  -            246 442169at33208        -            349    0.0021   16.2  43.6   5   8    0.0011      0.24    9.4   1.7   171   190   111   130   103   143 0.86 -
TRINITY_DN20643_c0_g2_i7:642-1379  -            246 442169at33208        -            349    0.0021   16.2  43.6   6   8     0.075        17    3.4   0.1   171   189   171   189   165   197 0.87 -
TRINITY_DN20643_c0_g2_i7:642-1379  -            246 442169at33208        -            349    0.0021   16.2  43.6   7   8     0.017       3.9    5.5   0.9   170   190   198   218   190   228 0.84 -
TRINITY_DN20643_c0_g2_i7:642-1379  -            246 442169at33208        -            349    0.0021   16.2  43.6   8   8      0.93   2.1e+02   -0.2   0.2   171   189   227   245   220   246 0.70 -
TRINITY_DN20643_c0_g2_i8:642-1379  -            246 442169at33208        -            349    0.0021   16.2  43.6   1   8     0.014       3.1    5.8   0.0   173   191     1    19     1    25 0.93 -
TRINITY_DN20643_c0_g2_i8:642-1379  -            246 442169at33208        -            349    0.0021   16.2  43.6   2   8     0.039       8.7    4.3   0.9   170   190    26    46    20    51 0.90 -
TRINITY_DN20643_c0_g2_i8:642-1379  -            246 442169at33208        -            349    0.0021   16.2  43.6   3   8    0.0016      0.36    8.8   1.3   170   197    54    82    46    84 0.78 -
TRINITY_DN20643_c0_g2_i8:642-1379  -            246 442169at33208        -            349    0.0021   16.2  43.6   4   8     0.018       4.1    5.4   3.1   169   190    81   102    75   110 0.89 -
TRINITY_DN20643_c0_g2_i8:642-1379  -            246 442169at33208        -            349    0.0021   16.2  43.6   5   8    0.0011      0.24    9.4   1.7   171   190   111   130   103   143 0.86 -
TRINITY_DN20643_c0_g2_i8:642-1379  -            246 442169at33208        -            349    0.0021   16.2  43.6   6   8     0.075        17    3.4   0.1   171   189   171   189   165   197 0.87 -
TRINITY_DN20643_c0_g2_i8:642-1379  -            246 442169at33208        -            349    0.0021   16.2  43.6   7   8     0.017       3.9    5.5   0.9   170   190   198   218   190   228 0.84 -
TRINITY_DN20643_c0_g2_i8:642-1379  -            246 442169at33208        -            349    0.0021   16.2  43.6   8   8      0.93   2.1e+02   -0.2   0.2   171   189   227   245   220   246 0.70 -
TRINITY_DN12004_c0_g1_i1:2333-2764 -            144 442169at33208        -            349      0.01   14.0   1.8   1   4    0.0062       1.4    6.9   1.4   163   191    26    54    10    57 0.77 -
TRINITY_DN12004_c0_g1_i1:2333-2764 -            144 442169at33208        -            349      0.01   14.0   1.8   2   4   4.5e-05      0.01   14.0   1.8   159   193    51    85    48    91 0.91 -
TRINITY_DN12004_c0_g1_i1:2333-2764 -            144 442169at33208        -            349      0.01   14.0   1.8   3   4       1.5   3.5e+02   -1.0   0.0   172   193    92   113    86   120 0.85 -
TRINITY_DN12004_c0_g1_i1:2333-2764 -            144 442169at33208        -            349      0.01   14.0   1.8   4   4      0.94   2.1e+02   -0.3   0.1    12    32   119   140   110   143 0.63 -
TRINITY_DN12004_c0_g1_i2:2333-2764 -            144 442169at33208        -            349      0.01   14.0   1.8   1   4    0.0062       1.4    6.9   1.4   163   191    26    54    10    57 0.77 -
TRINITY_DN12004_c0_g1_i2:2333-2764 -            144 442169at33208        -            349      0.01   14.0   1.8   2   4   4.5e-05      0.01   14.0   1.8   159   193    51    85    48    91 0.91 -
TRINITY_DN12004_c0_g1_i2:2333-2764 -            144 442169at33208        -            349      0.01   14.0   1.8   3   4       1.5   3.5e+02   -1.0   0.0   172   193    92   113    86   120 0.85 -
TRINITY_DN12004_c0_g1_i2:2333-2764 -            144 442169at33208        -            349      0.01   14.0   1.8   4   4      0.94   2.1e+02   -0.3   0.1    12    32   119   140   110   143 0.63 -
TRINITY_DN7819_c1_g1_i10:1176-1511 -            112 442169at33208        -            349     0.075   11.1   8.1   1   3   0.00086      0.19    9.7   0.2   171   190     5    24     2    28 0.90 -
TRINITY_DN7819_c1_g1_i10:1176-1511 -            112 442169at33208        -            349     0.075   11.1   8.1   2   3      0.71   1.6e+02    0.2   0.4   172   189    34    51    30    56 0.78 -
TRINITY_DN7819_c1_g1_i10:1176-1511 -            112 442169at33208        -            349     0.075   11.1   8.1   3   3     0.022       4.9    5.1   0.2   171   198    61    88    51    97 0.76 -
TRINITY_DN7819_c1_g1_i11:1086-1421 -            112 442169at33208        -            349     0.075   11.1   8.1   1   3   0.00086      0.19    9.7   0.2   171   190     5    24     2    28 0.90 -
TRINITY_DN7819_c1_g1_i11:1086-1421 -            112 442169at33208        -            349     0.075   11.1   8.1   2   3      0.71   1.6e+02    0.2   0.4   172   189    34    51    30    56 0.78 -
TRINITY_DN7819_c1_g1_i11:1086-1421 -            112 442169at33208        -            349     0.075   11.1   8.1   3   3     0.022       4.9    5.1   0.2   171   198    61    88    51    97 0.76 -
TRINITY_DN7819_c1_g1_i6:475-810    -            112 442169at33208        -            349     0.075   11.1   8.1   1   3   0.00086      0.19    9.7   0.2   171   190     5    24     2    28 0.90 -
TRINITY_DN7819_c1_g1_i6:475-810    -            112 442169at33208        -            349     0.075   11.1   8.1   2   3      0.71   1.6e+02    0.2   0.4   172   189    34    51    30    56 0.78 -
TRINITY_DN7819_c1_g1_i6:475-810    -            112 442169at33208        -            349     0.075   11.1   8.1   3   3     0.022       4.9    5.1   0.2   171   198    61    88    51    97 0.76 -
TRINITY_DN7819_c1_g1_i7:321-656    -            112 442169at33208        -            349     0.075   11.1   8.1   1   3   0.00086      0.19    9.7   0.2   171   190     5    24     2    28 0.90 -
TRINITY_DN7819_c1_g1_i7:321-656    -            112 442169at33208        -            349     0.075   11.1   8.1   2   3      0.71   1.6e+02    0.2   0.4   172   189    34    51    30    56 0.78 -
TRINITY_DN7819_c1_g1_i7:321-656    -            112 442169at33208        -            349     0.075   11.1   8.1   3   3     0.022       4.9    5.1   0.2   171   198    61    88    51    97 0.76 -
TRINITY_DN19643_c0_g1_i1:1085-1417 -            111 442169at33208        -            349      0.15   10.1  10.5   1   4      0.02       4.5    5.3   0.6   171   197     6    30     2    33 0.75 -
TRINITY_DN19643_c0_g1_i1:1085-1417 -            111 442169at33208        -            349      0.15   10.1  10.5   2   4    0.0053       1.2    7.2   0.3   170   193    32    55    27    60 0.85 -
TRINITY_DN19643_c0_g1_i1:1085-1417 -            111 442169at33208        -            349      0.15   10.1  10.5   3   4       1.3     3e+02   -0.8   0.1   171   189    61    79    54    83 0.83 -
TRINITY_DN19643_c0_g1_i1:1085-1417 -            111 442169at33208        -            349      0.15   10.1  10.5   4   4     0.062        14    3.6   0.1   164   192    82   110    79   111 0.90 -
TRINITY_DN19643_c0_g1_i2:1085-1417 -            111 442169at33208        -            349      0.15   10.1  10.5   1   4      0.02       4.5    5.3   0.6   171   197     6    30     2    33 0.75 -
TRINITY_DN19643_c0_g1_i2:1085-1417 -            111 442169at33208        -            349      0.15   10.1  10.5   2   4    0.0053       1.2    7.2   0.3   170   193    32    55    27    60 0.85 -
TRINITY_DN19643_c0_g1_i2:1085-1417 -            111 442169at33208        -            349      0.15   10.1  10.5   3   4       1.3     3e+02   -0.8   0.1   171   189    61    79    54    83 0.83 -
TRINITY_DN19643_c0_g1_i2:1085-1417 -            111 442169at33208        -            349      0.15   10.1  10.5   4   4     0.062        14    3.6   0.1   164   192    82   110    79   111 0.90 -
TRINITY_DN190240_c0_g1_i1:34-348   -            105 442169at33208        -            349      0.21    9.6   4.6   1   3       1.2   2.7e+02   -0.6   0.2   171   189    25    43    11    45 0.83 -
TRINITY_DN190240_c0_g1_i1:34-348   -            105 442169at33208        -            349      0.21    9.6   4.6   2   3     0.036       8.1    4.4   0.1   163   189    45    71    43    74 0.86 -
TRINITY_DN190240_c0_g1_i1:34-348   -            105 442169at33208        -            349      0.21    9.6   4.6   3   3      0.01       2.3    6.2   0.1   171   191    81   101    74   104 0.90 -
TRINITY_DN23066_c0_g1_i1:346-675   -            110 442169at33208        -            349      0.24    9.4  14.6   1   4    0.0019      0.42    8.6   0.3   171   192     4    25     2    31 0.90 -
TRINITY_DN23066_c0_g1_i1:346-675   -            110 442169at33208        -            349      0.24    9.4  14.6   2   4      0.24        54    1.7   0.3   172   193    33    54    29    59 0.85 -
TRINITY_DN23066_c0_g1_i1:346-675   -            110 442169at33208        -            349      0.24    9.4  14.6   3   4    0.0073       1.6    6.7   0.7   172   193    61    82    57    87 0.88 -
TRINITY_DN23066_c0_g1_i1:346-675   -            110 442169at33208        -            349      0.24    9.4  14.6   4   4      0.36        81    1.1   0.1   172   190    89   107    85   110 0.69 -
TRINITY_DN5644_c0_g2_i2:376-1125   -            250 442169at33208        -            349      0.56    8.2  46.6   1   7      0.13        29    2.6   0.5   173   192     2    21     1    26 0.87 -
TRINITY_DN5644_c0_g2_i2:376-1125   -            250 442169at33208        -            349      0.56    8.2  46.6   2   7      0.14        32    2.4   0.2   171   191    28    48    23    54 0.86 -
TRINITY_DN5644_c0_g2_i2:376-1125   -            250 442169at33208        -            349      0.56    8.2  46.6   3   7     0.017       3.8    5.5   0.4   170   192    55    77    48    83 0.84 -
TRINITY_DN5644_c0_g2_i2:376-1125   -            250 442169at33208        -            349      0.56    8.2  46.6   4   7     0.019       4.3    5.3   2.5   171   192    84   105    78   110 0.89 -
TRINITY_DN5644_c0_g2_i2:376-1125   -            250 442169at33208        -            349      0.56    8.2  46.6   5   7     0.029       6.6    4.7   8.4   121   191   113   188   113   194 0.78 -
TRINITY_DN5644_c0_g2_i2:376-1125   -            250 442169at33208        -            349      0.56    8.2  46.6   6   7     0.095        21    3.0   0.2   171   192   196   217   191   222 0.88 -
TRINITY_DN5644_c0_g2_i2:376-1125   -            250 442169at33208        -            349      0.56    8.2  46.6   7   7      0.08        18    3.3   0.5   171   191   224   244   217   248 0.85 -
TRINITY_DN5644_c0_g1_i1:305-1006   -            234 442169at33208        -            349      0.68    8.0  39.6   1   5    0.0017      0.37    8.8   2.4   171   192    13    34     3    41 0.87 -
TRINITY_DN5644_c0_g1_i1:305-1006   -            234 442169at33208        -            349      0.68    8.0  39.6   2   5      0.26        58    1.6   2.4   168   193    66    91    60    96 0.84 -
TRINITY_DN5644_c0_g1_i1:305-1006   -            234 442169at33208        -            349      0.68    8.0  39.6   3   5     0.013       2.9    5.9   0.3   171   191    97   117    92   123 0.89 -
TRINITY_DN5644_c0_g1_i1:305-1006   -            234 442169at33208        -            349      0.68    8.0  39.6   4   5   0.00088       0.2    9.7   0.3   171   192   125   146   118   152 0.90 -
TRINITY_DN5644_c0_g1_i1:305-1006   -            234 442169at33208        -            349      0.68    8.0  39.6   5   5      0.29        66    1.4   5.7   156   192   192   230   154   233 0.71 -
TRINITY_DN5644_c0_g1_i2:365-1066   -            234 442169at33208        -            349      0.68    8.0  39.6   1   5    0.0017      0.37    8.8   2.4   171   192    13    34     3    41 0.87 -
TRINITY_DN5644_c0_g1_i2:365-1066   -            234 442169at33208        -            349      0.68    8.0  39.6   2   5      0.26        58    1.6   2.4   168   193    66    91    60    96 0.84 -
TRINITY_DN5644_c0_g1_i2:365-1066   -            234 442169at33208        -            349      0.68    8.0  39.6   3   5     0.013       2.9    5.9   0.3   171   191    97   117    92   123 0.89 -
TRINITY_DN5644_c0_g1_i2:365-1066   -            234 442169at33208        -            349      0.68    8.0  39.6   4   5   0.00088       0.2    9.7   0.3   171   192   125   146   118   152 0.90 -
TRINITY_DN5644_c0_g1_i2:365-1066   -            234 442169at33208        -            349      0.68    8.0  39.6   5   5      0.29        66    1.4   5.7   156   192   192   230   154   233 0.71 -
TRINITY_DN5644_c0_g2_i3:429-1262   -            278 442169at33208        -            349       1.1    7.2  54.9   1  10     0.023       5.2    5.0   0.2   173   193     2    22     1    27 0.89 -
TRINITY_DN5644_c0_g2_i3:429-1262   -            278 442169at33208        -            349       1.1    7.2  54.9   2  10      0.46     1e+02    0.8   0.2   172   192    29    49    25    54 0.79 -
TRINITY_DN5644_c0_g2_i3:429-1262   -            278 442169at33208        -            349       1.1    7.2  54.9   3  10     0.051        11    3.9   0.7   171   193    56    78    53    83 0.88 -
TRINITY_DN5644_c0_g2_i3:429-1262   -            278 442169at33208        -            349       1.1    7.2  54.9   4  10   0.00059      0.13   10.3   1.1   171   193    84   106    82   110 0.90 -
TRINITY_DN5644_c0_g2_i3:429-1262   -            278 442169at33208        -            349       1.1    7.2  54.9   5  10      0.23        51    1.8   1.4   171   191   112   132   109   139 0.84 -
TRINITY_DN5644_c0_g2_i3:429-1262   -            278 442169at33208        -            349       1.1    7.2  54.9   6  10     0.026       5.7    4.9   0.1   171   191   140   160   134   166 0.86 -
TRINITY_DN5644_c0_g2_i3:429-1262   -            278 442169at33208        -            349       1.1    7.2  54.9   7  10      0.05        11    3.9   0.8   171   191   168   188   162   194 0.90 -
TRINITY_DN5644_c0_g2_i3:429-1262   -            278 442169at33208        -            349       1.1    7.2  54.9   8  10     0.011       2.4    6.1   0.3   171   191   196   216   190   222 0.91 -
TRINITY_DN5644_c0_g2_i3:429-1262   -            278 442169at33208        -            349       1.1    7.2  54.9   9  10      0.12        26    2.7   0.2   171   192   224   245   221   250 0.88 -
TRINITY_DN5644_c0_g2_i3:429-1262   -            278 442169at33208        -            349       1.1    7.2  54.9  10  10     0.095        21    3.0   0.5   171   191   252   272   245   275 0.85 -
TRINITY_DN5314_c0_g1_i6:583-1485   -            301 442169at33208        -            349       1.9    6.5   7.2   1   2     0.002      0.45    8.5   0.4   166   197    21    52     5    60 0.90 -
TRINITY_DN5314_c0_g1_i6:583-1485   -            301 442169at33208        -            349       1.9    6.5   7.2   2   2      0.38        86    1.0   1.6   199   250   200   251   189   265 0.78 -
TRINITY_DN5314_c0_g1_i7:583-1485   -            301 442169at33208        -            349       1.9    6.4   7.2   1   2     0.002      0.45    8.5   0.4   166   197    21    52     5    60 0.90 -
TRINITY_DN5314_c0_g1_i7:583-1485   -            301 442169at33208        -            349       1.9    6.4   7.2   2   2      0.38        86    1.0   1.6   199   250   200   251   189   265 0.78 -
TRINITY_DN2242_c0_g1_i6:1252-1683  -            144 442169at33208        -            349       2.1    6.3  16.4   1   2      0.68   1.5e+02    0.2  10.7   109   191    27   114    22   123 0.68 -
TRINITY_DN2242_c0_g1_i6:1252-1683  -            144 442169at33208        -            349       2.1    6.3  16.4   2   2     0.039       8.8    4.3   0.2   168   190   119   141   114   144 0.81 -
TRINITY_DN6599_c0_g1_i3:3515-4309  -            265 442169at33208        -            349       2.7    6.0  30.1   1   6    0.0081       1.8    6.5   2.6   169   191    42    63    34    71 0.80 -
TRINITY_DN6599_c0_g1_i3:3515-4309  -            265 442169at33208        -            349       2.7    6.0  30.1   2   6     0.011       2.4    6.2   2.4   169   192    71    94    65   104 0.78 -
TRINITY_DN6599_c0_g1_i3:3515-4309  -            265 442169at33208        -            349       2.7    6.0  30.1   3   6      0.19        43    2.0   0.6   170   192   100   122    95   124 0.89 -
TRINITY_DN6599_c0_g1_i3:3515-4309  -            265 442169at33208        -            349       2.7    6.0  30.1   4   6     0.023         5    5.1   2.3   168   194   126   152   120   162 0.86 -
TRINITY_DN6599_c0_g1_i3:3515-4309  -            265 442169at33208        -            349       2.7    6.0  30.1   5   6       1.2   2.6e+02   -0.6   0.1   168   191   154   177   151   180 0.84 -
TRINITY_DN6599_c0_g1_i3:3515-4309  -            265 442169at33208        -            349       2.7    6.0  30.1   6   6      0.45     1e+02    0.8   0.4   162   189   233   261   212   265 0.55 -
TRINITY_DN6599_c0_g1_i5:3515-4309  -            265 442169at33208        -            349       2.7    6.0  30.1   1   6    0.0081       1.8    6.5   2.6   169   191    42    63    34    71 0.80 -
TRINITY_DN6599_c0_g1_i5:3515-4309  -            265 442169at33208        -            349       2.7    6.0  30.1   2   6     0.011       2.4    6.2   2.4   169   192    71    94    65   104 0.78 -
TRINITY_DN6599_c0_g1_i5:3515-4309  -            265 442169at33208        -            349       2.7    6.0  30.1   3   6      0.19        43    2.0   0.6   170   192   100   122    95   124 0.89 -
TRINITY_DN6599_c0_g1_i5:3515-4309  -            265 442169at33208        -            349       2.7    6.0  30.1   4   6     0.023         5    5.1   2.3   168   194   126   152   120   162 0.86 -
TRINITY_DN6599_c0_g1_i5:3515-4309  -            265 442169at33208        -            349       2.7    6.0  30.1   5   6       1.2   2.6e+02   -0.6   0.1   168   191   154   177   151   180 0.84 -
TRINITY_DN6599_c0_g1_i5:3515-4309  -            265 442169at33208        -            349       2.7    6.0  30.1   6   6      0.45     1e+02    0.8   0.4   162   189   233   261   212   265 0.55 -
#
# Program:         hmmsearch
# Version:         3.1b2 (February 2015)
# Pipeline mode:   SEARCH
# Query file:      /busco_wd/busco_downloads/lineages/metazoa_odb10/hmms/442169at33208.hmm
# Target file:     /busco_wd/BUSCO/run_metazoa_odb10/metaeuk_output/initial_results/Trinity.fasta.modified.fas
# Option settings: hmmsearch --domtblout /busco_wd/BUSCO/run_metazoa_odb10/hmmer_output/initial_run_results/442169at33208.out --cpu 1 /busco_wd/busco_downloads/lineages/metazoa_odb10/hmms/442169at33208.hmm /busco_wd/BUSCO/run_metazoa_odb10/metaeuk_output/initial_results/Trinity.fasta.modified.fas 
# Current dir:     /busco_wd
# Date:            Tue Nov 23 09:03:09 2021
# [ok]
