#                                                                                           --- full sequence --- -------------- this domain -------------   hmm coord   ali coord   env coord
# target name                       accession   tlen query name           accession   qlen   E-value  score  bias   #  of  c-Evalue  i-Evalue  score  bias  from    to  from    to  from    to  acc description of target
#               ------------------- ---------- ----- -------------------- ---------- ----- --------- ------ ----- --- --- --------- --------- ------ ----- ----- ----- ----- ----- ----- ----- ---- ---------------------
TRINITY_DN7451_c0_g1_i1:87-956      -            290 456998at33208        -            219   1.4e-64  216.8  24.4   1   2   1.4e-62   1.4e-60  203.7  22.2     8   200     3   229     1   237 0.82 -
TRINITY_DN7451_c0_g1_i1:87-956      -            290 456998at33208        -            219   1.4e-64  216.8  24.4   2   2    0.0088      0.87    8.2   0.0   200   218   263   282   246   283 0.83 -
TRINITY_DN7451_c0_g1_i3:87-956      -            290 456998at33208        -            219   4.3e-64  215.2  25.8   1   2   1.4e-62   1.4e-60  203.7  22.2     8   200     3   229     1   237 0.82 -
TRINITY_DN7451_c0_g1_i3:87-956      -            290 456998at33208        -            219   4.3e-64  215.2  25.8   2   2     0.011       1.1    7.9   0.1   200   218   263   282   254   283 0.84 -
TRINITY_DN7451_c0_g1_i5:87-956      -            290 456998at33208        -            219   4.4e-64  215.1  25.9   1   2   1.4e-62   1.4e-60  203.7  22.2     8   200     3   229     1   238 0.82 -
TRINITY_DN7451_c0_g1_i5:87-956      -            290 456998at33208        -            219   4.4e-64  215.1  25.9   2   2     0.011       1.1    7.9   0.1   200   218   263   282   254   283 0.84 -
TRINITY_DN7451_c0_g1_i2:87-956      -            290 456998at33208        -            219   7.8e-64  214.3  26.4   1   2   2.7e-62   2.7e-60  202.8  22.8     8   200     3   229     1   235 0.82 -
TRINITY_DN7451_c0_g1_i2:87-956      -            290 456998at33208        -            219   7.8e-64  214.3  26.4   2   2     0.011       1.1    7.9   0.1   200   218   263   282   253   283 0.85 -
TRINITY_DN973_c0_g1_i1:1871-2947    -            359 456998at33208        -            219   4.8e-22   77.7   0.9   1   1   8.7e-24   8.6e-22   76.9   0.9     5    67    24    89    21    96 0.92 -
TRINITY_DN973_c0_g1_i2:1820-2896    -            359 456998at33208        -            219   4.8e-22   77.7   0.9   1   1   8.7e-24   8.6e-22   76.9   0.9     5    67    24    89    21    96 0.92 -
TRINITY_DN973_c0_g1_i3:1857-2933    -            359 456998at33208        -            219   4.8e-22   77.7   0.9   1   1   8.7e-24   8.6e-22   76.9   0.9     5    67    24    89    21    96 0.92 -
TRINITY_DN973_c0_g1_i4:1834-2910    -            359 456998at33208        -            219   4.8e-22   77.7   0.9   1   1   8.7e-24   8.6e-22   76.9   0.9     5    67    24    89    21    96 0.92 -
TRINITY_DN15077_c0_g1_i2:751-1050   -            100 456998at33208        -            219   2.1e-20   72.3   0.6   1   1   2.4e-22   2.3e-20   72.2   0.6     6    67     8    72     4    89 0.88 -
TRINITY_DN15077_c0_g1_i1:811-1077   -             89 456998at33208        -            219   2.8e-20   71.9   1.2   1   1   3.1e-22   3.1e-20   71.8   1.2     5    67    16    81    12    84 0.88 -
TRINITY_DN6011_c0_g1_i11:8-1024     -            339 456998at33208        -            219   3.9e-19   68.2   0.2   1   1   6.3e-21   6.2e-19   67.5   0.2     3    67     5    71     3    74 0.90 -
TRINITY_DN6011_c0_g1_i12:1132-2187  -            352 456998at33208        -            219   4.1e-19   68.1   0.2   1   1   6.7e-21   6.6e-19   67.4   0.2     3    67     5    71     3    74 0.90 -
TRINITY_DN6011_c0_g1_i1:1130-2185   -            352 456998at33208        -            219   4.1e-19   68.1   0.2   1   1   6.7e-21   6.6e-19   67.4   0.2     3    67     5    71     3    74 0.90 -
TRINITY_DN6011_c0_g1_i4:1132-2187   -            352 456998at33208        -            219   4.1e-19   68.1   0.2   1   1   6.7e-21   6.6e-19   67.4   0.2     3    67     5    71     3    74 0.90 -
TRINITY_DN6011_c0_g1_i5:1132-2187   -            352 456998at33208        -            219   4.1e-19   68.1   0.2   1   1   6.7e-21   6.6e-19   67.4   0.2     3    67     5    71     3    74 0.90 -
TRINITY_DN5304_c0_g1_i1:1215-1409   -             65 456998at33208        -            219   4.5e-18   64.7   1.5   1   1   4.7e-20   4.6e-18   64.7   1.5    13    66    10    64     1    65 0.85 -
TRINITY_DN5304_c0_g1_i4:1221-1415   -             65 456998at33208        -            219   4.5e-18   64.7   1.5   1   1   4.7e-20   4.6e-18   64.7   1.5    13    66    10    64     1    65 0.85 -
TRINITY_DN459_c0_g1_i1:3065-3409    -            115 456998at33208        -            219   1.1e-17   63.4   1.3   1   1   1.5e-19   1.5e-17   63.0   1.3     5    65    24    87    21    92 0.92 -
TRINITY_DN459_c0_g1_i5:3064-3408    -            115 456998at33208        -            219   1.1e-17   63.4   1.3   1   1   1.5e-19   1.5e-17   63.0   1.3     5    65    24    87    21    92 0.92 -
TRINITY_DN12163_c0_g1_i1:65-1045    -            327 456998at33208        -            219   1.2e-16   60.1   0.4   1   1     2e-18   1.9e-16   59.4   0.4     6    67     3    66     1    69 0.89 -
TRINITY_DN9628_c0_g1_i1:199-1218    -            340 456998at33208        -            219   1.7e-16   59.6   0.7   1   1   2.7e-18   2.7e-16   58.9   0.7     5    67     9    73     6    76 0.89 -
TRINITY_DN712_c0_g1_i11:224-577     -            118 456998at33208        -            219   5.9e-16   57.8   1.0   1   1   6.9e-18   6.8e-16   57.6   1.0     3    67    23    89    21    97 0.91 -
TRINITY_DN712_c0_g1_i12:224-577     -            118 456998at33208        -            219   5.9e-16   57.8   1.0   1   1   6.9e-18   6.8e-16   57.6   1.0     3    67    23    89    21    97 0.91 -
TRINITY_DN712_c0_g1_i13:224-577     -            118 456998at33208        -            219   5.9e-16   57.8   1.0   1   1   6.9e-18   6.8e-16   57.6   1.0     3    67    23    89    21    97 0.91 -
TRINITY_DN712_c0_g1_i2:224-577      -            118 456998at33208        -            219   5.9e-16   57.8   1.0   1   1   6.9e-18   6.8e-16   57.6   1.0     3    67    23    89    21    97 0.91 -
TRINITY_DN712_c0_g1_i3:224-577      -            118 456998at33208        -            219   5.9e-16   57.8   1.0   1   1   6.9e-18   6.8e-16   57.6   1.0     3    67    23    89    21    97 0.91 -
TRINITY_DN8671_c0_g2_i4:141-764     -            208 456998at33208        -            219     3e-14   52.2   0.1   1   1     4e-16   3.9e-14   51.8   0.1     6    69     4    69     1    79 0.86 -
TRINITY_DN117974_c0_g1_i1:45-785    -            247 456998at33208        -            219   4.3e-14   51.7   0.3   1   1   5.9e-16   5.9e-14   51.3   0.3     8    66     2    60     1    67 0.87 -
TRINITY_DN3493_c1_g1_i11:311-1318   -            336 456998at33208        -            219     6e-14   51.2   2.4   1   1   8.3e-16   8.2e-14   50.8   2.4     6    70     2    68     1    72 0.88 -
TRINITY_DN3493_c1_g1_i12:311-1333   -            341 456998at33208        -            219   6.2e-14   51.2   2.4   1   1   8.5e-16   8.4e-14   50.8   2.4     6    70     2    68     1    72 0.88 -
TRINITY_DN3493_c1_g1_i2:311-1333    -            341 456998at33208        -            219   6.2e-14   51.2   2.4   1   1   8.5e-16   8.4e-14   50.8   2.4     6    70     2    68     1    72 0.88 -
TRINITY_DN3493_c1_g1_i6:311-1333    -            341 456998at33208        -            219   6.2e-14   51.2   2.4   1   1   8.5e-16   8.4e-14   50.8   2.4     6    70     2    68     1    72 0.88 -
TRINITY_DN3493_c1_g1_i8:311-1333    -            341 456998at33208        -            219   6.2e-14   51.2   2.4   1   1   8.5e-16   8.4e-14   50.8   2.4     6    70     2    68     1    72 0.88 -
TRINITY_DN143618_c0_g1_i1:45-2126   -            694 456998at33208        -            219   9.9e-14   50.5   0.6   1   1     1e-15   9.9e-14   50.5   0.6     8    70     5    71     3    73 0.86 -
TRINITY_DN14414_c0_g1_i3:95-424     -            110 456998at33208        -            219   1.2e-13   50.2   0.0   1   1   1.7e-15   1.7e-13   49.7   0.0     3    69     8    77     6    79 0.92 -
TRINITY_DN14414_c0_g1_i1:421-957    -            179 456998at33208        -            219   3.7e-13   48.6   0.0   1   1   5.9e-15   5.9e-13   48.0   0.0     3    69     8    77     6    79 0.92 -
TRINITY_DN14414_c0_g1_i2:158-694    -            179 456998at33208        -            219   3.7e-13   48.6   0.0   1   1   5.9e-15   5.9e-13   48.0   0.0     3    69     8    77     6    79 0.92 -
TRINITY_DN14414_c0_g1_i4:395-931    -            179 456998at33208        -            219   3.7e-13   48.6   0.0   1   1   5.9e-15   5.9e-13   48.0   0.0     3    69     8    77     6    79 0.92 -
TRINITY_DN1969_c0_g1_i2:1232-1432   -             67 456998at33208        -            219   4.8e-13   48.3   2.5   1   1   5.2e-15   5.2e-13   48.2   2.5     8    65     5    67     1    67 0.76 -
TRINITY_DN13485_c0_g1_i2:1043-1825  -            261 456998at33208        -            219   7.1e-13   47.7   0.3   1   1   1.1e-14     1e-12   47.2   0.3     6    67     3    66     1    70 0.87 -
TRINITY_DN13485_c0_g1_i10:1043-1909 -            289 456998at33208        -            219   8.7e-13   47.4   0.3   1   1   1.3e-14   1.2e-12   46.9   0.3     6    67     3    66     1    70 0.87 -
TRINITY_DN13485_c0_g1_i3:1042-1908  -            289 456998at33208        -            219   8.7e-13   47.4   0.3   1   1   1.3e-14   1.2e-12   46.9   0.3     6    67     3    66     1    70 0.87 -
TRINITY_DN6390_c0_g1_i1:199-1656    -            486 456998at33208        -            219   7.4e-12   44.4   0.4   1   1   7.5e-14   7.4e-12   44.4   0.4    16    69     4    56     2    59 0.94 -
TRINITY_DN1245_c0_g1_i10:1299-1592  -             98 456998at33208        -            219   7.9e-12   44.3   2.8   1   1   9.2e-14   9.1e-12   44.1   2.8     6    66     2    67     1    75 0.86 -
TRINITY_DN1245_c0_g1_i15:1299-1592  -             98 456998at33208        -            219   7.9e-12   44.3   2.8   1   1   9.2e-14   9.1e-12   44.1   2.8     6    66     2    67     1    75 0.86 -
TRINITY_DN1245_c0_g1_i3:1299-1592   -             98 456998at33208        -            219   7.9e-12   44.3   2.8   1   1   9.2e-14   9.1e-12   44.1   2.8     6    66     2    67     1    75 0.86 -
TRINITY_DN1245_c0_g1_i5:1299-1592   -             98 456998at33208        -            219   7.9e-12   44.3   2.8   1   1   9.2e-14   9.1e-12   44.1   2.8     6    66     2    67     1    75 0.86 -
TRINITY_DN1245_c0_g1_i6:1299-1592   -             98 456998at33208        -            219   7.9e-12   44.3   2.8   1   1   9.2e-14   9.1e-12   44.1   2.8     6    66     2    67     1    75 0.86 -
TRINITY_DN1245_c0_g1_i9:1299-1592   -             98 456998at33208        -            219   7.9e-12   44.3   2.8   1   1   9.2e-14   9.1e-12   44.1   2.8     6    66     2    67     1    75 0.86 -
TRINITY_DN8671_c0_g2_i2:156-311     -             52 456998at33208        -            219   1.9e-11   43.1   0.1   1   1   1.9e-13   1.9e-11   43.1   0.1    11    57     7    52     1    52 0.88 -
TRINITY_DN8590_c0_g1_i1:171-512     -            114 456998at33208        -            219   3.5e-11   42.2   3.4   1   1     4e-13   3.9e-11   42.0   3.4     6    75     2    70     1    88 0.82 -
TRINITY_DN10292_c0_g1_i1:531-716    -             62 456998at33208        -            219   1.4e-10   40.3   0.1   1   1   1.4e-12   1.4e-10   40.2   0.1     7    65     4    62     1    62 0.85 -
TRINITY_DN5037_c0_g1_i2:46-795      -            250 456998at33208        -            219   2.8e-10   39.2   0.1   1   1   2.9e-12   2.8e-10   39.2   0.1    12    66    26    82    15    85 0.84 -
TRINITY_DN5037_c0_g1_i3:46-795      -            250 456998at33208        -            219   2.8e-10   39.2   0.1   1   1   2.9e-12   2.8e-10   39.2   0.1    12    66    26    82    15    85 0.84 -
TRINITY_DN5037_c0_g1_i4:46-795      -            250 456998at33208        -            219   2.8e-10   39.2   0.1   1   1   2.9e-12   2.8e-10   39.2   0.1    12    66    26    82    15    85 0.84 -
TRINITY_DN5037_c0_g1_i5:46-795      -            250 456998at33208        -            219   2.8e-10   39.2   0.1   1   1   2.9e-12   2.8e-10   39.2   0.1    12    66    26    82    15    85 0.84 -
TRINITY_DN9465_c0_g1_i1:43-696      -            218 456998at33208        -            219   3.8e-10   38.8   7.4   1   1   1.5e-11   1.5e-09   36.9   7.4     6   100     5   105     2   124 0.72 -
TRINITY_DN1259_c0_g1_i1:406-1506    -            367 456998at33208        -            219   1.1e-09   37.3   0.1   1   1   1.9e-11   1.8e-09   36.6   0.1     7    66     1    61     1    64 0.89 -
TRINITY_DN1259_c0_g1_i2:600-1700    -            367 456998at33208        -            219   1.1e-09   37.3   0.1   1   1   1.9e-11   1.8e-09   36.6   0.1     7    66     1    61     1    64 0.89 -
TRINITY_DN1259_c0_g1_i3:623-1723    -            367 456998at33208        -            219   1.1e-09   37.3   0.1   1   1   1.9e-11   1.8e-09   36.6   0.1     7    66     1    61     1    64 0.89 -
TRINITY_DN1259_c0_g1_i5:383-1483    -            367 456998at33208        -            219   1.1e-09   37.3   0.1   1   1   1.9e-11   1.8e-09   36.6   0.1     7    66     1    61     1    64 0.89 -
TRINITY_DN6459_c1_g2_i2:0-2882      -            961 456998at33208        -            219     4e-08   32.2   0.1   1   1   9.3e-10   9.2e-08   31.0   0.1    12    64    38    87    29    89 0.88 -
TRINITY_DN6244_c0_g1_i1:393-554     -             54 456998at33208        -            219   4.8e-08   31.9   0.1   1   1     5e-10     5e-08   31.9   0.1    10    56     4    54     1    54 0.84 -
TRINITY_DN6244_c0_g1_i2:393-554     -             54 456998at33208        -            219   4.8e-08   31.9   0.1   1   1     5e-10     5e-08   31.9   0.1    10    56     4    54     1    54 0.84 -
TRINITY_DN6244_c0_g1_i3:393-554     -             54 456998at33208        -            219   4.8e-08   31.9   0.1   1   1     5e-10     5e-08   31.9   0.1    10    56     4    54     1    54 0.84 -
TRINITY_DN11502_c0_g1_i1:216-1271   -            352 456998at33208        -            219     6e-08   31.6   0.4   1   1   9.5e-10   9.4e-08   31.0   0.4     6    59   283   338   277   350 0.79 -
TRINITY_DN6459_c1_g2_i5:198-6128    -           1977 456998at33208        -            219   2.1e-07   29.8   0.1   1   1   2.1e-09   2.1e-07   29.8   0.1    12    64  1294  1343  1285  1345 0.88 -
TRINITY_DN18653_c0_g1_i1:229-411    -             61 456998at33208        -            219   3.6e-07   29.0   0.2   1   1   3.8e-09   3.8e-07   29.0   0.2    10    65     3    61     1    61 0.90 -
TRINITY_DN1754_c0_g1_i2:708-902     -             65 456998at33208        -            219   5.3e-06   25.2   0.1   1   1   5.6e-08   5.6e-06   25.2   0.1     6    51    14    61     9    65 0.79 -
TRINITY_DN1754_c0_g1_i4:720-914     -             65 456998at33208        -            219   5.3e-06   25.2   0.1   1   1   5.6e-08   5.6e-06   25.2   0.1     6    51    14    61     9    65 0.79 -
TRINITY_DN2648_c0_g1_i1:457-732     -             92 456998at33208        -            219   7.3e-06   24.8   0.0   1   1   9.5e-08   9.4e-06   24.4   0.0     5    66     7    64     3    75 0.89 -
TRINITY_DN2648_c0_g1_i2:457-732     -             92 456998at33208        -            219   7.3e-06   24.8   0.0   1   1   9.5e-08   9.4e-06   24.4   0.0     5    66     7    64     3    75 0.89 -
TRINITY_DN1379_c0_g1_i2:106-1944    -            613 456998at33208        -            219   7.9e-05   21.4   0.4   1   4       7.1   7.1e+02   -1.3   0.0   165   190    39    64    21    90 0.80 -
TRINITY_DN1379_c0_g1_i2:106-1944    -            613 456998at33208        -            219   7.9e-05   21.4   0.4   2   4       5.3   5.3e+02   -0.9   0.0   146   185   118   163   114   183 0.69 -
TRINITY_DN1379_c0_g1_i2:106-1944    -            613 456998at33208        -            219   7.9e-05   21.4   0.4   3   4    0.0004      0.04   12.6   0.0   142   199   300   360   293   380 0.76 -
TRINITY_DN1379_c0_g1_i2:106-1944    -            613 456998at33208        -            219   7.9e-05   21.4   0.4   4   4      0.18        18    3.9   0.1   146   205   511   581   460   594 0.70 -
TRINITY_DN1996_c0_g1_i1:309-944     -            212 456998at33208        -            219   0.00025   19.8   0.2   1   3   5.1e-05     0.005   15.5   0.0   137   210    14    93     4   107 0.78 -
TRINITY_DN1996_c0_g1_i1:309-944     -            212 456998at33208        -            219   0.00025   19.8   0.2   2   3       8.3   8.2e+02   -1.5   0.1    59    77   102   119    97   121 0.70 -
TRINITY_DN1996_c0_g1_i1:309-944     -            212 456998at33208        -            219   0.00025   19.8   0.2   3   3      0.97        96    1.5   0.0   147   185   166   206   159   211 0.70 -
TRINITY_DN1996_c0_g1_i2:233-868     -            212 456998at33208        -            219   0.00025   19.8   0.2   1   3   5.1e-05     0.005   15.5   0.0   137   210    14    93     4   107 0.78 -
TRINITY_DN1996_c0_g1_i2:233-868     -            212 456998at33208        -            219   0.00025   19.8   0.2   2   3       8.3   8.2e+02   -1.5   0.1    59    77   102   119    97   121 0.70 -
TRINITY_DN1996_c0_g1_i2:233-868     -            212 456998at33208        -            219   0.00025   19.8   0.2   3   3      0.97        96    1.5   0.0   147   185   166   206   159   211 0.70 -
TRINITY_DN1996_c0_g1_i4:194-829     -            212 456998at33208        -            219   0.00025   19.8   0.2   1   3   5.1e-05     0.005   15.5   0.0   137   210    14    93     4   107 0.78 -
TRINITY_DN1996_c0_g1_i4:194-829     -            212 456998at33208        -            219   0.00025   19.8   0.2   2   3       8.3   8.2e+02   -1.5   0.1    59    77   102   119    97   121 0.70 -
TRINITY_DN1996_c0_g1_i4:194-829     -            212 456998at33208        -            219   0.00025   19.8   0.2   3   3      0.97        96    1.5   0.0   147   185   166   206   159   211 0.70 -
TRINITY_DN3461_c0_g1_i11:266-949    -            228 456998at33208        -            219    0.0009   18.0  31.3   1   2      0.35        35    3.0   0.0    90   115     5    29     2    38 0.79 -
TRINITY_DN3461_c0_g1_i11:266-949    -            228 456998at33208        -            219    0.0009   18.0  31.3   2   2    0.0005      0.05   12.3  28.7     6    87    31   117    26   215 0.72 -
TRINITY_DN3461_c0_g1_i8:71-814      -            248 456998at33208        -            219    0.0015   17.3  34.7   1   2     0.042       4.2    6.0   0.1    83   115    15    49     1    59 0.68 -
TRINITY_DN3461_c0_g1_i8:71-814      -            248 456998at33208        -            219    0.0015   17.3  34.7   2   2   0.00065     0.064   11.9  28.8    15    87    63   137    47   236 0.73 -
TRINITY_DN3461_c0_g1_i2:71-814      -            248 456998at33208        -            219    0.0021   16.8  34.9   1   2     0.044       4.3    5.9   0.1    83   115    15    49     1    58 0.68 -
TRINITY_DN3461_c0_g1_i2:71-814      -            248 456998at33208        -            219    0.0021   16.8  34.9   2   2   0.00089     0.088   11.4  28.9    15    87    63   137    47   236 0.72 -
TRINITY_DN3461_c0_g1_i5:71-814      -            248 456998at33208        -            219    0.0021   16.8  34.9   1   2     0.044       4.3    5.9   0.1    83   115    15    49     1    58 0.68 -
TRINITY_DN3461_c0_g1_i5:71-814      -            248 456998at33208        -            219    0.0021   16.8  34.9   2   2   0.00089     0.088   11.4  28.9    15    87    63   137    47   236 0.72 -
TRINITY_DN48537_c0_g1_i2:338-2311   -            482 456998at33208        -            219    0.0047   15.6   0.1   1   1   0.00012     0.012   14.3   0.1   141   201   241   305   238   315 0.72 -
TRINITY_DN48537_c0_g1_i3:338-1783   -            482 456998at33208        -            219    0.0047   15.6   0.1   1   1   0.00012     0.012   14.3   0.1   141   201   241   305   238   315 0.72 -
TRINITY_DN27189_c0_g1_i1:139-369    -             77 456998at33208        -            219     0.018   13.7   0.0   1   1    0.0002      0.02   13.6   0.0   145   188    12    62     5    70 0.70 -
TRINITY_DN273_c0_g1_i10:1035-2093   -            353 456998at33208        -            219     0.019   13.6   0.0   1   1    0.0004      0.04   12.6   0.0   134   190   196   253   174   262 0.81 -
TRINITY_DN273_c0_g1_i15:1035-2093   -            353 456998at33208        -            219     0.019   13.6   0.0   1   1    0.0004      0.04   12.6   0.0   134   190   196   253   174   262 0.81 -
TRINITY_DN273_c0_g1_i1:282-1340     -            353 456998at33208        -            219     0.019   13.6   0.0   1   1    0.0004      0.04   12.6   0.0   134   190   196   253   174   262 0.81 -
TRINITY_DN273_c0_g1_i3:1035-2093    -            353 456998at33208        -            219     0.019   13.6   0.0   1   1    0.0004      0.04   12.6   0.0   134   190   196   253   174   262 0.81 -
TRINITY_DN273_c0_g1_i6:1046-2104    -            353 456998at33208        -            219     0.019   13.6   0.0   1   1    0.0004      0.04   12.6   0.0   134   190   196   253   174   262 0.81 -
TRINITY_DN273_c0_g1_i8:1047-2105    -            353 456998at33208        -            219     0.019   13.6   0.0   1   1    0.0004      0.04   12.6   0.0   134   190   196   253   174   262 0.81 -
TRINITY_DN138_c0_g1_i1:274-537      -             88 456998at33208        -            219     0.026   13.2   0.0   1   1   0.00031      0.03   13.0   0.0   140   189    17    76    12    87 0.69 -
TRINITY_DN138_c0_g1_i6:262-525      -             88 456998at33208        -            219     0.026   13.2   0.0   1   1   0.00031      0.03   13.0   0.0   140   189    17    76    12    87 0.69 -
TRINITY_DN138_c0_g1_i8:520-795      -             92 456998at33208        -            219     0.038   12.6   0.0   1   1   0.00045     0.044   12.4   0.0   139   189    20    80    16    91 0.70 -
TRINITY_DN96613_c0_g1_i1:7-270      -             88 456998at33208        -            219     0.059   12.0   0.0   1   1   0.00071      0.07   11.8   0.0   146   188    16    57    12    67 0.83 -
#
# Program:         hmmsearch
# Version:         3.1b2 (February 2015)
# Pipeline mode:   SEARCH
# Query file:      /busco_wd/busco_downloads/lineages/metazoa_odb10/hmms/456998at33208.hmm
# Target file:     /busco_wd/BUSCO/run_metazoa_odb10/metaeuk_output/initial_results/Trinity.fasta.modified.fas
# Option settings: hmmsearch --domtblout /busco_wd/BUSCO/run_metazoa_odb10/hmmer_output/initial_run_results/456998at33208.out --cpu 1 /busco_wd/busco_downloads/lineages/metazoa_odb10/hmms/456998at33208.hmm /busco_wd/BUSCO/run_metazoa_odb10/metaeuk_output/initial_results/Trinity.fasta.modified.fas 
# Current dir:     /busco_wd
# Date:            Tue Nov 23 09:03:24 2021
# [ok]
