#                                                                                          --- full sequence --- -------------- this domain -------------   hmm coord   ali coord   env coord
# target name                      accession   tlen query name           accession   qlen   E-value  score  bias   #  of  c-Evalue  i-Evalue  score  bias  from    to  from    to  from    to  acc description of target
#              ------------------- ---------- ----- -------------------- ---------- ----- --------- ------ ----- --- --- --------- --------- ------ ----- ----- ----- ----- ----- ----- ----- ---- ---------------------
TRINITY_DN39940_c0_g1_i2:243-1151  -            303 465401at33208        -            212   2.2e-77  258.4   5.1   1   2       6.6   8.9e+02   -1.7   0.0     1    24    39    64    39    67 0.77 -
TRINITY_DN39940_c0_g1_i2:243-1151  -            303 465401at33208        -            212   2.2e-77  258.4   5.1   2   2   3.3e-79   4.4e-77  257.4   4.4    14   212    84   303    74   303 0.89 -
TRINITY_DN6588_c0_g1_i10:950-1504  -            185 465401at33208        -            212   6.7e-32  109.8   0.2   1   1   5.6e-34   7.5e-32  109.6   0.2    20   162     3   152     1   176 0.87 -
TRINITY_DN6588_c0_g1_i1:950-1504   -            185 465401at33208        -            212   6.7e-32  109.8   0.2   1   1   5.6e-34   7.5e-32  109.6   0.2    20   162     3   152     1   176 0.87 -
TRINITY_DN6588_c0_g1_i3:496-1050   -            185 465401at33208        -            212   6.7e-32  109.8   0.2   1   1   5.6e-34   7.5e-32  109.6   0.2    20   162     3   152     1   176 0.87 -
TRINITY_DN6588_c0_g1_i6:950-1504   -            185 465401at33208        -            212   6.7e-32  109.8   0.2   1   1   5.6e-34   7.5e-32  109.6   0.2    20   162     3   152     1   176 0.87 -
TRINITY_DN39940_c0_g1_i1:240-485   -             82 465401at33208        -            212     3e-23   81.5   3.4   1   1   4.8e-25   6.5e-23   80.4   3.4   147   212     2    81     1    81 0.81 -
TRINITY_DN39940_c0_g1_i3:240-479   -             80 465401at33208        -            212   8.6e-23   80.0   3.8   1   1   1.4e-24   1.9e-22   78.9   3.8   148   212     1    79     1    79 0.82 -
TRINITY_DN39940_c0_g1_i4:240-479   -             80 465401at33208        -            212   8.6e-23   80.0   3.8   1   1   1.4e-24   1.9e-22   78.9   3.8   148   212     1    79     1    79 0.82 -
TRINITY_DN8599_c0_g1_i1:519-1253   -            245 465401at33208        -            212   2.1e-21   75.5   0.2   1   1   2.3e-23   3.1e-21   75.0   0.2     8   192    42   235    37   241 0.81 -
TRINITY_DN6452_c0_g1_i1:242-955    -            238 465401at33208        -            212   5.1e-20   71.0   0.0   1   1   5.7e-22   7.7e-20   70.4   0.0    21   164    87   238    68   238 0.84 -
TRINITY_DN6452_c0_g1_i2:242-955    -            238 465401at33208        -            212   5.1e-20   71.0   0.0   1   1   5.7e-22   7.7e-20   70.4   0.0    21   164    87   238    68   238 0.84 -
TRINITY_DN6452_c0_g1_i3:242-955    -            238 465401at33208        -            212   5.1e-20   71.0   0.0   1   1   5.7e-22   7.7e-20   70.4   0.0    21   164    87   238    68   238 0.84 -
TRINITY_DN6452_c0_g1_i4:242-955    -            238 465401at33208        -            212   5.1e-20   71.0   0.0   1   1   5.7e-22   7.7e-20   70.4   0.0    21   164    87   238    68   238 0.84 -
TRINITY_DN6452_c0_g1_i5:242-955    -            238 465401at33208        -            212   5.1e-20   71.0   0.0   1   1   5.7e-22   7.7e-20   70.4   0.0    21   164    87   238    68   238 0.84 -
TRINITY_DN65903_c0_g1_i1:163-774   -            204 465401at33208        -            212   9.4e-20   70.1   1.0   1   1   9.3e-22   1.3e-19   69.7   1.0    15   164    48   204    38   204 0.82 -
TRINITY_DN1080_c0_g1_i9:78-773     -            232 465401at33208        -            212   6.8e-18   64.0   0.0   1   2       4.4     6e+02   -1.1   0.0     2    20     6    26     5    37 0.77 -
TRINITY_DN1080_c0_g1_i9:78-773     -            232 465401at33208        -            212   6.8e-18   64.0   0.0   2   2   1.4e-19   1.9e-17   62.6   0.1    13   164    50   211    42   232 0.80 -
TRINITY_DN18434_c0_g1_i6:222-947   -            242 465401at33208        -            212   1.1e-17   63.4   0.3   1   2       4.5     6e+02   -1.1   0.0     2    22     1    23     1    32 0.73 -
TRINITY_DN18434_c0_g1_i6:222-947   -            242 465401at33208        -            212   1.1e-17   63.4   0.3   2   2   2.2e-19     3e-17   61.9   0.2    14   192    47   236    37   241 0.81 -
TRINITY_DN18434_c0_g1_i13:222-947  -            242 465401at33208        -            212   1.6e-17   62.8   0.3   1   2       4.5     6e+02   -1.1   0.0     2    22     1    23     1    32 0.73 -
TRINITY_DN18434_c0_g1_i13:222-947  -            242 465401at33208        -            212   1.6e-17   62.8   0.3   2   2   3.4e-19   4.6e-17   61.3   0.2    14   192    47   236    37   241 0.81 -
TRINITY_DN18434_c0_g1_i16:222-947  -            242 465401at33208        -            212   1.6e-17   62.8   0.3   1   2       4.5     6e+02   -1.1   0.0     2    22     1    23     1    32 0.73 -
TRINITY_DN18434_c0_g1_i16:222-947  -            242 465401at33208        -            212   1.6e-17   62.8   0.3   2   2   3.4e-19   4.6e-17   61.3   0.2    14   192    47   236    37   241 0.81 -
TRINITY_DN18434_c0_g1_i1:222-947   -            242 465401at33208        -            212   1.6e-17   62.8   0.3   1   2       4.5     6e+02   -1.1   0.0     2    22     1    23     1    32 0.73 -
TRINITY_DN18434_c0_g1_i1:222-947   -            242 465401at33208        -            212   1.6e-17   62.8   0.3   2   2   3.4e-19   4.6e-17   61.3   0.2    14   192    47   236    37   241 0.81 -
TRINITY_DN18434_c0_g1_i7:222-947   -            242 465401at33208        -            212   1.6e-17   62.8   0.3   1   2       4.5     6e+02   -1.1   0.0     2    22     1    23     1    32 0.73 -
TRINITY_DN18434_c0_g1_i7:222-947   -            242 465401at33208        -            212   1.6e-17   62.8   0.3   2   2   3.4e-19   4.6e-17   61.3   0.2    14   192    47   236    37   241 0.81 -
TRINITY_DN1080_c0_g1_i11:651-1346  -            232 465401at33208        -            212   2.2e-17   62.4   0.0   1   2       4.4     6e+02   -1.1   0.0     2    20     6    26     5    37 0.77 -
TRINITY_DN1080_c0_g1_i11:651-1346  -            232 465401at33208        -            212   2.2e-17   62.4   0.0   2   2   4.5e-19   6.1e-17   60.9   0.1    13   164    50   211    42   232 0.80 -
TRINITY_DN1080_c0_g1_i3:651-1346   -            232 465401at33208        -            212   2.2e-17   62.4   0.0   1   2       4.4     6e+02   -1.1   0.0     2    20     6    26     5    37 0.77 -
TRINITY_DN1080_c0_g1_i3:651-1346   -            232 465401at33208        -            212   2.2e-17   62.4   0.0   2   2   4.5e-19   6.1e-17   60.9   0.1    13   164    50   211    42   232 0.80 -
TRINITY_DN1080_c0_g1_i5:651-1346   -            232 465401at33208        -            212   2.2e-17   62.4   0.0   1   2       4.4     6e+02   -1.1   0.0     2    20     6    26     5    37 0.77 -
TRINITY_DN1080_c0_g1_i5:651-1346   -            232 465401at33208        -            212   2.2e-17   62.4   0.0   2   2   4.5e-19   6.1e-17   60.9   0.1    13   164    50   211    42   232 0.80 -
TRINITY_DN1080_c0_g1_i2:663-1274   -            204 465401at33208        -            212     6e-17   61.0   0.0   1   2       3.7     5e+02   -0.9   0.0     2    20     6    26     5    37 0.77 -
TRINITY_DN1080_c0_g1_i2:663-1274   -            204 465401at33208        -            212     6e-17   61.0   0.0   2   2   1.4e-18   1.9e-16   59.3   0.1    13   150    50   197    42   204 0.83 -
TRINITY_DN1080_c0_g1_i8:663-1274   -            204 465401at33208        -            212     6e-17   61.0   0.0   1   2       3.7     5e+02   -0.9   0.0     2    20     6    26     5    37 0.77 -
TRINITY_DN1080_c0_g1_i8:663-1274   -            204 465401at33208        -            212     6e-17   61.0   0.0   2   2   1.4e-18   1.9e-16   59.3   0.1    13   150    50   197    42   204 0.83 -
TRINITY_DN12999_c0_g1_i1:231-1037  -            269 465401at33208        -            212   1.2e-16   60.0   0.0   1   1   1.4e-18   1.9e-16   59.3   0.0    18   176    93   259    78   269 0.79 -
TRINITY_DN51580_c0_g1_i2:314-919   -            202 465401at33208        -            212   1.2e-16   59.9   0.0   1   1   1.1e-18   1.4e-16   59.7   0.0    17   179    25   199    11   202 0.81 -
TRINITY_DN21831_c0_g1_i1:229-963   -            245 465401at33208        -            212   1.7e-16   59.5   0.2   1   2         3     4e+02   -0.6   0.0     2    37     4    38     2    56 0.67 -
TRINITY_DN21831_c0_g1_i1:229-963   -            245 465401at33208        -            212   1.7e-16   59.5   0.2   2   2   3.7e-18   4.9e-16   58.0   0.1     7   174    60   236    52   245 0.73 -
TRINITY_DN21831_c0_g1_i2:229-963   -            245 465401at33208        -            212   1.7e-16   59.5   0.2   1   2         3     4e+02   -0.6   0.0     2    37     4    38     2    56 0.67 -
TRINITY_DN21831_c0_g1_i2:229-963   -            245 465401at33208        -            212   1.7e-16   59.5   0.2   2   2   3.7e-18   4.9e-16   58.0   0.1     7   174    60   236    52   245 0.73 -
TRINITY_DN1080_c0_g1_i17:651-1262  -            204 465401at33208        -            212   1.9e-16   59.3   0.0   1   2       3.7     5e+02   -0.9   0.0     2    20     6    26     5    37 0.77 -
TRINITY_DN1080_c0_g1_i17:651-1262  -            204 465401at33208        -            212   1.9e-16   59.3   0.0   2   2   4.5e-18   6.1e-16   57.7   0.1    13   150    50   197    42   204 0.83 -
TRINITY_DN1080_c0_g1_i13:33-620    -            196 465401at33208        -            212   4.4e-16   58.1   0.0   1   2       3.5   4.7e+02   -0.8   0.0     2    20     6    26     5    37 0.77 -
TRINITY_DN1080_c0_g1_i13:33-620    -            196 465401at33208        -            212   4.4e-16   58.1   0.0   2   2   1.1e-17   1.5e-15   56.4   0.1    13   148    50   195    42   196 0.84 -
TRINITY_DN19787_c1_g1_i1:1449-2270 -            274 465401at33208        -            212   8.8e-15   53.9   3.1   1   3       8.6   1.2e+03   -2.1   0.0     2    19    14    33    13    42 0.70 -
TRINITY_DN19787_c1_g1_i1:1449-2270 -            274 465401at33208        -            212   8.8e-15   53.9   3.1   2   3   7.2e-06   0.00097   17.8   0.1    16    81    62   128    50   131 0.79 -
TRINITY_DN19787_c1_g1_i1:1449-2270 -            274 465401at33208        -            212   8.8e-15   53.9   3.1   3   3   1.7e-11   2.3e-09   36.1   0.2    76   199   144   270   140   273 0.80 -
TRINITY_DN19787_c1_g1_i2:74-895    -            274 465401at33208        -            212     1e-14   53.6   3.2   1   3       8.6   1.2e+03   -2.1   0.0     2    19    14    33    13    42 0.70 -
TRINITY_DN19787_c1_g1_i2:74-895    -            274 465401at33208        -            212     1e-14   53.6   3.2   2   3     8e-06    0.0011   17.6   0.1    16    81    62   128    50   131 0.79 -
TRINITY_DN19787_c1_g1_i2:74-895    -            274 465401at33208        -            212     1e-14   53.6   3.2   3   3   1.7e-11   2.3e-09   36.1   0.2    76   199   144   270   140   273 0.80 -
TRINITY_DN141579_c0_g1_i1:442-1101 -            220 465401at33208        -            212   1.2e-14   53.5   0.1   1   1   1.1e-16   1.5e-14   53.1   0.1    27   157    71   213    48   220 0.75 -
TRINITY_DN70898_c0_g1_i1:300-1070  -            257 465401at33208        -            212   2.1e-14   52.7   2.0   1   1   1.5e-16   2.1e-14   52.7   2.0    19   165    53   212    38   245 0.80 -
TRINITY_DN1080_c1_g1_i1:99-815     -            239 465401at33208        -            212     2e-12   46.2   0.0   1   2       2.8   3.8e+02   -0.5   0.0     2    20     3    23     2    34 0.75 -
TRINITY_DN1080_c1_g1_i1:99-815     -            239 465401at33208        -            212     2e-12   46.2   0.0   2   2   5.5e-14   7.4e-12   44.3   0.0    18   189    53   235    39   239 0.75 -
TRINITY_DN93748_c0_g1_i1:184-750   -            189 465401at33208        -            212   2.4e-12   45.9   0.2   1   2      0.75     1e+02    1.4   0.0     2    42     3    42     2    76 0.73 -
TRINITY_DN93748_c0_g1_i1:184-750   -            189 465401at33208        -            212   2.4e-12   45.9   0.2   2   2   1.2e-13   1.6e-11   43.2   0.1    22   126    74   188    55   189 0.86 -
TRINITY_DN14834_c0_g1_i1:420-995   -            192 465401at33208        -            212   6.1e-12   44.6   0.3   1   1   6.5e-14   8.8e-12   44.1   0.3    28   150    63   191    45   192 0.82 -
TRINITY_DN14834_c0_g1_i2:420-995   -            192 465401at33208        -            212   6.1e-12   44.6   0.3   1   1   6.5e-14   8.8e-12   44.1   0.3    28   150    63   191    45   192 0.82 -
TRINITY_DN12029_c0_g1_i2:398-1096  -            233 465401at33208        -            212   3.2e-11   42.2   0.0   1   1     3e-13     4e-11   41.9   0.0    11   169    43   212    36   233 0.74 -
TRINITY_DN12029_c0_g1_i10:411-1040 -            210 465401at33208        -            212   6.6e-11   41.2   0.0   1   1   6.8e-13   9.1e-11   40.7   0.0    11   157    49   199    38   205 0.79 -
TRINITY_DN12029_c0_g1_i6:411-1040  -            210 465401at33208        -            212   6.6e-11   41.2   0.0   1   1   6.8e-13   9.1e-11   40.7   0.0    11   157    49   199    38   205 0.79 -
TRINITY_DN12029_c0_g1_i9:569-1198  -            210 465401at33208        -            212   6.6e-11   41.2   0.0   1   1   6.8e-13   9.1e-11   40.7   0.0    11   157    49   199    38   205 0.79 -
TRINITY_DN26035_c0_g1_i1:292-879   -            196 465401at33208        -            212   1.7e-10   39.9   0.1   1   2       2.2     3e+02   -0.1   0.0     2    20     7    27     6    38 0.76 -
TRINITY_DN26035_c0_g1_i1:292-879   -            196 465401at33208        -            212   1.7e-10   39.9   0.1   2   2   5.9e-12   7.9e-10   37.7   0.1    17   148    55   196    43   196 0.77 -
TRINITY_DN21992_c0_g1_i1:493-1203  -            237 465401at33208        -            212   1.8e-09   36.5   0.2   1   2   7.4e-10     1e-07   30.8   0.0    25    96    66   141    53   146 0.83 -
TRINITY_DN21992_c0_g1_i1:493-1203  -            237 465401at33208        -            212   1.8e-09   36.5   0.2   2   2     0.042       5.7    5.5   0.0   107   154   134   181   132   195 0.83 -
TRINITY_DN17049_c0_g1_i3:74-790    -            239 465401at33208        -            212   2.3e-08   32.9   0.0   1   1   2.3e-10     3e-08   32.5   0.0    17   182    59   239    45   239 0.77 -
TRINITY_DN17049_c0_g1_i5:74-790    -            239 465401at33208        -            212   2.3e-08   32.9   0.0   1   1   2.3e-10     3e-08   32.5   0.0    17   182    59   239    45   239 0.77 -
TRINITY_DN14453_c0_g1_i4:740-1315  -            192 465401at33208        -            212   8.9e-08   31.0   0.4   1   1     1e-09   1.4e-07   30.4   0.3    27    94   119   190    94   192 0.80 -
TRINITY_DN14453_c0_g1_i5:1309-1884 -            192 465401at33208        -            212   8.9e-08   31.0   0.4   1   1     1e-09   1.4e-07   30.4   0.3    27    94   119   190    94   192 0.80 -
TRINITY_DN14453_c0_g1_i6:927-1502  -            192 465401at33208        -            212   8.9e-08   31.0   0.4   1   1     1e-09   1.4e-07   30.4   0.3    27    94   119   190    94   192 0.80 -
TRINITY_DN14453_c0_g1_i7:1296-1871 -            192 465401at33208        -            212   8.9e-08   31.0   0.4   1   1     1e-09   1.4e-07   30.4   0.3    27    94   119   190    94   192 0.80 -
TRINITY_DN17049_c0_g1_i1:170-820   -            217 465401at33208        -            212   2.5e-07   29.5   0.0   1   1   2.4e-09   3.2e-07   29.2   0.0    17   152    68   212    55   217 0.84 -
TRINITY_DN2701_c0_g1_i2:313-1017   -            235 465401at33208        -            212   4.1e-06   25.5   0.1   1   2     3e-06   0.00041   19.0   0.0    48    92    91   140    64   147 0.76 -
TRINITY_DN2701_c0_g1_i2:313-1017   -            235 465401at33208        -            212   4.1e-06   25.5   0.1   2   2      0.09        12    4.4   0.0   122   164   152   197   147   232 0.82 -
TRINITY_DN2701_c0_g1_i5:1155-1859  -            235 465401at33208        -            212   4.1e-06   25.5   0.1   1   2     3e-06   0.00041   19.0   0.0    48    92    91   140    64   147 0.76 -
TRINITY_DN2701_c0_g1_i5:1155-1859  -            235 465401at33208        -            212   4.1e-06   25.5   0.1   2   2      0.09        12    4.4   0.0   122   164   152   197   147   232 0.82 -
TRINITY_DN2701_c0_g1_i8:1155-1859  -            235 465401at33208        -            212   1.6e-05   23.6   0.1   1   2     7e-06   0.00094   17.8   0.0    48    92    91   140    69   148 0.76 -
TRINITY_DN2701_c0_g1_i8:1155-1859  -            235 465401at33208        -            212   1.6e-05   23.6   0.1   2   2      0.17        23    3.5   0.0   122   165   152   198   147   232 0.81 -
TRINITY_DN5320_c0_g1_i1:363-938    -            192 465401at33208        -            212     2e-05   23.3   0.4   1   3       2.7   3.7e+02   -0.4   0.0     4    24    10    32     7    67 0.53 -
TRINITY_DN5320_c0_g1_i1:363-938    -            192 465401at33208        -            212     2e-05   23.3   0.4   2   3   3.5e-05    0.0047   15.5   0.3    42    94    80   138    42   143 0.69 -
TRINITY_DN5320_c0_g1_i1:363-938    -            192 465401at33208        -            212     2e-05   23.3   0.4   3   3     0.041       5.6    5.5   0.0   120   163   146   192   131   192 0.77 -
TRINITY_DN5320_c0_g1_i2:104-718    -            205 465401at33208        -            212   2.7e-05   22.9   0.2   1   2     6e-05    0.0082   14.8   0.2    45    94    36    91     8    98 0.77 -
TRINITY_DN5320_c0_g1_i2:104-718    -            205 465401at33208        -            212   2.7e-05   22.9   0.2   2   2     0.024       3.3    6.3   0.0   121   164   100   146    95   154 0.83 -
TRINITY_DN2701_c0_g1_i7:114-521    -            136 465401at33208        -            212   0.00017   20.3   0.0   1   1   1.8e-06   0.00024   19.7   0.0    47    92    84   134    41   136 0.77 -
TRINITY_DN27181_c0_g1_i1:347-1222  -            292 465401at33208        -            212   0.00019   20.1   6.0   1   2     2e-06   0.00027   19.6   0.2    55    95   107   151    92   213 0.86 -
TRINITY_DN27181_c0_g1_i1:347-1222  -            292 465401at33208        -            212   0.00019   20.1   6.0   2   2       2.1   2.8e+02   -0.0   1.2   168   210   242   290   234   292 0.68 -
TRINITY_DN27181_c0_g1_i2:350-1228  -            293 465401at33208        -            212   0.00022   19.9   6.0   1   2     2e-06   0.00027   19.6   0.2    55    95   106   150    91   212 0.86 -
TRINITY_DN27181_c0_g1_i2:350-1228  -            293 465401at33208        -            212   0.00022   19.9   6.0   2   2       2.4   3.3e+02   -0.3   1.2   168   210   241   289   233   291 0.66 -
TRINITY_DN2701_c0_g1_i4:1155-1826  -            224 465401at33208        -            212   0.00026   19.7   0.1   1   2    0.0001     0.014   14.0   0.1    49    89    81   126    60   131 0.78 -
TRINITY_DN2701_c0_g1_i4:1155-1826  -            224 465401at33208        -            212   0.00026   19.7   0.1   2   2      0.15        20    3.7   0.0   121   165   140   187   136   221 0.81 -
TRINITY_DN46525_c0_g1_i1:388-1086  -            233 465401at33208        -            212   0.00039   19.1   0.6   1   3       7.3   9.9e+02   -1.9   0.0     2    23     9    32     8    42 0.73 -
TRINITY_DN46525_c0_g1_i1:388-1086  -            233 465401at33208        -            212   0.00039   19.1   0.6   2   3   0.00016     0.022   13.3   0.3    49    89    89   134    61   143 0.72 -
TRINITY_DN46525_c0_g1_i1:388-1086  -            233 465401at33208        -            212   0.00039   19.1   0.6   3   3     0.098        13    4.3   0.0   105   164   132   194   125   204 0.80 -
TRINITY_DN191093_c0_g1_i1:260-1042 -            261 465401at33208        -            212   0.00046   18.8   0.5   1   1   0.00089      0.12   10.9   0.5    55   157    97   190    72   197 0.59 -
TRINITY_DN2701_c0_g1_i3:310-1173   -            288 465401at33208        -            212    0.0011   17.6   0.0   1   2   9.7e-05     0.013   14.1   0.0    53    95   149   195   126   202 0.80 -
TRINITY_DN2701_c0_g1_i3:310-1173   -            288 465401at33208        -            212    0.0011   17.6   0.0   2   2       1.1   1.5e+02    0.8   0.0   123   164   205   249   198   255 0.80 -
TRINITY_DN2701_c0_g1_i6:1152-2015  -            288 465401at33208        -            212    0.0011   17.6   0.0   1   2   9.7e-05     0.013   14.1   0.0    53    95   149   195   126   202 0.80 -
TRINITY_DN2701_c0_g1_i6:1152-2015  -            288 465401at33208        -            212    0.0011   17.6   0.0   2   2       1.1   1.5e+02    0.8   0.0   123   164   205   249   198   255 0.80 -
TRINITY_DN2701_c0_g1_i1:114-521    -            136 465401at33208        -            212    0.0021   16.7   0.1   1   1   2.8e-05    0.0037   15.9   0.0    49    92    86   134    63   136 0.78 -
TRINITY_DN21350_c0_g1_i1:331-1017  -            229 465401at33208        -            212     0.012   14.2   1.0   1   2       4.2   5.7e+02   -1.1   0.0     2    21    10    31     9    53 0.74 -
TRINITY_DN21350_c0_g1_i1:331-1017  -            229 465401at33208        -            212     0.012   14.2   1.0   2   2   0.00027     0.037   12.6   0.2    51    94    93   140    82   146 0.75 -
#
# Program:         hmmsearch
# Version:         3.1b2 (February 2015)
# Pipeline mode:   SEARCH
# Query file:      /busco_wd/busco_downloads/lineages/metazoa_odb10/hmms/465401at33208.hmm
# Target file:     /busco_wd/BUSCO/run_metazoa_odb10/metaeuk_output/initial_results/Trinity.fasta.modified.fas
# Option settings: hmmsearch --domtblout /busco_wd/BUSCO/run_metazoa_odb10/hmmer_output/initial_run_results/465401at33208.out --cpu 1 /busco_wd/busco_downloads/lineages/metazoa_odb10/hmms/465401at33208.hmm /busco_wd/BUSCO/run_metazoa_odb10/metaeuk_output/initial_results/Trinity.fasta.modified.fas 
# Current dir:     /busco_wd
# Date:            Tue Nov 23 09:03:31 2021
# [ok]
