#                                                                                        --- full sequence --- -------------- this domain -------------   hmm coord   ali coord   env coord
# target name                    accession   tlen query name           accession   qlen   E-value  score  bias   #  of  c-Evalue  i-Evalue  score  bias  from    to  from    to  from    to  acc description of target
#            ------------------- ---------- ----- -------------------- ---------- ----- --------- ------ ----- --- --- --------- --------- ------ ----- ----- ----- ----- ----- ----- ----- ---- ---------------------
TRINITY_DN3697_c0_g1_i2:970-4521 -           1184 465512at33208        -            834  4.1e-259  861.0  43.5   1   4   1.3e-66   2.9e-63  213.1   8.8     4   267    11   335     8   344 0.82 -
TRINITY_DN3697_c0_g1_i2:970-4521 -           1184 465512at33208        -            834  4.1e-259  861.0  43.5   2   4  6.5e-109  1.5e-105  353.0   5.1   265   573   358   710   352   715 0.85 -
TRINITY_DN3697_c0_g1_i2:970-4521 -           1184 465512at33208        -            834  4.1e-259  861.0  43.5   3   4     1e-20   2.3e-17   61.3   1.4   595   673   790   890   759   902 0.73 -
TRINITY_DN3697_c0_g1_i2:970-4521 -           1184 465512at33208        -            834  4.1e-259  861.0  43.5   4   4   9.8e-78   2.3e-74  249.8   5.4   665   833   906  1089   897  1090 0.91 -
TRINITY_DN3697_c0_g1_i6:123-3674 -           1184 465512at33208        -            834  4.1e-259  861.0  43.5   1   4   1.3e-66   2.9e-63  213.1   8.8     4   267    11   335     8   344 0.82 -
TRINITY_DN3697_c0_g1_i6:123-3674 -           1184 465512at33208        -            834  4.1e-259  861.0  43.5   2   4  6.5e-109  1.5e-105  353.0   5.1   265   573   358   710   352   715 0.85 -
TRINITY_DN3697_c0_g1_i6:123-3674 -           1184 465512at33208        -            834  4.1e-259  861.0  43.5   3   4     1e-20   2.3e-17   61.3   1.4   595   673   790   890   759   902 0.73 -
TRINITY_DN3697_c0_g1_i6:123-3674 -           1184 465512at33208        -            834  4.1e-259  861.0  43.5   4   4   9.8e-78   2.3e-74  249.8   5.4   665   833   906  1089   897  1090 0.91 -
TRINITY_DN3697_c0_g1_i1:970-4521 -           1184 465512at33208        -            834  4.4e-259  860.9  43.6   1   4   1.3e-66   2.9e-63  213.1   8.8     4   267    11   335     8   344 0.82 -
TRINITY_DN3697_c0_g1_i1:970-4521 -           1184 465512at33208        -            834  4.4e-259  860.9  43.6   2   4  6.5e-109  1.5e-105  353.0   5.1   265   573   358   710   352   715 0.85 -
TRINITY_DN3697_c0_g1_i1:970-4521 -           1184 465512at33208        -            834  4.4e-259  860.9  43.6   3   4     1e-20   2.3e-17   61.2   1.5   595   673   790   890   758   902 0.73 -
TRINITY_DN3697_c0_g1_i1:970-4521 -           1184 465512at33208        -            834  4.4e-259  860.9  43.6   4   4   9.8e-78   2.2e-74  249.8   5.4   665   833   906  1089   897  1090 0.91 -
TRINITY_DN3697_c0_g1_i5:979-2022 -            348 465512at33208        -            834   4.1e-89  298.6   8.0   1   2   3.3e-16   7.6e-13   46.3   0.0   621   673     4    57     1    70 0.87 -
TRINITY_DN3697_c0_g1_i5:979-2022 -            348 465512at33208        -            834   4.1e-89  298.6   8.0   2   2     1e-78   2.3e-75  253.1   5.5   664   833    72   256    64   257 0.91 -
#
# Program:         hmmsearch
# Version:         3.1b2 (February 2015)
# Pipeline mode:   SEARCH
# Query file:      /busco_wd/busco_downloads/lineages/metazoa_odb10/hmms/465512at33208.hmm
# Target file:     /busco_wd/BUSCO/run_metazoa_odb10/metaeuk_output/initial_results/Trinity.fasta.modified.fas
# Option settings: hmmsearch --domtblout /busco_wd/BUSCO/run_metazoa_odb10/hmmer_output/initial_run_results/465512at33208.out --cpu 1 /busco_wd/busco_downloads/lineages/metazoa_odb10/hmms/465512at33208.hmm /busco_wd/BUSCO/run_metazoa_odb10/metaeuk_output/initial_results/Trinity.fasta.modified.fas 
# Current dir:     /busco_wd
# Date:            Tue Nov 23 09:03:31 2021
# [ok]
