#                                                                                          --- full sequence --- -------------- this domain -------------   hmm coord   ali coord   env coord
# target name                      accession   tlen query name           accession   qlen   E-value  score  bias   #  of  c-Evalue  i-Evalue  score  bias  from    to  from    to  from    to  acc description of target
#              ------------------- ---------- ----- -------------------- ---------- ----- --------- ------ ----- --- --- --------- --------- ------ ----- ----- ----- ----- ----- ----- ----- ---- ---------------------
TRINITY_DN4393_c0_g1_i1:406-1488   -            361 467142at33208        -            322     2e-91  305.4   8.0   1   3     2e-17   1.2e-14   53.2   0.2    36    87     2    53     1    74 0.88 -
TRINITY_DN4393_c0_g1_i1:406-1488   -            361 467142at33208        -            322     2e-91  305.4   8.0   2   3     9e-69   5.2e-66  221.9   0.2   103   264   100   273    73   284 0.85 -
TRINITY_DN4393_c0_g1_i1:406-1488   -            361 467142at33208        -            322     2e-91  305.4   8.0   3   3   5.5e-12   3.2e-09   35.3   0.5   239   322   280   361   258   361 0.74 -
TRINITY_DN4393_c0_g1_i2:406-1488   -            361 467142at33208        -            322     2e-91  305.4   8.0   1   3     2e-17   1.2e-14   53.2   0.2    36    87     2    53     1    74 0.88 -
TRINITY_DN4393_c0_g1_i2:406-1488   -            361 467142at33208        -            322     2e-91  305.4   8.0   2   3     9e-69   5.2e-66  221.9   0.2   103   264   100   273    73   284 0.85 -
TRINITY_DN4393_c0_g1_i2:406-1488   -            361 467142at33208        -            322     2e-91  305.4   8.0   3   3   5.5e-12   3.2e-09   35.3   0.5   239   322   280   361   258   361 0.74 -
TRINITY_DN4393_c0_g1_i7:406-1488   -            361 467142at33208        -            322     2e-91  305.4   8.0   1   3     2e-17   1.2e-14   53.2   0.2    36    87     2    53     1    74 0.88 -
TRINITY_DN4393_c0_g1_i7:406-1488   -            361 467142at33208        -            322     2e-91  305.4   8.0   2   3     9e-69   5.2e-66  221.9   0.2   103   264   100   273    73   284 0.85 -
TRINITY_DN4393_c0_g1_i7:406-1488   -            361 467142at33208        -            322     2e-91  305.4   8.0   3   3   5.5e-12   3.2e-09   35.3   0.5   239   322   280   361   258   361 0.74 -
TRINITY_DN4393_c0_g1_i8:406-1488   -            361 467142at33208        -            322     2e-91  305.4   8.0   1   3     2e-17   1.2e-14   53.2   0.2    36    87     2    53     1    74 0.88 -
TRINITY_DN4393_c0_g1_i8:406-1488   -            361 467142at33208        -            322     2e-91  305.4   8.0   2   3     9e-69   5.2e-66  221.9   0.2   103   264   100   273    73   284 0.85 -
TRINITY_DN4393_c0_g1_i8:406-1488   -            361 467142at33208        -            322     2e-91  305.4   8.0   3   3   5.5e-12   3.2e-09   35.3   0.5   239   322   280   361   258   361 0.74 -
TRINITY_DN4393_c0_g1_i4:412-1191   -            260 467142at33208        -            322   3.7e-81  271.7   3.6   1   2   2.6e-17   1.5e-14   52.8   0.2    37    87     1    51     1    68 0.89 -
TRINITY_DN4393_c0_g1_i4:412-1191   -            260 467142at33208        -            322   3.7e-81  271.7   3.6   2   2   3.7e-68   2.1e-65  219.9   0.4   101   240    96   239    74   246 0.92 -
TRINITY_DN9090_c0_g1_i1:386-3328   -            981 467142at33208        -            322   5.5e-09   34.5   1.6   1   7    0.0013      0.74    7.8   0.0    48    78    95   125    76   154 0.75 -
TRINITY_DN9090_c0_g1_i1:386-3328   -            981 467142at33208        -            322   5.5e-09   34.5   1.6   2   7      0.15        89    1.0   0.0    51    73   200   222   172   237 0.86 -
TRINITY_DN9090_c0_g1_i1:386-3328   -            981 467142at33208        -            322   5.5e-09   34.5   1.6   3   7      0.13        76    1.2   0.0    53    81   270   298   263   329 0.60 -
TRINITY_DN9090_c0_g1_i1:386-3328   -            981 467142at33208        -            322   5.5e-09   34.5   1.6   4   7      0.15        88    1.0   0.0    51    92   302   343   291   354 0.79 -
TRINITY_DN9090_c0_g1_i1:386-3328   -            981 467142at33208        -            322   5.5e-09   34.5   1.6   5   7      0.22   1.3e+02    0.5   0.0    50    73   335   358   322   366 0.79 -
TRINITY_DN9090_c0_g1_i1:386-3328   -            981 467142at33208        -            322   5.5e-09   34.5   1.6   6   7   0.00097      0.56    8.2   0.1    50    97   369   416   359   429 0.85 -
TRINITY_DN9090_c0_g1_i1:386-3328   -            981 467142at33208        -            322   5.5e-09   34.5   1.6   7   7    0.0032       1.8    6.5   0.0    51    73   438   460   427   469 0.87 -
TRINITY_DN9090_c0_g1_i2:386-3450   -            981 467142at33208        -            322   5.5e-09   34.5   1.6   1   7    0.0013      0.74    7.8   0.0    48    78    95   125    76   154 0.75 -
TRINITY_DN9090_c0_g1_i2:386-3450   -            981 467142at33208        -            322   5.5e-09   34.5   1.6   2   7      0.15        89    1.0   0.0    51    73   200   222   172   237 0.86 -
TRINITY_DN9090_c0_g1_i2:386-3450   -            981 467142at33208        -            322   5.5e-09   34.5   1.6   3   7      0.13        76    1.2   0.0    53    81   270   298   263   329 0.60 -
TRINITY_DN9090_c0_g1_i2:386-3450   -            981 467142at33208        -            322   5.5e-09   34.5   1.6   4   7      0.15        88    1.0   0.0    51    92   302   343   291   354 0.79 -
TRINITY_DN9090_c0_g1_i2:386-3450   -            981 467142at33208        -            322   5.5e-09   34.5   1.6   5   7      0.22   1.3e+02    0.5   0.0    50    73   335   358   322   366 0.79 -
TRINITY_DN9090_c0_g1_i2:386-3450   -            981 467142at33208        -            322   5.5e-09   34.5   1.6   6   7   0.00097      0.56    8.2   0.1    50    97   369   416   359   429 0.85 -
TRINITY_DN9090_c0_g1_i2:386-3450   -            981 467142at33208        -            322   5.5e-09   34.5   1.6   7   7    0.0032       1.8    6.5   0.0    51    73   438   460   427   469 0.87 -
TRINITY_DN22433_c0_g1_i4:250-531   -             94 467142at33208        -            322   4.5e-06   25.0   0.1   1   1   8.6e-09     5e-06   24.8   0.1   108   153    54    94    36    94 0.87 -
TRINITY_DN22433_c0_g1_i5:1283-1564 -             94 467142at33208        -            322   4.5e-06   25.0   0.1   1   1   8.6e-09     5e-06   24.8   0.1   108   153    54    94    36    94 0.87 -
TRINITY_DN19979_c0_g1_i2:201-2288  -            696 467142at33208        -            322   0.00031   18.9   0.1   1   2   0.00017     0.096   10.7   0.0    22    80   427   486   422   524 0.76 -
TRINITY_DN19979_c0_g1_i2:201-2288  -            696 467142at33208        -            322   0.00031   18.9   0.1   2   2     0.007         4    5.4   0.0    47    78   657   688   655   695 0.83 -
TRINITY_DN23894_c0_g1_i2:641-1096  -            152 467142at33208        -            322    0.0007   17.8   0.9   1   2    0.0026       1.5    6.8   0.1    34    78    16    62     5    87 0.69 -
TRINITY_DN23894_c0_g1_i2:641-1096  -            152 467142at33208        -            322    0.0007   17.8   0.9   2   2   0.00021      0.12   10.4   0.2    38    80    87   129    69   150 0.74 -
TRINITY_DN23894_c0_g1_i3:716-1099  -            128 467142at33208        -            322    0.0017   16.5   0.4   1   2     0.013       7.7    4.5   0.0    46    79     3    38     2    62 0.66 -
TRINITY_DN23894_c0_g1_i3:716-1099  -            128 467142at33208        -            322    0.0017   16.5   0.4   2   2   0.00013     0.072   11.1   0.2    38    82    62   106    44   127 0.73 -
TRINITY_DN22587_c0_g1_i1:351-1154  -            268 467142at33208        -            322    0.0085   14.2   0.3   1   3    0.0017         1    7.4   0.0    52    72    77    97    65   107 0.87 -
TRINITY_DN22587_c0_g1_i1:351-1154  -            268 467142at33208        -            322    0.0085   14.2   0.3   2   3      0.91   5.2e+02   -1.5   0.0    54    73   116   135   103   147 0.84 -
TRINITY_DN22587_c0_g1_i1:351-1154  -            268 467142at33208        -            322    0.0085   14.2   0.3   3   3     0.025        14    3.6   0.0    54    76   150   172   127   200 0.83 -
TRINITY_DN11637_c0_g1_i2:370-1161  -            264 467142at33208        -            322      0.01   13.9   0.2   1   2     0.001      0.58    8.2   0.0    39    90    70   121    52   140 0.72 -
TRINITY_DN11637_c0_g1_i2:370-1161  -            264 467142at33208        -            322      0.01   13.9   0.2   2   2     0.021        12    3.8   0.0    45    82   178   215   158   239 0.77 -
TRINITY_DN11637_c0_g1_i3:370-1161  -            264 467142at33208        -            322      0.01   13.9   0.2   1   2     0.001      0.58    8.2   0.0    39    90    70   121    52   140 0.72 -
TRINITY_DN11637_c0_g1_i3:370-1161  -            264 467142at33208        -            322      0.01   13.9   0.2   2   2     0.021        12    3.8   0.0    45    82   178   215   158   239 0.77 -
TRINITY_DN19979_c0_g1_i1:222-908   -            229 467142at33208        -            322     0.029   12.4   0.4   1   3   0.00022      0.13   10.3   0.0    40    80     2    42     1    71 0.77 -
TRINITY_DN19979_c0_g1_i1:222-908   -            229 467142at33208        -            322     0.029   12.4   0.4   2   3      0.39   2.2e+02   -0.3   0.2    17    53    67   102    50   140 0.70 -
TRINITY_DN19979_c0_g1_i1:222-908   -            229 467142at33208        -            322     0.029   12.4   0.4   3   3       2.7   1.6e+03   -3.1   0.0    49    71   181   203   174   205 0.61 -
#
# Program:         hmmsearch
# Version:         3.1b2 (February 2015)
# Pipeline mode:   SEARCH
# Query file:      /busco_wd/busco_downloads/lineages/metazoa_odb10/hmms/467142at33208.hmm
# Target file:     /busco_wd/BUSCO/run_metazoa_odb10/metaeuk_output/initial_results/Trinity.fasta.modified.fas
# Option settings: hmmsearch --domtblout /busco_wd/BUSCO/run_metazoa_odb10/hmmer_output/initial_run_results/467142at33208.out --cpu 1 /busco_wd/busco_downloads/lineages/metazoa_odb10/hmms/467142at33208.hmm /busco_wd/BUSCO/run_metazoa_odb10/metaeuk_output/initial_results/Trinity.fasta.modified.fas 
# Current dir:     /busco_wd
# Date:            Tue Nov 23 09:03:32 2021
# [ok]
