#                                                                                        --- full sequence --- -------------- this domain -------------   hmm coord   ali coord   env coord
# target name                    accession   tlen query name           accession   qlen   E-value  score  bias   #  of  c-Evalue  i-Evalue  score  bias  from    to  from    to  from    to  acc description of target
#            ------------------- ---------- ----- -------------------- ---------- ----- --------- ------ ----- --- --- --------- --------- ------ ----- ----- ----- ----- ----- ----- ----- ---- ---------------------
TRINITY_DN39653_c0_g1_i1:60-1496 -            479 474387at33208        -            309    2e-107  357.8  24.4   1   2   4.4e-81     8e-78  260.6  20.1    14   217    31   269    26   280 0.91 -
TRINITY_DN39653_c0_g1_i1:60-1496 -            479 474387at33208        -            309    2e-107  357.8  24.4   2   2   2.2e-31   4.1e-28   97.3   0.1   218   308   319   415   288   416 0.90 -
TRINITY_DN7706_c0_g1_i2:538-3018 -            827 474387at33208        -            309    0.0057   14.8   0.8   1   2      0.57   1.1e+03   -2.5   0.0    46    91   128   170   122   194 0.75 -
TRINITY_DN7706_c0_g1_i2:538-3018 -            827 474387at33208        -            309    0.0057   14.8   0.8   2   2     7e-06     0.013   13.6   0.2   119   178   299   360   293   369 0.90 -
TRINITY_DN7706_c0_g1_i3:538-3018 -            827 474387at33208        -            309    0.0057   14.8   0.8   1   2      0.57   1.1e+03   -2.5   0.0    46    91   128   170   122   194 0.75 -
TRINITY_DN7706_c0_g1_i3:538-3018 -            827 474387at33208        -            309    0.0057   14.8   0.8   2   2     7e-06     0.013   13.6   0.2   119   178   299   360   293   369 0.90 -
TRINITY_DN7706_c0_g1_i4:538-3018 -            827 474387at33208        -            309    0.0057   14.8   0.8   1   2      0.57   1.1e+03   -2.5   0.0    46    91   128   170   122   194 0.75 -
TRINITY_DN7706_c0_g1_i4:538-3018 -            827 474387at33208        -            309    0.0057   14.8   0.8   2   2     7e-06     0.013   13.6   0.2   119   178   299   360   293   369 0.90 -
TRINITY_DN7706_c0_g1_i1:664-2463 -            600 474387at33208        -            309    0.0085   14.2   0.2   1   3      0.36   6.6e+02   -1.9   0.0    46    91   120   162   113   187 0.74 -
TRINITY_DN7706_c0_g1_i1:664-2463 -            600 474387at33208        -            309    0.0085   14.2   0.2   2   3   4.6e-06    0.0085   14.2   0.2   119   178   291   352   285   361 0.90 -
TRINITY_DN7706_c0_g1_i1:664-2463 -            600 474387at33208        -            309    0.0085   14.2   0.2   3   3         1   1.9e+03   -3.4   0.0   104   128   443   469   438   483 0.64 -
#
# Program:         hmmsearch
# Version:         3.1b2 (February 2015)
# Pipeline mode:   SEARCH
# Query file:      /busco_wd/busco_downloads/lineages/metazoa_odb10/hmms/474387at33208.hmm
# Target file:     /busco_wd/BUSCO/run_metazoa_odb10/metaeuk_output/initial_results/Trinity.fasta.modified.fas
# Option settings: hmmsearch --domtblout /busco_wd/BUSCO/run_metazoa_odb10/hmmer_output/initial_run_results/474387at33208.out --cpu 1 /busco_wd/busco_downloads/lineages/metazoa_odb10/hmms/474387at33208.hmm /busco_wd/BUSCO/run_metazoa_odb10/metaeuk_output/initial_results/Trinity.fasta.modified.fas 
# Current dir:     /busco_wd
# Date:            Tue Nov 23 09:03:38 2021
# [ok]
