#                                                                                         --- full sequence --- -------------- this domain -------------   hmm coord   ali coord   env coord
# target name                     accession   tlen query name           accession   qlen   E-value  score  bias   #  of  c-Evalue  i-Evalue  score  bias  from    to  from    to  from    to  acc description of target
#             ------------------- ---------- ----- -------------------- ---------- ----- --------- ------ ----- --- --- --------- --------- ------ ----- ----- ----- ----- ----- ----- ----- ---- ---------------------
TRINITY_DN31934_c0_g1_i3:306-1461 -            372 481557at33208        -            275   1.4e-61  207.5  66.2   1   4   2.6e-19   4.8e-16   58.1   5.1     4    75     1    71     1    76 0.82 -
TRINITY_DN31934_c0_g1_i3:306-1461 -            372 481557at33208        -            275   1.4e-61  207.5  66.2   2   4      0.42   7.6e+02   -1.6  10.2   153   198    55   100    50   127 0.84 -
TRINITY_DN31934_c0_g1_i3:306-1461 -            372 481557at33208        -            275   1.4e-61  207.5  66.2   3   4   3.9e-21   7.2e-18   64.1   3.0    82   145   127   198   120   212 0.85 -
TRINITY_DN31934_c0_g1_i3:306-1461 -            372 481557at33208        -            275   1.4e-61  207.5  66.2   4   4   1.3e-32   2.3e-29  101.8  31.0   147   275   229   365   207   365 0.84 -
TRINITY_DN31934_c0_g1_i1:306-1460 -            385 481557at33208        -            275   3.3e-61  206.2  65.9   1   4   1.4e-19   2.6e-16   59.0   0.7     4    51     1    48     1    56 0.95 -
TRINITY_DN31934_c0_g1_i1:306-1460 -            385 481557at33208        -            275   3.3e-61  206.2  65.9   2   4      0.29   5.3e+02   -1.1   9.7   153   198    55   100    49   124 0.84 -
TRINITY_DN31934_c0_g1_i1:306-1460 -            385 481557at33208        -            275   3.3e-61  206.2  65.9   3   4   6.1e-21   1.1e-17   63.5   2.4    84   145   142   211   139   227 0.84 -
TRINITY_DN31934_c0_g1_i1:306-1460 -            385 481557at33208        -            275   3.3e-61  206.2  65.9   4   4   1.4e-32   2.6e-29  101.6  31.1   147   275   242   378   220   378 0.84 -
TRINITY_DN31934_c0_g1_i4:306-1460 -            385 481557at33208        -            275   3.3e-61  206.2  65.9   1   4   1.4e-19   2.6e-16   59.0   0.7     4    51     1    48     1    56 0.95 -
TRINITY_DN31934_c0_g1_i4:306-1460 -            385 481557at33208        -            275   3.3e-61  206.2  65.9   2   4      0.29   5.3e+02   -1.1   9.7   153   198    55   100    49   124 0.84 -
TRINITY_DN31934_c0_g1_i4:306-1460 -            385 481557at33208        -            275   3.3e-61  206.2  65.9   3   4   6.1e-21   1.1e-17   63.5   2.4    84   145   142   211   139   227 0.84 -
TRINITY_DN31934_c0_g1_i4:306-1460 -            385 481557at33208        -            275   3.3e-61  206.2  65.9   4   4   1.4e-32   2.6e-29  101.6  31.1   147   275   242   378   220   378 0.84 -
TRINITY_DN31934_c0_g1_i5:306-1460 -            385 481557at33208        -            275   3.3e-61  206.2  65.9   1   4   1.4e-19   2.6e-16   59.0   0.7     4    51     1    48     1    56 0.95 -
TRINITY_DN31934_c0_g1_i5:306-1460 -            385 481557at33208        -            275   3.3e-61  206.2  65.9   2   4      0.29   5.3e+02   -1.1   9.7   153   198    55   100    49   124 0.84 -
TRINITY_DN31934_c0_g1_i5:306-1460 -            385 481557at33208        -            275   3.3e-61  206.2  65.9   3   4   6.1e-21   1.1e-17   63.5   2.4    84   145   142   211   139   227 0.84 -
TRINITY_DN31934_c0_g1_i5:306-1460 -            385 481557at33208        -            275   3.3e-61  206.2  65.9   4   4   1.4e-32   2.6e-29  101.6  31.1   147   275   242   378   220   378 0.84 -
TRINITY_DN31934_c0_g1_i2:306-1079 -            258 481557at33208        -            275   6.8e-48  162.6  40.9   1   2   3.5e-21   6.4e-18   64.3   2.5    84   145    15    84    12    98 0.84 -
TRINITY_DN31934_c0_g1_i2:306-1079 -            258 481557at33208        -            275   6.8e-48  162.6  40.9   2   2   5.3e-33   9.7e-30  103.0  31.1   147   275   115   251    94   251 0.84 -
#
# Program:         hmmsearch
# Version:         3.1b2 (February 2015)
# Pipeline mode:   SEARCH
# Query file:      /busco_wd/busco_downloads/lineages/metazoa_odb10/hmms/481557at33208.hmm
# Target file:     /busco_wd/BUSCO/run_metazoa_odb10/metaeuk_output/initial_results/Trinity.fasta.modified.fas
# Option settings: hmmsearch --domtblout /busco_wd/BUSCO/run_metazoa_odb10/hmmer_output/initial_run_results/481557at33208.out --cpu 1 /busco_wd/busco_downloads/lineages/metazoa_odb10/hmms/481557at33208.hmm /busco_wd/BUSCO/run_metazoa_odb10/metaeuk_output/initial_results/Trinity.fasta.modified.fas 
# Current dir:     /busco_wd
# Date:            Tue Nov 23 09:03:39 2021
# [ok]
