#                                                                                           --- full sequence --- -------------- this domain -------------   hmm coord   ali coord   env coord
# target name                       accession   tlen query name           accession   qlen   E-value  score  bias   #  of  c-Evalue  i-Evalue  score  bias  from    to  from    to  from    to  acc description of target
#               ------------------- ---------- ----- -------------------- ---------- ----- --------- ------ ----- --- --- --------- --------- ------ ----- ----- ----- ----- ----- ----- ----- ---- ---------------------
TRINITY_DN8372_c0_g2_i16:163-1482   -            440 489997at33208        -            345     3e-83  278.6   0.7   1   2   1.6e-21   6.9e-20   70.2   0.0    33   116    60   153    51   165 0.83 -
TRINITY_DN8372_c0_g2_i16:163-1482   -            440 489997at33208        -            345     3e-83  278.6   0.7   2   2   2.6e-61   1.2e-59  201.0   0.4   107   339   167   434   160   440 0.84 -
TRINITY_DN8372_c0_g2_i1:163-1482    -            440 489997at33208        -            345     3e-83  278.6   0.7   1   2   1.6e-21   6.9e-20   70.2   0.0    33   116    60   153    51   165 0.83 -
TRINITY_DN8372_c0_g2_i1:163-1482    -            440 489997at33208        -            345     3e-83  278.6   0.7   2   2   2.6e-61   1.2e-59  201.0   0.4   107   339   167   434   160   440 0.84 -
TRINITY_DN5382_c0_g1_i1:1827-3320   -            498 489997at33208        -            345   7.5e-64  214.8   0.0   1   1   1.7e-62   7.6e-61  204.9   0.0    32   325    62   413    49   419 0.80 -
TRINITY_DN5382_c0_g1_i3:1827-3320   -            498 489997at33208        -            345   7.5e-64  214.8   0.0   1   1   1.7e-62   7.6e-61  204.9   0.0    32   325    62   413    49   419 0.80 -
TRINITY_DN5382_c0_g1_i6:1827-3320   -            498 489997at33208        -            345   7.5e-64  214.8   0.0   1   1   1.7e-62   7.6e-61  204.9   0.0    32   325    62   413    49   419 0.80 -
TRINITY_DN5382_c0_g1_i7:1827-3320   -            498 489997at33208        -            345   7.5e-64  214.8   0.0   1   1   1.7e-62   7.6e-61  204.9   0.0    32   325    62   413    49   419 0.80 -
TRINITY_DN5382_c0_g1_i8:1827-3320   -            498 489997at33208        -            345   7.5e-64  214.8   0.0   1   1   1.7e-62   7.6e-61  204.9   0.0    32   325    62   413    49   419 0.80 -
TRINITY_DN8372_c0_g2_i5:163-1389    -            409 489997at33208        -            345   2.3e-63  213.2   6.6   1   3   1.5e-21   6.4e-20   70.3   0.0    33   114    60   151    51   163 0.82 -
TRINITY_DN8372_c0_g2_i5:163-1389    -            409 489997at33208        -            345   2.3e-63  213.2   6.6   2   3   2.9e-27   1.3e-25   89.1   2.8   107   251   167   336   159   338 0.81 -
TRINITY_DN8372_c0_g2_i5:163-1389    -            409 489997at33208        -            345   2.3e-63  213.2   6.6   3   3   7.8e-15   3.4e-13   48.2   0.0   282   339   339   403   337   409 0.86 -
TRINITY_DN4114_c0_g1_i1:1363-2532   -            390 489997at33208        -            345   5.6e-63  211.9   0.2   1   2   2.2e-20   9.8e-19   66.5   0.0     4    99     3   105     1   113 0.85 -
TRINITY_DN4114_c0_g1_i1:1363-2532   -            390 489997at33208        -            345   5.6e-63  211.9   0.2   2   2   7.1e-44   3.1e-42  143.7   0.1   104   317   133   366   124   383 0.84 -
TRINITY_DN4114_c0_g1_i2:933-2102    -            390 489997at33208        -            345   5.6e-63  211.9   0.2   1   2   2.2e-20   9.8e-19   66.5   0.0     4    99     3   105     1   113 0.85 -
TRINITY_DN4114_c0_g1_i2:933-2102    -            390 489997at33208        -            345   5.6e-63  211.9   0.2   2   2   7.1e-44   3.1e-42  143.7   0.1   104   317   133   366   124   383 0.84 -
TRINITY_DN4114_c0_g1_i3:1365-2534   -            390 489997at33208        -            345   5.6e-63  211.9   0.2   1   2   2.2e-20   9.8e-19   66.5   0.0     4    99     3   105     1   113 0.85 -
TRINITY_DN4114_c0_g1_i3:1365-2534   -            390 489997at33208        -            345   5.6e-63  211.9   0.2   2   2   7.1e-44   3.1e-42  143.7   0.1   104   317   133   366   124   383 0.84 -
TRINITY_DN477_c0_g1_i1:311-1471     -            387 489997at33208        -            345   4.7e-62  208.9   1.1   1   2   1.3e-14   5.8e-13   47.5   0.1    31   104    38   113    13   121 0.87 -
TRINITY_DN477_c0_g1_i1:311-1471     -            387 489997at33208        -            345   4.7e-62  208.9   1.1   2   2     6e-49   2.6e-47  160.4   0.1   108   329   140   377   132   385 0.83 -
TRINITY_DN477_c0_g1_i2:312-1472     -            387 489997at33208        -            345   4.7e-62  208.9   1.1   1   2   1.3e-14   5.8e-13   47.5   0.1    31   104    38   113    13   121 0.87 -
TRINITY_DN477_c0_g1_i2:312-1472     -            387 489997at33208        -            345   4.7e-62  208.9   1.1   2   2     6e-49   2.6e-47  160.4   0.1   108   329   140   377   132   385 0.83 -
TRINITY_DN1613_c0_g1_i10:1529-2944  -            472 489997at33208        -            345   8.9e-62  208.0   0.0   1   2   1.3e-16   5.9e-15   54.0   0.0    30   113    60   156    44   171 0.77 -
TRINITY_DN1613_c0_g1_i10:1529-2944  -            472 489997at33208        -            345   8.9e-62  208.0   0.0   2   2   2.5e-46   1.1e-44  151.8   0.0   106   326   171   411   161   424 0.86 -
TRINITY_DN1613_c0_g1_i11:1530-2945  -            472 489997at33208        -            345   8.9e-62  208.0   0.0   1   2   1.3e-16   5.9e-15   54.0   0.0    30   113    60   156    44   171 0.77 -
TRINITY_DN1613_c0_g1_i11:1530-2945  -            472 489997at33208        -            345   8.9e-62  208.0   0.0   2   2   2.5e-46   1.1e-44  151.8   0.0   106   326   171   411   161   424 0.86 -
TRINITY_DN1613_c0_g1_i14:1564-2979  -            472 489997at33208        -            345   8.9e-62  208.0   0.0   1   2   1.3e-16   5.9e-15   54.0   0.0    30   113    60   156    44   171 0.77 -
TRINITY_DN1613_c0_g1_i14:1564-2979  -            472 489997at33208        -            345   8.9e-62  208.0   0.0   2   2   2.5e-46   1.1e-44  151.8   0.0   106   326   171   411   161   424 0.86 -
TRINITY_DN1613_c0_g1_i18:1532-2947  -            472 489997at33208        -            345   8.9e-62  208.0   0.0   1   2   1.3e-16   5.9e-15   54.0   0.0    30   113    60   156    44   171 0.77 -
TRINITY_DN1613_c0_g1_i18:1532-2947  -            472 489997at33208        -            345   8.9e-62  208.0   0.0   2   2   2.5e-46   1.1e-44  151.8   0.0   106   326   171   411   161   424 0.86 -
TRINITY_DN1613_c0_g1_i6:1758-3173   -            472 489997at33208        -            345   8.9e-62  208.0   0.0   1   2   1.3e-16   5.9e-15   54.0   0.0    30   113    60   156    44   171 0.77 -
TRINITY_DN1613_c0_g1_i6:1758-3173   -            472 489997at33208        -            345   8.9e-62  208.0   0.0   2   2   2.5e-46   1.1e-44  151.8   0.0   106   326   171   411   161   424 0.86 -
TRINITY_DN702_c0_g1_i2:424-1632     -            403 489997at33208        -            345   1.3e-61  207.5   2.4   1   1     1e-60   4.5e-59  199.1   2.4    31   335    21   367    12   376 0.82 -
TRINITY_DN702_c0_g1_i3:127-1335     -            403 489997at33208        -            345   1.3e-61  207.5   2.4   1   1     1e-60   4.5e-59  199.1   2.4    31   335    21   367    12   376 0.82 -
TRINITY_DN702_c0_g1_i4:127-1335     -            403 489997at33208        -            345   1.3e-61  207.5   2.4   1   1     1e-60   4.5e-59  199.1   2.4    31   335    21   367    12   376 0.82 -
TRINITY_DN702_c0_g1_i6:439-1647     -            403 489997at33208        -            345   1.3e-61  207.5   2.4   1   1     1e-60   4.5e-59  199.1   2.4    31   335    21   367    12   376 0.82 -
TRINITY_DN13308_c0_g1_i2:471-1745   -            425 489997at33208        -            345   1.9e-60  203.6   0.0   1   3     4e-13   1.8e-11   42.6   0.0    31    81    51   101    41   110 0.92 -
TRINITY_DN13308_c0_g1_i2:471-1745   -            425 489997at33208        -            345   1.9e-60  203.6   0.0   2   3    0.0073      0.32    8.9   0.0    79    98   116   135   112   146 0.87 -
TRINITY_DN13308_c0_g1_i2:471-1745   -            425 489997at33208        -            345   1.9e-60  203.6   0.0   3   3   2.3e-45     1e-43  148.6   0.0   105   311   165   389   149   420 0.85 -
TRINITY_DN13308_c0_g1_i3:366-1745   -            460 489997at33208        -            345   2.7e-60  203.1   0.1   1   2   4.3e-15   1.9e-13   49.1   0.1    31    98    51   135    41   146 0.80 -
TRINITY_DN13308_c0_g1_i3:366-1745   -            460 489997at33208        -            345   2.7e-60  203.1   0.1   2   2   2.6e-45   1.2e-43  148.4   0.0   105   315   165   396   149   425 0.85 -
TRINITY_DN13308_c0_g1_i4:366-1745   -            460 489997at33208        -            345   2.7e-60  203.1   0.1   1   2   4.3e-15   1.9e-13   49.1   0.1    31    98    51   135    41   146 0.80 -
TRINITY_DN13308_c0_g1_i4:366-1745   -            460 489997at33208        -            345   2.7e-60  203.1   0.1   2   2   2.6e-45   1.2e-43  148.4   0.0   105   315   165   396   149   425 0.85 -
TRINITY_DN3227_c0_g1_i1:2451-3626   -            392 489997at33208        -            345   3.8e-60  202.6   0.1   1   2   2.4e-15   1.1e-13   49.9   0.0    33    97    26    96    21   107 0.87 -
TRINITY_DN3227_c0_g1_i1:2451-3626   -            392 489997at33208        -            345   3.8e-60  202.6   0.1   2   2   5.2e-46   2.3e-44  150.8   0.1   106   320   128   364   120   379 0.85 -
TRINITY_DN3227_c0_g1_i5:2451-3626   -            392 489997at33208        -            345   3.8e-60  202.6   0.1   1   2   2.4e-15   1.1e-13   49.9   0.0    33    97    26    96    21   107 0.87 -
TRINITY_DN3227_c0_g1_i5:2451-3626   -            392 489997at33208        -            345   3.8e-60  202.6   0.1   2   2   5.2e-46   2.3e-44  150.8   0.1   106   320   128   364   120   379 0.85 -
TRINITY_DN1043_c0_g1_i1:342-1406    -            355 489997at33208        -            345     3e-59  199.7   0.1   1   1   9.2e-59     4e-57  192.7   0.1    29   310    15   336     7   355 0.84 -
TRINITY_DN1043_c0_g1_i2:342-1406    -            355 489997at33208        -            345     3e-59  199.7   0.1   1   1   9.2e-59     4e-57  192.7   0.1    29   310    15   336     7   355 0.84 -
TRINITY_DN1882_c0_g1_i2:1200-2420   -            407 489997at33208        -            345   8.4e-59  198.2   0.0   1   3   5.2e-17   2.3e-15   55.4   0.0    23    98    22   108     1   130 0.80 -
TRINITY_DN1882_c0_g1_i2:1200-2420   -            407 489997at33208        -            345   8.4e-59  198.2   0.0   2   3   2.6e-07   1.2e-05   23.5   0.0   107   154   140   189   134   204 0.82 -
TRINITY_DN1882_c0_g1_i2:1200-2420   -            407 489997at33208        -            345   8.4e-59  198.2   0.0   3   3   2.2e-35   9.5e-34  115.8   0.0   152   317   219   391   201   400 0.86 -
TRINITY_DN1882_c0_g1_i3:1200-2420   -            407 489997at33208        -            345   8.4e-59  198.2   0.0   1   3   5.2e-17   2.3e-15   55.4   0.0    23    98    22   108     1   130 0.80 -
TRINITY_DN1882_c0_g1_i3:1200-2420   -            407 489997at33208        -            345   8.4e-59  198.2   0.0   2   3   2.6e-07   1.2e-05   23.5   0.0   107   154   140   189   134   204 0.82 -
TRINITY_DN1882_c0_g1_i3:1200-2420   -            407 489997at33208        -            345   8.4e-59  198.2   0.0   3   3   2.2e-35   9.5e-34  115.8   0.0   152   317   219   391   201   400 0.86 -
TRINITY_DN1882_c0_g1_i4:1200-2420   -            407 489997at33208        -            345   8.4e-59  198.2   0.0   1   3   5.2e-17   2.3e-15   55.4   0.0    23    98    22   108     1   130 0.80 -
TRINITY_DN1882_c0_g1_i4:1200-2420   -            407 489997at33208        -            345   8.4e-59  198.2   0.0   2   3   2.6e-07   1.2e-05   23.5   0.0   107   154   140   189   134   204 0.82 -
TRINITY_DN1882_c0_g1_i4:1200-2420   -            407 489997at33208        -            345   8.4e-59  198.2   0.0   3   3   2.2e-35   9.5e-34  115.8   0.0   152   317   219   391   201   400 0.86 -
TRINITY_DN5255_c0_g1_i10:598-1809   -            404 489997at33208        -            345   1.5e-58  197.4   0.6   1   2   1.2e-12   5.2e-11   41.1   0.0    25    99    30   114    18   124 0.79 -
TRINITY_DN5255_c0_g1_i10:598-1809   -            404 489997at33208        -            345   1.5e-58  197.4   0.6   2   2   3.7e-47   1.6e-45  154.5   0.2   105   323   149   382   141   399 0.87 -
TRINITY_DN5255_c0_g1_i8:598-1809    -            404 489997at33208        -            345   1.5e-58  197.4   0.6   1   2   1.2e-12   5.2e-11   41.1   0.0    25    99    30   114    18   124 0.79 -
TRINITY_DN5255_c0_g1_i8:598-1809    -            404 489997at33208        -            345   1.5e-58  197.4   0.6   2   2   3.7e-47   1.6e-45  154.5   0.2   105   323   149   382   141   399 0.87 -
TRINITY_DN859_c0_g1_i2:383-2098     -            572 489997at33208        -            345   1.8e-58  197.2   2.0   1   2   6.1e-21   2.7e-19   68.3   0.1    28   120    37   135    17   144 0.83 -
TRINITY_DN859_c0_g1_i2:383-2098     -            572 489997at33208        -            345   1.8e-58  197.2   2.0   2   2   2.3e-39     1e-37  128.9   0.2   105   327   142   383   133   393 0.79 -
TRINITY_DN859_c0_g1_i5:128-1843     -            572 489997at33208        -            345   1.8e-58  197.2   2.0   1   2   6.1e-21   2.7e-19   68.3   0.1    28   120    37   135    17   144 0.83 -
TRINITY_DN859_c0_g1_i5:128-1843     -            572 489997at33208        -            345   1.8e-58  197.2   2.0   2   2   2.3e-39     1e-37  128.9   0.2   105   327   142   383   133   393 0.79 -
TRINITY_DN859_c0_g1_i1:384-2525     -            714 489997at33208        -            345     4e-58  196.0   2.0   1   2   8.6e-21   3.8e-19   67.8   0.1    28   120   179   277   159   286 0.83 -
TRINITY_DN859_c0_g1_i1:384-2525     -            714 489997at33208        -            345     4e-58  196.0   2.0   2   2   3.8e-39   1.7e-37  128.2   0.2   105   327   284   525   275   535 0.79 -
TRINITY_DN859_c0_g1_i7:80-2224      -            715 489997at33208        -            345     4e-58  196.0   2.0   1   2   8.6e-21   3.8e-19   67.8   0.1    28   120   180   278   160   287 0.83 -
TRINITY_DN859_c0_g1_i7:80-2224      -            715 489997at33208        -            345     4e-58  196.0   2.0   2   2   3.8e-39   1.7e-37  128.2   0.2   105   327   285   526   276   536 0.79 -
TRINITY_DN29307_c0_g2_i1:556-1683   -            376 489997at33208        -            345   2.7e-57  193.3   9.5   1   1   2.6e-56   1.1e-54  184.6   9.5    33   331    23   362    14   375 0.79 -
TRINITY_DN5289_c0_g1_i1:151-1317    -            389 489997at33208        -            345     2e-56  190.4   0.0   1   2   1.7e-14   7.7e-13   47.1   0.0    33    97    26    98    14   113 0.84 -
TRINITY_DN5289_c0_g1_i1:151-1317    -            389 489997at33208        -            345     2e-56  190.4   0.0   2   2   3.8e-43   1.7e-41  141.3   0.0   105   325   128   368   121   384 0.77 -
TRINITY_DN209_c0_g1_i1:430-1578     -            383 489997at33208        -            345   9.2e-56  188.2   4.2   1   1   1.8e-54   7.9e-53  178.6   4.2    33   320    22   349    13   373 0.78 -
TRINITY_DN2507_c0_g1_i1:281-1615    -            445 489997at33208        -            345   1.2e-55  187.9   0.0   1   2   3.3e-13   1.4e-11   42.9   0.0    33   104    83   161    73   166 0.84 -
TRINITY_DN2507_c0_g1_i1:281-1615    -            445 489997at33208        -            345   1.2e-55  187.9   0.0   2   2   1.3e-43   5.7e-42  142.9   0.0   106   335   186   438   180   441 0.84 -
TRINITY_DN2507_c0_g1_i8:281-1851    -            445 489997at33208        -            345   1.2e-55  187.9   0.0   1   2   3.3e-13   1.4e-11   42.9   0.0    33   104    83   161    73   166 0.84 -
TRINITY_DN2507_c0_g1_i8:281-1851    -            445 489997at33208        -            345   1.2e-55  187.9   0.0   2   2   1.3e-43   5.7e-42  142.9   0.0   106   335   186   438   180   441 0.84 -
TRINITY_DN18794_c0_g1_i1:165-2231   -            689 489997at33208        -            345   4.8e-52  176.0   0.2   1   2   1.3e-17   5.7e-16   57.4   0.0    33    98    39   107    28   117 0.88 -
TRINITY_DN18794_c0_g1_i1:165-2231   -            689 489997at33208        -            345   4.8e-52  176.0   0.2   2   2   1.3e-35   5.6e-34  116.6   0.1   104   318   136   369   127   376 0.83 -
TRINITY_DN18794_c0_g1_i2:373-2439   -            689 489997at33208        -            345   4.8e-52  176.0   0.2   1   2   1.3e-17   5.7e-16   57.4   0.0    33    98    39   107    28   117 0.88 -
TRINITY_DN18794_c0_g1_i2:373-2439   -            689 489997at33208        -            345   4.8e-52  176.0   0.2   2   2   1.3e-35   5.6e-34  116.6   0.1   104   318   136   369   127   376 0.83 -
TRINITY_DN18794_c0_g1_i3:116-2182   -            689 489997at33208        -            345   4.8e-52  176.0   0.2   1   2   1.3e-17   5.7e-16   57.4   0.0    33    98    39   107    28   117 0.88 -
TRINITY_DN18794_c0_g1_i3:116-2182   -            689 489997at33208        -            345   4.8e-52  176.0   0.2   2   2   1.3e-35   5.6e-34  116.6   0.1   104   318   136   369   127   376 0.83 -
TRINITY_DN605_c0_g1_i4:836-2140     -            435 489997at33208        -            345   3.3e-51  173.2   0.0   1   2     2e-15   8.8e-14   50.2   0.0    21    98    63   147    55   166 0.86 -
TRINITY_DN605_c0_g1_i4:836-2140     -            435 489997at33208        -            345   3.3e-51  173.2   0.0   2   2   5.3e-37   2.3e-35  121.1   0.0   107   335   179   428   168   431 0.83 -
TRINITY_DN605_c0_g1_i5:836-2140     -            435 489997at33208        -            345   3.3e-51  173.2   0.0   1   2     2e-15   8.8e-14   50.2   0.0    21    98    63   147    55   166 0.86 -
TRINITY_DN605_c0_g1_i5:836-2140     -            435 489997at33208        -            345   3.3e-51  173.2   0.0   2   2   5.3e-37   2.3e-35  121.1   0.0   107   335   179   428   168   431 0.83 -
TRINITY_DN26382_c0_g1_i12:594-2270  -            559 489997at33208        -            345   8.3e-51  171.9   0.7   1   1   1.5e-50   6.4e-49  165.7   0.7    33   324   174   508   158   520 0.79 -
TRINITY_DN26382_c0_g1_i5:594-2270   -            559 489997at33208        -            345   8.3e-51  171.9   0.7   1   1   1.5e-50   6.4e-49  165.7   0.7    33   324   174   508   158   520 0.79 -
TRINITY_DN16134_c0_g1_i2:602-1795   -            365 489997at33208        -            345   9.7e-50  168.4   0.3   1   1   4.2e-51   1.8e-49  167.5   0.3    34   312    37   336    27   351 0.82 -
TRINITY_DN116521_c0_g1_i1:1-1038    -            346 489997at33208        -            345   1.3e-49  168.0   4.0   1   2   8.7e-12   3.8e-10   38.2   0.0    33    98     6    74     2    91 0.87 -
TRINITY_DN116521_c0_g1_i1:1-1038    -            346 489997at33208        -            345   1.3e-49  168.0   4.0   2   2   1.8e-39   7.9e-38  129.2   2.6   106   326   107   345   100   346 0.82 -
TRINITY_DN16134_c0_g1_i4:602-1866   -            398 489997at33208        -            345   1.5e-49  167.8   2.5   1   2     3e-14   1.3e-12   46.3   0.2    34    99    37   114    27   130 0.81 -
TRINITY_DN16134_c0_g1_i4:602-1866   -            398 489997at33208        -            345   1.5e-49  167.8   2.5   2   2   5.3e-37   2.3e-35  121.1   0.2   106   312   145   369   138   384 0.82 -
TRINITY_DN16134_c0_g1_i9:332-1759   -            476 489997at33208        -            345   1.9e-49  167.4   2.4   1   2   3.9e-14   1.7e-12   45.9   0.1    34    99   127   204   117   220 0.81 -
TRINITY_DN16134_c0_g1_i9:332-1759   -            476 489997at33208        -            345   1.9e-49  167.4   2.4   2   2   5.4e-37   2.4e-35  121.1   0.2   106   312   235   459   228   472 0.82 -
TRINITY_DN8372_c0_g2_i14:163-1176   -            338 489997at33208        -            345     2e-49  167.4   4.0   1   2   1.1e-21   4.7e-20   70.8   0.0    33   116    60   153    51   165 0.82 -
TRINITY_DN8372_c0_g2_i14:163-1176   -            338 489997at33208        -            345     2e-49  167.4   4.0   2   2   2.6e-27   1.1e-25   89.3   3.1   108   251   168   336   162   337 0.81 -
TRINITY_DN8372_c0_g2_i17:163-1176   -            338 489997at33208        -            345   2.3e-49  167.1   4.4   1   2   9.8e-22   4.3e-20   70.9   0.0    33   116    60   153    51   165 0.83 -
TRINITY_DN8372_c0_g2_i17:163-1176   -            338 489997at33208        -            345   2.3e-49  167.1   4.4   2   2   2.4e-27   1.1e-25   89.4   3.0   108   251   168   336   162   337 0.81 -
TRINITY_DN2531_c0_g1_i9:379-1509    -            377 489997at33208        -            345   4.2e-49  166.3   5.1   1   2   7.9e-12   3.4e-10   38.4   0.0    33   100    23    92    14   122 0.85 -
TRINITY_DN2531_c0_g1_i9:379-1509    -            377 489997at33208        -            345   4.2e-49  166.3   5.1   2   2   2.8e-39   1.2e-37  128.6   2.7   106   328   123   363   111   373 0.82 -
TRINITY_DN1753_c0_g1_i12:431-1609   -            393 489997at33208        -            345   6.9e-49  165.6   0.4   1   2     1e-10   4.5e-09   34.7   0.0    31   104    17    94     9   100 0.86 -
TRINITY_DN1753_c0_g1_i12:431-1609   -            393 489997at33208        -            345   6.9e-49  165.6   0.4   2   2   1.8e-39   7.8e-38  129.3   0.1   105   338   119   378   104   384 0.79 -
TRINITY_DN1753_c0_g1_i16:431-1609   -            393 489997at33208        -            345   6.9e-49  165.6   0.4   1   2     1e-10   4.5e-09   34.7   0.0    31   104    17    94     9   100 0.86 -
TRINITY_DN1753_c0_g1_i16:431-1609   -            393 489997at33208        -            345   6.9e-49  165.6   0.4   2   2   1.8e-39   7.8e-38  129.3   0.1   105   338   119   378   104   384 0.79 -
TRINITY_DN1753_c0_g1_i2:431-1609    -            393 489997at33208        -            345   6.9e-49  165.6   0.4   1   2     1e-10   4.5e-09   34.7   0.0    31   104    17    94     9   100 0.86 -
TRINITY_DN1753_c0_g1_i2:431-1609    -            393 489997at33208        -            345   6.9e-49  165.6   0.4   2   2   1.8e-39   7.8e-38  129.3   0.1   105   338   119   378   104   384 0.79 -
TRINITY_DN1753_c0_g1_i4:431-1609    -            393 489997at33208        -            345   6.9e-49  165.6   0.4   1   2     1e-10   4.5e-09   34.7   0.0    31   104    17    94     9   100 0.86 -
TRINITY_DN1753_c0_g1_i4:431-1609    -            393 489997at33208        -            345   6.9e-49  165.6   0.4   2   2   1.8e-39   7.8e-38  129.3   0.1   105   338   119   378   104   384 0.79 -
TRINITY_DN1753_c0_g1_i8:431-1609    -            393 489997at33208        -            345   6.9e-49  165.6   0.4   1   2     1e-10   4.5e-09   34.7   0.0    31   104    17    94     9   100 0.86 -
TRINITY_DN1753_c0_g1_i8:431-1609    -            393 489997at33208        -            345   6.9e-49  165.6   0.4   2   2   1.8e-39   7.8e-38  129.3   0.1   105   338   119   378   104   384 0.79 -
TRINITY_DN1753_c0_g1_i9:431-1609    -            393 489997at33208        -            345   6.9e-49  165.6   0.4   1   2     1e-10   4.5e-09   34.7   0.0    31   104    17    94     9   100 0.86 -
TRINITY_DN1753_c0_g1_i9:431-1609    -            393 489997at33208        -            345   6.9e-49  165.6   0.4   2   2   1.8e-39   7.8e-38  129.3   0.1   105   338   119   378   104   384 0.79 -
TRINITY_DN8372_c0_g2_i6:163-1194    -            344 489997at33208        -            345   1.4e-47  161.3   3.6   1   2   9.2e-20     4e-18   64.4   0.0    34   115    67   158    52   170 0.81 -
TRINITY_DN8372_c0_g2_i6:163-1194    -            344 489997at33208        -            345   1.4e-47  161.3   3.6   2   2     2e-27   8.7e-26   89.6   2.7   108   251   174   342   167   343 0.81 -
TRINITY_DN539_c0_g1_i12:385-1644    -            420 489997at33208        -            345   1.5e-47  161.2   0.0   1   2   6.2e-12   2.7e-10   38.7   0.0    34    97    10    83     2    99 0.81 -
TRINITY_DN539_c0_g1_i12:385-1644    -            420 489997at33208        -            345   1.5e-47  161.2   0.0   2   2   9.3e-37   4.1e-35  120.3   0.0   105   312   113   340   105   359 0.82 -
TRINITY_DN539_c0_g1_i17:337-1596    -            420 489997at33208        -            345   1.5e-47  161.2   0.0   1   2   6.2e-12   2.7e-10   38.7   0.0    34    97    10    83     2    99 0.81 -
TRINITY_DN539_c0_g1_i17:337-1596    -            420 489997at33208        -            345   1.5e-47  161.2   0.0   2   2   9.3e-37   4.1e-35  120.3   0.0   105   312   113   340   105   359 0.82 -
TRINITY_DN2284_c0_g1_i12:1451-2770  -            440 489997at33208        -            345   3.1e-47  160.2   0.0   1   1     8e-47   3.5e-45  153.4   0.0    32   339    13   368     9   374 0.80 -
TRINITY_DN2284_c0_g1_i2:1460-2779   -            440 489997at33208        -            345   3.1e-47  160.2   0.0   1   1     8e-47   3.5e-45  153.4   0.0    32   339    13   368     9   374 0.80 -
TRINITY_DN2284_c0_g1_i4:1451-2770   -            440 489997at33208        -            345   3.1e-47  160.2   0.0   1   1     8e-47   3.5e-45  153.4   0.0    32   339    13   368     9   374 0.80 -
TRINITY_DN2284_c0_g1_i7:1451-2770   -            440 489997at33208        -            345   3.1e-47  160.2   0.0   1   1     8e-47   3.5e-45  153.4   0.0    32   339    13   368     9   374 0.80 -
TRINITY_DN238_c0_g1_i1:692-1933     -            414 489997at33208        -            345   1.6e-46  157.8   0.0   1   2   4.1e-15   1.8e-13   49.1   0.0    32   100    37   111    31   139 0.83 -
TRINITY_DN238_c0_g1_i1:692-1933     -            414 489997at33208        -            345   1.6e-46  157.8   0.0   2   2   1.2e-32   5.2e-31  106.8   0.0   105   308   139   359   132   398 0.85 -
TRINITY_DN238_c0_g1_i3:692-1933     -            414 489997at33208        -            345   1.6e-46  157.8   0.0   1   2   4.1e-15   1.8e-13   49.1   0.0    32   100    37   111    31   139 0.83 -
TRINITY_DN238_c0_g1_i3:692-1933     -            414 489997at33208        -            345   1.6e-46  157.8   0.0   2   2   1.2e-32   5.2e-31  106.8   0.0   105   308   139   359   132   398 0.85 -
TRINITY_DN1618_c0_g2_i1:471-1652    -            394 489997at33208        -            345   1.7e-45  154.5   5.0   1   3   3.7e-17   1.6e-15   55.9   0.0    24    98    12    94     2   101 0.81 -
TRINITY_DN1618_c0_g2_i1:471-1652    -            394 489997at33208        -            345   1.7e-45  154.5   5.0   2   3   7.8e-17   3.4e-15   54.8   1.1   107   275   126   309   111   313 0.83 -
TRINITY_DN1618_c0_g2_i1:471-1652    -            394 489997at33208        -            345   1.7e-45  154.5   5.0   3   3   1.4e-13   6.2e-12   44.1   0.1   274   326   338   393   336   394 0.91 -
TRINITY_DN18121_c0_g1_i1:57-1859    -            601 489997at33208        -            345   9.3e-45  152.0   0.1   1   1   4.9e-44   2.1e-42  144.3   0.1    30   310    19   357     4   376 0.77 -
TRINITY_DN7119_c0_g1_i12:377-1636   -            420 489997at33208        -            345     4e-44  149.9   9.3   1   2   3.1e-26   1.4e-24   85.7   4.6    25   242    11   282     6   293 0.70 -
TRINITY_DN7119_c0_g1_i12:377-1636   -            420 489997at33208        -            345     4e-44  149.9   9.3   2   2   4.5e-18     2e-16   58.9   0.1   252   330   328   408   314   416 0.86 -
TRINITY_DN12998_c0_g1_i2:2003-3127  -            375 489997at33208        -            345   4.2e-44  149.9   0.0   1   1   7.2e-43   3.2e-41  140.4   0.0    33   329    15   360     5   369 0.80 -
TRINITY_DN7119_c0_g1_i4:377-1636    -            420 489997at33208        -            345   4.9e-44  149.7   9.7   1   2   3.7e-26   1.6e-24   85.5   5.0    25   242    11   282     6   293 0.70 -
TRINITY_DN7119_c0_g1_i4:377-1636    -            420 489997at33208        -            345   4.9e-44  149.7   9.7   2   2   4.5e-18     2e-16   58.9   0.1   252   330   328   408   314   416 0.86 -
TRINITY_DN12998_c0_g1_i7:1997-3187  -            397 489997at33208        -            345   4.9e-44  149.6   0.0   1   2   1.2e-10   5.1e-09   34.5   0.2    33   106    32   107    17   122 0.86 -
TRINITY_DN12998_c0_g1_i7:1997-3187  -            397 489997at33208        -            345   4.9e-44  149.6   0.0   2   2   1.6e-34   6.9e-33  113.0   0.0   104   329   128   377   120   385 0.83 -
TRINITY_DN2896_c0_g1_i3:404-1849    -            482 489997at33208        -            345   2.5e-43  147.3   3.6   1   2     5e-14   2.2e-12   45.6   0.0    33   100     2    77     1    88 0.83 -
TRINITY_DN2896_c0_g1_i3:404-1849    -            482 489997at33208        -            345   2.5e-43  147.3   3.6   2   2     4e-29   1.7e-27   95.2   1.6   102   311   103   364    74   396 0.71 -
TRINITY_DN2896_c0_g1_i1:404-1849    -            482 489997at33208        -            345   2.6e-43  147.2   3.7   1   2     5e-14   2.2e-12   45.6   0.0    33   100     2    77     1    88 0.83 -
TRINITY_DN2896_c0_g1_i1:404-1849    -            482 489997at33208        -            345   2.6e-43  147.2   3.7   2   2   4.1e-29   1.8e-27   95.2   1.7   102   311   103   364    74   396 0.71 -
TRINITY_DN2896_c0_g1_i2:404-1849    -            482 489997at33208        -            345   2.6e-43  147.2   3.7   1   2     5e-14   2.2e-12   45.6   0.0    33   100     2    77     1    88 0.83 -
TRINITY_DN2896_c0_g1_i2:404-1849    -            482 489997at33208        -            345   2.6e-43  147.2   3.7   2   2   4.1e-29   1.8e-27   95.2   1.7   102   311   103   364    74   396 0.71 -
TRINITY_DN11359_c0_g1_i3:29-946     -            306 489997at33208        -            345     4e-43  146.6   0.0   1   1   1.3e-44   5.8e-43  146.1   0.0   106   316    46   275    41   291 0.84 -
TRINITY_DN11359_c0_g1_i6:29-946     -            306 489997at33208        -            345     4e-43  146.6   0.0   1   1   1.3e-44   5.8e-43  146.1   0.0   106   316    46   275    41   291 0.84 -
TRINITY_DN11359_c0_g1_i9:418-1335   -            306 489997at33208        -            345     4e-43  146.6   0.0   1   1   1.3e-44   5.8e-43  146.1   0.0   106   316    46   275    41   291 0.84 -
TRINITY_DN5165_c0_g1_i1:119-2296    -            726 489997at33208        -            345   2.1e-39  134.4   3.5   1   4   2.4e-12     1e-10   40.0   0.0    29    75    18    64    12    70 0.91 -
TRINITY_DN5165_c0_g1_i1:119-2296    -            726 489997at33208        -            345   2.1e-39  134.4   3.5   2   4      0.24        10    3.9   0.0    79    96   280   297   277   309 0.87 -
TRINITY_DN5165_c0_g1_i1:119-2296    -            726 489997at33208        -            345   2.1e-39  134.4   3.5   3   4   0.00022    0.0098   13.8   0.1    95   150   327   379   303   444 0.67 -
TRINITY_DN5165_c0_g1_i1:119-2296    -            726 489997at33208        -            345   2.1e-39  134.4   3.5   4   4   9.6e-23   4.2e-21   74.2   0.1   198   309   481   603   435   623 0.77 -
TRINITY_DN2531_c0_g1_i2:1-879       -            293 489997at33208        -            345   4.6e-38  130.0   2.7   1   1   1.4e-39     6e-38  129.6   2.7   106   328    41   281    31   290 0.82 -
TRINITY_DN2507_c0_g1_i10:281-1405   -            375 489997at33208        -            345   4.8e-38  130.0   0.1   1   2   2.5e-13   1.1e-11   43.3   0.0    33   104    83   161    73   166 0.84 -
TRINITY_DN2507_c0_g1_i10:281-1405   -            375 489997at33208        -            345   4.8e-38  130.0   0.1   2   2   6.3e-26   2.8e-24   84.7   0.0   106   278   186   375   180   375 0.83 -
TRINITY_DN4063_c0_g1_i7:450-2024    -            525 489997at33208        -            345   1.2e-36  125.4   1.8   1   3     1e-11   4.6e-10   37.9   0.1    52   110   165   227   159   248 0.76 -
TRINITY_DN4063_c0_g1_i7:450-2024    -            525 489997at33208        -            345   1.2e-36  125.4   1.8   2   3   2.9e-06   0.00013   20.1   0.0   107   152   254   302   249   312 0.84 -
TRINITY_DN4063_c0_g1_i7:450-2024    -            525 489997at33208        -            345   1.2e-36  125.4   1.8   3   3     6e-20   2.6e-18   65.0   0.1   193   309   399   522   384   523 0.87 -
TRINITY_DN4063_c0_g1_i3:450-1997    -            516 489997at33208        -            345   1.2e-36  125.4   1.9   1   3     1e-11   4.5e-10   38.0   0.1    52   110   156   218   150   239 0.76 -
TRINITY_DN4063_c0_g1_i3:450-1997    -            516 489997at33208        -            345   1.2e-36  125.4   1.9   2   3   2.8e-06   0.00012   20.1   0.0   107   152   245   293   240   303 0.84 -
TRINITY_DN4063_c0_g1_i3:450-1997    -            516 489997at33208        -            345   1.2e-36  125.4   1.9   3   3   5.8e-20   2.5e-18   65.1   0.1   193   309   390   513   374   514 0.87 -
TRINITY_DN4063_c0_g1_i4:450-2396    -            649 489997at33208        -            345   2.9e-36  124.1   1.8   1   3   1.4e-11   6.1e-10   37.5   0.1    52   110   289   351   283   372 0.76 -
TRINITY_DN4063_c0_g1_i4:450-2396    -            649 489997at33208        -            345   2.9e-36  124.1   1.8   2   3   3.9e-06   0.00017   19.6   0.0   107   152   378   426   374   436 0.83 -
TRINITY_DN4063_c0_g1_i4:450-2396    -            649 489997at33208        -            345   2.9e-36  124.1   1.8   3   3   8.6e-20   3.8e-18   64.5   0.1   193   309   523   646   508   647 0.87 -
TRINITY_DN4063_c0_g1_i5:450-2396    -            649 489997at33208        -            345   2.9e-36  124.1   1.8   1   3   1.4e-11   6.1e-10   37.5   0.1    52   110   289   351   283   372 0.76 -
TRINITY_DN4063_c0_g1_i5:450-2396    -            649 489997at33208        -            345   2.9e-36  124.1   1.8   2   3   3.9e-06   0.00017   19.6   0.0   107   152   378   426   374   436 0.83 -
TRINITY_DN4063_c0_g1_i5:450-2396    -            649 489997at33208        -            345   2.9e-36  124.1   1.8   3   3   8.6e-20   3.8e-18   64.5   0.1   193   309   523   646   508   647 0.87 -
TRINITY_DN5065_c0_g1_i1:568-1701    -            378 489997at33208        -            345   7.6e-36  122.7   0.2   1   3   7.4e-20   3.2e-18   64.7   0.1    25   100     5    80     2    98 0.89 -
TRINITY_DN5065_c0_g1_i1:568-1701    -            378 489997at33208        -            345   7.6e-36  122.7   0.2   2   3      0.23        10    3.9   0.0   107   142   111   148   104   151 0.80 -
TRINITY_DN5065_c0_g1_i1:568-1701    -            378 489997at33208        -            345   7.6e-36  122.7   0.2   3   3   1.6e-15     7e-14   50.5   0.0   149   310   178   356   174   375 0.80 -
TRINITY_DN1764_c0_g1_i2:65-2239     -            725 489997at33208        -            345   3.4e-35  120.6   2.6   1   2   2.8e-10   1.2e-08   33.3   0.0    33    80   232   280   208   286 0.84 -
TRINITY_DN1764_c0_g1_i2:65-2239     -            725 489997at33208        -            345   3.4e-35  120.6   2.6   2   2   2.7e-23   1.2e-21   76.1   2.0   106   308   348   588   291   614 0.71 -
TRINITY_DN1764_c0_g1_i1:65-2239     -            725 489997at33208        -            345   3.4e-35  120.6   2.6   1   2   2.8e-10   1.2e-08   33.3   0.0    33    80   232   280   208   286 0.84 -
TRINITY_DN1764_c0_g1_i1:65-2239     -            725 489997at33208        -            345   3.4e-35  120.6   2.6   2   2   2.7e-23   1.2e-21   76.1   2.0   106   308   348   588   291   614 0.71 -
TRINITY_DN166536_c0_g1_i1:4-966     -            321 489997at33208        -            345   7.1e-34  116.2   0.1   1   2   3.7e-16   1.6e-14   52.6   0.1    32   100    59   134    46   145 0.83 -
TRINITY_DN166536_c0_g1_i1:4-966     -            321 489997at33208        -            345   7.1e-34  116.2   0.1   2   2   6.3e-19   2.8e-17   61.7   0.0   106   251   163   319   158   321 0.81 -
TRINITY_DN26382_c0_g1_i10:575-1390  -            272 489997at33208        -            345   5.8e-28   96.8   0.1   1   1   1.7e-29   7.4e-28   96.4   0.1   132   324     6   214     1   228 0.82 -
TRINITY_DN26382_c0_g1_i13:257-1072  -            272 489997at33208        -            345   5.8e-28   96.8   0.1   1   1   1.7e-29   7.4e-28   96.4   0.1   132   324     6   214     1   228 0.82 -
TRINITY_DN26382_c0_g1_i1:578-1393   -            272 489997at33208        -            345   5.8e-28   96.8   0.1   1   1   1.7e-29   7.4e-28   96.4   0.1   132   324     6   214     1   228 0.82 -
TRINITY_DN2531_c0_g1_i6:354-782     -            143 489997at33208        -            345   1.7e-27   95.3   0.1   1   1   4.3e-29   1.9e-27   95.1   0.1   194   316    10   141     3   143 0.86 -
TRINITY_DN2284_c0_g1_i1:222-1139    -            306 489997at33208        -            345   2.5e-27   94.7   0.0   1   1     7e-29   3.1e-27   94.4   0.0   134   340     1   224     1   229 0.85 -
TRINITY_DN7119_c0_g1_i17:606-1646   -            347 489997at33208        -            345   7.7e-27   93.1  10.1   1   2   1.8e-09   7.8e-08   30.6   5.2    68   242     2   230     1   239 0.63 -
TRINITY_DN7119_c0_g1_i17:606-1646   -            347 489997at33208        -            345   7.7e-27   93.1  10.1   2   2   1.4e-17   6.3e-16   57.2   0.2   252   319   276   346   263   347 0.90 -
TRINITY_DN5382_c0_g1_i5:0-539       -            180 489997at33208        -            345   2.5e-24   84.8   0.0   1   1   6.9e-26     3e-24   84.6   0.0   238   325     2    95     1   101 0.86 -
TRINITY_DN2531_c0_g1_i5:875-1291    -            139 489997at33208        -            345     3e-24   84.6   0.1   1   1   7.8e-26   3.4e-24   84.4   0.1   220   328     1   115     1   127 0.91 -
TRINITY_DN121457_c0_g1_i1:278-838   -            187 489997at33208        -            345   3.2e-21   74.6   0.0   1   2   7.3e-18   3.2e-16   58.2   0.0    29   100    16    92     7   111 0.84 -
TRINITY_DN121457_c0_g1_i1:278-838   -            187 489997at33208        -            345   3.2e-21   74.6   0.0   2   2   0.00011    0.0048   14.9   0.0   105   149   120   166   112   187 0.82 -
TRINITY_DN7119_c0_g1_i3:377-1048    -            224 489997at33208        -            345   3.2e-21   74.6   3.5   1   1   1.1e-20   4.9e-19   67.4   3.5    25   157    11   169     6   224 0.70 -
TRINITY_DN539_c0_g1_i11:802-1290    -            163 489997at33208        -            345   1.6e-19   69.0   0.0   1   1   5.1e-21   2.2e-19   68.6   0.0   221   313     1    95     1   115 0.80 -
TRINITY_DN539_c0_g1_i14:2544-3032   -            163 489997at33208        -            345   1.6e-19   69.0   0.0   1   1   5.1e-21   2.2e-19   68.6   0.0   221   313     1    95     1   115 0.80 -
TRINITY_DN539_c0_g1_i3:805-1293     -            163 489997at33208        -            345   1.6e-19   69.0   0.0   1   1   5.1e-21   2.2e-19   68.6   0.0   221   313     1    95     1   115 0.80 -
TRINITY_DN539_c0_g1_i9:185-673      -            163 489997at33208        -            345   1.6e-19   69.0   0.0   1   1   5.1e-21   2.2e-19   68.6   0.0   221   313     1    95     1   115 0.80 -
TRINITY_DN2531_c0_g1_i11:409-960    -            184 489997at33208        -            345   9.2e-17   60.0   0.3   1   2   2.2e-12   9.7e-11   40.2   0.0    33    99    13    81     5   105 0.86 -
TRINITY_DN2531_c0_g1_i11:409-960    -            184 489997at33208        -            345   9.2e-17   60.0   0.3   2   2   9.8e-06   0.00043   18.3   0.1   106   166   113   183   102   184 0.72 -
TRINITY_DN2284_c0_g1_i10:1457-1942  -            162 489997at33208        -            345   1.8e-16   59.0   0.0   1   1   5.1e-18   2.2e-16   58.7   0.0   253   340     2    91     1    96 0.86 -
TRINITY_DN3551_c0_g1_i11:1618-2676  -            353 489997at33208        -            345   4.7e-16   57.6   0.6   1   2   1.6e-07   7.2e-06   24.2   0.0    29    78    16    65    11    74 0.92 -
TRINITY_DN3551_c0_g1_i11:1618-2676  -            353 489997at33208        -            345   4.7e-16   57.6   0.6   2   2   5.5e-09   2.4e-07   29.0   0.2   106   294   130   345   107   352 0.76 -
TRINITY_DN3551_c0_g1_i15:1657-2715  -            353 489997at33208        -            345   4.7e-16   57.6   0.6   1   2   1.6e-07   7.2e-06   24.2   0.0    29    78    16    65    11    74 0.92 -
TRINITY_DN3551_c0_g1_i15:1657-2715  -            353 489997at33208        -            345   4.7e-16   57.6   0.6   2   2   5.5e-09   2.4e-07   29.0   0.2   106   294   130   345   107   352 0.76 -
TRINITY_DN3551_c0_g1_i16:1657-2715  -            353 489997at33208        -            345   4.7e-16   57.6   0.6   1   2   1.6e-07   7.2e-06   24.2   0.0    29    78    16    65    11    74 0.92 -
TRINITY_DN3551_c0_g1_i16:1657-2715  -            353 489997at33208        -            345   4.7e-16   57.6   0.6   2   2   5.5e-09   2.4e-07   29.0   0.2   106   294   130   345   107   352 0.76 -
TRINITY_DN3551_c0_g1_i2:1618-2676   -            353 489997at33208        -            345   4.7e-16   57.6   0.6   1   2   1.6e-07   7.2e-06   24.2   0.0    29    78    16    65    11    74 0.92 -
TRINITY_DN3551_c0_g1_i2:1618-2676   -            353 489997at33208        -            345   4.7e-16   57.6   0.6   2   2   5.5e-09   2.4e-07   29.0   0.2   106   294   130   345   107   352 0.76 -
TRINITY_DN3551_c0_g1_i3:1657-2715   -            353 489997at33208        -            345   4.7e-16   57.6   0.6   1   2   1.6e-07   7.2e-06   24.2   0.0    29    78    16    65    11    74 0.92 -
TRINITY_DN3551_c0_g1_i3:1657-2715   -            353 489997at33208        -            345   4.7e-16   57.6   0.6   2   2   5.5e-09   2.4e-07   29.0   0.2   106   294   130   345   107   352 0.76 -
TRINITY_DN3551_c0_g1_i6:1618-2676   -            353 489997at33208        -            345   4.7e-16   57.6   0.6   1   2   1.6e-07   7.2e-06   24.2   0.0    29    78    16    65    11    74 0.92 -
TRINITY_DN3551_c0_g1_i6:1618-2676   -            353 489997at33208        -            345   4.7e-16   57.6   0.6   2   2   5.5e-09   2.4e-07   29.0   0.2   106   294   130   345   107   352 0.76 -
TRINITY_DN3551_c0_g1_i7:1618-2676   -            353 489997at33208        -            345   4.7e-16   57.6   0.6   1   2   1.6e-07   7.2e-06   24.2   0.0    29    78    16    65    11    74 0.92 -
TRINITY_DN3551_c0_g1_i7:1618-2676   -            353 489997at33208        -            345   4.7e-16   57.6   0.6   2   2   5.5e-09   2.4e-07   29.0   0.2   106   294   130   345   107   352 0.76 -
TRINITY_DN7797_c0_g1_i16:1709-3757  -            683 489997at33208        -            345   2.1e-15   55.5   0.2   1   2   6.2e-05    0.0027   15.7   0.0    32    92     4    64     1    72 0.86 -
TRINITY_DN7797_c0_g1_i16:1709-3757  -            683 489997at33208        -            345   2.1e-15   55.5   0.2   2   2   1.2e-11   5.5e-10   37.7   0.0   252   309   313   370   301   375 0.93 -
TRINITY_DN7797_c0_g1_i11:1697-4030  -            778 489997at33208        -            345   2.8e-15   55.1   0.2   1   2   7.3e-05    0.0032   15.4   0.0    32    92     4    64     1    72 0.86 -
TRINITY_DN7797_c0_g1_i11:1697-4030  -            778 489997at33208        -            345   2.8e-15   55.1   0.2   2   2   1.5e-11   6.4e-10   37.5   0.0   252   309   313   370   301   375 0.93 -
TRINITY_DN7797_c0_g1_i14:1697-4363  -            889 489997at33208        -            345   3.9e-15   54.6   0.2   1   2   8.6e-05    0.0038   15.2   0.0    32    92     4    64     1    72 0.86 -
TRINITY_DN7797_c0_g1_i14:1697-4363  -            889 489997at33208        -            345   3.9e-15   54.6   0.2   2   2   1.8e-11     8e-10   37.1   0.0   252   309   313   370   302   375 0.93 -
TRINITY_DN10820_c0_g1_i1:74-454     -            127 489997at33208        -            345   5.2e-15   54.2   0.0   1   1   1.4e-16   5.9e-15   54.0   0.0    22    98     7    90     2   118 0.85 -
TRINITY_DN7285_c0_g1_i2:562-1821    -            420 489997at33208        -            345   2.1e-13   48.9   0.1   1   2    0.0035      0.15    9.9   0.0    27    73    23    69    16   120 0.91 -
TRINITY_DN7285_c0_g1_i2:562-1821    -            420 489997at33208        -            345   2.1e-13   48.9   0.1   2   2   2.6e-11   1.1e-09   36.7   0.0   210   309   244   350   184   360 0.78 -
TRINITY_DN20496_c0_g1_i3:841-2367   -            509 489997at33208        -            345   2.7e-13   48.5   0.0   1   2   0.00053     0.023   12.6   0.0    23    93    28    95    24   179 0.78 -
TRINITY_DN20496_c0_g1_i3:841-2367   -            509 489997at33208        -            345   2.7e-13   48.5   0.0   2   2   2.1e-10     9e-09   33.7   0.0   217   309   263   358   250   364 0.92 -
TRINITY_DN7285_c0_g1_i1:622-1815    -            398 489997at33208        -            345   3.8e-13   48.1   0.1   1   2    0.0067      0.29    9.0   0.0    28    73     2    47     1    99 0.91 -
TRINITY_DN7285_c0_g1_i1:622-1815    -            398 489997at33208        -            345   3.8e-13   48.1   0.1   2   2   2.3e-11     1e-09   36.8   0.0   210   309   222   328   162   338 0.78 -
TRINITY_DN3425_c0_g1_i1:74-1336     -            421 489997at33208        -            345   8.6e-13   46.9   0.0   1   2   0.00052     0.023   12.6   0.0    40    74    14    49     7    75 0.84 -
TRINITY_DN3425_c0_g1_i1:74-1336     -            421 489997at33208        -            345   8.6e-13   46.9   0.0   2   2   6.5e-10   2.9e-08   32.0   0.0   217   307   241   334   226   353 0.91 -
TRINITY_DN397_c0_g1_i10:2383-4020   -            546 489997at33208        -            345   1.7e-12   45.9   0.0   1   2     0.013      0.56    8.1   0.0    33   101    15    80     8    87 0.80 -
TRINITY_DN397_c0_g1_i10:2383-4020   -            546 489997at33208        -            345   1.7e-12   45.9   0.0   2   2   5.7e-11   2.5e-09   35.5   0.0   207   310   228   334   173   348 0.83 -
TRINITY_DN397_c0_g1_i13:923-2560    -            546 489997at33208        -            345   1.7e-12   45.9   0.0   1   2     0.013      0.56    8.1   0.0    33   101    15    80     8    87 0.80 -
TRINITY_DN397_c0_g1_i13:923-2560    -            546 489997at33208        -            345   1.7e-12   45.9   0.0   2   2   5.7e-11   2.5e-09   35.5   0.0   207   310   228   334   173   348 0.83 -
TRINITY_DN397_c0_g1_i1:2383-4020    -            546 489997at33208        -            345   1.7e-12   45.9   0.0   1   2     0.013      0.56    8.1   0.0    33   101    15    80     8    87 0.80 -
TRINITY_DN397_c0_g1_i1:2383-4020    -            546 489997at33208        -            345   1.7e-12   45.9   0.0   2   2   5.7e-11   2.5e-09   35.5   0.0   207   310   228   334   173   348 0.83 -
TRINITY_DN397_c0_g1_i8:1611-3248    -            546 489997at33208        -            345   1.7e-12   45.9   0.0   1   2     0.013      0.56    8.1   0.0    33   101    15    80     8    87 0.80 -
TRINITY_DN397_c0_g1_i8:1611-3248    -            546 489997at33208        -            345   1.7e-12   45.9   0.0   2   2   5.7e-11   2.5e-09   35.5   0.0   207   310   228   334   173   348 0.83 -
TRINITY_DN397_c0_g1_i9:2383-4020    -            546 489997at33208        -            345   1.7e-12   45.9   0.0   1   2     0.013      0.56    8.1   0.0    33   101    15    80     8    87 0.80 -
TRINITY_DN397_c0_g1_i9:2383-4020    -            546 489997at33208        -            345   1.7e-12   45.9   0.0   2   2   5.7e-11   2.5e-09   35.5   0.0   207   310   228   334   173   348 0.83 -
TRINITY_DN46185_c0_g2_i1:8-352      -            115 489997at33208        -            345   7.1e-12   43.9   0.0   1   1   2.1e-13     9e-12   43.6   0.0    34   109    22   107    10   112 0.77 -
TRINITY_DN45110_c0_g1_i2:259-1884   -            542 489997at33208        -            345   4.2e-11   41.4   0.2   1   2   1.1e-06   4.9e-05   21.4   0.0    39    92     6    62     2    77 0.80 -
TRINITY_DN45110_c0_g1_i2:259-1884   -            542 489997at33208        -            345   4.2e-11   41.4   0.2   2   2   1.6e-05   0.00072   17.6   0.1   262   309   295   342   279   350 0.90 -
TRINITY_DN45110_c0_g1_i4:259-1884   -            542 489997at33208        -            345   4.2e-11   41.4   0.2   1   2   1.1e-06   4.9e-05   21.4   0.0    39    92     6    62     2    77 0.80 -
TRINITY_DN45110_c0_g1_i4:259-1884   -            542 489997at33208        -            345   4.2e-11   41.4   0.2   2   2   1.6e-05   0.00072   17.6   0.1   262   309   295   342   279   350 0.90 -
TRINITY_DN28028_c1_g2_i2:171-1706   -            488 489997at33208        -            345   2.3e-10   39.0   0.1   1   2   0.00093     0.041   11.8   0.0    41    78     1    38     1    49 0.86 -
TRINITY_DN28028_c1_g2_i2:171-1706   -            488 489997at33208        -            345   2.3e-10   39.0   0.1   2   2   1.3e-07   5.5e-06   24.5   0.1   210   309   207   320   199   332 0.67 -
TRINITY_DN21671_c0_g1_i2:430-2082   -            551 489997at33208        -            345   4.8e-09   34.6   0.4   1   2    0.0066      0.29    9.0   0.0    38    79    26    68    13    89 0.85 -
TRINITY_DN21671_c0_g1_i2:430-2082   -            551 489997at33208        -            345   4.8e-09   34.6   0.4   2   2   4.4e-07   1.9e-05   22.7   0.3   257   316   321   382   253   385 0.86 -
TRINITY_DN23382_c0_g2_i3:2-976      -            325 489997at33208        -            345   6.6e-09   34.1   0.0   1   1   3.3e-10   1.4e-08   33.0   0.0   210   312    57   172    39   184 0.78 -
TRINITY_DN23382_c0_g2_i2:695-1681   -            329 489997at33208        -            345   6.7e-09   34.1   0.0   1   1   3.5e-10   1.5e-08   32.9   0.0   210   312    57   172    39   182 0.78 -
TRINITY_DN16134_c0_g1_i6:12-356     -            115 489997at33208        -            345   7.1e-09   34.0   0.3   1   1   1.8e-10     8e-09   33.9   0.3   106   176    27   108    20   115 0.77 -
TRINITY_DN23382_c0_g2_i1:123-542    -            140 489997at33208        -            345   7.4e-09   34.0   0.0   1   1   2.1e-10   9.4e-09   33.6   0.0   242   312    33   108     1   121 0.76 -
TRINITY_DN47613_c0_g1_i2:100-1131   -            344 489997at33208        -            345   9.5e-09   33.6   0.1   1   2     0.018      0.77    7.6   0.0    41    68     1    28     1    67 0.87 -
TRINITY_DN47613_c0_g1_i2:100-1131   -            344 489997at33208        -            345   9.5e-09   33.6   0.1   2   2   2.3e-07     1e-05   23.7   0.1   247   310   272   337   225   343 0.76 -
TRINITY_DN40367_c0_g1_i2:49-1146    -            366 489997at33208        -            345     1e-08   33.5   0.0   1   2   7.6e-06   0.00033   18.7   0.0    24    80     4    61     1    71 0.89 -
TRINITY_DN40367_c0_g1_i2:49-1146    -            366 489997at33208        -            345     1e-08   33.5   0.0   2   2   0.00046      0.02   12.8   0.0   247   307   303   364   259   366 0.88 -
TRINITY_DN9480_c0_g1_i1:4112-5233   -            374 489997at33208        -            345     1e-06   26.9   0.2   1   1   8.4e-08   3.7e-06   25.1   0.0    40    98     2    62     1   130 0.83 -
TRINITY_DN26856_c0_g1_i2:508-930    -            141 489997at33208        -            345   1.4e-06   26.5   0.1   1   1     4e-08   1.8e-06   26.2   0.1   252   309    47   106    30   117 0.89 -
TRINITY_DN47613_c0_g1_i1:67-669     -            201 489997at33208        -            345   1.8e-06   26.1   0.3   1   1   7.5e-08   3.3e-06   25.3   0.1   246   310   128   194    85   200 0.75 -
TRINITY_DN3434_c0_g1_i3:530-1816    -            429 489997at33208        -            345   2.1e-06   25.9   0.1   1   2    0.0013     0.055   11.4   0.0    41    94     1    61     1    76 0.77 -
TRINITY_DN3434_c0_g1_i3:530-1816    -            429 489997at33208        -            345   2.1e-06   25.9   0.1   2   2   0.00067     0.029   12.3   0.1   247   309   279   342   234   350 0.84 -
TRINITY_DN21736_c0_g1_i5:167-682    -            172 489997at33208        -            345   3.1e-06   25.3   0.1   1   1   1.5e-07   6.5e-06   24.3   0.1   218   311    16   123     9   139 0.71 -
TRINITY_DN26856_c0_g1_i1:0-947      -            316 489997at33208        -            345   4.4e-06   24.9   0.0   1   1   2.1e-07   9.3e-06   23.8   0.0   252   309    50   109    35   120 0.89 -
TRINITY_DN54352_c0_g1_i1:160-1317   -            386 489997at33208        -            345   4.6e-06   24.8   0.2   1   1   2.5e-07   1.1e-05   23.6   0.2   261   311   149   199   132   207 0.88 -
TRINITY_DN28028_c1_g2_i3:426-1199   -            258 489997at33208        -            345   5.8e-06   24.5   0.1   1   1   1.9e-07   8.4e-06   23.9   0.1   252   311    49   112     2   120 0.81 -
TRINITY_DN93351_c0_g1_i1:134-853    -            240 489997at33208        -            345   6.2e-06   24.3   0.0   1   1   2.4e-07     1e-05   23.6   0.0   253   309    18    76     4    83 0.83 -
TRINITY_DN21736_c0_g1_i1:150-1181   -            344 489997at33208        -            345   1.2e-05   23.4   0.1   1   1   7.2e-07   3.2e-05   22.0   0.1   218   311    88   195    78   211 0.71 -
TRINITY_DN2208_c0_g1_i1:4802-7237   -            812 489997at33208        -            345   1.3e-05   23.3   0.8   1   1   4.8e-07   2.1e-05   22.6   0.2   209   319   648   770   620   791 0.75 -
TRINITY_DN21736_c0_g1_i2:150-1265   -            372 489997at33208        -            345   1.4e-05   23.2   0.1   1   1   8.4e-07   3.7e-05   21.8   0.1   219   311   117   223   106   239 0.71 -
TRINITY_DN21649_c3_g1_i1:753-1340   -            196 489997at33208        -            345   1.6e-05   23.0   0.0   1   1   3.7e-07   1.6e-05   23.0   0.0   239   307   122   195    27   196 0.88 -
TRINITY_DN21649_c3_g1_i3:729-1316   -            196 489997at33208        -            345   1.6e-05   23.0   0.0   1   1   3.7e-07   1.6e-05   23.0   0.0   239   307   122   195    27   196 0.88 -
TRINITY_DN24611_c0_g1_i2:2-709      -            236 489997at33208        -            345   2.6e-05   22.3   0.0   1   1   8.6e-07   3.7e-05   21.8   0.0   264   311    25    72    19    94 0.89 -
TRINITY_DN24611_c0_g1_i3:2-709      -            236 489997at33208        -            345   2.6e-05   22.3   0.0   1   1   8.6e-07   3.7e-05   21.8   0.0   264   311    25    72    19    94 0.89 -
TRINITY_DN3983_c0_g1_i6:161-733     -            191 489997at33208        -            345     3e-05   22.1   0.0   1   1   8.9e-07   3.9e-05   21.7   0.0   252   307   133   190    84   191 0.79 -
TRINITY_DN21736_c0_g1_i3:75-803     -            243 489997at33208        -            345   3.9e-05   21.7   0.0   1   1   1.7e-06   7.6e-05   20.8   0.0   252   311     8    69     2    87 0.87 -
TRINITY_DN21340_c0_g1_i1:55-405     -            117 489997at33208        -            345   6.4e-05   21.0   0.0   1   1   2.1e-06   9.4e-05   20.5   0.0   264   310    63   109    56   112 0.90 -
TRINITY_DN21340_c0_g1_i2:757-1107   -            117 489997at33208        -            345   6.4e-05   21.0   0.0   1   1   2.1e-06   9.4e-05   20.5   0.0   264   310    63   109    56   112 0.90 -
TRINITY_DN18383_c0_g1_i1:1581-3833  -            751 489997at33208        -            345   6.4e-05   21.0   0.1   1   2       2.6   1.1e+02    0.5   0.0   108   141   112   145    98   179 0.86 -
TRINITY_DN18383_c0_g1_i1:1581-3833  -            751 489997at33208        -            345   6.4e-05   21.0   0.1   2   2   2.2e-05   0.00095   17.2   0.1   211   312   606   717   593   736 0.77 -
TRINITY_DN18383_c0_g1_i3:1581-3809  -            743 489997at33208        -            345   6.5e-05   21.0   0.1   1   2       2.5   1.1e+02    0.5   0.0   108   141   112   145    98   179 0.86 -
TRINITY_DN18383_c0_g1_i3:1581-3809  -            743 489997at33208        -            345   6.5e-05   21.0   0.1   2   2   2.2e-05   0.00097   17.1   0.1   211   312   606   717   593   733 0.77 -
TRINITY_DN13974_c0_g1_i1:998-2893   -            632 489997at33208        -            345   6.9e-05   20.9   0.3   1   2       4.7     2e+02   -0.4   0.0    51    82    39    69    34    83 0.78 -
TRINITY_DN13974_c0_g1_i1:998-2893   -            632 489997at33208        -            345   6.9e-05   20.9   0.3   2   2   8.5e-06   0.00037   18.5   0.1   217   325   428   547   414   566 0.69 -
TRINITY_DN13974_c0_g1_i2:998-2893   -            632 489997at33208        -            345   6.9e-05   20.9   0.3   1   2       4.7     2e+02   -0.4   0.0    51    82    39    69    34    83 0.78 -
TRINITY_DN13974_c0_g1_i2:998-2893   -            632 489997at33208        -            345   6.9e-05   20.9   0.3   2   2   8.5e-06   0.00037   18.5   0.1   217   325   428   547   414   566 0.69 -
TRINITY_DN13974_c0_g1_i7:998-2893   -            632 489997at33208        -            345   6.9e-05   20.9   0.3   1   2       4.7     2e+02   -0.4   0.0    51    82    39    69    34    83 0.78 -
TRINITY_DN13974_c0_g1_i7:998-2893   -            632 489997at33208        -            345   6.9e-05   20.9   0.3   2   2   8.5e-06   0.00037   18.5   0.1   217   325   428   547   414   566 0.69 -
TRINITY_DN13974_c0_g1_i9:998-2893   -            632 489997at33208        -            345   6.9e-05   20.9   0.3   1   2       4.7     2e+02   -0.4   0.0    51    82    39    69    34    83 0.78 -
TRINITY_DN13974_c0_g1_i9:998-2893   -            632 489997at33208        -            345   6.9e-05   20.9   0.3   2   2   8.5e-06   0.00037   18.5   0.1   217   325   428   547   414   566 0.69 -
TRINITY_DN3983_c0_g1_i10:392-1372   -            327 489997at33208        -            345   7.2e-05   20.9   0.0   1   1   2.7e-06   0.00012   20.2   0.0   252   307   269   326   224   327 0.80 -
TRINITY_DN3983_c0_g1_i1:392-1372    -            327 489997at33208        -            345   7.2e-05   20.9   0.0   1   1   2.7e-06   0.00012   20.2   0.0   252   307   269   326   224   327 0.80 -
TRINITY_DN30105_c0_g2_i1:612-1685   -            358 489997at33208        -            345   8.5e-05   20.6   0.2   1   1   3.4e-06   0.00015   19.8   0.2   262   312   105   155    37   163 0.93 -
TRINITY_DN4499_c0_g1_i11:4426-5574  -            383 489997at33208        -            345   8.8e-05   20.6   0.4   1   2   5.4e-05    0.0024   15.9   0.0    37    81     5    50     1    71 0.82 -
TRINITY_DN4499_c0_g1_i11:4426-5574  -            383 489997at33208        -            345   8.8e-05   20.6   0.4   2   2         1        44    1.8   0.0   258   281   324   347   306   354 0.72 -
TRINITY_DN4499_c0_g1_i12:4426-5574  -            383 489997at33208        -            345   8.8e-05   20.6   0.4   1   2   5.4e-05    0.0024   15.9   0.0    37    81     5    50     1    71 0.82 -
TRINITY_DN4499_c0_g1_i12:4426-5574  -            383 489997at33208        -            345   8.8e-05   20.6   0.4   2   2         1        44    1.8   0.0   258   281   324   347   306   354 0.72 -
TRINITY_DN4499_c0_g1_i1:4426-5574   -            383 489997at33208        -            345   8.8e-05   20.6   0.4   1   2   5.4e-05    0.0024   15.9   0.0    37    81     5    50     1    71 0.82 -
TRINITY_DN4499_c0_g1_i1:4426-5574   -            383 489997at33208        -            345   8.8e-05   20.6   0.4   2   2         1        44    1.8   0.0   258   281   324   347   306   354 0.72 -
TRINITY_DN4499_c0_g1_i4:4426-5574   -            383 489997at33208        -            345   8.8e-05   20.6   0.4   1   2   5.4e-05    0.0024   15.9   0.0    37    81     5    50     1    71 0.82 -
TRINITY_DN4499_c0_g1_i4:4426-5574   -            383 489997at33208        -            345   8.8e-05   20.6   0.4   2   2         1        44    1.8   0.0   258   281   324   347   306   354 0.72 -
TRINITY_DN4499_c0_g1_i5:4426-5574   -            383 489997at33208        -            345   8.8e-05   20.6   0.4   1   2   5.4e-05    0.0024   15.9   0.0    37    81     5    50     1    71 0.82 -
TRINITY_DN4499_c0_g1_i5:4426-5574   -            383 489997at33208        -            345   8.8e-05   20.6   0.4   2   2         1        44    1.8   0.0   258   281   324   347   306   354 0.72 -
TRINITY_DN46482_c0_g1_i1:19-696     -            226 489997at33208        -            345   0.00012   20.1   0.0   1   1   3.7e-06   0.00016   19.7   0.0   263   312     2    51     1    93 0.92 -
TRINITY_DN46482_c0_g1_i2:19-696     -            226 489997at33208        -            345   0.00012   20.1   0.0   1   1   3.7e-06   0.00016   19.7   0.0   263   312     2    51     1    93 0.92 -
TRINITY_DN10347_c0_g1_i10:898-1269  -            124 489997at33208        -            345   0.00019   19.5   0.1   1   2     1e-05   0.00046   18.2   0.0   264   308     5    49     2    59 0.92 -
TRINITY_DN10347_c0_g1_i10:898-1269  -            124 489997at33208        -            345   0.00019   19.5   0.1   2   2       9.4   4.1e+02   -1.4   0.0   135   175    54    94    51   107 0.72 -
TRINITY_DN26534_c0_g1_i2:1091-2173  -            361 489997at33208        -            345   0.00029   18.9   0.1   1   2       5.4   2.4e+02   -0.6   0.0   127   152   103   128    93   135 0.84 -
TRINITY_DN26534_c0_g1_i2:1091-2173  -            361 489997at33208        -            345   0.00029   18.9   0.1   2   2   3.5e-05    0.0015   16.5   0.1   251   309   288   348   178   352 0.80 -
TRINITY_DN26534_c0_g1_i1:700-1782   -            361 489997at33208        -            345   0.00031   18.8   0.1   1   2       5.4   2.4e+02   -0.6   0.0   127   152   103   128    93   135 0.84 -
TRINITY_DN26534_c0_g1_i1:700-1782   -            361 489997at33208        -            345   0.00031   18.8   0.1   2   2   3.5e-05    0.0015   16.5   0.1   252   309   289   348   178   352 0.82 -
TRINITY_DN9480_c0_g1_i1:1553-2698   -            382 489997at33208        -            345   0.00038   18.5   0.6   1   1   3.2e-05    0.0014   16.6   0.4    39    80     7    49     1   237 0.82 -
TRINITY_DN30422_c0_g1_i10:3843-4946 -            368 489997at33208        -            345   0.00038   18.5   0.2   1   3     0.015      0.65    7.9   0.0    50    79     4    33     1    52 0.86 -
TRINITY_DN30422_c0_g1_i10:3843-4946 -            368 489997at33208        -            345   0.00038   18.5   0.2   2   3      0.77        34    2.2   0.0   215   238   236   259   218   288 0.79 -
TRINITY_DN30422_c0_g1_i10:3843-4946 -            368 489997at33208        -            345   0.00038   18.5   0.2   3   3       0.2       8.6    4.2   0.0   252   282   305   335   289   352 0.85 -
TRINITY_DN30422_c0_g1_i9:3843-4946  -            368 489997at33208        -            345   0.00039   18.5   0.1   1   3     0.015      0.66    7.8   0.0    50    79     4    33     1    50 0.85 -
TRINITY_DN30422_c0_g1_i9:3843-4946  -            368 489997at33208        -            345   0.00039   18.5   0.1   2   3      0.77        34    2.2   0.0   215   238   236   259   218   288 0.79 -
TRINITY_DN30422_c0_g1_i9:3843-4946  -            368 489997at33208        -            345   0.00039   18.5   0.1   3   3       0.2       8.6    4.2   0.0   252   282   305   335   289   352 0.85 -
TRINITY_DN8732_c0_g1_i8:512-2794    -            761 489997at33208        -            345   0.00044   18.3   0.2   1   2       7.2   3.1e+02   -1.0   0.0    50    82   181   212   170   228 0.77 -
TRINITY_DN8732_c0_g1_i8:512-2794    -            761 489997at33208        -            345   0.00044   18.3   0.2   2   2   5.4e-05    0.0024   15.9   0.0   217   310   517   616   502   624 0.88 -
TRINITY_DN8732_c0_g1_i10:58-2340    -            761 489997at33208        -            345   0.00046   18.2   0.2   1   2       7.4   3.2e+02   -1.0   0.0    50    82   181   212   173   228 0.76 -
TRINITY_DN8732_c0_g1_i10:58-2340    -            761 489997at33208        -            345   0.00046   18.2   0.2   2   2   5.5e-05    0.0024   15.8   0.0   217   310   517   616   503   624 0.88 -
TRINITY_DN9755_c0_g1_i1:2567-4453   -            629 489997at33208        -            345   0.00097   17.1   7.7   1   2    0.0084      0.37    8.7   4.8    38   163    25   180    19   190 0.62 -
TRINITY_DN9755_c0_g1_i1:2567-4453   -            629 489997at33208        -            345   0.00097   17.1   7.7   2   2      0.25        11    3.8   0.0   241   291   299   352   251   399 0.77 -
TRINITY_DN9755_c0_g1_i7:2567-4453   -            629 489997at33208        -            345   0.00097   17.1   7.7   1   2    0.0084      0.37    8.7   4.8    38   163    25   180    19   190 0.62 -
TRINITY_DN9755_c0_g1_i7:2567-4453   -            629 489997at33208        -            345   0.00097   17.1   7.7   2   2      0.25        11    3.8   0.0   241   291   299   352   251   399 0.77 -
TRINITY_DN9755_c0_g1_i8:2567-4453   -            629 489997at33208        -            345   0.00097   17.1   7.7   1   2    0.0084      0.37    8.7   4.8    38   163    25   180    19   190 0.62 -
TRINITY_DN9755_c0_g1_i8:2567-4453   -            629 489997at33208        -            345   0.00097   17.1   7.7   2   2      0.25        11    3.8   0.0   241   291   299   352   251   399 0.77 -
TRINITY_DN97383_c0_g1_i1:55-651     -            199 489997at33208        -            345    0.0014   16.6   0.1   1   2   0.00015    0.0063   14.5   0.0   283   310     2    29     1    40 0.91 -
TRINITY_DN97383_c0_g1_i1:55-651     -            199 489997at33208        -            345    0.0014   16.6   0.1   2   2       4.5     2e+02   -0.3   0.1    99   147   144   192   123   194 0.74 -
TRINITY_DN7797_c0_g1_i4:68-2353     -            752 489997at33208        -            345    0.0016   16.4   0.0   1   1   6.3e-05    0.0028   15.7   0.0    31    92   536   597   533   605 0.87 -
TRINITY_DN40367_c0_g1_i1:133-846    -            238 489997at33208        -            345    0.0017   16.3   0.0   1   1   5.9e-05    0.0026   15.7   0.0   247   310   130   194    75   204 0.87 -
TRINITY_DN93726_c0_g1_i1:192-1181   -            330 489997at33208        -            345    0.0025   15.8   0.1   1   2   0.00027     0.012   13.6   0.0    27    79     6    59     2    93 0.78 -
TRINITY_DN93726_c0_g1_i1:192-1181   -            330 489997at33208        -            345    0.0025   15.8   0.1   2   2       4.9   2.2e+02   -0.4   0.0   219   243   253   278   184   301 0.64 -
TRINITY_DN68120_c0_g1_i1:6-749      -            248 489997at33208        -            345    0.0042   15.1   0.0   1   1   0.00013    0.0058   14.6   0.0   252   309    51   110    24   124 0.78 -
TRINITY_DN2877_c1_g1_i1:515-1741    -            409 489997at33208        -            345    0.0064   14.4   0.1   1   1   0.00029     0.013   13.5   0.1   157   309    57   227    48   231 0.65 -
TRINITY_DN64711_c0_g1_i2:285-932    -            216 489997at33208        -            345     0.012   13.5   0.1   1   1   0.00058     0.025   12.5   0.0   263   310     2    49     1    57 0.93 -
TRINITY_DN37749_c0_g2_i1:406-3168   -            921 489997at33208        -            345     0.015   13.2   1.0   1   1    0.0023     0.099   10.5   1.0    44    85    53    94    39   299 0.88 -
TRINITY_DN37749_c0_g2_i2:406-3168   -            921 489997at33208        -            345     0.015   13.2   1.0   1   1    0.0023     0.099   10.5   1.0    44    85    53    94    39   299 0.88 -
TRINITY_DN37749_c0_g2_i3:406-3168   -            921 489997at33208        -            345     0.015   13.2   1.0   1   1    0.0023     0.099   10.5   1.0    44    85    53    94    39   299 0.88 -
TRINITY_DN15224_c1_g1_i10:1634-3058 -            475 489997at33208        -            345      0.02   12.8   0.1   1   1    0.0011      0.05   11.5   0.1    42   166    16   164     7   178 0.70 -
TRINITY_DN15224_c1_g1_i4:1634-3058  -            475 489997at33208        -            345      0.02   12.8   0.1   1   1    0.0011      0.05   11.5   0.1    42   166    16   164     7   178 0.70 -
TRINITY_DN5623_c0_g1_i3:265-1995    -            577 489997at33208        -            345     0.038   11.9   0.1   1   1    0.0022     0.098   10.6   0.1   262   309   318   365   304   369 0.92 -
TRINITY_DN5623_c0_g1_i6:797-2527    -            577 489997at33208        -            345     0.038   11.9   0.1   1   1    0.0022     0.098   10.6   0.1   262   309   318   365   304   369 0.92 -
TRINITY_DN5623_c0_g1_i5:797-2527    -            577 489997at33208        -            345     0.038   11.9   0.1   1   1    0.0022     0.098   10.6   0.1   262   309   318   365   304   369 0.92 -
TRINITY_DN4871_c0_g1_i1:929-2503    -            525 489997at33208        -            345     0.048   11.6   0.1   1   2     0.041       1.8    6.4   0.0    48    67     4    23     1    50 0.81 -
TRINITY_DN4871_c0_g1_i1:929-2503    -            525 489997at33208        -            345     0.048   11.6   0.1   2   2       1.1        47    1.7   0.0   108   165    89   155    76   169 0.67 -
TRINITY_DN4871_c0_g1_i6:890-2989    -            700 489997at33208        -            345     0.055   11.4   0.1   1   2     0.031       1.4    6.8   0.0    45    67    14    36     7    63 0.81 -
TRINITY_DN4871_c0_g1_i6:890-2989    -            700 489997at33208        -            345     0.055   11.4   0.1   2   2       1.5        67    1.2   0.0   108   165   102   168    89   183 0.67 -
TRINITY_DN4871_c0_g1_i7:902-3001    -            700 489997at33208        -            345     0.055   11.4   0.1   1   2     0.031       1.4    6.8   0.0    45    67    14    36     7    63 0.81 -
TRINITY_DN4871_c0_g1_i7:902-3001    -            700 489997at33208        -            345     0.055   11.4   0.1   2   2       1.5        67    1.2   0.0   108   165   102   168    89   183 0.67 -
TRINITY_DN4871_c0_g1_i2:902-3001    -            700 489997at33208        -            345     0.057   11.3   0.1   1   2     0.031       1.4    6.8   0.0    45    67    14    36     7    63 0.81 -
TRINITY_DN4871_c0_g1_i2:902-3001    -            700 489997at33208        -            345     0.057   11.3   0.1   2   2       1.6        69    1.2   0.0   108   164   102   167    89   182 0.66 -
TRINITY_DN4871_c0_g1_i3:890-2989    -            700 489997at33208        -            345     0.057   11.3   0.1   1   2     0.031       1.4    6.8   0.0    45    67    14    36     7    63 0.81 -
TRINITY_DN4871_c0_g1_i3:890-2989    -            700 489997at33208        -            345     0.057   11.3   0.1   2   2       1.6        69    1.2   0.0   108   164   102   167    89   182 0.66 -
TRINITY_DN4871_c0_g1_i8:902-3001    -            700 489997at33208        -            345     0.057   11.3   0.1   1   2     0.031       1.4    6.8   0.0    45    67    14    36     7    63 0.81 -
TRINITY_DN4871_c0_g1_i8:902-3001    -            700 489997at33208        -            345     0.057   11.3   0.1   2   2       1.6        69    1.2   0.0   108   164   102   167    89   182 0.66 -
#
# Program:         hmmsearch
# Version:         3.1b2 (February 2015)
# Pipeline mode:   SEARCH
# Query file:      /busco_wd/busco_downloads/lineages/metazoa_odb10/hmms/489997at33208.hmm
# Target file:     /busco_wd/BUSCO/run_metazoa_odb10/metaeuk_output/initial_results/Trinity.fasta.modified.fas
# Option settings: hmmsearch --domtblout /busco_wd/BUSCO/run_metazoa_odb10/hmmer_output/initial_run_results/489997at33208.out --cpu 1 /busco_wd/busco_downloads/lineages/metazoa_odb10/hmms/489997at33208.hmm /busco_wd/BUSCO/run_metazoa_odb10/metaeuk_output/initial_results/Trinity.fasta.modified.fas 
# Current dir:     /busco_wd
# Date:            Tue Nov 23 09:03:41 2021
# [ok]
