#                                                                                          --- full sequence --- -------------- this domain -------------   hmm coord   ali coord   env coord
# target name                      accession   tlen query name           accession   qlen   E-value  score  bias   #  of  c-Evalue  i-Evalue  score  bias  from    to  from    to  from    to  acc description of target
#              ------------------- ---------- ----- -------------------- ---------- ----- --------- ------ ----- --- --- --------- --------- ------ ----- ----- ----- ----- ----- ----- ----- ---- ---------------------
TRINITY_DN4175_c0_g1_i1:97-6174    -           2026 49474at33208         -           1197         0 1538.9  27.9   1   7     4e-96   7.3e-93  311.1   0.0     1   197     5   211     5   243 0.90 -
TRINITY_DN4175_c0_g1_i1:97-6174    -           2026 49474at33208         -           1197         0 1538.9  27.9   2   7   6.3e-83   1.2e-79  267.4   1.4   198   409   482   718   469   729 0.90 -
TRINITY_DN4175_c0_g1_i1:97-6174    -           2026 49474at33208         -           1197         0 1538.9  27.9   3   7  1.7e-204  3.2e-201  670.0   0.1   401   938   801  1413   797  1422 0.88 -
TRINITY_DN4175_c0_g1_i1:97-6174    -           2026 49474at33208         -           1197         0 1538.9  27.9   4   7   3.7e-12   6.8e-09   33.0   0.0   945  1016  1459  1541  1445  1546 0.73 -
TRINITY_DN4175_c0_g1_i1:97-6174    -           2026 49474at33208         -           1197         0 1538.9  27.9   5   7   3.8e-06    0.0069   13.1   0.1  1013  1038  1602  1627  1595  1633 0.86 -
TRINITY_DN4175_c0_g1_i1:97-6174    -           2026 49474at33208         -           1197         0 1538.9  27.9   6   7     5e-72   9.2e-69  231.3   7.2  1039  1175  1675  1820  1668  1825 0.93 -
TRINITY_DN4175_c0_g1_i1:97-6174    -           2026 49474at33208         -           1197         0 1538.9  27.9   7   7   3.6e-08   6.6e-05   19.8   0.0  1171  1196  1843  1868  1834  1869 0.90 -
TRINITY_DN4175_c0_g1_i2:265-5986   -           1751 49474at33208         -           1197         0 1308.9  38.5   1   8   2.6e-78   4.7e-75  252.2   0.1    49   197     1   155     1   187 0.89 -
TRINITY_DN4175_c0_g1_i2:265-5986   -           1751 49474at33208         -           1197         0 1308.9  38.5   2   8     5e-83   9.2e-80  267.7   1.4   198   409   426   662   413   674 0.90 -
TRINITY_DN4175_c0_g1_i2:265-5986   -           1751 49474at33208         -           1197         0 1308.9  38.5   3   8  8.6e-114  1.6e-110  369.6   0.0   401   670   745  1024   741  1028 0.95 -
TRINITY_DN4175_c0_g1_i2:265-5986   -           1751 49474at33208         -           1197         0 1308.9  38.5   4   8   5.4e-43     1e-39  135.1   2.0   799   938  1029  1200  1025  1210 0.86 -
TRINITY_DN4175_c0_g1_i2:265-5986   -           1751 49474at33208         -           1197         0 1308.9  38.5   5   8   3.1e-12   5.7e-09   33.3   0.0   945  1016  1246  1328  1232  1333 0.73 -
TRINITY_DN4175_c0_g1_i2:265-5986   -           1751 49474at33208         -           1197         0 1308.9  38.5   6   8   3.2e-06    0.0059   13.3   0.1  1013  1038  1389  1414  1382  1420 0.86 -
TRINITY_DN4175_c0_g1_i2:265-5986   -           1751 49474at33208         -           1197         0 1308.9  38.5   7   8   4.2e-72   7.6e-69  231.6   7.2  1039  1175  1462  1607  1455  1612 0.93 -
TRINITY_DN4175_c0_g1_i2:265-5986   -           1751 49474at33208         -           1197         0 1308.9  38.5   8   8   3.1e-08   5.7e-05   20.0   0.0  1171  1196  1630  1655  1621  1656 0.90 -
TRINITY_DN10135_c0_g1_i1:1288-3681 -            798 49474at33208         -           1197   1.9e-73  246.9  17.4   1   3   4.2e-17   7.8e-14   49.4   0.6   292   383     2    92     1   105 0.89 -
TRINITY_DN10135_c0_g1_i1:1288-3681 -            798 49474at33208         -           1197   1.9e-73  246.9  17.4   2   3   1.9e-60   3.4e-57  193.0   7.6   400   744   192   572   179   583 0.81 -
TRINITY_DN10135_c0_g1_i1:1288-3681 -            798 49474at33208         -           1197   1.9e-73  246.9  17.4   3   3   0.00051      0.94    6.1   0.0   807   926   660   794   651   798 0.67 -
TRINITY_DN10135_c0_g1_i2:1312-3705 -            798 49474at33208         -           1197   1.9e-73  246.9  17.4   1   3   4.2e-17   7.8e-14   49.4   0.6   292   383     2    92     1   105 0.89 -
TRINITY_DN10135_c0_g1_i2:1312-3705 -            798 49474at33208         -           1197   1.9e-73  246.9  17.4   2   3   1.9e-60   3.4e-57  193.0   7.6   400   744   192   572   179   583 0.81 -
TRINITY_DN10135_c0_g1_i2:1312-3705 -            798 49474at33208         -           1197   1.9e-73  246.9  17.4   3   3   0.00051      0.94    6.1   0.0   807   926   660   794   651   798 0.67 -
TRINITY_DN10135_c0_g1_i3:1288-3681 -            798 49474at33208         -           1197   1.9e-73  246.9  17.4   1   3   4.2e-17   7.8e-14   49.4   0.6   292   383     2    92     1   105 0.89 -
TRINITY_DN10135_c0_g1_i3:1288-3681 -            798 49474at33208         -           1197   1.9e-73  246.9  17.4   2   3   1.9e-60   3.4e-57  193.0   7.6   400   744   192   572   179   583 0.81 -
TRINITY_DN10135_c0_g1_i3:1288-3681 -            798 49474at33208         -           1197   1.9e-73  246.9  17.4   3   3   0.00051      0.94    6.1   0.0   807   926   660   794   651   798 0.67 -
#
# Program:         hmmsearch
# Version:         3.1b2 (February 2015)
# Pipeline mode:   SEARCH
# Query file:      /busco_wd/busco_downloads/lineages/metazoa_odb10/hmms/49474at33208.hmm
# Target file:     /busco_wd/BUSCO/run_metazoa_odb10/metaeuk_output/initial_results/Trinity.fasta.modified.fas
# Option settings: hmmsearch --domtblout /busco_wd/BUSCO/run_metazoa_odb10/hmmer_output/initial_run_results/49474at33208.out --cpu 1 /busco_wd/busco_downloads/lineages/metazoa_odb10/hmms/49474at33208.hmm /busco_wd/BUSCO/run_metazoa_odb10/metaeuk_output/initial_results/Trinity.fasta.modified.fas 
# Current dir:     /busco_wd
# Date:            Tue Nov 23 09:03:42 2021
# [ok]
