#                                                                                       --- full sequence --- -------------- this domain -------------   hmm coord   ali coord   env coord
# target name                   accession   tlen query name           accession   qlen   E-value  score  bias   #  of  c-Evalue  i-Evalue  score  bias  from    to  from    to  from    to  acc description of target
#           ------------------- ---------- ----- -------------------- ---------- ----- --------- ------ ----- --- --- --------- --------- ------ ----- ----- ----- ----- ----- ----- ----- ---- ---------------------
TRINITY_DN1354_c0_g1_i2:314-928 -            205 504912at33208        -            134   6.3e-26   90.0   4.5   1   3   3.8e-09     7e-06   25.1   0.4     1    47     5    65     5    72 0.81 -
TRINITY_DN1354_c0_g1_i2:314-928 -            205 504912at33208        -            134   6.3e-26   90.0   4.5   2   3     0.025        46    3.1   0.0    48    63    84    99    79   113 0.79 -
TRINITY_DN1354_c0_g1_i2:314-928 -            205 504912at33208        -            134   6.3e-26   90.0   4.5   3   3   2.5e-20   4.6e-17   61.3   0.6    69   134   127   199   119   199 0.84 -
TRINITY_DN1354_c0_g1_i1:288-902 -            205 504912at33208        -            134   1.5e-25   88.8   6.4   1   3   3.8e-09     7e-06   25.1   0.4     1    47     5    65     5    72 0.81 -
TRINITY_DN1354_c0_g1_i1:288-902 -            205 504912at33208        -            134   1.5e-25   88.8   6.4   2   3     0.025        47    3.0   0.0    48    63    84    99    79   112 0.79 -
TRINITY_DN1354_c0_g1_i1:288-902 -            205 504912at33208        -            134   1.5e-25   88.8   6.4   3   3   1.6e-20     3e-17   61.9   0.7    76   134   141   199   115   199 0.84 -
TRINITY_DN1354_c0_g1_i5:314-928 -            205 504912at33208        -            134   1.5e-25   88.8   6.4   1   3   3.8e-09     7e-06   25.1   0.4     1    47     5    65     5    72 0.81 -
TRINITY_DN1354_c0_g1_i5:314-928 -            205 504912at33208        -            134   1.5e-25   88.8   6.4   2   3     0.025        47    3.0   0.0    48    63    84    99    79   112 0.79 -
TRINITY_DN1354_c0_g1_i5:314-928 -            205 504912at33208        -            134   1.5e-25   88.8   6.4   3   3   1.6e-20     3e-17   61.9   0.7    76   134   141   199   115   199 0.84 -
TRINITY_DN1354_c0_g1_i3:269-448 -             60 504912at33208        -            134   4.9e-18   64.5   0.2   1   1   3.1e-21   5.6e-18   64.3   0.2    81   134     4    57     2    57 0.97 -
TRINITY_DN177129_c0_g1_i1:2-232 -             77 504912at33208        -            134   2.7e-12   45.9   0.6   1   1     1e-13   1.8e-10   40.0   0.6    49   104     1    77     1    77 0.78 -
#
# Program:         hmmsearch
# Version:         3.1b2 (February 2015)
# Pipeline mode:   SEARCH
# Query file:      /busco_wd/busco_downloads/lineages/metazoa_odb10/hmms/504912at33208.hmm
# Target file:     /busco_wd/BUSCO/run_metazoa_odb10/metaeuk_output/initial_results/Trinity.fasta.modified.fas
# Option settings: hmmsearch --domtblout /busco_wd/BUSCO/run_metazoa_odb10/hmmer_output/initial_run_results/504912at33208.out --cpu 1 /busco_wd/busco_downloads/lineages/metazoa_odb10/hmms/504912at33208.hmm /busco_wd/BUSCO/run_metazoa_odb10/metaeuk_output/initial_results/Trinity.fasta.modified.fas 
# Current dir:     /busco_wd
# Date:            Tue Nov 23 09:03:48 2021
# [ok]
