#                                                                                          --- full sequence --- -------------- this domain -------------   hmm coord   ali coord   env coord
# target name                      accession   tlen query name           accession   qlen   E-value  score  bias   #  of  c-Evalue  i-Evalue  score  bias  from    to  from    to  from    to  acc description of target
#              ------------------- ---------- ----- -------------------- ---------- ----- --------- ------ ----- --- --- --------- --------- ------ ----- ----- ----- ----- ----- ----- ----- ---- ---------------------
TRINITY_DN1428_c1_g1_i1:141-746    -            202 505248at33208        -            170   3.7e-71  237.4   1.0   1   1   1.1e-71   4.1e-70  234.0   1.0     1   170     1   191     1   191 0.91 -
TRINITY_DN1428_c1_g1_i2:141-746    -            202 505248at33208        -            170   3.7e-71  237.4   1.0   1   1   1.1e-71   4.1e-70  234.0   1.0     1   170     1   191     1   191 0.91 -
TRINITY_DN2872_c0_g1_i17:168-689   -            174 505248at33208        -            170     7e-31  106.3   0.2   1   1   1.9e-31   7.2e-30  103.0   0.2     8   169     1   172     1   173 0.82 -
TRINITY_DN2872_c0_g1_i18:168-689   -            174 505248at33208        -            170     7e-31  106.3   0.2   1   1   1.9e-31   7.2e-30  103.0   0.2     8   169     1   172     1   173 0.82 -
TRINITY_DN2872_c0_g1_i5:168-689    -            174 505248at33208        -            170     7e-31  106.3   0.2   1   1   1.9e-31   7.2e-30  103.0   0.2     8   169     1   172     1   173 0.82 -
TRINITY_DN46431_c0_g1_i1:849-1385  -            179 505248at33208        -            170   6.6e-30  103.1   1.0   1   1     2e-30   7.8e-29   99.6   1.0     4   169     4   179     1   179 0.81 -
TRINITY_DN943_c0_g1_i1:506-1030    -            175 505248at33208        -            170   1.8e-29  101.7   0.7   1   1   3.3e-30   1.3e-28   98.9   0.7     5   165     3   173     1   175 0.81 -
TRINITY_DN943_c0_g1_i3:506-1030    -            175 505248at33208        -            170   1.8e-29  101.7   0.7   1   1   3.3e-30   1.3e-28   98.9   0.7     5   165     3   173     1   175 0.81 -
TRINITY_DN4801_c0_g2_i2:931-1446   -            172 505248at33208        -            170   7.9e-29   99.6   0.2   1   1   1.2e-29   4.5e-28   97.1   0.2     7   165     1   169     1   172 0.80 -
TRINITY_DN4801_c0_g2_i4:943-1458   -            172 505248at33208        -            170   7.9e-29   99.6   0.2   1   1   1.2e-29   4.5e-28   97.1   0.2     7   165     1   169     1   172 0.80 -
TRINITY_DN4801_c0_g4_i3:319-834    -            172 505248at33208        -            170   7.9e-29   99.6   0.2   1   1   1.2e-29   4.5e-28   97.1   0.2     7   165     1   169     1   172 0.80 -
TRINITY_DN4801_c0_g4_i4:319-834    -            172 505248at33208        -            170   7.9e-29   99.6   0.2   1   1   1.2e-29   4.5e-28   97.1   0.2     7   165     1   169     1   172 0.80 -
TRINITY_DN8417_c0_g1_i10:74-580    -            169 505248at33208        -            170   1.2e-28   98.9   0.2   1   1     2e-29   7.6e-28   96.4   0.2     6   163     2   169     1   169 0.78 -
TRINITY_DN8417_c0_g1_i11:74-580    -            169 505248at33208        -            170   1.2e-28   98.9   0.2   1   1     2e-29   7.6e-28   96.4   0.2     6   163     2   169     1   169 0.78 -
TRINITY_DN8417_c0_g1_i13:74-580    -            169 505248at33208        -            170   1.2e-28   98.9   0.2   1   1     2e-29   7.6e-28   96.4   0.2     6   163     2   169     1   169 0.78 -
TRINITY_DN8417_c0_g1_i14:74-580    -            169 505248at33208        -            170   1.2e-28   98.9   0.2   1   1     2e-29   7.6e-28   96.4   0.2     6   163     2   169     1   169 0.78 -
TRINITY_DN8417_c0_g1_i1:74-580     -            169 505248at33208        -            170   1.2e-28   98.9   0.2   1   1     2e-29   7.6e-28   96.4   0.2     6   163     2   169     1   169 0.78 -
TRINITY_DN8417_c0_g1_i5:74-580     -            169 505248at33208        -            170   1.2e-28   98.9   0.2   1   1     2e-29   7.6e-28   96.4   0.2     6   163     2   169     1   169 0.78 -
TRINITY_DN8417_c0_g1_i9:74-580     -            169 505248at33208        -            170   1.2e-28   98.9   0.2   1   1     2e-29   7.6e-28   96.4   0.2     6   163     2   169     1   169 0.78 -
TRINITY_DN7509_c0_g1_i1:215-700    -            162 505248at33208        -            170   1.8e-28   98.4   1.4   1   1   1.7e-28   6.4e-27   93.4   1.4    18   167     2   161     1   162 0.79 -
TRINITY_DN1634_c0_g1_i11:1917-2393 -            159 505248at33208        -            170     2e-28   98.3   0.5   1   1   2.2e-29   8.4e-28   96.2   0.5    15   163     1   159     1   159 0.82 -
TRINITY_DN1634_c0_g1_i12:1918-2394 -            159 505248at33208        -            170     2e-28   98.3   0.5   1   1   2.2e-29   8.4e-28   96.2   0.5    15   163     1   159     1   159 0.82 -
TRINITY_DN1634_c0_g1_i13:432-908   -            159 505248at33208        -            170     2e-28   98.3   0.5   1   1   2.2e-29   8.4e-28   96.2   0.5    15   163     1   159     1   159 0.82 -
TRINITY_DN1634_c0_g1_i15:1930-2406 -            159 505248at33208        -            170     2e-28   98.3   0.5   1   1   2.2e-29   8.4e-28   96.2   0.5    15   163     1   159     1   159 0.82 -
TRINITY_DN128171_c0_g1_i1:272-778  -            169 505248at33208        -            170   5.7e-28   96.8   1.2   1   1   1.3e-28   5.1e-27   93.7   1.2     6   163     2   169     1   169 0.79 -
TRINITY_DN15886_c0_g1_i1:328-834   -            169 505248at33208        -            170   1.7e-27   95.2   0.2   1   1   4.1e-28   1.6e-26   92.1   0.2    17   167     3   164     1   167 0.80 -
TRINITY_DN15886_c0_g1_i2:189-695   -            169 505248at33208        -            170   1.7e-27   95.2   0.2   1   1   4.1e-28   1.6e-26   92.1   0.2    17   167     3   164     1   167 0.80 -
TRINITY_DN22506_c0_g1_i1:27-530    -            168 505248at33208        -            170     6e-27   93.5   0.4   1   1   8.7e-28   3.4e-26   91.0   0.4     9   163     2   167     1   168 0.77 -
TRINITY_DN3842_c1_g1_i12:1241-1723 -            161 505248at33208        -            170   1.6e-26   92.1   0.1   1   1     1e-27   3.9e-26   90.8   0.1    20   168     1   161     1   161 0.80 -
TRINITY_DN3842_c1_g1_i4:892-1374   -            161 505248at33208        -            170   1.6e-26   92.1   0.1   1   1     1e-27   3.9e-26   90.8   0.1    20   168     1   161     1   161 0.80 -
TRINITY_DN3842_c1_g1_i5:1241-1723  -            161 505248at33208        -            170   1.6e-26   92.1   0.1   1   1     1e-27   3.9e-26   90.8   0.1    20   168     1   161     1   161 0.80 -
TRINITY_DN3842_c1_g1_i9:495-977    -            161 505248at33208        -            170   1.6e-26   92.1   0.1   1   1     1e-27   3.9e-26   90.8   0.1    20   168     1   161     1   161 0.80 -
TRINITY_DN4333_c0_g1_i1:158-700    -            181 505248at33208        -            170   2.1e-26   91.7   0.5   1   1   5.5e-27   2.1e-25   88.4   0.5     5   169     5   179     1   180 0.79 -
TRINITY_DN4333_c0_g1_i3:35-577     -            181 505248at33208        -            170   2.1e-26   91.7   0.5   1   1   5.5e-27   2.1e-25   88.4   0.5     5   169     5   179     1   180 0.79 -
TRINITY_DN4333_c0_g1_i5:159-701    -            181 505248at33208        -            170   2.1e-26   91.7   0.5   1   1   5.5e-27   2.1e-25   88.4   0.5     5   169     5   179     1   180 0.79 -
TRINITY_DN4333_c0_g1_i6:151-693    -            181 505248at33208        -            170   2.1e-26   91.7   0.5   1   1   5.5e-27   2.1e-25   88.4   0.5     5   169     5   179     1   180 0.79 -
TRINITY_DN3842_c1_g1_i11:269-751   -            161 505248at33208        -            170   4.1e-26   90.7   0.1   1   1   2.7e-27     1e-25   89.5   0.1    20   168     1   161     1   161 0.80 -
TRINITY_DN16211_c0_g1_i1:115-609   -            165 505248at33208        -            170   7.8e-25   86.6   0.1   1   1   9.5e-26   3.7e-24   84.4   0.1    14   163     1   164     1   165 0.80 -
TRINITY_DN4641_c2_g1_i1:114-668    -            185 505248at33208        -            170   2.1e-23   81.9   0.0   1   1     1e-24     4e-23   81.0   0.0     8   139    11   139     1   184 0.84 -
TRINITY_DN4641_c2_g1_i2:114-668    -            185 505248at33208        -            170   2.1e-23   81.9   0.0   1   1     1e-24     4e-23   81.0   0.0     8   139    11   139     1   184 0.84 -
TRINITY_DN4641_c2_g1_i4:114-668    -            185 505248at33208        -            170   2.1e-23   81.9   0.0   1   1     1e-24     4e-23   81.0   0.0     8   139    11   139     1   184 0.84 -
TRINITY_DN9921_c0_g1_i1:95-580     -            162 505248at33208        -            170   2.7e-23   81.6   0.0   1   1   1.6e-24     6e-23   80.4   0.0    20   138     1   117     1   162 0.84 -
TRINITY_DN9921_c0_g1_i2:314-799    -            162 505248at33208        -            170   2.7e-23   81.6   0.0   1   1   1.6e-24     6e-23   80.4   0.0    20   138     1   117     1   162 0.84 -
TRINITY_DN9921_c0_g1_i4:313-798    -            162 505248at33208        -            170   2.7e-23   81.6   0.0   1   1   1.6e-24     6e-23   80.4   0.0    20   138     1   117     1   162 0.84 -
TRINITY_DN9921_c0_g1_i5:314-799    -            162 505248at33208        -            170   2.7e-23   81.6   0.0   1   1   1.6e-24     6e-23   80.4   0.0    20   138     1   117     1   162 0.84 -
TRINITY_DN5302_c0_g1_i2:2050-2637  -            196 505248at33208        -            170   3.7e-23   81.1   0.0   1   1   5.9e-24   2.3e-22   78.6   0.0    17   138    27   144     7   161 0.85 -
TRINITY_DN5302_c0_g1_i3:2050-2637  -            196 505248at33208        -            170   3.7e-23   81.1   0.0   1   1   5.9e-24   2.3e-22   78.6   0.0    17   138    27   144     7   161 0.85 -
TRINITY_DN3842_c1_g1_i6:278-643    -            122 505248at33208        -            170   1.2e-19   69.7   0.0   1   1   6.7e-21   2.6e-19   68.6   0.0    67   169     2   120     1   121 0.81 -
TRINITY_DN3842_c1_g1_i10:495-851   -            119 505248at33208        -            170   2.8e-19   68.5   0.0   1   1   1.5e-20   5.9e-19   67.4   0.0    67   168     2   119     1   119 0.81 -
TRINITY_DN3842_c1_g1_i13:269-625   -            119 505248at33208        -            170   2.8e-19   68.5   0.0   1   1   1.5e-20   5.9e-19   67.4   0.0    67   168     2   119     1   119 0.81 -
TRINITY_DN93939_c0_g1_i1:1-300     -            100 505248at33208        -            170   3.7e-18   64.9   0.7   1   1   3.2e-19   1.2e-17   63.1   0.7     5   102     5    97     1   100 0.83 -
TRINITY_DN999_c0_g1_i4:106-672     -            189 505248at33208        -            170   4.8e-18   64.5   0.0   1   2   9.6e-19   3.7e-17   61.6   0.0    18   138    19   135     1   145 0.81 -
TRINITY_DN999_c0_g1_i4:106-672     -            189 505248at33208        -            170   4.8e-18   64.5   0.0   2   2       4.8   1.9e+02    0.7   0.0   147   166   169   188   164   189 0.87 -
TRINITY_DN999_c0_g1_i3:181-735     -            185 505248at33208        -            170   6.6e-18   64.0   0.0   1   2   1.4e-18   5.2e-17   61.1   0.0    19   138    16   131     1   141 0.83 -
TRINITY_DN999_c0_g1_i3:181-735     -            185 505248at33208        -            170   6.6e-18   64.0   0.0   2   2       4.7   1.8e+02    0.8   0.0   147   166   165   184   160   185 0.87 -
TRINITY_DN999_c0_g1_i5:38-592      -            185 505248at33208        -            170   6.6e-18   64.0   0.0   1   2   1.4e-18   5.2e-17   61.1   0.0    19   138    16   131     1   141 0.83 -
TRINITY_DN999_c0_g1_i5:38-592      -            185 505248at33208        -            170   6.6e-18   64.0   0.0   2   2       4.7   1.8e+02    0.8   0.0   147   166   165   184   160   185 0.87 -
TRINITY_DN22992_c0_g1_i1:341-1021  -            227 505248at33208        -            170     3e-12   45.6   0.1   1   1   1.2e-13   4.6e-12   45.0   0.1    19   142    11   133     6   142 0.85 -
TRINITY_DN97085_c0_g1_i1:112-702   -            197 505248at33208        -            170   4.7e-12   45.0   0.0   1   1   1.8e-13   7.1e-12   44.4   0.0    17   145     8   136     4   172 0.85 -
TRINITY_DN17327_c0_g1_i3:2-202     -             67 505248at33208        -            170     1e-11   43.9   0.2   1   1   4.4e-13   1.7e-11   43.2   0.2    20    89     1    66     1    67 0.83 -
TRINITY_DN17327_c0_g1_i4:2-202     -             67 505248at33208        -            170     1e-11   43.9   0.2   1   1   4.4e-13   1.7e-11   43.2   0.2    20    89     1    66     1    67 0.83 -
TRINITY_DN6971_c0_g1_i1:2085-2639  -            185 505248at33208        -            170   1.7e-11   43.1   0.0   1   1   8.3e-13   3.2e-11   42.3   0.0    20   140     2   125     1   144 0.73 -
TRINITY_DN6971_c0_g1_i4:2086-2640  -            185 505248at33208        -            170   1.7e-11   43.1   0.0   1   1   8.3e-13   3.2e-11   42.3   0.0    20   140     2   125     1   144 0.73 -
TRINITY_DN898_c0_g1_i1:1460-1981   -            174 505248at33208        -            170   4.3e-11   41.8   0.1   1   1   1.3e-12   5.1e-11   41.6   0.1    20   138    12   130     4   163 0.80 -
TRINITY_DN1156_c0_g2_i1:74-649     -            192 505248at33208        -            170   7.2e-11   41.1   0.2   1   1   2.6e-12     1e-10   40.6   0.2    19   143    11   135     2   153 0.77 -
TRINITY_DN898_c0_g1_i6:1605-1997   -            131 505248at33208        -            170     2e-10   39.7   0.3   1   1   5.9e-12   2.3e-10   39.5   0.3    19   134    16   131     3   131 0.79 -
TRINITY_DN8460_c0_g1_i14:2975-3502 -            176 505248at33208        -            170   2.5e-10   39.3   0.0   1   1   1.2e-11   4.8e-10   38.5   0.0    20   151     6   135     1   172 0.75 -
TRINITY_DN8460_c0_g1_i1:3664-4191  -            176 505248at33208        -            170   2.5e-10   39.3   0.0   1   1   1.2e-11   4.8e-10   38.5   0.0    20   151     6   135     1   172 0.75 -
TRINITY_DN8460_c0_g1_i7:2590-3117  -            176 505248at33208        -            170   2.5e-10   39.3   0.0   1   1   1.2e-11   4.8e-10   38.5   0.0    20   151     6   135     1   172 0.75 -
TRINITY_DN8460_c0_g1_i9:3664-4191  -            176 505248at33208        -            170   2.5e-10   39.3   0.0   1   1   1.2e-11   4.8e-10   38.5   0.0    20   151     6   135     1   172 0.75 -
TRINITY_DN4499_c0_g1_i11:7099-7608 -            170 505248at33208        -            170   4.5e-10   38.6   0.3   1   1   1.4e-11   5.4e-10   38.3   0.3    18   136     6   124     2   164 0.84 -
TRINITY_DN4499_c0_g1_i12:7099-7608 -            170 505248at33208        -            170   4.5e-10   38.6   0.3   1   1   1.4e-11   5.4e-10   38.3   0.3    18   136     6   124     2   164 0.84 -
TRINITY_DN4499_c0_g1_i1:7099-7608  -            170 505248at33208        -            170   4.5e-10   38.6   0.3   1   1   1.4e-11   5.4e-10   38.3   0.3    18   136     6   124     2   164 0.84 -
TRINITY_DN4499_c0_g1_i4:7099-7608  -            170 505248at33208        -            170   4.5e-10   38.6   0.3   1   1   1.4e-11   5.4e-10   38.3   0.3    18   136     6   124     2   164 0.84 -
TRINITY_DN4499_c0_g1_i5:7099-7608  -            170 505248at33208        -            170   4.5e-10   38.6   0.3   1   1   1.4e-11   5.4e-10   38.3   0.3    18   136     6   124     2   164 0.84 -
TRINITY_DN118_c0_g1_i1:615-1130    -            172 505248at33208        -            170   7.2e-10   37.9   0.1   1   1   2.5e-11   9.7e-10   37.5   0.1    20   144     2   126     1   163 0.83 -
TRINITY_DN118_c0_g1_i2:616-1131    -            172 505248at33208        -            170   7.2e-10   37.9   0.1   1   1   2.5e-11   9.7e-10   37.5   0.1    20   144     2   126     1   163 0.83 -
TRINITY_DN118_c0_g1_i3:605-1120    -            172 505248at33208        -            170   7.2e-10   37.9   0.1   1   1   2.5e-11   9.7e-10   37.5   0.1    20   144     2   126     1   163 0.83 -
TRINITY_DN118_c0_g1_i4:154-669     -            172 505248at33208        -            170   7.2e-10   37.9   0.1   1   1   2.5e-11   9.7e-10   37.5   0.1    20   144     2   126     1   163 0.83 -
TRINITY_DN2433_c0_g1_i3:1722-2246  -            175 505248at33208        -            170   8.3e-10   37.7   0.0   1   1   2.7e-11     1e-09   37.4   0.0    20   139     6   129     2   156 0.79 -
TRINITY_DN2433_c0_g1_i5:1712-2236  -            175 505248at33208        -            170   8.3e-10   37.7   0.0   1   1   2.7e-11     1e-09   37.4   0.0    20   139     6   129     2   156 0.79 -
TRINITY_DN2433_c0_g1_i7:1723-2247  -            175 505248at33208        -            170   8.3e-10   37.7   0.0   1   1   2.7e-11     1e-09   37.4   0.0    20   139     6   129     2   156 0.79 -
TRINITY_DN2433_c0_g1_i8:1709-2233  -            175 505248at33208        -            170   8.3e-10   37.7   0.0   1   1   2.7e-11     1e-09   37.4   0.0    20   139     6   129     2   156 0.79 -
TRINITY_DN10548_c0_g1_i1:672-1199  -            176 505248at33208        -            170   9.9e-10   37.4   0.0   1   1   3.1e-11   1.2e-09   37.2   0.0    20   138     8   125     2   154 0.79 -
TRINITY_DN10548_c0_g1_i2:348-875   -            176 505248at33208        -            170   9.9e-10   37.4   0.0   1   1   3.1e-11   1.2e-09   37.2   0.0    20   138     8   125     2   154 0.79 -
TRINITY_DN10548_c0_g1_i3:649-1176  -            176 505248at33208        -            170   9.9e-10   37.4   0.0   1   1   3.1e-11   1.2e-09   37.2   0.0    20   138     8   125     2   154 0.79 -
TRINITY_DN1743_c0_g1_i2:546-1049   -            168 505248at33208        -            170   1.5e-09   36.9   0.0   1   1   5.7e-11   2.2e-09   36.3   0.0    17   142     2   128     1   145 0.77 -
TRINITY_DN14359_c0_g1_i2:850-1335  -            162 505248at33208        -            170   2.1e-09   36.3   0.1   1   1     2e-10   7.7e-09   34.5   0.1    28   143    10   125     1   162 0.69 -
TRINITY_DN14359_c0_g1_i6:857-1342  -            162 505248at33208        -            170   2.1e-09   36.3   0.1   1   1     2e-10   7.7e-09   34.5   0.1    28   143    10   125     1   162 0.69 -
TRINITY_DN14359_c0_g1_i8:857-1342  -            162 505248at33208        -            170   2.1e-09   36.3   0.1   1   1     2e-10   7.7e-09   34.5   0.1    28   143    10   125     1   162 0.69 -
TRINITY_DN4972_c0_g1_i12:68-586    -            173 505248at33208        -            170   2.4e-09   36.2   0.0   1   1   8.2e-11   3.2e-09   35.8   0.0    18   136     4   127     1   146 0.76 -
TRINITY_DN4972_c0_g1_i23:68-586    -            173 505248at33208        -            170   2.4e-09   36.2   0.0   1   1   8.2e-11   3.2e-09   35.8   0.0    18   136     4   127     1   146 0.76 -
TRINITY_DN93531_c0_g1_i1:99-653    -            185 505248at33208        -            170   2.6e-09   36.1   0.1   1   1   9.2e-11   3.5e-09   35.6   0.1    18   139     9   130     1   169 0.80 -
TRINITY_DN18235_c0_g2_i1:142-678   -            179 505248at33208        -            170   4.5e-09   35.3   0.0   1   1   1.5e-10   5.8e-09   34.9   0.0    18   137     5   123     2   155 0.86 -
TRINITY_DN18235_c0_g2_i3:142-678   -            179 505248at33208        -            170   4.5e-09   35.3   0.0   1   1   1.5e-10   5.8e-09   34.9   0.0    18   137     5   123     2   155 0.86 -
TRINITY_DN4318_c0_g1_i1:626-1195   -            190 505248at33208        -            170   5.6e-09   35.0   0.2   1   1   1.5e-09   5.6e-08   31.7   0.2    21   167     9   178     2   181 0.65 -
TRINITY_DN1743_c0_g3_i1:602-1207   -            202 505248at33208        -            170   7.3e-09   34.6   0.1   1   1   2.6e-10     1e-08   34.2   0.1    18   147     8   137     2   149 0.85 -
TRINITY_DN2254_c0_g1_i15:1948-2607 -            220 505248at33208        -            170   1.1e-08   34.0   0.0   1   2   3.8e-09   1.4e-07   30.4   0.0    18   103     9    96     4   115 0.80 -
TRINITY_DN2254_c0_g1_i15:1948-2607 -            220 505248at33208        -            170   1.1e-08   34.0   0.0   2   2       2.5        97    1.6   0.0   117   138   129   150   103   158 0.74 -
TRINITY_DN2254_c0_g1_i2:1791-2450  -            220 505248at33208        -            170   1.1e-08   34.0   0.0   1   2   3.8e-09   1.4e-07   30.4   0.0    18   103     9    96     4   115 0.80 -
TRINITY_DN2254_c0_g1_i2:1791-2450  -            220 505248at33208        -            170   1.1e-08   34.0   0.0   2   2       2.5        97    1.6   0.0   117   138   129   150   103   158 0.74 -
TRINITY_DN2254_c0_g1_i3:1837-2496  -            220 505248at33208        -            170   1.1e-08   34.0   0.0   1   2   3.8e-09   1.4e-07   30.4   0.0    18   103     9    96     4   115 0.80 -
TRINITY_DN2254_c0_g1_i3:1837-2496  -            220 505248at33208        -            170   1.1e-08   34.0   0.0   2   2       2.5        97    1.6   0.0   117   138   129   150   103   158 0.74 -
TRINITY_DN2254_c0_g1_i5:1948-2607  -            220 505248at33208        -            170   1.1e-08   34.0   0.0   1   2   3.8e-09   1.4e-07   30.4   0.0    18   103     9    96     4   115 0.80 -
TRINITY_DN2254_c0_g1_i5:1948-2607  -            220 505248at33208        -            170   1.1e-08   34.0   0.0   2   2       2.5        97    1.6   0.0   117   138   129   150   103   158 0.74 -
TRINITY_DN2254_c0_g1_i6:2046-2705  -            220 505248at33208        -            170   1.1e-08   34.0   0.0   1   2   3.8e-09   1.4e-07   30.4   0.0    18   103     9    96     4   115 0.80 -
TRINITY_DN2254_c0_g1_i6:2046-2705  -            220 505248at33208        -            170   1.1e-08   34.0   0.0   2   2       2.5        97    1.6   0.0   117   138   129   150   103   158 0.74 -
TRINITY_DN2254_c0_g1_i7:1971-2630  -            220 505248at33208        -            170   1.1e-08   34.0   0.0   1   2   3.8e-09   1.4e-07   30.4   0.0    18   103     9    96     4   115 0.80 -
TRINITY_DN2254_c0_g1_i7:1971-2630  -            220 505248at33208        -            170   1.1e-08   34.0   0.0   2   2       2.5        97    1.6   0.0   117   138   129   150   103   158 0.74 -
TRINITY_DN699_c0_g1_i2:295-834     -            180 505248at33208        -            170   1.5e-08   33.6   0.1   1   1   4.5e-10   1.7e-08   33.4   0.1    21   140     3   122     1   151 0.83 -
TRINITY_DN699_c0_g1_i3:631-1170    -            180 505248at33208        -            170   1.5e-08   33.6   0.1   1   1   4.5e-10   1.7e-08   33.4   0.1    21   140     3   122     1   151 0.83 -
TRINITY_DN699_c0_g1_i5:625-1164    -            180 505248at33208        -            170   1.5e-08   33.6   0.1   1   1   4.5e-10   1.7e-08   33.4   0.1    21   140     3   122     1   151 0.83 -
TRINITY_DN9652_c0_g1_i1:569-1102   -            178 505248at33208        -            170   1.5e-08   33.6   0.2   1   1   5.5e-10   2.1e-08   33.1   0.2    18   134     6   122     2   127 0.81 -
TRINITY_DN2756_c0_g1_i10:189-671   -            161 505248at33208        -            170   1.8e-08   33.3   0.2   1   1   6.2e-10   2.4e-08   32.9   0.2    18   138     6   125     3   145 0.71 -
TRINITY_DN2756_c0_g1_i11:189-671   -            161 505248at33208        -            170   1.8e-08   33.3   0.2   1   1   6.2e-10   2.4e-08   32.9   0.2    18   138     6   125     3   145 0.71 -
TRINITY_DN2756_c0_g1_i6:189-671    -            161 505248at33208        -            170   1.8e-08   33.3   0.2   1   1   6.2e-10   2.4e-08   32.9   0.2    18   138     6   125     3   145 0.71 -
TRINITY_DN6846_c0_g1_i10:163-756   -            198 505248at33208        -            170   2.4e-08   32.9   0.1   1   1   7.5e-10   2.9e-08   32.7   0.1     9   140     3   139     1   167 0.83 -
TRINITY_DN6846_c0_g1_i4:163-756    -            198 505248at33208        -            170   2.4e-08   32.9   0.1   1   1   7.5e-10   2.9e-08   32.7   0.1     9   140     3   139     1   167 0.83 -
TRINITY_DN6846_c0_g1_i5:163-756    -            198 505248at33208        -            170   2.4e-08   32.9   0.1   1   1   7.5e-10   2.9e-08   32.7   0.1     9   140     3   139     1   167 0.83 -
TRINITY_DN6846_c0_g1_i6:163-756    -            198 505248at33208        -            170   2.4e-08   32.9   0.1   1   1   7.5e-10   2.9e-08   32.7   0.1     9   140     3   139     1   167 0.83 -
TRINITY_DN6846_c0_g1_i9:163-756    -            198 505248at33208        -            170   2.4e-08   32.9   0.1   1   1   7.5e-10   2.9e-08   32.7   0.1     9   140     3   139     1   167 0.83 -
TRINITY_DN23193_c0_g1_i1:349-990   -            214 505248at33208        -            170   2.6e-08   32.8   0.2   1   1   1.4e-09   5.2e-08   31.8   0.2    18   168     8   170     2   172 0.80 -
TRINITY_DN23193_c0_g1_i3:340-981   -            214 505248at33208        -            170   2.6e-08   32.8   0.2   1   1   1.4e-09   5.2e-08   31.8   0.2    18   168     8   170     2   172 0.80 -
TRINITY_DN699_c0_g1_i4:3-380       -            126 505248at33208        -            170   2.8e-08   32.7   0.0   1   1   8.8e-10   3.4e-08   32.4   0.0    21   136     3   118     1   125 0.85 -
TRINITY_DN46440_c0_g2_i1:333-818   -            162 505248at33208        -            170   2.9e-08   32.7   0.0   1   1   8.8e-10   3.4e-08   32.4   0.0    18   133     4   119     1   135 0.76 -
TRINITY_DN6711_c0_g1_i2:220-696    -            159 505248at33208        -            170     3e-08   32.6   0.1   1   1   8.9e-10   3.4e-08   32.4   0.1    21   139     3   121     1   148 0.82 -
TRINITY_DN6711_c0_g1_i3:220-696    -            159 505248at33208        -            170     3e-08   32.6   0.1   1   1   8.9e-10   3.4e-08   32.4   0.1    21   139     3   121     1   148 0.82 -
TRINITY_DN3714_c0_g1_i1:217-687    -            157 505248at33208        -            170   3.9e-08   32.2   0.4   1   1   1.2e-09   4.8e-08   31.9   0.4    21   141     3   123     1   142 0.80 -
TRINITY_DN18953_c0_g1_i1:1311-2030 -            240 505248at33208        -            170   6.3e-08   31.6   0.0   1   1   2.3e-09   8.9e-08   31.1   0.0    18   141    13   134     5   154 0.76 -
TRINITY_DN18953_c0_g1_i2:1311-2030 -            240 505248at33208        -            170   6.3e-08   31.6   0.0   1   1   2.3e-09   8.9e-08   31.1   0.0    18   141    13   134     5   154 0.76 -
TRINITY_DN18953_c0_g1_i4:1248-1967 -            240 505248at33208        -            170   6.3e-08   31.6   0.0   1   1   2.3e-09   8.9e-08   31.1   0.0    18   141    13   134     5   154 0.76 -
TRINITY_DN10757_c0_g1_i1:189-719   -            177 505248at33208        -            170   6.5e-08   31.5   0.1   1   1   2.1e-09   8.1e-08   31.2   0.1    22   146     5   133     1   154 0.80 -
TRINITY_DN10757_c0_g1_i3:189-719   -            177 505248at33208        -            170   6.5e-08   31.5   0.1   1   1   2.1e-09   8.1e-08   31.2   0.1    22   146     5   133     1   154 0.80 -
TRINITY_DN27711_c0_g1_i1:557-1018  -            154 505248at33208        -            170   1.2e-07   30.7   0.1   1   1   3.6e-09   1.4e-07   30.4   0.1    20   147     2   129     1   144 0.78 -
TRINITY_DN4318_c0_g1_i2:573-1010   -            146 505248at33208        -            170   1.3e-07   30.5   0.0   1   1   8.4e-09   3.2e-07   29.2   0.0    66   168     5   119     2   121 0.77 -
TRINITY_DN4318_c0_g1_i3:573-1178   -            202 505248at33208        -            170   1.7e-07   30.2   0.2   1   1   1.8e-08     7e-07   28.1   0.0    66   167    61   174    51   177 0.77 -
TRINITY_DN28646_c0_g1_i2:295-828   -            178 505248at33208        -            170   3.5e-07   29.1   0.0   1   1   1.3e-08   5.1e-07   28.6   0.0    19   133     9   124     4   140 0.83 -
TRINITY_DN28646_c0_g1_i4:295-828   -            178 505248at33208        -            170   3.5e-07   29.1   0.0   1   1   1.3e-08   5.1e-07   28.6   0.0    19   133     9   124     4   140 0.83 -
TRINITY_DN28646_c0_g1_i6:295-828   -            178 505248at33208        -            170   3.5e-07   29.1   0.0   1   1   1.3e-08   5.1e-07   28.6   0.0    19   133     9   124     4   140 0.83 -
TRINITY_DN1411_c0_g1_i1:1534-2286  -            251 505248at33208        -            170   8.7e-07   27.8   0.2   1   1   3.4e-08   1.3e-06   27.3   0.2    19   135    47   167    29   187 0.70 -
TRINITY_DN1411_c0_g1_i2:1526-2278  -            251 505248at33208        -            170   8.7e-07   27.8   0.2   1   1   3.4e-08   1.3e-06   27.3   0.2    19   135    47   167    29   187 0.70 -
TRINITY_DN1411_c0_g1_i4:1526-2278  -            251 505248at33208        -            170   8.7e-07   27.8   0.2   1   1   3.4e-08   1.3e-06   27.3   0.2    19   135    47   167    29   187 0.70 -
TRINITY_DN9433_c1_g1_i1:70-579     -            170 505248at33208        -            170   1.1e-06   27.5   0.0   1   1   3.8e-08   1.4e-06   27.1   0.0    18   142     7   130     2   168 0.85 -
TRINITY_DN5766_c0_g1_i3:86-583     -            166 505248at33208        -            170   1.1e-06   27.5   0.0   1   1   3.4e-08   1.3e-06   27.3   0.0    55   146    36   128     1   158 0.78 -
TRINITY_DN381_c0_g1_i1:2082-2486   -            135 505248at33208        -            170   1.6e-06   27.0   0.6   1   1   4.8e-08   1.9e-06   26.8   0.6    19   127    26   134     9   135 0.70 -
TRINITY_DN381_c0_g1_i2:1253-1657   -            135 505248at33208        -            170   1.6e-06   27.0   0.6   1   1   4.8e-08   1.9e-06   26.8   0.6    19   127    26   134     9   135 0.70 -
TRINITY_DN381_c0_g1_i3:2408-2812   -            135 505248at33208        -            170   1.6e-06   27.0   0.6   1   1   4.8e-08   1.9e-06   26.8   0.6    19   127    26   134     9   135 0.70 -
TRINITY_DN381_c0_g1_i4:1252-1656   -            135 505248at33208        -            170   1.6e-06   27.0   0.6   1   1   4.8e-08   1.9e-06   26.8   0.6    19   127    26   134     9   135 0.70 -
TRINITY_DN1156_c0_g1_i15:187-684   -            166 505248at33208        -            170   1.6e-06   26.9   0.0   1   1   8.2e-08   3.2e-06   26.0   0.0    23   139     5   121     2   131 0.74 -
TRINITY_DN1156_c0_g1_i17:187-684   -            166 505248at33208        -            170   1.6e-06   26.9   0.0   1   1   8.2e-08   3.2e-06   26.0   0.0    23   139     5   121     2   131 0.74 -
TRINITY_DN1156_c0_g1_i1:187-684    -            166 505248at33208        -            170   1.6e-06   26.9   0.0   1   1   8.2e-08   3.2e-06   26.0   0.0    23   139     5   121     2   131 0.74 -
TRINITY_DN1156_c0_g1_i28:187-684   -            166 505248at33208        -            170   1.6e-06   26.9   0.0   1   1   8.2e-08   3.2e-06   26.0   0.0    23   139     5   121     2   131 0.74 -
TRINITY_DN1156_c0_g1_i6:187-684    -            166 505248at33208        -            170   1.6e-06   26.9   0.0   1   1   8.2e-08   3.2e-06   26.0   0.0    23   139     5   121     2   131 0.74 -
TRINITY_DN1156_c0_g1_i8:187-684    -            166 505248at33208        -            170   1.6e-06   26.9   0.0   1   1   8.2e-08   3.2e-06   26.0   0.0    23   139     5   121     2   131 0.74 -
TRINITY_DN10858_c0_g1_i1:308-700   -            131 505248at33208        -            170   1.9e-06   26.7   0.3   1   1   6.2e-08   2.4e-06   26.4   0.3    18   101    21   104    16   120 0.77 -
TRINITY_DN10858_c0_g1_i2:45-437    -            131 505248at33208        -            170   1.9e-06   26.7   0.3   1   1   6.2e-08   2.4e-06   26.4   0.3    18   101    21   104    16   120 0.77 -
TRINITY_DN7233_c0_g1_i6:3238-3645  -            136 505248at33208        -            170   2.2e-06   26.5   0.0   1   1   5.7e-08   2.2e-06   26.5   0.0    65   139    51   125     2   135 0.90 -
TRINITY_DN7233_c0_g1_i8:3235-3642  -            136 505248at33208        -            170   2.2e-06   26.5   0.0   1   1   5.7e-08   2.2e-06   26.5   0.0    65   139    51   125     2   135 0.90 -
TRINITY_DN7233_c0_g1_i9:3456-3863  -            136 505248at33208        -            170   2.2e-06   26.5   0.0   1   1   5.7e-08   2.2e-06   26.5   0.0    65   139    51   125     2   135 0.90 -
TRINITY_DN1754_c0_g1_i2:123-650    -            176 505248at33208        -            170   2.3e-06   26.5   0.5   1   1   1.3e-07   5.2e-06   25.3   0.5    20   166    12   173     4   176 0.66 -
TRINITY_DN1754_c0_g1_i4:135-662    -            176 505248at33208        -            170   2.3e-06   26.5   0.5   1   1   1.3e-07   5.2e-06   25.3   0.5    20   166    12   173     4   176 0.66 -
TRINITY_DN12746_c0_g1_i1:269-802   -            178 505248at33208        -            170   2.4e-06   26.4   0.1   1   1   7.8e-08     3e-06   26.1   0.1    20   141     3   128     1   141 0.77 -
TRINITY_DN12746_c0_g1_i2:267-800   -            178 505248at33208        -            170   2.4e-06   26.4   0.1   1   1   7.8e-08     3e-06   26.1   0.1    20   141     3   128     1   141 0.77 -
TRINITY_DN7233_c0_g1_i10:30-488    -            153 505248at33208        -            170   2.4e-06   26.4   0.0   1   1   6.6e-08   2.5e-06   26.3   0.0    65   140    51   126     2   141 0.89 -
TRINITY_DN7233_c0_g1_i3:3465-3923  -            153 505248at33208        -            170   2.4e-06   26.4   0.0   1   1   6.6e-08   2.5e-06   26.3   0.0    65   140    51   126     2   141 0.89 -
TRINITY_DN7233_c0_g1_i5:3235-3693  -            153 505248at33208        -            170   2.4e-06   26.4   0.0   1   1   6.6e-08   2.5e-06   26.3   0.0    65   140    51   126     2   141 0.89 -
TRINITY_DN14715_c0_g1_i1:0-233     -             78 505248at33208        -            170   2.8e-06   26.2   0.0   1   1   7.9e-08     3e-06   26.1   0.0    21    94     3    76     1    78 0.82 -
TRINITY_DN1743_c0_g1_i1:708-1085   -            126 505248at33208        -            170   2.9e-06   26.2   0.1   1   1   9.4e-08   3.6e-06   25.8   0.1    59   112    57   110    12   126 0.64 -
TRINITY_DN17917_c0_g1_i2:507-1070  -            188 505248at33208        -            170     3e-06   26.1   0.0   1   1     1e-07   3.9e-06   25.7   0.0    17   137     9   130     5   151 0.85 -
TRINITY_DN43391_c0_g1_i7:182-748   -            189 505248at33208        -            170   3.3e-06   26.0   0.0   1   1   1.1e-07   4.1e-06   25.7   0.0    64   143    71   151    25   172 0.80 -
TRINITY_DN43391_c0_g1_i3:182-757   -            192 505248at33208        -            170   3.4e-06   25.9   0.0   1   1   1.1e-07     4e-06   25.7   0.0    64   144    71   152    25   178 0.80 -
TRINITY_DN43391_c0_g1_i4:182-757   -            192 505248at33208        -            170   3.4e-06   25.9   0.0   1   1   1.1e-07     4e-06   25.7   0.0    64   144    71   152    25   178 0.80 -
TRINITY_DN43391_c0_g1_i6:182-757   -            192 505248at33208        -            170   3.4e-06   25.9   0.0   1   1   1.1e-07     4e-06   25.7   0.0    64   144    71   152    25   178 0.80 -
TRINITY_DN43391_c0_g1_i9:182-757   -            192 505248at33208        -            170   3.4e-06   25.9   0.0   1   1   1.1e-07     4e-06   25.7   0.0    64   144    71   152    25   178 0.80 -
TRINITY_DN29937_c0_g1_i1:311-910   -            200 505248at33208        -            170   3.4e-06   25.9   0.1   1   1   1.3e-07   4.9e-06   25.4   0.1    55   167    47   168     6   171 0.56 -
TRINITY_DN13253_c0_g1_i1:35-439    -            135 505248at33208        -            170   6.7e-06   25.0   0.0   1   1   2.4e-07   9.1e-06   24.5   0.0    18   106    23   113    17   134 0.72 -
TRINITY_DN4160_c1_g1_i1:615-1157   -            181 505248at33208        -            170   7.6e-06   24.8   0.0   1   1   2.7e-07     1e-05   24.4   0.0    17   149     9   141     6   151 0.78 -
TRINITY_DN4160_c1_g1_i2:566-1108   -            181 505248at33208        -            170   7.6e-06   24.8   0.0   1   1   2.7e-07     1e-05   24.4   0.0    17   149     9   141     6   151 0.78 -
TRINITY_DN4160_c1_g1_i3:630-1172   -            181 505248at33208        -            170   7.6e-06   24.8   0.0   1   1   2.7e-07     1e-05   24.4   0.0    17   149     9   141     6   151 0.78 -
TRINITY_DN4160_c1_g1_i5:615-1157   -            181 505248at33208        -            170   7.6e-06   24.8   0.0   1   1   2.7e-07     1e-05   24.4   0.0    17   149     9   141     6   151 0.78 -
TRINITY_DN1743_c0_g2_i1:345-818    -            158 505248at33208        -            170   7.8e-06   24.7   0.0   1   1   2.3e-07   8.9e-06   24.6   0.0    65   141    30   108     6   145 0.84 -
TRINITY_DN2497_c0_g1_i10:129-503   -            125 505248at33208        -            170   8.4e-06   24.6   0.0   1   1   2.5e-07   9.5e-06   24.5   0.0    20   137     5   121     2   125 0.81 -
TRINITY_DN2497_c0_g1_i11:129-503   -            125 505248at33208        -            170   8.4e-06   24.6   0.0   1   1   2.5e-07   9.5e-06   24.5   0.0    20   137     5   121     2   125 0.81 -
TRINITY_DN2497_c0_g1_i13:129-503   -            125 505248at33208        -            170   8.4e-06   24.6   0.0   1   1   2.5e-07   9.5e-06   24.5   0.0    20   137     5   121     2   125 0.81 -
TRINITY_DN2497_c0_g1_i1:129-503    -            125 505248at33208        -            170   8.4e-06   24.6   0.0   1   1   2.5e-07   9.5e-06   24.5   0.0    20   137     5   121     2   125 0.81 -
TRINITY_DN2497_c0_g1_i2:129-503    -            125 505248at33208        -            170   8.4e-06   24.6   0.0   1   1   2.5e-07   9.5e-06   24.5   0.0    20   137     5   121     2   125 0.81 -
TRINITY_DN2497_c0_g1_i3:129-503    -            125 505248at33208        -            170   8.4e-06   24.6   0.0   1   1   2.5e-07   9.5e-06   24.5   0.0    20   137     5   121     2   125 0.81 -
TRINITY_DN2497_c0_g1_i8:129-503    -            125 505248at33208        -            170   8.4e-06   24.6   0.0   1   1   2.5e-07   9.5e-06   24.5   0.0    20   137     5   121     2   125 0.81 -
TRINITY_DN9957_c0_g1_i1:243-794    -            184 505248at33208        -            170   1.3e-05   24.0   0.0   1   1   4.5e-07   1.7e-05   23.6   0.0    58   140    57   139    13   164 0.69 -
TRINITY_DN29001_c0_g2_i10:276-848  -            191 505248at33208        -            170     2e-05   23.4   0.0   1   1   7.4e-07   2.8e-05   22.9   0.0    21   140     3   122     1   153 0.76 -
TRINITY_DN29001_c0_g2_i3:276-848   -            191 505248at33208        -            170     2e-05   23.4   0.0   1   1   7.4e-07   2.8e-05   22.9   0.0    21   140     3   122     1   153 0.76 -
TRINITY_DN29001_c0_g2_i4:282-854   -            191 505248at33208        -            170     2e-05   23.4   0.0   1   1   7.4e-07   2.8e-05   22.9   0.0    21   140     3   122     1   153 0.76 -
TRINITY_DN29001_c0_g2_i5:276-848   -            191 505248at33208        -            170     2e-05   23.4   0.0   1   1   7.4e-07   2.8e-05   22.9   0.0    21   140     3   122     1   153 0.76 -
TRINITY_DN29001_c0_g2_i8:276-848   -            191 505248at33208        -            170     2e-05   23.4   0.0   1   1   7.4e-07   2.8e-05   22.9   0.0    21   140     3   122     1   153 0.76 -
TRINITY_DN29001_c0_g2_i9:276-848   -            191 505248at33208        -            170     2e-05   23.4   0.0   1   1   7.4e-07   2.8e-05   22.9   0.0    21   140     3   122     1   153 0.76 -
TRINITY_DN538_c0_g1_i13:2906-3430  -            175 505248at33208        -            170   2.9e-05   22.9   0.0   1   1   8.9e-07   3.4e-05   22.6   0.0    21   136     3   117     1   147 0.82 -
TRINITY_DN538_c0_g1_i14:2918-3442  -            175 505248at33208        -            170   2.9e-05   22.9   0.0   1   1   8.9e-07   3.4e-05   22.6   0.0    21   136     3   117     1   147 0.82 -
TRINITY_DN538_c0_g1_i7:2922-3446   -            175 505248at33208        -            170   2.9e-05   22.9   0.0   1   1   8.9e-07   3.4e-05   22.6   0.0    21   136     3   117     1   147 0.82 -
TRINITY_DN4542_c0_g1_i1:236-715    -            160 505248at33208        -            170     3e-05   22.8   0.0   1   1   1.1e-06   4.1e-05   22.4   0.0    21   137     3   119     1   160 0.68 -
TRINITY_DN8021_c0_g1_i3:160-594    -            145 505248at33208        -            170     4e-05   22.4   0.0   1   1   1.1e-06   4.3e-05   22.3   0.0    59   142    42   125     3   139 0.76 -
TRINITY_DN13669_c0_g2_i1:119-673   -            185 505248at33208        -            170   4.2e-05   22.4   0.1   1   1   2.6e-06    0.0001   21.1   0.1    18   133     4   120     1   167 0.73 -
TRINITY_DN13669_c0_g2_i2:119-673   -            185 505248at33208        -            170   4.2e-05   22.4   0.1   1   1   2.6e-06    0.0001   21.1   0.1    18   133     4   120     1   167 0.73 -
TRINITY_DN8021_c0_g1_i2:160-663    -            168 505248at33208        -            170   4.7e-05   22.2   0.0   1   1   1.3e-06   5.1e-05   22.1   0.0    59   146    42   129     3   152 0.76 -
TRINITY_DN16406_c0_g1_i2:1326-1820 -            165 505248at33208        -            170   4.7e-05   22.2   0.0   1   1   1.4e-06   5.6e-05   22.0   0.0    21   163     3   148     1   155 0.70 -
TRINITY_DN16406_c0_g1_i3:1326-1820 -            165 505248at33208        -            170   4.7e-05   22.2   0.0   1   1   1.4e-06   5.6e-05   22.0   0.0    21   163     3   148     1   155 0.70 -
TRINITY_DN16406_c0_g1_i5:1325-1819 -            165 505248at33208        -            170   4.7e-05   22.2   0.0   1   1   1.4e-06   5.6e-05   22.0   0.0    21   163     3   148     1   155 0.70 -
TRINITY_DN13390_c0_g1_i6:228-632   -            135 505248at33208        -            170     5e-05   22.1   0.0   1   1   1.8e-06   6.8e-05   21.7   0.0    20   145     5   127     2   133 0.74 -
TRINITY_DN9957_c0_g1_i2:246-611    -            122 505248at33208        -            170   5.4e-05   22.0   0.0   1   1   1.6e-06   6.1e-05   21.8   0.0    65   141     3    79     1   104 0.78 -
TRINITY_DN19371_c0_g1_i3:499-951   -            151 505248at33208        -            170   7.9e-05   21.5   0.0   1   1   2.3e-06   8.8e-05   21.3   0.0    68   140    36   110    25   147 0.77 -
TRINITY_DN19371_c0_g1_i2:499-954   -            152 505248at33208        -            170     8e-05   21.4   0.0   1   1   2.3e-06     9e-05   21.3   0.0    68   140    37   111    26   148 0.77 -
TRINITY_DN21182_c0_g1_i1:9-449     -            147 505248at33208        -            170   8.1e-05   21.4   0.4   1   1   2.7e-06   0.00011   21.1   0.4    20   121    39   140    28   147 0.66 -
TRINITY_DN21182_c0_g1_i2:9-449     -            147 505248at33208        -            170   8.1e-05   21.4   0.4   1   1   2.7e-06   0.00011   21.1   0.4    20   121    39   140    28   147 0.66 -
TRINITY_DN181360_c0_g1_i1:30-236   -             69 505248at33208        -            170   8.3e-05   21.4   0.1   1   1   2.3e-06     9e-05   21.3   0.1    21    87     3    69     1    69 0.84 -
TRINITY_DN25114_c0_g1_i1:84-548    -            155 505248at33208        -            170   8.3e-05   21.4   0.0   1   1   2.6e-06   9.9e-05   21.2   0.0    24   137     6   119     1   155 0.64 -
TRINITY_DN19371_c0_g1_i1:472-990   -            173 505248at33208        -            170   8.4e-05   21.4   0.0   1   1   2.2e-06   8.4e-05   21.4   0.0    68   140    49   123     2   160 0.79 -
TRINITY_DN3254_c0_g2_i3:2814-3278  -            155 505248at33208        -            170   0.00014   20.6   0.0   1   1   4.4e-06   0.00017   20.4   0.0    20   141     2   125     1   138 0.76 -
TRINITY_DN3939_c0_g1_i3:193-1092   -            300 505248at33208        -            170   0.00022   20.0   0.5   1   2   4.3e-05    0.0017   17.2   0.1    20   134     7   128     2   149 0.75 -
TRINITY_DN3939_c0_g1_i3:193-1092   -            300 505248at33208        -            170   0.00022   20.0   0.5   2   2       4.3   1.6e+02    0.9   0.0    81   132   160   215   158   251 0.78 -
TRINITY_DN3939_c0_g1_i4:67-966     -            300 505248at33208        -            170   0.00022   20.0   0.5   1   2   4.3e-05    0.0017   17.2   0.1    20   134     7   128     2   149 0.75 -
TRINITY_DN3939_c0_g1_i4:67-966     -            300 505248at33208        -            170   0.00022   20.0   0.5   2   2       4.3   1.6e+02    0.9   0.0    81   132   160   215   158   251 0.78 -
TRINITY_DN2862_c0_g1_i1:1161-1652  -            164 505248at33208        -            170   0.00023   20.0   0.1   1   1   8.7e-06   0.00033   19.4   0.1    65   142    46   123     2   138 0.79 -
TRINITY_DN2862_c0_g1_i3:1169-1660  -            164 505248at33208        -            170   0.00023   20.0   0.1   1   1   8.7e-06   0.00033   19.4   0.1    65   142    46   123     2   138 0.79 -
TRINITY_DN31930_c0_g1_i1:197-562   -            122 505248at33208        -            170   0.00035   19.4   0.0   1   1     1e-05   0.00039   19.2   0.0    69   137    12    85     7   118 0.83 -
TRINITY_DN31930_c0_g1_i3:197-562   -            122 505248at33208        -            170   0.00035   19.4   0.0   1   1     1e-05   0.00039   19.2   0.0    69   137    12    85     7   118 0.83 -
TRINITY_DN31930_c0_g1_i2:197-679   -            161 505248at33208        -            170    0.0004   19.2   0.0   1   1   1.2e-05   0.00047   19.0   0.0    68   137    50   124     2   140 0.77 -
TRINITY_DN5489_c0_g1_i1:117-611    -            165 505248at33208        -            170   0.00048   18.9   0.0   1   1   1.5e-05   0.00058   18.6   0.0    65   137    53   126     7   149 0.74 -
TRINITY_DN5489_c0_g1_i2:118-612    -            165 505248at33208        -            170   0.00048   18.9   0.0   1   1   1.5e-05   0.00058   18.6   0.0    65   137    53   126     7   149 0.74 -
TRINITY_DN2002_c0_g1_i10:204-812   -            203 505248at33208        -            170   0.00055   18.7   0.0   1   1   2.1e-05   0.00081   18.2   0.0    20   150     4   139     2   153 0.78 -
TRINITY_DN2002_c0_g1_i1:204-812    -            203 505248at33208        -            170   0.00055   18.7   0.0   1   1   2.1e-05   0.00081   18.2   0.0    20   150     4   139     2   153 0.78 -
TRINITY_DN2002_c0_g1_i2:204-812    -            203 505248at33208        -            170   0.00055   18.7   0.0   1   1   2.1e-05   0.00081   18.2   0.0    20   150     4   139     2   153 0.78 -
TRINITY_DN2002_c0_g1_i3:204-812    -            203 505248at33208        -            170   0.00055   18.7   0.0   1   1   2.1e-05   0.00081   18.2   0.0    20   150     4   139     2   153 0.78 -
TRINITY_DN2002_c0_g1_i5:204-812    -            203 505248at33208        -            170   0.00055   18.7   0.0   1   1   2.1e-05   0.00081   18.2   0.0    20   150     4   139     2   153 0.78 -
TRINITY_DN3254_c0_g2_i2:2814-3209  -            132 505248at33208        -            170   0.00072   18.3   0.0   1   1   2.2e-05   0.00086   18.1   0.0    64   141    22   102     2   116 0.80 -
TRINITY_DN17661_c0_g1_i1:369-863   -            165 505248at33208        -            170   0.00094   18.0   0.0   1   1     3e-05    0.0012   17.7   0.0    67   138    48   120     1   132 0.81 -
TRINITY_DN2735_c0_g1_i1:54-572     -            173 505248at33208        -            170    0.0013   17.5   0.0   1   1   4.3e-05    0.0016   17.2   0.0    37   141    27   134     5   145 0.80 -
TRINITY_DN2735_c0_g1_i3:54-572     -            173 505248at33208        -            170    0.0013   17.5   0.0   1   1   4.3e-05    0.0016   17.2   0.0    37   141    27   134     5   145 0.80 -
TRINITY_DN5788_c0_g1_i2:810-1415   -            202 505248at33208        -            170    0.0018   17.1   0.0   1   1     6e-05    0.0023   16.7   0.0    18   134     6   122     2   146 0.75 -
TRINITY_DN5788_c0_g1_i5:807-1412   -            202 505248at33208        -            170    0.0018   17.1   0.0   1   1     6e-05    0.0023   16.7   0.0    18   134     6   122     2   146 0.75 -
TRINITY_DN6526_c0_g1_i5:60-596     -            179 505248at33208        -            170    0.0042   15.8   0.2   1   1   0.00017    0.0066   15.2   0.1    42   144    23   126     1   158 0.73 -
TRINITY_DN20205_c0_g1_i1:351-1346  -            332 505248at33208        -            170    0.0075   15.0   0.0   1   3     0.035       1.3    7.7   0.0    19    40     2    23     1    33 0.85 -
TRINITY_DN20205_c0_g1_i1:351-1346  -            332 505248at33208        -            170    0.0075   15.0   0.0   2   3       1.5        58    2.4   0.0    93   137   132   177   106   198 0.67 -
TRINITY_DN20205_c0_g1_i1:351-1346  -            332 505248at33208        -            170    0.0075   15.0   0.0   3   3         5   1.9e+02    0.7   0.0   147   167   223   243   214   246 0.83 -
TRINITY_DN20205_c0_g1_i2:306-1301  -            332 505248at33208        -            170    0.0075   15.0   0.0   1   3     0.035       1.3    7.7   0.0    19    40     2    23     1    33 0.85 -
TRINITY_DN20205_c0_g1_i2:306-1301  -            332 505248at33208        -            170    0.0075   15.0   0.0   2   3       1.5        58    2.4   0.0    93   137   132   177   106   198 0.67 -
TRINITY_DN20205_c0_g1_i2:306-1301  -            332 505248at33208        -            170    0.0075   15.0   0.0   3   3         5   1.9e+02    0.7   0.0   147   167   223   243   214   246 0.83 -
TRINITY_DN20205_c0_g1_i3:306-1301  -            332 505248at33208        -            170    0.0075   15.0   0.0   1   3     0.035       1.3    7.7   0.0    19    40     2    23     1    33 0.85 -
TRINITY_DN20205_c0_g1_i3:306-1301  -            332 505248at33208        -            170    0.0075   15.0   0.0   2   3       1.5        58    2.4   0.0    93   137   132   177   106   198 0.67 -
TRINITY_DN20205_c0_g1_i3:306-1301  -            332 505248at33208        -            170    0.0075   15.0   0.0   3   3         5   1.9e+02    0.7   0.0   147   167   223   243   214   246 0.83 -
TRINITY_DN20205_c0_g1_i4:351-1346  -            332 505248at33208        -            170    0.0075   15.0   0.0   1   3     0.035       1.3    7.7   0.0    19    40     2    23     1    33 0.85 -
TRINITY_DN20205_c0_g1_i4:351-1346  -            332 505248at33208        -            170    0.0075   15.0   0.0   2   3       1.5        58    2.4   0.0    93   137   132   177   106   198 0.67 -
TRINITY_DN20205_c0_g1_i4:351-1346  -            332 505248at33208        -            170    0.0075   15.0   0.0   3   3         5   1.9e+02    0.7   0.0   147   167   223   243   214   246 0.83 -
TRINITY_DN13390_c0_g1_i7:393-938   -            182 505248at33208        -            170    0.0075   15.0   0.0   1   1   0.00025    0.0095   14.7   0.0    20   138     2   119     1   141 0.73 -
TRINITY_DN39963_c0_g1_i1:503-1105  -            201 505248at33208        -            170    0.0076   15.0   0.0   1   1    0.0003     0.011   14.4   0.0    66   136    44   114     1   140 0.74 -
TRINITY_DN3868_c0_g2_i1:10-438     -            143 505248at33208        -            170     0.013   14.3   0.0   1   1   0.00039     0.015   14.0   0.0    19   102    28   116    22   142 0.72 -
TRINITY_DN25435_c0_g3_i1:100-684   -            195 505248at33208        -            170     0.015   14.1   0.0   1   2    0.0036      0.14   10.9   0.0    46   133    21   111     2   134 0.71 -
TRINITY_DN25435_c0_g3_i1:100-684   -            195 505248at33208        -            170     0.015   14.1   0.0   2   2       3.4   1.3e+02    1.2   0.0   147   167   150   170   145   173 0.84 -
TRINITY_DN15963_c0_g1_i4:711-1175  -            155 505248at33208        -            170     0.019   13.7   0.0   1   1    0.0006     0.023   13.4   0.0    39   154    21   130     1   143 0.63 -
TRINITY_DN15963_c0_g1_i7:600-1064  -            155 505248at33208        -            170     0.019   13.7   0.0   1   1    0.0006     0.023   13.4   0.0    39   154    21   130     1   143 0.63 -
TRINITY_DN37164_c0_g1_i1:18-383    -            122 505248at33208        -            170     0.025   13.3   0.0   1   1    0.0007     0.027   13.2   0.0    20   138     2   119     1   122 0.73 -
#
# Program:         hmmsearch
# Version:         3.1b2 (February 2015)
# Pipeline mode:   SEARCH
# Query file:      /busco_wd/busco_downloads/lineages/metazoa_odb10/hmms/505248at33208.hmm
# Target file:     /busco_wd/BUSCO/run_metazoa_odb10/metaeuk_output/initial_results/Trinity.fasta.modified.fas
# Option settings: hmmsearch --domtblout /busco_wd/BUSCO/run_metazoa_odb10/hmmer_output/initial_run_results/505248at33208.out --cpu 1 /busco_wd/busco_downloads/lineages/metazoa_odb10/hmms/505248at33208.hmm /busco_wd/BUSCO/run_metazoa_odb10/metaeuk_output/initial_results/Trinity.fasta.modified.fas 
# Current dir:     /busco_wd
# Date:            Tue Nov 23 09:03:48 2021
# [ok]
