#                                                                                           --- full sequence --- -------------- this domain -------------   hmm coord   ali coord   env coord
# target name                       accession   tlen query name           accession   qlen   E-value  score  bias   #  of  c-Evalue  i-Evalue  score  bias  from    to  from    to  from    to  acc description of target
#               ------------------- ---------- ----- -------------------- ---------- ----- --------- ------ ----- --- --- --------- --------- ------ ----- ----- ----- ----- ----- ----- ----- ---- ---------------------
TRINITY_DN5037_c0_g1_i2:46-795      -            250 510522at33208        -            200   5.2e-58  195.1  10.0   1   1   4.6e-59   5.2e-57  191.8  10.0     2   200     5   243     4   243 0.84 -
TRINITY_DN5037_c0_g1_i3:46-795      -            250 510522at33208        -            200   5.2e-58  195.1  10.0   1   1   4.6e-59   5.2e-57  191.8  10.0     2   200     5   243     4   243 0.84 -
TRINITY_DN5037_c0_g1_i4:46-795      -            250 510522at33208        -            200   5.2e-58  195.1  10.0   1   1   4.6e-59   5.2e-57  191.8  10.0     2   200     5   243     4   243 0.84 -
TRINITY_DN5037_c0_g1_i5:46-795      -            250 510522at33208        -            200   5.2e-58  195.1  10.0   1   1   4.6e-59   5.2e-57  191.8  10.0     2   200     5   243     4   243 0.84 -
TRINITY_DN15077_c0_g1_i1:811-1077   -             89 510522at33208        -            200   4.3e-18   64.8   0.1   1   1   4.4e-20     5e-18   64.5   0.1    14    76    17    84     9    86 0.90 -
TRINITY_DN15077_c0_g1_i2:751-1050   -            100 510522at33208        -            200   4.4e-18   64.7   0.2   1   1   4.4e-20     5e-18   64.5   0.2    14    76     8    75     2    94 0.88 -
TRINITY_DN973_c0_g1_i1:1871-2947    -            359 510522at33208        -            200   5.8e-17   61.1   0.1   1   1   1.1e-18   1.2e-16   60.0   0.1    11    75    22    91    14    97 0.89 -
TRINITY_DN973_c0_g1_i2:1820-2896    -            359 510522at33208        -            200   5.8e-17   61.1   0.1   1   1   1.1e-18   1.2e-16   60.0   0.1    11    75    22    91    14    97 0.89 -
TRINITY_DN973_c0_g1_i3:1857-2933    -            359 510522at33208        -            200   5.8e-17   61.1   0.1   1   1   1.1e-18   1.2e-16   60.0   0.1    11    75    22    91    14    97 0.89 -
TRINITY_DN973_c0_g1_i4:1834-2910    -            359 510522at33208        -            200   5.8e-17   61.1   0.1   1   1   1.1e-18   1.2e-16   60.0   0.1    11    75    22    91    14    97 0.89 -
TRINITY_DN12163_c0_g1_i1:65-1045    -            327 510522at33208        -            200   6.5e-17   60.9   0.3   1   1     8e-19     9e-17   60.4   0.3    13    75     2    68     1    73 0.90 -
TRINITY_DN9628_c0_g1_i1:199-1218    -            340 510522at33208        -            200   9.8e-17   60.3   0.2   1   1   1.4e-18   1.6e-16   59.6   0.2    13    75     9    75     3    78 0.90 -
TRINITY_DN5304_c0_g1_i1:1215-1409   -             65 510522at33208        -            200   1.3e-16   59.9   0.5   1   1   1.2e-18   1.4e-16   59.9   0.5    16    72     2    64     1    65 0.89 -
TRINITY_DN5304_c0_g1_i4:1221-1415   -             65 510522at33208        -            200   1.3e-16   59.9   0.5   1   1   1.2e-18   1.4e-16   59.9   0.5    16    72     2    64     1    65 0.89 -
TRINITY_DN6011_c0_g1_i11:8-1024     -            339 510522at33208        -            200   9.2e-16   57.2   0.1   1   1   1.3e-17   1.5e-15   56.5   0.1    11    74     5    72     1    77 0.90 -
TRINITY_DN6011_c0_g1_i12:1132-2187  -            352 510522at33208        -            200   9.9e-16   57.1   0.1   1   1   1.4e-17   1.6e-15   56.4   0.1    11    74     5    72     1    77 0.90 -
TRINITY_DN6011_c0_g1_i1:1130-2185   -            352 510522at33208        -            200   9.9e-16   57.1   0.1   1   1   1.4e-17   1.6e-15   56.4   0.1    11    74     5    72     1    77 0.90 -
TRINITY_DN6011_c0_g1_i4:1132-2187   -            352 510522at33208        -            200   9.9e-16   57.1   0.1   1   1   1.4e-17   1.6e-15   56.4   0.1    11    74     5    72     1    77 0.90 -
TRINITY_DN6011_c0_g1_i5:1132-2187   -            352 510522at33208        -            200   9.9e-16   57.1   0.1   1   1   1.4e-17   1.6e-15   56.4   0.1    11    74     5    72     1    77 0.90 -
TRINITY_DN712_c0_g1_i11:224-577     -            118 510522at33208        -            200   2.4e-15   55.8   0.4   1   1   2.6e-17   2.9e-15   55.5   0.4    11    75    23    91    14    97 0.89 -
TRINITY_DN712_c0_g1_i12:224-577     -            118 510522at33208        -            200   2.4e-15   55.8   0.4   1   1   2.6e-17   2.9e-15   55.5   0.4    11    75    23    91    14    97 0.89 -
TRINITY_DN712_c0_g1_i13:224-577     -            118 510522at33208        -            200   2.4e-15   55.8   0.4   1   1   2.6e-17   2.9e-15   55.5   0.4    11    75    23    91    14    97 0.89 -
TRINITY_DN712_c0_g1_i2:224-577      -            118 510522at33208        -            200   2.4e-15   55.8   0.4   1   1   2.6e-17   2.9e-15   55.5   0.4    11    75    23    91    14    97 0.89 -
TRINITY_DN712_c0_g1_i3:224-577      -            118 510522at33208        -            200   2.4e-15   55.8   0.4   1   1   2.6e-17   2.9e-15   55.5   0.4    11    75    23    91    14    97 0.89 -
TRINITY_DN3493_c1_g1_i11:311-1318   -            336 510522at33208        -            200   4.8e-15   54.8   1.5   1   1   6.1e-17   6.9e-15   54.3   1.5    14    77     2    69     1    71 0.90 -
TRINITY_DN3493_c1_g1_i12:311-1333   -            341 510522at33208        -            200   4.8e-15   54.8   1.5   1   1   6.2e-17   7.1e-15   54.3   1.5    14    77     2    69     1    71 0.90 -
TRINITY_DN3493_c1_g1_i2:311-1333    -            341 510522at33208        -            200   4.9e-15   54.8   1.5   1   1   6.2e-17   7.1e-15   54.3   1.5    14    77     2    69     1    71 0.90 -
TRINITY_DN3493_c1_g1_i6:311-1333    -            341 510522at33208        -            200   4.9e-15   54.8   1.5   1   1   6.2e-17   7.1e-15   54.3   1.5    14    77     2    69     1    71 0.90 -
TRINITY_DN3493_c1_g1_i8:311-1333    -            341 510522at33208        -            200   4.9e-15   54.8   1.5   1   1   6.2e-17   7.1e-15   54.3   1.5    14    77     2    69     1    71 0.90 -
TRINITY_DN117974_c0_g1_i1:45-785    -            247 510522at33208        -            200     4e-14   51.8   0.1   1   1   5.2e-16     6e-14   51.2   0.1    16    75     2    63     1    72 0.89 -
TRINITY_DN1259_c0_g1_i1:406-1506    -            367 510522at33208        -            200     1e-13   50.4   0.0   1   1   1.6e-15   1.8e-13   49.7   0.0    15    74     1    63     1    66 0.92 -
TRINITY_DN1259_c0_g1_i2:600-1700    -            367 510522at33208        -            200     1e-13   50.4   0.0   1   1   1.6e-15   1.8e-13   49.7   0.0    15    74     1    63     1    66 0.92 -
TRINITY_DN1259_c0_g1_i3:623-1723    -            367 510522at33208        -            200     1e-13   50.4   0.0   1   1   1.6e-15   1.8e-13   49.7   0.0    15    74     1    63     1    66 0.92 -
TRINITY_DN1259_c0_g1_i5:383-1483    -            367 510522at33208        -            200     1e-13   50.4   0.0   1   1   1.6e-15   1.8e-13   49.7   0.0    15    74     1    63     1    66 0.92 -
TRINITY_DN13485_c0_g1_i2:1043-1825  -            261 510522at33208        -            200   3.1e-13   48.9   0.1   1   1   4.7e-15   5.4e-13   48.1   0.1    13    75     2    68     1    74 0.86 -
TRINITY_DN13485_c0_g1_i10:1043-1909 -            289 510522at33208        -            200   4.2e-13   48.5   0.2   1   1   6.1e-15   6.9e-13   47.8   0.2    13    75     2    68     1    73 0.86 -
TRINITY_DN13485_c0_g1_i3:1042-1908  -            289 510522at33208        -            200   4.2e-13   48.5   0.2   1   1   6.1e-15   6.9e-13   47.8   0.2    13    75     2    68     1    73 0.86 -
TRINITY_DN8590_c0_g1_i1:171-512     -            114 510522at33208        -            200   5.1e-13   48.2   3.4   1   1   5.8e-15   6.6e-13   47.8   3.4    16    93     1    82     1    89 0.88 -
TRINITY_DN1969_c0_g1_i2:1232-1432   -             67 510522at33208        -            200     1e-12   47.2   2.0   1   1     1e-14   1.2e-12   47.0   2.0    16    71     2    67     1    67 0.82 -
TRINITY_DN459_c0_g1_i1:3065-3409    -            115 510522at33208        -            200   8.9e-12   44.2   0.5   1   1     9e-14     1e-11   44.0   0.5    13    75    24    91    16   112 0.83 -
TRINITY_DN459_c0_g1_i5:3064-3408    -            115 510522at33208        -            200   8.9e-12   44.2   0.5   1   1     9e-14     1e-11   44.0   0.5    13    75    24    91    16   112 0.83 -
TRINITY_DN6390_c0_g1_i1:199-1656    -            486 510522at33208        -            200   1.9e-11   43.1   0.1   1   2   1.7e-13   1.9e-11   43.1   0.1    22    84     2    67     2    84 0.82 -
TRINITY_DN6390_c0_g1_i1:199-1656    -            486 510522at33208        -            200   1.9e-11   43.1   0.1   2   2       3.2   3.6e+02   -0.3   2.0   152   187   177   212   170   229 0.66 -
TRINITY_DN9465_c0_g1_i1:43-696      -            218 510522at33208        -            200   4.1e-11   42.0   1.0   1   1   5.2e-13   5.9e-11   41.5   1.0    14   110     5   106     2   115 0.79 -
TRINITY_DN8671_c0_g2_i4:141-764     -            208 510522at33208        -            200   5.8e-11   41.5   0.1   1   1     7e-13   7.9e-11   41.0   0.1    13    79     3    73     1    84 0.89 -
TRINITY_DN143618_c0_g1_i1:45-2126   -            694 510522at33208        -            200   5.8e-11   41.5   0.1   1   2   5.2e-13   5.8e-11   41.5   0.1    14    75     3    70     1    80 0.87 -
TRINITY_DN143618_c0_g1_i1:45-2126   -            694 510522at33208        -            200   5.8e-11   41.5   0.1   2   2      0.48        54    2.4   0.7   146   195   287   336   281   338 0.87 -
TRINITY_DN1245_c0_g1_i10:1299-1592  -             98 510522at33208        -            200   2.6e-10   39.4   0.3   1   1   2.5e-12   2.8e-10   39.3   0.3    14    74     2    69     1    82 0.85 -
TRINITY_DN1245_c0_g1_i15:1299-1592  -             98 510522at33208        -            200   2.6e-10   39.4   0.3   1   1   2.5e-12   2.8e-10   39.3   0.3    14    74     2    69     1    82 0.85 -
TRINITY_DN1245_c0_g1_i3:1299-1592   -             98 510522at33208        -            200   2.6e-10   39.4   0.3   1   1   2.5e-12   2.8e-10   39.3   0.3    14    74     2    69     1    82 0.85 -
TRINITY_DN1245_c0_g1_i5:1299-1592   -             98 510522at33208        -            200   2.6e-10   39.4   0.3   1   1   2.5e-12   2.8e-10   39.3   0.3    14    74     2    69     1    82 0.85 -
TRINITY_DN1245_c0_g1_i6:1299-1592   -             98 510522at33208        -            200   2.6e-10   39.4   0.3   1   1   2.5e-12   2.8e-10   39.3   0.3    14    74     2    69     1    82 0.85 -
TRINITY_DN1245_c0_g1_i9:1299-1592   -             98 510522at33208        -            200   2.6e-10   39.4   0.3   1   1   2.5e-12   2.8e-10   39.3   0.3    14    74     2    69     1    82 0.85 -
TRINITY_DN10292_c0_g1_i1:531-716    -             62 510522at33208        -            200   4.9e-09   35.2   0.0   1   1   4.6e-11   5.2e-09   35.1   0.0    14    71     3    62     1    62 0.87 -
TRINITY_DN7451_c0_g1_i3:87-956      -            290 510522at33208        -            200   7.3e-09   34.6   5.6   1   1   2.2e-10   2.5e-08   32.9   5.6    15    79     2    71     1   181 0.72 -
TRINITY_DN7451_c0_g1_i5:87-956      -            290 510522at33208        -            200   7.3e-09   34.6   5.6   1   1   2.2e-10   2.5e-08   32.9   5.6    15    79     2    71     1   181 0.72 -
TRINITY_DN7451_c0_g1_i2:87-956      -            290 510522at33208        -            200   7.4e-09   34.6   5.6   1   1   2.2e-10   2.5e-08   32.9   5.6    15    79     2    71     1   181 0.72 -
TRINITY_DN7451_c0_g1_i1:87-956      -            290 510522at33208        -            200   7.5e-09   34.6   5.6   1   1   2.2e-10   2.5e-08   32.9   5.6    15    79     2    71     1   181 0.72 -
TRINITY_DN18653_c0_g1_i1:229-411    -             61 510522at33208        -            200   1.7e-08   33.4   0.5   1   1   1.6e-10   1.8e-08   33.3   0.5    16    71     1    61     1    61 0.88 -
TRINITY_DN11502_c0_g1_i1:216-1271   -            352 510522at33208        -            200   2.2e-08   33.1   0.3   1   1   3.2e-10   3.6e-08   32.4   0.3    12    66   278   339   264   351 0.78 -
TRINITY_DN2648_c0_g1_i1:457-732     -             92 510522at33208        -            200   1.5e-07   30.4   0.0   1   1   1.5e-09   1.7e-07   30.2   0.0    14    76     5    68     1    76 0.86 -
TRINITY_DN2648_c0_g1_i2:457-732     -             92 510522at33208        -            200   1.5e-07   30.4   0.0   1   1   1.5e-09   1.7e-07   30.2   0.0    14    76     5    68     1    76 0.86 -
TRINITY_DN3461_c0_g1_i2:71-814      -            248 510522at33208        -            200   2.5e-07   29.6   0.3   1   2       2.5   2.8e+02    0.1   0.2   146   175     9    38     4    47 0.81 -
TRINITY_DN3461_c0_g1_i2:71-814      -            248 510522at33208        -            200   2.5e-07   29.6   0.3   2   2   2.2e-09   2.5e-07   29.6   0.3    14    66    51   109    42   125 0.80 -
TRINITY_DN3461_c0_g1_i5:71-814      -            248 510522at33208        -            200   2.5e-07   29.6   0.3   1   2       2.5   2.8e+02    0.1   0.2   146   175     9    38     4    47 0.81 -
TRINITY_DN3461_c0_g1_i5:71-814      -            248 510522at33208        -            200   2.5e-07   29.6   0.3   2   2   2.2e-09   2.5e-07   29.6   0.3    14    66    51   109    42   125 0.80 -
TRINITY_DN14414_c0_g1_i3:95-424     -            110 510522at33208        -            200     3e-07   29.4   0.0   1   1   3.2e-09   3.6e-07   29.1   0.0    12    72     9    74     4    87 0.88 -
TRINITY_DN8671_c0_g2_i2:156-311     -             52 510522at33208        -            200   4.4e-07   28.8   0.0   1   1     4e-09   4.6e-07   28.8   0.0    16    63     1    52     1    52 0.87 -
TRINITY_DN6244_c0_g1_i1:393-554     -             54 510522at33208        -            200   6.1e-07   28.4   0.0   1   1   5.6e-09   6.4e-07   28.3   0.0    22    61     8    53     1    54 0.80 -
TRINITY_DN6244_c0_g1_i2:393-554     -             54 510522at33208        -            200   6.1e-07   28.4   0.0   1   1   5.6e-09   6.4e-07   28.3   0.0    22    61     8    53     1    54 0.80 -
TRINITY_DN6244_c0_g1_i3:393-554     -             54 510522at33208        -            200   6.1e-07   28.4   0.0   1   1   5.6e-09   6.4e-07   28.3   0.0    22    61     8    53     1    54 0.80 -
TRINITY_DN1754_c0_g1_i2:708-902     -             65 510522at33208        -            200   6.3e-07   28.3   0.0   1   1   6.1e-09   6.9e-07   28.2   0.0     4    55     4    59     1    63 0.85 -
TRINITY_DN1754_c0_g1_i4:720-914     -             65 510522at33208        -            200   6.3e-07   28.3   0.0   1   1   6.1e-09   6.9e-07   28.2   0.0     4    55     4    59     1    63 0.85 -
TRINITY_DN14414_c0_g1_i1:421-957    -            179 510522at33208        -            200   8.3e-07   27.9   0.0   1   1   1.1e-08   1.3e-06   27.3   0.0    12    72     9    74     4    87 0.88 -
TRINITY_DN14414_c0_g1_i2:158-694    -            179 510522at33208        -            200   8.3e-07   27.9   0.0   1   1   1.1e-08   1.3e-06   27.3   0.0    12    72     9    74     4    87 0.88 -
TRINITY_DN14414_c0_g1_i4:395-931    -            179 510522at33208        -            200   8.3e-07   27.9   0.0   1   1   1.1e-08   1.3e-06   27.3   0.0    12    72     9    74     4    87 0.88 -
TRINITY_DN6459_c1_g2_i2:0-2882      -            961 510522at33208        -            200   3.2e-05   22.8   0.1   1   1   5.2e-07   5.9e-05   21.9   0.1    20    69    38    86    24    92 0.83 -
TRINITY_DN6459_c1_g2_i5:198-6128    -           1977 510522at33208        -            200   6.1e-05   21.8   0.1   1   1   1.2e-06   0.00014   20.7   0.1    20    68  1294  1341  1280  1347 0.83 -
TRINITY_DN3461_c0_g1_i11:266-949    -            228 510522at33208        -            200   0.00072   18.3  19.4   1   1   1.1e-05    0.0012   17.6  14.0    14    68    31    92    20   195 0.72 -
TRINITY_DN3461_c0_g1_i8:71-814      -            248 510522at33208        -            200    0.0013   17.5  13.5   1   2       2.4   2.8e+02    0.1   0.2   146   175     9    38     4    47 0.81 -
TRINITY_DN3461_c0_g1_i8:71-814      -            248 510522at33208        -            200    0.0013   17.5  13.5   2   2   1.2e-05    0.0013   17.5  13.5    14    66    51   109    39   213 0.80 -
TRINITY_DN11304_c0_g1_i2:505-1437   -            311 510522at33208        -            200      0.02   13.6   0.4   1   1   0.00033     0.037   12.8   0.1    18    67   261   310   250   311 0.92 -
TRINITY_DN11304_c0_g1_i3:505-1437   -            311 510522at33208        -            200      0.02   13.6   0.4   1   1   0.00033     0.037   12.8   0.1    18    67   261   310   250   311 0.92 -
TRINITY_DN11304_c0_g1_i6:505-1437   -            311 510522at33208        -            200      0.02   13.6   0.4   1   1   0.00033     0.037   12.8   0.1    18    67   261   310   250   311 0.92 -
TRINITY_DN11304_c0_g1_i4:505-1437   -            311 510522at33208        -            200      0.02   13.6   0.4   1   1   0.00033     0.037   12.8   0.1    18    67   261   310   250   311 0.92 -
TRINITY_DN11304_c0_g1_i1:505-1443   -            313 510522at33208        -            200     0.024   13.3   0.7   1   1   0.00034     0.039   12.7   0.2    18    67   261   310   250   313 0.90 -
#
# Program:         hmmsearch
# Version:         3.1b2 (February 2015)
# Pipeline mode:   SEARCH
# Query file:      /busco_wd/busco_downloads/lineages/metazoa_odb10/hmms/510522at33208.hmm
# Target file:     /busco_wd/BUSCO/run_metazoa_odb10/metaeuk_output/initial_results/Trinity.fasta.modified.fas
# Option settings: hmmsearch --domtblout /busco_wd/BUSCO/run_metazoa_odb10/hmmer_output/initial_run_results/510522at33208.out --cpu 1 /busco_wd/busco_downloads/lineages/metazoa_odb10/hmms/510522at33208.hmm /busco_wd/BUSCO/run_metazoa_odb10/metaeuk_output/initial_results/Trinity.fasta.modified.fas 
# Current dir:     /busco_wd
# Date:            Tue Nov 23 09:03:49 2021
# [ok]
