#                                                                                       --- full sequence --- -------------- this domain -------------   hmm coord   ali coord   env coord
# target name                   accession   tlen query name           accession   qlen   E-value  score  bias   #  of  c-Evalue  i-Evalue  score  bias  from    to  from    to  from    to  acc description of target
#           ------------------- ---------- ----- -------------------- ---------- ----- --------- ------ ----- --- --- --------- --------- ------ ----- ----- ----- ----- ----- ----- ----- ---- ---------------------
TRINITY_DN963_c0_g1_i1:119-1981 -            621 511386at33208        -            465  2.6e-120  401.2  18.2   1   3      0.76   2.3e+03   -4.2   0.0     7    23    22    38    17    42 0.79 -
TRINITY_DN963_c0_g1_i1:119-1981 -            621 511386at33208        -            465  2.6e-120  401.2  18.2   2   3   5.3e-37   1.6e-33  115.1   3.6    35   215    93   296    59   301 0.77 -
TRINITY_DN963_c0_g1_i1:119-1981 -            621 511386at33208        -            465  2.6e-120  401.2  18.2   3   3     1e-90   3.2e-87  292.1   5.7   237   465   359   621   338   621 0.90 -
TRINITY_DN963_c0_g1_i2:119-1981 -            621 511386at33208        -            465  2.6e-120  401.2  18.2   1   3      0.76   2.3e+03   -4.2   0.0     7    23    22    38    17    42 0.79 -
TRINITY_DN963_c0_g1_i2:119-1981 -            621 511386at33208        -            465  2.6e-120  401.2  18.2   2   3   5.3e-37   1.6e-33  115.1   3.6    35   215    93   296    59   301 0.77 -
TRINITY_DN963_c0_g1_i2:119-1981 -            621 511386at33208        -            465  2.6e-120  401.2  18.2   3   3     1e-90   3.2e-87  292.1   5.7   237   465   359   621   338   621 0.90 -
TRINITY_DN963_c0_g1_i5:119-1981 -            621 511386at33208        -            465  2.6e-120  401.2  18.2   1   3      0.76   2.3e+03   -4.2   0.0     7    23    22    38    17    42 0.79 -
TRINITY_DN963_c0_g1_i5:119-1981 -            621 511386at33208        -            465  2.6e-120  401.2  18.2   2   3   5.3e-37   1.6e-33  115.1   3.6    35   215    93   296    59   301 0.77 -
TRINITY_DN963_c0_g1_i5:119-1981 -            621 511386at33208        -            465  2.6e-120  401.2  18.2   3   3     1e-90   3.2e-87  292.1   5.7   237   465   359   621   338   621 0.90 -
#
# Program:         hmmsearch
# Version:         3.1b2 (February 2015)
# Pipeline mode:   SEARCH
# Query file:      /busco_wd/busco_downloads/lineages/metazoa_odb10/hmms/511386at33208.hmm
# Target file:     /busco_wd/BUSCO/run_metazoa_odb10/metaeuk_output/initial_results/Trinity.fasta.modified.fas
# Option settings: hmmsearch --domtblout /busco_wd/BUSCO/run_metazoa_odb10/hmmer_output/initial_run_results/511386at33208.out --cpu 1 /busco_wd/busco_downloads/lineages/metazoa_odb10/hmms/511386at33208.hmm /busco_wd/BUSCO/run_metazoa_odb10/metaeuk_output/initial_results/Trinity.fasta.modified.fas 
# Current dir:     /busco_wd
# Date:            Tue Nov 23 09:03:49 2021
# [ok]
