#                                                                                           --- full sequence --- -------------- this domain -------------   hmm coord   ali coord   env coord
# target name                       accession   tlen query name           accession   qlen   E-value  score  bias   #  of  c-Evalue  i-Evalue  score  bias  from    to  from    to  from    to  acc description of target
#               ------------------- ---------- ----- -------------------- ---------- ----- --------- ------ ----- --- --- --------- --------- ------ ----- ----- ----- ----- ----- ----- ----- ---- ---------------------
TRINITY_DN4642_c0_g1_i1:1368-2186   -            273 514121at33208        -            220   2.2e-86  287.8  10.2   1   1     1e-87   5.6e-86  286.4  10.2     2   217     9   256     8   259 0.88 -
TRINITY_DN7707_c0_g1_i2:917-2281    -            455 514121at33208        -            220   6.5e-68  227.4  32.4   1   4     1e-29   5.7e-28   96.8  10.9    19   178    38   199    32   202 0.96 -
TRINITY_DN7707_c0_g1_i2:917-2281    -            455 514121at33208        -            220   6.5e-68  227.4  32.4   2   4   1.8e-20   9.6e-19   66.6   1.2    37   175   150   291   149   295 0.88 -
TRINITY_DN7707_c0_g1_i2:917-2281    -            455 514121at33208        -            220   6.5e-68  227.4  32.4   3   4   7.1e-06   0.00038   18.9   0.0    30   101   235   311   235   322 0.84 -
TRINITY_DN7707_c0_g1_i2:917-2281    -            455 514121at33208        -            220   6.5e-68  227.4  32.4   4   4   3.2e-24   1.7e-22   78.9   4.4    32   165   322   455   317   455 0.96 -
TRINITY_DN7707_c0_g1_i9:917-2047    -            377 514121at33208        -            220   7.1e-68  227.3  33.0   1   5   5.2e-22   2.8e-20   71.6   5.3    59   177     2   120     1   122 0.96 -
TRINITY_DN7707_c0_g1_i9:917-2047    -            377 514121at33208        -            220   7.1e-68  227.3  33.0   2   5   4.7e-19   2.6e-17   62.0   1.7    37   148    72   183    71   185 0.88 -
TRINITY_DN7707_c0_g1_i9:917-2047    -            377 514121at33208        -            220   7.1e-68  227.3  33.0   3   5   6.4e-12   3.5e-10   38.6   0.3    33   139   114   223   113   226 0.90 -
TRINITY_DN7707_c0_g1_i9:917-2047    -            377 514121at33208        -            220   7.1e-68  227.3  33.0   4   5   5.2e-06   0.00028   19.3   0.0    30   101   157   233   157   244 0.84 -
TRINITY_DN7707_c0_g1_i9:917-2047    -            377 514121at33208        -            220   7.1e-68  227.3  33.0   5   5   1.3e-24   7.2e-23   80.1   4.1    32   165   244   377   224   377 0.91 -
TRINITY_DN7707_c0_g1_i5:917-2281    -            455 514121at33208        -            220     3e-66  221.9  32.7   1   4   8.2e-30   4.4e-28   97.1  10.4    19   177    38   198    25   200 0.95 -
TRINITY_DN7707_c0_g1_i5:917-2281    -            455 514121at33208        -            220     3e-66  221.9  32.7   2   4   8.1e-19   4.4e-17   61.2   2.0    37   148   150   261   149   263 0.88 -
TRINITY_DN7707_c0_g1_i5:917-2281    -            455 514121at33208        -            220     3e-66  221.9  32.7   3   4   8.1e-06   0.00044   18.7   0.0    30    94   235   302   235   319 0.85 -
TRINITY_DN7707_c0_g1_i5:917-2281    -            455 514121at33208        -            220     3e-66  221.9  32.7   4   4   3.4e-24   1.8e-22   78.8   4.4    32   165   322   455   319   455 0.96 -
TRINITY_DN28124_c0_g1_i1:413-1828   -            472 514121at33208        -            220   2.4e-52  176.5  16.2   1   3   1.5e-14   8.3e-13   47.2   0.6    20    94     8    84     1    85 0.89 -
TRINITY_DN28124_c0_g1_i1:413-1828   -            472 514121at33208        -            220   2.4e-52  176.5  16.2   2   3     3e-26   1.6e-24   85.5   1.6    30   181    66   217    66   247 0.87 -
TRINITY_DN28124_c0_g1_i1:413-1828   -            472 514121at33208        -            220   2.4e-52  176.5  16.2   3   3   6.9e-19   3.8e-17   61.4   2.3    17   165   320   472   306   472 0.88 -
TRINITY_DN1918_c0_g1_i11:57-1187    -            377 514121at33208        -            220   9.2e-44  148.4  35.7   1   3   1.6e-19   8.6e-18   63.5  13.8    32   176    21   168     6   169 0.92 -
TRINITY_DN1918_c0_g1_i11:57-1187    -            377 514121at33208        -            220   9.2e-44  148.4  35.7   2   3   1.7e-07   9.3e-06   24.2   9.6    87   177   124   218   121   220 0.82 -
TRINITY_DN1918_c0_g1_i11:57-1187    -            377 514121at33208        -            220   9.2e-44  148.4  35.7   3   3   3.2e-26   1.7e-24   85.4   6.5    16   172   216   376   213   377 0.95 -
TRINITY_DN1918_c0_g1_i7:57-1187     -            377 514121at33208        -            220   9.2e-44  148.4  35.7   1   3   1.6e-19   8.6e-18   63.5  13.8    32   176    21   168     6   169 0.92 -
TRINITY_DN1918_c0_g1_i7:57-1187     -            377 514121at33208        -            220   9.2e-44  148.4  35.7   2   3   1.7e-07   9.3e-06   24.2   9.6    87   177   124   218   121   220 0.82 -
TRINITY_DN1918_c0_g1_i7:57-1187     -            377 514121at33208        -            220   9.2e-44  148.4  35.7   3   3   3.2e-26   1.7e-24   85.4   6.5    16   172   216   376   213   377 0.95 -
TRINITY_DN1918_c0_g1_i8:57-1187     -            377 514121at33208        -            220   9.2e-44  148.4  35.7   1   3   1.6e-19   8.6e-18   63.5  13.8    32   176    21   168     6   169 0.92 -
TRINITY_DN1918_c0_g1_i8:57-1187     -            377 514121at33208        -            220   9.2e-44  148.4  35.7   2   3   1.7e-07   9.3e-06   24.2   9.6    87   177   124   218   121   220 0.82 -
TRINITY_DN1918_c0_g1_i8:57-1187     -            377 514121at33208        -            220   9.2e-44  148.4  35.7   3   3   3.2e-26   1.7e-24   85.4   6.5    16   172   216   376   213   377 0.95 -
TRINITY_DN16739_c0_g1_i8:53-865     -            271 514121at33208        -            220   4.8e-43  146.1  74.3   1   4   0.00066     0.036   12.4   1.2    52   100    23    71     2    72 0.75 -
TRINITY_DN16739_c0_g1_i8:53-865     -            271 514121at33208        -            220   4.8e-43  146.1  74.3   2   4   6.8e-24   3.7e-22   77.8  24.0    17   172    55   206    52   207 0.95 -
TRINITY_DN16739_c0_g1_i8:53-865     -            271 514121at33208        -            220   4.8e-43  146.1  74.3   3   4   7.6e-21   4.2e-19   67.8  23.2    35   172   118   250   117   250 0.96 -
TRINITY_DN16739_c0_g1_i8:53-865     -            271 514121at33208        -            220   4.8e-43  146.1  74.3   4   4   2.4e-08   1.3e-06   26.9  11.1    16    79   208   271   207   271 0.91 -
TRINITY_DN16739_c0_g1_i3:53-865     -            271 514121at33208        -            220   5.5e-43  145.9  83.8   1   4   0.00025     0.013   13.8   1.1   122   171    23    73     2    73 0.49 -
TRINITY_DN16739_c0_g1_i3:53-865     -            271 514121at33208        -            220   5.5e-43  145.9  83.8   2   4     6e-24   3.3e-22   78.0  23.8    17   172    55   206    52   207 0.95 -
TRINITY_DN16739_c0_g1_i3:53-865     -            271 514121at33208        -            220   5.5e-43  145.9  83.8   3   4   1.1e-20     6e-19   67.3  23.9    35   172   118   250   117   252 0.96 -
TRINITY_DN16739_c0_g1_i3:53-865     -            271 514121at33208        -            220   5.5e-43  145.9  83.8   4   4   6.4e-08   3.5e-06   25.6  11.9    16    79   208   271   207   271 0.84 -
TRINITY_DN16739_c0_g1_i4:53-865     -            271 514121at33208        -            220   8.4e-41  138.7  73.3   1   4    0.0007     0.038   12.4   1.2    52   100    23    71     2    72 0.75 -
TRINITY_DN16739_c0_g1_i4:53-865     -            271 514121at33208        -            220   8.4e-41  138.7  73.3   2   4   2.3e-22   1.2e-20   72.8  23.3    17   172    55   206    52   206 0.95 -
TRINITY_DN16739_c0_g1_i4:53-865     -            271 514121at33208        -            220   8.4e-41  138.7  73.3   3   4   2.6e-20   1.4e-18   66.1  22.8    35   172   118   250   117   250 0.96 -
TRINITY_DN16739_c0_g1_i4:53-865     -            271 514121at33208        -            220   8.4e-41  138.7  73.3   4   4   3.9e-08   2.1e-06   26.3  11.2    16    79   208   271   207   271 0.84 -
TRINITY_DN46809_c0_g1_i1:1061-2077  -            339 514121at33208        -            220   4.1e-40  136.5  12.8   1   2   1.4e-28   7.3e-27   93.2   6.1    20   177    57   216    42   220 0.91 -
TRINITY_DN46809_c0_g1_i1:1061-2077  -            339 514121at33208        -            220   4.1e-40  136.5  12.8   2   2     2e-14   1.1e-12   46.8   0.7    20   126   218   327   215   332 0.73 -
TRINITY_DN46809_c0_g1_i2:250-1260   -            337 514121at33208        -            220   4.3e-40  136.4  12.8   1   2   1.3e-28   7.1e-27   93.2   6.1    20   177    57   216    42   220 0.91 -
TRINITY_DN46809_c0_g1_i2:250-1260   -            337 514121at33208        -            220   4.3e-40  136.4  12.8   2   2   1.9e-14     1e-12   46.9   0.7    20   126   218   327   215   335 0.73 -
TRINITY_DN3531_c0_g1_i11:4153-4908  -            252 514121at33208        -            220   2.6e-38  130.6  10.7   1   2   3.4e-19   1.8e-17   62.4   2.0    87   189    26   128     5   130 0.90 -
TRINITY_DN3531_c0_g1_i11:4153-4908  -            252 514121at33208        -            220   2.6e-38  130.6  10.7   2   2   3.3e-22   1.8e-20   72.3   2.1    51   174   128   251   123   252 0.96 -
TRINITY_DN3531_c0_g1_i12:4182-4937  -            252 514121at33208        -            220   2.6e-38  130.6  10.7   1   2   3.4e-19   1.8e-17   62.4   2.0    87   189    26   128     5   130 0.90 -
TRINITY_DN3531_c0_g1_i12:4182-4937  -            252 514121at33208        -            220   2.6e-38  130.6  10.7   2   2   3.3e-22   1.8e-20   72.3   2.1    51   174   128   251   123   252 0.96 -
TRINITY_DN3531_c0_g1_i5:4168-4923   -            252 514121at33208        -            220   2.6e-38  130.6  10.7   1   2   3.4e-19   1.8e-17   62.4   2.0    87   189    26   128     5   130 0.90 -
TRINITY_DN3531_c0_g1_i5:4168-4923   -            252 514121at33208        -            220   2.6e-38  130.6  10.7   2   2   3.3e-22   1.8e-20   72.3   2.1    51   174   128   251   123   252 0.96 -
TRINITY_DN3531_c0_g1_i6:385-1140    -            252 514121at33208        -            220   2.6e-38  130.6  10.7   1   2   3.4e-19   1.8e-17   62.4   2.0    87   189    26   128     5   130 0.90 -
TRINITY_DN3531_c0_g1_i6:385-1140    -            252 514121at33208        -            220   2.6e-38  130.6  10.7   2   2   3.3e-22   1.8e-20   72.3   2.1    51   174   128   251   123   252 0.96 -
TRINITY_DN3531_c0_g1_i8:3822-4577   -            252 514121at33208        -            220   2.6e-38  130.6  10.7   1   2   3.4e-19   1.8e-17   62.4   2.0    87   189    26   128     5   130 0.90 -
TRINITY_DN3531_c0_g1_i8:3822-4577   -            252 514121at33208        -            220   2.6e-38  130.6  10.7   2   2   3.3e-22   1.8e-20   72.3   2.1    51   174   128   251   123   252 0.96 -
TRINITY_DN3531_c0_g1_i9:4153-4908   -            252 514121at33208        -            220   2.6e-38  130.6  10.7   1   2   3.4e-19   1.8e-17   62.4   2.0    87   189    26   128     5   130 0.90 -
TRINITY_DN3531_c0_g1_i9:4153-4908   -            252 514121at33208        -            220   2.6e-38  130.6  10.7   2   2   3.3e-22   1.8e-20   72.3   2.1    51   174   128   251   123   252 0.96 -
TRINITY_DN275_c0_g1_i1:331-1275     -            315 514121at33208        -            220   1.3e-37  128.4  16.6   1   2   4.1e-29   2.2e-27   94.9   7.9    32   175     1   145     1   147 0.94 -
TRINITY_DN275_c0_g1_i1:331-1275     -            315 514121at33208        -            220   1.3e-37  128.4  16.6   2   2   3.1e-14   1.7e-12   46.2   1.4    49   128   134   212   133   230 0.88 -
TRINITY_DN10796_c0_g1_i14:157-933   -            259 514121at33208        -            220   1.5e-37  128.2  14.4   1   2   9.5e-31   5.1e-29  100.2   7.8    12   176    26   192    21   194 0.96 -
TRINITY_DN10796_c0_g1_i14:157-933   -            259 514121at33208        -            220   1.5e-37  128.2  14.4   2   2   5.2e-10   2.8e-08   32.4   0.3   110   172   194   257   190   259 0.83 -
TRINITY_DN10796_c0_g1_i1:157-933    -            259 514121at33208        -            220   1.5e-37  128.2  14.4   1   2   9.5e-31   5.1e-29  100.2   7.8    12   176    26   192    21   194 0.96 -
TRINITY_DN10796_c0_g1_i1:157-933    -            259 514121at33208        -            220   1.5e-37  128.2  14.4   2   2   5.2e-10   2.8e-08   32.4   0.3   110   172   194   257   190   259 0.83 -
TRINITY_DN10796_c0_g1_i6:157-933    -            259 514121at33208        -            220   1.5e-37  128.2  14.4   1   2   9.5e-31   5.1e-29  100.2   7.8    12   176    26   192    21   194 0.96 -
TRINITY_DN10796_c0_g1_i6:157-933    -            259 514121at33208        -            220   1.5e-37  128.2  14.4   2   2   5.2e-10   2.8e-08   32.4   0.3   110   172   194   257   190   259 0.83 -
TRINITY_DN10796_c0_g1_i9:157-933    -            259 514121at33208        -            220   1.5e-37  128.2  14.4   1   2   9.5e-31   5.1e-29  100.2   7.8    12   176    26   192    21   194 0.96 -
TRINITY_DN10796_c0_g1_i9:157-933    -            259 514121at33208        -            220   1.5e-37  128.2  14.4   2   2   5.2e-10   2.8e-08   32.4   0.3   110   172   194   257   190   259 0.83 -
TRINITY_DN3790_c1_g1_i1:1129-2115   -            329 514121at33208        -            220   3.4e-34  117.1   9.1   1   2   2.9e-31   1.6e-29  101.9   1.2    21   178    27   186    23   187 0.94 -
TRINITY_DN3790_c1_g1_i1:1129-2115   -            329 514121at33208        -            220   3.4e-34  117.1   9.1   2   2     2e-08   1.1e-06   27.2   1.4   139   186   170   223   169   233 0.48 -
TRINITY_DN3790_c1_g1_i2:1054-2040   -            329 514121at33208        -            220   3.4e-34  117.1   9.1   1   2   2.9e-31   1.6e-29  101.9   1.2    21   178    27   186    23   187 0.94 -
TRINITY_DN3790_c1_g1_i2:1054-2040   -            329 514121at33208        -            220   3.4e-34  117.1   9.1   2   2     2e-08   1.1e-06   27.2   1.4   139   186   170   223   169   233 0.48 -
TRINITY_DN2199_c0_g1_i1:40-708      -            223 514121at33208        -            220   1.1e-33  115.5  22.3   1   2   1.9e-26     1e-24   86.1  10.1     4   177    17   187    14   188 0.93 -
TRINITY_DN2199_c0_g1_i1:40-708      -            223 514121at33208        -            220   1.1e-33  115.5  22.3   2   2   5.3e-13   2.9e-11   42.2   4.4    21    96   144   221   141   223 0.95 -
TRINITY_DN7707_c0_g1_i10:917-1591   -            225 514121at33208        -            220   8.6e-31  106.0   3.5   1   2     1e-06   5.7e-05   21.6   0.0    29    94     4    72     1    88 0.85 -
TRINITY_DN7707_c0_g1_i10:917-1591   -            225 514121at33208        -            220   8.6e-31  106.0   3.5   2   2   6.6e-25   3.6e-23   81.1   4.5    32   165    92   225    87   225 0.96 -
TRINITY_DN7707_c0_g1_i4:682-1356    -            225 514121at33208        -            220   8.6e-31  106.0   3.5   1   2     1e-06   5.7e-05   21.6   0.0    29    94     4    72     1    88 0.85 -
TRINITY_DN7707_c0_g1_i4:682-1356    -            225 514121at33208        -            220   8.6e-31  106.0   3.5   2   2   6.6e-25   3.6e-23   81.1   4.5    32   165    92   225    87   225 0.96 -
TRINITY_DN44065_c0_g1_i5:9-566      -            186 514121at33208        -            220     1e-30  105.8  49.4   1   2   6.7e-19   3.6e-17   61.5  21.6    34   172    14   147     1   148 0.94 -
TRINITY_DN44065_c0_g1_i5:9-566      -            186 514121at33208        -            220     1e-30  105.8  49.4   2   2   1.5e-17   8.2e-16   57.0  19.7    34   167    58   186    58   186 0.97 -
TRINITY_DN53205_c0_g1_i1:243-713    -            157 514121at33208        -            220     3e-28   97.7  37.7   1   2   4.8e-15   2.6e-13   48.9  14.1    53   172     2   117     1   118 0.92 -
TRINITY_DN53205_c0_g1_i1:243-713    -            157 514121at33208        -            220     3e-28   97.7  37.7   2   2   7.5e-19   4.1e-17   61.3  15.6    38   167    32   157    29   157 0.96 -
TRINITY_DN4468_c0_g1_i10:236-928    -            231 514121at33208        -            220   5.2e-28   96.9   7.0   1   2     6e-22   3.2e-20   71.4   0.9    52   178    24   150    16   151 0.92 -
TRINITY_DN4468_c0_g1_i10:236-928    -            231 514121at33208        -            220   5.2e-28   96.9   7.0   2   2   1.4e-10   7.9e-09   34.2   0.5    33   100   143   210   143   224 0.94 -
TRINITY_DN4468_c0_g1_i12:236-928    -            231 514121at33208        -            220   5.2e-28   96.9   7.0   1   2     6e-22   3.2e-20   71.4   0.9    52   178    24   150    16   151 0.92 -
TRINITY_DN4468_c0_g1_i12:236-928    -            231 514121at33208        -            220   5.2e-28   96.9   7.0   2   2   1.4e-10   7.9e-09   34.2   0.5    33   100   143   210   143   224 0.94 -
TRINITY_DN4468_c0_g1_i13:236-928    -            231 514121at33208        -            220   5.2e-28   96.9   7.0   1   2     6e-22   3.2e-20   71.4   0.9    52   178    24   150    16   151 0.92 -
TRINITY_DN4468_c0_g1_i13:236-928    -            231 514121at33208        -            220   5.2e-28   96.9   7.0   2   2   1.4e-10   7.9e-09   34.2   0.5    33   100   143   210   143   224 0.94 -
TRINITY_DN4468_c0_g1_i15:236-928    -            231 514121at33208        -            220   5.2e-28   96.9   7.0   1   2     6e-22   3.2e-20   71.4   0.9    52   178    24   150    16   151 0.92 -
TRINITY_DN4468_c0_g1_i15:236-928    -            231 514121at33208        -            220   5.2e-28   96.9   7.0   2   2   1.4e-10   7.9e-09   34.2   0.5    33   100   143   210   143   224 0.94 -
TRINITY_DN4468_c0_g1_i16:236-928    -            231 514121at33208        -            220   5.2e-28   96.9   7.0   1   2     6e-22   3.2e-20   71.4   0.9    52   178    24   150    16   151 0.92 -
TRINITY_DN4468_c0_g1_i16:236-928    -            231 514121at33208        -            220   5.2e-28   96.9   7.0   2   2   1.4e-10   7.9e-09   34.2   0.5    33   100   143   210   143   224 0.94 -
TRINITY_DN4468_c0_g1_i20:236-928    -            231 514121at33208        -            220   5.2e-28   96.9   7.0   1   2     6e-22   3.2e-20   71.4   0.9    52   178    24   150    16   151 0.92 -
TRINITY_DN4468_c0_g1_i20:236-928    -            231 514121at33208        -            220   5.2e-28   96.9   7.0   2   2   1.4e-10   7.9e-09   34.2   0.5    33   100   143   210   143   224 0.94 -
TRINITY_DN4468_c0_g1_i26:236-928    -            231 514121at33208        -            220   5.2e-28   96.9   7.0   1   2     6e-22   3.2e-20   71.4   0.9    52   178    24   150    16   151 0.92 -
TRINITY_DN4468_c0_g1_i26:236-928    -            231 514121at33208        -            220   5.2e-28   96.9   7.0   2   2   1.4e-10   7.9e-09   34.2   0.5    33   100   143   210   143   224 0.94 -
TRINITY_DN4468_c0_g1_i28:236-928    -            231 514121at33208        -            220   5.2e-28   96.9   7.0   1   2     6e-22   3.2e-20   71.4   0.9    52   178    24   150    16   151 0.92 -
TRINITY_DN4468_c0_g1_i28:236-928    -            231 514121at33208        -            220   5.2e-28   96.9   7.0   2   2   1.4e-10   7.9e-09   34.2   0.5    33   100   143   210   143   224 0.94 -
TRINITY_DN4468_c0_g1_i32:236-928    -            231 514121at33208        -            220   5.2e-28   96.9   7.0   1   2     6e-22   3.2e-20   71.4   0.9    52   178    24   150    16   151 0.92 -
TRINITY_DN4468_c0_g1_i32:236-928    -            231 514121at33208        -            220   5.2e-28   96.9   7.0   2   2   1.4e-10   7.9e-09   34.2   0.5    33   100   143   210   143   224 0.94 -
TRINITY_DN4468_c0_g1_i3:236-928     -            231 514121at33208        -            220   5.2e-28   96.9   7.0   1   2     6e-22   3.2e-20   71.4   0.9    52   178    24   150    16   151 0.92 -
TRINITY_DN4468_c0_g1_i3:236-928     -            231 514121at33208        -            220   5.2e-28   96.9   7.0   2   2   1.4e-10   7.9e-09   34.2   0.5    33   100   143   210   143   224 0.94 -
TRINITY_DN4468_c0_g1_i5:236-928     -            231 514121at33208        -            220   5.2e-28   96.9   7.0   1   2     6e-22   3.2e-20   71.4   0.9    52   178    24   150    16   151 0.92 -
TRINITY_DN4468_c0_g1_i5:236-928     -            231 514121at33208        -            220   5.2e-28   96.9   7.0   2   2   1.4e-10   7.9e-09   34.2   0.5    33   100   143   210   143   224 0.94 -
TRINITY_DN11268_c0_g1_i1:243-746    -            168 514121at33208        -            220   1.2e-26   92.4  11.1   1   2   1.2e-15   6.4e-14   50.9   6.4    24   132     1   110     1   111 0.94 -
TRINITY_DN11268_c0_g1_i1:243-746    -            168 514121at33208        -            220   1.2e-26   92.4  11.1   2   2   1.4e-15   7.5e-14   50.6   0.1    31    97   102   168    98   168 0.97 -
TRINITY_DN11268_c0_g1_i2:226-729    -            168 514121at33208        -            220   1.2e-26   92.4  11.1   1   2   1.2e-15   6.4e-14   50.9   6.4    24   132     1   110     1   111 0.94 -
TRINITY_DN11268_c0_g1_i2:226-729    -            168 514121at33208        -            220   1.2e-26   92.4  11.1   2   2   1.4e-15   7.5e-14   50.6   0.1    31    97   102   168    98   168 0.97 -
TRINITY_DN11268_c0_g1_i3:170-673    -            168 514121at33208        -            220   1.2e-26   92.4  11.1   1   2   1.2e-15   6.4e-14   50.9   6.4    24   132     1   110     1   111 0.94 -
TRINITY_DN11268_c0_g1_i3:170-673    -            168 514121at33208        -            220   1.2e-26   92.4  11.1   2   2   1.4e-15   7.5e-14   50.6   0.1    31    97   102   168    98   168 0.97 -
TRINITY_DN13766_c0_g1_i1:137-766    -            210 514121at33208        -            220   2.2e-26   91.6  14.5   1   2   2.7e-07   1.4e-05   23.5   0.1   132   178    17    63     2    64 0.85 -
TRINITY_DN13766_c0_g1_i1:137-766    -            210 514121at33208        -            220   2.2e-26   91.6  14.5   2   2   1.5e-23   8.2e-22   76.7  10.7    32   177    55   201    54   206 0.95 -
TRINITY_DN13766_c0_g1_i2:137-766    -            210 514121at33208        -            220   2.2e-26   91.6  14.5   1   2   2.7e-07   1.4e-05   23.5   0.1   132   178    17    63     2    64 0.85 -
TRINITY_DN13766_c0_g1_i2:137-766    -            210 514121at33208        -            220   2.2e-26   91.6  14.5   2   2   1.5e-23   8.2e-22   76.7  10.7    32   177    55   201    54   206 0.95 -
TRINITY_DN1918_c0_g1_i11:666-1271   -            202 514121at33208        -            220   3.7e-26   90.9   5.9   1   1   8.5e-28   4.6e-26   90.5   5.9    16   173    13   174     3   196 0.91 -
TRINITY_DN1918_c0_g1_i7:666-1271    -            202 514121at33208        -            220   3.7e-26   90.9   5.9   1   1   8.5e-28   4.6e-26   90.5   5.9    16   173    13   174     3   196 0.91 -
TRINITY_DN1918_c0_g1_i8:666-1271    -            202 514121at33208        -            220   3.7e-26   90.9   5.9   1   1   8.5e-28   4.6e-26   90.5   5.9    16   173    13   174     3   196 0.91 -
TRINITY_DN170_c0_g1_i10:175-882     -            236 514121at33208        -            220   4.1e-24   84.2   5.9   1   1   1.9e-25     1e-23   82.9   5.4    29   177    25   174    11   186 0.93 -
TRINITY_DN170_c0_g1_i11:211-918     -            236 514121at33208        -            220   4.1e-24   84.2   5.9   1   1   1.9e-25     1e-23   82.9   5.4    29   177    25   174    11   186 0.93 -
TRINITY_DN170_c0_g1_i1:208-915      -            236 514121at33208        -            220   4.1e-24   84.2   5.9   1   1   1.9e-25     1e-23   82.9   5.4    29   177    25   174    11   186 0.93 -
TRINITY_DN170_c0_g1_i2:209-916      -            236 514121at33208        -            220   4.1e-24   84.2   5.9   1   1   1.9e-25     1e-23   82.9   5.4    29   177    25   174    11   186 0.93 -
TRINITY_DN46809_c0_g1_i3:456-956    -            167 514121at33208        -            220   2.7e-23   81.5   7.0   1   1   7.2e-25   3.9e-23   81.0   7.0    36   176     3   144     1   149 0.95 -
TRINITY_DN53205_c0_g1_i4:3-524      -            174 514121at33208        -            220   2.8e-23   81.5  14.7   1   1   7.1e-25   3.9e-23   81.0  14.7    32   174    36   174    29   174 0.97 -
TRINITY_DN68025_c0_g1_i1:598-1944   -            449 514121at33208        -            220   9.8e-23   79.7  23.9   1   4   2.1e-08   1.2e-06   27.1   0.7    20    81    24    86    13   104 0.61 -
TRINITY_DN68025_c0_g1_i1:598-1944   -            449 514121at33208        -            220   9.8e-23   79.7  23.9   2   4   2.2e-07   1.2e-05   23.8   1.0    20   100   112   192   107   202 0.81 -
TRINITY_DN68025_c0_g1_i1:598-1944   -            449 514121at33208        -            220   9.8e-23   79.7  23.9   3   4     3e-08   1.6e-06   26.7   1.3    19   168   199   345   194   349 0.88 -
TRINITY_DN68025_c0_g1_i1:598-1944   -            449 514121at33208        -            220   9.8e-23   79.7  23.9   4   4   9.1e-05    0.0049   15.3   1.4    19    79   365   426   352   442 0.64 -
TRINITY_DN25331_c1_g1_i3:62-727     -            222 514121at33208        -            220   3.5e-22   77.9  33.9   1   2   7.1e-09   3.9e-07   28.7  10.1    12    98     4    89     2    90 0.92 -
TRINITY_DN25331_c1_g1_i3:62-727     -            222 514121at33208        -            220   3.5e-22   77.9  33.9   2   2   8.8e-19   4.8e-17   61.1  18.7    16   167    74   221    72   222 0.93 -
TRINITY_DN29874_c0_g1_i2:695-2710   -            672 514121at33208        -            220     7e-22   76.9  23.0   1   2   1.2e-12   6.6e-11   41.0   7.6    31   171    27   167    21   167 0.93 -
TRINITY_DN29874_c0_g1_i2:695-2710   -            672 514121at33208        -            220     7e-22   76.9  23.0   2   2   1.6e-15   8.8e-14   50.4   7.4    45   182    87   224    82   229 0.85 -
TRINITY_DN39385_c0_g1_i2:278-730    -            151 514121at33208        -            220   6.1e-21   73.8   9.9   1   1   1.3e-22   7.1e-21   73.6   9.9    55   181     1   124     1   138 0.96 -
TRINITY_DN29874_c0_g1_i3:695-3139   -            815 514121at33208        -            220   2.8e-20   71.6  13.8   1   2   6.1e-11   3.3e-09   35.4   4.2    31   144    27   139    23   139 0.94 -
TRINITY_DN29874_c0_g1_i3:695-3139   -            815 514121at33208        -            220   2.8e-20   71.6  13.8   2   2   3.4e-15   1.9e-13   49.3   7.3    59   182   102   224    87   230 0.83 -
TRINITY_DN39385_c0_g1_i7:329-715    -            129 514121at33208        -            220     1e-19   69.8   8.3   1   1   2.9e-21   1.6e-19   69.2   8.3    61   181     2   119     1   124 0.96 -
TRINITY_DN11083_c0_g1_i2:1179-1826  -            216 514121at33208        -            220     2e-19   68.8   0.5   1   1   4.7e-21   2.5e-19   68.5   0.5    20   147     2   130     1   145 0.94 -
TRINITY_DN14653_c0_g1_i1:49-1308    -            420 514121at33208        -            220   3.3e-19   68.1  10.5   1   2     4e-13   2.2e-11   42.6   0.4    33   100   168   238   152   244 0.85 -
TRINITY_DN14653_c0_g1_i1:49-1308    -            420 514121at33208        -            220   3.3e-19   68.1  10.5   2   2   1.4e-09   7.3e-08   31.0   2.8    32    97   239   303   237   318 0.89 -
TRINITY_DN14653_c0_g1_i2:290-1549   -            420 514121at33208        -            220   3.3e-19   68.1  10.5   1   2     4e-13   2.2e-11   42.6   0.4    33   100   168   238   152   244 0.85 -
TRINITY_DN14653_c0_g1_i2:290-1549   -            420 514121at33208        -            220   3.3e-19   68.1  10.5   2   2   1.4e-09   7.3e-08   31.0   2.8    32    97   239   303   237   318 0.89 -
TRINITY_DN11083_c0_g1_i5:1184-1825  -            214 514121at33208        -            220   4.1e-19   67.8   0.4   1   1   9.5e-21   5.2e-19   67.5   0.4    22   147     2   128     1   143 0.93 -
TRINITY_DN11583_c0_g1_i3:4514-5026  -            171 514121at33208        -            220   1.6e-18   65.9   4.1   1   1   4.6e-20   2.5e-18   65.2   4.1    22   168     6   169     2   171 0.81 -
TRINITY_DN11583_c0_g1_i5:4514-5026  -            171 514121at33208        -            220   1.6e-18   65.9   4.1   1   1   4.6e-20   2.5e-18   65.2   4.1    22   168     6   169     2   171 0.81 -
TRINITY_DN25233_c0_g1_i9:6-368      -            121 514121at33208        -            220   3.3e-18   64.9   9.2   1   1     1e-19   5.5e-18   64.1   9.2    56   178     1   120     1   121 0.96 -
TRINITY_DN51083_c0_g1_i1:360-968    -            203 514121at33208        -            220   1.4e-17   62.8   7.8   1   2   3.8e-11     2e-09   36.1   1.4    65   173     2   110     1   111 0.81 -
TRINITY_DN51083_c0_g1_i1:360-968    -            203 514121at33208        -            220   1.4e-17   62.8   7.8   2   2   1.6e-11   8.9e-10   37.3   0.6    21   140    71   201    67   203 0.65 -
TRINITY_DN99988_c0_g1_i1:148-708    -            187 514121at33208        -            220   2.9e-17   61.8  21.6   1   2   6.1e-11   3.3e-09   35.4  10.4    67   171     2   102     1   109 0.94 -
TRINITY_DN99988_c0_g1_i1:148-708    -            187 514121at33208        -            220   2.9e-17   61.8  21.6   2   2   8.1e-10   4.4e-08   31.8   4.3    11    92   108   187   104   187 0.85 -
TRINITY_DN3006_c0_g1_i10:3061-3633  -            191 514121at33208        -            220   2.9e-17   61.8  27.4   1   2   2.1e-10   1.2e-08   33.7   5.7    35   128     8   101     2   103 0.88 -
TRINITY_DN3006_c0_g1_i10:3061-3633  -            191 514121at33208        -            220   2.9e-17   61.8  27.4   2   2   1.4e-12   7.6e-11   40.8  13.8    31   167    50   191    48   191 0.86 -
TRINITY_DN3006_c0_g1_i14:3074-3646  -            191 514121at33208        -            220   2.9e-17   61.8  27.4   1   2   2.1e-10   1.2e-08   33.7   5.7    35   128     8   101     2   103 0.88 -
TRINITY_DN3006_c0_g1_i14:3074-3646  -            191 514121at33208        -            220   2.9e-17   61.8  27.4   2   2   1.4e-12   7.6e-11   40.8  13.8    31   167    50   191    48   191 0.86 -
TRINITY_DN3006_c0_g1_i9:3074-3646   -            191 514121at33208        -            220   2.9e-17   61.8  27.4   1   2   2.1e-10   1.2e-08   33.7   5.7    35   128     8   101     2   103 0.88 -
TRINITY_DN3006_c0_g1_i9:3074-3646   -            191 514121at33208        -            220   2.9e-17   61.8  27.4   2   2   1.4e-12   7.6e-11   40.8  13.8    31   167    50   191    48   191 0.86 -
TRINITY_DN25331_c1_g1_i5:575-1054   -            160 514121at33208        -            220   3.6e-17   61.5  10.0   1   1   2.3e-18   1.3e-16   59.7  10.0    49   181     3   131     1   160 0.86 -
TRINITY_DN6973_c0_g2_i1:250-759     -            170 514121at33208        -            220   3.7e-17   61.5   3.6   1   1   1.6e-17   8.6e-16   57.0   3.8    84   178    43   138    24   147 0.88 -
TRINITY_DN6973_c0_g2_i2:250-759     -            170 514121at33208        -            220   3.7e-17   61.5   3.6   1   1   1.6e-17   8.6e-16   57.0   3.8    84   178    43   138    24   147 0.88 -
TRINITY_DN13874_c0_g1_i1:835-1416   -            194 514121at33208        -            220   1.4e-16   59.6  19.4   1   3   2.2e-06   0.00012   20.5   1.8    42   126     1    84     1    86 0.84 -
TRINITY_DN13874_c0_g1_i1:835-1416   -            194 514121at33208        -            220   1.4e-16   59.6  19.4   2   3   2.3e-07   1.2e-05   23.7   1.6    38   102    66   128    61   132 0.91 -
TRINITY_DN13874_c0_g1_i1:835-1416   -            194 514121at33208        -            220   1.4e-16   59.6  19.4   3   3   4.3e-12   2.4e-10   39.2   1.7    20   121    91   193    85   194 0.88 -
TRINITY_DN26576_c0_g2_i6:548-1687   -            380 514121at33208        -            220   2.7e-16   58.6  15.5   1   3   1.3e-12   6.8e-11   41.0   3.1    20   174    43   205    36   211 0.81 -
TRINITY_DN26576_c0_g2_i6:548-1687   -            380 514121at33208        -            220   2.7e-16   58.6  15.5   2   3   2.6e-08   1.4e-06   26.9   0.5    64   169   163   272   156   277 0.80 -
TRINITY_DN26576_c0_g2_i6:548-1687   -            380 514121at33208        -            220   2.7e-16   58.6  15.5   3   3    0.0023      0.13   10.7   1.4    39   102   281   346   273   374 0.78 -
TRINITY_DN10796_c0_g1_i13:9-308     -            100 514121at33208        -            220   5.3e-16   57.7   1.6   1   2   3.7e-09     2e-07   29.6   0.0    46   168     4    57     1    60 0.56 -
TRINITY_DN10796_c0_g1_i13:9-308     -            100 514121at33208        -            220   5.3e-16   57.7   1.6   2   2   7.4e-09     4e-07   28.6   0.7    30    73    57   100    54   100 0.93 -
TRINITY_DN57348_c0_g1_i2:5222-5617  -            132 514121at33208        -            220   6.2e-16   57.4   5.2   1   1   1.3e-17   7.1e-16   57.2   5.2    39   164     4   129     1   131 0.93 -
TRINITY_DN57348_c0_g1_i4:5222-5617  -            132 514121at33208        -            220   6.2e-16   57.4   5.2   1   1   1.3e-17   7.1e-16   57.2   5.2    39   164     4   129     1   131 0.93 -
TRINITY_DN57348_c0_g1_i6:5231-5626  -            132 514121at33208        -            220   6.2e-16   57.4   5.2   1   1   1.3e-17   7.1e-16   57.2   5.2    39   164     4   129     1   131 0.93 -
TRINITY_DN57348_c0_g1_i7:5222-5617  -            132 514121at33208        -            220   6.2e-16   57.4   5.2   1   1   1.3e-17   7.1e-16   57.2   5.2    39   164     4   129     1   131 0.93 -
TRINITY_DN57348_c0_g1_i8:5231-5626  -            132 514121at33208        -            220   6.2e-16   57.4   5.2   1   1   1.3e-17   7.1e-16   57.2   5.2    39   164     4   129     1   131 0.93 -
TRINITY_DN16047_c0_g1_i1:242-601    -            120 514121at33208        -            220   1.9e-15   55.8   2.7   1   1   0.00098     0.053   11.9   0.1   145   184    68   104    66   117 0.84 -
TRINITY_DN15974_c0_g1_i14:1588-2775 -            396 514121at33208        -            220     2e-15   55.8  28.7   1   4   4.2e-06   0.00023   19.6   8.8    35   162    13   137     8   145 0.81 -
TRINITY_DN15974_c0_g1_i14:1588-2775 -            396 514121at33208        -            220     2e-15   55.8  28.7   2   4     0.001     0.056   11.8   1.3    38   116    84   167    79   175 0.81 -
TRINITY_DN15974_c0_g1_i14:1588-2775 -            396 514121at33208        -            220     2e-15   55.8  28.7   3   4   3.9e-06   0.00021   19.7   1.8    86   148   200   265   192   275 0.86 -
TRINITY_DN15974_c0_g1_i14:1588-2775 -            396 514121at33208        -            220     2e-15   55.8  28.7   4   4   9.2e-08     5e-06   25.0   2.0    82   171   290   380   275   392 0.83 -
TRINITY_DN15974_c0_g1_i15:519-1706  -            396 514121at33208        -            220     2e-15   55.8  28.7   1   4   4.2e-06   0.00023   19.6   8.8    35   162    13   137     8   145 0.81 -
TRINITY_DN15974_c0_g1_i15:519-1706  -            396 514121at33208        -            220     2e-15   55.8  28.7   2   4     0.001     0.056   11.8   1.3    38   116    84   167    79   175 0.81 -
TRINITY_DN15974_c0_g1_i15:519-1706  -            396 514121at33208        -            220     2e-15   55.8  28.7   3   4   3.9e-06   0.00021   19.7   1.8    86   148   200   265   192   275 0.86 -
TRINITY_DN15974_c0_g1_i15:519-1706  -            396 514121at33208        -            220     2e-15   55.8  28.7   4   4   9.2e-08     5e-06   25.0   2.0    82   171   290   380   275   392 0.83 -
TRINITY_DN15974_c0_g1_i2:1684-2871  -            396 514121at33208        -            220     2e-15   55.8  28.7   1   4   4.2e-06   0.00023   19.6   8.8    35   162    13   137     8   145 0.81 -
TRINITY_DN15974_c0_g1_i2:1684-2871  -            396 514121at33208        -            220     2e-15   55.8  28.7   2   4     0.001     0.056   11.8   1.3    38   116    84   167    79   175 0.81 -
TRINITY_DN15974_c0_g1_i2:1684-2871  -            396 514121at33208        -            220     2e-15   55.8  28.7   3   4   3.9e-06   0.00021   19.7   1.8    86   148   200   265   192   275 0.86 -
TRINITY_DN15974_c0_g1_i2:1684-2871  -            396 514121at33208        -            220     2e-15   55.8  28.7   4   4   9.2e-08     5e-06   25.0   2.0    82   171   290   380   275   392 0.83 -
TRINITY_DN15974_c0_g1_i3:1682-2869  -            396 514121at33208        -            220     2e-15   55.8  28.7   1   4   4.2e-06   0.00023   19.6   8.8    35   162    13   137     8   145 0.81 -
TRINITY_DN15974_c0_g1_i3:1682-2869  -            396 514121at33208        -            220     2e-15   55.8  28.7   2   4     0.001     0.056   11.8   1.3    38   116    84   167    79   175 0.81 -
TRINITY_DN15974_c0_g1_i3:1682-2869  -            396 514121at33208        -            220     2e-15   55.8  28.7   3   4   3.9e-06   0.00021   19.7   1.8    86   148   200   265   192   275 0.86 -
TRINITY_DN15974_c0_g1_i3:1682-2869  -            396 514121at33208        -            220     2e-15   55.8  28.7   4   4   9.2e-08     5e-06   25.0   2.0    82   171   290   380   275   392 0.83 -
TRINITY_DN15974_c0_g1_i8:1682-2869  -            396 514121at33208        -            220     2e-15   55.8  28.7   1   4   4.2e-06   0.00023   19.6   8.8    35   162    13   137     8   145 0.81 -
TRINITY_DN15974_c0_g1_i8:1682-2869  -            396 514121at33208        -            220     2e-15   55.8  28.7   2   4     0.001     0.056   11.8   1.3    38   116    84   167    79   175 0.81 -
TRINITY_DN15974_c0_g1_i8:1682-2869  -            396 514121at33208        -            220     2e-15   55.8  28.7   3   4   3.9e-06   0.00021   19.7   1.8    86   148   200   265   192   275 0.86 -
TRINITY_DN15974_c0_g1_i8:1682-2869  -            396 514121at33208        -            220     2e-15   55.8  28.7   4   4   9.2e-08     5e-06   25.0   2.0    82   171   290   380   275   392 0.83 -
TRINITY_DN18926_c1_g1_i1:1-267      -             89 514121at33208        -            220     1e-14   53.5   2.5   1   1     2e-16   1.1e-14   53.3   2.5   112   181     2    71     1    83 0.94 -
TRINITY_DN39385_c0_g1_i1:329-646    -            106 514121at33208        -            220   1.4e-14   53.0   6.8   1   1   3.2e-15   1.7e-13   49.5   6.8    85   181     2    96     1   101 0.83 -
TRINITY_DN13944_c0_g1_i3:201-632    -            144 514121at33208        -            220   8.5e-14   50.4   3.0   1   1   3.7e-15     2e-13   49.2   3.0    91   203     1   122     1   129 0.83 -
TRINITY_DN6191_c0_g1_i2:323-919     -            199 514121at33208        -            220   2.6e-13   48.9   9.8   1   2   1.1e-11     6e-10   37.9   1.0    67   172    11   120     7   124 0.83 -
TRINITY_DN6191_c0_g1_i2:323-919     -            199 514121at33208        -            220   2.6e-13   48.9   9.8   2   2   5.7e-07   3.1e-05   22.5   2.1    37   122   100   187    97   196 0.87 -
TRINITY_DN6191_c0_g1_i3:323-919     -            199 514121at33208        -            220   2.6e-13   48.9   9.8   1   2   1.1e-11     6e-10   37.9   1.0    67   172    11   120     7   124 0.83 -
TRINITY_DN6191_c0_g1_i3:323-919     -            199 514121at33208        -            220   2.6e-13   48.9   9.8   2   2   5.7e-07   3.1e-05   22.5   2.1    37   122   100   187    97   196 0.87 -
TRINITY_DN13097_c0_g1_i8:8238-8885  -            216 514121at33208        -            220   4.4e-13   48.1  18.3   1   2   9.1e-10   4.9e-08   31.6   5.1    41   132     4    97     2   100 0.88 -
TRINITY_DN13097_c0_g1_i8:8238-8885  -            216 514121at33208        -            220   4.4e-13   48.1  18.3   2   2   1.3e-06   6.8e-05   21.3   5.2    64   169   103   216   100   216 0.59 -
TRINITY_DN3589_c0_g1_i5:62-673      -            204 514121at33208        -            220   1.1e-12   46.8  19.6   1   3    0.0028      0.15   10.4   0.7   112   167     1    57     1    64 0.68 -
TRINITY_DN3589_c0_g1_i5:62-673      -            204 514121at33208        -            220   1.1e-12   46.8  19.6   2   3   1.6e-10   8.5e-09   34.1   8.0    15   126    41   155    38   160 0.90 -
TRINITY_DN3589_c0_g1_i5:62-673      -            204 514121at33208        -            220   1.1e-12   46.8  19.6   3   3    0.0012     0.064   11.6   1.5    20    55   161   196   155   202 0.89 -
TRINITY_DN3589_c0_g1_i1:963-1697    -            245 514121at33208        -            220   1.5e-12   46.4  19.4   1   3    0.0043      0.23    9.8   0.5   112   167     1    57     1    60 0.70 -
TRINITY_DN3589_c0_g1_i1:963-1697    -            245 514121at33208        -            220   1.5e-12   46.4  19.4   2   3   2.9e-10   1.6e-08   33.2   7.6    20   125    46   154    39   160 0.89 -
TRINITY_DN3589_c0_g1_i1:963-1697    -            245 514121at33208        -            220   1.5e-12   46.4  19.4   3   3   0.00099     0.054   11.9   1.4    21    56   162   197   158   214 0.85 -
TRINITY_DN2664_c0_g1_i1:409-987     -            193 514121at33208        -            220   1.8e-12   46.1   8.0   1   3   2.1e-05    0.0011   17.3   0.7    39   125    16   104     6   107 0.69 -
TRINITY_DN2664_c0_g1_i1:409-987     -            193 514121at33208        -            220   1.8e-12   46.1   8.0   2   3     3e-10   1.6e-08   33.2   0.8    18    79    88   153    83   156 0.84 -
TRINITY_DN2664_c0_g1_i1:409-987     -            193 514121at33208        -            220   1.8e-12   46.1   8.0   3   3   0.00014    0.0077   14.6   0.5    40    82   137   182   135   192 0.73 -
TRINITY_DN2664_c0_g1_i2:409-987     -            193 514121at33208        -            220   1.8e-12   46.1   8.0   1   3   2.1e-05    0.0011   17.3   0.7    39   125    16   104     6   107 0.69 -
TRINITY_DN2664_c0_g1_i2:409-987     -            193 514121at33208        -            220   1.8e-12   46.1   8.0   2   3     3e-10   1.6e-08   33.2   0.8    18    79    88   153    83   156 0.84 -
TRINITY_DN2664_c0_g1_i2:409-987     -            193 514121at33208        -            220   1.8e-12   46.1   8.0   3   3   0.00014    0.0077   14.6   0.5    40    82   137   182   135   192 0.73 -
TRINITY_DN2664_c0_g1_i5:409-987     -            193 514121at33208        -            220   1.8e-12   46.1   8.0   1   3   2.1e-05    0.0011   17.3   0.7    39   125    16   104     6   107 0.69 -
TRINITY_DN2664_c0_g1_i5:409-987     -            193 514121at33208        -            220   1.8e-12   46.1   8.0   2   3     3e-10   1.6e-08   33.2   0.8    18    79    88   153    83   156 0.84 -
TRINITY_DN2664_c0_g1_i5:409-987     -            193 514121at33208        -            220   1.8e-12   46.1   8.0   3   3   0.00014    0.0077   14.6   0.5    40    82   137   182   135   192 0.73 -
TRINITY_DN6442_c0_g1_i4:699-1679    -            327 514121at33208        -            220   1.9e-12   46.0  30.4   1   3    0.0039      0.21    9.9   3.9    87   147    21    82     2    92 0.67 -
TRINITY_DN6442_c0_g1_i4:699-1679    -            327 514121at33208        -            220   1.9e-12   46.0  30.4   2   3     1e-05   0.00055   18.4   2.7    39   127    99   188    93   194 0.76 -
TRINITY_DN6442_c0_g1_i4:699-1679    -            327 514121at33208        -            220   1.9e-12   46.0  30.4   3   3     3e-08   1.6e-06   26.6   8.9    40   149   195   311   189   326 0.82 -
TRINITY_DN6442_c0_g1_i6:699-1679    -            327 514121at33208        -            220   1.9e-12   46.0  30.4   1   3    0.0039      0.21    9.9   3.9    87   147    21    82     2    92 0.67 -
TRINITY_DN6442_c0_g1_i6:699-1679    -            327 514121at33208        -            220   1.9e-12   46.0  30.4   2   3     1e-05   0.00055   18.4   2.7    39   127    99   188    93   194 0.76 -
TRINITY_DN6442_c0_g1_i6:699-1679    -            327 514121at33208        -            220   1.9e-12   46.0  30.4   3   3     3e-08   1.6e-06   26.6   8.9    40   149   195   311   189   326 0.82 -
TRINITY_DN6442_c0_g1_i7:699-1679    -            327 514121at33208        -            220   1.9e-12   46.0  30.4   1   3    0.0039      0.21    9.9   3.9    87   147    21    82     2    92 0.67 -
TRINITY_DN6442_c0_g1_i7:699-1679    -            327 514121at33208        -            220   1.9e-12   46.0  30.4   2   3     1e-05   0.00055   18.4   2.7    39   127    99   188    93   194 0.76 -
TRINITY_DN6442_c0_g1_i7:699-1679    -            327 514121at33208        -            220   1.9e-12   46.0  30.4   3   3     3e-08   1.6e-06   26.6   8.9    40   149   195   311   189   326 0.82 -
TRINITY_DN6442_c0_g1_i9:699-1679    -            327 514121at33208        -            220   1.9e-12   46.0  30.4   1   3    0.0039      0.21    9.9   3.9    87   147    21    82     2    92 0.67 -
TRINITY_DN6442_c0_g1_i9:699-1679    -            327 514121at33208        -            220   1.9e-12   46.0  30.4   2   3     1e-05   0.00055   18.4   2.7    39   127    99   188    93   194 0.76 -
TRINITY_DN6442_c0_g1_i9:699-1679    -            327 514121at33208        -            220   1.9e-12   46.0  30.4   3   3     3e-08   1.6e-06   26.6   8.9    40   149   195   311   189   326 0.82 -
TRINITY_DN13097_c0_g1_i10:6399-7601 -            401 514121at33208        -            220   8.2e-12   44.0  11.0   1   4   5.7e-07   3.1e-05   22.5   1.3    22   166     4   134     1   139 0.46 -
TRINITY_DN13097_c0_g1_i10:6399-7601 -            401 514121at33208        -            220   8.2e-12   44.0  11.0   2   4    0.0014     0.078   11.3   0.2    91   170   181   263   171   271 0.82 -
TRINITY_DN13097_c0_g1_i10:6399-7601 -            401 514121at33208        -            220   8.2e-12   44.0  11.0   3   4   0.00031     0.017   13.5   0.2    42    82   298   339   271   387 0.53 -
TRINITY_DN13097_c0_g1_i10:6399-7601 -            401 514121at33208        -            220   8.2e-12   44.0  11.0   4   4       4.2   2.3e+02   -0.0   0.0    40    70   370   399   341   401 0.71 -
TRINITY_DN13097_c0_g1_i14:6237-7439 -            401 514121at33208        -            220   8.2e-12   44.0  11.0   1   4   5.7e-07   3.1e-05   22.5   1.3    22   166     4   134     1   139 0.46 -
TRINITY_DN13097_c0_g1_i14:6237-7439 -            401 514121at33208        -            220   8.2e-12   44.0  11.0   2   4    0.0014     0.078   11.3   0.2    91   170   181   263   171   271 0.82 -
TRINITY_DN13097_c0_g1_i14:6237-7439 -            401 514121at33208        -            220   8.2e-12   44.0  11.0   3   4   0.00031     0.017   13.5   0.2    42    82   298   339   271   387 0.53 -
TRINITY_DN13097_c0_g1_i14:6237-7439 -            401 514121at33208        -            220   8.2e-12   44.0  11.0   4   4       4.2   2.3e+02   -0.0   0.0    40    70   370   399   341   401 0.71 -
TRINITY_DN13097_c0_g1_i8:6423-7625  -            401 514121at33208        -            220   8.2e-12   44.0  11.0   1   4   5.7e-07   3.1e-05   22.5   1.3    22   166     4   134     1   139 0.46 -
TRINITY_DN13097_c0_g1_i8:6423-7625  -            401 514121at33208        -            220   8.2e-12   44.0  11.0   2   4    0.0014     0.078   11.3   0.2    91   170   181   263   171   271 0.82 -
TRINITY_DN13097_c0_g1_i8:6423-7625  -            401 514121at33208        -            220   8.2e-12   44.0  11.0   3   4   0.00031     0.017   13.5   0.2    42    82   298   339   271   387 0.53 -
TRINITY_DN13097_c0_g1_i8:6423-7625  -            401 514121at33208        -            220   8.2e-12   44.0  11.0   4   4       4.2   2.3e+02   -0.0   0.0    40    70   370   399   341   401 0.71 -
TRINITY_DN179854_c0_g1_i1:14-202    -             63 514121at33208        -            220   9.6e-12   43.7   0.5   1   1   1.9e-13     1e-11   43.7   0.5    24    83     3    62     1    63 0.80 -
TRINITY_DN160739_c0_g1_i1:15-425    -            137 514121at33208        -            220   1.5e-11   43.1   3.1   1   2    0.0019      0.11   10.9   0.0    57    98     2    42     1    51 0.52 -
TRINITY_DN160739_c0_g1_i1:15-425    -            137 514121at33208        -            220   1.5e-11   43.1   3.1   2   2   4.3e-10   2.3e-08   32.7   0.9    40   120    54   137    44   137 0.85 -
TRINITY_DN18704_c0_g2_i7:6215-6643  -            143 514121at33208        -            220   1.5e-11   43.1   4.8   1   2   7.6e-08   4.1e-06   25.3   1.0    40    79    21    60     6    64 0.90 -
TRINITY_DN18704_c0_g2_i7:6215-6643  -            143 514121at33208        -            220   1.5e-11   43.1   4.8   2   2   3.8e-06   0.00021   19.8   0.2    41    92    88   139    80   143 0.90 -
TRINITY_DN18704_c0_g2_i2:6215-6598  -            128 514121at33208        -            220   2.7e-11   42.3   5.7   1   2   1.4e-07   7.4e-06   24.5   1.5    42    79     8    45     2    49 0.93 -
TRINITY_DN18704_c0_g2_i2:6215-6598  -            128 514121at33208        -            220   2.7e-11   42.3   5.7   2   2     3e-06   0.00016   20.1   0.2    41    92    73   124    65   128 0.90 -
TRINITY_DN4449_c0_g1_i1:421-1056    -            212 514121at33208        -            220   4.2e-11   41.6   1.3   1   1   2.9e-12   1.6e-10   39.8   0.6    51   128     2    78     1   107 0.92 -
TRINITY_DN13097_c0_g1_i8:8502-9047  -            182 514121at33208        -            220   7.3e-11   40.9   9.5   1   1     6e-12   3.3e-10   38.7   8.4    19   157    35   182    29   182 0.82 -
TRINITY_DN3972_c0_g1_i14:2009-2413  -            135 514121at33208        -            220   7.6e-11   40.8   3.0   1   2   8.6e-08   4.7e-06   25.1   0.4    65   130     2    67     1    72 0.94 -
TRINITY_DN3972_c0_g1_i14:2009-2413  -            135 514121at33208        -            220   7.6e-11   40.8   3.0   2   2   8.8e-07   4.8e-05   21.8   0.3    36   126    43   135    41   135 0.89 -
TRINITY_DN3972_c0_g1_i3:2009-2413   -            135 514121at33208        -            220   7.6e-11   40.8   3.0   1   2   8.6e-08   4.7e-06   25.1   0.4    65   130     2    67     1    72 0.94 -
TRINITY_DN3972_c0_g1_i3:2009-2413   -            135 514121at33208        -            220   7.6e-11   40.8   3.0   2   2   8.8e-07   4.8e-05   21.8   0.3    36   126    43   135    41   135 0.89 -
TRINITY_DN3972_c0_g1_i9:942-1346    -            135 514121at33208        -            220   7.6e-11   40.8   3.0   1   2   8.6e-08   4.7e-06   25.1   0.4    65   130     2    67     1    72 0.94 -
TRINITY_DN3972_c0_g1_i9:942-1346    -            135 514121at33208        -            220   7.6e-11   40.8   3.0   2   2   8.8e-07   4.8e-05   21.8   0.3    36   126    43   135    41   135 0.89 -
TRINITY_DN861_c0_g1_i21:639-2906    -            756 514121at33208        -            220   8.2e-11   40.7   0.1   1   1   3.2e-12   1.7e-10   39.6   0.1   110   176     5    72     2    92 0.66 -
TRINITY_DN861_c0_g1_i25:850-3117    -            756 514121at33208        -            220   8.2e-11   40.7   0.1   1   1   3.2e-12   1.7e-10   39.6   0.1   110   176     5    72     2    92 0.66 -
TRINITY_DN861_c0_g1_i42:789-3056    -            756 514121at33208        -            220   8.2e-11   40.7   0.1   1   1   3.2e-12   1.7e-10   39.6   0.1   110   176     5    72     2    92 0.66 -
TRINITY_DN861_c0_g1_i71:796-3063    -            756 514121at33208        -            220   8.2e-11   40.7   0.1   1   1   3.2e-12   1.7e-10   39.6   0.1   110   176     5    72     2    92 0.66 -
TRINITY_DN861_c0_g1_i101:847-3114   -            756 514121at33208        -            220   8.5e-11   40.6   0.1   1   1   3.2e-12   1.7e-10   39.6   0.1   110   176     5    72     2    92 0.66 -
TRINITY_DN861_c0_g1_i40:786-3053    -            756 514121at33208        -            220   8.5e-11   40.6   0.1   1   1   3.2e-12   1.7e-10   39.6   0.1   110   176     5    72     2    92 0.66 -
TRINITY_DN861_c0_g1_i52:636-2903    -            756 514121at33208        -            220   8.5e-11   40.6   0.1   1   1   3.2e-12   1.7e-10   39.6   0.1   110   176     5    72     2    92 0.66 -
TRINITY_DN11583_c0_g1_i2:3962-4417  -            152 514121at33208        -            220   8.6e-11   40.6   0.2   1   1   2.2e-12   1.2e-10   40.1   0.2    55   168    21   138     1   147 0.65 -
TRINITY_DN11583_c0_g1_i3:3962-4417  -            152 514121at33208        -            220   8.6e-11   40.6   0.2   1   1   2.2e-12   1.2e-10   40.1   0.2    55   168    21   138     1   147 0.65 -
TRINITY_DN11583_c0_g1_i4:1390-1845  -            152 514121at33208        -            220   8.6e-11   40.6   0.2   1   1   2.2e-12   1.2e-10   40.1   0.2    55   168    21   138     1   147 0.65 -
TRINITY_DN11583_c0_g1_i5:3962-4417  -            152 514121at33208        -            220   8.6e-11   40.6   0.2   1   1   2.2e-12   1.2e-10   40.1   0.2    55   168    21   138     1   147 0.65 -
TRINITY_DN14400_c0_g1_i6:1017-1505  -            163 514121at33208        -            220   5.4e-09   34.7   2.6   1   1   1.4e-10   7.7e-09   34.2   2.6    21   123    15   119     6   127 0.84 -
TRINITY_DN62151_c0_g1_i1:33-422     -            130 514121at33208        -            220   5.6e-09   34.7   9.5   1   2   1.3e-09     7e-08   31.1   2.3    86   170     5    88     2    91 0.87 -
TRINITY_DN62151_c0_g1_i1:33-422     -            130 514121at33208        -            220   5.6e-09   34.7   9.5   2   2    0.0002     0.011   14.2   0.8    37    98    70   130    64   130 0.92 -
TRINITY_DN16739_c0_g1_i9:56-280     -             75 514121at33208        -            220   1.2e-08   33.6   7.4   1   1   9.8e-10   5.4e-08   31.5   7.4    34   101     5    70     3    74 0.83 -
TRINITY_DN30202_c0_g1_i1:444-893    -            150 514121at33208        -            220   1.8e-08   33.0   0.6   1   2   3.1e-06   0.00017   20.0   0.2    24    98     2    81     1    86 0.80 -
TRINITY_DN30202_c0_g1_i1:444-893    -            150 514121at33208        -            220   1.8e-08   33.0   0.6   2   2   2.3e-05    0.0012   17.2   0.1    38    96    67   127    63   134 0.90 -
TRINITY_DN196894_c0_g1_i1:63-611    -            183 514121at33208        -            220   2.3e-08   32.7   6.1   1   2    0.0036      0.19   10.0   0.0    46    97     4    55     1    59 0.46 -
TRINITY_DN196894_c0_g1_i1:63-611    -            183 514121at33208        -            220   2.3e-08   32.7   6.1   2   2   9.9e-07   5.4e-05   21.7   3.5    19   126    67   172    60   183 0.79 -
TRINITY_DN26576_c0_g2_i1:263-877    -            205 514121at33208        -            220   2.6e-08   32.5   7.0   1   2   5.4e-07     3e-05   22.5   0.3    40   125     2    89     1    95 0.74 -
TRINITY_DN26576_c0_g2_i1:263-877    -            205 514121at33208        -            220   2.6e-08   32.5   7.0   2   2   4.4e-05    0.0024   16.3   2.3    18   105    73   164    69   196 0.77 -
TRINITY_DN14016_c0_g1_i1:93-299     -             69 514121at33208        -            220     3e-08   32.3   5.9   1   1   1.3e-09   7.1e-08   31.1   5.9    34   100     5    69     2    69 0.76 -
TRINITY_DN1230_c1_g1_i4:312-719     -            136 514121at33208        -            220   3.7e-08   32.0   2.9   1   1   8.4e-10   4.6e-08   31.7   2.9    25   121     2    98     1   114 0.91 -
TRINITY_DN1230_c1_g1_i5:302-709     -            136 514121at33208        -            220   3.7e-08   32.0   2.9   1   1   8.4e-10   4.6e-08   31.7   2.9    25   121     2    98     1   114 0.91 -
TRINITY_DN12258_c0_g1_i2:329-901    -            191 514121at33208        -            220   3.1e-06   25.7   3.7   1   2     0.042       2.3    6.5   0.1    14    80    18    88     8    92 0.73 -
TRINITY_DN12258_c0_g1_i2:329-901    -            191 514121at33208        -            220   3.1e-06   25.7   3.7   2   2   3.4e-07   1.8e-05   23.2   3.3    32   157    63   191    47   191 0.82 -
TRINITY_DN15974_c0_g1_i14:4807-5223 -            139 514121at33208        -            220   4.6e-06   25.2   5.7   1   1   1.2e-07   6.3e-06   24.7   5.7    35   119     6    90     3   110 0.89 -
TRINITY_DN15974_c0_g1_i3:4901-5317  -            139 514121at33208        -            220   4.6e-06   25.2   5.7   1   1   1.2e-07   6.3e-06   24.7   5.7    35   119     6    90     3   110 0.89 -
TRINITY_DN15974_c0_g1_i8:4901-5317  -            139 514121at33208        -            220   4.6e-06   25.2   5.7   1   1   1.2e-07   6.3e-06   24.7   5.7    35   119     6    90     3   110 0.89 -
TRINITY_DN23794_c0_g1_i15:466-873   -            136 514121at33208        -            220   4.8e-06   25.1   1.5   1   1   1.1e-07   6.1e-06   24.8   1.5    23   115     4   100     1   135 0.73 -
TRINITY_DN23794_c0_g1_i4:601-1008   -            136 514121at33208        -            220   4.8e-06   25.1   1.5   1   1   1.1e-07   6.1e-06   24.8   1.5    23   115     4   100     1   135 0.73 -
TRINITY_DN23794_c0_g1_i9:466-873    -            136 514121at33208        -            220   4.8e-06   25.1   1.5   1   1   1.1e-07   6.1e-06   24.8   1.5    23   115     4   100     1   135 0.73 -
TRINITY_DN30069_c0_g1_i1:1443-1838  -            132 514121at33208        -            220   8.8e-06   24.3   0.4   1   1     2e-07   1.1e-05   23.9   0.4    27   124     2   104     1   110 0.85 -
TRINITY_DN30069_c0_g1_i2:1443-1838  -            132 514121at33208        -            220   8.8e-06   24.3   0.4   1   1     2e-07   1.1e-05   23.9   0.4    27   124     2   104     1   110 0.85 -
TRINITY_DN30069_c0_g1_i3:530-925    -            132 514121at33208        -            220   8.8e-06   24.3   0.4   1   1     2e-07   1.1e-05   23.9   0.4    27   124     2   104     1   110 0.85 -
TRINITY_DN30069_c0_g1_i5:1451-1846  -            132 514121at33208        -            220   8.8e-06   24.3   0.4   1   1     2e-07   1.1e-05   23.9   0.4    27   124     2   104     1   110 0.85 -
TRINITY_DN30069_c0_g1_i6:1419-1814  -            132 514121at33208        -            220   8.8e-06   24.3   0.4   1   1     2e-07   1.1e-05   23.9   0.4    27   124     2   104     1   110 0.85 -
TRINITY_DN19836_c0_g1_i2:1216-1587  -            124 514121at33208        -            220   3.7e-05   22.2   2.8   1   2     0.011      0.59    8.5   1.7    24    75    16    76     6    80 0.58 -
TRINITY_DN19836_c0_g1_i2:1216-1587  -            124 514121at33208        -            220   3.7e-05   22.2   2.8   2   2    0.0089      0.49    8.7   0.0    61    98    87   124    75   124 0.89 -
TRINITY_DN3956_c0_g1_i2:116-1567    -            484 514121at33208        -            220   5.9e-05   21.5  13.8   1   2   3.7e-06    0.0002   19.8  10.9    18   169   115   274   101   279 0.79 -
TRINITY_DN3956_c0_g1_i2:116-1567    -            484 514121at33208        -            220   5.9e-05   21.5  13.8   2   2   9.9e-05    0.0054   15.1   6.2    46   160   195   317   183   329 0.69 -
TRINITY_DN15974_c0_g1_i14:2194-2646 -            151 514121at33208        -            220   0.00015   20.3   4.3   1   2    0.0032      0.17   10.2   0.3    35    73    14    53     2    54 0.65 -
TRINITY_DN15974_c0_g1_i14:2194-2646 -            151 514121at33208        -            220   0.00015   20.3   4.3   2   2   0.00014    0.0075   14.7   1.4    38   116    41   124    37   134 0.81 -
TRINITY_DN15974_c0_g1_i15:1125-1577 -            151 514121at33208        -            220   0.00015   20.3   4.3   1   2    0.0032      0.17   10.2   0.3    35    73    14    53     2    54 0.65 -
TRINITY_DN15974_c0_g1_i15:1125-1577 -            151 514121at33208        -            220   0.00015   20.3   4.3   2   2   0.00014    0.0075   14.7   1.4    38   116    41   124    37   134 0.81 -
TRINITY_DN15974_c0_g1_i2:2290-2742  -            151 514121at33208        -            220   0.00015   20.3   4.3   1   2    0.0032      0.17   10.2   0.3    35    73    14    53     2    54 0.65 -
TRINITY_DN15974_c0_g1_i2:2290-2742  -            151 514121at33208        -            220   0.00015   20.3   4.3   2   2   0.00014    0.0075   14.7   1.4    38   116    41   124    37   134 0.81 -
TRINITY_DN15974_c0_g1_i3:2288-2740  -            151 514121at33208        -            220   0.00015   20.3   4.3   1   2    0.0032      0.17   10.2   0.3    35    73    14    53     2    54 0.65 -
TRINITY_DN15974_c0_g1_i3:2288-2740  -            151 514121at33208        -            220   0.00015   20.3   4.3   2   2   0.00014    0.0075   14.7   1.4    38   116    41   124    37   134 0.81 -
TRINITY_DN15974_c0_g1_i8:2288-2740  -            151 514121at33208        -            220   0.00015   20.3   4.3   1   2    0.0032      0.17   10.2   0.3    35    73    14    53     2    54 0.65 -
TRINITY_DN15974_c0_g1_i8:2288-2740  -            151 514121at33208        -            220   0.00015   20.3   4.3   2   2   0.00014    0.0075   14.7   1.4    38   116    41   124    37   134 0.81 -
TRINITY_DN3956_c0_g1_i4:116-1579    -            488 514121at33208        -            220   0.00019   19.9  14.3   1   2   8.2e-06   0.00045   18.7  11.7    18   170   115   275   101   281 0.79 -
TRINITY_DN3956_c0_g1_i4:116-1579    -            488 514121at33208        -            220   0.00019   19.9  14.3   2   2   0.00013    0.0071   14.8   6.6    46   160   195   317   181   330 0.70 -
TRINITY_DN3956_c0_g1_i5:116-1579    -            488 514121at33208        -            220   0.00019   19.9  14.3   1   2   8.2e-06   0.00045   18.7  11.7    18   170   115   275   101   281 0.79 -
TRINITY_DN3956_c0_g1_i5:116-1579    -            488 514121at33208        -            220   0.00019   19.9  14.3   2   2   0.00013    0.0071   14.8   6.6    46   160   195   317   181   330 0.70 -
TRINITY_DN17429_c0_g1_i1:362-649    -             96 514121at33208        -            220   0.00026   19.4   0.1   1   1   1.9e-05    0.0011   17.5   0.0    20    79    11    74     4    84 0.46 -
TRINITY_DN17429_c0_g1_i2:362-649    -             96 514121at33208        -            220   0.00026   19.4   0.1   1   1   1.9e-05    0.0011   17.5   0.0    20    79    11    74     4    84 0.46 -
TRINITY_DN19836_c0_g1_i13:1228-1599 -            124 514121at33208        -            220   0.00039   18.8   3.9   1   2    0.0082      0.45    8.9   1.6    22    75    14    76     3    81 0.63 -
TRINITY_DN19836_c0_g1_i13:1228-1599 -            124 514121at33208        -            220   0.00039   18.8   3.9   2   2     0.023       1.2    7.4   0.1    62    97    88   123    74   124 0.74 -
TRINITY_DN25166_c0_g1_i1:134-577    -            148 514121at33208        -            220   0.00069   18.1   3.0   1   1   1.7e-05   0.00091   17.7   2.9    49   100    10    60     7    98 0.86 -
TRINITY_DN25166_c0_g1_i2:134-577    -            148 514121at33208        -            220   0.00069   18.1   3.0   1   1   1.7e-05   0.00091   17.7   2.9    49   100    10    60     7    98 0.86 -
TRINITY_DN25166_c0_g1_i3:134-580    -            149 514121at33208        -            220   0.00069   18.0   3.0   1   1   1.7e-05    0.0009   17.7   2.8    49   100    10    60     7    98 0.86 -
TRINITY_DN17625_c0_g1_i1:941-1519   -            193 514121at33208        -            220    0.0045   15.4   4.2   1   1   0.00012    0.0068   14.8   4.2    41   142    45   123    10   185 0.61 -
TRINITY_DN58043_c0_g1_i2:216-470    -             85 514121at33208        -            220    0.0061   15.0   0.4   1   1   0.00036     0.019   13.3   0.2    88   126     1    37     1    60 0.60 -
TRINITY_DN58043_c0_g1_i8:216-470    -             85 514121at33208        -            220    0.0061   15.0   0.4   1   1   0.00036     0.019   13.3   0.2    88   126     1    37     1    60 0.60 -
TRINITY_DN7999_c0_g1_i4:202-723     -            174 514121at33208        -            220     0.031   12.6   1.9   1   1   0.00087     0.048   12.0   1.9    69   127     2    57     1    87 0.66 -
#
# Program:         hmmsearch
# Version:         3.1b2 (February 2015)
# Pipeline mode:   SEARCH
# Query file:      /busco_wd/busco_downloads/lineages/metazoa_odb10/hmms/514121at33208.hmm
# Target file:     /busco_wd/BUSCO/run_metazoa_odb10/metaeuk_output/initial_results/Trinity.fasta.modified.fas
# Option settings: hmmsearch --domtblout /busco_wd/BUSCO/run_metazoa_odb10/hmmer_output/initial_run_results/514121at33208.out --cpu 1 /busco_wd/busco_downloads/lineages/metazoa_odb10/hmms/514121at33208.hmm /busco_wd/BUSCO/run_metazoa_odb10/metaeuk_output/initial_results/Trinity.fasta.modified.fas 
# Current dir:     /busco_wd
# Date:            Tue Nov 23 09:03:50 2021
# [ok]
