#                                                                                        --- full sequence --- -------------- this domain -------------   hmm coord   ali coord   env coord
# target name                    accession   tlen query name           accession   qlen   E-value  score  bias   #  of  c-Evalue  i-Evalue  score  bias  from    to  from    to  from    to  acc description of target
#            ------------------- ---------- ----- -------------------- ---------- ----- --------- ------ ----- --- --- --------- --------- ------ ----- ----- ----- ----- ----- ----- ----- ---- ---------------------
TRINITY_DN6837_c0_g1_i5:22-978   -            319 514727at33208        -            309   8.8e-18   63.6   9.6   1   3    0.0097        44    2.2   0.1   138   166    20    50    13    90 0.82 -
TRINITY_DN6837_c0_g1_i5:22-978   -            319 514727at33208        -            309   8.8e-18   63.6   9.6   2   3   1.3e-06    0.0059   14.9   0.1   171   220   124   186   109   195 0.79 -
TRINITY_DN6837_c0_g1_i5:22-978   -            319 514727at33208        -            309   8.8e-18   63.6   9.6   3   3   3.4e-16   1.6e-12   46.4   2.4   223   290   210   283   205   318 0.83 -
TRINITY_DN6837_c0_g1_i3:431-1846 -            472 514727at33208        -            309   3.1e-17   61.8   8.9   1   4     0.012        53    1.9   0.1   138   161   173   196   109   220 0.81 -
TRINITY_DN6837_c0_g1_i3:431-1846 -            472 514727at33208        -            309   3.1e-17   61.8   8.9   2   4   2.4e-06     0.011   14.1   0.1   171   220   277   339   262   348 0.79 -
TRINITY_DN6837_c0_g1_i3:431-1846 -            472 514727at33208        -            309   3.1e-17   61.8   8.9   3   4   4.1e-16   1.9e-12   46.1   1.3   223   289   363   435   358   443 0.84 -
TRINITY_DN6837_c0_g1_i3:431-1846 -            472 514727at33208        -            309   3.1e-17   61.8   8.9   4   4     0.016        73    1.5   0.0   288   308   451   470   441   471 0.84 -
#
# Program:         hmmsearch
# Version:         3.1b2 (February 2015)
# Pipeline mode:   SEARCH
# Query file:      /busco_wd/busco_downloads/lineages/metazoa_odb10/hmms/514727at33208.hmm
# Target file:     /busco_wd/BUSCO/run_metazoa_odb10/metaeuk_output/initial_results/Trinity.fasta.modified.fas
# Option settings: hmmsearch --domtblout /busco_wd/BUSCO/run_metazoa_odb10/hmmer_output/initial_run_results/514727at33208.out --cpu 1 /busco_wd/busco_downloads/lineages/metazoa_odb10/hmms/514727at33208.hmm /busco_wd/BUSCO/run_metazoa_odb10/metaeuk_output/initial_results/Trinity.fasta.modified.fas 
# Current dir:     /busco_wd
# Date:            Tue Nov 23 09:03:51 2021
# [ok]
