#                                                                                      --- full sequence --- -------------- this domain -------------   hmm coord   ali coord   env coord
# target name                  accession   tlen query name           accession   qlen   E-value  score  bias   #  of  c-Evalue  i-Evalue  score  bias  from    to  from    to  from    to  acc description of target
#          ------------------- ---------- ----- -------------------- ---------- ----- --------- ------ ----- --- --- --------- --------- ------ ----- ----- ----- ----- ----- ----- ----- ---- ---------------------
TRINITY_DN8927_c0_g1_i2:39-830 -            264 514892at33208        -            205   1.6e-94  314.1   2.8   1   2   2.9e-97   4.4e-94  312.7   2.2     1   200     1   218     1   222 0.92 -
TRINITY_DN8927_c0_g1_i2:39-830 -            264 514892at33208        -            205   1.6e-94  314.1   2.8   2   2      0.21   3.3e+02   -0.4   0.0   192   205   246   259   226   259 0.67 -
TRINITY_DN8927_c0_g1_i3:39-830 -            264 514892at33208        -            205   1.6e-94  314.1   2.8   1   2   2.9e-97   4.4e-94  312.7   2.2     1   200     1   218     1   222 0.92 -
TRINITY_DN8927_c0_g1_i3:39-830 -            264 514892at33208        -            205   1.6e-94  314.1   2.8   2   2      0.21   3.3e+02   -0.4   0.0   192   205   246   259   226   259 0.67 -
TRINITY_DN8927_c0_g1_i4:39-830 -            264 514892at33208        -            205   1.6e-94  314.1   2.8   1   2   2.9e-97   4.4e-94  312.7   2.2     1   200     1   218     1   222 0.92 -
TRINITY_DN8927_c0_g1_i4:39-830 -            264 514892at33208        -            205   1.6e-94  314.1   2.8   2   2      0.21   3.3e+02   -0.4   0.0   192   205   246   259   226   259 0.67 -
TRINITY_DN8927_c0_g1_i5:39-830 -            264 514892at33208        -            205   1.6e-94  314.1   2.8   1   2   2.9e-97   4.4e-94  312.7   2.2     1   200     1   218     1   222 0.92 -
TRINITY_DN8927_c0_g1_i5:39-830 -            264 514892at33208        -            205   1.6e-94  314.1   2.8   2   2      0.21   3.3e+02   -0.4   0.0   192   205   246   259   226   259 0.67 -
TRINITY_DN8927_c0_g1_i6:39-830 -            264 514892at33208        -            205   1.6e-94  314.1   2.8   1   2   2.9e-97   4.4e-94  312.7   2.2     1   200     1   218     1   222 0.92 -
TRINITY_DN8927_c0_g1_i6:39-830 -            264 514892at33208        -            205   1.6e-94  314.1   2.8   2   2      0.21   3.3e+02   -0.4   0.0   192   205   246   259   226   259 0.67 -
TRINITY_DN8927_c0_g1_i7:39-830 -            264 514892at33208        -            205   1.6e-94  314.1   2.8   1   2   2.9e-97   4.4e-94  312.7   2.2     1   200     1   218     1   222 0.92 -
TRINITY_DN8927_c0_g1_i7:39-830 -            264 514892at33208        -            205   1.6e-94  314.1   2.8   2   2      0.21   3.3e+02   -0.4   0.0   192   205   246   259   226   259 0.67 -
#
# Program:         hmmsearch
# Version:         3.1b2 (February 2015)
# Pipeline mode:   SEARCH
# Query file:      /busco_wd/busco_downloads/lineages/metazoa_odb10/hmms/514892at33208.hmm
# Target file:     /busco_wd/BUSCO/run_metazoa_odb10/metaeuk_output/initial_results/Trinity.fasta.modified.fas
# Option settings: hmmsearch --domtblout /busco_wd/BUSCO/run_metazoa_odb10/hmmer_output/initial_run_results/514892at33208.out --cpu 1 /busco_wd/busco_downloads/lineages/metazoa_odb10/hmms/514892at33208.hmm /busco_wd/BUSCO/run_metazoa_odb10/metaeuk_output/initial_results/Trinity.fasta.modified.fas 
# Current dir:     /busco_wd
# Date:            Tue Nov 23 09:03:51 2021
# [ok]
