#                                                                                        --- full sequence --- -------------- this domain -------------   hmm coord   ali coord   env coord
# target name                    accession   tlen query name           accession   qlen   E-value  score  bias   #  of  c-Evalue  i-Evalue  score  bias  from    to  from    to  from    to  acc description of target
#            ------------------- ---------- ----- -------------------- ---------- ----- --------- ------ ----- --- --- --------- --------- ------ ----- ----- ----- ----- ----- ----- ----- ---- ---------------------
TRINITY_DN7244_c0_g3_i1:74-949   -            292 516659at33208        -            212   5.1e-25   87.4   5.0   1   3      0.13   4.1e+02   -0.5   0.2     2    24    14    36    13    54 0.83 -
TRINITY_DN7244_c0_g3_i1:74-949   -            292 516659at33208        -            212   5.1e-25   87.4   5.0   2   3   2.1e-09   6.4e-06   25.0   0.1     6    81    44   121    41   134 0.78 -
TRINITY_DN7244_c0_g3_i1:74-949   -            292 516659at33208        -            212   5.1e-25   87.4   5.0   3   3   9.1e-21   2.8e-17   62.2   0.3   102   212   166   292   136   292 0.84 -
TRINITY_DN3048_c0_g1_i1:515-8470 -           2652 516659at33208        -            212     0.025   13.3   1.7   1   2   3.1e-05     0.095   11.4   0.2     7    69   578   643   572   678 0.77 -
TRINITY_DN3048_c0_g1_i1:515-8470 -           2652 516659at33208        -            212     0.025   13.3   1.7   2   2      0.16   4.8e+02   -0.7   0.1     2    48  2369  2417  2368  2432 0.78 -
TRINITY_DN3048_c0_g1_i3:515-8470 -           2652 516659at33208        -            212     0.025   13.3   1.7   1   2   3.1e-05     0.095   11.4   0.2     7    69   578   643   572   678 0.77 -
TRINITY_DN3048_c0_g1_i3:515-8470 -           2652 516659at33208        -            212     0.025   13.3   1.7   2   2      0.16   4.8e+02   -0.7   0.1     2    48  2369  2417  2368  2432 0.78 -
#
# Program:         hmmsearch
# Version:         3.1b2 (February 2015)
# Pipeline mode:   SEARCH
# Query file:      /busco_wd/busco_downloads/lineages/metazoa_odb10/hmms/516659at33208.hmm
# Target file:     /busco_wd/BUSCO/run_metazoa_odb10/metaeuk_output/initial_results/Trinity.fasta.modified.fas
# Option settings: hmmsearch --domtblout /busco_wd/BUSCO/run_metazoa_odb10/hmmer_output/initial_run_results/516659at33208.out --cpu 1 /busco_wd/busco_downloads/lineages/metazoa_odb10/hmms/516659at33208.hmm /busco_wd/BUSCO/run_metazoa_odb10/metaeuk_output/initial_results/Trinity.fasta.modified.fas 
# Current dir:     /busco_wd
# Date:            Tue Nov 23 09:03:52 2021
# [ok]
