#                                                                                         --- full sequence --- -------------- this domain -------------   hmm coord   ali coord   env coord
# target name                     accession   tlen query name           accession   qlen   E-value  score  bias   #  of  c-Evalue  i-Evalue  score  bias  from    to  from    to  from    to  acc description of target
#             ------------------- ---------- ----- -------------------- ---------- ----- --------- ------ ----- --- --- --------- --------- ------ ----- ----- ----- ----- ----- ----- ----- ---- ---------------------
TRINITY_DN22129_c0_g2_i1:173-1186 -            338 517311at33208        -            159   7.5e-70  232.8   0.1   1   2      0.48   7.3e+02   -1.2   0.0    32    71    24    63    13    71 0.50 -
TRINITY_DN22129_c0_g2_i1:173-1186 -            338 517311at33208        -            159   7.5e-70  232.8   0.1   2   2   1.6e-72   2.4e-69  231.1   0.1     1   157   142   313   142   315 0.92 -
TRINITY_DN46768_c0_g1_i10:60-506  -            149 517311at33208        -            159   2.1e-05   23.3   0.0   1   1   2.4e-08   3.6e-05   22.6   0.0    32   157     9   141     1   143 0.71 -
TRINITY_DN46768_c0_g1_i6:60-506   -            149 517311at33208        -            159   2.1e-05   23.3   0.0   1   1   2.4e-08   3.6e-05   22.6   0.0    32   157     9   141     1   143 0.71 -
TRINITY_DN46768_c0_g1_i9:60-506   -            149 517311at33208        -            159   2.1e-05   23.3   0.0   1   1   2.4e-08   3.6e-05   22.6   0.0    32   157     9   141     1   143 0.71 -
TRINITY_DN46768_c0_g1_i1:208-786  -            193 517311at33208        -            159   2.7e-05   23.0   0.0   1   1   3.3e-08     5e-05   22.1   0.0    29   157    50   185    12   187 0.73 -
TRINITY_DN46768_c0_g1_i11:152-730 -            193 517311at33208        -            159   2.9e-05   22.9   0.0   1   1   3.5e-08   5.4e-05   22.0   0.0    29   157    50   185    15   187 0.74 -
#
# Program:         hmmsearch
# Version:         3.1b2 (February 2015)
# Pipeline mode:   SEARCH
# Query file:      /busco_wd/busco_downloads/lineages/metazoa_odb10/hmms/517311at33208.hmm
# Target file:     /busco_wd/BUSCO/run_metazoa_odb10/metaeuk_output/initial_results/Trinity.fasta.modified.fas
# Option settings: hmmsearch --domtblout /busco_wd/BUSCO/run_metazoa_odb10/hmmer_output/initial_run_results/517311at33208.out --cpu 1 /busco_wd/busco_downloads/lineages/metazoa_odb10/hmms/517311at33208.hmm /busco_wd/BUSCO/run_metazoa_odb10/metaeuk_output/initial_results/Trinity.fasta.modified.fas 
# Current dir:     /busco_wd
# Date:            Tue Nov 23 09:03:52 2021
# [ok]
