#                                                                                       --- full sequence --- -------------- this domain -------------   hmm coord   ali coord   env coord
# target name                   accession   tlen query name           accession   qlen   E-value  score  bias   #  of  c-Evalue  i-Evalue  score  bias  from    to  from    to  from    to  acc description of target
#           ------------------- ---------- ----- -------------------- ---------- ----- --------- ------ ----- --- --- --------- --------- ------ ----- ----- ----- ----- ----- ----- ----- ---- ---------------------
TRINITY_DN3146_c0_g1_i1:89-676  -            196 526487at33208        -            170   3.7e-93  309.0   3.9   1   2     0.014        26    3.6   0.7     3    26     6    30     1    35 0.73 -
TRINITY_DN3146_c0_g1_i1:89-676  -            196 526487at33208        -            170   3.7e-93  309.0   3.9   2   2     2e-96   3.7e-93  309.0   3.9     7   170    30   194    25   194 0.93 -
TRINITY_DN3146_c0_g1_i2:162-749 -            196 526487at33208        -            170   3.7e-93  309.0   3.9   1   2     0.014        26    3.6   0.7     3    26     6    30     1    35 0.73 -
TRINITY_DN3146_c0_g1_i2:162-749 -            196 526487at33208        -            170   3.7e-93  309.0   3.9   2   2     2e-96   3.7e-93  309.0   3.9     7   170    30   194    25   194 0.93 -
TRINITY_DN3146_c0_g1_i4:100-687 -            196 526487at33208        -            170   3.7e-93  309.0   3.9   1   2     0.014        26    3.6   0.7     3    26     6    30     1    35 0.73 -
TRINITY_DN3146_c0_g1_i4:100-687 -            196 526487at33208        -            170   3.7e-93  309.0   3.9   2   2     2e-96   3.7e-93  309.0   3.9     7   170    30   194    25   194 0.93 -
TRINITY_DN5682_c0_g1_i12:68-826 -            253 526487at33208        -            170   1.1e-16   60.1   0.5   1   1   9.7e-20   1.8e-16   59.4   0.5    19   162     5   150     1   157 0.84 -
TRINITY_DN5682_c0_g1_i1:172-930 -            253 526487at33208        -            170   1.1e-16   60.1   0.5   1   1   9.7e-20   1.8e-16   59.4   0.5    19   162     5   150     1   157 0.84 -
#
# Program:         hmmsearch
# Version:         3.1b2 (February 2015)
# Pipeline mode:   SEARCH
# Query file:      /busco_wd/busco_downloads/lineages/metazoa_odb10/hmms/526487at33208.hmm
# Target file:     /busco_wd/BUSCO/run_metazoa_odb10/metaeuk_output/initial_results/Trinity.fasta.modified.fas
# Option settings: hmmsearch --domtblout /busco_wd/BUSCO/run_metazoa_odb10/hmmer_output/initial_run_results/526487at33208.out --cpu 1 /busco_wd/busco_downloads/lineages/metazoa_odb10/hmms/526487at33208.hmm /busco_wd/BUSCO/run_metazoa_odb10/metaeuk_output/initial_results/Trinity.fasta.modified.fas 
# Current dir:     /busco_wd
# Date:            Tue Nov 23 09:03:55 2021
# [ok]
