#                                                                                           --- full sequence --- -------------- this domain -------------   hmm coord   ali coord   env coord
# target name                       accession   tlen query name           accession   qlen   E-value  score  bias   #  of  c-Evalue  i-Evalue  score  bias  from    to  from    to  from    to  acc description of target
#               ------------------- ---------- ----- -------------------- ---------- ----- --------- ------ ----- --- --- --------- --------- ------ ----- ----- ----- ----- ----- ----- ----- ---- ---------------------
TRINITY_DN31975_c0_g1_i1:55-966     -            304 527406at33208        -            237  1.5e-110  367.3  13.7   1   2      0.55        70    1.8   0.8     7    45    21    62    13    67 0.67 -
TRINITY_DN31975_c0_g1_i1:55-966     -            304 527406at33208        -            237  1.5e-110  367.3  13.7   2   2  1.2e-112  1.5e-110  367.3  13.7    20   237    63   296    47   296 0.90 -
TRINITY_DN18590_c0_g1_i10:418-603   -             62 527406at33208        -            237     5e-08   31.8   5.4   1   1     4e-10     5e-08   31.8   5.4   173   221     4    52     1    60 0.93 -
TRINITY_DN18590_c0_g1_i12:418-603   -             62 527406at33208        -            237     5e-08   31.8   5.4   1   1     4e-10     5e-08   31.8   5.4   173   221     4    52     1    60 0.93 -
TRINITY_DN18590_c0_g1_i4:418-603    -             62 527406at33208        -            237     5e-08   31.8   5.4   1   1     4e-10     5e-08   31.8   5.4   173   221     4    52     1    60 0.93 -
TRINITY_DN18590_c0_g1_i7:418-603    -             62 527406at33208        -            237     5e-08   31.8   5.4   1   1     4e-10     5e-08   31.8   5.4   173   221     4    52     1    60 0.93 -
TRINITY_DN3477_c0_g1_i2:1908-2183   -             92 527406at33208        -            237   4.1e-06   25.5   3.2   1   1   3.7e-08   4.6e-06   25.3   3.2   179   219    12    52     4    68 0.93 -
TRINITY_DN3477_c0_g1_i3:1904-2179   -             92 527406at33208        -            237   4.1e-06   25.5   3.2   1   1   3.7e-08   4.6e-06   25.3   3.2   179   219    12    52     4    68 0.93 -
TRINITY_DN3477_c0_g1_i7:1901-2176   -             92 527406at33208        -            237   4.1e-06   25.5   3.2   1   1   3.7e-08   4.6e-06   25.3   3.2   179   219    12    52     4    68 0.93 -
TRINITY_DN13955_c0_g1_i1:6-572      -            189 527406at33208        -            237   2.6e-05   22.9   2.0   1   1   3.2e-07   4.1e-05   22.2   2.0   180   220     2    42     1    62 0.78 -
TRINITY_DN9886_c0_g1_i16:6446-6691  -             82 527406at33208        -            237   2.7e-05   22.8   3.0   1   1   2.3e-07   2.9e-05   22.7   3.0   181   214     1    34     1    63 0.85 -
TRINITY_DN9886_c0_g1_i5:6368-6613   -             82 527406at33208        -            237   2.7e-05   22.8   3.0   1   1   2.3e-07   2.9e-05   22.7   3.0   181   214     1    34     1    63 0.85 -
TRINITY_DN13955_c0_g1_i2:1595-2197  -            201 527406at33208        -            237   2.9e-05   22.7   2.0   1   1   3.6e-07   4.5e-05   22.1   2.0   180   220     2    42     1    62 0.78 -
TRINITY_DN13955_c0_g1_i3:1-612      -            204 527406at33208        -            237     3e-05   22.7   2.0   1   1   3.7e-07   4.7e-05   22.0   2.0   180   220     2    42     1    62 0.78 -
TRINITY_DN5822_c0_g1_i3:177-707     -            177 527406at33208        -            237   7.7e-05   21.3   3.2   1   2   6.1e-07   7.7e-05   21.3   3.2   180   220     2    42     1    49 0.93 -
TRINITY_DN5822_c0_g1_i3:177-707     -            177 527406at33208        -            237   7.7e-05   21.3   3.2   2   2       1.3   1.7e+02    0.6   0.8    11    75    97   167    88   174 0.51 -
TRINITY_DN6709_c0_g1_i4:933-1493    -            187 527406at33208        -            237     8e-05   21.3   2.5   1   1   6.4e-07     8e-05   21.3   2.5   178   219    13    55     2    59 0.85 -
TRINITY_DN4529_c0_g1_i1:1392-1691   -            100 527406at33208        -            237    0.0001   20.9   0.9   1   1   9.2e-07   0.00012   20.7   0.9   178   218    13    54     3    73 0.79 -
TRINITY_DN4529_c0_g1_i3:497-796     -            100 527406at33208        -            237    0.0001   20.9   0.9   1   1   9.2e-07   0.00012   20.7   0.9   178   218    13    54     3    73 0.79 -
TRINITY_DN4529_c0_g1_i6:1392-1691   -            100 527406at33208        -            237    0.0001   20.9   0.9   1   1   9.2e-07   0.00012   20.7   0.9   178   218    13    54     3    73 0.79 -
TRINITY_DN4529_c0_g1_i7:1392-1691   -            100 527406at33208        -            237    0.0001   20.9   0.9   1   1   9.2e-07   0.00012   20.7   0.9   178   218    13    54     3    73 0.79 -
TRINITY_DN57404_c0_g1_i10:209-502   -             98 527406at33208        -            237   0.00012   20.7   2.5   1   1   1.3e-06   0.00016   20.3   2.5   181   215     7    41     4    50 0.95 -
TRINITY_DN57404_c0_g1_i4:80-373     -             98 527406at33208        -            237   0.00012   20.7   2.5   1   1   1.3e-06   0.00016   20.3   2.5   181   215     7    41     4    50 0.95 -
TRINITY_DN57404_c0_g1_i7:80-373     -             98 527406at33208        -            237   0.00012   20.7   2.5   1   1   1.3e-06   0.00016   20.3   2.5   181   215     7    41     4    50 0.95 -
TRINITY_DN12467_c0_g1_i2:127-426    -            100 527406at33208        -            237   0.00012   20.7   0.3   1   1   1.2e-06   0.00015   20.4   0.3   179   216    14    51     8    65 0.86 -
TRINITY_DN10562_c0_g1_i1:117-761    -            215 527406at33208        -            237   0.00015   20.4   2.5   1   1   1.9e-06   0.00024   19.7   2.5   160   219     2    57     1    78 0.83 -
TRINITY_DN10562_c0_g1_i3:117-761    -            215 527406at33208        -            237   0.00015   20.4   2.5   1   1   1.9e-06   0.00024   19.7   2.5   160   219     2    57     1    78 0.83 -
TRINITY_DN10562_c0_g1_i4:117-761    -            215 527406at33208        -            237   0.00015   20.4   2.5   1   1   1.9e-06   0.00024   19.7   2.5   160   219     2    57     1    78 0.83 -
TRINITY_DN10562_c0_g1_i6:117-761    -            215 527406at33208        -            237   0.00015   20.4   2.5   1   1   1.9e-06   0.00024   19.7   2.5   160   219     2    57     1    78 0.83 -
TRINITY_DN189166_c0_g1_i2:1447-2523 -            359 527406at33208        -            237   0.00052   18.6   2.3   1   1   4.1e-06   0.00052   18.6   2.3   180   215    18    53     8    61 0.86 -
TRINITY_DN189166_c0_g1_i1:1378-2523 -            382 527406at33208        -            237   0.00056   18.5   2.3   1   1   4.5e-06   0.00056   18.5   2.3   180   215    18    53     8    61 0.86 -
TRINITY_DN52602_c0_g1_i2:87-437     -            117 527406at33208        -            237     0.005   15.4   3.7   1   2   5.3e-05    0.0066   15.0   2.4   180   205    17    42    13    62 0.85 -
TRINITY_DN52602_c0_g1_i2:87-437     -            117 527406at33208        -            237     0.005   15.4   3.7   2   2       3.3   4.1e+02   -0.7   0.1   122   150    60    92    51    97 0.69 -
TRINITY_DN52602_c0_g1_i1:164-487    -            108 527406at33208        -            237    0.0053   15.3   4.0   1   2   5.6e-05    0.0071   14.9   2.9   180   205    17    42    13    64 0.84 -
TRINITY_DN52602_c0_g1_i1:164-487    -            108 527406at33208        -            237    0.0053   15.3   4.0   2   2       2.5   3.1e+02   -0.3   0.1   122   150    60    92    47    97 0.70 -
TRINITY_DN19354_c0_g1_i11:660-896   -             79 527406at33208        -            237    0.0062   15.1   1.2   1   1   6.1e-05    0.0076   14.8   1.2   181   208     1    29     1    39 0.90 -
TRINITY_DN19354_c0_g1_i7:660-896    -             79 527406at33208        -            237    0.0062   15.1   1.2   1   1   6.1e-05    0.0076   14.8   1.2   181   208     1    29     1    39 0.90 -
TRINITY_DN9959_c0_g1_i1:610-981     -            124 527406at33208        -            237     0.008   14.7  12.6   1   4    0.0065      0.82    8.1   0.5   178   193     2    17     1    25 0.89 -
TRINITY_DN9959_c0_g1_i1:610-981     -            124 527406at33208        -            237     0.008   14.7  12.6   2   4     0.096        12    4.3   0.1   176   189    28    41    19    52 0.83 -
TRINITY_DN9959_c0_g1_i1:610-981     -            124 527406at33208        -            237     0.008   14.7  12.6   3   4     0.072       9.1    4.7   0.0   172   190    53    70    45    82 0.76 -
TRINITY_DN9959_c0_g1_i1:610-981     -            124 527406at33208        -            237     0.008   14.7  12.6   4   4      0.07       8.8    4.8   0.6   176   190    84    98    76   124 0.78 -
TRINITY_DN9959_c0_g1_i2:589-960     -            124 527406at33208        -            237     0.008   14.7  12.6   1   4    0.0065      0.82    8.1   0.5   178   193     2    17     1    25 0.89 -
TRINITY_DN9959_c0_g1_i2:589-960     -            124 527406at33208        -            237     0.008   14.7  12.6   2   4     0.096        12    4.3   0.1   176   189    28    41    19    52 0.83 -
TRINITY_DN9959_c0_g1_i2:589-960     -            124 527406at33208        -            237     0.008   14.7  12.6   3   4     0.072       9.1    4.7   0.0   172   190    53    70    45    82 0.76 -
TRINITY_DN9959_c0_g1_i2:589-960     -            124 527406at33208        -            237     0.008   14.7  12.6   4   4      0.07       8.8    4.8   0.6   176   190    84    98    76   124 0.78 -
TRINITY_DN5644_c0_g2_i2:376-1125    -            250 527406at33208        -            237     0.015   13.8  39.9   1   9       7.9   9.9e+02   -1.9   0.1   180   190     1    11     1    23 0.78 -
TRINITY_DN5644_c0_g2_i2:376-1125    -            250 527406at33208        -            237     0.015   13.8  39.9   2   9     0.019       2.4    6.6   0.2   176   190    25    39    18    50 0.84 -
TRINITY_DN5644_c0_g2_i2:376-1125    -            250 527406at33208        -            237     0.015   13.8  39.9   3   9       0.3        38    2.7   0.1   169   189    47    66    40    74 0.83 -
TRINITY_DN5644_c0_g2_i2:376-1125    -            250 527406at33208        -            237     0.015   13.8  39.9   4   9      0.28        35    2.8   0.6   176   190    81    95    73   104 0.83 -
TRINITY_DN5644_c0_g2_i2:376-1125    -            250 527406at33208        -            237     0.015   13.8  39.9   5   9      0.11        14    4.1   0.1   176   189   109   122    98   130 0.82 -
TRINITY_DN5644_c0_g2_i2:376-1125    -            250 527406at33208        -            237     0.015   13.8  39.9   6   9     0.097        12    4.3   0.3   176   189   137   150   127   162 0.86 -
TRINITY_DN5644_c0_g2_i2:376-1125    -            250 527406at33208        -            237     0.015   13.8  39.9   7   9    0.0046      0.58    8.6   0.3   177   193   166   182   158   189 0.83 -
TRINITY_DN5644_c0_g2_i2:376-1125    -            250 527406at33208        -            237     0.015   13.8  39.9   8   9     0.015       1.9    7.0   0.2   177   192   194   209   184   216 0.84 -
TRINITY_DN5644_c0_g2_i2:376-1125    -            250 527406at33208        -            237     0.015   13.8  39.9   9   9     0.076       9.5    4.7   0.1   169   196   215   243   208   250 0.69 -
TRINITY_DN17959_c0_g1_i3:986-1228   -             81 527406at33208        -            237     0.034   12.7   4.2   1   1   0.00027     0.034   12.7   4.2   179   220    20    61    10    76 0.85 -
TRINITY_DN17959_c0_g1_i8:986-1228   -             81 527406at33208        -            237     0.034   12.7   4.2   1   1   0.00027     0.034   12.7   4.2   179   220    20    61    10    76 0.85 -
TRINITY_DN27679_c0_g1_i2:76-309     -             78 527406at33208        -            237     0.091   11.3   1.4   1   1   0.00081       0.1   11.1   1.4   178   216    24    63    15    70 0.86 -
TRINITY_DN5644_c3_g1_i1:220-534     -            105 527406at33208        -            237      0.22   10.0   6.1   1   4       3.4   4.2e+02   -0.7   0.1   178   184    26    32     1    43 0.50 -
TRINITY_DN5644_c3_g1_i1:220-534     -            105 527406at33208        -            237      0.22   10.0   6.1   2   4       6.3     8e+02   -1.6   0.0   178   189    26    37    16    51 0.75 -
TRINITY_DN5644_c3_g1_i1:220-534     -            105 527406at33208        -            237      0.22   10.0   6.1   3   4      0.02       2.5    6.6   0.4   176   189    52    65    44    69 0.87 -
TRINITY_DN5644_c3_g1_i1:220-534     -            105 527406at33208        -            237      0.22   10.0   6.1   4   4     0.032         4    5.9   0.1   177   190    81    94    76   102 0.86 -
TRINITY_DN10890_c9_g1_i10:757-1404  -            216 527406at33208        -            237      0.22   10.0  32.1   1   6     0.049       6.2    5.3   0.7   175   197    23    45    15    50 0.83 -
TRINITY_DN10890_c9_g1_i10:757-1404  -            216 527406at33208        -            237      0.22   10.0  32.1   2   6     0.071         9    4.7   0.2   176   190    52    66    45    76 0.80 -
TRINITY_DN10890_c9_g1_i10:757-1404  -            216 527406at33208        -            237      0.22   10.0  32.1   3   6      0.13        16    3.9   2.0   176   217    80   115    68   133 0.55 -
TRINITY_DN10890_c9_g1_i10:757-1404  -            216 527406at33208        -            237      0.22   10.0  32.1   4   6     0.016         2    6.9   0.3   176   189   137   150   129   166 0.80 -
TRINITY_DN10890_c9_g1_i10:757-1404  -            216 527406at33208        -            237      0.22   10.0  32.1   5   6      0.27        34    2.9   0.2   176   189   165   178   157   186 0.87 -
TRINITY_DN10890_c9_g1_i10:757-1404  -            216 527406at33208        -            237      0.22   10.0  32.1   6   6     0.016         2    6.8   0.3   176   189   193   206   185   214 0.81 -
TRINITY_DN10890_c9_g1_i14:757-1404  -            216 527406at33208        -            237      0.22   10.0  32.1   1   6     0.049       6.2    5.3   0.7   175   197    23    45    15    50 0.83 -
TRINITY_DN10890_c9_g1_i14:757-1404  -            216 527406at33208        -            237      0.22   10.0  32.1   2   6     0.071         9    4.7   0.2   176   190    52    66    45    76 0.80 -
TRINITY_DN10890_c9_g1_i14:757-1404  -            216 527406at33208        -            237      0.22   10.0  32.1   3   6      0.13        16    3.9   2.0   176   217    80   115    68   133 0.55 -
TRINITY_DN10890_c9_g1_i14:757-1404  -            216 527406at33208        -            237      0.22   10.0  32.1   4   6     0.016         2    6.9   0.3   176   189   137   150   129   166 0.80 -
TRINITY_DN10890_c9_g1_i14:757-1404  -            216 527406at33208        -            237      0.22   10.0  32.1   5   6      0.27        34    2.9   0.2   176   189   165   178   157   186 0.87 -
TRINITY_DN10890_c9_g1_i14:757-1404  -            216 527406at33208        -            237      0.22   10.0  32.1   6   6     0.016         2    6.8   0.3   176   189   193   206   185   214 0.81 -
TRINITY_DN10890_c9_g1_i1:755-1402   -            216 527406at33208        -            237      0.22   10.0  32.1   1   6     0.049       6.2    5.3   0.7   175   197    23    45    15    50 0.83 -
TRINITY_DN10890_c9_g1_i1:755-1402   -            216 527406at33208        -            237      0.22   10.0  32.1   2   6     0.071         9    4.7   0.2   176   190    52    66    45    76 0.80 -
TRINITY_DN10890_c9_g1_i1:755-1402   -            216 527406at33208        -            237      0.22   10.0  32.1   3   6      0.13        16    3.9   2.0   176   217    80   115    68   133 0.55 -
TRINITY_DN10890_c9_g1_i1:755-1402   -            216 527406at33208        -            237      0.22   10.0  32.1   4   6     0.016         2    6.9   0.3   176   189   137   150   129   166 0.80 -
TRINITY_DN10890_c9_g1_i1:755-1402   -            216 527406at33208        -            237      0.22   10.0  32.1   5   6      0.27        34    2.9   0.2   176   189   165   178   157   186 0.87 -
TRINITY_DN10890_c9_g1_i1:755-1402   -            216 527406at33208        -            237      0.22   10.0  32.1   6   6     0.016         2    6.8   0.3   176   189   193   206   185   214 0.81 -
TRINITY_DN10890_c9_g1_i5:205-852    -            216 527406at33208        -            237      0.22   10.0  32.1   1   6     0.049       6.2    5.3   0.7   175   197    23    45    15    50 0.83 -
TRINITY_DN10890_c9_g1_i5:205-852    -            216 527406at33208        -            237      0.22   10.0  32.1   2   6     0.071         9    4.7   0.2   176   190    52    66    45    76 0.80 -
TRINITY_DN10890_c9_g1_i5:205-852    -            216 527406at33208        -            237      0.22   10.0  32.1   3   6      0.13        16    3.9   2.0   176   217    80   115    68   133 0.55 -
TRINITY_DN10890_c9_g1_i5:205-852    -            216 527406at33208        -            237      0.22   10.0  32.1   4   6     0.016         2    6.9   0.3   176   189   137   150   129   166 0.80 -
TRINITY_DN10890_c9_g1_i5:205-852    -            216 527406at33208        -            237      0.22   10.0  32.1   5   6      0.27        34    2.9   0.2   176   189   165   178   157   186 0.87 -
TRINITY_DN10890_c9_g1_i5:205-852    -            216 527406at33208        -            237      0.22   10.0  32.1   6   6     0.016         2    6.8   0.3   176   189   193   206   185   214 0.81 -
TRINITY_DN19643_c0_g1_i1:1085-1417  -            111 527406at33208        -            237      0.23   10.0   8.9   1   3      0.13        17    3.8   1.3   178   196     5    23     1    40 0.73 -
TRINITY_DN19643_c0_g1_i1:1085-1417  -            111 527406at33208        -            237      0.23   10.0   8.9   2   3    0.0065      0.81    8.1   0.2   164   189    43    71    36    76 0.74 -
TRINITY_DN19643_c0_g1_i1:1085-1417  -            111 527406at33208        -            237      0.23   10.0   8.9   3   3      0.58        74    1.7   0.1   174   189    84    99    75   110 0.82 -
TRINITY_DN19643_c0_g1_i2:1085-1417  -            111 527406at33208        -            237      0.23   10.0   8.9   1   3      0.13        17    3.8   1.3   178   196     5    23     1    40 0.73 -
TRINITY_DN19643_c0_g1_i2:1085-1417  -            111 527406at33208        -            237      0.23   10.0   8.9   2   3    0.0065      0.81    8.1   0.2   164   189    43    71    36    76 0.74 -
TRINITY_DN19643_c0_g1_i2:1085-1417  -            111 527406at33208        -            237      0.23   10.0   8.9   3   3      0.58        74    1.7   0.1   174   189    84    99    75   110 0.82 -
TRINITY_DN5644_c0_g2_i3:429-1262    -            278 527406at33208        -            237      0.23    9.9  41.3   1   9      0.87   1.1e+02    1.2   0.1   176   190    25    39    16    50 0.85 -
TRINITY_DN5644_c0_g2_i3:429-1262    -            278 527406at33208        -            237      0.23    9.9  41.3   2   9      0.21        27    3.2   4.4   176   202    53    74    44    91 0.66 -
TRINITY_DN5644_c0_g2_i3:429-1262    -            278 527406at33208        -            237      0.23    9.9  41.3   3   9      0.15        19    3.7   0.3   176   190    81    95    76   104 0.84 -
TRINITY_DN5644_c0_g2_i3:429-1262    -            278 527406at33208        -            237      0.23    9.9  41.3   4   9      0.25        31    3.0   0.2   176   190   109   123    95   131 0.84 -
TRINITY_DN5644_c0_g2_i3:429-1262    -            278 527406at33208        -            237      0.23    9.9  41.3   5   9       8.8   1.1e+03   -2.1   0.1   178   190   139   151   127   153 0.85 -
TRINITY_DN5644_c0_g2_i3:429-1262    -            278 527406at33208        -            237      0.23    9.9  41.3   6   9      0.12        16    4.0   0.3   176   189   165   178   157   186 0.86 -
TRINITY_DN5644_c0_g2_i3:429-1262    -            278 527406at33208        -            237      0.23    9.9  41.3   7   9     0.005      0.62    8.5   0.3   177   193   194   210   185   219 0.84 -
TRINITY_DN5644_c0_g2_i3:429-1262    -            278 527406at33208        -            237      0.23    9.9  41.3   8   9     0.018       2.3    6.7   0.2   177   192   222   237   212   243 0.84 -
TRINITY_DN5644_c0_g2_i3:429-1262    -            278 527406at33208        -            237      0.23    9.9  41.3   9   9     0.088        11    4.4   0.1   170   196   244   271   236   278 0.69 -
TRINITY_DN8977_c0_g1_i1:73-540      -            156 527406at33208        -            237      0.25    9.8   8.1   1   3       1.9   2.4e+02    0.0   0.1   179   201     5    27     4    39 0.82 -
TRINITY_DN8977_c0_g1_i1:73-540      -            156 527406at33208        -            237      0.25    9.8   8.1   2   3   0.00035     0.044   12.3   2.3   133   153    57    77    46    81 0.91 -
TRINITY_DN8977_c0_g1_i1:73-540      -            156 527406at33208        -            237      0.25    9.8   8.1   3   3       7.5   9.5e+02   -1.9   0.0    67   100    85   118    77   123 0.68 -
TRINITY_DN8977_c0_g1_i2:57-524      -            156 527406at33208        -            237      0.25    9.8   8.1   1   3       1.9   2.4e+02    0.0   0.1   179   201     5    27     4    39 0.82 -
TRINITY_DN8977_c0_g1_i2:57-524      -            156 527406at33208        -            237      0.25    9.8   8.1   2   3   0.00035     0.044   12.3   2.3   133   153    57    77    46    81 0.91 -
TRINITY_DN8977_c0_g1_i2:57-524      -            156 527406at33208        -            237      0.25    9.8   8.1   3   3       7.5   9.5e+02   -1.9   0.0    67   100    85   118    77   123 0.68 -
TRINITY_DN8977_c0_g1_i3:57-527      -            157 527406at33208        -            237      0.25    9.8   8.0   1   3         2   2.5e+02    0.0   0.1   179   201     5    27     4    39 0.82 -
TRINITY_DN8977_c0_g1_i3:57-527      -            157 527406at33208        -            237      0.25    9.8   8.0   2   3   0.00035     0.044   12.3   2.3   133   153    57    77    46    81 0.91 -
TRINITY_DN8977_c0_g1_i3:57-527      -            157 527406at33208        -            237      0.25    9.8   8.0   3   3         8     1e+03   -2.0   0.0    67   100    85   118    78   123 0.68 -
TRINITY_DN5644_c0_g1_i1:305-1006    -            234 527406at33208        -            237      0.42    9.1  36.8   1   6      0.39        49    2.3   3.3   193   212    15    34     4    59 0.70 -
TRINITY_DN5644_c0_g1_i1:305-1006    -            234 527406at33208        -            237      0.42    9.1  36.8   2   6      0.26        33    2.9   0.6   178   190    68    80    65    87 0.89 -
TRINITY_DN5644_c0_g1_i1:305-1006    -            234 527406at33208        -            237      0.42    9.1  36.8   3   6     0.019       2.5    6.6   0.6   176   190    94   108    82   119 0.79 -
TRINITY_DN5644_c0_g1_i1:305-1006    -            234 527406at33208        -            237      0.42    9.1  36.8   4   6     0.024         3    6.3   0.1   176   195   122   142   113   150 0.76 -
TRINITY_DN5644_c0_g1_i1:305-1006    -            234 527406at33208        -            237      0.42    9.1  36.8   5   6      0.19        24    3.4   0.2   176   190   150   164   142   166 0.85 -
TRINITY_DN5644_c0_g1_i1:305-1006    -            234 527406at33208        -            237      0.42    9.1  36.8   6   6     0.059       7.4    5.0   3.3   176   224   178   220   169   230 0.68 -
TRINITY_DN5644_c0_g1_i2:365-1066    -            234 527406at33208        -            237      0.42    9.1  36.8   1   6      0.39        49    2.3   3.3   193   212    15    34     4    59 0.70 -
TRINITY_DN5644_c0_g1_i2:365-1066    -            234 527406at33208        -            237      0.42    9.1  36.8   2   6      0.26        33    2.9   0.6   178   190    68    80    65    87 0.89 -
TRINITY_DN5644_c0_g1_i2:365-1066    -            234 527406at33208        -            237      0.42    9.1  36.8   3   6     0.019       2.5    6.6   0.6   176   190    94   108    82   119 0.79 -
TRINITY_DN5644_c0_g1_i2:365-1066    -            234 527406at33208        -            237      0.42    9.1  36.8   4   6     0.024         3    6.3   0.1   176   195   122   142   113   150 0.76 -
TRINITY_DN5644_c0_g1_i2:365-1066    -            234 527406at33208        -            237      0.42    9.1  36.8   5   6      0.19        24    3.4   0.2   176   190   150   164   142   166 0.85 -
TRINITY_DN5644_c0_g1_i2:365-1066    -            234 527406at33208        -            237      0.42    9.1  36.8   6   6     0.059       7.4    5.0   3.3   176   224   178   220   169   230 0.68 -
TRINITY_DN17959_c0_g1_i6:320-1936   -            539 527406at33208        -            237      0.89    8.0  18.9   1   2     0.027       3.3    6.1   6.6   180   218     4    43     2    50 0.79 -
TRINITY_DN17959_c0_g1_i6:320-1936   -            539 527406at33208        -            237      0.89    8.0  18.9   2   2     0.011       1.4    7.4   4.3   179   219   256   296   247   309 0.85 -
TRINITY_DN10960_c0_g1_i12:466-1011  -            182 527406at33208        -            237       1.4    7.4  11.6   1   3     0.041       5.1    5.5   1.1   168   191    64    87    56   120 0.80 -
TRINITY_DN10960_c0_g1_i12:466-1011  -            182 527406at33208        -            237       1.4    7.4  11.6   2   3         3   3.8e+02   -0.6   0.1   176   189   128   141   119   153 0.83 -
TRINITY_DN10960_c0_g1_i12:466-1011  -            182 527406at33208        -            237       1.4    7.4  11.6   3   3    0.0097       1.2    7.6   0.2   176   191   156   171   147   178 0.87 -
TRINITY_DN10960_c0_g1_i14:466-1011  -            182 527406at33208        -            237       1.4    7.4  11.6   1   3     0.041       5.1    5.5   1.1   168   191    64    87    56   120 0.80 -
TRINITY_DN10960_c0_g1_i14:466-1011  -            182 527406at33208        -            237       1.4    7.4  11.6   2   3         3   3.8e+02   -0.6   0.1   176   189   128   141   119   153 0.83 -
TRINITY_DN10960_c0_g1_i14:466-1011  -            182 527406at33208        -            237       1.4    7.4  11.6   3   3    0.0097       1.2    7.6   0.2   176   191   156   171   147   178 0.87 -
TRINITY_DN10960_c0_g1_i16:466-1011  -            182 527406at33208        -            237       1.4    7.4  11.6   1   3     0.041       5.1    5.5   1.1   168   191    64    87    56   120 0.80 -
TRINITY_DN10960_c0_g1_i16:466-1011  -            182 527406at33208        -            237       1.4    7.4  11.6   2   3         3   3.8e+02   -0.6   0.1   176   189   128   141   119   153 0.83 -
TRINITY_DN10960_c0_g1_i16:466-1011  -            182 527406at33208        -            237       1.4    7.4  11.6   3   3    0.0097       1.2    7.6   0.2   176   191   156   171   147   178 0.87 -
TRINITY_DN10960_c0_g1_i18:466-1011  -            182 527406at33208        -            237       1.4    7.4  11.6   1   3     0.041       5.1    5.5   1.1   168   191    64    87    56   120 0.80 -
TRINITY_DN10960_c0_g1_i18:466-1011  -            182 527406at33208        -            237       1.4    7.4  11.6   2   3         3   3.8e+02   -0.6   0.1   176   189   128   141   119   153 0.83 -
TRINITY_DN10960_c0_g1_i18:466-1011  -            182 527406at33208        -            237       1.4    7.4  11.6   3   3    0.0097       1.2    7.6   0.2   176   191   156   171   147   178 0.87 -
TRINITY_DN10960_c0_g1_i1:466-1011   -            182 527406at33208        -            237       1.4    7.4  11.6   1   3     0.041       5.1    5.5   1.1   168   191    64    87    56   120 0.80 -
TRINITY_DN10960_c0_g1_i1:466-1011   -            182 527406at33208        -            237       1.4    7.4  11.6   2   3         3   3.8e+02   -0.6   0.1   176   189   128   141   119   153 0.83 -
TRINITY_DN10960_c0_g1_i1:466-1011   -            182 527406at33208        -            237       1.4    7.4  11.6   3   3    0.0097       1.2    7.6   0.2   176   191   156   171   147   178 0.87 -
TRINITY_DN18509_c0_g1_i1:209-493    -             95 527406at33208        -            237       1.4    7.3   7.9   1   1     0.015       1.8    7.0   7.9   180   223    11    57     8    63 0.88 -
TRINITY_DN18509_c0_g1_i3:209-493    -             95 527406at33208        -            237       1.4    7.3   7.9   1   1     0.015       1.8    7.0   7.9   180   223    11    57     8    63 0.88 -
TRINITY_DN18509_c0_g1_i4:209-493    -             95 527406at33208        -            237       1.4    7.3   7.9   1   1     0.015       1.8    7.0   7.9   180   223    11    57     8    63 0.88 -
TRINITY_DN56_c0_g1_i1:90-1877       -            596 527406at33208        -            237       3.4    6.1  15.2   1   3   0.00022     0.028   12.9   0.9    73   157    27   114    15   119 0.74 -
TRINITY_DN56_c0_g1_i1:90-1877       -            596 527406at33208        -            237       3.4    6.1  15.2   2   3       1.2   1.5e+02    0.7   0.5   133   167   126   159   118   169 0.70 -
TRINITY_DN56_c0_g1_i1:90-1877       -            596 527406at33208        -            237       3.4    6.1  15.2   3   3       1.3   1.7e+02    0.6   1.6     6    58   171   223   166   255 0.67 -
TRINITY_DN22796_c0_g1_i1:61-849     -            263 527406at33208        -            237       4.3    5.8   6.7   1   1      0.05       6.3    5.2   6.7   180   218   223   260   211   263 0.77 -
TRINITY_DN17959_c0_g1_i2:320-1924   -            535 527406at33208        -            237       4.6    5.7  19.7   1   2      0.13        17    3.8   7.4   181   218     1    39     1    46 0.79 -
TRINITY_DN17959_c0_g1_i2:320-1924   -            535 527406at33208        -            237       4.6    5.7  19.7   2   2     0.011       1.3    7.4   4.3   179   219   252   292   243   305 0.85 -
TRINITY_DN17959_c0_g1_i9:320-1924   -            535 527406at33208        -            237       4.6    5.7  19.7   1   2      0.13        17    3.8   7.4   181   218     1    39     1    46 0.79 -
TRINITY_DN17959_c0_g1_i9:320-1924   -            535 527406at33208        -            237       4.6    5.7  19.7   2   2     0.011       1.3    7.4   4.3   179   219   252   292   243   305 0.85 -
TRINITY_DN1466_c2_g1_i1:1-645       -            215 527406at33208        -            237       5.2    5.5  17.0   1   2         4     5e+02   -1.0   3.5   195   219   111   135    89   143 0.69 -
TRINITY_DN1466_c2_g1_i1:1-645       -            215 527406at33208        -            237       5.2    5.5  17.0   2   2   0.00039     0.049   12.1   5.7   156   219   147   213   141   215 0.85 -
TRINITY_DN22796_c0_g1_i3:61-864     -            268 527406at33208        -            237       6.7    5.1   7.0   1   1     0.078       9.8    4.6   7.0   180   218   228   265   220   268 0.78 -
TRINITY_DN10880_c0_g1_i10:394-807   -            138 527406at33208        -            237       8.6    4.8  13.3   1   2       1.7   2.1e+02    0.2   6.0   178   199    44    64     5    90 0.62 -
TRINITY_DN10880_c0_g1_i10:394-807   -            138 527406at33208        -            237       8.6    4.8  13.3   2   2     0.013       1.7    7.1   0.4   167   188   117   138   106   138 0.83 -
TRINITY_DN10880_c0_g1_i2:380-793    -            138 527406at33208        -            237       8.6    4.8  13.3   1   2       1.7   2.1e+02    0.2   6.0   178   199    44    64     5    90 0.62 -
TRINITY_DN10880_c0_g1_i2:380-793    -            138 527406at33208        -            237       8.6    4.8  13.3   2   2     0.013       1.7    7.1   0.4   167   188   117   138   106   138 0.83 -
TRINITY_DN10880_c0_g1_i3:406-819    -            138 527406at33208        -            237       8.6    4.8  13.3   1   2       1.7   2.1e+02    0.2   6.0   178   199    44    64     5    90 0.62 -
TRINITY_DN10880_c0_g1_i3:406-819    -            138 527406at33208        -            237       8.6    4.8  13.3   2   2     0.013       1.7    7.1   0.4   167   188   117   138   106   138 0.83 -
TRINITY_DN10880_c0_g1_i6:394-807    -            138 527406at33208        -            237       8.6    4.8  13.3   1   2       1.7   2.1e+02    0.2   6.0   178   199    44    64     5    90 0.62 -
TRINITY_DN10880_c0_g1_i6:394-807    -            138 527406at33208        -            237       8.6    4.8  13.3   2   2     0.013       1.7    7.1   0.4   167   188   117   138   106   138 0.83 -
TRINITY_DN10880_c0_g1_i7:380-793    -            138 527406at33208        -            237       8.6    4.8  13.3   1   2       1.7   2.1e+02    0.2   6.0   178   199    44    64     5    90 0.62 -
TRINITY_DN10880_c0_g1_i7:380-793    -            138 527406at33208        -            237       8.6    4.8  13.3   2   2     0.013       1.7    7.1   0.4   167   188   117   138   106   138 0.83 -
TRINITY_DN10880_c0_g1_i9:380-793    -            138 527406at33208        -            237       8.6    4.8  13.3   1   2       1.7   2.1e+02    0.2   6.0   178   199    44    64     5    90 0.62 -
TRINITY_DN10880_c0_g1_i9:380-793    -            138 527406at33208        -            237       8.6    4.8  13.3   2   2     0.013       1.7    7.1   0.4   167   188   117   138   106   138 0.83 -
#
# Program:         hmmsearch
# Version:         3.1b2 (February 2015)
# Pipeline mode:   SEARCH
# Query file:      /busco_wd/busco_downloads/lineages/metazoa_odb10/hmms/527406at33208.hmm
# Target file:     /busco_wd/BUSCO/run_metazoa_odb10/metaeuk_output/initial_results/Trinity.fasta.modified.fas
# Option settings: hmmsearch --domtblout /busco_wd/BUSCO/run_metazoa_odb10/hmmer_output/initial_run_results/527406at33208.out --cpu 1 /busco_wd/busco_downloads/lineages/metazoa_odb10/hmms/527406at33208.hmm /busco_wd/BUSCO/run_metazoa_odb10/metaeuk_output/initial_results/Trinity.fasta.modified.fas 
# Current dir:     /busco_wd
# Date:            Tue Nov 23 09:03:56 2021
# [ok]
