#                                                                                           --- full sequence --- -------------- this domain -------------   hmm coord   ali coord   env coord
# target name                       accession   tlen query name           accession   qlen   E-value  score  bias   #  of  c-Evalue  i-Evalue  score  bias  from    to  from    to  from    to  acc description of target
#               ------------------- ---------- ----- -------------------- ---------- ----- --------- ------ ----- --- --- --------- --------- ------ ----- ----- ----- ----- ----- ----- ----- ---- ---------------------
TRINITY_DN1764_c0_g1_i2:65-2239     -            725 530431at33208        -            406  6.3e-131  435.8   6.0   1   1  3.4e-131  1.6e-129  431.2   6.0    12   393   232   688   221   698 0.83 -
TRINITY_DN1764_c0_g1_i1:65-2239     -            725 530431at33208        -            406  6.3e-131  435.8   6.0   1   1  3.4e-131  1.6e-129  431.2   6.0    12   393   232   688   221   698 0.83 -
TRINITY_DN702_c0_g1_i2:424-1632     -            403 530431at33208        -            406   1.1e-88  296.7   0.6   1   1   3.1e-90   1.5e-88  296.3   0.6    11   365    22   389    16   400 0.87 -
TRINITY_DN702_c0_g1_i3:127-1335     -            403 530431at33208        -            406   1.1e-88  296.7   0.6   1   1   3.1e-90   1.5e-88  296.3   0.6    11   365    22   389    16   400 0.87 -
TRINITY_DN702_c0_g1_i4:127-1335     -            403 530431at33208        -            406   1.1e-88  296.7   0.6   1   1   3.1e-90   1.5e-88  296.3   0.6    11   365    22   389    16   400 0.87 -
TRINITY_DN702_c0_g1_i6:439-1647     -            403 530431at33208        -            406   1.1e-88  296.7   0.6   1   1   3.1e-90   1.5e-88  296.3   0.6    11   365    22   389    16   400 0.87 -
TRINITY_DN1043_c0_g1_i1:342-1406    -            355 530431at33208        -            406   6.4e-78  261.2   0.0   1   1   1.5e-79   7.2e-78  261.1   0.0     3   329     8   350     6   355 0.86 -
TRINITY_DN1043_c0_g1_i2:342-1406    -            355 530431at33208        -            406   6.4e-78  261.2   0.0   1   1   1.5e-79   7.2e-78  261.1   0.0     3   329     8   350     6   355 0.86 -
TRINITY_DN859_c0_g1_i2:383-2098     -            572 530431at33208        -            406   1.7e-77  259.8   6.3   1   1   5.1e-79   2.4e-77  259.3   6.3     8   393    38   437    32   449 0.79 -
TRINITY_DN859_c0_g1_i5:128-1843     -            572 530431at33208        -            406   1.7e-77  259.8   6.3   1   1   5.1e-79   2.4e-77  259.3   6.3     8   393    38   437    32   449 0.79 -
TRINITY_DN859_c0_g1_i1:384-2525     -            714 530431at33208        -            406   4.7e-77  258.4   6.3   1   1   9.8e-79   4.7e-77  258.4   6.3     8   393   180   579   174   591 0.79 -
TRINITY_DN859_c0_g1_i7:80-2224      -            715 530431at33208        -            406   4.7e-77  258.4   6.3   1   1   9.8e-79   4.7e-77  258.4   6.3     8   393   181   580   175   592 0.79 -
TRINITY_DN2284_c0_g1_i12:1451-2770  -            440 530431at33208        -            406   1.1e-65  220.9   0.0   1   1     3e-67   1.5e-65  220.6   0.0     8   383    10   397     5   420 0.82 -
TRINITY_DN2284_c0_g1_i2:1460-2779   -            440 530431at33208        -            406   1.1e-65  220.9   0.0   1   1     3e-67   1.5e-65  220.6   0.0     8   383    10   397     5   420 0.82 -
TRINITY_DN2284_c0_g1_i4:1451-2770   -            440 530431at33208        -            406   1.1e-65  220.9   0.0   1   1     3e-67   1.5e-65  220.6   0.0     8   383    10   397     5   420 0.82 -
TRINITY_DN2284_c0_g1_i7:1451-2770   -            440 530431at33208        -            406   1.1e-65  220.9   0.0   1   1     3e-67   1.5e-65  220.6   0.0     8   383    10   397     5   420 0.82 -
TRINITY_DN18794_c0_g1_i1:165-2231   -            689 530431at33208        -            406   1.5e-64  217.2   0.3   1   1   4.6e-66   2.2e-64  216.7   0.3    11   330    38   373    31   383 0.88 -
TRINITY_DN18794_c0_g1_i2:373-2439   -            689 530431at33208        -            406   1.5e-64  217.2   0.3   1   1   4.6e-66   2.2e-64  216.7   0.3    11   330    38   373    31   383 0.88 -
TRINITY_DN18794_c0_g1_i3:116-2182   -            689 530431at33208        -            406   1.5e-64  217.2   0.3   1   1   4.6e-66   2.2e-64  216.7   0.3    11   330    38   373    31   383 0.88 -
TRINITY_DN18121_c0_g1_i1:57-1859    -            601 530431at33208        -            406   4.6e-63  212.3   0.0   1   1   2.1e-64   9.9e-63  211.2   0.0    11   348    21   390    11   427 0.81 -
TRINITY_DN238_c0_g1_i1:692-1933     -            414 530431at33208        -            406   3.9e-62  209.3   0.0   1   1   1.1e-63   5.1e-62  208.9   0.0    11   348    37   394    29   413 0.80 -
TRINITY_DN238_c0_g1_i3:692-1933     -            414 530431at33208        -            406   3.9e-62  209.3   0.0   1   1   1.1e-63   5.1e-62  208.9   0.0    11   348    37   394    29   413 0.80 -
TRINITY_DN605_c0_g1_i4:836-2140     -            435 530431at33208        -            406   2.3e-61  206.8   0.0   1   1   6.2e-63     3e-61  206.4   0.0     5   338    68   421    64   430 0.82 -
TRINITY_DN605_c0_g1_i5:836-2140     -            435 530431at33208        -            406   2.3e-61  206.8   0.0   1   1   6.2e-63     3e-61  206.4   0.0     5   338    68   421    64   430 0.82 -
TRINITY_DN4114_c0_g1_i1:1363-2532   -            390 530431at33208        -            406   3.1e-61  206.3   0.0   1   1   7.9e-63   3.8e-61  206.0   0.0     6   326    26   367    21   384 0.82 -
TRINITY_DN4114_c0_g1_i2:933-2102    -            390 530431at33208        -            406   3.1e-61  206.3   0.0   1   1   7.9e-63   3.8e-61  206.0   0.0     6   326    26   367    21   384 0.82 -
TRINITY_DN4114_c0_g1_i3:1365-2534   -            390 530431at33208        -            406   3.1e-61  206.3   0.0   1   1   7.9e-63   3.8e-61  206.0   0.0     6   326    26   367    21   384 0.82 -
TRINITY_DN2507_c0_g1_i1:281-1615    -            445 530431at33208        -            406   4.6e-60  202.5   0.0   1   1   1.3e-61   6.2e-60  202.0   0.0    11   329    82   421    76   438 0.83 -
TRINITY_DN2507_c0_g1_i8:281-1851    -            445 530431at33208        -            406   4.6e-60  202.5   0.0   1   1   1.3e-61   6.2e-60  202.0   0.0    11   329    82   421    76   438 0.83 -
TRINITY_DN1882_c0_g1_i2:1200-2420   -            407 530431at33208        -            406   1.2e-58  197.8   0.0   1   2   3.3e-40   1.6e-38  131.5   0.0     6   165    26   193    23   198 0.89 -
TRINITY_DN1882_c0_g1_i2:1200-2420   -            407 530431at33208        -            406   1.2e-58  197.8   0.0   2   2     8e-20   3.9e-18   64.4   0.0   166   329   221   395   212   405 0.70 -
TRINITY_DN1882_c0_g1_i3:1200-2420   -            407 530431at33208        -            406   1.2e-58  197.8   0.0   1   2   3.3e-40   1.6e-38  131.5   0.0     6   165    26   193    23   198 0.89 -
TRINITY_DN1882_c0_g1_i3:1200-2420   -            407 530431at33208        -            406   1.2e-58  197.8   0.0   2   2     8e-20   3.9e-18   64.4   0.0   166   329   221   395   212   405 0.70 -
TRINITY_DN1882_c0_g1_i4:1200-2420   -            407 530431at33208        -            406   1.2e-58  197.8   0.0   1   2   3.3e-40   1.6e-38  131.5   0.0     6   165    26   193    23   198 0.89 -
TRINITY_DN1882_c0_g1_i4:1200-2420   -            407 530431at33208        -            406   1.2e-58  197.8   0.0   2   2     8e-20   3.9e-18   64.4   0.0   166   329   221   395   212   405 0.70 -
TRINITY_DN5255_c0_g1_i10:598-1809   -            404 530431at33208        -            406   1.4e-58  197.6   0.0   1   1   3.8e-60   1.8e-58  197.2   0.0     7   327    33   378    28   398 0.80 -
TRINITY_DN5255_c0_g1_i8:598-1809    -            404 530431at33208        -            406   1.4e-58  197.6   0.0   1   1   3.8e-60   1.8e-58  197.2   0.0     7   327    33   378    28   398 0.80 -
TRINITY_DN477_c0_g1_i1:311-1471     -            387 530431at33208        -            406   1.6e-58  197.3   0.1   1   1   4.3e-60     2e-58  197.0   0.1     9   332    37   373    33   387 0.85 -
TRINITY_DN477_c0_g1_i2:312-1472     -            387 530431at33208        -            406   1.6e-58  197.3   0.1   1   1   4.3e-60     2e-58  197.0   0.1     9   332    37   373    33   387 0.85 -
TRINITY_DN5289_c0_g1_i1:151-1317    -            389 530431at33208        -            406   4.5e-58  195.9   0.0   1   1   1.8e-59   8.4e-58  195.0   0.0    10   331    24   367    17   383 0.85 -
TRINITY_DN209_c0_g1_i1:430-1578     -            383 530431at33208        -            406   1.9e-57  193.8   1.0   1   1   5.4e-59   2.6e-57  193.4   1.0    12   355    22   376    18   382 0.85 -
TRINITY_DN13308_c0_g1_i3:366-1745   -            460 530431at33208        -            406   8.6e-57  191.7   0.0   1   1   4.2e-58     2e-56  190.5   0.0     9   337    50   411    45   443 0.80 -
TRINITY_DN13308_c0_g1_i4:366-1745   -            460 530431at33208        -            406   8.6e-57  191.7   0.0   1   1   4.2e-58     2e-56  190.5   0.0     9   337    50   411    45   443 0.80 -
TRINITY_DN13308_c0_g1_i2:471-1745   -            425 530431at33208        -            406   1.3e-56  191.1   0.0   1   1   6.7e-58   3.2e-56  189.8   0.0     9   329    50   402    45   421 0.82 -
TRINITY_DN539_c0_g1_i12:385-1644    -            420 530431at33208        -            406   3.7e-56  189.6   0.0   1   1     1e-57   4.9e-56  189.2   0.0    20   327    17   350     8   381 0.81 -
TRINITY_DN539_c0_g1_i17:337-1596    -            420 530431at33208        -            406   3.7e-56  189.6   0.0   1   1     1e-57   4.9e-56  189.2   0.0    20   327    17   350     8   381 0.81 -
TRINITY_DN5382_c0_g1_i1:1827-3320   -            498 530431at33208        -            406   5.1e-56  189.1   0.0   1   1   1.9e-57   9.2e-56  188.3   0.0    10   322    61   402    54   419 0.83 -
TRINITY_DN5382_c0_g1_i3:1827-3320   -            498 530431at33208        -            406   5.1e-56  189.1   0.0   1   1   1.9e-57   9.2e-56  188.3   0.0    10   322    61   402    54   419 0.83 -
TRINITY_DN5382_c0_g1_i6:1827-3320   -            498 530431at33208        -            406   5.1e-56  189.1   0.0   1   1   1.9e-57   9.2e-56  188.3   0.0    10   322    61   402    54   419 0.83 -
TRINITY_DN5382_c0_g1_i7:1827-3320   -            498 530431at33208        -            406   5.1e-56  189.1   0.0   1   1   1.9e-57   9.2e-56  188.3   0.0    10   322    61   402    54   419 0.83 -
TRINITY_DN5382_c0_g1_i8:1827-3320   -            498 530431at33208        -            406   5.1e-56  189.1   0.0   1   1   1.9e-57   9.2e-56  188.3   0.0    10   322    61   402    54   419 0.83 -
TRINITY_DN29307_c0_g2_i1:556-1683   -            376 530431at33208        -            406   1.2e-55  188.0   2.4   1   1   2.9e-57   1.4e-55  187.7   2.4     9   349    20   373    15   376 0.85 -
TRINITY_DN1613_c0_g1_i10:1529-2944  -            472 530431at33208        -            406   1.6e-55  187.5   0.0   1   1   6.1e-57   2.9e-55  186.6   0.0     9   338    60   417    54   432 0.82 -
TRINITY_DN1613_c0_g1_i11:1530-2945  -            472 530431at33208        -            406   1.6e-55  187.5   0.0   1   1   6.1e-57   2.9e-55  186.6   0.0     9   338    60   417    54   432 0.82 -
TRINITY_DN1613_c0_g1_i14:1564-2979  -            472 530431at33208        -            406   1.6e-55  187.5   0.0   1   1   6.1e-57   2.9e-55  186.6   0.0     9   338    60   417    54   432 0.82 -
TRINITY_DN1613_c0_g1_i18:1532-2947  -            472 530431at33208        -            406   1.6e-55  187.5   0.0   1   1   6.1e-57   2.9e-55  186.6   0.0     9   338    60   417    54   432 0.82 -
TRINITY_DN1613_c0_g1_i6:1758-3173   -            472 530431at33208        -            406   1.6e-55  187.5   0.0   1   1   6.1e-57   2.9e-55  186.6   0.0     9   338    60   417    54   432 0.82 -
TRINITY_DN2531_c0_g1_i9:379-1509    -            377 530431at33208        -            406   6.2e-55  185.6   1.0   1   1   1.6e-56   7.8e-55  185.2   1.0    11   328    22   355    14   372 0.85 -
TRINITY_DN2896_c0_g1_i1:404-1849    -            482 530431at33208        -            406   5.3e-54  182.5   0.2   1   2   1.6e-30   7.6e-29   99.6   0.0    11   215     1   211     1   232 0.77 -
TRINITY_DN2896_c0_g1_i1:404-1849    -            482 530431at33208        -            406   5.3e-54  182.5   0.2   2   2   7.3e-25   3.5e-23   81.0   0.0   253   399   294   446   290   453 0.82 -
TRINITY_DN2896_c0_g1_i2:404-1849    -            482 530431at33208        -            406   5.3e-54  182.5   0.2   1   2   1.6e-30   7.6e-29   99.6   0.0    11   215     1   211     1   232 0.77 -
TRINITY_DN2896_c0_g1_i2:404-1849    -            482 530431at33208        -            406   5.3e-54  182.5   0.2   2   2   7.3e-25   3.5e-23   81.0   0.0   253   399   294   446   290   453 0.82 -
TRINITY_DN2896_c0_g1_i3:404-1849    -            482 530431at33208        -            406   5.9e-54  182.3   0.1   1   2   1.6e-30   7.6e-29   99.6   0.0    11   215     1   211     1   232 0.77 -
TRINITY_DN2896_c0_g1_i3:404-1849    -            482 530431at33208        -            406   5.9e-54  182.3   0.1   2   2   8.2e-25   3.9e-23   80.8   0.0   253   399   294   446   290   453 0.82 -
TRINITY_DN3227_c0_g1_i1:2451-3626   -            392 530431at33208        -            406   4.7e-53  179.4   0.0   1   1   1.3e-54   6.3e-53  179.0   0.0    10   327    24   363    17   379 0.84 -
TRINITY_DN3227_c0_g1_i5:2451-3626   -            392 530431at33208        -            406   4.7e-53  179.4   0.0   1   1   1.3e-54   6.3e-53  179.0   0.0    10   327    24   363    17   379 0.84 -
TRINITY_DN116521_c0_g1_i1:1-1038    -            346 530431at33208        -            406   4.8e-52  176.0   1.2   1   1   1.4e-53   6.6e-52  175.6   1.2    12   327     6   338     2   343 0.83 -
TRINITY_DN16134_c0_g1_i4:602-1866   -            398 530431at33208        -            406   2.7e-47  160.4   0.2   1   1   9.7e-49   4.6e-47  159.6   0.2    12   328    36   380    30   395 0.77 -
TRINITY_DN16134_c0_g1_i9:332-1759   -            476 530431at33208        -            406   4.3e-47  159.7   0.2   1   1   1.6e-48   7.6e-47  158.9   0.2    12   327   126   469   120   473 0.76 -
TRINITY_DN1618_c0_g2_i1:471-1652    -            394 530431at33208        -            406   1.4e-46  158.0   0.3   1   2   8.3e-36     4e-34  117.0   0.4     9   280    18   309    12   313 0.82 -
TRINITY_DN1618_c0_g2_i1:471-1652    -            394 530431at33208        -            406   1.4e-46  158.0   0.3   2   2   4.5e-12   2.2e-10   38.9   0.0   280   332   339   392   335   394 0.90 -
TRINITY_DN26382_c0_g1_i12:594-2270  -            559 530431at33208        -            406   2.6e-45  153.8   0.2   1   1   7.8e-47   3.8e-45  153.3   0.2    12   351   174   533   165   550 0.76 -
TRINITY_DN26382_c0_g1_i5:594-2270   -            559 530431at33208        -            406   2.6e-45  153.8   0.2   1   1   7.8e-47   3.8e-45  153.3   0.2    12   351   174   533   165   550 0.76 -
TRINITY_DN12998_c0_g1_i7:1997-3187  -            397 530431at33208        -            406   5.3e-42  143.0   0.0   1   1   2.1e-43     1e-41  142.0   0.0    11   327    31   367    24   388 0.79 -
TRINITY_DN12998_c0_g1_i2:2003-3127  -            375 530431at33208        -            406   5.5e-42  142.9   0.0   1   1   2.2e-43   1.1e-41  142.0   0.0    11   327    14   350     7   366 0.80 -
TRINITY_DN5165_c0_g1_i1:119-2296    -            726 530431at33208        -            406   1.3e-41  141.7   0.1   1   3   5.8e-10   2.8e-08   31.9   0.0     9    55    19    64    13    73 0.88 -
TRINITY_DN5165_c0_g1_i1:119-2296    -            726 530431at33208        -            406   1.3e-41  141.7   0.1   2   3   5.5e-16   2.7e-14   51.7   0.0    64   188   283   416   275   446 0.78 -
TRINITY_DN5165_c0_g1_i1:119-2296    -            726 530431at33208        -            406   1.3e-41  141.7   0.1   3   3   8.8e-17   4.2e-15   54.4   0.0   254   327   536   616   475   634 0.86 -
TRINITY_DN2507_c0_g1_i10:281-1405   -            375 530431at33208        -            406   3.4e-41  140.3   0.0   1   1     9e-43   4.3e-41  140.0   0.0    11   283    82   375    76   375 0.82 -
TRINITY_DN1753_c0_g1_i12:431-1609   -            393 530431at33208        -            406   7.6e-40  135.9   0.1   1   1   2.1e-41     1e-39  135.4   0.1    10   327    17   358    12   386 0.78 -
TRINITY_DN1753_c0_g1_i16:431-1609   -            393 530431at33208        -            406   7.6e-40  135.9   0.1   1   1   2.1e-41     1e-39  135.4   0.1    10   327    17   358    12   386 0.78 -
TRINITY_DN1753_c0_g1_i2:431-1609    -            393 530431at33208        -            406   7.6e-40  135.9   0.1   1   1   2.1e-41     1e-39  135.4   0.1    10   327    17   358    12   386 0.78 -
TRINITY_DN1753_c0_g1_i4:431-1609    -            393 530431at33208        -            406   7.6e-40  135.9   0.1   1   1   2.1e-41     1e-39  135.4   0.1    10   327    17   358    12   386 0.78 -
TRINITY_DN1753_c0_g1_i8:431-1609    -            393 530431at33208        -            406   7.6e-40  135.9   0.1   1   1   2.1e-41     1e-39  135.4   0.1    10   327    17   358    12   386 0.78 -
TRINITY_DN1753_c0_g1_i9:431-1609    -            393 530431at33208        -            406   7.6e-40  135.9   0.1   1   1   2.1e-41     1e-39  135.4   0.1    10   327    17   358    12   386 0.78 -
TRINITY_DN2531_c0_g1_i2:1-879       -            293 530431at33208        -            406   1.2e-39  135.2   1.3   1   1     3e-41   1.4e-39  134.9   1.3    73   327     1   272     1   289 0.83 -
TRINITY_DN4063_c0_g1_i3:450-1997    -            516 530431at33208        -            406   4.8e-39  133.2   0.7   1   3   1.5e-25     7e-24   83.3   0.0    29   160   153   294   140   299 0.81 -
TRINITY_DN4063_c0_g1_i3:450-1997    -            516 530431at33208        -            406   4.8e-39  133.2   0.7   2   3      0.67        32    2.1   0.0   166   185   327   346   316   352 0.85 -
TRINITY_DN4063_c0_g1_i3:450-1997    -            516 530431at33208        -            406   4.8e-39  133.2   0.7   3   3   8.4e-14     4e-12   44.6   0.1   222   317   411   516   394   516 0.77 -
TRINITY_DN4063_c0_g1_i7:450-2024    -            525 530431at33208        -            406   5.3e-39  133.1   0.7   1   3   1.5e-25   7.2e-24   83.3   0.0    29   160   162   303   148   308 0.81 -
TRINITY_DN4063_c0_g1_i7:450-2024    -            525 530431at33208        -            406   5.3e-39  133.1   0.7   2   3      0.68        33    2.0   0.0   166   185   336   355   325   361 0.85 -
TRINITY_DN4063_c0_g1_i7:450-2024    -            525 530431at33208        -            406   5.3e-39  133.1   0.7   3   3   8.6e-14   4.1e-12   44.5   0.1   222   317   420   525   403   525 0.77 -
TRINITY_DN4063_c0_g1_i4:450-2396    -            649 530431at33208        -            406   1.1e-38  132.1   0.6   1   3   2.2e-25   1.1e-23   82.7   0.0    29   160   286   427   273   432 0.81 -
TRINITY_DN4063_c0_g1_i4:450-2396    -            649 530431at33208        -            406   1.1e-38  132.1   0.6   2   3       0.9        43    1.6   0.0   166   185   460   479   449   484 0.85 -
TRINITY_DN4063_c0_g1_i4:450-2396    -            649 530431at33208        -            406   1.1e-38  132.1   0.6   3   3   1.2e-13   5.8e-12   44.0   0.1   222   317   544   649   527   649 0.77 -
TRINITY_DN4063_c0_g1_i5:450-2396    -            649 530431at33208        -            406   1.1e-38  132.0   0.6   1   3   2.2e-25   1.1e-23   82.7   0.0    29   160   286   427   273   432 0.81 -
TRINITY_DN4063_c0_g1_i5:450-2396    -            649 530431at33208        -            406   1.1e-38  132.0   0.6   2   3       0.9        43    1.6   0.0   166   185   460   479   449   484 0.85 -
TRINITY_DN4063_c0_g1_i5:450-2396    -            649 530431at33208        -            406   1.1e-38  132.0   0.6   3   3   1.2e-13   5.8e-12   44.0   0.1   222   317   544   649   527   649 0.77 -
TRINITY_DN121457_c0_g1_i1:278-838   -            187 530431at33208        -            406   8.2e-38  129.2   0.0   1   1     2e-39   9.5e-38  129.0   0.0    12   175    20   187    11   187 0.91 -
TRINITY_DN166536_c0_g1_i1:4-966     -            321 530431at33208        -            406   2.7e-37  127.5   0.0   1   1   6.4e-39   3.1e-37  127.3   0.0     7   246    55   302    51   321 0.78 -
TRINITY_DN8372_c0_g2_i16:163-1482   -            440 530431at33208        -            406   1.5e-36  125.0   0.0   1   2   4.8e-21   2.3e-19   68.4   0.0    13   163    61   218    50   222 0.86 -
TRINITY_DN8372_c0_g2_i16:163-1482   -            440 530431at33208        -            406   1.5e-36  125.0   0.0   2   2   7.6e-17   3.6e-15   54.6   0.0   230   320   303   403   280   435 0.83 -
TRINITY_DN8372_c0_g2_i1:163-1482    -            440 530431at33208        -            406   1.5e-36  125.0   0.0   1   2   4.8e-21   2.3e-19   68.4   0.0    13   163    61   218    50   222 0.86 -
TRINITY_DN8372_c0_g2_i1:163-1482    -            440 530431at33208        -            406   1.5e-36  125.0   0.0   2   2   7.6e-17   3.6e-15   54.6   0.0   230   320   303   403   280   435 0.83 -
TRINITY_DN11359_c0_g1_i3:29-946     -            306 530431at33208        -            406   7.4e-36  122.7   0.0   1   1     2e-37   9.4e-36  122.4   0.0    90   327    25   278    16   301 0.78 -
TRINITY_DN11359_c0_g1_i6:29-946     -            306 530431at33208        -            406   7.4e-36  122.7   0.0   1   1     2e-37   9.4e-36  122.4   0.0    90   327    25   278    16   301 0.78 -
TRINITY_DN11359_c0_g1_i9:418-1335   -            306 530431at33208        -            406   7.4e-36  122.7   0.0   1   1     2e-37   9.4e-36  122.4   0.0    90   327    25   278    16   301 0.78 -
TRINITY_DN2531_c0_g1_i11:409-960    -            184 530431at33208        -            406   3.2e-35  120.7   0.1   1   1     8e-37   3.8e-35  120.4   0.1    11   176    12   181     4   183 0.93 -
TRINITY_DN16134_c0_g1_i2:602-1795   -            365 530431at33208        -            406   5.6e-35  119.8   1.0   1   2   2.2e-13   1.1e-11   43.2   0.1    12    80    36   113    30   115 0.79 -
TRINITY_DN16134_c0_g1_i2:602-1795   -            365 530431at33208        -            406   5.6e-35  119.8   1.0   2   2   3.4e-23   1.7e-21   75.5   0.1   114   328   115   347   113   362 0.73 -
TRINITY_DN2284_c0_g1_i1:222-1139    -            306 530431at33208        -            406   2.2e-32  111.3   0.1   1   1   5.5e-34   2.7e-32  111.0   0.1   141   384     1   253     1   275 0.78 -
TRINITY_DN5065_c0_g1_i1:568-1701    -            378 530431at33208        -            406   3.7e-28   97.4   0.1   1   2   2.5e-22   1.2e-20   72.6   0.0    11   149    12   148     3   151 0.81 -
TRINITY_DN5065_c0_g1_i1:568-1701    -            378 530431at33208        -            406   3.7e-28   97.4   0.1   2   2   3.3e-07   1.6e-05   22.8   0.0   269   326   310   367   249   378 0.76 -
TRINITY_DN7119_c0_g1_i4:377-1636    -            420 530431at33208        -            406   1.5e-27   95.4   4.8   1   2   1.3e-15   6.3e-14   50.5   1.4     8   165    15   170    12   176 0.77 -
TRINITY_DN7119_c0_g1_i4:377-1636    -            420 530431at33208        -            406   1.5e-27   95.4   4.8   2   2   4.1e-14     2e-12   45.6   0.1   270   336   341   404   318   416 0.85 -
TRINITY_DN7119_c0_g1_i12:377-1636   -            420 530431at33208        -            406   1.6e-27   95.3   4.5   1   2   1.5e-15   7.4e-14   50.3   1.2     8   165    15   170    12   176 0.77 -
TRINITY_DN7119_c0_g1_i12:377-1636   -            420 530431at33208        -            406   1.6e-27   95.3   4.5   2   2   4.1e-14     2e-12   45.6   0.1   270   336   341   404   318   416 0.85 -
TRINITY_DN8372_c0_g2_i5:163-1389    -            409 530431at33208        -            406   4.3e-27   93.9   0.3   1   3   4.1e-21     2e-19   68.6   0.0    13   163    61   218    50   222 0.86 -
TRINITY_DN8372_c0_g2_i5:163-1389    -            409 530431at33208        -            406   4.3e-27   93.9   0.3   2   3       3.8   1.8e+02   -0.4   0.0   230   253   303   326   292   337 0.77 -
TRINITY_DN8372_c0_g2_i5:163-1389    -            409 530431at33208        -            406   4.3e-27   93.9   0.3   3   3   5.4e-07   2.6e-05   22.1   0.1   286   320   338   372   313   402 0.79 -
TRINITY_DN10820_c0_g1_i1:74-454     -            127 530431at33208        -            406   5.1e-22   77.2   0.0   1   1   1.2e-23   5.5e-22   77.0   0.0     5   117    11   127     7   127 0.90 -
TRINITY_DN2284_c0_g1_i10:1457-1942  -            162 530431at33208        -            406     1e-20   72.9   0.0   1   1   2.4e-22   1.2e-20   72.7   0.0   271   386    15   122     6   143 0.79 -
TRINITY_DN8372_c0_g2_i17:163-1176   -            338 530431at33208        -            406   2.3e-20   71.7   0.0   1   2   2.6e-21   1.3e-19   69.3   0.0    13   163    61   218    50   222 0.86 -
TRINITY_DN8372_c0_g2_i17:163-1176   -            338 530431at33208        -            406   2.3e-20   71.7   0.0   2   2       2.9   1.4e+02   -0.0   0.0   230   252   303   325   283   336 0.79 -
TRINITY_DN8372_c0_g2_i14:163-1176   -            338 530431at33208        -            406   2.9e-20   71.4   0.0   1   2   3.4e-21   1.6e-19   68.9   0.0    13   163    61   218    50   222 0.86 -
TRINITY_DN8372_c0_g2_i14:163-1176   -            338 530431at33208        -            406   2.9e-20   71.4   0.0   2   2       2.9   1.4e+02   -0.0   0.0   230   252   303   325   283   336 0.79 -
TRINITY_DN539_c0_g1_i11:802-1290    -            163 530431at33208        -            406   3.6e-20   71.1   0.0   1   1   7.5e-22   3.6e-20   71.1   0.0   245   327    15   104     1   143 0.84 -
TRINITY_DN539_c0_g1_i14:2544-3032   -            163 530431at33208        -            406   3.6e-20   71.1   0.0   1   1   7.5e-22   3.6e-20   71.1   0.0   245   327    15   104     1   143 0.84 -
TRINITY_DN539_c0_g1_i3:805-1293     -            163 530431at33208        -            406   3.6e-20   71.1   0.0   1   1   7.5e-22   3.6e-20   71.1   0.0   245   327    15   104     1   143 0.84 -
TRINITY_DN539_c0_g1_i9:185-673      -            163 530431at33208        -            406   3.6e-20   71.1   0.0   1   1   7.5e-22   3.6e-20   71.1   0.0   245   327    15   104     1   143 0.84 -
TRINITY_DN26382_c0_g1_i10:575-1390  -            272 530431at33208        -            406   2.1e-19   68.6   0.0   1   1   5.3e-21   2.5e-19   68.3   0.0   136   352     3   240     1   260 0.70 -
TRINITY_DN26382_c0_g1_i13:257-1072  -            272 530431at33208        -            406   2.1e-19   68.6   0.0   1   1   5.3e-21   2.5e-19   68.3   0.0   136   352     3   240     1   260 0.70 -
TRINITY_DN26382_c0_g1_i1:578-1393   -            272 530431at33208        -            406   2.1e-19   68.6   0.0   1   1   5.3e-21   2.5e-19   68.3   0.0   136   352     3   240     1   260 0.70 -
TRINITY_DN8372_c0_g2_i6:163-1194    -            344 530431at33208        -            406     2e-18   65.3   0.1   1   2   2.2e-19   1.1e-17   62.9   0.0    17   163    71   224    51   228 0.82 -
TRINITY_DN8372_c0_g2_i6:163-1194    -            344 530431at33208        -            406     2e-18   65.3   0.1   2   2         3   1.4e+02   -0.1   0.0   230   252   309   331   289   342 0.79 -
TRINITY_DN16134_c0_g1_i6:12-356     -            115 530431at33208        -            406   1.4e-16   59.3   0.1   1   1   3.2e-18   1.5e-16   59.1   0.1    87   183     3   103     1   111 0.86 -
TRINITY_DN2531_c0_g1_i6:354-782     -            143 530431at33208        -            406   2.7e-16   58.3   0.1   1   1   6.1e-18   2.9e-16   58.2   0.1   205   324     8   141     2   143 0.77 -
TRINITY_DN5382_c0_g1_i5:0-539       -            180 530431at33208        -            406   2.3e-15   55.2   0.0   1   1   5.5e-17   2.6e-15   55.0   0.0   272   323    34    85    10   105 0.90 -
TRINITY_DN2531_c0_g1_i5:875-1291    -            139 530431at33208        -            406   2.4e-15   55.2   0.0   1   1   5.4e-17   2.6e-15   55.1   0.0   233   328     2   107     1   129 0.82 -
TRINITY_DN7119_c0_g1_i3:377-1048    -            224 530431at33208        -            406   6.5e-15   53.8   1.4   1   1   2.5e-16   1.2e-14   52.9   1.4     8   165    15   170    12   176 0.77 -
TRINITY_DN7119_c0_g1_i17:606-1646   -            347 530431at33208        -            406   1.8e-13   49.0   6.0   1   2     0.024       1.2    6.8   2.3    47   165     1   118     1   124 0.72 -
TRINITY_DN7119_c0_g1_i17:606-1646   -            347 530431at33208        -            406   1.8e-13   49.0   6.0   2   2     2e-13   9.4e-12   43.3   0.1   270   326   289   345   266   347 0.90 -
TRINITY_DN397_c0_g1_i10:2383-4020   -            546 530431at33208        -            406   4.3e-13   47.8   0.1   1   1     2e-14   9.8e-13   46.6   0.0    24   341    27   360    11   399 0.73 -
TRINITY_DN397_c0_g1_i13:923-2560    -            546 530431at33208        -            406   4.3e-13   47.8   0.1   1   1     2e-14   9.8e-13   46.6   0.0    24   341    27   360    11   399 0.73 -
TRINITY_DN397_c0_g1_i1:2383-4020    -            546 530431at33208        -            406   4.3e-13   47.8   0.1   1   1     2e-14   9.8e-13   46.6   0.0    24   341    27   360    11   399 0.73 -
TRINITY_DN397_c0_g1_i8:1611-3248    -            546 530431at33208        -            406   4.3e-13   47.8   0.1   1   1     2e-14   9.8e-13   46.6   0.0    24   341    27   360    11   399 0.73 -
TRINITY_DN397_c0_g1_i9:2383-4020    -            546 530431at33208        -            406   4.3e-13   47.8   0.1   1   1     2e-14   9.8e-13   46.6   0.0    24   341    27   360    11   399 0.73 -
TRINITY_DN46185_c0_g2_i1:8-352      -            115 530431at33208        -            406   5.3e-13   47.5   0.0   1   1   1.1e-14   5.5e-13   47.4   0.0    15    87    24   102    12   115 0.77 -
TRINITY_DN3425_c0_g1_i1:74-1336     -            421 530431at33208        -            406   2.8e-11   41.8   0.0   1   2   1.2e-06   5.6e-05   21.0   0.0    19   153    14   148     7   202 0.75 -
TRINITY_DN3425_c0_g1_i1:74-1336     -            421 530431at33208        -            406   2.8e-11   41.8   0.0   2   2   5.9e-06   0.00028   18.7   0.0   278   329   300   351   291   390 0.81 -
TRINITY_DN7797_c0_g1_i16:1709-3757  -            683 530431at33208        -            406   5.1e-11   40.9   0.0   1   3     0.012      0.58    7.8   0.0     9    71     2    61     1    71 0.80 -
TRINITY_DN7797_c0_g1_i16:1709-3757  -            683 530431at33208        -            406   5.1e-11   40.9   0.0   2   3       6.9   3.3e+02   -1.3   0.0   139   246   133   245   126   258 0.69 -
TRINITY_DN7797_c0_g1_i16:1709-3757  -            683 530431at33208        -            406   5.1e-11   40.9   0.0   3   3   2.5e-09   1.2e-07   29.8   0.0   261   333   317   389   307   461 0.82 -
TRINITY_DN20496_c0_g1_i3:841-2367   -            509 530431at33208        -            406   6.8e-11   40.5   0.0   1   1   4.1e-12     2e-10   39.0   0.0     9   350    35   395    28   426 0.75 -
TRINITY_DN7797_c0_g1_i11:1697-4030  -            778 530431at33208        -            406   7.4e-11   40.4   0.0   1   3     0.014      0.68    7.6   0.0     9    71     2    61     1    72 0.80 -
TRINITY_DN7797_c0_g1_i11:1697-4030  -            778 530431at33208        -            406   7.4e-11   40.4   0.0   2   3         8   3.9e+02   -1.5   0.0   139   246   133   245   122   258 0.70 -
TRINITY_DN7797_c0_g1_i11:1697-4030  -            778 530431at33208        -            406   7.4e-11   40.4   0.0   3   3     3e-09   1.5e-07   29.6   0.0   261   333   317   389   307   461 0.82 -
TRINITY_DN7797_c0_g1_i14:1697-4363  -            889 530431at33208        -            406   1.2e-10   39.7   0.0   1   2     0.017      0.81    7.3   0.0     9    71     2    61     1    71 0.80 -
TRINITY_DN7797_c0_g1_i14:1697-4363  -            889 530431at33208        -            406   1.2e-10   39.7   0.0   2   2   3.6e-09   1.8e-07   29.3   0.0   261   333   317   389   307   461 0.82 -
TRINITY_DN45110_c0_g1_i2:259-1884   -            542 530431at33208        -            406   8.5e-10   36.9   0.0   1   2   1.3e-05   0.00063   17.6   0.0    26    75    13    63     4    81 0.83 -
TRINITY_DN45110_c0_g1_i2:259-1884   -            542 530431at33208        -            406   8.5e-10   36.9   0.0   2   2   2.5e-05    0.0012   16.7   0.0   271   328   299   356   293   369 0.90 -
TRINITY_DN45110_c0_g1_i4:259-1884   -            542 530431at33208        -            406   8.5e-10   36.9   0.0   1   2   1.3e-05   0.00063   17.6   0.0    26    75    13    63     4    81 0.83 -
TRINITY_DN45110_c0_g1_i4:259-1884   -            542 530431at33208        -            406   8.5e-10   36.9   0.0   2   2   2.5e-05    0.0012   16.7   0.0   271   328   299   356   293   369 0.90 -
TRINITY_DN3551_c0_g1_i11:1618-2676  -            353 530431at33208        -            406   9.6e-10   36.7   0.0   1   2   1.9e-09     9e-08   30.2   0.0     8   161    16   179    12   232 0.81 -
TRINITY_DN3551_c0_g1_i11:1618-2676  -            353 530431at33208        -            406   9.6e-10   36.7   0.0   2   2      0.18       8.6    4.0   0.0   271   300   317   346   312   352 0.87 -
TRINITY_DN3551_c0_g1_i15:1657-2715  -            353 530431at33208        -            406   9.6e-10   36.7   0.0   1   2   1.9e-09     9e-08   30.2   0.0     8   161    16   179    12   232 0.81 -
TRINITY_DN3551_c0_g1_i15:1657-2715  -            353 530431at33208        -            406   9.6e-10   36.7   0.0   2   2      0.18       8.6    4.0   0.0   271   300   317   346   312   352 0.87 -
TRINITY_DN3551_c0_g1_i16:1657-2715  -            353 530431at33208        -            406   9.6e-10   36.7   0.0   1   2   1.9e-09     9e-08   30.2   0.0     8   161    16   179    12   232 0.81 -
TRINITY_DN3551_c0_g1_i16:1657-2715  -            353 530431at33208        -            406   9.6e-10   36.7   0.0   2   2      0.18       8.6    4.0   0.0   271   300   317   346   312   352 0.87 -
TRINITY_DN3551_c0_g1_i2:1618-2676   -            353 530431at33208        -            406   9.6e-10   36.7   0.0   1   2   1.9e-09     9e-08   30.2   0.0     8   161    16   179    12   232 0.81 -
TRINITY_DN3551_c0_g1_i2:1618-2676   -            353 530431at33208        -            406   9.6e-10   36.7   0.0   2   2      0.18       8.6    4.0   0.0   271   300   317   346   312   352 0.87 -
TRINITY_DN3551_c0_g1_i3:1657-2715   -            353 530431at33208        -            406   9.6e-10   36.7   0.0   1   2   1.9e-09     9e-08   30.2   0.0     8   161    16   179    12   232 0.81 -
TRINITY_DN3551_c0_g1_i3:1657-2715   -            353 530431at33208        -            406   9.6e-10   36.7   0.0   2   2      0.18       8.6    4.0   0.0   271   300   317   346   312   352 0.87 -
TRINITY_DN3551_c0_g1_i6:1618-2676   -            353 530431at33208        -            406   9.6e-10   36.7   0.0   1   2   1.9e-09     9e-08   30.2   0.0     8   161    16   179    12   232 0.81 -
TRINITY_DN3551_c0_g1_i6:1618-2676   -            353 530431at33208        -            406   9.6e-10   36.7   0.0   2   2      0.18       8.6    4.0   0.0   271   300   317   346   312   352 0.87 -
TRINITY_DN3551_c0_g1_i7:1618-2676   -            353 530431at33208        -            406   9.6e-10   36.7   0.0   1   2   1.9e-09     9e-08   30.2   0.0     8   161    16   179    12   232 0.81 -
TRINITY_DN3551_c0_g1_i7:1618-2676   -            353 530431at33208        -            406   9.6e-10   36.7   0.0   2   2      0.18       8.6    4.0   0.0   271   300   317   346   312   352 0.87 -
TRINITY_DN23382_c0_g2_i3:2-976      -            325 530431at33208        -            406   2.2e-09   35.5   0.0   1   2   2.6e-10   1.3e-08   33.0   0.0   271   337   126   192   116   221 0.83 -
TRINITY_DN23382_c0_g2_i3:2-976      -            325 530431at33208        -            406   2.2e-09   35.5   0.0   2   2       3.2   1.6e+02   -0.2   0.0   356   397   242   283   239   289 0.85 -
TRINITY_DN23382_c0_g2_i1:123-542    -            140 530431at33208        -            406   3.7e-09   34.8   0.0   1   1   9.3e-11   4.5e-09   34.5   0.0   271   329    62   120    47   134 0.90 -
TRINITY_DN23382_c0_g2_i2:695-1681   -            329 530431at33208        -            406   5.5e-09   34.2   0.0   1   1   3.1e-10   1.5e-08   32.8   0.0   271   332   126   187   116   227 0.81 -
TRINITY_DN7285_c0_g1_i1:622-1815    -            398 530431at33208        -            406   7.9e-09   33.7   0.0   1   2      0.12       5.8    4.5   0.0   105   183    93   182     5   197 0.58 -
TRINITY_DN7285_c0_g1_i1:622-1815    -            398 530431at33208        -            406   7.9e-09   33.7   0.0   2   2   2.7e-08   1.3e-06   26.4   0.0   271   343   285   357   267   372 0.87 -
TRINITY_DN7285_c0_g1_i2:562-1821    -            420 530431at33208        -            406   8.7e-09   33.6   0.0   1   2      0.12         6    4.5   0.0   105   182   115   203    22   219 0.57 -
TRINITY_DN7285_c0_g1_i2:562-1821    -            420 530431at33208        -            406   8.7e-09   33.6   0.0   2   2   2.9e-08   1.4e-06   26.3   0.0   271   343   307   379   289   394 0.87 -
TRINITY_DN26856_c0_g1_i2:508-930    -            141 530431at33208        -            406     1e-07   30.1   0.0   1   1   2.7e-09   1.3e-07   29.7   0.0   267   323    59   115    32   135 0.82 -
TRINITY_DN26856_c0_g1_i1:0-947      -            316 530431at33208        -            406   1.4e-07   29.7   0.0   1   1   4.2e-09     2e-07   29.1   0.0   269   335    64   130    37   211 0.66 -
TRINITY_DN28028_c1_g2_i2:171-1706   -            488 530431at33208        -            406   1.3e-06   26.5   0.1   1   3     0.043       2.1    6.0   0.0    26    58     6    38     1    62 0.84 -
TRINITY_DN28028_c1_g2_i2:171-1706   -            488 530431at33208        -            406   1.3e-06   26.5   0.1   2   3       1.4        67    1.0   0.0   219   261   205   246   186   253 0.83 -
TRINITY_DN28028_c1_g2_i2:171-1706   -            488 530431at33208        -            406   1.3e-06   26.5   0.1   3   3   5.5e-05    0.0027   15.5   0.0   267   322   273   328   260   348 0.93 -
TRINITY_DN46482_c0_g1_i1:19-696     -            226 530431at33208        -            406   1.4e-06   26.3   0.0   1   1   6.2e-08     3e-06   25.2   0.0   271   329     5    63     4    92 0.91 -
TRINITY_DN46482_c0_g1_i2:19-696     -            226 530431at33208        -            406   1.4e-06   26.3   0.0   1   1   6.2e-08     3e-06   25.2   0.0   271   329     5    63     4    92 0.91 -
TRINITY_DN21671_c0_g1_i2:430-2082   -            551 530431at33208        -            406   2.4e-06   25.5   0.0   1   2      0.13       6.5    4.4   0.0    24    58    33    67    17    99 0.77 -
TRINITY_DN21671_c0_g1_i2:430-2082   -            551 530431at33208        -            406   2.4e-06   25.5   0.0   2   2   5.4e-06   0.00026   18.8   0.0   271   335   332   397   253   405 0.89 -
TRINITY_DN26534_c0_g1_i2:1091-2173  -            361 530431at33208        -            406   2.6e-06   25.4   0.1   1   1   1.8e-07   8.6e-06   23.7   0.0   271   320   305   354   299   360 0.93 -
TRINITY_DN93351_c0_g1_i1:134-853    -            240 530431at33208        -            406   2.7e-06   25.4   0.0   1   1   7.1e-08   3.4e-06   25.0   0.0   271   321    33    83    29   147 0.85 -
TRINITY_DN26534_c0_g1_i1:700-1782   -            361 530431at33208        -            406   2.7e-06   25.4   0.1   1   1   1.8e-07   8.6e-06   23.7   0.0   271   320   305   354   299   360 0.93 -
TRINITY_DN21649_c3_g1_i1:753-1340   -            196 530431at33208        -            406   3.9e-06   24.8   0.0   1   2       4.9   2.3e+02   -0.8   0.0   185   239    41   102    12   122 0.56 -
TRINITY_DN21649_c3_g1_i1:753-1340   -            196 530431at33208        -            406   3.9e-06   24.8   0.0   2   2   2.4e-07   1.2e-05   23.3   0.0   259   312   141   195   126   196 0.83 -
TRINITY_DN21649_c3_g1_i3:729-1316   -            196 530431at33208        -            406   3.9e-06   24.8   0.0   1   2       4.9   2.3e+02   -0.8   0.0   185   239    41   102    12   122 0.56 -
TRINITY_DN21649_c3_g1_i3:729-1316   -            196 530431at33208        -            406   3.9e-06   24.8   0.0   2   2   2.4e-07   1.2e-05   23.3   0.0   259   312   141   195   126   196 0.83 -
TRINITY_DN3983_c0_g1_i6:161-733     -            191 530431at33208        -            406   1.1e-05   23.4   0.0   1   1   3.4e-07   1.6e-05   22.8   0.0   271   312   149   190   130   191 0.92 -
TRINITY_DN4499_c0_g1_i11:4426-5574  -            383 530431at33208        -            406   1.1e-05   23.3   0.6   1   2   2.4e-07   1.1e-05   23.3   0.6    12   146     1   142     1   170 0.81 -
TRINITY_DN4499_c0_g1_i11:4426-5574  -            383 530431at33208        -            406   1.1e-05   23.3   0.6   2   2       4.9   2.3e+02   -0.8   0.1   322   392   225   292   217   305 0.57 -
TRINITY_DN4499_c0_g1_i12:4426-5574  -            383 530431at33208        -            406   1.1e-05   23.3   0.6   1   2   2.4e-07   1.1e-05   23.3   0.6    12   146     1   142     1   170 0.81 -
TRINITY_DN4499_c0_g1_i12:4426-5574  -            383 530431at33208        -            406   1.1e-05   23.3   0.6   2   2       4.9   2.3e+02   -0.8   0.1   322   392   225   292   217   305 0.57 -
TRINITY_DN4499_c0_g1_i1:4426-5574   -            383 530431at33208        -            406   1.1e-05   23.3   0.6   1   2   2.4e-07   1.1e-05   23.3   0.6    12   146     1   142     1   170 0.81 -
TRINITY_DN4499_c0_g1_i1:4426-5574   -            383 530431at33208        -            406   1.1e-05   23.3   0.6   2   2       4.9   2.3e+02   -0.8   0.1   322   392   225   292   217   305 0.57 -
TRINITY_DN4499_c0_g1_i4:4426-5574   -            383 530431at33208        -            406   1.1e-05   23.3   0.6   1   2   2.4e-07   1.1e-05   23.3   0.6    12   146     1   142     1   170 0.81 -
TRINITY_DN4499_c0_g1_i4:4426-5574   -            383 530431at33208        -            406   1.1e-05   23.3   0.6   2   2       4.9   2.3e+02   -0.8   0.1   322   392   225   292   217   305 0.57 -
TRINITY_DN4499_c0_g1_i5:4426-5574   -            383 530431at33208        -            406   1.1e-05   23.3   0.6   1   2   2.4e-07   1.1e-05   23.3   0.6    12   146     1   142     1   170 0.81 -
TRINITY_DN4499_c0_g1_i5:4426-5574   -            383 530431at33208        -            406   1.1e-05   23.3   0.6   2   2       4.9   2.3e+02   -0.8   0.1   322   392   225   292   217   305 0.57 -
TRINITY_DN24611_c0_g1_i2:2-709      -            236 530431at33208        -            406   1.5e-05   22.9   0.0   1   1   4.2e-07     2e-05   22.5   0.0   271   313    27    69    24   101 0.89 -
TRINITY_DN24611_c0_g1_i3:2-709      -            236 530431at33208        -            406   1.5e-05   22.9   0.0   1   1   4.2e-07     2e-05   22.5   0.0   271   313    27    69    24   101 0.89 -
TRINITY_DN68120_c0_g1_i1:6-749      -            248 530431at33208        -            406   1.6e-05   22.8   0.0   1   1   3.9e-07   1.9e-05   22.6   0.0   272   333    68   129    22   155 0.82 -
TRINITY_DN9480_c0_g1_i1:4112-5233   -            374 530431at33208        -            406   2.6e-05   22.1   0.0   1   1   8.7e-07   4.2e-05   21.5   0.0    19   145     2   127     1   140 0.76 -
TRINITY_DN3983_c0_g1_i10:392-1372   -            327 530431at33208        -            406   2.6e-05   22.1   0.0   1   1   8.3e-07     4e-05   21.5   0.0   271   312   285   326   268   327 0.93 -
TRINITY_DN3983_c0_g1_i1:392-1372    -            327 530431at33208        -            406   2.6e-05   22.1   0.0   1   1   8.3e-07     4e-05   21.5   0.0   271   312   285   326   268   327 0.93 -
TRINITY_DN9755_c0_g1_i1:2567-4453   -            629 530431at33208        -            406   3.7e-05   21.6   0.1   1   2    0.0047      0.23    9.2   0.1    16   146    23   147    10   184 0.74 -
TRINITY_DN9755_c0_g1_i1:2567-4453   -            629 530431at33208        -            406   3.7e-05   21.6   0.1   2   2    0.0025      0.12   10.1   0.0   246   301   295   357   242   364 0.77 -
TRINITY_DN9755_c0_g1_i7:2567-4453   -            629 530431at33208        -            406   3.7e-05   21.6   0.1   1   2    0.0047      0.23    9.2   0.1    16   146    23   147    10   184 0.74 -
TRINITY_DN9755_c0_g1_i7:2567-4453   -            629 530431at33208        -            406   3.7e-05   21.6   0.1   2   2    0.0025      0.12   10.1   0.0   246   301   295   357   242   364 0.77 -
TRINITY_DN9755_c0_g1_i8:2567-4453   -            629 530431at33208        -            406   3.7e-05   21.6   0.1   1   2    0.0047      0.23    9.2   0.1    16   146    23   147    10   184 0.74 -
TRINITY_DN9755_c0_g1_i8:2567-4453   -            629 530431at33208        -            406   3.7e-05   21.6   0.1   2   2    0.0025      0.12   10.1   0.0   246   301   295   357   242   364 0.77 -
TRINITY_DN5623_c0_g1_i3:265-1995    -            577 530431at33208        -            406   6.6e-05   20.8   0.0   1   2     0.064       3.1    5.4   0.0    23   149    31   161    20   282 0.66 -
TRINITY_DN5623_c0_g1_i3:265-1995    -            577 530431at33208        -            406   6.6e-05   20.8   0.0   2   2   0.00043     0.021   12.6   0.0   271   314   322   365   318   393 0.88 -
TRINITY_DN5623_c0_g1_i6:797-2527    -            577 530431at33208        -            406   6.6e-05   20.8   0.0   1   2     0.064       3.1    5.4   0.0    23   149    31   161    20   282 0.66 -
TRINITY_DN5623_c0_g1_i6:797-2527    -            577 530431at33208        -            406   6.6e-05   20.8   0.0   2   2   0.00043     0.021   12.6   0.0   271   314   322   365   318   393 0.88 -
TRINITY_DN5623_c0_g1_i5:797-2527    -            577 530431at33208        -            406   6.9e-05   20.7   0.0   1   2     0.064       3.1    5.4   0.0    23   149    31   161    20   282 0.66 -
TRINITY_DN5623_c0_g1_i5:797-2527    -            577 530431at33208        -            406   6.9e-05   20.7   0.0   2   2   0.00045     0.021   12.5   0.0   271   314   322   365   318   387 0.88 -
TRINITY_DN21340_c0_g1_i1:55-405     -            117 530431at33208        -            406   0.00017   19.4   0.0   1   1   5.6e-06   0.00027   18.8   0.0   271   316    65   110    61   116 0.87 -
TRINITY_DN21340_c0_g1_i2:757-1107   -            117 530431at33208        -            406   0.00017   19.4   0.0   1   1   5.6e-06   0.00027   18.8   0.0   271   316    65   110    61   116 0.87 -
TRINITY_DN37749_c0_g2_i1:406-3168   -            921 530431at33208        -            406   0.00022   19.1   1.3   1   1   5.5e-06   0.00027   18.8   0.1    16   176    45   203    37   209 0.76 -
TRINITY_DN37749_c0_g2_i2:406-3168   -            921 530431at33208        -            406   0.00022   19.1   1.3   1   1   5.5e-06   0.00027   18.8   0.1    16   176    45   203    37   209 0.76 -
TRINITY_DN37749_c0_g2_i3:406-3168   -            921 530431at33208        -            406   0.00022   19.1   1.3   1   1   5.5e-06   0.00027   18.8   0.1    16   176    45   203    37   209 0.76 -
TRINITY_DN40510_c0_g1_i1:2-301      -            100 530431at33208        -            406   0.00047   18.0   0.0   1   1   9.7e-06   0.00047   18.0   0.0   291   343     1    53     1    94 0.81 -
TRINITY_DN28028_c1_g2_i3:426-1199   -            258 530431at33208        -            406   0.00047   18.0   0.0   1   1     2e-05   0.00097   17.0   0.0   267   322    61   116    49   138 0.93 -
TRINITY_DN8425_c0_g1_i1:129-2000    -            624 530431at33208        -            406     0.002   15.9   0.1   1   2     0.018      0.85    7.3   0.0    16    81    10    73     3   137 0.76 -
TRINITY_DN8425_c0_g1_i1:129-2000    -            624 530431at33208        -            406     0.002   15.9   0.1   2   2     0.034       1.6    6.3   0.0   241   295   246   308   240   316 0.69 -
TRINITY_DN21736_c0_g1_i5:167-682    -            172 530431at33208        -            406    0.0021   15.8   0.0   1   1   4.6e-05    0.0022   15.8   0.0   271   336    78   142     8   162 0.88 -
TRINITY_DN97383_c0_g1_i1:55-651     -            199 530431at33208        -            406    0.0024   15.7   0.0   1   1   7.4e-05    0.0035   15.1   0.0   287   324     1    38     1    70 0.85 -
TRINITY_DN9480_c0_g1_i1:1553-2698   -            382 530431at33208        -            406     0.004   14.9   2.3   1   2    0.0001    0.0049   14.6   0.4    13   146     2   142     1   173 0.78 -
TRINITY_DN9480_c0_g1_i1:1553-2698   -            382 530431at33208        -            406     0.004   14.9   2.3   2   2       4.2     2e+02   -0.6   0.1   326   361   229   264   223   304 0.68 -
TRINITY_DN21736_c0_g1_i3:75-803     -            243 530431at33208        -            406    0.0054   14.5   0.0   1   1   0.00015    0.0074   14.0   0.0   271   336    24    88    21   112 0.83 -
TRINITY_DN30422_c0_g1_i9:3843-4946  -            368 530431at33208        -            406    0.0066   14.2   0.0   1   1   0.00028     0.014   13.2   0.0    32   164     6   143     1   150 0.75 -
TRINITY_DN21736_c0_g1_i1:150-1181   -            344 530431at33208        -            406    0.0073   14.1   0.0   1   1   0.00026     0.012   13.3   0.0   271   336   150   214   127   236 0.85 -
TRINITY_DN21736_c0_g1_i2:150-1265   -            372 530431at33208        -            406    0.0079   13.9   0.0   1   1    0.0003     0.014   13.1   0.0   271   336   178   242   158   264 0.85 -
TRINITY_DN54352_c0_g1_i1:160-1317   -            386 530431at33208        -            406    0.0081   13.9   0.0   1   1   0.00028     0.013   13.2   0.0   271   321   154   205    25   227 0.87 -
TRINITY_DN30105_c0_g2_i1:612-1685   -            358 530431at33208        -            406    0.0085   13.9   0.1   1   1    0.0004     0.019   12.7   0.0   271   323   109   161   107   166 0.93 -
TRINITY_DN30422_c0_g1_i10:3843-4946 -            368 530431at33208        -            406     0.012   13.4   0.0   1   1   0.00052     0.025   12.3   0.0    32   164     6   143     1   150 0.72 -
TRINITY_DN47613_c0_g1_i1:67-669     -            201 530431at33208        -            406     0.028   12.2   0.0   1   1     0.001      0.05   11.3   0.0   271   321   150   200   145   201 0.93 -
TRINITY_DN47613_c0_g1_i2:100-1131   -            344 530431at33208        -            406      0.03   12.0   0.0   1   2       8.1   3.9e+02   -1.5   0.0   162   182    46    66     4    81 0.56 -
TRINITY_DN47613_c0_g1_i2:100-1131   -            344 530431at33208        -            406      0.03   12.0   0.0   2   2    0.0025      0.12   10.0   0.0   271   321   293   343   289   344 0.93 -
TRINITY_DN10347_c0_g1_i10:898-1269  -            124 530431at33208        -            406     0.056   11.2   0.0   1   1     0.002     0.096   10.4   0.0   271   318     7    54     2    72 0.88 -
TRINITY_DN3434_c0_g1_i3:530-1816    -            429 530431at33208        -            406      0.08   10.6   0.0   1   3      0.06       2.9    5.5   0.0    25    58     5    39     1   119 0.85 -
TRINITY_DN3434_c0_g1_i3:530-1816    -            429 530431at33208        -            406      0.08   10.6   0.0   2   3       9.6   4.6e+02   -1.7   0.0   229   248   236   255   226   258 0.81 -
TRINITY_DN3434_c0_g1_i3:530-1816    -            429 530431at33208        -            406      0.08   10.6   0.0   3   3      0.73        35    1.9   0.0   271   338   299   366   296   383 0.89 -
TRINITY_DN40367_c0_g1_i1:133-846    -            238 530431at33208        -            406     0.085   10.6   0.0   1   2         6   2.9e+02   -1.1   0.0   177   250    28   108     4   117 0.52 -
TRINITY_DN40367_c0_g1_i1:133-846    -            238 530431at33208        -            406     0.085   10.6   0.0   2   2    0.0057      0.28    8.9   0.0   271   336   150   215   146   225 0.91 -
TRINITY_DN8240_c0_g2_i1:799-1065    -             89 530431at33208        -            406     0.089   10.5   0.0   1   1    0.0019      0.09   10.5   0.0   292   326     1    35     1    65 0.84 -
#
# Program:         hmmsearch
# Version:         3.1b2 (February 2015)
# Pipeline mode:   SEARCH
# Query file:      /busco_wd/busco_downloads/lineages/metazoa_odb10/hmms/530431at33208.hmm
# Target file:     /busco_wd/BUSCO/run_metazoa_odb10/metaeuk_output/initial_results/Trinity.fasta.modified.fas
# Option settings: hmmsearch --domtblout /busco_wd/BUSCO/run_metazoa_odb10/hmmer_output/initial_run_results/530431at33208.out --cpu 1 /busco_wd/busco_downloads/lineages/metazoa_odb10/hmms/530431at33208.hmm /busco_wd/BUSCO/run_metazoa_odb10/metaeuk_output/initial_results/Trinity.fasta.modified.fas 
# Current dir:     /busco_wd
# Date:            Tue Nov 23 09:03:56 2021
# [ok]
