#                                                                                           --- full sequence --- -------------- this domain -------------   hmm coord   ali coord   env coord
# target name                       accession   tlen query name           accession   qlen   E-value  score  bias   #  of  c-Evalue  i-Evalue  score  bias  from    to  from    to  from    to  acc description of target
#               ------------------- ---------- ----- -------------------- ---------- ----- --------- ------ ----- --- --- --------- --------- ------ ----- ----- ----- ----- ----- ----- ----- ---- ---------------------
TRINITY_DN5637_c0_g1_i1:624-1298    -            225 539360at33208        -            165   2.5e-51  172.8   8.9   1   2   1.1e-24   5.3e-23   80.7   0.2     1    90     6    99     6   111 0.86 -
TRINITY_DN5637_c0_g1_i1:624-1298    -            225 539360at33208        -            165   2.5e-51  172.8   8.9   2   2   2.7e-28   1.3e-26   92.5   4.6    80   165   111   225   104   225 0.86 -
TRINITY_DN25331_c1_g1_i5:1151-1702  -            184 539360at33208        -            165   0.00033   19.6   0.3   1   1   2.2e-05     0.001   18.0   0.3     7   109    10   120     4   122 0.79 -
TRINITY_DN17981_c0_g1_i1:395-1168   -            258 539360at33208        -            165   0.00041   19.3   0.3   1   1   1.3e-05   0.00061   18.7   0.3     9   110    25   129    18   142 0.72 -
TRINITY_DN17981_c0_g1_i3:368-1141   -            258 539360at33208        -            165   0.00041   19.3   0.3   1   1   1.3e-05   0.00061   18.7   0.3     9   110    25   129    18   142 0.72 -
TRINITY_DN47411_c0_g1_i2:267-812    -            172 539360at33208        -            165   0.00048   19.0   0.1   1   1   1.9e-05   0.00091   18.1   0.1    77   109    22    54     8    60 0.84 -
TRINITY_DN47411_c0_g1_i1:292-837    -            172 539360at33208        -            165   0.00048   19.0   0.1   1   1   1.9e-05   0.00091   18.1   0.1    77   109    22    54     8    60 0.84 -
TRINITY_DN3123_c0_g1_i2:820-1627    -            259 539360at33208        -            165   0.00063   18.7   0.1   1   1     2e-05   0.00095   18.1   0.1    35   111    47   119    18   131 0.72 -
TRINITY_DN3123_c0_g1_i14:820-1666   -            272 539360at33208        -            165   0.00069   18.5   0.1   1   1   2.2e-05    0.0011   17.9   0.1    35   111    60   132    31   144 0.72 -
TRINITY_DN3123_c0_g1_i5:825-1671    -            272 539360at33208        -            165   0.00069   18.5   0.1   1   1   2.2e-05    0.0011   17.9   0.1    35   111    60   132    31   144 0.72 -
TRINITY_DN3603_c0_g1_i6:591-1244    -            218 539360at33208        -            165    0.0007   18.5   0.2   1   1   2.3e-05    0.0011   17.8   0.2    59   110    13    65     3    75 0.84 -
TRINITY_DN14042_c0_g1_i5:22-552     -            177 539360at33208        -            165   0.00072   18.5   0.1   1   1   2.1e-05     0.001   18.0   0.1    77   110    49    82     6    89 0.78 -
TRINITY_DN14042_c0_g1_i2:932-1504   -            191 539360at33208        -            165    0.0008   18.3   0.1   1   1   2.4e-05    0.0011   17.8   0.1    77   110    62    95    17   102 0.78 -
TRINITY_DN18250_c0_g1_i4:935-1744   -            270 539360at33208        -            165   0.00094   18.1   0.3   1   1   7.4e-05    0.0036   16.2   0.3    77   110    92   125     8   138 0.92 -
TRINITY_DN3603_c0_g1_i5:705-1469    -            255 539360at33208        -            165     0.001   18.0   0.1   1   1   4.1e-05     0.002   17.0   0.1    63   110     9    57     2    66 0.83 -
TRINITY_DN3603_c0_g1_i3:591-1487    -            299 539360at33208        -            165     0.001   18.0   0.2   1   1   3.6e-05    0.0018   17.2   0.2    59   110    94   146    74   154 0.84 -
TRINITY_DN3603_c0_g1_i4:759-1655    -            299 539360at33208        -            165     0.001   18.0   0.2   1   1   3.6e-05    0.0018   17.2   0.2    59   110    94   146    74   154 0.84 -
TRINITY_DN3603_c0_g1_i9:841-1737    -            299 539360at33208        -            165     0.001   18.0   0.2   1   1   3.6e-05    0.0018   17.2   0.2    59   110    94   146    74   154 0.84 -
TRINITY_DN57348_c0_g1_i8:1532-2128  -            199 539360at33208        -            165     0.001   18.0   0.1   1   2       3.9   1.9e+02    0.8   0.0     5    23     4    22     1    29 0.86 -
TRINITY_DN57348_c0_g1_i8:1532-2128  -            199 539360at33208        -            165     0.001   18.0   0.1   2   2   0.00019     0.009   14.9   0.0    75   112    93   130    64   140 0.81 -
TRINITY_DN57348_c0_g1_i2:1514-2128  -            205 539360at33208        -            165    0.0011   17.9   0.1   1   2       4.1     2e+02    0.8   0.0     5    23     4    22     1    29 0.86 -
TRINITY_DN57348_c0_g1_i2:1514-2128  -            205 539360at33208        -            165    0.0011   17.9   0.1   2   2    0.0002    0.0095   14.8   0.0    75   112    93   130    64   140 0.81 -
TRINITY_DN57348_c0_g1_i4:1514-2128  -            205 539360at33208        -            165    0.0011   17.9   0.1   1   2       4.1     2e+02    0.8   0.0     5    23     4    22     1    29 0.86 -
TRINITY_DN57348_c0_g1_i4:1514-2128  -            205 539360at33208        -            165    0.0011   17.9   0.1   2   2    0.0002    0.0095   14.8   0.0    75   112    93   130    64   140 0.81 -
TRINITY_DN57348_c0_g1_i6:1514-2128  -            205 539360at33208        -            165    0.0011   17.9   0.1   1   2       4.1     2e+02    0.8   0.0     5    23     4    22     1    29 0.86 -
TRINITY_DN57348_c0_g1_i6:1514-2128  -            205 539360at33208        -            165    0.0011   17.9   0.1   2   2    0.0002    0.0095   14.8   0.0    75   112    93   130    64   140 0.81 -
TRINITY_DN57348_c0_g1_i7:1514-2128  -            205 539360at33208        -            165    0.0011   17.9   0.1   1   2       4.1     2e+02    0.8   0.0     5    23     4    22     1    29 0.86 -
TRINITY_DN57348_c0_g1_i7:1514-2128  -            205 539360at33208        -            165    0.0011   17.9   0.1   2   2    0.0002    0.0095   14.8   0.0    75   112    93   130    64   140 0.81 -
TRINITY_DN9645_c0_g1_i1:395-1231    -            279 539360at33208        -            165    0.0014   17.6   0.1   1   1   6.3e-05     0.003   16.4   0.0    68   111    86   129    75   137 0.86 -
TRINITY_DN9645_c0_g1_i2:395-1231    -            279 539360at33208        -            165    0.0014   17.6   0.1   1   1   6.3e-05     0.003   16.4   0.0    68   111    86   129    75   137 0.86 -
TRINITY_DN9645_c0_g1_i4:395-1231    -            279 539360at33208        -            165    0.0014   17.6   0.1   1   1   6.3e-05     0.003   16.4   0.0    68   111    86   129    75   137 0.86 -
TRINITY_DN9645_c0_g1_i5:395-1231    -            279 539360at33208        -            165    0.0014   17.6   0.1   1   1   6.3e-05     0.003   16.4   0.0    68   111    86   129    75   137 0.86 -
TRINITY_DN12943_c0_g1_i1:289-996    -            236 539360at33208        -            165    0.0015   17.4   0.1   1   2       7.5   3.6e+02   -0.1   0.0     5    30    12    39     8    49 0.71 -
TRINITY_DN12943_c0_g1_i1:289-996    -            236 539360at33208        -            165    0.0015   17.4   0.1   2   2   0.00017    0.0083   15.0   0.0    77   109    74   106    60   108 0.88 -
TRINITY_DN12943_c0_g1_i21:280-1068  -            263 539360at33208        -            165    0.0015   17.4   0.3   1   1   8.6e-05    0.0041   16.0   0.3    76   109    95   128    11   130 0.63 -
TRINITY_DN12943_c0_g1_i22:282-1070  -            263 539360at33208        -            165    0.0015   17.4   0.3   1   1   8.6e-05    0.0041   16.0   0.3    76   109    95   128    11   130 0.63 -
TRINITY_DN35830_c0_g1_i1:339-1127   -            263 539360at33208        -            165    0.0028   16.5   0.9   1   2       6.6   3.2e+02    0.1   0.1   144   162    28    46     2    54 0.69 -
TRINITY_DN35830_c0_g1_i1:339-1127   -            263 539360at33208        -            165    0.0028   16.5   0.9   2   2   0.00026     0.012   14.4   0.1    75   110   105   140    97   157 0.83 -
TRINITY_DN25331_c1_g1_i3:1097-1696  -            200 539360at33208        -            165     0.003   16.5   0.2   1   1   0.00018    0.0088   14.9   0.2     7   109    29   139    23   141 0.76 -
TRINITY_DN25331_c0_g1_i10:923-1564  -            214 539360at33208        -            165    0.0033   16.3   0.0   1   1   0.00011    0.0051   15.7   0.0    77   109    50    82    23    84 0.84 -
TRINITY_DN25331_c0_g1_i9:923-1564   -            214 539360at33208        -            165    0.0033   16.3   0.0   1   1   0.00011    0.0051   15.7   0.0    77   109    50    82    23    84 0.84 -
TRINITY_DN4561_c0_g1_i2:1447-2349   -            301 539360at33208        -            165    0.0035   16.2   0.0   1   1   0.00022     0.011   14.6   0.0    68   109   113   154   107   169 0.92 -
TRINITY_DN4561_c0_g1_i5:1338-2240   -            301 539360at33208        -            165    0.0035   16.2   0.0   1   1   0.00022     0.011   14.6   0.0    68   109   113   154   107   169 0.92 -
TRINITY_DN12943_c0_g1_i13:22-567    -            182 539360at33208        -            165    0.0036   16.2   0.0   1   1   0.00012    0.0056   15.6   0.0    77   109    22    54     9    56 0.87 -
TRINITY_DN13746_c0_g1_i1:96-638     -            181 539360at33208        -            165    0.0038   16.1   0.1   1   1   0.00023     0.011   14.6   0.0    73   109   103   142    74   156 0.81 -
TRINITY_DN26431_c1_g1_i2:370-984    -            205 539360at33208        -            165    0.0042   16.0   0.2   1   1   0.00027     0.013   14.4   0.2    77   109    91   123     2   129 0.70 -
TRINITY_DN26431_c1_g1_i3:370-984    -            205 539360at33208        -            165    0.0042   16.0   0.2   1   1   0.00027     0.013   14.4   0.2    77   109    91   123     2   129 0.70 -
TRINITY_DN4885_c0_g1_i10:801-1568   -            256 539360at33208        -            165    0.0043   16.0   0.0   1   1   0.00017    0.0081   15.1   0.0    63   109    86   132    65   144 0.89 -
TRINITY_DN4885_c0_g1_i4:801-1568    -            256 539360at33208        -            165    0.0043   16.0   0.0   1   1   0.00017    0.0081   15.1   0.0    63   109    86   132    65   144 0.89 -
TRINITY_DN4885_c0_g1_i5:822-1589    -            256 539360at33208        -            165    0.0043   16.0   0.0   1   1   0.00017    0.0081   15.1   0.0    63   109    86   132    65   144 0.89 -
TRINITY_DN4885_c0_g1_i7:821-1588    -            256 539360at33208        -            165    0.0043   16.0   0.0   1   1   0.00017    0.0081   15.1   0.0    63   109    86   132    65   144 0.89 -
TRINITY_DN12757_c0_g1_i12:977-1606  -            210 539360at33208        -            165     0.005   15.7   1.0   1   2       5.3   2.6e+02    0.4   0.1    65    98    27    60    11    66 0.75 -
TRINITY_DN12757_c0_g1_i12:977-1606  -            210 539360at33208        -            165     0.005   15.7   1.0   2   2   0.00041      0.02   13.8   0.1    68   111    89   132    84   151 0.84 -
TRINITY_DN12757_c0_g1_i4:978-1607   -            210 539360at33208        -            165     0.005   15.7   1.0   1   2       5.3   2.6e+02    0.4   0.1    65    98    27    60    11    66 0.75 -
TRINITY_DN12757_c0_g1_i4:978-1607   -            210 539360at33208        -            165     0.005   15.7   1.0   2   2   0.00041      0.02   13.8   0.1    68   111    89   132    84   151 0.84 -
TRINITY_DN12757_c0_g1_i8:977-1606   -            210 539360at33208        -            165     0.005   15.7   1.0   1   2       5.3   2.6e+02    0.4   0.1    65    98    27    60    11    66 0.75 -
TRINITY_DN12757_c0_g1_i8:977-1606   -            210 539360at33208        -            165     0.005   15.7   1.0   2   2   0.00041      0.02   13.8   0.1    68   111    89   132    84   151 0.84 -
TRINITY_DN12757_c0_g1_i9:977-1606   -            210 539360at33208        -            165     0.005   15.7   1.0   1   2       5.3   2.6e+02    0.4   0.1    65    98    27    60    11    66 0.75 -
TRINITY_DN12757_c0_g1_i9:977-1606   -            210 539360at33208        -            165     0.005   15.7   1.0   2   2   0.00041      0.02   13.8   0.1    68   111    89   132    84   151 0.84 -
TRINITY_DN509_c0_g1_i6:5-718        -            238 539360at33208        -            165    0.0052   15.7   0.0   1   1   0.00017    0.0082   15.0   0.0    74   109    74   109    67   125 0.92 -
TRINITY_DN13746_c0_g1_i3:96-710     -            205 539360at33208        -            165    0.0052   15.7   0.1   1   1   0.00029     0.014   14.3   0.0    73   109   103   142    75   156 0.81 -
TRINITY_DN13746_c0_g1_i4:96-710     -            205 539360at33208        -            165    0.0052   15.7   0.1   1   1   0.00029     0.014   14.3   0.0    73   109   103   142    75   156 0.81 -
TRINITY_DN509_c0_g1_i1:489-1301     -            271 539360at33208        -            165    0.0056   15.6   0.0   1   1   0.00021      0.01   14.7   0.0    74   109   107   142   100   158 0.92 -
TRINITY_DN509_c0_g1_i3:489-1301     -            271 539360at33208        -            165    0.0056   15.6   0.0   1   1   0.00021      0.01   14.7   0.0    74   109   107   142   100   158 0.92 -
TRINITY_DN509_c0_g1_i5:489-1301     -            271 539360at33208        -            165    0.0056   15.6   0.0   1   1   0.00021      0.01   14.7   0.0    74   109   107   142   100   158 0.92 -
TRINITY_DN509_c0_g1_i7:489-1301     -            271 539360at33208        -            165    0.0056   15.6   0.0   1   1   0.00021      0.01   14.7   0.0    74   109   107   142   100   158 0.92 -
TRINITY_DN509_c0_g1_i8:489-1301     -            271 539360at33208        -            165    0.0056   15.6   0.0   1   1   0.00021      0.01   14.7   0.0    74   109   107   142   100   158 0.92 -
TRINITY_DN11899_c0_g1_i1:209-961    -            251 539360at33208        -            165     0.006   15.5   0.1   1   1   0.00021      0.01   14.7   0.1    80   109    97   126    24   130 0.88 -
TRINITY_DN59100_c0_g1_i2:13-753     -            247 539360at33208        -            165    0.0065   15.4   0.1   1   1   0.00019    0.0091   14.9   0.1    85   149    67   125     8   131 0.80 -
TRINITY_DN6478_c0_g1_i4:1310-2005   -            232 539360at33208        -            165    0.0069   15.3   0.0   1   1   0.00025     0.012   14.5   0.0    79   109    54    84    43    96 0.89 -
TRINITY_DN148118_c0_g1_i1:22-378    -            119 539360at33208        -            165    0.0083   15.0   0.0   1   1   0.00024     0.011   14.6   0.0    77   111    57    91    44   100 0.85 -
TRINITY_DN495_c0_g1_i1:5385-6143    -            253 539360at33208        -            165    0.0086   15.0   0.1   1   1   0.00029     0.014   14.3   0.1    69   110    88   129    32   142 0.83 -
TRINITY_DN495_c0_g1_i2:5385-6143    -            253 539360at33208        -            165    0.0086   15.0   0.1   1   1   0.00029     0.014   14.3   0.1    69   110    88   129    32   142 0.83 -
TRINITY_DN4233_c0_g1_i5:1403-2032   -            210 539360at33208        -            165    0.0087   14.9   0.0   1   1   0.00027     0.013   14.4   0.0    72   109   102   139    90   181 0.88 -
TRINITY_DN4233_c0_g1_i1:1390-2016   -            209 539360at33208        -            165    0.0088   14.9   0.0   1   1   0.00026     0.013   14.4   0.0    72   109   101   138    89   180 0.87 -
TRINITY_DN4233_c0_g1_i2:102-728     -            209 539360at33208        -            165    0.0088   14.9   0.0   1   1   0.00026     0.013   14.4   0.0    72   109   101   138    89   180 0.87 -
TRINITY_DN4233_c0_g1_i4:834-1460    -            209 539360at33208        -            165    0.0089   14.9   0.0   1   1   0.00026     0.013   14.4   0.0    72   109   101   138    89   180 0.87 -
TRINITY_DN4233_c0_g1_i7:1390-2016   -            209 539360at33208        -            165    0.0089   14.9   0.0   1   1   0.00026     0.013   14.4   0.0    72   109   101   138    89   180 0.87 -
TRINITY_DN11241_c0_g1_i6:175-966    -            264 539360at33208        -            165    0.0098   14.8   0.0   1   1   0.00041      0.02   13.8   0.0    73   109   101   137    20   144 0.92 -
TRINITY_DN6478_c0_g2_i1:1235-1981   -            249 539360at33208        -            165      0.01   14.7   0.1   1   1   0.00037     0.018   13.9   0.1    72   109    85   122    69   133 0.85 -
TRINITY_DN6478_c0_g2_i5:1236-1982   -            249 539360at33208        -            165      0.01   14.7   0.1   1   1   0.00037     0.018   13.9   0.1    72   109    85   122    69   133 0.85 -
TRINITY_DN6478_c0_g2_i6:1235-1981   -            249 539360at33208        -            165      0.01   14.7   0.1   1   1   0.00037     0.018   13.9   0.1    72   109    85   122    69   133 0.85 -
TRINITY_DN6478_c0_g2_i7:1235-1981   -            249 539360at33208        -            165      0.01   14.7   0.1   1   1   0.00037     0.018   13.9   0.1    72   109    85   122    69   133 0.85 -
TRINITY_DN5617_c0_g1_i7:191-998     -            264 539360at33208        -            165      0.01   14.7   0.0   1   1   0.00048     0.023   13.6   0.0    80   115   112   148    95   171 0.83 -
TRINITY_DN22726_c0_g1_i6:2641-3594  -            318 539360at33208        -            165     0.011   14.6   0.4   1   2    0.0016     0.077   11.9   0.1    75   110   100   135    85   143 0.85 -
TRINITY_DN22726_c0_g1_i6:2641-3594  -            318 539360at33208        -            165     0.011   14.6   0.4   2   2       6.1   2.9e+02    0.2   0.0    39    55   144   160   136   171 0.85 -
TRINITY_DN22726_c0_g1_i1:914-1873   -            320 539360at33208        -            165     0.011   14.6   0.4   1   2    0.0016     0.077   11.9   0.1    75   110   102   137    87   145 0.85 -
TRINITY_DN22726_c0_g1_i1:914-1873   -            320 539360at33208        -            165     0.011   14.6   0.4   2   2       6.2     3e+02    0.2   0.0    39    55   146   162   138   173 0.85 -
TRINITY_DN12757_c0_g1_i10:836-1582  -            249 539360at33208        -            165     0.013   14.4   1.6   1   2       8.8   4.2e+02   -0.3   0.2    65    98    19    52     8    57 0.74 -
TRINITY_DN12757_c0_g1_i10:836-1582  -            249 539360at33208        -            165     0.013   14.4   1.6   2   2   0.00055     0.026   13.4   0.1    68   111    81   124    76   142 0.84 -
TRINITY_DN9782_c0_g1_i6:39-695      -            219 539360at33208        -            165     0.013   14.4   0.1   1   1   0.00045     0.022   13.7   0.1    71   109    47    85    39    97 0.81 -
TRINITY_DN8253_c0_g1_i11:607-1389   -            261 539360at33208        -            165     0.013   14.4   0.0   1   1    0.0005     0.024   13.5   0.0    67   109    93   135    87   146 0.90 -
TRINITY_DN8253_c0_g1_i1:607-1389    -            261 539360at33208        -            165     0.013   14.4   0.0   1   1    0.0005     0.024   13.5   0.0    67   109    93   135    87   146 0.90 -
TRINITY_DN8253_c0_g1_i2:608-1390    -            261 539360at33208        -            165     0.013   14.4   0.0   1   1    0.0005     0.024   13.5   0.0    67   109    93   135    87   146 0.90 -
TRINITY_DN8253_c0_g1_i3:607-1389    -            261 539360at33208        -            165     0.013   14.4   0.0   1   1    0.0005     0.024   13.5   0.0    67   109    93   135    87   146 0.90 -
TRINITY_DN8253_c0_g1_i6:607-1389    -            261 539360at33208        -            165     0.013   14.4   0.0   1   1    0.0005     0.024   13.5   0.0    67   109    93   135    87   146 0.90 -
TRINITY_DN9782_c0_g1_i3:476-1132    -            219 539360at33208        -            165     0.013   14.4   0.1   1   1   0.00045     0.022   13.7   0.1    71   109    47    85    39    97 0.81 -
TRINITY_DN9731_c0_g2_i1:1627-2034   -            136 539360at33208        -            165     0.014   14.3   1.1   1   1   0.00084      0.04   12.8   1.1    70   109    79   118     2   133 0.63 -
TRINITY_DN9731_c0_g2_i2:1897-2304   -            136 539360at33208        -            165     0.014   14.3   1.1   1   1   0.00084      0.04   12.8   1.1    70   109    79   118     2   133 0.63 -
TRINITY_DN9731_c0_g2_i3:1897-2304   -            136 539360at33208        -            165     0.014   14.3   1.1   1   1   0.00084      0.04   12.8   1.1    70   109    79   118     2   133 0.63 -
TRINITY_DN9731_c0_g2_i5:1897-2304   -            136 539360at33208        -            165     0.014   14.3   1.1   1   1   0.00084      0.04   12.8   1.1    70   109    79   118     2   133 0.63 -
TRINITY_DN9731_c0_g2_i7:1897-2304   -            136 539360at33208        -            165     0.014   14.3   1.1   1   1   0.00084      0.04   12.8   1.1    70   109    79   118     2   133 0.63 -
TRINITY_DN9731_c0_g2_i8:1627-2034   -            136 539360at33208        -            165     0.014   14.3   1.1   1   1   0.00084      0.04   12.8   1.1    70   109    79   118     2   133 0.63 -
TRINITY_DN9731_c0_g2_i9:1897-2304   -            136 539360at33208        -            165     0.014   14.3   1.1   1   1   0.00084      0.04   12.8   1.1    70   109    79   118     2   133 0.63 -
TRINITY_DN19450_c0_g1_i1:316-1116   -            267 539360at33208        -            165     0.015   14.2   0.0   1   2         7   3.4e+02    0.0   0.0     4    51    10    59     7    84 0.78 -
TRINITY_DN19450_c0_g1_i1:316-1116   -            267 539360at33208        -            165     0.015   14.2   0.0   2   2    0.0015     0.074   11.9   0.0    82   120   110   144    93   158 0.85 -
TRINITY_DN19450_c0_g1_i7:316-1116   -            267 539360at33208        -            165     0.015   14.2   0.0   1   2         7   3.4e+02    0.0   0.0     4    51    10    59     7    84 0.78 -
TRINITY_DN19450_c0_g1_i7:316-1116   -            267 539360at33208        -            165     0.015   14.2   0.0   2   2    0.0015     0.074   11.9   0.0    82   120   110   144    93   158 0.85 -
TRINITY_DN9782_c0_g1_i7:265-1068    -            268 539360at33208        -            165     0.015   14.2   0.1   1   1   0.00062      0.03   13.2   0.1    71   109   101   139    93   151 0.81 -
TRINITY_DN495_c0_g1_i1:7128-7910    -            261 539360at33208        -            165     0.016   14.1   0.0   1   1   0.00048     0.023   13.6   0.0    72   109    91   128    33   139 0.86 -
TRINITY_DN495_c0_g1_i2:7128-7910    -            261 539360at33208        -            165     0.016   14.1   0.0   1   1   0.00048     0.023   13.6   0.0    72   109    91   128    33   139 0.86 -
TRINITY_DN8253_c0_g1_i10:610-1515   -            302 539360at33208        -            165     0.016   14.1   0.0   1   1   0.00063      0.03   13.2   0.0    67   109   135   177   129   187 0.90 -
TRINITY_DN3123_c0_g1_i17:784-1704   -            307 539360at33208        -            165     0.018   13.9   0.3   1   1   0.00096     0.046   12.6   0.0    81   111   125   155   107   167 0.86 -
TRINITY_DN3123_c0_g1_i1:784-1704    -            307 539360at33208        -            165     0.018   13.9   0.3   1   1   0.00096     0.046   12.6   0.0    81   111   125   155   107   167 0.86 -
TRINITY_DN3123_c0_g1_i11:789-1709   -            307 539360at33208        -            165     0.018   13.9   0.3   1   1   0.00096     0.046   12.6   0.0    81   111   125   155   107   167 0.86 -
TRINITY_DN8665_c0_g1_i1:191-1036    -            282 539360at33208        -            165     0.018   13.9   0.0   1   1    0.0011     0.054   12.4   0.0    78   115   118   159   109   162 0.78 -
TRINITY_DN8665_c0_g1_i2:191-1036    -            282 539360at33208        -            165     0.018   13.9   0.0   1   1    0.0011     0.054   12.4   0.0    78   115   118   159   109   162 0.78 -
TRINITY_DN8665_c0_g1_i3:191-1036    -            282 539360at33208        -            165     0.018   13.9   0.0   1   1    0.0011     0.054   12.4   0.0    78   115   118   159   109   162 0.78 -
TRINITY_DN3515_c0_g1_i3:2128-2940   -            271 539360at33208        -            165      0.02   13.8   0.0   1   2    0.0049      0.24   10.3   0.0    74   111   109   146    96   156 0.82 -
TRINITY_DN3515_c0_g1_i3:2128-2940   -            271 539360at33208        -            165      0.02   13.8   0.0   2   2       4.5   2.2e+02    0.7   0.0   130   144   214   228   193   241 0.81 -
TRINITY_DN10445_c0_g1_i13:1037-1474 -            146 539360at33208        -            165      0.02   13.8   0.1   1   1    0.0011     0.052   12.4   0.0    71   109    89   127    82   132 0.90 -
TRINITY_DN10445_c0_g1_i2:1019-1456  -            146 539360at33208        -            165      0.02   13.8   0.1   1   1    0.0011     0.052   12.4   0.0    71   109    89   127    82   132 0.90 -
TRINITY_DN10445_c0_g1_i3:1019-1456  -            146 539360at33208        -            165      0.02   13.8   0.1   1   1    0.0011     0.052   12.4   0.0    71   109    89   127    82   132 0.90 -
TRINITY_DN10445_c0_g1_i4:131-568    -            146 539360at33208        -            165      0.02   13.8   0.1   1   1    0.0011     0.052   12.4   0.0    71   109    89   127    82   132 0.90 -
TRINITY_DN10445_c0_g1_i5:131-568    -            146 539360at33208        -            165      0.02   13.8   0.1   1   1    0.0011     0.052   12.4   0.0    71   109    89   127    82   132 0.90 -
TRINITY_DN10445_c0_g1_i6:1037-1474  -            146 539360at33208        -            165      0.02   13.8   0.1   1   1    0.0011     0.052   12.4   0.0    71   109    89   127    82   132 0.90 -
TRINITY_DN10445_c0_g1_i9:1037-1474  -            146 539360at33208        -            165      0.02   13.8   0.1   1   1    0.0011     0.052   12.4   0.0    71   109    89   127    82   132 0.90 -
TRINITY_DN11716_c0_g1_i10:170-784   -            205 539360at33208        -            165     0.021   13.7   0.1   1   1    0.0024      0.12   11.3   0.1    73   109    99   135     8   155 0.74 -
TRINITY_DN21117_c1_g1_i1:67-882     -            272 539360at33208        -            165     0.022   13.7   0.2   1   2    0.0028      0.13   11.1   0.2    63   110    92   136    11   140 0.77 -
TRINITY_DN21117_c1_g1_i1:67-882     -            272 539360at33208        -            165     0.022   13.7   0.2   2   2       9.6   4.6e+02   -0.4   0.0    57   103   200   248   183   250 0.61 -
TRINITY_DN18267_c0_g1_i1:91-747     -            219 539360at33208        -            165     0.022   13.6   0.0   1   1   0.00091     0.044   12.7   0.0    79   109   102   132    90   145 0.87 -
TRINITY_DN3515_c0_g1_i8:416-1303    -            296 539360at33208        -            165     0.024   13.5   0.0   1   2    0.0056      0.27   10.1   0.0    74   111   134   171   121   181 0.82 -
TRINITY_DN3515_c0_g1_i8:416-1303    -            296 539360at33208        -            165     0.024   13.5   0.0   2   2       5.1   2.4e+02    0.5   0.0   130   144   239   253   218   266 0.81 -
TRINITY_DN42136_c0_g1_i1:327-1193   -            289 539360at33208        -            165     0.025   13.5   0.1   1   1   0.00076     0.037   12.9   0.1    79   115   104   140    40   169 0.77 -
TRINITY_DN42136_c0_g1_i2:557-1423   -            289 539360at33208        -            165     0.025   13.5   0.1   1   1   0.00076     0.037   12.9   0.1    79   115   104   140    40   169 0.77 -
TRINITY_DN22771_c0_g1_i2:2306-3121  -            272 539360at33208        -            165     0.025   13.4   0.1   1   1    0.0009     0.043   12.7   0.1    76   111   105   140    47   143 0.90 -
TRINITY_DN3515_c0_g1_i1:380-1303    -            308 539360at33208        -            165     0.027   13.4   0.0   1   2     0.006      0.29   10.0   0.0    74   111   146   183   133   193 0.82 -
TRINITY_DN3515_c0_g1_i1:380-1303    -            308 539360at33208        -            165     0.027   13.4   0.0   2   2       5.3   2.6e+02    0.4   0.0   130   144   251   265   230   278 0.81 -
TRINITY_DN13219_c0_g1_i3:198-1085   -            296 539360at33208        -            165     0.028   13.3   0.1   1   1   0.00096     0.046   12.6   0.1    72   109   176   213   126   216 0.81 -
TRINITY_DN2202_c0_g1_i13:650-1426   -            259 539360at33208        -            165     0.028   13.3   0.0   1   1    0.0011     0.052   12.4   0.0    75   108    96   129    76   142 0.86 -
TRINITY_DN2202_c0_g1_i17:996-1772   -            259 539360at33208        -            165     0.028   13.3   0.0   1   1    0.0011     0.052   12.4   0.0    75   108    96   129    76   142 0.86 -
TRINITY_DN2202_c0_g1_i2:1278-2054   -            259 539360at33208        -            165     0.028   13.3   0.0   1   1    0.0011     0.052   12.4   0.0    75   108    96   129    76   142 0.86 -
TRINITY_DN2202_c0_g1_i3:996-1772    -            259 539360at33208        -            165     0.028   13.3   0.0   1   1    0.0011     0.052   12.4   0.0    75   108    96   129    76   142 0.86 -
TRINITY_DN2202_c0_g1_i8:1278-2054   -            259 539360at33208        -            165     0.028   13.3   0.0   1   1    0.0011     0.052   12.4   0.0    75   108    96   129    76   142 0.86 -
TRINITY_DN14906_c0_g1_i6:312-1094   -            261 539360at33208        -            165     0.029   13.2   0.1   1   1    0.0012     0.059   12.2   0.1    77   109    95   127    80   138 0.89 -
TRINITY_DN22771_c0_g1_i8:2198-2884  -            229 539360at33208        -            165      0.03   13.2   0.1   1   1     0.001     0.048   12.5   0.1    76   111    26    61    20    64 0.91 -
TRINITY_DN8775_c0_g1_i1:113-901     -            263 539360at33208        -            165     0.031   13.2   0.1   1   1    0.0011     0.052   12.4   0.1    88   119   119   151   103   165 0.80 -
TRINITY_DN8775_c0_g1_i3:113-901     -            263 539360at33208        -            165     0.031   13.2   0.1   1   1    0.0011     0.052   12.4   0.1    88   119   119   151   103   165 0.80 -
TRINITY_DN8775_c0_g1_i5:113-901     -            263 539360at33208        -            165     0.031   13.2   0.1   1   1    0.0011     0.052   12.4   0.1    88   119   119   151   103   165 0.80 -
TRINITY_DN10521_c0_g2_i1:3307-4062  -            252 539360at33208        -            165     0.031   13.1   0.0   1   1    0.0012     0.057   12.3   0.0    75   109    99   133    89   145 0.89 -
TRINITY_DN10521_c0_g2_i6:3295-4050  -            252 539360at33208        -            165     0.031   13.1   0.0   1   1    0.0012     0.057   12.3   0.0    75   109    99   133    89   145 0.89 -
TRINITY_DN7434_c0_g1_i1:504-1451    -            316 539360at33208        -            165     0.032   13.1   0.2   1   1     0.001      0.05   12.5   0.2    75   109   104   138    37   153 0.73 -
TRINITY_DN7434_c0_g1_i2:539-1486    -            316 539360at33208        -            165     0.032   13.1   0.2   1   1     0.001      0.05   12.5   0.2    75   109   104   138    37   153 0.73 -
TRINITY_DN16128_c0_g1_i10:222-1082  -            287 539360at33208        -            165     0.032   13.1   0.0   1   1    0.0012     0.055   12.3   0.0    80   109   118   147    61   181 0.90 -
TRINITY_DN16128_c0_g1_i10:4685-5545 -            287 539360at33208        -            165     0.032   13.1   0.0   1   1    0.0012     0.055   12.3   0.0    80   109   118   147    61   181 0.90 -
TRINITY_DN16128_c0_g1_i1:222-1082   -            287 539360at33208        -            165     0.032   13.1   0.0   1   1    0.0012     0.055   12.3   0.0    80   109   118   147    61   181 0.90 -
TRINITY_DN16128_c0_g1_i4:1058-1918  -            287 539360at33208        -            165     0.032   13.1   0.0   1   1    0.0012     0.055   12.3   0.0    80   109   118   147    61   181 0.90 -
TRINITY_DN9669_c0_g1_i3:310-960     -            217 539360at33208        -            165     0.032   13.1   0.0   1   1    0.0012     0.058   12.3   0.0    73   110   111   148   101   155 0.88 -
TRINITY_DN54358_c0_g1_i2:253-981    -            243 539360at33208        -            165     0.033   13.1   0.0   1   1    0.0012     0.057   12.3   0.0    74   109    83   118    69   130 0.89 -
TRINITY_DN54358_c0_g1_i4:253-981    -            243 539360at33208        -            165     0.033   13.1   0.0   1   1    0.0012     0.057   12.3   0.0    74   109    83   118    69   130 0.89 -
TRINITY_DN54358_c0_g1_i8:254-982    -            243 539360at33208        -            165     0.033   13.1   0.0   1   1    0.0012     0.057   12.3   0.0    74   109    83   118    69   130 0.89 -
TRINITY_DN14366_c1_g1_i1:148-894    -            249 539360at33208        -            165     0.033   13.1   0.0   1   1    0.0013     0.065   12.1   0.0    66   115    83   137    72   141 0.84 -
TRINITY_DN14906_c0_g1_i9:312-1163   -            284 539360at33208        -            165     0.033   13.1   0.1   1   1    0.0014     0.068   12.1   0.1    77   109   118   150   104   161 0.90 -
TRINITY_DN14906_c0_g1_i5:312-1163   -            284 539360at33208        -            165     0.033   13.1   0.2   1   1     0.001     0.049   12.5   0.2    77   109   118   150    28   161 0.92 -
TRINITY_DN11619_c0_g1_i2:3288-4052  -            255 539360at33208        -            165     0.033   13.1   0.3   1   1    0.0024      0.12   11.3   0.3    64   109    87   132     8   144 0.54 -
TRINITY_DN11619_c0_g1_i7:3288-4052  -            255 539360at33208        -            165     0.033   13.1   0.3   1   1    0.0024      0.12   11.3   0.3    64   109    87   132     8   144 0.54 -
TRINITY_DN11583_c0_g1_i2:1526-2287  -            254 539360at33208        -            165     0.033   13.1   0.2   1   1    0.0025      0.12   11.2   0.0    80   112    99   131    80   140 0.86 -
TRINITY_DN11583_c0_g1_i3:1526-2287  -            254 539360at33208        -            165     0.033   13.1   0.2   1   1    0.0025      0.12   11.2   0.0    80   112    99   131    80   140 0.86 -
TRINITY_DN11583_c0_g1_i5:1526-2287  -            254 539360at33208        -            165     0.033   13.1   0.2   1   1    0.0025      0.12   11.2   0.0    80   112    99   131    80   140 0.86 -
TRINITY_DN11583_c0_g1_i7:1526-2287  -            254 539360at33208        -            165     0.033   13.1   0.2   1   1    0.0025      0.12   11.2   0.0    80   112    99   131    80   140 0.86 -
TRINITY_DN14203_c0_g1_i1:301-1110   -            270 539360at33208        -            165     0.034   13.0   0.1   1   1    0.0013     0.065   12.1   0.1    80   110   109   139    90   158 0.78 -
TRINITY_DN19450_c0_g1_i3:280-870    -            197 539360at33208        -            165     0.035   13.0   0.0   1   1   0.00099     0.048   12.6   0.0    82   121    28    63    16    78 0.85 -
TRINITY_DN14906_c0_g1_i2:312-1199   -            296 539360at33208        -            165     0.035   13.0   0.1   1   1    0.0015     0.074   11.9   0.1    77   109   130   162   117   173 0.90 -
TRINITY_DN22771_c0_g1_i20:2393-3298 -            302 539360at33208        -            165     0.036   12.9   0.1   1   1    0.0015     0.072   12.0   0.1    76   111   121   156   114   159 0.91 -
TRINITY_DN22771_c0_g1_i25:2381-3286 -            302 539360at33208        -            165     0.036   12.9   0.1   1   1    0.0015     0.072   12.0   0.1    76   111   121   156   114   159 0.91 -
TRINITY_DN4914_c0_g1_i1:633-1628    -            332 539360at33208        -            165     0.037   12.9   0.2   1   2       4.4   2.1e+02    0.7   0.1   128   156    17    47     8    62 0.55 -
TRINITY_DN4914_c0_g1_i1:633-1628    -            332 539360at33208        -            165     0.037   12.9   0.2   2   2    0.0078      0.37    9.6   0.0    82   109   108   135   101   147 0.86 -
TRINITY_DN4914_c0_g1_i2:633-1628    -            332 539360at33208        -            165     0.037   12.9   0.2   1   2       4.4   2.1e+02    0.7   0.1   128   156    17    47     8    62 0.55 -
TRINITY_DN4914_c0_g1_i2:633-1628    -            332 539360at33208        -            165     0.037   12.9   0.2   2   2    0.0078      0.37    9.6   0.0    82   109   108   135   101   147 0.86 -
TRINITY_DN17010_c0_g1_i2:512-1162   -            217 539360at33208        -            165     0.037   12.9   0.0   1   1    0.0011     0.054   12.4   0.0    73   109    61    97    51   108 0.92 -
TRINITY_DN20965_c0_g1_i1:93-821     -            243 539360at33208        -            165     0.042   12.7   0.0   1   2      0.02      0.97    8.3   0.0     4    50    10    56     7    67 0.89 -
TRINITY_DN20965_c0_g1_i1:93-821     -            243 539360at33208        -            165     0.042   12.7   0.0   2   2       1.5        71    2.2   0.0    80   109   115   144   103   146 0.86 -
TRINITY_DN13219_c0_g1_i4:708-1460   -            251 539360at33208        -            165     0.043   12.7   0.1   1   1    0.0014     0.066   12.1   0.1    75   109    18    52     4    55 0.86 -
TRINITY_DN13219_c0_g1_i5:687-1439   -            251 539360at33208        -            165     0.043   12.7   0.1   1   1    0.0014     0.066   12.1   0.1    75   109    18    52     4    55 0.86 -
TRINITY_DN15122_c2_g1_i1:2101-2742  -            214 539360at33208        -            165     0.044   12.7   0.0   1   1    0.0013     0.063   12.2   0.0    80   115    58    98     9   101 0.84 -
TRINITY_DN7879_c0_g1_i11:1545-2156  -            204 539360at33208        -            165     0.045   12.6   0.0   1   1    0.0021       0.1   11.5   0.0    70   108    22    60    10    66 0.85 -
TRINITY_DN7879_c0_g1_i12:1545-2156  -            204 539360at33208        -            165     0.045   12.6   0.0   1   1    0.0021       0.1   11.5   0.0    70   108    22    60    10    66 0.85 -
TRINITY_DN7879_c0_g1_i15:1545-2156  -            204 539360at33208        -            165     0.045   12.6   0.0   1   1    0.0021       0.1   11.5   0.0    70   108    22    60    10    66 0.85 -
TRINITY_DN7879_c0_g1_i16:2464-3075  -            204 539360at33208        -            165     0.045   12.6   0.0   1   1    0.0021       0.1   11.5   0.0    70   108    22    60    10    66 0.85 -
TRINITY_DN7879_c0_g1_i5:2464-3075   -            204 539360at33208        -            165     0.045   12.6   0.0   1   1    0.0021       0.1   11.5   0.0    70   108    22    60    10    66 0.85 -
TRINITY_DN53011_c0_g1_i1:2387-3148  -            254 539360at33208        -            165     0.046   12.6   0.1   1   1    0.0017      0.08   11.8   0.1    80   112    81   113    73   124 0.88 -
TRINITY_DN53011_c0_g1_i4:2387-3148  -            254 539360at33208        -            165     0.046   12.6   0.1   1   1    0.0017      0.08   11.8   0.1    80   112    81   113    73   124 0.88 -
TRINITY_DN2665_c0_g1_i1:3196-3837   -            214 539360at33208        -            165     0.047   12.6   0.1   1   1    0.0016     0.076   11.9   0.1    80   110   101   131    83   144 0.85 -
TRINITY_DN6478_c0_g1_i1:1397-1831   -            145 539360at33208        -            165     0.048   12.5   0.1   1   1    0.0014     0.067   12.1   0.1    85   109     2    26     1    38 0.87 -
TRINITY_DN17010_c0_g1_i1:530-1330   -            267 539360at33208        -            165      0.05   12.5   0.0   1   1    0.0016     0.076   11.9   0.0    73   109   117   153   108   164 0.92 -
TRINITY_DN17010_c0_g1_i3:530-1330   -            267 539360at33208        -            165      0.05   12.5   0.0   1   1    0.0016     0.076   11.9   0.0    73   109   117   153   108   164 0.92 -
TRINITY_DN17010_c0_g1_i7:530-1330   -            267 539360at33208        -            165      0.05   12.5   0.0   1   1    0.0016     0.076   11.9   0.0    73   109   117   153   108   164 0.92 -
TRINITY_DN9669_c0_g1_i2:328-1203    -            292 539360at33208        -            165     0.053   12.4   0.0   1   1     0.002     0.095   11.6   0.0    73   110   105   142    95   148 0.88 -
TRINITY_DN9669_c0_g1_i4:328-1203    -            292 539360at33208        -            165     0.053   12.4   0.0   1   1     0.002     0.095   11.6   0.0    73   110   105   142    95   148 0.88 -
TRINITY_DN28144_c0_g1_i10:1699-2256 -            186 539360at33208        -            165     0.056   12.3   0.1   1   1    0.0022       0.1   11.4   0.1    73   110    82   119    73   131 0.83 -
TRINITY_DN28144_c0_g1_i21:1699-2256 -            186 539360at33208        -            165     0.056   12.3   0.1   1   1    0.0022       0.1   11.4   0.1    73   110    82   119    73   131 0.83 -
TRINITY_DN4937_c0_g1_i6:1374-2144   -            257 539360at33208        -            165     0.056   12.3   0.0   1   1    0.0022       0.1   11.4   0.0    73   115    91   138    14   139 0.88 -
TRINITY_DN4937_c0_g1_i3:1374-2144   -            257 539360at33208        -            165     0.056   12.3   0.0   1   1    0.0022       0.1   11.4   0.0    73   115    91   138    14   139 0.88 -
TRINITY_DN32132_c0_g1_i1:567-1349   -            261 539360at33208        -            165     0.058   12.3   0.0   1   1    0.0024      0.12   11.3   0.0    65   112    86   133    79   139 0.89 -
TRINITY_DN32132_c0_g1_i2:567-1349   -            261 539360at33208        -            165     0.058   12.3   0.0   1   1    0.0024      0.12   11.3   0.0    65   112    86   133    79   139 0.89 -
TRINITY_DN11612_c0_g1_i1:262-573    -            104 539360at33208        -            165     0.064   12.1   0.2   1   1    0.0023      0.11   11.4   0.2    86   109    61    84    25    90 0.85 -
TRINITY_DN25233_c0_g1_i5:611-1471   -            287 539360at33208        -            165     0.064   12.1   0.1   1   2       1.9        90    1.9   0.0     4    28    33    57    31    71 0.83 -
TRINITY_DN25233_c0_g1_i5:611-1471   -            287 539360at33208        -            165     0.064   12.1   0.1   2   2     0.026       1.2    7.9   0.0    81   109   122   150   103   152 0.82 -
TRINITY_DN1700_c1_g1_i2:94-876      -            261 539360at33208        -            165     0.067   12.1   0.2   1   1    0.0042       0.2   10.5   0.2    80   109   100   129    12   131 0.75 -
TRINITY_DN1700_c1_g1_i4:94-876      -            261 539360at33208        -            165     0.067   12.1   0.2   1   1    0.0042       0.2   10.5   0.2    80   109   100   129    12   131 0.75 -
TRINITY_DN1700_c1_g1_i8:94-876      -            261 539360at33208        -            165     0.067   12.1   0.2   1   1    0.0042       0.2   10.5   0.2    80   109   100   129    12   131 0.75 -
TRINITY_DN126085_c0_g1_i1:78-581    -            168 539360at33208        -            165     0.092   11.6   0.2   1   1    0.0022      0.11   11.4   0.2    81   109    96   124    13   126 0.86 -
TRINITY_DN102719_c0_g1_i1:220-654   -            145 539360at33208        -            165     0.096   11.6   0.1   1   1    0.0075      0.36    9.7   0.1    83   109    99   125    89   127 0.89 -
TRINITY_DN16549_c0_g1_i13:2257-3039 -            261 539360at33208        -            165     0.099   11.5   0.2   1   1    0.0045      0.21   10.4   0.1    82   109   102   129    93   143 0.84 -
TRINITY_DN16549_c0_g1_i1:2247-3029  -            261 539360at33208        -            165     0.099   11.5   0.2   1   1    0.0045      0.21   10.4   0.1    82   109   102   129    93   143 0.84 -
TRINITY_DN2304_c0_g1_i11:1675-2445  -            257 539360at33208        -            165      0.12   11.2   0.3   1   1     0.014      0.69    8.8   0.3     9   109    15   125     6   127 0.51 -
#
# Program:         hmmsearch
# Version:         3.1b2 (February 2015)
# Pipeline mode:   SEARCH
# Query file:      /busco_wd/busco_downloads/lineages/metazoa_odb10/hmms/539360at33208.hmm
# Target file:     /busco_wd/BUSCO/run_metazoa_odb10/metaeuk_output/initial_results/Trinity.fasta.modified.fas
# Option settings: hmmsearch --domtblout /busco_wd/BUSCO/run_metazoa_odb10/hmmer_output/initial_run_results/539360at33208.out --cpu 1 /busco_wd/busco_downloads/lineages/metazoa_odb10/hmms/539360at33208.hmm /busco_wd/BUSCO/run_metazoa_odb10/metaeuk_output/initial_results/Trinity.fasta.modified.fas 
# Current dir:     /busco_wd
# Date:            Tue Nov 23 09:04:01 2021
# [ok]
