#                                                                                           --- full sequence --- -------------- this domain -------------   hmm coord   ali coord   env coord
# target name                       accession   tlen query name           accession   qlen   E-value  score  bias   #  of  c-Evalue  i-Evalue  score  bias  from    to  from    to  from    to  acc description of target
#               ------------------- ---------- ----- -------------------- ---------- ----- --------- ------ ----- --- --- --------- --------- ------ ----- ----- ----- ----- ----- ----- ----- ---- ---------------------
TRINITY_DN90394_c0_g1_i1:520-750    -             77 544849at33208        -            133   3.2e-21   75.0   2.2   1   1   5.8e-24   3.6e-21   74.9   2.2    73   133     3    67     1    67 0.92 -
TRINITY_DN90394_c0_g1_i3:518-748    -             77 544849at33208        -            133   3.2e-21   75.0   2.2   1   1   5.8e-24   3.6e-21   74.9   2.2    73   133     3    67     1    67 0.92 -
TRINITY_DN90394_c0_g1_i5:202-432    -             77 544849at33208        -            133   3.2e-21   75.0   2.2   1   1   5.8e-24   3.6e-21   74.9   2.2    73   133     3    67     1    67 0.92 -
TRINITY_DN11797_c0_g1_i12:1298-1528 -             77 544849at33208        -            133     3e-17   62.2   0.3   1   2   1.1e-11     7e-09   35.1   0.0     2    40     1    39     1    46 0.89 -
TRINITY_DN11797_c0_g1_i12:1298-1528 -             77 544849at33208        -            133     3e-17   62.2   0.3   2   2   7.4e-09   4.5e-06   26.0   0.1     4    34    47    77    43    77 0.95 -
TRINITY_DN11797_c0_g1_i1:1505-1735  -             77 544849at33208        -            133     3e-17   62.2   0.3   1   2   1.1e-11     7e-09   35.1   0.0     2    40     1    39     1    46 0.89 -
TRINITY_DN11797_c0_g1_i1:1505-1735  -             77 544849at33208        -            133     3e-17   62.2   0.3   2   2   7.4e-09   4.5e-06   26.0   0.1     4    34    47    77    43    77 0.95 -
TRINITY_DN11797_c0_g1_i8:1295-1525  -             77 544849at33208        -            133     3e-17   62.2   0.3   1   2   1.1e-11     7e-09   35.1   0.0     2    40     1    39     1    46 0.89 -
TRINITY_DN11797_c0_g1_i8:1295-1525  -             77 544849at33208        -            133     3e-17   62.2   0.3   2   2   7.4e-09   4.5e-06   26.0   0.1     4    34    47    77    43    77 0.95 -
TRINITY_DN3521_c0_g1_i1:1531-1803   -             91 544849at33208        -            133   1.2e-16   60.2   6.6   1   2   6.6e-11     4e-08   32.6   0.5     2    46     2    43     1    47 0.94 -
TRINITY_DN3521_c0_g1_i1:1531-1803   -             91 544849at33208        -            133   1.2e-16   60.2   6.6   2   2   4.2e-12   2.6e-09   36.5   1.0     4    49    36    82    35    91 0.77 -
TRINITY_DN3521_c0_g1_i2:3181-3453   -             91 544849at33208        -            133   1.2e-16   60.2   6.6   1   2   6.6e-11     4e-08   32.6   0.5     2    46     2    43     1    47 0.94 -
TRINITY_DN3521_c0_g1_i2:3181-3453   -             91 544849at33208        -            133   1.2e-16   60.2   6.6   2   2   4.2e-12   2.6e-09   36.5   1.0     4    49    36    82    35    91 0.77 -
TRINITY_DN25579_c0_g1_i1:512-757    -             82 544849at33208        -            133     2e-16   59.5   1.0   1   2   1.1e-12   6.6e-10   38.4   0.2     3    41     2    40     1    50 0.92 -
TRINITY_DN25579_c0_g1_i1:512-757    -             82 544849at33208        -            133     2e-16   59.5   1.0   2   2   3.5e-07   0.00022   20.5   0.0     4    34    52    82    48    82 0.93 -
TRINITY_DN15200_c0_g1_i15:4618-5301 -            228 544849at33208        -            133     6e-14   51.5   1.3   1   2   3.4e-07   0.00021   20.6   0.2     4    39   143   178   140   194 0.84 -
TRINITY_DN15200_c0_g1_i15:4618-5301 -            228 544849at33208        -            133     6e-14   51.5   1.3   2   2     4e-10   2.4e-07   30.1   0.0    35    69   194   228   188   228 0.93 -
TRINITY_DN15200_c0_g1_i1:3270-3953  -            228 544849at33208        -            133     6e-14   51.5   1.3   1   2   3.4e-07   0.00021   20.6   0.2     4    39   143   178   140   194 0.84 -
TRINITY_DN15200_c0_g1_i1:3270-3953  -            228 544849at33208        -            133     6e-14   51.5   1.3   2   2     4e-10   2.4e-07   30.1   0.0    35    69   194   228   188   228 0.93 -
TRINITY_DN15200_c0_g1_i6:3706-4389  -            228 544849at33208        -            133     6e-14   51.5   1.3   1   2   3.4e-07   0.00021   20.6   0.2     4    39   143   178   140   194 0.84 -
TRINITY_DN15200_c0_g1_i6:3706-4389  -            228 544849at33208        -            133     6e-14   51.5   1.3   2   2     4e-10   2.4e-07   30.1   0.0    35    69   194   228   188   228 0.93 -
TRINITY_DN15200_c0_g1_i7:488-1171   -            228 544849at33208        -            133     6e-14   51.5   1.3   1   2   3.4e-07   0.00021   20.6   0.2     4    39   143   178   140   194 0.84 -
TRINITY_DN15200_c0_g1_i7:488-1171   -            228 544849at33208        -            133     6e-14   51.5   1.3   2   2     4e-10   2.4e-07   30.1   0.0    35    69   194   228   188   228 0.93 -
TRINITY_DN29703_c0_g1_i1:1170-1415  -             82 544849at33208        -            133   8.1e-14   51.1   0.7   1   1   1.6e-15   9.5e-13   47.6   0.7     2    69     3    82     2    82 0.86 -
TRINITY_DN29703_c0_g1_i6:3331-3576  -             82 544849at33208        -            133   8.1e-14   51.1   0.7   1   1   1.6e-15   9.5e-13   47.6   0.7     2    69     3    82     2    82 0.86 -
#
# Program:         hmmsearch
# Version:         3.1b2 (February 2015)
# Pipeline mode:   SEARCH
# Query file:      /busco_wd/busco_downloads/lineages/metazoa_odb10/hmms/544849at33208.hmm
# Target file:     /busco_wd/BUSCO/run_metazoa_odb10/metaeuk_output/initial_results/Trinity.fasta.modified.fas
# Option settings: hmmsearch --domtblout /busco_wd/BUSCO/run_metazoa_odb10/hmmer_output/initial_run_results/544849at33208.out --cpu 1 /busco_wd/busco_downloads/lineages/metazoa_odb10/hmms/544849at33208.hmm /busco_wd/BUSCO/run_metazoa_odb10/metaeuk_output/initial_results/Trinity.fasta.modified.fas 
# Current dir:     /busco_wd
# Date:            Tue Nov 23 09:04:02 2021
# [ok]
