#                                                                                           --- full sequence --- -------------- this domain -------------   hmm coord   ali coord   env coord
# target name                       accession   tlen query name           accession   qlen   E-value  score  bias   #  of  c-Evalue  i-Evalue  score  bias  from    to  from    to  from    to  acc description of target
#               ------------------- ---------- ----- -------------------- ---------- ----- --------- ------ ----- --- --- --------- --------- ------ ----- ----- ----- ----- ----- ----- ----- ---- ---------------------
TRINITY_DN3650_c0_g1_i1:443-1138    -            232 547099at33208        -            161   1.1e-66  222.8   8.2   1   2   1.6e-66   5.7e-65  217.2   1.2     1   156     1   160     1   168 0.91 -
TRINITY_DN3650_c0_g1_i1:443-1138    -            232 547099at33208        -            161   1.1e-66  222.8   8.2   2   2      0.01      0.35    9.8   0.8   142   159   214   231   187   232 0.80 -
TRINITY_DN1379_c0_g1_i2:106-1944    -            613 547099at33208        -            161   3.5e-27   94.4   4.1   1   5     0.039       1.4    7.9   0.3    11    97     3    90     1    95 0.72 -
TRINITY_DN1379_c0_g1_i2:106-1944    -            613 547099at33208        -            161   3.5e-27   94.4   4.1   2   5   1.2e-09   4.1e-08   32.4   0.0    10    75   104   169    93   184 0.85 -
TRINITY_DN1379_c0_g1_i2:106-1944    -            613 547099at33208        -            161   3.5e-27   94.4   4.1   3   5     0.022      0.76    8.7   0.0     6    39   286   319   282   322 0.90 -
TRINITY_DN1379_c0_g1_i2:106-1944    -            613 547099at33208        -            161   3.5e-27   94.4   4.1   4   5   3.8e-05    0.0013   17.7   0.4     8    99   392   493   386   496 0.77 -
TRINITY_DN1379_c0_g1_i2:106-1944    -            613 547099at33208        -            161   3.5e-27   94.4   4.1   5   5   2.2e-07   7.7e-06   25.0   0.0     7    83   494   577   488   594 0.78 -
TRINITY_DN1379_c0_g1_i8:106-2889    -            928 547099at33208        -            161   1.8e-26   92.0   8.5   1   6       2.8        98    1.9   0.2    13    78     4    69     1   141 0.77 -
TRINITY_DN1379_c0_g1_i8:106-2889    -            928 547099at33208        -            161   1.8e-26   92.0   8.5   2   6     0.021      0.74    8.8   0.2     8    97   315   405   308   410 0.73 -
TRINITY_DN1379_c0_g1_i8:106-2889    -            928 547099at33208        -            161   1.8e-26   92.0   8.5   3   6     2e-09   7.1e-08   31.6   0.0    10    75   419   484   408   499 0.86 -
TRINITY_DN1379_c0_g1_i8:106-2889    -            928 547099at33208        -            161   1.8e-26   92.0   8.5   4   6     0.035       1.2    8.1   0.0     6    39   601   634   597   637 0.90 -
TRINITY_DN1379_c0_g1_i8:106-2889    -            928 547099at33208        -            161   1.8e-26   92.0   8.5   5   6   6.7e-05    0.0023   16.9   0.4     8    98   707   807   701   811 0.76 -
TRINITY_DN1379_c0_g1_i8:106-2889    -            928 547099at33208        -            161   1.8e-26   92.0   8.5   6   6   3.7e-07   1.3e-05   24.2   0.0     7    83   809   892   801   909 0.78 -
TRINITY_DN9912_c2_g1_i1:696-2519    -            608 547099at33208        -            161   4.4e-26   90.8   1.8   1   4   3.3e-06   0.00011   21.2   0.0    12    66     2    56     1    74 0.90 -
TRINITY_DN9912_c2_g1_i1:696-2519    -            608 547099at33208        -            161   4.4e-26   90.8   1.8   2   4   5.5e-05    0.0019   17.2   0.1    11    76    89   153    81   172 0.89 -
TRINITY_DN9912_c2_g1_i1:696-2519    -            608 547099at33208        -            161   4.4e-26   90.8   1.8   3   4   5.4e-07   1.9e-05   23.7   0.2     8    89   179   265   172   277 0.82 -
TRINITY_DN9912_c2_g1_i1:696-2519    -            608 547099at33208        -            161   4.4e-26   90.8   1.8   4   4   2.9e-07     1e-05   24.6   0.0    11    77   285   350   279   354 0.93 -
TRINITY_DN1379_c0_g1_i3:106-2889    -            928 547099at33208        -            161   1.1e-25   89.5  11.0   1   6       4.2   1.5e+02    1.3   0.8    13    78     4    69     1   140 0.75 -
TRINITY_DN1379_c0_g1_i3:106-2889    -            928 547099at33208        -            161   1.1e-25   89.5  11.0   2   6     0.021      0.74    8.8   0.2     8    97   315   405   308   410 0.73 -
TRINITY_DN1379_c0_g1_i3:106-2889    -            928 547099at33208        -            161   1.1e-25   89.5  11.0   3   6     2e-09   7.1e-08   31.6   0.0    10    75   419   484   408   499 0.86 -
TRINITY_DN1379_c0_g1_i3:106-2889    -            928 547099at33208        -            161   1.1e-25   89.5  11.0   4   6     0.035       1.2    8.1   0.0     6    39   601   634   597   637 0.90 -
TRINITY_DN1379_c0_g1_i3:106-2889    -            928 547099at33208        -            161   1.1e-25   89.5  11.0   5   6   6.7e-05    0.0023   16.9   0.4     8    98   707   807   701   811 0.76 -
TRINITY_DN1379_c0_g1_i3:106-2889    -            928 547099at33208        -            161   1.1e-25   89.5  11.0   6   6   3.7e-07   1.3e-05   24.2   0.0     7    83   809   892   801   909 0.78 -
TRINITY_DN119436_c0_g1_i1:144-2165  -            674 547099at33208        -            161   4.7e-25   87.5   0.0   1   4    0.0018     0.063   12.3   0.0    12    67     2    57     1    78 0.83 -
TRINITY_DN119436_c0_g1_i1:144-2165  -            674 547099at33208        -            161   4.7e-25   87.5   0.0   2   4    0.0034      0.12   11.4   0.0     9    74    87   151    80   159 0.83 -
TRINITY_DN119436_c0_g1_i1:144-2165  -            674 547099at33208        -            161   4.7e-25   87.5   0.0   3   4   7.1e-11   2.5e-09   36.3   0.0    10    93   179   266   171   282 0.79 -
TRINITY_DN119436_c0_g1_i1:144-2165  -            674 547099at33208        -            161   4.7e-25   87.5   0.0   4   4   1.8e-06   6.3e-05   22.0   0.0    11    72   284   344   277   353 0.90 -
TRINITY_DN528_c7_g1_i1:280-1215     -            312 547099at33208        -            161   2.3e-23   82.0   0.0   1   3   2.2e-07   7.7e-06   25.0   0.0    15    79     4    68     1    85 0.83 -
TRINITY_DN528_c7_g1_i1:280-1215     -            312 547099at33208        -            161   2.3e-23   82.0   0.0   2   3   1.3e-08   4.7e-07   28.9   0.0     9    65    84   139    76   149 0.88 -
TRINITY_DN528_c7_g1_i1:280-1215     -            312 547099at33208        -            161   2.3e-23   82.0   0.0   3   3   2.5e-07   8.7e-06   24.8   0.0    11    64   251   304   242   309 0.93 -
TRINITY_DN2081_c0_g1_i3:276-2999    -            908 547099at33208        -            161   3.3e-23   81.4  17.8   1   5   5.5e-10   1.9e-08   33.4   0.1     9    88     2    85     1   109 0.81 -
TRINITY_DN2081_c0_g1_i3:276-2999    -            908 547099at33208        -            161   3.3e-23   81.4  17.8   2   5       4.1   1.4e+02    1.3   0.3     8    79   158   226   151   232 0.77 -
TRINITY_DN2081_c0_g1_i3:276-2999    -            908 547099at33208        -            161   3.3e-23   81.4  17.8   3   5   3.6e-05    0.0013   17.8   0.2     8    82   247   328   241   352 0.77 -
TRINITY_DN2081_c0_g1_i3:276-2999    -            908 547099at33208        -            161   3.3e-23   81.4  17.8   4   5   2.9e-08     1e-06   27.8   0.1     8    69   459   520   453   570 0.83 -
TRINITY_DN2081_c0_g1_i3:276-2999    -            908 547099at33208        -            161   3.3e-23   81.4  17.8   5   5     0.012      0.43    9.6   1.0    10   100   616   724   610   784 0.65 -
TRINITY_DN2081_c0_g1_i4:276-2993    -            906 547099at33208        -            161   3.7e-23   81.3  18.0   1   5   5.5e-10   1.9e-08   33.4   0.1     9    88     2    85     1   109 0.81 -
TRINITY_DN2081_c0_g1_i4:276-2993    -            906 547099at33208        -            161   3.7e-23   81.3  18.0   2   5       4.1   1.4e+02    1.3   0.3     8    79   158   226   151   232 0.77 -
TRINITY_DN2081_c0_g1_i4:276-2993    -            906 547099at33208        -            161   3.7e-23   81.3  18.0   3   5   3.6e-05    0.0013   17.8   0.2     8    82   247   328   241   352 0.77 -
TRINITY_DN2081_c0_g1_i4:276-2993    -            906 547099at33208        -            161   3.7e-23   81.3  18.0   4   5   2.8e-08   9.8e-07   27.9   0.1     7    69   456   518   450   568 0.83 -
TRINITY_DN2081_c0_g1_i4:276-2993    -            906 547099at33208        -            161   3.7e-23   81.3  18.0   5   5     0.012      0.43    9.6   1.0    10   100   614   722   608   782 0.65 -
TRINITY_DN883_c0_g1_i1:423-1448     -            342 547099at33208        -            161   5.5e-21   74.2   0.0   1   3   1.4e-07   4.9e-06   25.6   0.0    11    81    17    92     7    98 0.81 -
TRINITY_DN883_c0_g1_i1:423-1448     -            342 547099at33208        -            161   5.5e-21   74.2   0.0   2   3   2.7e-08   9.6e-07   27.9   0.0     8    77   100   169    93   174 0.92 -
TRINITY_DN883_c0_g1_i1:423-1448     -            342 547099at33208        -            161   5.5e-21   74.2   0.0   3   3   9.6e-05    0.0034   16.4   0.0    10    68   260   320   251   336 0.85 -
TRINITY_DN883_c0_g1_i3:423-1448     -            342 547099at33208        -            161   5.5e-21   74.2   0.0   1   3   1.4e-07   4.9e-06   25.6   0.0    11    81    17    92     7    98 0.81 -
TRINITY_DN883_c0_g1_i3:423-1448     -            342 547099at33208        -            161   5.5e-21   74.2   0.0   2   3   2.7e-08   9.6e-07   27.9   0.0     8    77   100   169    93   174 0.92 -
TRINITY_DN883_c0_g1_i3:423-1448     -            342 547099at33208        -            161   5.5e-21   74.2   0.0   3   3   9.6e-05    0.0034   16.4   0.0    10    68   260   320   251   336 0.85 -
TRINITY_DN883_c0_g1_i4:402-1427     -            342 547099at33208        -            161   5.5e-21   74.2   0.0   1   3   1.4e-07   4.9e-06   25.6   0.0    11    81    17    92     7    98 0.81 -
TRINITY_DN883_c0_g1_i4:402-1427     -            342 547099at33208        -            161   5.5e-21   74.2   0.0   2   3   2.7e-08   9.6e-07   27.9   0.0     8    77   100   169    93   174 0.92 -
TRINITY_DN883_c0_g1_i4:402-1427     -            342 547099at33208        -            161   5.5e-21   74.2   0.0   3   3   9.6e-05    0.0034   16.4   0.0    10    68   260   320   251   336 0.85 -
TRINITY_DN883_c0_g1_i7:402-1427     -            342 547099at33208        -            161   2.5e-20   72.1   0.1   1   3   6.1e-07   2.2e-05   23.5   0.0    11    81    17    92     7    99 0.81 -
TRINITY_DN883_c0_g1_i7:402-1427     -            342 547099at33208        -            161   2.5e-20   72.1   0.1   2   3   2.7e-08   9.6e-07   27.9   0.0     8    77   100   169    93   174 0.92 -
TRINITY_DN883_c0_g1_i7:402-1427     -            342 547099at33208        -            161   2.5e-20   72.1   0.1   3   3   9.6e-05    0.0034   16.4   0.0    10    68   260   320   251   336 0.85 -
TRINITY_DN21466_c0_g1_i1:299-790    -            164 547099at33208        -            161   1.5e-19   69.5   0.2   1   2   3.3e-12   1.2e-10   40.6   0.0    20    76    15    71     3    92 0.90 -
TRINITY_DN21466_c0_g1_i1:299-790    -            164 547099at33208        -            161   1.5e-19   69.5   0.2   2   2   4.9e-08   1.7e-06   27.1   0.0    17    67   108   158    96   163 0.91 -
TRINITY_DN522_c0_g1_i11:116-367     -             84 547099at33208        -            161   9.9e-16   57.1   0.0   1   1   3.1e-17   1.1e-15   57.0   0.0     5    81     2    83     1    84 0.88 -
TRINITY_DN522_c0_g1_i8:116-367      -             84 547099at33208        -            161   9.9e-16   57.1   0.0   1   1   3.1e-17   1.1e-15   57.0   0.0     5    81     2    83     1    84 0.88 -
TRINITY_DN2081_c0_g1_i5:56-1225     -            390 547099at33208        -            161   2.1e-15   56.0   6.9   1   3   9.4e-11   3.3e-09   35.9   0.0     9    88    10    93     4   119 0.81 -
TRINITY_DN2081_c0_g1_i5:56-1225     -            390 547099at33208        -            161   2.1e-15   56.0   6.9   2   3       1.3        45    3.0   0.3     8    79   166   234   159   240 0.78 -
TRINITY_DN2081_c0_g1_i5:56-1225     -            390 547099at33208        -            161   2.1e-15   56.0   6.9   3   3     1e-05   0.00037   19.5   0.4     8    82   255   336   248   371 0.78 -
TRINITY_DN12143_c0_g1_i4:589-834    -             82 547099at33208        -            161   4.4e-15   55.0   0.1   1   1   1.3e-16   4.5e-15   55.0   0.1     9    79     4    80     1    82 0.81 -
TRINITY_DN38314_c0_g1_i1:461-706    -             82 547099at33208        -            161   6.7e-15   54.4   0.0   1   1   2.1e-16   7.3e-15   54.3   0.0     9    81     4    81     1    82 0.88 -
TRINITY_DN250_c0_g1_i12:71-322      -             84 547099at33208        -            161   2.8e-14   52.4   0.0   1   1   8.7e-16   3.1e-14   52.3   0.0     8    83     3    83     1    84 0.89 -
TRINITY_DN27189_c0_g1_i1:139-369    -             77 547099at33208        -            161   3.3e-14   52.2   0.0   1   1     1e-15   3.7e-14   52.0   0.0    12    82     1    76     1    77 0.89 -
TRINITY_DN2081_c0_g1_i9:276-2531    -            752 547099at33208        -            161   4.4e-14   51.8  13.5   1   4       4.4   1.5e+02    1.2   0.2     9    79     5    72     2    78 0.74 -
TRINITY_DN2081_c0_g1_i9:276-2531    -            752 547099at33208        -            161   4.4e-14   51.8  13.5   2   4   2.8e-05   0.00098   18.1   0.2     8    82    93   174    87   198 0.77 -
TRINITY_DN2081_c0_g1_i9:276-2531    -            752 547099at33208        -            161   4.4e-14   51.8  13.5   3   4   2.2e-08   7.6e-07   28.2   0.1     7    69   302   364   296   414 0.83 -
TRINITY_DN2081_c0_g1_i9:276-2531    -            752 547099at33208        -            161   4.4e-14   51.8  13.5   4   4    0.0092      0.32   10.0   1.0    10   100   460   568   454   628 0.64 -
TRINITY_DN2081_c0_g1_i7:276-2531    -            752 547099at33208        -            161   4.4e-14   51.8  13.5   1   4       4.4   1.5e+02    1.2   0.2     9    79     5    72     2    78 0.74 -
TRINITY_DN2081_c0_g1_i7:276-2531    -            752 547099at33208        -            161   4.4e-14   51.8  13.5   2   4   2.8e-05   0.00098   18.1   0.2     8    82    93   174    87   198 0.77 -
TRINITY_DN2081_c0_g1_i7:276-2531    -            752 547099at33208        -            161   4.4e-14   51.8  13.5   3   4   2.2e-08   7.6e-07   28.2   0.1     7    69   302   364   296   414 0.83 -
TRINITY_DN2081_c0_g1_i7:276-2531    -            752 547099at33208        -            161   4.4e-14   51.8  13.5   4   4    0.0092      0.32   10.0   1.0    10   100   460   568   454   628 0.64 -
TRINITY_DN2081_c0_g1_i1:276-2531    -            752 547099at33208        -            161   4.4e-14   51.8  13.5   1   4       4.4   1.5e+02    1.2   0.2     9    79     5    72     2    78 0.74 -
TRINITY_DN2081_c0_g1_i1:276-2531    -            752 547099at33208        -            161   4.4e-14   51.8  13.5   2   4   2.8e-05   0.00098   18.1   0.2     8    82    93   174    87   198 0.77 -
TRINITY_DN2081_c0_g1_i1:276-2531    -            752 547099at33208        -            161   4.4e-14   51.8  13.5   3   4   2.2e-08   7.6e-07   28.2   0.1     7    69   302   364   296   414 0.83 -
TRINITY_DN2081_c0_g1_i1:276-2531    -            752 547099at33208        -            161   4.4e-14   51.8  13.5   4   4    0.0092      0.32   10.0   1.0    10   100   460   568   454   628 0.64 -
TRINITY_DN250_c0_g1_i10:71-316      -             82 547099at33208        -            161   2.5e-13   49.3   0.0   1   1   7.6e-15   2.7e-13   49.2   0.0     8    81     3    81     1    82 0.88 -
TRINITY_DN250_c0_g1_i17:71-316      -             82 547099at33208        -            161   2.5e-13   49.3   0.0   1   1   7.6e-15   2.7e-13   49.2   0.0     8    81     3    81     1    82 0.88 -
TRINITY_DN250_c0_g1_i18:71-316      -             82 547099at33208        -            161   2.5e-13   49.3   0.0   1   1   7.6e-15   2.7e-13   49.2   0.0     8    81     3    81     1    82 0.88 -
TRINITY_DN250_c0_g1_i19:71-316      -             82 547099at33208        -            161   2.5e-13   49.3   0.0   1   1   7.6e-15   2.7e-13   49.2   0.0     8    81     3    81     1    82 0.88 -
TRINITY_DN250_c0_g1_i23:71-316      -             82 547099at33208        -            161   2.5e-13   49.3   0.0   1   1   7.6e-15   2.7e-13   49.2   0.0     8    81     3    81     1    82 0.88 -
TRINITY_DN250_c0_g1_i25:71-316      -             82 547099at33208        -            161   2.5e-13   49.3   0.0   1   1   7.6e-15   2.7e-13   49.2   0.0     8    81     3    81     1    82 0.88 -
TRINITY_DN250_c0_g1_i2:71-316       -             82 547099at33208        -            161   2.5e-13   49.3   0.0   1   1   7.6e-15   2.7e-13   49.2   0.0     8    81     3    81     1    82 0.88 -
TRINITY_DN250_c0_g1_i8:71-316       -             82 547099at33208        -            161   2.5e-13   49.3   0.0   1   1   7.6e-15   2.7e-13   49.2   0.0     8    81     3    81     1    82 0.88 -
TRINITY_DN250_c0_g1_i1:26-259       -             78 547099at33208        -            161   4.6e-13   48.5   0.0   1   1   1.4e-14   5.1e-13   48.3   0.0    13    83     2    77     1    78 0.90 -
TRINITY_DN250_c0_g1_i20:26-259      -             78 547099at33208        -            161   4.6e-13   48.5   0.0   1   1   1.4e-14   5.1e-13   48.3   0.0    13    83     2    77     1    78 0.90 -
TRINITY_DN250_c0_g1_i21:26-259      -             78 547099at33208        -            161   4.6e-13   48.5   0.0   1   1   1.4e-14   5.1e-13   48.3   0.0    13    83     2    77     1    78 0.90 -
TRINITY_DN4796_c0_g1_i1:631-1146    -            172 547099at33208        -            161   4.8e-13   48.4   1.6   1   1   2.8e-14   9.8e-13   47.4   1.6    10   101    37   135    30   172 0.72 -
TRINITY_DN522_c0_g1_i12:128-343     -             72 547099at33208        -            161   1.5e-12   46.8   0.0   1   1   4.2e-14   1.5e-12   46.8   0.0    10    66     3    59     1    72 0.90 -
TRINITY_DN522_c0_g1_i14:128-343     -             72 547099at33208        -            161   1.5e-12   46.8   0.0   1   1   4.2e-14   1.5e-12   46.8   0.0    10    66     3    59     1    72 0.90 -
TRINITY_DN522_c0_g1_i15:128-343     -             72 547099at33208        -            161   1.5e-12   46.8   0.0   1   1   4.2e-14   1.5e-12   46.8   0.0    10    66     3    59     1    72 0.90 -
TRINITY_DN522_c0_g1_i2:128-343      -             72 547099at33208        -            161   1.5e-12   46.8   0.0   1   1   4.2e-14   1.5e-12   46.8   0.0    10    66     3    59     1    72 0.90 -
TRINITY_DN16080_c0_g1_i1:149-382    -             78 547099at33208        -            161   1.6e-12   46.7   0.0   1   1   4.8e-14   1.7e-12   46.6   0.0     8    77     4    78     1    78 0.86 -
TRINITY_DN16080_c0_g1_i2:126-359    -             78 547099at33208        -            161   1.6e-12   46.7   0.0   1   1   4.8e-14   1.7e-12   46.6   0.0     8    77     4    78     1    78 0.86 -
TRINITY_DN5401_c0_g1_i1:37-285      -             83 547099at33208        -            161   2.7e-12   46.0   0.0   1   1   8.4e-14   2.9e-12   45.8   0.0     7    75    14    82     8    83 0.94 -
TRINITY_DN5401_c0_g1_i3:37-285      -             83 547099at33208        -            161   2.7e-12   46.0   0.0   1   1   8.4e-14   2.9e-12   45.8   0.0     7    75    14    82     8    83 0.94 -
TRINITY_DN1727_c0_g1_i6:2382-2870   -            163 547099at33208        -            161   3.8e-12   45.5   0.0   1   2   8.6e-12     3e-10   39.3   0.0     8    96     2    95     1   104 0.84 -
TRINITY_DN1727_c0_g1_i6:2382-2870   -            163 547099at33208        -            161   3.8e-12   45.5   0.0   2   2      0.49        17    4.3   0.0    12    39   133   160   125   162 0.82 -
TRINITY_DN7027_c0_g1_i10:992-1213   -             74 547099at33208        -            161   6.1e-12   44.8   0.0   1   1   2.1e-13   7.3e-12   44.5   0.0    12    77     1    71     1    73 0.89 -
TRINITY_DN7027_c0_g1_i15:1509-1730  -             74 547099at33208        -            161   6.1e-12   44.8   0.0   1   1   2.1e-13   7.3e-12   44.5   0.0    12    77     1    71     1    73 0.89 -
TRINITY_DN7027_c0_g1_i2:1775-1996   -             74 547099at33208        -            161   6.1e-12   44.8   0.0   1   1   2.1e-13   7.3e-12   44.5   0.0    12    77     1    71     1    73 0.89 -
TRINITY_DN1770_c0_g1_i10:2460-2747  -             96 547099at33208        -            161   6.5e-12   44.7   0.0   1   1   1.9e-13   6.8e-12   44.7   0.0     9    86     1    82     1    96 0.85 -
TRINITY_DN1770_c0_g1_i1:2460-2747   -             96 547099at33208        -            161   6.5e-12   44.7   0.0   1   1   1.9e-13   6.8e-12   44.7   0.0     9    86     1    82     1    96 0.85 -
TRINITY_DN1770_c0_g1_i8:2460-2747   -             96 547099at33208        -            161   6.5e-12   44.7   0.0   1   1   1.9e-13   6.8e-12   44.7   0.0     9    86     1    82     1    96 0.85 -
TRINITY_DN2654_c0_g1_i1:167-547     -            127 547099at33208        -            161   6.7e-12   44.7   0.0   1   2   1.6e-09   5.5e-08   32.0   0.0    11    64    11    64     2    88 0.86 -
TRINITY_DN2654_c0_g1_i1:167-547     -            127 547099at33208        -            161   6.7e-12   44.7   0.0   2   2    0.0041      0.14   11.1   0.0    10    39    98   127    93   127 0.92 -
TRINITY_DN2654_c0_g1_i6:167-547     -            127 547099at33208        -            161   6.7e-12   44.7   0.0   1   2   1.6e-09   5.5e-08   32.0   0.0    11    64    11    64     2    88 0.86 -
TRINITY_DN2654_c0_g1_i6:167-547     -            127 547099at33208        -            161   6.7e-12   44.7   0.0   2   2    0.0041      0.14   11.1   0.0    10    39    98   127    93   127 0.92 -
TRINITY_DN2654_c0_g1_i8:167-547     -            127 547099at33208        -            161   6.7e-12   44.7   0.0   1   2   1.6e-09   5.5e-08   32.0   0.0    11    64    11    64     2    88 0.86 -
TRINITY_DN2654_c0_g1_i8:167-547     -            127 547099at33208        -            161   6.7e-12   44.7   0.0   2   2    0.0041      0.14   11.1   0.0    10    39    98   127    93   127 0.92 -
TRINITY_DN1727_c0_g1_i12:2382-2843  -            154 547099at33208        -            161   1.1e-11   44.0   0.0   1   2   3.4e-11   1.2e-09   37.3   0.0     8    78     2    77     1    92 0.86 -
TRINITY_DN1727_c0_g1_i12:2382-2843  -            154 547099at33208        -            161   1.1e-11   44.0   0.0   2   2      0.35        12    4.8   0.0    12    39   124   151   116   153 0.82 -
TRINITY_DN1727_c0_g1_i4:2383-2844   -            154 547099at33208        -            161   1.4e-11   43.6   0.0   1   2   3.4e-11   1.2e-09   37.3   0.0     8    78     2    77     1    92 0.86 -
TRINITY_DN1727_c0_g1_i4:2383-2844   -            154 547099at33208        -            161   1.4e-11   43.6   0.0   2   2      0.45        16    4.5   0.0    12    39   124   151   116   153 0.82 -
TRINITY_DN522_c0_g1_i13:36-287      -             84 547099at33208        -            161   1.4e-11   43.6   0.0   1   1   4.6e-13   1.6e-11   43.4   0.0     7    77     9    84     4    84 0.86 -
TRINITY_DN522_c0_g1_i1:36-287       -             84 547099at33208        -            161   1.4e-11   43.6   0.0   1   1   4.6e-13   1.6e-11   43.4   0.0     7    77     9    84     4    84 0.86 -
TRINITY_DN883_c0_g1_i5:921-1313     -            131 547099at33208        -            161   1.9e-11   43.2   0.0   1   2    0.0021     0.074   12.0   0.0    35    81     3    54     1    61 0.75 -
TRINITY_DN883_c0_g1_i5:921-1313     -            131 547099at33208        -            161   1.9e-11   43.2   0.0   2   2   6.4e-09   2.3e-07   30.0   0.0     7    76    61   130    54   131 0.93 -
TRINITY_DN36654_c0_g1_i2:663-1106   -            148 547099at33208        -            161   2.1e-11   43.1   0.0   1   2   1.4e-06   4.8e-05   22.4   0.0    15    81     4    75     1    83 0.80 -
TRINITY_DN36654_c0_g1_i2:663-1106   -            148 547099at33208        -            161   2.1e-11   43.1   0.0   2   2   1.3e-05   0.00046   19.2   0.0     9    65    84   139    77   146 0.90 -
TRINITY_DN1199_c1_g1_i1:115-1014    -            300 547099at33208        -            161   4.2e-11   42.1   0.4   1   2       7.6   2.7e+02    0.5   0.3    30    49    46    65    30    72 0.79 -
TRINITY_DN1199_c1_g1_i1:115-1014    -            300 547099at33208        -            161   4.2e-11   42.1   0.4   2   2   9.1e-12   3.2e-10   39.2   0.0     7    72   216   281   210   289 0.90 -
TRINITY_DN138_c0_g1_i1:274-537      -             88 547099at33208        -            161   7.8e-11   41.2   0.0   1   1   2.4e-12   8.3e-11   41.1   0.0    13    79    15    86     8    88 0.83 -
TRINITY_DN138_c0_g1_i6:262-525      -             88 547099at33208        -            161   7.8e-11   41.2   0.0   1   1   2.4e-12   8.3e-11   41.1   0.0    13    79    15    86     8    88 0.83 -
TRINITY_DN138_c0_g1_i8:520-795      -             92 547099at33208        -            161   8.3e-11   41.1   0.0   1   1   2.6e-12     9e-11   41.0   0.0    13    79    19    90    12    92 0.82 -
TRINITY_DN250_c0_g1_i11:26-235      -             70 547099at33208        -            161   1.8e-10   40.1   0.0   1   1     5e-12   1.8e-10   40.1   0.0    13    69     2    58     1    70 0.86 -
TRINITY_DN15691_c0_g1_i10:523-813   -             97 547099at33208        -            161     2e-10   39.9   0.0   1   1   6.4e-12   2.3e-10   39.7   0.0    14    77    25    88    18    97 0.91 -
TRINITY_DN15691_c0_g1_i3:523-813    -             97 547099at33208        -            161     2e-10   39.9   0.0   1   1   6.4e-12   2.3e-10   39.7   0.0    14    77    25    88    18    97 0.91 -
TRINITY_DN15691_c0_g1_i4:523-813    -             97 547099at33208        -            161     2e-10   39.9   0.0   1   1   6.4e-12   2.3e-10   39.7   0.0    14    77    25    88    18    97 0.91 -
TRINITY_DN15691_c0_g1_i8:225-515    -             97 547099at33208        -            161     2e-10   39.9   0.0   1   1   6.4e-12   2.3e-10   39.7   0.0    14    77    25    88    18    97 0.91 -
TRINITY_DN15691_c0_g1_i9:942-1232   -             97 547099at33208        -            161     2e-10   39.9   0.0   1   1   6.4e-12   2.3e-10   39.7   0.0    14    77    25    88    18    97 0.91 -
TRINITY_DN3778_c0_g1_i2:1162-1584   -            141 547099at33208        -            161   2.7e-10   39.5   0.0   1   2   6.1e-09   2.1e-07   30.0   0.0    10    89     7    90     1    98 0.80 -
TRINITY_DN3778_c0_g1_i2:1162-1584   -            141 547099at33208        -            161   2.7e-10   39.5   0.0   2   2     0.038       1.3    7.9   0.0     9    41   108   140    99   141 0.89 -
TRINITY_DN3778_c0_g1_i3:1120-1542   -            141 547099at33208        -            161   2.7e-10   39.5   0.0   1   2   6.1e-09   2.1e-07   30.0   0.0    10    89     7    90     1    98 0.80 -
TRINITY_DN3778_c0_g1_i3:1120-1542   -            141 547099at33208        -            161   2.7e-10   39.5   0.0   2   2     0.038       1.3    7.9   0.0     9    41   108   140    99   141 0.89 -
TRINITY_DN67501_c0_g1_i1:110-703    -            198 547099at33208        -            161   3.1e-10   39.3   0.8   1   1   2.5e-11   8.7e-10   37.8   0.0    10    66   121   177   113   188 0.93 -
TRINITY_DN1419_c0_g1_i1:1086-1322   -             79 547099at33208        -            161   3.9e-10   38.9   0.0   1   1   1.1e-11     4e-10   38.9   0.0    10    73     2    65     1    79 0.87 -
TRINITY_DN5249_c0_g1_i1:1395-1640   -             82 547099at33208        -            161     6e-10   38.3   0.1   1   1   1.8e-11   6.1e-10   38.3   0.1    12    66     3    57     1    81 0.84 -
TRINITY_DN4118_c0_g1_i2:107-415     -            103 547099at33208        -            161   7.8e-10   38.0   0.0   1   1   2.5e-11   8.7e-10   37.8   0.0    10    83     4    82     1    98 0.86 -
TRINITY_DN4118_c0_g1_i6:107-415     -            103 547099at33208        -            161   7.8e-10   38.0   0.0   1   1   2.5e-11   8.7e-10   37.8   0.0    10    83     4    82     1    98 0.86 -
TRINITY_DN4118_c0_g1_i7:107-415     -            103 547099at33208        -            161   7.8e-10   38.0   0.0   1   1   2.5e-11   8.7e-10   37.8   0.0    10    83     4    82     1    98 0.86 -
TRINITY_DN4118_c0_g1_i8:107-415     -            103 547099at33208        -            161   7.8e-10   38.0   0.0   1   1   2.5e-11   8.7e-10   37.8   0.0    10    83     4    82     1    98 0.86 -
TRINITY_DN18949_c0_g1_i1:716-1000   -             95 547099at33208        -            161   9.1e-10   37.8   0.0   1   1   3.1e-11   1.1e-09   37.5   0.0     9    76    21    88    15    93 0.92 -
TRINITY_DN18949_c0_g1_i2:716-1000   -             95 547099at33208        -            161   9.1e-10   37.8   0.0   1   1   3.1e-11   1.1e-09   37.5   0.0     9    76    21    88    15    93 0.92 -
TRINITY_DN18949_c0_g1_i3:743-1027   -             95 547099at33208        -            161   9.1e-10   37.8   0.0   1   1   3.1e-11   1.1e-09   37.5   0.0     9    76    21    88    15    93 0.92 -
TRINITY_DN18949_c0_g1_i5:239-523    -             95 547099at33208        -            161   9.1e-10   37.8   0.0   1   1   3.1e-11   1.1e-09   37.5   0.0     9    76    21    88    15    93 0.92 -
TRINITY_DN9310_c0_g1_i1:112-333     -             74 547099at33208        -            161   1.1e-09   37.5   0.0   1   1   3.2e-11   1.1e-09   37.4   0.0    12    78     1    67     1    74 0.90 -
TRINITY_DN205664_c0_g1_i1:0-215     -             72 547099at33208        -            161   1.5e-09   37.0   0.0   1   1   4.8e-11   1.7e-09   36.9   0.0    14    77     3    66     1    70 0.96 -
TRINITY_DN22972_c0_g1_i1:813-974    -             54 547099at33208        -            161     3e-09   36.1   0.0   1   1   8.7e-11   3.1e-09   36.0   0.0    14    64     4    54     1    54 0.96 -
TRINITY_DN22972_c0_g1_i2:103-264    -             54 547099at33208        -            161     3e-09   36.1   0.0   1   1   8.7e-11   3.1e-09   36.0   0.0    14    64     4    54     1    54 0.96 -
TRINITY_DN22972_c0_g1_i3:271-432    -             54 547099at33208        -            161     3e-09   36.1   0.0   1   1   8.7e-11   3.1e-09   36.0   0.0    14    64     4    54     1    54 0.96 -
TRINITY_DN25330_c0_g1_i2:321-677    -            119 547099at33208        -            161   3.8e-09   35.7   0.0   1   1   1.5e-10   5.3e-09   35.3   0.0    11    66    10    65     3    93 0.88 -
TRINITY_DN593_c0_g1_i10:1571-1879   -            103 547099at33208        -            161   4.4e-09   35.5   0.0   1   1   1.3e-10   4.4e-09   35.5   0.0     7    78     6    76     1   103 0.82 -
TRINITY_DN593_c0_g1_i3:1571-1879    -            103 547099at33208        -            161   4.4e-09   35.5   0.0   1   1   1.3e-10   4.4e-09   35.5   0.0     7    78     6    76     1   103 0.82 -
TRINITY_DN593_c0_g1_i7:1571-1879    -            103 547099at33208        -            161   4.4e-09   35.5   0.0   1   1   1.3e-10   4.4e-09   35.5   0.0     7    78     6    76     1   103 0.82 -
TRINITY_DN593_c0_g1_i8:1571-1879    -            103 547099at33208        -            161   4.4e-09   35.5   0.0   1   1   1.3e-10   4.4e-09   35.5   0.0     7    78     6    76     1   103 0.82 -
TRINITY_DN11130_c0_g1_i33:853-1179  -            109 547099at33208        -            161   5.1e-09   35.3   0.0   1   1   1.6e-10   5.8e-09   35.1   0.0    12    77     2    72     1    87 0.85 -
TRINITY_DN11130_c0_g1_i57:884-1210  -            109 547099at33208        -            161   5.1e-09   35.3   0.0   1   1   1.6e-10   5.8e-09   35.1   0.0    12    77     2    72     1    87 0.85 -
TRINITY_DN522_c0_g1_i10:36-215      -             60 547099at33208        -            161   5.6e-09   35.2   0.0   1   1   1.8e-10   6.3e-09   35.0   0.0     7    58     9    60     4    60 0.94 -
TRINITY_DN195229_c0_g1_i1:112-486   -            125 547099at33208        -            161   7.6e-09   34.7   0.0   1   2   3.7e-07   1.3e-05   24.3   0.0    10    68     5    61     1    81 0.83 -
TRINITY_DN195229_c0_g1_i1:112-486   -            125 547099at33208        -            161   7.6e-09   34.7   0.0   2   2     0.019      0.65    9.0   0.0     5    37    90   122    86   124 0.89 -
TRINITY_DN23252_c1_g1_i1:52-306     -             85 547099at33208        -            161   8.2e-09   34.6   0.0   1   1   2.6e-10     9e-09   34.5   0.0    14    79    13    83     6    85 0.83 -
TRINITY_DN4599_c0_g1_i10:3341-3613  -             91 547099at33208        -            161   1.9e-08   33.5   0.0   1   1   5.7e-10     2e-08   33.4   0.0    11    65     9    63     3    85 0.90 -
TRINITY_DN4599_c0_g1_i1:3035-3307   -             91 547099at33208        -            161   1.9e-08   33.5   0.0   1   1   5.7e-10     2e-08   33.4   0.0    11    65     9    63     3    85 0.90 -
TRINITY_DN4599_c0_g1_i3:3032-3304   -             91 547099at33208        -            161   1.9e-08   33.5   0.0   1   1   5.7e-10     2e-08   33.4   0.0    11    65     9    63     3    85 0.90 -
TRINITY_DN143081_c0_g1_i1:30-380    -            117 547099at33208        -            161     2e-08   33.4   0.0   1   2   1.1e-06   3.7e-05   22.7   0.0    18    96     3    89     1    90 0.71 -
TRINITY_DN143081_c0_g1_i1:30-380    -            117 547099at33208        -            161     2e-08   33.4   0.0   2   2    0.0056       0.2   10.6   0.0     3    37    82   116    79   117 0.92 -
TRINITY_DN3816_c0_g1_i2:215-565     -            117 547099at33208        -            161   2.1e-08   33.3   0.0   1   1   1.8e-09   6.3e-08   31.8   0.0    12    74     2    64     1    73 0.92 -
TRINITY_DN3816_c0_g1_i3:215-565     -            117 547099at33208        -            161   2.1e-08   33.3   0.0   1   1   1.8e-09   6.3e-08   31.8   0.0    12    74     2    64     1    73 0.92 -
TRINITY_DN3816_c0_g1_i4:215-565     -            117 547099at33208        -            161   2.1e-08   33.3   0.0   1   1   1.8e-09   6.3e-08   31.8   0.0    12    74     2    64     1    73 0.92 -
TRINITY_DN3816_c0_g1_i5:215-565     -            117 547099at33208        -            161   2.1e-08   33.3   0.0   1   1   1.8e-09   6.3e-08   31.8   0.0    12    74     2    64     1    73 0.92 -
TRINITY_DN190021_c0_g1_i1:192-443   -             84 547099at33208        -            161   2.2e-08   33.3   0.0   1   1   7.1e-10   2.5e-08   33.1   0.0    11    81     5    79     2    84 0.84 -
TRINITY_DN13748_c0_g2_i1:506-1027   -            174 547099at33208        -            161   5.5e-08   31.9   0.0   1   2       2.1        72    2.3   0.0    51    77     1    27     1    31 0.89 -
TRINITY_DN13748_c0_g2_i1:506-1027   -            174 547099at33208        -            161   5.5e-08   31.9   0.0   2   2     3e-08   1.1e-06   27.8   0.0    10    67    96   155    87   173 0.86 -
TRINITY_DN13748_c0_g2_i2:506-1027   -            174 547099at33208        -            161   5.5e-08   31.9   0.0   1   2       2.1        72    2.3   0.0    51    77     1    27     1    31 0.89 -
TRINITY_DN13748_c0_g2_i2:506-1027   -            174 547099at33208        -            161   5.5e-08   31.9   0.0   2   2     3e-08   1.1e-06   27.8   0.0    10    67    96   155    87   173 0.86 -
TRINITY_DN7997_c0_g1_i23:2094-2276  -             61 547099at33208        -            161   7.7e-08   31.5   0.0   1   1   2.2e-09   7.7e-08   31.5   0.0    14    65     4    55     1    61 0.93 -
TRINITY_DN7997_c0_g1_i5:2285-2467   -             61 547099at33208        -            161   7.7e-08   31.5   0.0   1   1   2.2e-09   7.7e-08   31.5   0.0    14    65     4    55     1    61 0.93 -
TRINITY_DN7997_c0_g1_i8:2076-2258   -             61 547099at33208        -            161   7.7e-08   31.5   0.0   1   1   2.2e-09   7.7e-08   31.5   0.0    14    65     4    55     1    61 0.93 -
TRINITY_DN104708_c0_g1_i1:7-171     -             55 547099at33208        -            161   1.1e-07   31.0   0.0   1   1   3.5e-09   1.2e-07   30.8   0.0    11    61     4    54     2    55 0.95 -
TRINITY_DN384_c0_g1_i1:193-792      -            200 547099at33208        -            161   2.1e-07   30.1   0.4   1   1   2.4e-08   8.5e-07   28.1   0.0    10    77    70   137    64   158 0.84 -
TRINITY_DN384_c0_g1_i3:193-792      -            200 547099at33208        -            161   2.1e-07   30.1   0.4   1   1   2.4e-08   8.5e-07   28.1   0.0    10    77    70   137    64   158 0.84 -
TRINITY_DN384_c0_g1_i9:193-792      -            200 547099at33208        -            161   2.1e-07   30.1   0.4   1   1   2.4e-08   8.5e-07   28.1   0.0    10    77    70   137    64   158 0.84 -
TRINITY_DN528_c7_g1_i1:649-1260     -            204 547099at33208        -            161   2.6e-07   29.8   0.0   1   2       4.7   1.6e+02    1.1   0.0    50    65     1    16     1    26 0.83 -
TRINITY_DN528_c7_g1_i1:649-1260     -            204 547099at33208        -            161   2.6e-07   29.8   0.0   2   2   7.6e-08   2.7e-06   26.5   0.0    11    66   128   183   119   194 0.90 -
TRINITY_DN906_c0_g1_i3:17-385       -            123 547099at33208        -            161   2.8e-07   29.7   0.0   1   1   1.3e-08   4.7e-07   28.9   0.0    11    72    18    76     8    85 0.85 -
TRINITY_DN906_c0_g1_i6:17-385       -            123 547099at33208        -            161   2.8e-07   29.7   0.0   1   1   1.3e-08   4.7e-07   28.9   0.0    11    72    18    76     8    85 0.85 -
TRINITY_DN906_c0_g1_i8:17-385       -            123 547099at33208        -            161   2.8e-07   29.7   0.0   1   1   1.3e-08   4.7e-07   28.9   0.0    11    72    18    76     8    85 0.85 -
TRINITY_DN1061_c0_g1_i2:626-1033    -            136 547099at33208        -            161   3.1e-07   29.5   0.3   1   2       3.3   1.2e+02    1.7   0.6   125   147    10    32     3    41 0.81 -
TRINITY_DN1061_c0_g1_i2:626-1033    -            136 547099at33208        -            161   3.1e-07   29.5   0.3   2   2   1.2e-07   4.2e-06   25.8   0.0     7    71    47   111    40   127 0.89 -
TRINITY_DN3778_c0_g1_i4:102-335     -             78 547099at33208        -            161   3.5e-07   29.4   0.0   1   1     1e-08   3.5e-07   29.3   0.0     9    62     6    59     1    73 0.91 -
TRINITY_DN4396_c0_g1_i3:662-883     -             74 547099at33208        -            161   4.1e-07   29.1   0.0   1   1   1.3e-08   4.4e-07   29.0   0.0    10    77     2    73     1    74 0.89 -
TRINITY_DN4396_c0_g1_i4:659-880     -             74 547099at33208        -            161   4.1e-07   29.1   0.0   1   1   1.3e-08   4.4e-07   29.0   0.0    10    77     2    73     1    74 0.89 -
TRINITY_DN4396_c0_g1_i7:662-883     -             74 547099at33208        -            161   4.1e-07   29.1   0.0   1   1   1.3e-08   4.4e-07   29.0   0.0    10    77     2    73     1    74 0.89 -
TRINITY_DN417_c0_g1_i4:276-491      -             72 547099at33208        -            161   6.7e-07   28.4   0.0   1   1     2e-08   6.9e-07   28.4   0.0    11    65     2    56     1    70 0.95 -
TRINITY_DN2570_c0_g1_i1:795-1124    -            110 547099at33208        -            161   6.9e-07   28.4   0.0   1   1   2.5e-08   8.8e-07   28.0   0.0     9    65    36    92    28   107 0.92 -
TRINITY_DN2570_c0_g1_i2:782-1111    -            110 547099at33208        -            161   6.9e-07   28.4   0.0   1   1   2.5e-08   8.8e-07   28.0   0.0     9    65    36    92    28   107 0.92 -
TRINITY_DN2570_c0_g1_i3:2301-2630   -            110 547099at33208        -            161   6.9e-07   28.4   0.0   1   1   2.5e-08   8.8e-07   28.0   0.0     9    65    36    92    28   107 0.92 -
TRINITY_DN2570_c0_g1_i4:82-411      -            110 547099at33208        -            161   6.9e-07   28.4   0.0   1   1   2.5e-08   8.8e-07   28.0   0.0     9    65    36    92    28   107 0.92 -
TRINITY_DN2570_c0_g1_i5:1645-1974   -            110 547099at33208        -            161   6.9e-07   28.4   0.0   1   1   2.5e-08   8.8e-07   28.0   0.0     9    65    36    92    28   107 0.92 -
TRINITY_DN2570_c0_g1_i7:48-377      -            110 547099at33208        -            161   6.9e-07   28.4   0.0   1   1   2.5e-08   8.8e-07   28.0   0.0     9    65    36    92    28   107 0.92 -
TRINITY_DN2570_c0_g1_i8:795-1124    -            110 547099at33208        -            161   6.9e-07   28.4   0.0   1   1   2.5e-08   8.8e-07   28.0   0.0     9    65    36    92    28   107 0.92 -
TRINITY_DN36654_c0_g1_i1:1029-1631  -            201 547099at33208        -            161     1e-06   27.8   0.0   1   2       1.8        64    2.5   0.0    50    66     2    18     1    28 0.86 -
TRINITY_DN36654_c0_g1_i1:1029-1631  -            201 547099at33208        -            161     1e-06   27.8   0.0   2   2   7.4e-07   2.6e-05   23.3   0.0    11    67   122   177   114   188 0.89 -
TRINITY_DN12177_c0_g1_i1:581-862    -             94 547099at33208        -            161     1e-06   27.8   0.0   1   1   2.9e-08     1e-06   27.8   0.0     7    66     5    64     1    91 0.82 -
TRINITY_DN12177_c0_g1_i1:932-1234   -            101 547099at33208        -            161     1e-06   27.8   0.0   1   1   3.1e-08   1.1e-06   27.7   0.0     7    66    12    71     6    98 0.82 -
TRINITY_DN1996_c0_g1_i1:309-944     -            212 547099at33208        -            161   1.5e-06   27.3   2.2   1   2   4.3e-05    0.0015   17.5   0.1     8    73     3    69     1    72 0.85 -
TRINITY_DN1996_c0_g1_i1:309-944     -            212 547099at33208        -            161   1.5e-06   27.3   2.2   2   2     0.038       1.3    7.9   0.0    12    73   153   209   147   212 0.89 -
TRINITY_DN1996_c0_g1_i2:233-868     -            212 547099at33208        -            161   1.5e-06   27.3   2.2   1   2   4.3e-05    0.0015   17.5   0.1     8    73     3    69     1    72 0.85 -
TRINITY_DN1996_c0_g1_i2:233-868     -            212 547099at33208        -            161   1.5e-06   27.3   2.2   2   2     0.038       1.3    7.9   0.0    12    73   153   209   147   212 0.89 -
TRINITY_DN1996_c0_g1_i4:194-829     -            212 547099at33208        -            161   1.5e-06   27.3   2.2   1   2   4.3e-05    0.0015   17.5   0.1     8    73     3    69     1    72 0.85 -
TRINITY_DN1996_c0_g1_i4:194-829     -            212 547099at33208        -            161   1.5e-06   27.3   2.2   2   2     0.038       1.3    7.9   0.0    12    73   153   209   147   212 0.89 -
TRINITY_DN2457_c4_g2_i10:1684-1932  -             83 547099at33208        -            161   1.5e-06   27.3   0.0   1   1   4.7e-08   1.7e-06   27.1   0.0    13    85     1    77     1    82 0.85 -
TRINITY_DN2457_c4_g2_i13:1725-1973  -             83 547099at33208        -            161   1.5e-06   27.3   0.0   1   1   4.7e-08   1.7e-06   27.1   0.0    13    85     1    77     1    82 0.85 -
TRINITY_DN2457_c4_g2_i14:516-764    -             83 547099at33208        -            161   1.5e-06   27.3   0.0   1   1   4.7e-08   1.7e-06   27.1   0.0    13    85     1    77     1    82 0.85 -
TRINITY_DN2457_c4_g2_i18:1341-1589  -             83 547099at33208        -            161   1.5e-06   27.3   0.0   1   1   4.7e-08   1.7e-06   27.1   0.0    13    85     1    77     1    82 0.85 -
TRINITY_DN2457_c4_g2_i1:142-390     -             83 547099at33208        -            161   1.5e-06   27.3   0.0   1   1   4.7e-08   1.7e-06   27.1   0.0    13    85     1    77     1    82 0.85 -
TRINITY_DN2457_c4_g2_i5:125-373     -             83 547099at33208        -            161   1.5e-06   27.3   0.0   1   1   4.7e-08   1.7e-06   27.1   0.0    13    85     1    77     1    82 0.85 -
TRINITY_DN2457_c4_g2_i6:1353-1601   -             83 547099at33208        -            161   1.5e-06   27.3   0.0   1   1   4.7e-08   1.7e-06   27.1   0.0    13    85     1    77     1    82 0.85 -
TRINITY_DN2457_c4_g2_i8:1726-1974   -             83 547099at33208        -            161   1.5e-06   27.3   0.0   1   1   4.7e-08   1.7e-06   27.1   0.0    13    85     1    77     1    82 0.85 -
TRINITY_DN29752_c0_g1_i10:1154-1558 -            135 547099at33208        -            161   1.7e-06   27.2   0.0   1   2   4.2e-07   1.5e-05   24.1   0.0     3    67    10    74     8    99 0.87 -
TRINITY_DN29752_c0_g1_i10:1154-1558 -            135 547099at33208        -            161   1.7e-06   27.2   0.0   2   2       4.2   1.5e+02    1.3   0.0    10    37   104   131    96   133 0.88 -
TRINITY_DN29752_c0_g1_i11:1450-1854 -            135 547099at33208        -            161   1.7e-06   27.2   0.0   1   2   4.2e-07   1.5e-05   24.1   0.0     3    67    10    74     8    99 0.87 -
TRINITY_DN29752_c0_g1_i11:1450-1854 -            135 547099at33208        -            161   1.7e-06   27.2   0.0   2   2       4.2   1.5e+02    1.3   0.0    10    37   104   131    96   133 0.88 -
TRINITY_DN29752_c0_g1_i17:1378-1782 -            135 547099at33208        -            161   1.7e-06   27.2   0.0   1   2   4.2e-07   1.5e-05   24.1   0.0     3    67    10    74     8    99 0.87 -
TRINITY_DN29752_c0_g1_i17:1378-1782 -            135 547099at33208        -            161   1.7e-06   27.2   0.0   2   2       4.2   1.5e+02    1.3   0.0    10    37   104   131    96   133 0.88 -
TRINITY_DN21764_c0_g1_i2:697-990    -             98 547099at33208        -            161   1.8e-06   27.0   0.0   1   1   6.4e-08   2.2e-06   26.7   0.0    11    89     2    76     1    81 0.77 -
TRINITY_DN21764_c0_g1_i3:898-1191   -             98 547099at33208        -            161   1.8e-06   27.0   0.0   1   1   6.4e-08   2.2e-06   26.7   0.0    11    89     2    76     1    81 0.77 -
TRINITY_DN21764_c0_g1_i4:1748-2041  -             98 547099at33208        -            161   1.8e-06   27.0   0.0   1   1   6.4e-08   2.2e-06   26.7   0.0    11    89     2    76     1    81 0.77 -
TRINITY_DN21764_c0_g1_i5:898-1191   -             98 547099at33208        -            161   1.8e-06   27.0   0.0   1   1   6.4e-08   2.2e-06   26.7   0.0    11    89     2    76     1    81 0.77 -
TRINITY_DN21764_c0_g1_i7:898-1191   -             98 547099at33208        -            161   1.8e-06   27.0   0.0   1   1   6.4e-08   2.2e-06   26.7   0.0    11    89     2    76     1    81 0.77 -
TRINITY_DN883_c0_g1_i6:508-819      -            104 547099at33208        -            161   2.4e-06   26.6   0.0   1   2    0.0015     0.052   12.5   0.0    36    82     3    54     1    61 0.75 -
TRINITY_DN883_c0_g1_i6:508-819      -            104 547099at33208        -            161   2.4e-06   26.6   0.0   2   2    0.0011     0.038   13.0   0.0     7    45    60    98    54   104 0.86 -
TRINITY_DN10126_c0_g1_i1:1310-1639  -            110 547099at33208        -            161   2.9e-06   26.4   0.8   1   1   4.4e-07   1.5e-05   24.0   0.8    13   112     2    90     1   107 0.75 -
TRINITY_DN10126_c0_g1_i2:1310-1639  -            110 547099at33208        -            161   2.9e-06   26.4   0.8   1   1   4.4e-07   1.5e-05   24.0   0.8    13   112     2    90     1   107 0.75 -
TRINITY_DN143385_c0_g1_i1:23-241    -             73 547099at33208        -            161     3e-06   26.3   0.0   1   1   8.9e-08   3.1e-06   26.3   0.0    11    61    19    69     9    73 0.89 -
TRINITY_DN1446_c0_g1_i13:416-658    -             81 547099at33208        -            161   3.2e-06   26.2   0.0   1   1   1.1e-07   3.9e-06   26.0   0.0    18    77    13    77     5    80 0.80 -
TRINITY_DN1446_c0_g1_i16:416-658    -             81 547099at33208        -            161   3.2e-06   26.2   0.0   1   1   1.1e-07   3.9e-06   26.0   0.0    18    77    13    77     5    80 0.80 -
TRINITY_DN1446_c0_g1_i17:416-658    -             81 547099at33208        -            161   3.2e-06   26.2   0.0   1   1   1.1e-07   3.9e-06   26.0   0.0    18    77    13    77     5    80 0.80 -
TRINITY_DN1446_c0_g1_i3:416-658     -             81 547099at33208        -            161   3.2e-06   26.2   0.0   1   1   1.1e-07   3.9e-06   26.0   0.0    18    77    13    77     5    80 0.80 -
TRINITY_DN1446_c0_g1_i4:416-658     -             81 547099at33208        -            161   3.2e-06   26.2   0.0   1   1   1.1e-07   3.9e-06   26.0   0.0    18    77    13    77     5    80 0.80 -
TRINITY_DN1446_c0_g1_i6:416-658     -             81 547099at33208        -            161   3.2e-06   26.2   0.0   1   1   1.1e-07   3.9e-06   26.0   0.0    18    77    13    77     5    80 0.80 -
TRINITY_DN1446_c0_g1_i8:416-658     -             81 547099at33208        -            161   3.2e-06   26.2   0.0   1   1   1.1e-07   3.9e-06   26.0   0.0    18    77    13    77     5    80 0.80 -
TRINITY_DN182334_c0_g1_i1:3-185     -             61 547099at33208        -            161   3.9e-06   26.0   0.0   1   1   1.1e-07   3.9e-06   25.9   0.0    16    72     3    59     1    61 0.92 -
TRINITY_DN4507_c0_g1_i12:189-674    -            162 547099at33208        -            161   3.9e-06   25.9   0.0   1   1   2.4e-07   8.3e-06   24.9   0.0     9    65    99   155    94   161 0.94 -
TRINITY_DN4507_c0_g1_i19:189-674    -            162 547099at33208        -            161   3.9e-06   25.9   0.0   1   1   2.4e-07   8.3e-06   24.9   0.0     9    65    99   155    94   161 0.94 -
TRINITY_DN69591_c0_g1_i1:1-237      -             79 547099at33208        -            161   4.3e-06   25.8   0.0   1   1   1.3e-07   4.6e-06   25.7   0.0    12    61     3    52     1    67 0.92 -
TRINITY_DN4475_c0_g1_i1:283-663     -            127 547099at33208        -            161   5.1e-06   25.6   0.2   1   1   1.7e-07   5.9e-06   25.3   0.2    14    69     3    58     1    73 0.86 -
TRINITY_DN417_c0_g1_i2:38-373       -            112 547099at33208        -            161   5.7e-06   25.4   0.0   1   1   2.4e-07   8.5e-06   24.8   0.0     9    75    35   102    27   111 0.84 -
TRINITY_DN417_c0_g1_i6:429-767      -            113 547099at33208        -            161   5.8e-06   25.4   0.0   1   1   2.5e-07   8.7e-06   24.8   0.0     9    75    36   103    28   112 0.84 -
TRINITY_DN417_c0_g1_i7:429-767      -            113 547099at33208        -            161   5.8e-06   25.4   0.0   1   1   2.5e-07   8.7e-06   24.8   0.0     9    75    36   103    28   112 0.84 -
TRINITY_DN417_c0_g1_i9:429-767      -            113 547099at33208        -            161   5.8e-06   25.4   0.0   1   1   2.5e-07   8.7e-06   24.8   0.0     9    75    36   103    28   112 0.84 -
TRINITY_DN1816_c0_g1_i1:1766-1948   -             61 547099at33208        -            161   7.7e-06   25.0   0.0   1   1   2.2e-07   7.8e-06   25.0   0.0     9    65     3    59     1    61 0.94 -
TRINITY_DN4507_c0_g1_i10:198-2060   -            621 547099at33208        -            161   1.1e-05   24.4   0.7   1   1   1.2e-06   4.1e-05   22.6   0.0     9    67    96   154    91   201 0.88 -
TRINITY_DN4507_c0_g1_i18:198-2060   -            621 547099at33208        -            161   1.1e-05   24.4   0.7   1   1   1.2e-06   4.1e-05   22.6   0.0     9    67    96   154    91   201 0.88 -
TRINITY_DN4507_c0_g1_i13:198-2060   -            621 547099at33208        -            161   1.2e-05   24.4   0.7   1   1   1.2e-06   4.1e-05   22.6   0.0     9    67    96   154    91   201 0.88 -
TRINITY_DN2041_c0_g1_i10:526-753    -             76 547099at33208        -            161   2.2e-05   23.5   0.0   1   1     7e-07   2.4e-05   23.3   0.0    14    76     7    66     2    74 0.78 -
TRINITY_DN2041_c0_g1_i14:526-753    -             76 547099at33208        -            161   2.2e-05   23.5   0.0   1   1     7e-07   2.4e-05   23.3   0.0    14    76     7    66     2    74 0.78 -
TRINITY_DN2041_c0_g1_i3:526-753     -             76 547099at33208        -            161   2.2e-05   23.5   0.0   1   1     7e-07   2.4e-05   23.3   0.0    14    76     7    66     2    74 0.78 -
TRINITY_DN2041_c0_g1_i7:526-753     -             76 547099at33208        -            161   2.2e-05   23.5   0.0   1   1     7e-07   2.4e-05   23.3   0.0    14    76     7    66     2    74 0.78 -
TRINITY_DN2041_c0_g1_i9:526-753     -             76 547099at33208        -            161   2.2e-05   23.5   0.0   1   1     7e-07   2.4e-05   23.3   0.0    14    76     7    66     2    74 0.78 -
TRINITY_DN2041_c0_g1_i5:529-747     -             73 547099at33208        -            161   2.3e-05   23.4   0.0   1   1   7.8e-07   2.7e-05   23.2   0.0    14    76     5    64     2    70 0.77 -
TRINITY_DN17872_c0_g1_i1:1373-1738  -            122 547099at33208        -            161   2.5e-05   23.3   0.0   1   1   1.1e-06   3.7e-05   22.7   0.0    12    86     1    80     1    84 0.82 -
TRINITY_DN17872_c0_g1_i4:2027-2392  -            122 547099at33208        -            161   2.5e-05   23.3   0.0   1   1   1.1e-06   3.7e-05   22.7   0.0    12    86     1    80     1    84 0.82 -
TRINITY_DN17872_c0_g1_i5:269-634    -            122 547099at33208        -            161   2.5e-05   23.3   0.0   1   1   1.1e-06   3.7e-05   22.7   0.0    12    86     1    80     1    84 0.82 -
TRINITY_DN4507_c0_g1_i15:198-2123   -            642 547099at33208        -            161   3.4e-05   22.9   2.2   1   1   1.2e-06   4.3e-05   22.6   0.0     9    67    96   154    91   200 0.88 -
TRINITY_DN4507_c0_g1_i1:198-2126    -            643 547099at33208        -            161   3.6e-05   22.8   2.2   1   1   1.2e-06   4.3e-05   22.5   0.0     9    67    96   154    91   200 0.88 -
TRINITY_DN1563_c0_g1_i1:721-1002    -             94 547099at33208        -            161     8e-05   21.7   0.1   1   1   2.4e-06   8.4e-05   21.6   0.1    12    66     1    54     1    78 0.85 -
TRINITY_DN1563_c0_g1_i2:721-1002    -             94 547099at33208        -            161     8e-05   21.7   0.1   1   1   2.4e-06   8.4e-05   21.6   0.1    12    66     1    54     1    78 0.85 -
TRINITY_DN1563_c0_g1_i4:721-1002    -             94 547099at33208        -            161     8e-05   21.7   0.1   1   1   2.4e-06   8.4e-05   21.6   0.1    12    66     1    54     1    78 0.85 -
TRINITY_DN48537_c0_g1_i2:338-2311   -            482 547099at33208        -            161    0.0001   21.4   0.0   1   1   5.3e-06   0.00019   20.5   0.0     8    75   230   291   225   302 0.89 -
TRINITY_DN48537_c0_g1_i3:338-1783   -            482 547099at33208        -            161    0.0001   21.4   0.0   1   1   5.3e-06   0.00019   20.5   0.0     8    75   230   291   225   302 0.89 -
TRINITY_DN1186_c1_g1_i1:488-772     -             95 547099at33208        -            161    0.0001   21.3   0.0   1   1   3.1e-06   0.00011   21.2   0.0    12    73     1    62     1    81 0.86 -
TRINITY_DN1186_c1_g1_i2:488-772     -             95 547099at33208        -            161    0.0001   21.3   0.0   1   1   3.1e-06   0.00011   21.2   0.0    12    73     1    62     1    81 0.86 -
TRINITY_DN12861_c0_g1_i5:1573-1968  -            132 547099at33208        -            161   0.00011   21.2   0.1   1   2   0.00045     0.016   14.2   0.0     9    62     6    57     2    71 0.83 -
TRINITY_DN12861_c0_g1_i5:1573-1968  -            132 547099at33208        -            161   0.00011   21.2   0.1   2   2      0.26         9    5.3   0.0     8    39    96   132    89   132 0.74 -
TRINITY_DN12861_c0_g1_i6:1570-1965  -            132 547099at33208        -            161   0.00011   21.2   0.1   1   2   0.00045     0.016   14.2   0.0     9    62     6    57     2    71 0.83 -
TRINITY_DN12861_c0_g1_i6:1570-1965  -            132 547099at33208        -            161   0.00011   21.2   0.1   2   2      0.26         9    5.3   0.0     8    39    96   132    89   132 0.74 -
TRINITY_DN12861_c0_g1_i7:1781-2176  -            132 547099at33208        -            161   0.00011   21.2   0.1   1   2   0.00045     0.016   14.2   0.0     9    62     6    57     2    71 0.83 -
TRINITY_DN12861_c0_g1_i7:1781-2176  -            132 547099at33208        -            161   0.00011   21.2   0.1   2   2      0.26         9    5.3   0.0     8    39    96   132    89   132 0.74 -
TRINITY_DN12861_c0_g1_i9:1561-1956  -            132 547099at33208        -            161   0.00011   21.2   0.1   1   2   0.00045     0.016   14.2   0.0     9    62     6    57     2    71 0.83 -
TRINITY_DN12861_c0_g1_i9:1561-1956  -            132 547099at33208        -            161   0.00011   21.2   0.1   2   2      0.26         9    5.3   0.0     8    39    96   132    89   132 0.74 -
TRINITY_DN6362_c0_g1_i1:305-517     -             71 547099at33208        -            161   0.00013   21.0   0.0   1   1   3.7e-06   0.00013   21.0   0.0    12    66     1    55     1    70 0.89 -
TRINITY_DN6362_c0_g1_i2:304-516     -             71 547099at33208        -            161   0.00013   21.0   0.0   1   1   3.7e-06   0.00013   21.0   0.0    12    66     1    55     1    70 0.89 -
TRINITY_DN6362_c0_g1_i5:304-516     -             71 547099at33208        -            161   0.00013   21.0   0.0   1   1   3.7e-06   0.00013   21.0   0.0    12    66     1    55     1    70 0.89 -
TRINITY_DN3704_c0_g2_i1:531-821     -             97 547099at33208        -            161   0.00014   20.9   0.0   1   1   4.1e-06   0.00014   20.8   0.0     8    64     8    64     4    95 0.87 -
TRINITY_DN560_c0_g1_i1:1061-1354    -             98 547099at33208        -            161   0.00021   20.3   0.0   1   1   6.7e-06   0.00024   20.1   0.0    13    86     2    79     1    94 0.70 -
TRINITY_DN560_c0_g1_i6:1901-2194    -             98 547099at33208        -            161   0.00021   20.3   0.0   1   1   6.7e-06   0.00024   20.1   0.0    13    86     2    79     1    94 0.70 -
TRINITY_DN560_c0_g1_i7:1229-1522    -             98 547099at33208        -            161   0.00021   20.3   0.0   1   1   6.7e-06   0.00024   20.1   0.0    13    86     2    79     1    94 0.70 -
TRINITY_DN883_c0_g1_i5:417-647      -             77 547099at33208        -            161   0.00027   20.0   0.0   1   1   7.8e-06   0.00028   19.9   0.0    12    69     2    61     1    74 0.86 -
TRINITY_DN21274_c0_g1_i1:99-332     -             78 547099at33208        -            161   0.00038   19.5   0.0   1   1   1.2e-05   0.00042   19.3   0.0    12    65     1    51     1    65 0.90 -
TRINITY_DN21274_c0_g1_i3:99-332     -             78 547099at33208        -            161   0.00038   19.5   0.0   1   1   1.2e-05   0.00042   19.3   0.0    12    65     1    51     1    65 0.90 -
TRINITY_DN21274_c0_g1_i4:99-332     -             78 547099at33208        -            161   0.00038   19.5   0.0   1   1   1.2e-05   0.00042   19.3   0.0    12    65     1    51     1    65 0.90 -
TRINITY_DN38878_c0_g1_i10:13-186    -             58 547099at33208        -            161   0.00044   19.3   0.0   1   1   1.3e-05   0.00044   19.3   0.0    37    73     8    44     2    58 0.78 -
TRINITY_DN38878_c0_g1_i2:13-186     -             58 547099at33208        -            161   0.00044   19.3   0.0   1   1   1.3e-05   0.00044   19.3   0.0    37    73     8    44     2    58 0.78 -
TRINITY_DN2041_c0_g1_i10:868-1095   -             76 547099at33208        -            161     0.001   18.1   0.0   1   1     3e-05     0.001   18.1   0.0    12    79     1    73     1    76 0.83 -
TRINITY_DN2041_c0_g1_i14:868-1095   -             76 547099at33208        -            161     0.001   18.1   0.0   1   1     3e-05     0.001   18.1   0.0    12    79     1    73     1    76 0.83 -
TRINITY_DN2041_c0_g1_i3:868-1095    -             76 547099at33208        -            161     0.001   18.1   0.0   1   1     3e-05     0.001   18.1   0.0    12    79     1    73     1    76 0.83 -
TRINITY_DN2041_c0_g1_i5:868-1095    -             76 547099at33208        -            161     0.001   18.1   0.0   1   1     3e-05     0.001   18.1   0.0    12    79     1    73     1    76 0.83 -
TRINITY_DN2041_c0_g1_i7:868-1095    -             76 547099at33208        -            161     0.001   18.1   0.0   1   1     3e-05     0.001   18.1   0.0    12    79     1    73     1    76 0.83 -
TRINITY_DN2041_c0_g1_i9:868-1095    -             76 547099at33208        -            161     0.001   18.1   0.0   1   1     3e-05     0.001   18.1   0.0    12    79     1    73     1    76 0.83 -
TRINITY_DN96613_c0_g1_i1:7-270      -             88 547099at33208        -            161    0.0017   17.4   0.0   1   1     8e-05    0.0028   16.6   0.0    10    78     2    62     1    71 0.88 -
TRINITY_DN38878_c0_g1_i3:13-153     -             47 547099at33208        -            161     0.004   16.1   0.0   1   1   0.00011     0.004   16.1   0.0    41    73     1    33     1    47 0.75 -
TRINITY_DN3441_c0_g1_i2:843-1058    -             72 547099at33208        -            161    0.0042   16.1   0.0   1   1   0.00013    0.0046   15.9   0.0    10    78     2    69     1    72 0.73 -
TRINITY_DN3441_c0_g1_i3:647-862     -             72 547099at33208        -            161    0.0042   16.1   0.0   1   1   0.00013    0.0046   15.9   0.0    10    78     2    69     1    72 0.73 -
TRINITY_DN3441_c0_g1_i5:843-1058    -             72 547099at33208        -            161    0.0042   16.1   0.0   1   1   0.00013    0.0046   15.9   0.0    10    78     2    69     1    72 0.73 -
TRINITY_DN2778_c0_g1_i10:1030-1323  -             98 547099at33208        -            161    0.0068   15.4   0.0   1   1    0.0002    0.0069   15.4   0.0     7    54    22    63    17    98 0.72 -
TRINITY_DN2778_c0_g1_i1:1030-1323   -             98 547099at33208        -            161    0.0068   15.4   0.0   1   1    0.0002    0.0069   15.4   0.0     7    54    22    63    17    98 0.72 -
TRINITY_DN2778_c0_g1_i3:1030-1323   -             98 547099at33208        -            161    0.0068   15.4   0.0   1   1    0.0002    0.0069   15.4   0.0     7    54    22    63    17    98 0.72 -
TRINITY_DN2778_c0_g1_i7:1030-1323   -             98 547099at33208        -            161    0.0068   15.4   0.0   1   1    0.0002    0.0069   15.4   0.0     7    54    22    63    17    98 0.72 -
TRINITY_DN2137_c0_g1_i10:478-1119   -            214 547099at33208        -            161     0.011   14.7   0.8   1   1    0.0019     0.068   12.1   0.0    12    46     5    39     2    49 0.85 -
TRINITY_DN2137_c0_g1_i13:478-1119   -            214 547099at33208        -            161     0.011   14.7   0.8   1   1    0.0019     0.068   12.1   0.0    12    46     5    39     2    49 0.85 -
TRINITY_DN2137_c0_g1_i14:478-1119   -            214 547099at33208        -            161     0.011   14.7   0.8   1   1    0.0019     0.068   12.1   0.0    12    46     5    39     2    49 0.85 -
TRINITY_DN2137_c0_g1_i3:478-1119    -            214 547099at33208        -            161     0.011   14.7   0.8   1   1    0.0019     0.068   12.1   0.0    12    46     5    39     2    49 0.85 -
TRINITY_DN2137_c0_g1_i5:478-1119    -            214 547099at33208        -            161     0.011   14.7   0.8   1   1    0.0019     0.068   12.1   0.0    12    46     5    39     2    49 0.85 -
TRINITY_DN2137_c0_g1_i7:478-1119    -            214 547099at33208        -            161     0.011   14.7   0.8   1   1    0.0019     0.068   12.1   0.0    12    46     5    39     2    49 0.85 -
TRINITY_DN2137_c0_g1_i8:478-1119    -            214 547099at33208        -            161     0.011   14.7   0.8   1   1    0.0019     0.068   12.1   0.0    12    46     5    39     2    49 0.85 -
TRINITY_DN2137_c0_g1_i9:478-1119    -            214 547099at33208        -            161     0.011   14.7   0.8   1   1    0.0019     0.068   12.1   0.0    12    46     5    39     2    49 0.85 -
TRINITY_DN11132_c0_g1_i14:39-221    -             61 547099at33208        -            161     0.015   14.3   0.0   1   1   0.00047     0.016   14.2   0.0    12    75     1    59     1    61 0.89 -
TRINITY_DN2570_c0_g1_i1:1737-2030   -             98 547099at33208        -            161     0.026   13.5   0.0   1   1   0.00081     0.028   13.4   0.0    25    76    22    77     6    92 0.84 -
TRINITY_DN2570_c0_g1_i2:1724-2017   -             98 547099at33208        -            161     0.026   13.5   0.0   1   1   0.00081     0.028   13.4   0.0    25    76    22    77     6    92 0.84 -
TRINITY_DN2570_c0_g1_i3:3243-3536   -             98 547099at33208        -            161     0.026   13.5   0.0   1   1   0.00081     0.028   13.4   0.0    25    76    22    77     6    92 0.84 -
TRINITY_DN2570_c0_g1_i4:1024-1317   -             98 547099at33208        -            161     0.026   13.5   0.0   1   1   0.00081     0.028   13.4   0.0    25    76    22    77     6    92 0.84 -
TRINITY_DN2570_c0_g1_i5:2587-2880   -             98 547099at33208        -            161     0.026   13.5   0.0   1   1   0.00081     0.028   13.4   0.0    25    76    22    77     6    92 0.84 -
TRINITY_DN2570_c0_g1_i7:990-1283    -             98 547099at33208        -            161     0.026   13.5   0.0   1   1   0.00081     0.028   13.4   0.0    25    76    22    77     6    92 0.84 -
TRINITY_DN2570_c0_g1_i8:1737-2030   -             98 547099at33208        -            161     0.026   13.5   0.0   1   1   0.00081     0.028   13.4   0.0    25    76    22    77     6    92 0.84 -
TRINITY_DN682_c0_g1_i11:2731-2949   -             73 547099at33208        -            161      0.03   13.3   0.0   1   1    0.0009     0.031   13.2   0.0    13    66     3    56     1    71 0.85 -
TRINITY_DN682_c0_g1_i2:2720-2938    -             73 547099at33208        -            161      0.03   13.3   0.0   1   1    0.0009     0.031   13.2   0.0    13    66     3    56     1    71 0.85 -
TRINITY_DN682_c0_g1_i4:2713-2931    -             73 547099at33208        -            161      0.03   13.3   0.0   1   1    0.0009     0.031   13.2   0.0    13    66     3    56     1    71 0.85 -
TRINITY_DN682_c0_g1_i6:1520-1738    -             73 547099at33208        -            161      0.03   13.3   0.0   1   1    0.0009     0.031   13.2   0.0    13    66     3    56     1    71 0.85 -
TRINITY_DN682_c0_g1_i8:2731-2949    -             73 547099at33208        -            161      0.03   13.3   0.0   1   1    0.0009     0.031   13.2   0.0    13    66     3    56     1    71 0.85 -
TRINITY_DN1345_c0_g1_i2:112-264     -             51 547099at33208        -            161     0.035   13.1   0.0   1   1   0.00099     0.035   13.1   0.0    13    60     2    49     1    51 0.81 -
TRINITY_DN1345_c0_g1_i3:112-264     -             51 547099at33208        -            161     0.035   13.1   0.0   1   1   0.00099     0.035   13.1   0.0    13    60     2    49     1    51 0.81 -
TRINITY_DN396_c0_g1_i5:2429-2641    -             71 547099at33208        -            161     0.036   13.1   0.0   1   1    0.0019     0.065   12.2   0.0    10    77     5    64     2    69 0.85 -
TRINITY_DN2269_c0_g1_i19:1496-1717  -             74 547099at33208        -            161     0.036   13.0   0.0   1   1    0.0011     0.039   12.9   0.0    13    77     2    64     1    73 0.79 -
TRINITY_DN2269_c0_g1_i24:1626-1847  -             74 547099at33208        -            161     0.036   13.0   0.0   1   1    0.0011     0.039   12.9   0.0    13    77     2    64     1    73 0.79 -
TRINITY_DN2269_c0_g1_i4:1498-1719   -             74 547099at33208        -            161     0.036   13.0   0.0   1   1    0.0011     0.039   12.9   0.0    13    77     2    64     1    73 0.79 -
TRINITY_DN396_c0_g1_i1:634-843      -             70 547099at33208        -            161     0.037   13.0   0.0   1   1    0.0018     0.062   12.3   0.0    10    77     4    63     1    68 0.85 -
TRINITY_DN396_c0_g1_i4:2441-2650    -             70 547099at33208        -            161     0.037   13.0   0.0   1   1    0.0018     0.062   12.3   0.0    10    77     4    63     1    68 0.85 -
TRINITY_DN396_c0_g1_i7:2414-2623    -             70 547099at33208        -            161     0.037   13.0   0.0   1   1    0.0018     0.062   12.3   0.0    10    77     4    63     1    68 0.85 -
TRINITY_DN4512_c0_g3_i1:1299-1619   -            107 547099at33208        -            161     0.057   12.4   0.0   1   1    0.0021     0.074   12.0   0.0    12    40     2    30     1    43 0.93 -
TRINITY_DN3005_c1_g1_i2:443-688     -             82 547099at33208        -            161     0.065   12.2   0.0   1   1     0.002      0.07   12.1   0.0    10    61    13    69     4    75 0.76 -
TRINITY_DN3005_c1_g1_i3:1716-1961   -             82 547099at33208        -            161     0.065   12.2   0.0   1   1     0.002      0.07   12.1   0.0    10    61    13    69     4    75 0.76 -
#
# Program:         hmmsearch
# Version:         3.1b2 (February 2015)
# Pipeline mode:   SEARCH
# Query file:      /busco_wd/busco_downloads/lineages/metazoa_odb10/hmms/547099at33208.hmm
# Target file:     /busco_wd/BUSCO/run_metazoa_odb10/metaeuk_output/initial_results/Trinity.fasta.modified.fas
# Option settings: hmmsearch --domtblout /busco_wd/BUSCO/run_metazoa_odb10/hmmer_output/initial_run_results/547099at33208.out --cpu 1 /busco_wd/busco_downloads/lineages/metazoa_odb10/hmms/547099at33208.hmm /busco_wd/BUSCO/run_metazoa_odb10/metaeuk_output/initial_results/Trinity.fasta.modified.fas 
# Current dir:     /busco_wd
# Date:            Tue Nov 23 09:04:03 2021
# [ok]
