#                                                                                           --- full sequence --- -------------- this domain -------------   hmm coord   ali coord   env coord
# target name                       accession   tlen query name           accession   qlen   E-value  score  bias   #  of  c-Evalue  i-Evalue  score  bias  from    to  from    to  from    to  acc description of target
#               ------------------- ---------- ----- -------------------- ---------- ----- --------- ------ ----- --- --- --------- --------- ------ ----- ----- ----- ----- ----- ----- ----- ---- ---------------------
TRINITY_DN8321_c0_g1_i1:655-1140    -            162 549156at33208        -            138   3.1e-68  227.2   0.0   1   1   3.8e-70   6.8e-68  226.1   0.0     1   138     1   160     1   160 0.92 -
TRINITY_DN21579_c0_g1_i1:920-1387   -            156 549156at33208        -            138   3.5e-40  136.4   0.1   1   1   2.6e-42   4.6e-40  136.0   0.1     4   120     2   128     1   156 0.89 -
TRINITY_DN21579_c0_g1_i5:920-1387   -            156 549156at33208        -            138   3.5e-40  136.4   0.1   1   1   2.6e-42   4.6e-40  136.0   0.1     4   120     2   128     1   156 0.89 -
TRINITY_DN21579_c0_g1_i6:920-1387   -            156 549156at33208        -            138   3.5e-40  136.4   0.1   1   1   2.6e-42   4.6e-40  136.0   0.1     4   120     2   128     1   156 0.89 -
TRINITY_DN1049_c0_g1_i2:479-970     -            164 549156at33208        -            138   9.8e-38  128.4   0.0   1   1   7.8e-40   1.4e-37  127.9   0.0     2   118    10   136     9   147 0.92 -
TRINITY_DN1049_c0_g1_i5:479-970     -            164 549156at33208        -            138   9.8e-38  128.4   0.0   1   1   7.8e-40   1.4e-37  127.9   0.0     2   118    10   136     9   147 0.92 -
TRINITY_DN1049_c0_g1_i6:479-970     -            164 549156at33208        -            138   9.8e-38  128.4   0.0   1   1   7.8e-40   1.4e-37  127.9   0.0     2   118    10   136     9   147 0.92 -
TRINITY_DN1049_c0_g1_i7:500-991     -            164 549156at33208        -            138   9.8e-38  128.4   0.0   1   1   7.8e-40   1.4e-37  127.9   0.0     2   118    10   136     9   147 0.92 -
TRINITY_DN1426_c0_g1_i10:112-1938   -            609 549156at33208        -            138   2.5e-36  123.9   0.0   1   1   3.3e-38   5.8e-36  122.7   0.0     3   117   457   581   455   603 0.89 -
TRINITY_DN1426_c0_g1_i11:112-1938   -            609 549156at33208        -            138   2.5e-36  123.9   0.0   1   1   3.3e-38   5.8e-36  122.7   0.0     3   117   457   581   455   603 0.89 -
TRINITY_DN1426_c0_g1_i6:112-1938    -            609 549156at33208        -            138   2.5e-36  123.9   0.0   1   1   3.3e-38   5.8e-36  122.7   0.0     3   117   457   581   455   603 0.89 -
TRINITY_DN3401_c0_g1_i1:1514-2008   -            165 549156at33208        -            138   2.6e-34  117.3   0.0   1   1   1.9e-36   3.4e-34  116.9   0.0     3   112     1   120     1   139 0.92 -
TRINITY_DN3401_c0_g1_i2:1514-2008   -            165 549156at33208        -            138   2.6e-34  117.3   0.0   1   1   1.9e-36   3.4e-34  116.9   0.0     3   112     1   120     1   139 0.92 -
TRINITY_DN3401_c0_g1_i3:1550-2044   -            165 549156at33208        -            138   2.6e-34  117.3   0.0   1   1   1.9e-36   3.4e-34  116.9   0.0     3   112     1   120     1   139 0.92 -
TRINITY_DN3401_c0_g1_i6:1551-2045   -            165 549156at33208        -            138   2.6e-34  117.3   0.0   1   1   1.9e-36   3.4e-34  116.9   0.0     3   112     1   120     1   139 0.92 -
TRINITY_DN2796_c0_g1_i1:899-1333    -            145 549156at33208        -            138   7.5e-33  112.6   0.1   1   2   2.5e-05    0.0044   16.2   0.0     8    36     8    36     3    42 0.89 -
TRINITY_DN2796_c0_g1_i1:899-1333    -            145 549156at33208        -            138   7.5e-33  112.6   0.1   2   2   1.4e-29   2.4e-27   94.7   0.0    31   117    49   137    39   143 0.91 -
TRINITY_DN2796_c0_g1_i2:899-1333    -            145 549156at33208        -            138   7.5e-33  112.6   0.1   1   2   2.5e-05    0.0044   16.2   0.0     8    36     8    36     3    42 0.89 -
TRINITY_DN2796_c0_g1_i2:899-1333    -            145 549156at33208        -            138   7.5e-33  112.6   0.1   2   2   1.4e-29   2.4e-27   94.7   0.0    31   117    49   137    39   143 0.91 -
TRINITY_DN2796_c0_g1_i3:899-1333    -            145 549156at33208        -            138   7.5e-33  112.6   0.1   1   2   2.5e-05    0.0044   16.2   0.0     8    36     8    36     3    42 0.89 -
TRINITY_DN2796_c0_g1_i3:899-1333    -            145 549156at33208        -            138   7.5e-33  112.6   0.1   2   2   1.4e-29   2.4e-27   94.7   0.0    31   117    49   137    39   143 0.91 -
TRINITY_DN2796_c0_g1_i5:899-1333    -            145 549156at33208        -            138   7.5e-33  112.6   0.1   1   2   2.5e-05    0.0044   16.2   0.0     8    36     8    36     3    42 0.89 -
TRINITY_DN2796_c0_g1_i5:899-1333    -            145 549156at33208        -            138   7.5e-33  112.6   0.1   2   2   1.4e-29   2.4e-27   94.7   0.0    31   117    49   137    39   143 0.91 -
TRINITY_DN27306_c0_g1_i1:98-481     -            128 549156at33208        -            138   4.4e-32  110.1   0.3   1   1   1.5e-33   2.6e-31  107.6   0.3     9   118     2   124     1   128 0.89 -
TRINITY_DN1426_c0_g1_i5:3-380       -            126 549156at33208        -            138   9.5e-30  102.5   0.0   1   1     6e-32   1.1e-29  102.4   0.0    33   118    12    99     2   121 0.89 -
TRINITY_DN10931_c0_g1_i1:201-668    -            156 549156at33208        -            138   6.8e-29   99.8   0.1   1   1   1.7e-30     3e-28   97.7   0.1    10   118    15   136     8   146 0.88 -
TRINITY_DN5476_c0_g1_i1:4872-5324   -            151 549156at33208        -            138   3.2e-28   97.6   0.2   1   2   3.6e-05    0.0064   15.6   0.2    11    33     2    24     1    31 0.89 -
TRINITY_DN5476_c0_g1_i1:4872-5324   -            151 549156at33208        -            138   3.2e-28   97.6   0.2   2   2   3.8e-25   6.8e-23   80.3   0.0    33   126    43   143    31   151 0.84 -
TRINITY_DN5476_c0_g1_i2:4872-5324   -            151 549156at33208        -            138   3.2e-28   97.6   0.2   1   2   3.6e-05    0.0064   15.6   0.2    11    33     2    24     1    31 0.89 -
TRINITY_DN5476_c0_g1_i2:4872-5324   -            151 549156at33208        -            138   3.2e-28   97.6   0.2   2   2   3.8e-25   6.8e-23   80.3   0.0    33   126    43   143    31   151 0.84 -
TRINITY_DN2301_c0_g1_i10:134-580    -            149 549156at33208        -            138   4.3e-28   97.2   0.3   1   2   2.2e-06   0.00039   19.6   0.1     8    33     1    26     1    40 0.87 -
TRINITY_DN2301_c0_g1_i10:134-580    -            149 549156at33208        -            138   4.3e-28   97.2   0.3   2   2     8e-24   1.4e-21   76.1   0.0    32   117    42   130    39   138 0.90 -
TRINITY_DN2301_c0_g1_i11:134-580    -            149 549156at33208        -            138   4.3e-28   97.2   0.3   1   2   2.2e-06   0.00039   19.6   0.1     8    33     1    26     1    40 0.87 -
TRINITY_DN2301_c0_g1_i11:134-580    -            149 549156at33208        -            138   4.3e-28   97.2   0.3   2   2     8e-24   1.4e-21   76.1   0.0    32   117    42   130    39   138 0.90 -
TRINITY_DN2301_c0_g1_i2:134-580     -            149 549156at33208        -            138   4.3e-28   97.2   0.3   1   2   2.2e-06   0.00039   19.6   0.1     8    33     1    26     1    40 0.87 -
TRINITY_DN2301_c0_g1_i2:134-580     -            149 549156at33208        -            138   4.3e-28   97.2   0.3   2   2     8e-24   1.4e-21   76.1   0.0    32   117    42   130    39   138 0.90 -
TRINITY_DN2301_c0_g1_i4:134-580     -            149 549156at33208        -            138   4.3e-28   97.2   0.3   1   2   2.2e-06   0.00039   19.6   0.1     8    33     1    26     1    40 0.87 -
TRINITY_DN2301_c0_g1_i4:134-580     -            149 549156at33208        -            138   4.3e-28   97.2   0.3   2   2     8e-24   1.4e-21   76.1   0.0    32   117    42   130    39   138 0.90 -
TRINITY_DN2301_c0_g1_i6:134-580     -            149 549156at33208        -            138   4.3e-28   97.2   0.3   1   2   2.2e-06   0.00039   19.6   0.1     8    33     1    26     1    40 0.87 -
TRINITY_DN2301_c0_g1_i6:134-580     -            149 549156at33208        -            138   4.3e-28   97.2   0.3   2   2     8e-24   1.4e-21   76.1   0.0    32   117    42   130    39   138 0.90 -
TRINITY_DN2301_c0_g1_i7:134-580     -            149 549156at33208        -            138   4.3e-28   97.2   0.3   1   2   2.2e-06   0.00039   19.6   0.1     8    33     1    26     1    40 0.87 -
TRINITY_DN2301_c0_g1_i7:134-580     -            149 549156at33208        -            138   4.3e-28   97.2   0.3   2   2     8e-24   1.4e-21   76.1   0.0    32   117    42   130    39   138 0.90 -
TRINITY_DN1074_c0_g1_i1:475-924     -            150 549156at33208        -            138   7.4e-28   96.4   0.2   1   1   2.6e-29   4.6e-27   93.9   0.2     9   119    22   145    15   150 0.87 -
TRINITY_DN1074_c0_g1_i4:475-924     -            150 549156at33208        -            138   7.4e-28   96.4   0.2   1   1   2.6e-29   4.6e-27   93.9   0.2     9   119    22   145    15   150 0.87 -
TRINITY_DN1074_c0_g1_i5:475-924     -            150 549156at33208        -            138   7.4e-28   96.4   0.2   1   1   2.6e-29   4.6e-27   93.9   0.2     9   119    22   145    15   150 0.87 -
TRINITY_DN1074_c0_g1_i7:475-924     -            150 549156at33208        -            138   7.4e-28   96.4   0.2   1   1   2.6e-29   4.6e-27   93.9   0.2     9   119    22   145    15   150 0.87 -
TRINITY_DN7316_c0_g1_i1:739-1173    -            145 549156at33208        -            138   1.4e-27   95.5   0.0   1   1   2.5e-29   4.5e-27   93.9   0.0     7   118     6   130     1   141 0.87 -
TRINITY_DN7316_c0_g1_i2:739-1173    -            145 549156at33208        -            138   1.4e-27   95.5   0.0   1   1   2.5e-29   4.5e-27   93.9   0.0     7   118     6   130     1   141 0.87 -
TRINITY_DN18933_c0_g1_i1:125-313    -             63 549156at33208        -            138   5.7e-27   93.5   0.1   1   1   4.1e-29   7.3e-27   93.2   0.1     1    55     1    63     1    63 0.97 -
TRINITY_DN10249_c0_g1_i3:680-1207   -            176 549156at33208        -            138   6.5e-27   93.4   0.0   1   2   3.2e-06   0.00057   19.0   0.1     9    32    20    43    12    50 0.87 -
TRINITY_DN10249_c0_g1_i3:680-1207   -            176 549156at33208        -            138   6.5e-27   93.4   0.0   2   2   1.2e-22     2e-20   72.3   0.0    33   123    65   157    59   168 0.89 -
TRINITY_DN10249_c0_g1_i10:1055-1582 -            176 549156at33208        -            138   6.7e-27   93.3   0.1   1   2   3.2e-06   0.00057   19.0   0.1     9    32    20    43    12    50 0.87 -
TRINITY_DN10249_c0_g1_i10:1055-1582 -            176 549156at33208        -            138   6.7e-27   93.3   0.1   2   2   1.2e-22   2.1e-20   72.3   0.0    33   123    65   157    59   168 0.89 -
TRINITY_DN10249_c0_g1_i5:821-1348   -            176 549156at33208        -            138   6.7e-27   93.3   0.1   1   2   3.2e-06   0.00057   19.0   0.1     9    32    20    43    12    50 0.87 -
TRINITY_DN10249_c0_g1_i5:821-1348   -            176 549156at33208        -            138   6.7e-27   93.3   0.1   2   2   1.2e-22   2.1e-20   72.3   0.0    33   123    65   157    59   168 0.89 -
TRINITY_DN2289_c0_g2_i3:299-751     -            151 549156at33208        -            138   1.7e-26   92.0   0.1   1   1   2.8e-28     5e-26   90.5   0.1     8   120     9   134     2   143 0.84 -
TRINITY_DN2289_c0_g2_i5:299-751     -            151 549156at33208        -            138   1.7e-26   92.0   0.1   1   1   2.8e-28     5e-26   90.5   0.1     8   120     9   134     2   143 0.84 -
TRINITY_DN2289_c0_g2_i9:299-751     -            151 549156at33208        -            138   1.7e-26   92.0   0.1   1   1   2.8e-28     5e-26   90.5   0.1     8   120     9   134     2   143 0.84 -
TRINITY_DN47407_c1_g1_i1:47-484     -            146 549156at33208        -            138   3.3e-26   91.1   0.0   1   1     2e-27   3.6e-25   87.7   0.0    10   121    11   136     7   141 0.81 -
TRINITY_DN3237_c0_g1_i1:358-816     -            153 549156at33208        -            138   1.2e-24   86.1   0.2   1   1   2.2e-26   3.9e-24   84.4   0.2    10   118    15   135     7   146 0.84 -
TRINITY_DN873_c0_g1_i10:2284-2796   -            171 549156at33208        -            138   6.7e-24   83.6   0.0   1   1     1e-25   1.8e-23   82.2   0.0     1   119     1   137     1   160 0.78 -
TRINITY_DN873_c0_g1_i1:2284-2796    -            171 549156at33208        -            138   6.7e-24   83.6   0.0   1   1     1e-25   1.8e-23   82.2   0.0     1   119     1   137     1   160 0.78 -
TRINITY_DN123007_c0_g1_i1:0-314     -            105 549156at33208        -            138   1.8e-23   82.2   0.1   1   1   1.2e-25     2e-23   82.0   0.1    32   114    21   105     4   105 0.89 -
TRINITY_DN10249_c0_g1_i6:530-835    -            102 549156at33208        -            138   8.2e-19   67.1   0.0   1   1   5.3e-21   9.3e-19   66.9   0.0    44   123     2    83     1    94 0.86 -
TRINITY_DN2289_c0_g2_i10:452-703    -             84 549156at33208        -            138   6.1e-15   54.6   0.0   1   1   3.8e-17   6.8e-15   54.4   0.0    55   121     1    68     1    78 0.86 -
TRINITY_DN27572_c0_g1_i1:583-702    -             40 549156at33208        -            138   1.5e-07   30.6   0.0   1   1     1e-09   1.9e-07   30.3   0.0   110   138     6    40     2    40 0.84 -
TRINITY_DN102861_c0_g1_i1:4-165     -             54 549156at33208        -            138   3.4e-05   23.0   1.1   1   2   2.8e-05    0.0049   16.0   0.1    10    33     1    24     1    39 0.92 -
TRINITY_DN102861_c0_g1_i1:4-165     -             54 549156at33208        -            138   3.4e-05   23.0   1.1   2   2     0.016       2.8    7.1   0.1    33    44    43    54    27    54 0.90 -
#
# Program:         hmmsearch
# Version:         3.1b2 (February 2015)
# Pipeline mode:   SEARCH
# Query file:      /busco_wd/busco_downloads/lineages/metazoa_odb10/hmms/549156at33208.hmm
# Target file:     /busco_wd/BUSCO/run_metazoa_odb10/metaeuk_output/initial_results/Trinity.fasta.modified.fas
# Option settings: hmmsearch --domtblout /busco_wd/BUSCO/run_metazoa_odb10/hmmer_output/initial_run_results/549156at33208.out --cpu 1 /busco_wd/busco_downloads/lineages/metazoa_odb10/hmms/549156at33208.hmm /busco_wd/BUSCO/run_metazoa_odb10/metaeuk_output/initial_results/Trinity.fasta.modified.fas 
# Current dir:     /busco_wd
# Date:            Tue Nov 23 09:04:03 2021
# [ok]
