#                                                                                          --- full sequence --- -------------- this domain -------------   hmm coord   ali coord   env coord
# target name                      accession   tlen query name           accession   qlen   E-value  score  bias   #  of  c-Evalue  i-Evalue  score  bias  from    to  from    to  from    to  acc description of target
#              ------------------- ---------- ----- -------------------- ---------- ----- --------- ------ ----- --- --- --------- --------- ------ ----- ----- ----- ----- ----- ----- ----- ---- ---------------------
TRINITY_DN37622_c0_g1_i4:76-795    -            240 552201at33208        -            181   8.9e-97  321.2   0.8   1   2   3.4e-93   4.9e-91  302.5   0.0     1   157    11   168    11   176 0.97 -
TRINITY_DN37622_c0_g1_i4:76-795    -            240 552201at33208        -            181   8.9e-97  321.2   0.8   2   2   8.5e-06    0.0012   17.8   0.1   151   180   206   235   170   236 0.79 -
TRINITY_DN37622_c0_g1_i6:76-795    -            240 552201at33208        -            181   1.3e-95  317.4   0.6   1   2   5.6e-92   7.9e-90  298.6   0.0     1   157    11   168    11   176 0.97 -
TRINITY_DN37622_c0_g1_i6:76-795    -            240 552201at33208        -            181   1.3e-95  317.4   0.6   2   2   8.5e-06    0.0012   17.8   0.1   151   180   206   235   170   236 0.79 -
TRINITY_DN37622_c0_g1_i8:76-723    -            216 552201at33208        -            181   2.8e-91  303.3   0.0   1   1   2.6e-93   3.7e-91  302.9   0.0     1   157    11   168    11   174 0.98 -
TRINITY_DN37622_c0_g1_i3:80-727    -            216 552201at33208        -            181   4.6e-90  299.4   0.0   1   1   4.3e-92   6.1e-90  299.0   0.0     1   157    11   168    11   174 0.98 -
TRINITY_DN37622_c0_g1_i7:76-723    -            216 552201at33208        -            181   4.6e-90  299.4   0.0   1   1   4.3e-92   6.1e-90  299.0   0.0     1   157    11   168    11   174 0.98 -
TRINITY_DN7956_c0_g1_i2:102-518    -            139 552201at33208        -            181   9.9e-40  135.3   0.0   1   1   7.6e-42   1.1e-39  135.2   0.0     2   137     3   138     2   139 0.93 -
TRINITY_DN7956_c0_g1_i3:102-518    -            139 552201at33208        -            181   9.9e-40  135.3   0.0   1   1   7.6e-42   1.1e-39  135.2   0.0     2   137     3   138     2   139 0.93 -
TRINITY_DN7956_c0_g1_i4:102-518    -            139 552201at33208        -            181   9.9e-40  135.3   0.0   1   1   7.6e-42   1.1e-39  135.2   0.0     2   137     3   138     2   139 0.93 -
TRINITY_DN7956_c0_g1_i5:102-518    -            139 552201at33208        -            181   9.9e-40  135.3   0.0   1   1   7.6e-42   1.1e-39  135.2   0.0     2   137     3   138     2   139 0.93 -
TRINITY_DN6470_c0_g1_i1:380-787    -            136 552201at33208        -            181   1.1e-18   66.8   0.0   1   1   8.3e-21   1.2e-18   66.7   0.0     2   124     6   130     5   136 0.85 -
TRINITY_DN6470_c0_g1_i2:380-787    -            136 552201at33208        -            181   1.1e-18   66.8   0.0   1   1   8.3e-21   1.2e-18   66.7   0.0     2   124     6   130     5   136 0.85 -
TRINITY_DN6470_c0_g1_i3:380-787    -            136 552201at33208        -            181   1.1e-18   66.8   0.0   1   1   8.3e-21   1.2e-18   66.7   0.0     2   124     6   130     5   136 0.85 -
TRINITY_DN6470_c0_g1_i7:380-787    -            136 552201at33208        -            181   1.1e-18   66.8   0.0   1   1   8.3e-21   1.2e-18   66.7   0.0     2   124     6   130     5   136 0.85 -
TRINITY_DN6470_c0_g1_i8:380-787    -            136 552201at33208        -            181   1.1e-18   66.8   0.0   1   1   8.3e-21   1.2e-18   66.7   0.0     2   124     6   130     5   136 0.85 -
TRINITY_DN6470_c0_g1_i9:380-787    -            136 552201at33208        -            181   1.1e-18   66.8   0.0   1   1   8.3e-21   1.2e-18   66.7   0.0     2   124     6   130     5   136 0.85 -
TRINITY_DN6286_c0_g1_i11:887-1246  -            120 552201at33208        -            181     6e-18   64.4   0.0   1   1   4.7e-20   6.7e-18   64.2   0.0     2   114     7   118     6   120 0.89 -
TRINITY_DN6286_c0_g1_i12:887-1246  -            120 552201at33208        -            181     6e-18   64.4   0.0   1   1   4.7e-20   6.7e-18   64.2   0.0     2   114     7   118     6   120 0.89 -
TRINITY_DN6286_c0_g1_i14:887-1246  -            120 552201at33208        -            181     6e-18   64.4   0.0   1   1   4.7e-20   6.7e-18   64.2   0.0     2   114     7   118     6   120 0.89 -
TRINITY_DN6286_c0_g1_i2:887-1246   -            120 552201at33208        -            181     6e-18   64.4   0.0   1   1   4.7e-20   6.7e-18   64.2   0.0     2   114     7   118     6   120 0.89 -
TRINITY_DN6286_c0_g1_i9:887-1246   -            120 552201at33208        -            181     6e-18   64.4   0.0   1   1   4.7e-20   6.7e-18   64.2   0.0     2   114     7   118     6   120 0.89 -
TRINITY_DN820_c0_g1_i1:137-493     -            119 552201at33208        -            181   9.3e-18   63.7   0.0   1   1   7.6e-20   1.1e-17   63.5   0.0     2   115     6   118     5   119 0.87 -
TRINITY_DN820_c0_g1_i2:137-493     -            119 552201at33208        -            181   9.3e-18   63.7   0.0   1   1   7.6e-20   1.1e-17   63.5   0.0     2   115     6   118     5   119 0.87 -
TRINITY_DN6470_c0_g1_i10:857-1237  -            127 552201at33208        -            181   6.6e-17   61.0   0.0   1   1   4.9e-19   6.9e-17   60.9   0.0     7   124     2   121     1   127 0.83 -
TRINITY_DN2390_c0_g1_i2:99-461     -            121 552201at33208        -            181   3.4e-16   58.6   0.0   1   1   2.7e-18   3.8e-16   58.5   0.0     4   111    10   116     7   121 0.90 -
TRINITY_DN2390_c0_g1_i3:99-461     -            121 552201at33208        -            181   3.4e-16   58.6   0.0   1   1   2.7e-18   3.8e-16   58.5   0.0     4   111    10   116     7   121 0.90 -
TRINITY_DN2390_c0_g1_i5:99-461     -            121 552201at33208        -            181   3.4e-16   58.6   0.0   1   1   2.7e-18   3.8e-16   58.5   0.0     4   111    10   116     7   121 0.90 -
TRINITY_DN2390_c0_g1_i6:99-461     -            121 552201at33208        -            181   3.4e-16   58.6   0.0   1   1   2.7e-18   3.8e-16   58.5   0.0     4   111    10   116     7   121 0.90 -
TRINITY_DN10347_c1_g1_i1:218-643   -            142 552201at33208        -            181   3.9e-16   58.5   0.0   1   1   3.4e-18   4.8e-16   58.2   0.0     2   114     1   121     1   125 0.87 -
TRINITY_DN597_c0_g1_i1:207-632     -            142 552201at33208        -            181   3.4e-15   55.4   0.0   1   1   2.7e-17   3.8e-15   55.2   0.0     3   116     2   115     1   136 0.87 -
TRINITY_DN597_c0_g1_i2:207-632     -            142 552201at33208        -            181   3.4e-15   55.4   0.0   1   1   2.7e-17   3.8e-15   55.2   0.0     3   116     2   115     1   136 0.87 -
TRINITY_DN597_c0_g1_i3:207-632     -            142 552201at33208        -            181   3.4e-15   55.4   0.0   1   1   2.7e-17   3.8e-15   55.2   0.0     3   116     2   115     1   136 0.87 -
TRINITY_DN597_c0_g1_i7:207-632     -            142 552201at33208        -            181   3.4e-15   55.4   0.0   1   1   2.7e-17   3.8e-15   55.2   0.0     3   116     2   115     1   136 0.87 -
TRINITY_DN597_c0_g1_i8:207-632     -            142 552201at33208        -            181   3.4e-15   55.4   0.0   1   1   2.7e-17   3.8e-15   55.2   0.0     3   116     2   115     1   136 0.87 -
TRINITY_DN597_c0_g1_i9:207-632     -            142 552201at33208        -            181   3.4e-15   55.4   0.0   1   1   2.7e-17   3.8e-15   55.2   0.0     3   116     2   115     1   136 0.87 -
TRINITY_DN4650_c0_g1_i1:563-970    -            136 552201at33208        -            181   8.9e-15   54.0   0.0   1   1   7.1e-17     1e-14   53.9   0.0     5   115     1   114     1   132 0.89 -
TRINITY_DN68962_c0_g1_i1:15-359    -            115 552201at33208        -            181   4.2e-14   51.8   0.0   1   1   3.2e-16   4.6e-14   51.7   0.0     2   115     1   114     1   115 0.84 -
TRINITY_DN18918_c0_g1_i1:523-993   -            157 552201at33208        -            181   5.7e-14   51.4   0.0   1   1   8.2e-16   1.2e-13   50.4   0.0     2   115     8   134     7   150 0.79 -
TRINITY_DN18918_c0_g1_i2:540-1010  -            157 552201at33208        -            181   5.7e-14   51.4   0.0   1   1   8.2e-16   1.2e-13   50.4   0.0     2   115     8   134     7   150 0.79 -
TRINITY_DN18918_c0_g1_i4:541-1011  -            157 552201at33208        -            181   5.7e-14   51.4   0.0   1   1   8.2e-16   1.2e-13   50.4   0.0     2   115     8   134     7   150 0.79 -
TRINITY_DN18918_c0_g1_i6:539-1009  -            157 552201at33208        -            181   5.7e-14   51.4   0.0   1   1   8.2e-16   1.2e-13   50.4   0.0     2   115     8   134     7   150 0.79 -
TRINITY_DN510_c0_g1_i1:96-479      -            128 552201at33208        -            181   1.2e-13   50.3   0.1   1   1     2e-15   2.8e-13   49.2   0.1     4   113     6   128     3   128 0.79 -
TRINITY_DN510_c0_g1_i2:96-479      -            128 552201at33208        -            181   1.2e-13   50.3   0.1   1   1     2e-15   2.8e-13   49.2   0.1     4   113     6   128     3   128 0.79 -
TRINITY_DN5772_c0_g1_i1:335-898    -            188 552201at33208        -            181   1.6e-13   49.9   0.2   1   1   3.6e-15   5.2e-13   48.3   0.2     4   115     3   127     1   148 0.78 -
TRINITY_DN5772_c0_g1_i4:335-898    -            188 552201at33208        -            181   1.6e-13   49.9   0.2   1   1   3.6e-15   5.2e-13   48.3   0.2     4   115     3   127     1   148 0.78 -
TRINITY_DN189523_c0_g1_i1:218-433  -             72 552201at33208        -            181   9.7e-12   44.1   0.2   1   1   7.3e-14     1e-11   44.1   0.2    40   109     1    70     1    72 0.95 -
TRINITY_DN5994_c0_g1_i1:44-415     -            124 552201at33208        -            181   6.3e-09   35.0   0.0   1   1   5.1e-11   7.3e-09   34.8   0.0     4   111     8   119     5   124 0.70 -
TRINITY_DN21330_c0_g1_i1:131-487   -            119 552201at33208        -            181   4.9e-08   32.1   0.0   1   1   3.9e-10   5.5e-08   31.9   0.0    25   115     6    95     2   115 0.84 -
TRINITY_DN21330_c0_g1_i2:131-487   -            119 552201at33208        -            181   4.9e-08   32.1   0.0   1   1   3.9e-10   5.5e-08   31.9   0.0    25   115     6    95     2   115 0.84 -
TRINITY_DN21330_c0_g1_i3:131-487   -            119 552201at33208        -            181   4.9e-08   32.1   0.0   1   1   3.9e-10   5.5e-08   31.9   0.0    25   115     6    95     2   115 0.84 -
TRINITY_DN4078_c0_g1_i10:862-1224  -            121 552201at33208        -            181   9.4e-08   31.1   0.0   1   1   6.7e-10   9.4e-08   31.1   0.0    28   111    35   119     4   121 0.84 -
TRINITY_DN4078_c0_g1_i1:869-1231   -            121 552201at33208        -            181   9.4e-08   31.1   0.0   1   1   6.7e-10   9.4e-08   31.1   0.0    28   111    35   119     4   121 0.84 -
TRINITY_DN4078_c0_g1_i2:1107-1469  -            121 552201at33208        -            181   9.4e-08   31.1   0.0   1   1   6.7e-10   9.4e-08   31.1   0.0    28   111    35   119     4   121 0.84 -
TRINITY_DN4078_c0_g1_i4:1108-1470  -            121 552201at33208        -            181   9.4e-08   31.1   0.0   1   1   6.7e-10   9.4e-08   31.1   0.0    28   111    35   119     4   121 0.84 -
TRINITY_DN1405_c0_g1_i1:524-895    -            124 552201at33208        -            181   1.6e-07   30.4   0.0   1   1   1.4e-09     2e-07   30.1   0.0     4   108    10   119     7   123 0.69 -
TRINITY_DN1405_c0_g1_i3:524-895    -            124 552201at33208        -            181   1.6e-07   30.4   0.0   1   1   1.4e-09     2e-07   30.1   0.0     4   108    10   119     7   123 0.69 -
TRINITY_DN10558_c0_g1_i1:180-584   -            135 552201at33208        -            181   5.7e-07   28.6   0.0   1   1   4.2e-09   5.9e-07   28.5   0.0     7    72     9    74     3   117 0.83 -
TRINITY_DN10558_c0_g1_i2:180-584   -            135 552201at33208        -            181   5.7e-07   28.6   0.0   1   1   4.2e-09   5.9e-07   28.5   0.0     7    72     9    74     3   117 0.83 -
TRINITY_DN62030_c0_g1_i3:458-685   -             76 552201at33208        -            181   5.7e-06   25.3   0.0   1   1   4.1e-08   5.7e-06   25.3   0.0    38    70     6    38     1    75 0.82 -
TRINITY_DN6072_c0_g1_i1:8115-8465  -            117 552201at33208        -            181   6.7e-06   25.1   0.1   1   1   5.7e-08     8e-06   24.8   0.1    37   110     2    87     1    96 0.70 -
TRINITY_DN6072_c0_g1_i2:9875-10225 -            117 552201at33208        -            181   6.7e-06   25.1   0.1   1   1   5.7e-08     8e-06   24.8   0.1    37   110     2    87     1    96 0.70 -
TRINITY_DN6072_c0_g1_i3:8027-8377  -            117 552201at33208        -            181   6.7e-06   25.1   0.1   1   1   5.7e-08     8e-06   24.8   0.1    37   110     2    87     1    96 0.70 -
TRINITY_DN6072_c0_g1_i4:8027-8377  -            117 552201at33208        -            181   6.7e-06   25.1   0.1   1   1   5.7e-08     8e-06   24.8   0.1    37   110     2    87     1    96 0.70 -
TRINITY_DN1405_c0_g1_i2:25-234     -             70 552201at33208        -            181   1.5e-05   24.0   0.0   1   1     1e-07   1.5e-05   24.0   0.0     3    65     3    70     1    70 0.73 -
TRINITY_DN412_c0_g1_i1:2866-3453   -            196 552201at33208        -            181     0.005   15.7   0.0   1   1   5.9e-05    0.0084   15.0   0.0    13    88    19    99     8   133 0.64 -
TRINITY_DN10035_c0_g1_i1:186-560   -            125 552201at33208        -            181     0.022   13.6   0.0   1   1    0.0002     0.028   13.3   0.0    25   116    15   104     5   107 0.78 -
#
# Program:         hmmsearch
# Version:         3.1b2 (February 2015)
# Pipeline mode:   SEARCH
# Query file:      /busco_wd/busco_downloads/lineages/metazoa_odb10/hmms/552201at33208.hmm
# Target file:     /busco_wd/BUSCO/run_metazoa_odb10/metaeuk_output/initial_results/Trinity.fasta.modified.fas
# Option settings: hmmsearch --domtblout /busco_wd/BUSCO/run_metazoa_odb10/hmmer_output/initial_run_results/552201at33208.out --cpu 1 /busco_wd/busco_downloads/lineages/metazoa_odb10/hmms/552201at33208.hmm /busco_wd/BUSCO/run_metazoa_odb10/metaeuk_output/initial_results/Trinity.fasta.modified.fas 
# Current dir:     /busco_wd
# Date:            Tue Nov 23 09:04:04 2021
# [ok]
