#                                                                                          --- full sequence --- -------------- this domain -------------   hmm coord   ali coord   env coord
# target name                      accession   tlen query name           accession   qlen   E-value  score  bias   #  of  c-Evalue  i-Evalue  score  bias  from    to  from    to  from    to  acc description of target
#              ------------------- ---------- ----- -------------------- ---------- ----- --------- ------ ----- --- --- --------- --------- ------ ----- ----- ----- ----- ----- ----- ----- ---- ---------------------
TRINITY_DN22992_c0_g1_i1:341-1021  -            227 552764at33208        -            179   4.4e-89  295.9   1.8   1   1   1.5e-90   5.2e-89  295.7   1.8     1   171     1   173     1   181 0.95 -
TRINITY_DN2756_c0_g1_i10:189-671   -            161 552764at33208        -            179   1.1e-45  154.6   0.9   1   1   3.4e-47   1.2e-45  154.5   0.9     9   163     5   160     1   161 0.97 -
TRINITY_DN2756_c0_g1_i11:189-671   -            161 552764at33208        -            179   1.1e-45  154.6   0.9   1   1   3.4e-47   1.2e-45  154.5   0.9     9   163     5   160     1   161 0.97 -
TRINITY_DN2756_c0_g1_i6:189-671    -            161 552764at33208        -            179   1.1e-45  154.6   0.9   1   1   3.4e-47   1.2e-45  154.5   0.9     9   163     5   160     1   161 0.97 -
TRINITY_DN898_c0_g1_i1:1460-1981   -            174 552764at33208        -            179     2e-42  143.9   0.4   1   1   6.8e-44   2.3e-42  143.7   0.4     6   167     6   170     1   173 0.94 -
TRINITY_DN1156_c0_g2_i1:74-649     -            192 552764at33208        -            179   1.5e-40  137.9   1.1   1   1   4.9e-42   1.7e-40  137.7   1.1     3   171     3   174     1   182 0.92 -
TRINITY_DN2433_c0_g1_i3:1722-2246  -            175 552764at33208        -            179   4.5e-40  136.3   0.1   1   1   1.5e-41     5e-40  136.1   0.1     8   170     2   171     1   175 0.90 -
TRINITY_DN2433_c0_g1_i5:1712-2236  -            175 552764at33208        -            179   4.5e-40  136.3   0.1   1   1   1.5e-41     5e-40  136.1   0.1     8   170     2   171     1   175 0.90 -
TRINITY_DN2433_c0_g1_i7:1723-2247  -            175 552764at33208        -            179   4.5e-40  136.3   0.1   1   1   1.5e-41     5e-40  136.1   0.1     8   170     2   171     1   175 0.90 -
TRINITY_DN2433_c0_g1_i8:1709-2233  -            175 552764at33208        -            179   4.5e-40  136.3   0.1   1   1   1.5e-41     5e-40  136.1   0.1     8   170     2   171     1   175 0.90 -
TRINITY_DN1743_c0_g3_i1:602-1207   -            202 552764at33208        -            179   8.3e-40  135.4   1.6   1   1   2.9e-41   9.8e-40  135.2   1.6     5   167     3   168     1   176 0.93 -
TRINITY_DN118_c0_g1_i1:615-1130    -            172 552764at33208        -            179   3.6e-39  133.3   0.2   1   1   1.3e-40   4.3e-39  133.1   0.2    11   175     1   168     1   171 0.94 -
TRINITY_DN118_c0_g1_i2:616-1131    -            172 552764at33208        -            179   3.6e-39  133.3   0.2   1   1   1.3e-40   4.3e-39  133.1   0.2    11   175     1   168     1   171 0.94 -
TRINITY_DN118_c0_g1_i3:605-1120    -            172 552764at33208        -            179   3.6e-39  133.3   0.2   1   1   1.3e-40   4.3e-39  133.1   0.2    11   175     1   168     1   171 0.94 -
TRINITY_DN118_c0_g1_i4:154-669     -            172 552764at33208        -            179   3.6e-39  133.3   0.2   1   1   1.3e-40   4.3e-39  133.1   0.2    11   175     1   168     1   171 0.94 -
TRINITY_DN4499_c0_g1_i11:7099-7608 -            170 552764at33208        -            179   5.8e-39  132.6   2.7   1   1   1.8e-40   6.3e-39  132.5   2.7     8   170     4   167     1   170 0.96 -
TRINITY_DN4499_c0_g1_i12:7099-7608 -            170 552764at33208        -            179   5.8e-39  132.6   2.7   1   1   1.8e-40   6.3e-39  132.5   2.7     8   170     4   167     1   170 0.96 -
TRINITY_DN4499_c0_g1_i1:7099-7608  -            170 552764at33208        -            179   5.8e-39  132.6   2.7   1   1   1.8e-40   6.3e-39  132.5   2.7     8   170     4   167     1   170 0.96 -
TRINITY_DN4499_c0_g1_i4:7099-7608  -            170 552764at33208        -            179   5.8e-39  132.6   2.7   1   1   1.8e-40   6.3e-39  132.5   2.7     8   170     4   167     1   170 0.96 -
TRINITY_DN4499_c0_g1_i5:7099-7608  -            170 552764at33208        -            179   5.8e-39  132.6   2.7   1   1   1.8e-40   6.3e-39  132.5   2.7     8   170     4   167     1   170 0.96 -
TRINITY_DN97085_c0_g1_i1:112-702   -            197 552764at33208        -            179   9.8e-39  131.9   0.2   1   1   3.5e-40   1.2e-38  131.6   0.2     3   174     2   177     1   181 0.93 -
TRINITY_DN699_c0_g1_i2:295-834     -            180 552764at33208        -            179   1.3e-38  131.5   0.1   1   1   4.4e-40   1.5e-38  131.3   0.1    11   176     1   169     1   172 0.94 -
TRINITY_DN699_c0_g1_i3:631-1170    -            180 552764at33208        -            179   1.3e-38  131.5   0.1   1   1   4.4e-40   1.5e-38  131.3   0.1    11   176     1   169     1   172 0.94 -
TRINITY_DN699_c0_g1_i5:625-1164    -            180 552764at33208        -            179   1.3e-38  131.5   0.1   1   1   4.4e-40   1.5e-38  131.3   0.1    11   176     1   169     1   172 0.94 -
TRINITY_DN6846_c0_g1_i10:163-756   -            198 552764at33208        -            179   1.3e-37  128.3   0.3   1   1   4.7e-39   1.6e-37  128.0   0.3     3   175    10   185     8   189 0.93 -
TRINITY_DN6846_c0_g1_i4:163-756    -            198 552764at33208        -            179   1.3e-37  128.3   0.3   1   1   4.7e-39   1.6e-37  128.0   0.3     3   175    10   185     8   189 0.93 -
TRINITY_DN6846_c0_g1_i5:163-756    -            198 552764at33208        -            179   1.3e-37  128.3   0.3   1   1   4.7e-39   1.6e-37  128.0   0.3     3   175    10   185     8   189 0.93 -
TRINITY_DN6846_c0_g1_i6:163-756    -            198 552764at33208        -            179   1.3e-37  128.3   0.3   1   1   4.7e-39   1.6e-37  128.0   0.3     3   175    10   185     8   189 0.93 -
TRINITY_DN6846_c0_g1_i9:163-756    -            198 552764at33208        -            179   1.3e-37  128.3   0.3   1   1   4.7e-39   1.6e-37  128.0   0.3     3   175    10   185     8   189 0.93 -
TRINITY_DN3714_c0_g1_i1:217-687    -            157 552764at33208        -            179   4.1e-37  126.6   0.9   1   1   1.3e-38   4.5e-37  126.5   0.9    11   163     1   156     1   157 0.95 -
TRINITY_DN9433_c1_g1_i1:70-579     -            170 552764at33208        -            179   4.7e-37  126.4   0.4   1   1   1.5e-38     5e-37  126.3   0.4     9   167     6   167     1   170 0.93 -
TRINITY_DN29937_c0_g1_i1:311-910   -            200 552764at33208        -            179     5e-37  126.3   0.1   1   1   1.7e-38   5.9e-37  126.1   0.1     5   169     3   170     1   177 0.93 -
TRINITY_DN6711_c0_g1_i2:220-696    -            159 552764at33208        -            179   1.2e-36  125.0   0.3   1   1     4e-38   1.4e-36  124.9   0.3    11   166     1   159     1   159 0.95 -
TRINITY_DN6711_c0_g1_i3:220-696    -            159 552764at33208        -            179   1.2e-36  125.0   0.3   1   1     4e-38   1.4e-36  124.9   0.3    11   166     1   159     1   159 0.95 -
TRINITY_DN46440_c0_g2_i1:333-818   -            162 552764at33208        -            179   1.8e-36  124.5   0.1   1   1   5.7e-38   1.9e-36  124.4   0.1     9   164     3   161     1   162 0.93 -
TRINITY_DN4972_c0_g1_i12:68-586    -            173 552764at33208        -            179   2.3e-36  124.2   0.0   1   1   7.3e-38   2.5e-36  124.1   0.0    10   168     4   172     1   173 0.89 -
TRINITY_DN4972_c0_g1_i23:68-586    -            173 552764at33208        -            179   2.3e-36  124.2   0.0   1   1   7.3e-38   2.5e-36  124.1   0.0    10   168     4   172     1   173 0.89 -
TRINITY_DN9652_c0_g1_i1:569-1102   -            178 552764at33208        -            179   1.9e-35  121.2   0.1   1   1   6.7e-37   2.3e-35  120.9   0.1     9   165     5   163     1   170 0.92 -
TRINITY_DN1743_c0_g1_i2:546-1049   -            168 552764at33208        -            179   2.7e-35  120.7   0.1   1   1   8.6e-37   2.9e-35  120.6   0.1    10   170     3   167     1   168 0.92 -
TRINITY_DN12746_c0_g1_i1:269-802   -            178 552764at33208        -            179   4.2e-35  120.1   0.3   1   1   1.4e-36   4.9e-35  119.9   0.3    10   165     1   163     1   175 0.88 -
TRINITY_DN12746_c0_g1_i2:267-800   -            178 552764at33208        -            179   4.2e-35  120.1   0.3   1   1   1.4e-36   4.9e-35  119.9   0.3    10   165     1   163     1   175 0.88 -
TRINITY_DN1156_c0_g1_i15:187-684   -            166 552764at33208        -            179   1.9e-34  117.9   0.1   1   1   6.1e-36   2.1e-34  117.8   0.1    11   168     1   161     1   166 0.92 -
TRINITY_DN1156_c0_g1_i17:187-684   -            166 552764at33208        -            179   1.9e-34  117.9   0.1   1   1   6.1e-36   2.1e-34  117.8   0.1    11   168     1   161     1   166 0.92 -
TRINITY_DN1156_c0_g1_i1:187-684    -            166 552764at33208        -            179   1.9e-34  117.9   0.1   1   1   6.1e-36   2.1e-34  117.8   0.1    11   168     1   161     1   166 0.92 -
TRINITY_DN1156_c0_g1_i28:187-684   -            166 552764at33208        -            179   1.9e-34  117.9   0.1   1   1   6.1e-36   2.1e-34  117.8   0.1    11   168     1   161     1   166 0.92 -
TRINITY_DN1156_c0_g1_i6:187-684    -            166 552764at33208        -            179   1.9e-34  117.9   0.1   1   1   6.1e-36   2.1e-34  117.8   0.1    11   168     1   161     1   166 0.92 -
TRINITY_DN1156_c0_g1_i8:187-684    -            166 552764at33208        -            179   1.9e-34  117.9   0.1   1   1   6.1e-36   2.1e-34  117.8   0.1    11   168     1   161     1   166 0.92 -
TRINITY_DN898_c0_g1_i6:1605-1997   -            131 552764at33208        -            179   2.3e-34  117.7   0.2   1   1   7.2e-36   2.5e-34  117.6   0.2     6   125    11   131     6   131 0.95 -
TRINITY_DN8460_c0_g1_i14:2975-3502 -            176 552764at33208        -            179   2.3e-34  117.7   0.1   1   1   8.1e-36   2.8e-34  117.4   0.1    10   170     4   173     1   176 0.91 -
TRINITY_DN8460_c0_g1_i1:3664-4191  -            176 552764at33208        -            179   2.3e-34  117.7   0.1   1   1   8.1e-36   2.8e-34  117.4   0.1    10   170     4   173     1   176 0.91 -
TRINITY_DN8460_c0_g1_i7:2590-3117  -            176 552764at33208        -            179   2.3e-34  117.7   0.1   1   1   8.1e-36   2.8e-34  117.4   0.1    10   170     4   173     1   176 0.91 -
TRINITY_DN8460_c0_g1_i9:3664-4191  -            176 552764at33208        -            179   2.3e-34  117.7   0.1   1   1   8.1e-36   2.8e-34  117.4   0.1    10   170     4   173     1   176 0.91 -
TRINITY_DN93531_c0_g1_i1:99-653    -            185 552764at33208        -            179   1.2e-33  115.3   0.1   1   1   4.1e-35   1.4e-33  115.1   0.1     7   167     6   169     1   177 0.90 -
TRINITY_DN18953_c0_g1_i1:1311-2030 -            240 552764at33208        -            179   1.6e-33  114.9   0.4   1   1   7.1e-35   2.4e-33  114.3   0.4     4   172     7   177     4   182 0.89 -
TRINITY_DN18953_c0_g1_i2:1311-2030 -            240 552764at33208        -            179   1.6e-33  114.9   0.4   1   1   7.1e-35   2.4e-33  114.3   0.4     4   172     7   177     4   182 0.89 -
TRINITY_DN18953_c0_g1_i4:1248-1967 -            240 552764at33208        -            179   1.6e-33  114.9   0.4   1   1   7.1e-35   2.4e-33  114.3   0.4     4   172     7   177     4   182 0.89 -
TRINITY_DN29001_c0_g2_i10:276-848  -            191 552764at33208        -            179   2.9e-33  114.1   0.1   1   1     1e-34   3.4e-33  113.8   0.1    11   169     1   162     1   169 0.93 -
TRINITY_DN29001_c0_g2_i3:276-848   -            191 552764at33208        -            179   2.9e-33  114.1   0.1   1   1     1e-34   3.4e-33  113.8   0.1    11   169     1   162     1   169 0.93 -
TRINITY_DN29001_c0_g2_i4:282-854   -            191 552764at33208        -            179   2.9e-33  114.1   0.1   1   1     1e-34   3.4e-33  113.8   0.1    11   169     1   162     1   169 0.93 -
TRINITY_DN29001_c0_g2_i5:276-848   -            191 552764at33208        -            179   2.9e-33  114.1   0.1   1   1     1e-34   3.4e-33  113.8   0.1    11   169     1   162     1   169 0.93 -
TRINITY_DN29001_c0_g2_i8:276-848   -            191 552764at33208        -            179   2.9e-33  114.1   0.1   1   1     1e-34   3.4e-33  113.8   0.1    11   169     1   162     1   169 0.93 -
TRINITY_DN29001_c0_g2_i9:276-848   -            191 552764at33208        -            179   2.9e-33  114.1   0.1   1   1     1e-34   3.4e-33  113.8   0.1    11   169     1   162     1   169 0.93 -
TRINITY_DN43391_c0_g1_i3:182-757   -            192 552764at33208        -            179     3e-33  114.0   0.0   1   1   1.2e-34   3.9e-33  113.6   0.0    10   164    25   185    18   190 0.89 -
TRINITY_DN43391_c0_g1_i4:182-757   -            192 552764at33208        -            179     3e-33  114.0   0.0   1   1   1.2e-34   3.9e-33  113.6   0.0    10   164    25   185    18   190 0.89 -
TRINITY_DN43391_c0_g1_i6:182-757   -            192 552764at33208        -            179     3e-33  114.0   0.0   1   1   1.2e-34   3.9e-33  113.6   0.0    10   164    25   185    18   190 0.89 -
TRINITY_DN43391_c0_g1_i9:182-757   -            192 552764at33208        -            179     3e-33  114.0   0.0   1   1   1.2e-34   3.9e-33  113.6   0.0    10   164    25   185    18   190 0.89 -
TRINITY_DN14359_c0_g1_i2:850-1335  -            162 552764at33208        -            179   1.9e-32  111.4   1.0   1   1     6e-34     2e-32  111.3   1.0    11   162     1   159     1   162 0.89 -
TRINITY_DN14359_c0_g1_i6:857-1342  -            162 552764at33208        -            179   1.9e-32  111.4   1.0   1   1     6e-34     2e-32  111.3   1.0    11   162     1   159     1   162 0.89 -
TRINITY_DN14359_c0_g1_i8:857-1342  -            162 552764at33208        -            179   1.9e-32  111.4   1.0   1   1     6e-34     2e-32  111.3   1.0    11   162     1   159     1   162 0.89 -
TRINITY_DN6971_c0_g1_i1:2085-2639  -            185 552764at33208        -            179   4.9e-32  110.1   0.0   1   1   1.7e-33   5.8e-32  109.8   0.0    11   166     1   165     1   172 0.88 -
TRINITY_DN6971_c0_g1_i4:2086-2640  -            185 552764at33208        -            179   4.9e-32  110.1   0.0   1   1   1.7e-33   5.8e-32  109.8   0.0    11   166     1   165     1   172 0.88 -
TRINITY_DN18235_c0_g2_i1:142-678   -            179 552764at33208        -            179   5.6e-32  109.9   0.0   1   1   1.9e-33   6.5e-32  109.7   0.0     9   167     4   162     1   169 0.97 -
TRINITY_DN18235_c0_g2_i3:142-678   -            179 552764at33208        -            179   5.6e-32  109.9   0.0   1   1   1.9e-33   6.5e-32  109.7   0.0     9   167     4   162     1   169 0.97 -
TRINITY_DN4160_c1_g1_i1:615-1157   -            181 552764at33208        -            179   7.1e-32  109.6   0.0   1   1   2.4e-33   8.2e-32  109.3   0.0     4   166     4   169     1   178 0.90 -
TRINITY_DN4160_c1_g1_i2:566-1108   -            181 552764at33208        -            179   7.1e-32  109.6   0.0   1   1   2.4e-33   8.2e-32  109.3   0.0     4   166     4   169     1   178 0.90 -
TRINITY_DN4160_c1_g1_i3:630-1172   -            181 552764at33208        -            179   7.1e-32  109.6   0.0   1   1   2.4e-33   8.2e-32  109.3   0.0     4   166     4   169     1   178 0.90 -
TRINITY_DN4160_c1_g1_i5:615-1157   -            181 552764at33208        -            179   7.1e-32  109.6   0.0   1   1   2.4e-33   8.2e-32  109.3   0.0     4   166     4   169     1   178 0.90 -
TRINITY_DN4318_c0_g1_i1:626-1195   -            190 552764at33208        -            179   2.2e-31  108.0   0.1   1   1   1.3e-32   4.3e-31  107.0   0.1     8   170     4   181     1   189 0.85 -
TRINITY_DN43391_c0_g1_i7:182-748   -            189 552764at33208        -            179   2.3e-31  107.9   0.1   1   1   8.9e-33     3e-31  107.5   0.1    10   151    25   172    18   188 0.84 -
TRINITY_DN2862_c0_g1_i1:1161-1652  -            164 552764at33208        -            179   6.2e-31  106.5   0.5   1   1     2e-32   6.8e-31  106.4   0.5    11   167     1   161     1   164 0.93 -
TRINITY_DN2862_c0_g1_i3:1169-1660  -            164 552764at33208        -            179   6.2e-31  106.5   0.5   1   1     2e-32   6.8e-31  106.4   0.5    11   167     1   161     1   164 0.93 -
TRINITY_DN10548_c0_g1_i1:672-1199  -            176 552764at33208        -            179   7.1e-31  106.3   0.1   1   1   2.5e-32   8.4e-31  106.1   0.1     6   163     2   158     1   171 0.95 -
TRINITY_DN10548_c0_g1_i2:348-875   -            176 552764at33208        -            179   7.1e-31  106.3   0.1   1   1   2.5e-32   8.4e-31  106.1   0.1     6   163     2   158     1   171 0.95 -
TRINITY_DN10548_c0_g1_i3:649-1176  -            176 552764at33208        -            179   7.1e-31  106.3   0.1   1   1   2.5e-32   8.4e-31  106.1   0.1     6   163     2   158     1   171 0.95 -
TRINITY_DN699_c0_g1_i4:3-380       -            126 552764at33208        -            179   5.1e-30  103.5   0.1   1   1   1.6e-31   5.5e-30  103.4   0.1    11   130     1   121     1   126 0.95 -
TRINITY_DN1743_c0_g2_i1:345-818    -            158 552764at33208        -            179     7e-30  103.1   0.2   1   1   2.4e-31   8.2e-30  102.8   0.2    28   169     1   147     1   153 0.92 -
TRINITY_DN6526_c0_g1_i5:60-596     -            179 552764at33208        -            179   1.7e-29  101.8   1.5   1   1     6e-31   2.1e-29  101.5   1.5    11   176     1   170     1   173 0.92 -
TRINITY_DN10858_c0_g1_i1:308-700   -            131 552764at33208        -            179     2e-29  101.5   0.4   1   1     7e-31   2.4e-29  101.3   0.4     4   113    15   124    13   131 0.95 -
TRINITY_DN10858_c0_g1_i2:45-437    -            131 552764at33208        -            179     2e-29  101.5   0.4   1   1     7e-31   2.4e-29  101.3   0.4     4   113    15   124    13   131 0.95 -
TRINITY_DN13253_c0_g1_i1:35-439    -            135 552764at33208        -            179   4.5e-29  100.4   0.0   1   1   1.6e-30   5.4e-29  100.2   0.0    10   116    23   132    17   135 0.89 -
TRINITY_DN23193_c0_g1_i1:349-990   -            214 552764at33208        -            179   1.3e-28   98.9   0.0   1   1   5.1e-30   1.7e-28   98.5   0.0     4   164     2   166     1   175 0.89 -
TRINITY_DN23193_c0_g1_i3:340-981   -            214 552764at33208        -            179   1.3e-28   98.9   0.0   1   1   5.1e-30   1.7e-28   98.5   0.0     4   164     2   166     1   175 0.89 -
TRINITY_DN381_c0_g1_i1:2082-2486   -            135 552764at33208        -            179   1.3e-28   98.9   0.4   1   1   4.5e-30   1.5e-28   98.7   0.4     8   112    23   127    17   135 0.93 -
TRINITY_DN381_c0_g1_i2:1253-1657   -            135 552764at33208        -            179   1.3e-28   98.9   0.4   1   1   4.5e-30   1.5e-28   98.7   0.4     8   112    23   127    17   135 0.93 -
TRINITY_DN381_c0_g1_i3:2408-2812   -            135 552764at33208        -            179   1.3e-28   98.9   0.4   1   1   4.5e-30   1.5e-28   98.7   0.4     8   112    23   127    17   135 0.93 -
TRINITY_DN381_c0_g1_i4:1252-1656   -            135 552764at33208        -            179   1.3e-28   98.9   0.4   1   1   4.5e-30   1.5e-28   98.7   0.4     8   112    23   127    17   135 0.93 -
TRINITY_DN1743_c0_g1_i1:708-1085   -            126 552764at33208        -            179   4.6e-28   97.1   0.0   1   1   1.5e-29     5e-28   97.0   0.0     7   110    12   116     7   126 0.91 -
TRINITY_DN13669_c0_g2_i1:119-673   -            185 552764at33208        -            179   6.3e-28   96.7   0.1   1   1   2.1e-29   7.2e-28   96.5   0.1     8   167     2   167     1   178 0.90 -
TRINITY_DN13669_c0_g2_i2:119-673   -            185 552764at33208        -            179   6.3e-28   96.7   0.1   1   1   2.1e-29   7.2e-28   96.5   0.1     8   167     2   167     1   178 0.90 -
TRINITY_DN28646_c0_g1_i2:295-828   -            178 552764at33208        -            179   7.2e-28   96.5   0.0   1   1   2.4e-29   8.3e-28   96.3   0.0    11   167     9   169     1   176 0.90 -
TRINITY_DN28646_c0_g1_i4:295-828   -            178 552764at33208        -            179   7.2e-28   96.5   0.0   1   1   2.4e-29   8.3e-28   96.3   0.0    11   167     9   169     1   176 0.90 -
TRINITY_DN28646_c0_g1_i6:295-828   -            178 552764at33208        -            179   7.2e-28   96.5   0.0   1   1   2.4e-29   8.3e-28   96.3   0.0    11   167     9   169     1   176 0.90 -
TRINITY_DN8021_c0_g1_i2:160-663    -            168 552764at33208        -            179     8e-28   96.4   0.0   1   1   2.7e-29   9.3e-28   96.1   0.0    10   164     1   158     1   164 0.91 -
TRINITY_DN1754_c0_g1_i2:123-650    -            176 552764at33208        -            179   1.1e-27   95.9   0.4   1   1   3.4e-29   1.2e-27   95.8   0.4     7   167     7   174     1   176 0.88 -
TRINITY_DN1754_c0_g1_i4:135-662    -            176 552764at33208        -            179   1.1e-27   95.9   0.4   1   1   3.4e-29   1.2e-27   95.8   0.4     7   167     7   174     1   176 0.88 -
TRINITY_DN17661_c0_g1_i1:369-863   -            165 552764at33208        -            179     2e-27   95.1   0.0   1   1   6.3e-29   2.1e-27   95.0   0.0    11   168     1   161     1   165 0.94 -
TRINITY_DN21182_c0_g1_i1:9-449     -            147 552764at33208        -            179   2.7e-27   94.6   0.8   1   1   8.6e-29   2.9e-27   94.5   0.8     4   109    31   136    28   147 0.90 -
TRINITY_DN21182_c0_g1_i2:9-449     -            147 552764at33208        -            179   2.7e-27   94.6   0.8   1   1   8.6e-29   2.9e-27   94.5   0.8     4   109    31   136    28   147 0.90 -
TRINITY_DN8021_c0_g1_i3:160-594    -            145 552764at33208        -            179   6.7e-27   93.3   0.0   1   1   2.2e-28   7.6e-27   93.2   0.0    10   132     1   124     1   141 0.93 -
TRINITY_DN7233_c0_g1_i10:30-488    -            153 552764at33208        -            179   9.7e-27   92.8   0.1   1   1   3.1e-28     1e-26   92.7   0.1    10   155     4   152     1   153 0.94 -
TRINITY_DN7233_c0_g1_i3:3465-3923  -            153 552764at33208        -            179   9.7e-27   92.8   0.1   1   1   3.1e-28     1e-26   92.7   0.1    10   155     4   152     1   153 0.94 -
TRINITY_DN7233_c0_g1_i5:3235-3693  -            153 552764at33208        -            179   9.7e-27   92.8   0.1   1   1   3.1e-28     1e-26   92.7   0.1    10   155     4   152     1   153 0.94 -
TRINITY_DN3254_c0_g2_i3:2814-3278  -            155 552764at33208        -            179   1.1e-26   92.6   0.1   1   1   3.6e-28   1.2e-26   92.5   0.1    11   160     1   155     1   155 0.91 -
TRINITY_DN4318_c0_g1_i3:573-1178   -            202 552764at33208        -            179     2e-26   91.8   0.0   1   1   1.2e-27     4e-26   90.8   0.0    10   170     1   177     1   185 0.83 -
TRINITY_DN4542_c0_g1_i1:236-715    -            160 552764at33208        -            179   7.5e-26   89.9   0.2   1   1   2.4e-27   8.3e-26   89.8   0.2    11   167     1   159     1   160 0.92 -
TRINITY_DN10757_c0_g1_i1:189-719   -            177 552764at33208        -            179   1.5e-25   89.0   0.1   1   1   4.7e-27   1.6e-25   88.8   0.1    10   176     1   174     1   177 0.89 -
TRINITY_DN10757_c0_g1_i3:189-719   -            177 552764at33208        -            179   1.5e-25   89.0   0.1   1   1   4.7e-27   1.6e-25   88.8   0.1    10   176     1   174     1   177 0.89 -
TRINITY_DN25114_c0_g1_i1:84-548    -            155 552764at33208        -            179   1.5e-25   88.9   0.3   1   1   4.9e-27   1.7e-25   88.8   0.3    11   162     1   154     1   155 0.93 -
TRINITY_DN7233_c0_g1_i6:3238-3645  -            136 552764at33208        -            179     5e-25   87.2   0.1   1   1   1.5e-26   5.3e-25   87.2   0.1    10   135     4   130     1   136 0.95 -
TRINITY_DN7233_c0_g1_i8:3235-3642  -            136 552764at33208        -            179     5e-25   87.2   0.1   1   1   1.5e-26   5.3e-25   87.2   0.1    10   135     4   130     1   136 0.95 -
TRINITY_DN7233_c0_g1_i9:3456-3863  -            136 552764at33208        -            179     5e-25   87.2   0.1   1   1   1.5e-26   5.3e-25   87.2   0.1    10   135     4   130     1   136 0.95 -
TRINITY_DN2735_c0_g1_i1:54-572     -            173 552764at33208        -            179   8.6e-25   86.5   0.2   1   1   2.7e-26   9.4e-25   86.4   0.2    10   167     5   171     1   173 0.86 -
TRINITY_DN2735_c0_g1_i3:54-572     -            173 552764at33208        -            179   8.6e-25   86.5   0.2   1   1   2.7e-26   9.4e-25   86.4   0.2    10   167     5   171     1   173 0.86 -
TRINITY_DN39963_c0_g1_i1:503-1105  -            201 552764at33208        -            179   1.2e-24   86.0   0.1   1   1   1.3e-25   4.3e-24   84.2   0.1    11   162     1   157     1   186 0.86 -
TRINITY_DN5489_c0_g1_i1:117-611    -            165 552764at33208        -            179   1.4e-24   85.8   0.1   1   1   4.9e-26   1.7e-24   85.5   0.1    11   161     8   161     5   165 0.92 -
TRINITY_DN5489_c0_g1_i2:118-612    -            165 552764at33208        -            179   1.4e-24   85.8   0.1   1   1   4.9e-26   1.7e-24   85.5   0.1    11   161     8   161     5   165 0.92 -
TRINITY_DN5766_c0_g1_i3:86-583     -            166 552764at33208        -            179   1.5e-24   85.7   0.1   1   1   4.6e-26   1.6e-24   85.6   0.1    14   166     3   159     1   166 0.88 -
TRINITY_DN27711_c0_g1_i1:557-1018  -            154 552764at33208        -            179   3.2e-23   81.4   0.2   1   1     1e-24   3.5e-23   81.2   0.2    11   161     1   154     1   154 0.94 -
TRINITY_DN538_c0_g1_i13:2906-3430  -            175 552764at33208        -            179   1.6e-22   79.1   0.0   1   1   7.9e-24   2.7e-22   78.4   0.0    11   140     1   128     1   174 0.86 -
TRINITY_DN538_c0_g1_i14:2918-3442  -            175 552764at33208        -            179   1.6e-22   79.1   0.0   1   1   7.9e-24   2.7e-22   78.4   0.0    11   140     1   128     1   174 0.86 -
TRINITY_DN538_c0_g1_i7:2922-3446   -            175 552764at33208        -            179   1.6e-22   79.1   0.0   1   1   7.9e-24   2.7e-22   78.4   0.0    11   140     1   128     1   174 0.86 -
TRINITY_DN2497_c0_g1_i10:129-503   -            125 552764at33208        -            179   2.1e-22   78.7   0.0   1   1   6.5e-24   2.2e-22   78.6   0.0    10   128     3   121     1   125 0.94 -
TRINITY_DN2497_c0_g1_i11:129-503   -            125 552764at33208        -            179   2.1e-22   78.7   0.0   1   1   6.5e-24   2.2e-22   78.6   0.0    10   128     3   121     1   125 0.94 -
TRINITY_DN2497_c0_g1_i13:129-503   -            125 552764at33208        -            179   2.1e-22   78.7   0.0   1   1   6.5e-24   2.2e-22   78.6   0.0    10   128     3   121     1   125 0.94 -
TRINITY_DN2497_c0_g1_i1:129-503    -            125 552764at33208        -            179   2.1e-22   78.7   0.0   1   1   6.5e-24   2.2e-22   78.6   0.0    10   128     3   121     1   125 0.94 -
TRINITY_DN2497_c0_g1_i2:129-503    -            125 552764at33208        -            179   2.1e-22   78.7   0.0   1   1   6.5e-24   2.2e-22   78.6   0.0    10   128     3   121     1   125 0.94 -
TRINITY_DN2497_c0_g1_i3:129-503    -            125 552764at33208        -            179   2.1e-22   78.7   0.0   1   1   6.5e-24   2.2e-22   78.6   0.0    10   128     3   121     1   125 0.94 -
TRINITY_DN2497_c0_g1_i8:129-503    -            125 552764at33208        -            179   2.1e-22   78.7   0.0   1   1   6.5e-24   2.2e-22   78.6   0.0    10   128     3   121     1   125 0.94 -
TRINITY_DN19371_c0_g1_i1:472-990   -            173 552764at33208        -            179   3.9e-22   77.8   0.1   1   1   1.4e-23   4.7e-22   77.6   0.1    11   167     1   161     1   171 0.87 -
TRINITY_DN4318_c0_g1_i2:573-1010   -            146 552764at33208        -            179   4.7e-22   77.6   0.1   1   1   1.6e-23   5.5e-22   77.3   0.1    55   170     2   121     1   129 0.88 -
TRINITY_DN17917_c0_g1_i2:507-1070  -            188 552764at33208        -            179     6e-22   77.2   0.1   1   1   2.1e-23   7.1e-22   77.0   0.1     8   163     8   172     1   182 0.86 -
TRINITY_DN14715_c0_g1_i1:0-233     -             78 552764at33208        -            179   1.1e-21   76.4   0.1   1   1   3.4e-23   1.1e-21   76.3   0.1    11    88     1    78     1    78 0.97 -
TRINITY_DN6526_c0_g1_i3:6-416      -            137 552764at33208        -            179   1.8e-21   75.7   0.2   1   1     6e-23     2e-21   75.5   0.2     6   118    22   136    17   137 0.89 -
TRINITY_DN6526_c0_g1_i4:6-416      -            137 552764at33208        -            179   1.8e-21   75.7   0.2   1   1     6e-23     2e-21   75.5   0.2     6   118    22   136    17   137 0.89 -
TRINITY_DN6526_c0_g1_i7:6-416      -            137 552764at33208        -            179   1.8e-21   75.7   0.2   1   1     6e-23     2e-21   75.5   0.2     6   118    22   136    17   137 0.89 -
TRINITY_DN13390_c0_g1_i7:393-938   -            182 552764at33208        -            179   8.6e-21   73.4   0.0   1   1   4.9e-22   1.7e-20   72.5   0.0    11   175     1   176     1   179 0.78 -
TRINITY_DN31930_c0_g1_i2:197-679   -            161 552764at33208        -            179   1.4e-20   72.7   0.0   1   1   4.7e-22   1.6e-20   72.6   0.0    11   162     2   160     1   161 0.91 -
TRINITY_DN3254_c0_g2_i2:2814-3209  -            132 552764at33208        -            179   4.1e-20   71.2   0.1   1   1   1.3e-21   4.5e-20   71.1   0.1    36   160     3   132     1   132 0.87 -
TRINITY_DN1190_c2_g1_i1:169-666    -            166 552764at33208        -            179   1.2e-19   69.8   0.0   1   1   6.7e-21   2.3e-19   68.8   0.0    10   140     1   129     1   166 0.91 -
TRINITY_DN1190_c2_g1_i2:169-666    -            166 552764at33208        -            179   1.2e-19   69.8   0.0   1   1   6.7e-21   2.3e-19   68.8   0.0    10   140     1   129     1   166 0.91 -
TRINITY_DN1190_c2_g1_i4:169-666    -            166 552764at33208        -            179   1.2e-19   69.8   0.0   1   1   6.7e-21   2.3e-19   68.8   0.0    10   140     1   129     1   166 0.91 -
TRINITY_DN1190_c2_g1_i5:169-666    -            166 552764at33208        -            179   1.2e-19   69.8   0.0   1   1   6.7e-21   2.3e-19   68.8   0.0    10   140     1   129     1   166 0.91 -
TRINITY_DN1190_c2_g1_i6:169-666    -            166 552764at33208        -            179   1.2e-19   69.8   0.0   1   1   6.7e-21   2.3e-19   68.8   0.0    10   140     1   129     1   166 0.91 -
TRINITY_DN1190_c2_g1_i7:169-666    -            166 552764at33208        -            179   1.2e-19   69.8   0.0   1   1   6.7e-21   2.3e-19   68.8   0.0    10   140     1   129     1   166 0.91 -
TRINITY_DN16406_c0_g1_i2:1326-1820 -            165 552764at33208        -            179   1.8e-19   69.2   0.0   1   1   5.9e-21     2e-19   69.0   0.0    11   134     1   125     1   159 0.87 -
TRINITY_DN16406_c0_g1_i3:1326-1820 -            165 552764at33208        -            179   1.8e-19   69.2   0.0   1   1   5.9e-21     2e-19   69.0   0.0    11   134     1   125     1   159 0.87 -
TRINITY_DN16406_c0_g1_i5:1325-1819 -            165 552764at33208        -            179   1.8e-19   69.2   0.0   1   1   5.9e-21     2e-19   69.0   0.0    11   134     1   125     1   159 0.87 -
TRINITY_DN23414_c0_g2_i1:625-1053  -            143 552764at33208        -            179   3.5e-18   64.9   0.1   1   1   1.2e-19     4e-18   64.7   0.1    10   154     1   143     1   143 0.90 -
TRINITY_DN2254_c0_g1_i15:1948-2607 -            220 552764at33208        -            179   2.1e-17   62.4   0.1   1   1   7.6e-18   2.6e-16   58.9   0.1     9   110     8   111     1   213 0.94 -
TRINITY_DN2254_c0_g1_i2:1791-2450  -            220 552764at33208        -            179   2.1e-17   62.4   0.1   1   1   7.6e-18   2.6e-16   58.9   0.1     9   110     8   111     1   213 0.94 -
TRINITY_DN2254_c0_g1_i3:1837-2496  -            220 552764at33208        -            179   2.1e-17   62.4   0.1   1   1   7.6e-18   2.6e-16   58.9   0.1     9   110     8   111     1   213 0.94 -
TRINITY_DN2254_c0_g1_i5:1948-2607  -            220 552764at33208        -            179   2.1e-17   62.4   0.1   1   1   7.6e-18   2.6e-16   58.9   0.1     9   110     8   111     1   213 0.94 -
TRINITY_DN2254_c0_g1_i6:2046-2705  -            220 552764at33208        -            179   2.1e-17   62.4   0.1   1   1   7.6e-18   2.6e-16   58.9   0.1     9   110     8   111     1   213 0.94 -
TRINITY_DN2254_c0_g1_i7:1971-2630  -            220 552764at33208        -            179   2.1e-17   62.4   0.1   1   1   7.6e-18   2.6e-16   58.9   0.1     9   110     8   111     1   213 0.94 -
TRINITY_DN37164_c0_g1_i1:18-383    -            122 552764at33208        -            179   2.3e-17   62.3   0.0   1   1   7.6e-19   2.6e-17   62.1   0.0    11   130     1   120     1   122 0.94 -
TRINITY_DN9957_c0_g1_i1:243-794    -            184 552764at33208        -            179   3.5e-17   61.7   0.0   1   1   5.3e-18   1.8e-16   59.4   0.0    11   128    17   136     9   184 0.78 -
TRINITY_DN13390_c0_g1_i6:228-632   -            135 552764at33208        -            179   5.6e-17   61.0   0.0   1   1   1.9e-18   6.6e-17   60.8   0.0    10   132     3   123     1   134 0.89 -
TRINITY_DN1190_c5_g1_i3:205-573    -            123 552764at33208        -            179   2.2e-16   59.1   0.0   1   1     7e-18   2.4e-16   59.0   0.0     9   127     1   123     1   123 0.94 -
TRINITY_DN25435_c0_g3_i1:100-684   -            195 552764at33208        -            179     4e-16   58.2   0.0   1   1   1.4e-17   4.9e-16   57.9   0.0    11   145     1   136     1   163 0.80 -
TRINITY_DN19371_c0_g1_i2:499-954   -            152 552764at33208        -            179   1.4e-15   56.5   0.0   1   1   4.3e-17   1.5e-15   56.4   0.0    45   166    22   148     1   152 0.79 -
TRINITY_DN19371_c0_g1_i3:499-951   -            151 552764at33208        -            179   1.7e-15   56.2   0.0   1   1   5.7e-17   1.9e-15   56.0   0.0    47   166    23   147     2   151 0.80 -
TRINITY_DN181360_c0_g1_i1:30-236   -             69 552764at33208        -            179   3.8e-15   55.1   0.0   1   1   1.2e-16   4.1e-15   55.0   0.0    11    79     1    69     1    69 0.98 -
TRINITY_DN13390_c0_g1_i5:393-941   -            183 552764at33208        -            179   4.5e-15   54.8   0.0   1   1   2.7e-16   9.1e-15   53.8   0.0    10   175     3   177     1   180 0.76 -
TRINITY_DN8021_c0_g1_i1:160-549    -            130 552764at33208        -            179   7.3e-15   54.1   0.0   1   2   2.2e-12   7.5e-11   41.1   0.0    10    69     1    60     1    62 0.97 -
TRINITY_DN8021_c0_g1_i1:160-549    -            130 552764at33208        -            179   7.3e-15   54.1   0.0   2   2   0.00081     0.028   13.1   0.0    93   156    60   126    60   130 0.74 -
TRINITY_DN5788_c0_g1_i2:810-1415   -            202 552764at33208        -            179   7.8e-15   54.0   0.0   1   1   2.9e-16   9.7e-15   53.7   0.0     6   165     2   173     1   186 0.83 -
TRINITY_DN5788_c0_g1_i5:807-1412   -            202 552764at33208        -            179   7.8e-15   54.0   0.0   1   1   2.9e-16   9.7e-15   53.7   0.0     6   165     2   173     1   186 0.83 -
TRINITY_DN2688_c0_g1_i1:561-1046   -            162 552764at33208        -            179   5.5e-14   51.3   0.9   1   1   1.8e-15     6e-14   51.1   0.9    10   161     1   156     1   162 0.85 -
TRINITY_DN2688_c0_g1_i2:561-1046   -            162 552764at33208        -            179   5.5e-14   51.3   0.9   1   1   1.8e-15     6e-14   51.1   0.9    10   161     1   156     1   162 0.85 -
TRINITY_DN2688_c0_g1_i3:561-1046   -            162 552764at33208        -            179   5.5e-14   51.3   0.9   1   1   1.8e-15     6e-14   51.1   0.9    10   161     1   156     1   162 0.85 -
TRINITY_DN3868_c0_g2_i1:10-438     -            143 552764at33208        -            179   1.3e-13   50.1   0.1   1   1   4.2e-15   1.4e-13   49.9   0.1    10   108    27   130    20   143 0.86 -
TRINITY_DN31930_c0_g1_i1:197-562   -            122 552764at33208        -            179   1.8e-12   46.4   0.0   1   1   5.6e-14   1.9e-12   46.3   0.0    51   162     2   121     1   122 0.87 -
TRINITY_DN31930_c0_g1_i3:197-562   -            122 552764at33208        -            179   1.8e-12   46.4   0.0   1   1   5.6e-14   1.9e-12   46.3   0.0    51   162     2   121     1   122 0.87 -
TRINITY_DN1190_c5_g1_i2:205-390    -             62 552764at33208        -            179   2.5e-12   45.9   0.0   1   1   7.9e-14   2.7e-12   45.8   0.0     9    71     1    62     1    62 0.95 -
TRINITY_DN2968_c0_g1_i1:418-939    -            174 552764at33208        -            179     1e-11   43.9   0.1   1   1   5.6e-13   1.9e-11   43.0   0.1     9   173     5   166     1   171 0.81 -
TRINITY_DN9957_c0_g1_i2:246-611    -            122 552764at33208        -            179   1.7e-11   43.2   0.0   1   1   2.2e-12   7.6e-11   41.0   0.0    56   128     2    75     1   122 0.79 -
TRINITY_DN15963_c0_g1_i4:711-1175  -            155 552764at33208        -            179   3.3e-11   42.2   0.1   1   1   1.2e-12   4.2e-11   41.9   0.1    12   166     1   154     1   155 0.88 -
TRINITY_DN15963_c0_g1_i7:600-1064  -            155 552764at33208        -            179   3.3e-11   42.2   0.1   1   1   1.2e-12   4.2e-11   41.9   0.1    12   166     1   154     1   155 0.88 -
TRINITY_DN30016_c0_g1_i2:911-1300  -            130 552764at33208        -            179   1.5e-10   40.1   0.0   1   2   6.2e-09   2.1e-07   29.8   0.0    10    64     1    55     1    58 0.97 -
TRINITY_DN30016_c0_g1_i2:911-1300  -            130 552764at33208        -            179   1.5e-10   40.1   0.0   2   2     0.019      0.65    8.7   0.0    86   143    65   123    59   130 0.71 -
TRINITY_DN30016_c0_g1_i3:911-1300  -            130 552764at33208        -            179   1.5e-10   40.1   0.0   1   2   6.2e-09   2.1e-07   29.8   0.0    10    64     1    55     1    58 0.97 -
TRINITY_DN30016_c0_g1_i3:911-1300  -            130 552764at33208        -            179   1.5e-10   40.1   0.0   2   2     0.019      0.65    8.7   0.0    86   143    65   123    59   130 0.71 -
TRINITY_DN30016_c0_g1_i4:701-1090  -            130 552764at33208        -            179   1.5e-10   40.1   0.0   1   2   6.2e-09   2.1e-07   29.8   0.0    10    64     1    55     1    58 0.97 -
TRINITY_DN30016_c0_g1_i4:701-1090  -            130 552764at33208        -            179   1.5e-10   40.1   0.0   2   2     0.019      0.65    8.7   0.0    86   143    65   123    59   130 0.71 -
TRINITY_DN28646_c0_g2_i3:123-704   -            194 552764at33208        -            179   1.9e-10   39.7   0.0   1   2   4.8e-10   1.6e-08   33.4   0.0    11   128     1   118     1   135 0.90 -
TRINITY_DN28646_c0_g2_i3:123-704   -            194 552764at33208        -            179   1.9e-10   39.7   0.0   2   2      0.33        11    4.6   0.0   122   167   134   181   131   191 0.77 -
TRINITY_DN28646_c0_g2_i4:123-704   -            194 552764at33208        -            179   1.9e-10   39.7   0.0   1   2   4.8e-10   1.6e-08   33.4   0.0    11   128     1   118     1   135 0.90 -
TRINITY_DN28646_c0_g2_i4:123-704   -            194 552764at33208        -            179   1.9e-10   39.7   0.0   2   2      0.33        11    4.6   0.0   122   167   134   181   131   191 0.77 -
TRINITY_DN9921_c0_g1_i1:95-580     -            162 552764at33208        -            179   1.5e-08   33.6   0.0   1   1   5.1e-10   1.7e-08   33.3   0.0    12   130     1   118     1   161 0.74 -
TRINITY_DN9921_c0_g1_i2:314-799    -            162 552764at33208        -            179   1.5e-08   33.6   0.0   1   1   5.1e-10   1.7e-08   33.3   0.0    12   130     1   118     1   161 0.74 -
TRINITY_DN9921_c0_g1_i4:313-798    -            162 552764at33208        -            179   1.5e-08   33.6   0.0   1   1   5.1e-10   1.7e-08   33.3   0.0    12   130     1   118     1   161 0.74 -
TRINITY_DN9921_c0_g1_i5:314-799    -            162 552764at33208        -            179   1.5e-08   33.6   0.0   1   1   5.1e-10   1.7e-08   33.3   0.0    12   130     1   118     1   161 0.74 -
TRINITY_DN4641_c2_g1_i1:114-668    -            185 552764at33208        -            179   5.3e-08   31.8   0.0   1   1     2e-09   6.8e-08   31.4   0.0    11   161    22   175    17   183 0.74 -
TRINITY_DN4641_c2_g1_i2:114-668    -            185 552764at33208        -            179   5.3e-08   31.8   0.0   1   1     2e-09   6.8e-08   31.4   0.0    11   161    22   175    17   183 0.74 -
TRINITY_DN4641_c2_g1_i4:114-668    -            185 552764at33208        -            179   5.3e-08   31.8   0.0   1   1     2e-09   6.8e-08   31.4   0.0    11   161    22   175    17   183 0.74 -
TRINITY_DN30411_c0_g1_i1:165-587   -            141 552764at33208        -            179   6.1e-08   31.6   0.1   1   1   1.5e-08   5.1e-07   28.6   0.1     9   124    10   141     3   141 0.77 -
TRINITY_DN20950_c0_g1_i1:231-749   -            173 552764at33208        -            179   1.5e-07   30.3   0.0   1   1   5.4e-09   1.8e-07   30.0   0.0    11   128     1   129     1   172 0.76 -
TRINITY_DN128171_c0_g1_i1:272-778  -            169 552764at33208        -            179   1.5e-07   30.3   0.0   1   1   6.8e-09   2.3e-07   29.7   0.0     9   141    13   139     9   147 0.77 -
TRINITY_DN4801_c0_g2_i2:931-1446   -            172 552764at33208        -            179   2.8e-07   29.4   0.0   1   1   1.1e-08   3.7e-07   29.0   0.0    52   134    49   133     9   145 0.76 -
TRINITY_DN4801_c0_g2_i4:943-1458   -            172 552764at33208        -            179   2.8e-07   29.4   0.0   1   1   1.1e-08   3.7e-07   29.0   0.0    52   134    49   133     9   145 0.76 -
TRINITY_DN4801_c0_g4_i3:319-834    -            172 552764at33208        -            179   2.8e-07   29.4   0.0   1   1   1.1e-08   3.7e-07   29.0   0.0    52   134    49   133     9   145 0.76 -
TRINITY_DN4801_c0_g4_i4:319-834    -            172 552764at33208        -            179   2.8e-07   29.4   0.0   1   1   1.1e-08   3.7e-07   29.0   0.0    52   134    49   133     9   145 0.76 -
TRINITY_DN5400_c0_g1_i1:285-581    -             99 552764at33208        -            179   7.7e-07   28.0   0.0   1   1   2.3e-08     8e-07   27.9   0.0    82   150    11    83     1    96 0.80 -
TRINITY_DN5400_c0_g1_i2:285-581    -             99 552764at33208        -            179   7.7e-07   28.0   0.0   1   1   2.3e-08     8e-07   27.9   0.0    82   150    11    83     1    96 0.80 -
TRINITY_DN5400_c0_g1_i4:285-581    -             99 552764at33208        -            179   7.7e-07   28.0   0.0   1   1   2.3e-08     8e-07   27.9   0.0    82   150    11    83     1    96 0.80 -
TRINITY_DN7290_c0_g1_i10:915-1223  -            103 552764at33208        -            179   9.3e-07   27.7   0.0   1   1   3.6e-08   1.2e-06   27.3   0.0    10   106     1   102     1   103 0.83 -
TRINITY_DN7290_c0_g1_i12:1067-1375 -            103 552764at33208        -            179   9.3e-07   27.7   0.0   1   1   3.6e-08   1.2e-06   27.3   0.0    10   106     1   102     1   103 0.83 -
TRINITY_DN7290_c0_g1_i15:1056-1364 -            103 552764at33208        -            179   9.3e-07   27.7   0.0   1   1   3.6e-08   1.2e-06   27.3   0.0    10   106     1   102     1   103 0.83 -
TRINITY_DN7290_c0_g1_i16:1053-1361 -            103 552764at33208        -            179   9.3e-07   27.7   0.0   1   1   3.6e-08   1.2e-06   27.3   0.0    10   106     1   102     1   103 0.83 -
TRINITY_DN7290_c0_g1_i2:1056-1364  -            103 552764at33208        -            179   9.3e-07   27.7   0.0   1   1   3.6e-08   1.2e-06   27.3   0.0    10   106     1   102     1   103 0.83 -
TRINITY_DN7290_c0_g1_i6:1067-1375  -            103 552764at33208        -            179   9.3e-07   27.7   0.0   1   1   3.6e-08   1.2e-06   27.3   0.0    10   106     1   102     1   103 0.83 -
TRINITY_DN7290_c0_g1_i7:1067-1375  -            103 552764at33208        -            179   9.3e-07   27.7   0.0   1   1   3.6e-08   1.2e-06   27.3   0.0    10   106     1   102     1   103 0.83 -
TRINITY_DN3842_c1_g1_i11:269-751   -            161 552764at33208        -            179     1e-06   27.6   0.0   1   1   4.1e-08   1.4e-06   27.2   0.0    53   128    38   116     1   140 0.70 -
TRINITY_DN8417_c0_g1_i10:74-580    -            169 552764at33208        -            179   1.3e-06   27.2   0.0   1   1   5.5e-08   1.9e-06   26.7   0.0    10   137    14   139    11   157 0.78 -
TRINITY_DN8417_c0_g1_i11:74-580    -            169 552764at33208        -            179   1.3e-06   27.2   0.0   1   1   5.5e-08   1.9e-06   26.7   0.0    10   137    14   139    11   157 0.78 -
TRINITY_DN8417_c0_g1_i13:74-580    -            169 552764at33208        -            179   1.3e-06   27.2   0.0   1   1   5.5e-08   1.9e-06   26.7   0.0    10   137    14   139    11   157 0.78 -
TRINITY_DN8417_c0_g1_i14:74-580    -            169 552764at33208        -            179   1.3e-06   27.2   0.0   1   1   5.5e-08   1.9e-06   26.7   0.0    10   137    14   139    11   157 0.78 -
TRINITY_DN8417_c0_g1_i1:74-580     -            169 552764at33208        -            179   1.3e-06   27.2   0.0   1   1   5.5e-08   1.9e-06   26.7   0.0    10   137    14   139    11   157 0.78 -
TRINITY_DN8417_c0_g1_i5:74-580     -            169 552764at33208        -            179   1.3e-06   27.2   0.0   1   1   5.5e-08   1.9e-06   26.7   0.0    10   137    14   139    11   157 0.78 -
TRINITY_DN8417_c0_g1_i9:74-580     -            169 552764at33208        -            179   1.3e-06   27.2   0.0   1   1   5.5e-08   1.9e-06   26.7   0.0    10   137    14   139    11   157 0.78 -
TRINITY_DN22506_c0_g1_i1:27-530    -            168 552764at33208        -            179   1.4e-06   27.1   0.1   1   1   6.6e-08   2.2e-06   26.5   0.1    53   135    50   134     8   146 0.78 -
TRINITY_DN1428_c1_g1_i1:141-746    -            202 552764at33208        -            179   1.7e-06   26.8   0.1   1   1   6.4e-08   2.2e-06   26.5   0.1    12   129    20   143    14   190 0.75 -
TRINITY_DN1428_c1_g1_i2:141-746    -            202 552764at33208        -            179   1.7e-06   26.8   0.1   1   1   6.4e-08   2.2e-06   26.5   0.1    12   129    20   143    14   190 0.75 -
TRINITY_DN3842_c1_g1_i12:1241-1723 -            161 552764at33208        -            179   2.1e-06   26.6   0.0   1   1   8.4e-08   2.9e-06   26.1   0.0    53   128    38   116     1   140 0.69 -
TRINITY_DN3842_c1_g1_i4:892-1374   -            161 552764at33208        -            179   2.1e-06   26.6   0.0   1   1   8.4e-08   2.9e-06   26.1   0.0    53   128    38   116     1   140 0.69 -
TRINITY_DN3842_c1_g1_i5:1241-1723  -            161 552764at33208        -            179   2.1e-06   26.6   0.0   1   1   8.4e-08   2.9e-06   26.1   0.0    53   128    38   116     1   140 0.69 -
TRINITY_DN3842_c1_g1_i9:495-977    -            161 552764at33208        -            179   2.1e-06   26.6   0.0   1   1   8.4e-08   2.9e-06   26.1   0.0    53   128    38   116     1   140 0.69 -
TRINITY_DN46431_c0_g1_i1:849-1385  -            179 552764at33208        -            179   3.2e-06   26.0   0.0   1   1   1.4e-07   4.7e-06   25.4   0.0    11   128    19   133    15   151 0.80 -
TRINITY_DN15886_c0_g1_i1:328-834   -            169 552764at33208        -            179   3.3e-06   25.9   0.0   1   1     1e-07   3.5e-06   25.9   0.0     9   136     3   127     1   166 0.79 -
TRINITY_DN15886_c0_g1_i2:189-695   -            169 552764at33208        -            179   3.3e-06   25.9   0.0   1   1     1e-07   3.5e-06   25.9   0.0     9   136     3   127     1   166 0.79 -
TRINITY_DN2872_c0_g1_i17:168-689   -            174 552764at33208        -            179   2.2e-05   23.2   0.0   1   1   9.6e-07   3.3e-05   22.7   0.0    10   132    11   130     8   146 0.76 -
TRINITY_DN2872_c0_g1_i18:168-689   -            174 552764at33208        -            179   2.2e-05   23.2   0.0   1   1   9.6e-07   3.3e-05   22.7   0.0    10   132    11   130     8   146 0.76 -
TRINITY_DN2872_c0_g1_i5:168-689    -            174 552764at33208        -            179   2.2e-05   23.2   0.0   1   1   9.6e-07   3.3e-05   22.7   0.0    10   132    11   130     8   146 0.76 -
TRINITY_DN16211_c0_g1_i1:115-609   -            165 552764at33208        -            179   4.2e-05   22.3   0.0   1   1   1.6e-06   5.4e-05   22.0   0.0    50   132    44   128     3   142 0.69 -
TRINITY_DN3842_c1_g1_i10:495-851   -            119 552764at33208        -            179   0.00024   19.9   0.0   1   1     8e-06   0.00027   19.7   0.0    60   142     3    85     1   100 0.79 -
TRINITY_DN3842_c1_g1_i13:269-625   -            119 552764at33208        -            179   0.00024   19.9   0.0   1   1     8e-06   0.00027   19.7   0.0    60   142     3    85     1   100 0.79 -
TRINITY_DN3842_c1_g1_i6:278-643    -            122 552764at33208        -            179   0.00026   19.8   0.0   1   1   8.5e-06   0.00029   19.6   0.0    60   142     3    85     1   101 0.79 -
TRINITY_DN4333_c0_g1_i1:158-700    -            181 552764at33208        -            179   0.00037   19.3   0.0   1   1   1.5e-05   0.00051   18.8   0.0    52   136    55   141    16   153 0.76 -
TRINITY_DN4333_c0_g1_i3:35-577     -            181 552764at33208        -            179   0.00037   19.3   0.0   1   1   1.5e-05   0.00051   18.8   0.0    52   136    55   141    16   153 0.76 -
TRINITY_DN4333_c0_g1_i5:159-701    -            181 552764at33208        -            179   0.00037   19.3   0.0   1   1   1.5e-05   0.00051   18.8   0.0    52   136    55   141    16   153 0.76 -
TRINITY_DN4333_c0_g1_i6:151-693    -            181 552764at33208        -            179   0.00037   19.3   0.0   1   1   1.5e-05   0.00051   18.8   0.0    52   136    55   141    16   153 0.76 -
TRINITY_DN7509_c0_g1_i1:215-700    -            162 552764at33208        -            179   0.00056   18.7   0.0   1   1   2.1e-05    0.0007   18.3   0.0    11   164     3   158     1   161 0.68 -
TRINITY_DN93939_c0_g1_i1:1-300     -            100 552764at33208        -            179    0.0013   17.4   0.0   1   1   5.2e-05    0.0018   17.0   0.0    10    95    18    98    14   100 0.82 -
TRINITY_DN29874_c0_g1_i2:695-2710  -            672 552764at33208        -            179    0.0021   16.8   0.0   1   1   0.00011    0.0037   16.0   0.0    10    96   266   355   262   413 0.72 -
TRINITY_DN1634_c0_g1_i11:1917-2393 -            159 552764at33208        -            179    0.0025   16.5   0.0   1   1   8.1e-05    0.0027   16.4   0.0    52   131    41   122     4   143 0.83 -
TRINITY_DN1634_c0_g1_i12:1918-2394 -            159 552764at33208        -            179    0.0025   16.5   0.0   1   1   8.1e-05    0.0027   16.4   0.0    52   131    41   122     4   143 0.83 -
TRINITY_DN1634_c0_g1_i13:432-908   -            159 552764at33208        -            179    0.0025   16.5   0.0   1   1   8.1e-05    0.0027   16.4   0.0    52   131    41   122     4   143 0.83 -
TRINITY_DN1634_c0_g1_i15:1930-2406 -            159 552764at33208        -            179    0.0025   16.5   0.0   1   1   8.1e-05    0.0027   16.4   0.0    52   131    41   122     4   143 0.83 -
TRINITY_DN29874_c0_g1_i3:695-3139  -            815 552764at33208        -            179    0.0027   16.4   0.0   1   1   0.00015     0.005   15.6   0.0    10    96   266   355   262   412 0.72 -
TRINITY_DN943_c0_g1_i1:506-1030    -            175 552764at33208        -            179    0.0053   15.5   0.0   1   1   0.00026    0.0088   14.8   0.0     7   128    13   131     7   152 0.70 -
TRINITY_DN943_c0_g1_i3:506-1030    -            175 552764at33208        -            179    0.0053   15.5   0.0   1   1   0.00026    0.0088   14.8   0.0     7   128    13   131     7   152 0.70 -
TRINITY_DN3939_c0_g1_i3:193-1092   -            300 552764at33208        -            179     0.011   14.4   0.2   1   1   0.00067     0.023   13.4   0.2     8   152     3   163     1   181 0.67 -
TRINITY_DN3939_c0_g1_i4:67-966     -            300 552764at33208        -            179     0.011   14.4   0.2   1   1   0.00067     0.023   13.4   0.2     8   152     3   163     1   181 0.67 -
TRINITY_DN2332_c0_g1_i1:2244-2753  -            170 552764at33208        -            179     0.025   13.3   0.1   1   1    0.0026     0.088   11.5   0.1    12   134     2   128     1   168 0.57 -
TRINITY_DN2332_c0_g1_i2:2244-2753  -            170 552764at33208        -            179     0.025   13.3   0.1   1   1    0.0026     0.088   11.5   0.1    12   134     2   128     1   168 0.57 -
TRINITY_DN17327_c0_g1_i3:2-202     -             67 552764at33208        -            179      0.03   13.0   0.0   1   1    0.0012     0.042   12.5   0.0    55    81    40    66     2    67 0.84 -
TRINITY_DN17327_c0_g1_i4:2-202     -             67 552764at33208        -            179      0.03   13.0   0.0   1   1    0.0012     0.042   12.5   0.0    55    81    40    66     2    67 0.84 -
TRINITY_DN518_c0_g2_i1:449-1312    -            288 552764at33208        -            179     0.055   12.2   0.5   1   2       1.2        39    2.9   0.1   110   147    48    82    13   108 0.78 -
TRINITY_DN518_c0_g2_i1:449-1312    -            288 552764at33208        -            179     0.055   12.2   0.5   2   2     0.043       1.5    7.5   0.1     3    28   132   157   130   186 0.89 -
TRINITY_DN24891_c0_g1_i6:88-690    -            201 552764at33208        -            179     0.067   11.9   0.0   1   1    0.0036      0.12   11.1   0.0   109   159   136   187   107   199 0.82 -
TRINITY_DN861_c0_g1_i21:639-2906   -            756 552764at33208        -            179     0.069   11.8   0.0   1   1    0.0039      0.13   10.9   0.0     8   111    94   205    88   241 0.70 -
TRINITY_DN861_c0_g1_i25:850-3117   -            756 552764at33208        -            179     0.069   11.8   0.0   1   1    0.0039      0.13   10.9   0.0     8   111    94   205    88   241 0.70 -
TRINITY_DN861_c0_g1_i42:789-3056   -            756 552764at33208        -            179     0.069   11.8   0.0   1   1    0.0039      0.13   10.9   0.0     8   111    94   205    88   241 0.70 -
TRINITY_DN861_c0_g1_i71:796-3063   -            756 552764at33208        -            179     0.069   11.8   0.0   1   1    0.0039      0.13   10.9   0.0     8   111    94   205    88   241 0.70 -
TRINITY_DN861_c0_g1_i101:847-3114  -            756 552764at33208        -            179     0.069   11.8   0.0   1   1    0.0039      0.13   10.9   0.0     8   111    94   205    88   241 0.70 -
TRINITY_DN861_c0_g1_i40:786-3053   -            756 552764at33208        -            179     0.069   11.8   0.0   1   1    0.0039      0.13   10.9   0.0     8   111    94   205    88   241 0.70 -
TRINITY_DN861_c0_g1_i52:636-2903   -            756 552764at33208        -            179     0.069   11.8   0.0   1   1    0.0039      0.13   10.9   0.0     8   111    94   205    88   241 0.70 -
#
# Program:         hmmsearch
# Version:         3.1b2 (February 2015)
# Pipeline mode:   SEARCH
# Query file:      /busco_wd/busco_downloads/lineages/metazoa_odb10/hmms/552764at33208.hmm
# Target file:     /busco_wd/BUSCO/run_metazoa_odb10/metaeuk_output/initial_results/Trinity.fasta.modified.fas
# Option settings: hmmsearch --domtblout /busco_wd/BUSCO/run_metazoa_odb10/hmmer_output/initial_run_results/552764at33208.out --cpu 1 /busco_wd/busco_downloads/lineages/metazoa_odb10/hmms/552764at33208.hmm /busco_wd/BUSCO/run_metazoa_odb10/metaeuk_output/initial_results/Trinity.fasta.modified.fas 
# Current dir:     /busco_wd
# Date:            Tue Nov 23 09:04:04 2021
# [ok]
