#                                                                                           --- full sequence --- -------------- this domain -------------   hmm coord   ali coord   env coord
# target name                       accession   tlen query name           accession   qlen   E-value  score  bias   #  of  c-Evalue  i-Evalue  score  bias  from    to  from    to  from    to  acc description of target
#               ------------------- ---------- ----- -------------------- ---------- ----- --------- ------ ----- --- --- --------- --------- ------ ----- ----- ----- ----- ----- ----- ----- ---- ---------------------
TRINITY_DN2141_c0_g1_i3:470-1180    -            237 553585at33208        -            207   4.6e-91  302.9   8.8   1   2   1.2e-85   1.1e-83  278.9   4.3     1   186     1   190     1   197 0.96 -
TRINITY_DN2141_c0_g1_i3:470-1180    -            237 553585at33208        -            207   4.6e-91  302.9   8.8   2   2   1.5e-08   1.3e-06   27.1   0.1   168   207   196   235   191   235 0.92 -
TRINITY_DN2141_c0_g1_i5:451-1161    -            237 553585at33208        -            207   4.6e-91  302.9   8.8   1   2   1.2e-85   1.1e-83  278.9   4.3     1   186     1   190     1   197 0.96 -
TRINITY_DN2141_c0_g1_i5:451-1161    -            237 553585at33208        -            207   4.6e-91  302.9   8.8   2   2   1.5e-08   1.3e-06   27.1   0.1   168   207   196   235   191   235 0.92 -
TRINITY_DN2141_c0_g1_i10:694-1152   -            153 553585at33208        -            207   1.6e-72  242.4   4.9   1   1   1.9e-74   1.8e-72  242.3   4.9     1   150     1   153     1   153 0.97 -
TRINITY_DN2141_c0_g1_i11:694-1152   -            153 553585at33208        -            207   1.6e-72  242.4   4.9   1   1   1.9e-74   1.8e-72  242.3   4.9     1   150     1   153     1   153 0.97 -
TRINITY_DN2141_c0_g1_i12:713-1171   -            153 553585at33208        -            207   1.6e-72  242.4   4.9   1   1   1.9e-74   1.8e-72  242.3   4.9     1   150     1   153     1   153 0.97 -
TRINITY_DN15974_c0_g1_i14:1588-2775 -            396 553585at33208        -            207   8.1e-22   76.8  20.9   1   5   2.2e-05     0.002   16.7   0.4    52   116     7    70     3    73 0.90 -
TRINITY_DN15974_c0_g1_i14:1588-2775 -            396 553585at33208        -            207   8.1e-22   76.8  20.9   2   5   4.6e-13   4.1e-11   41.8   1.1    27   145    49   169    48   180 0.84 -
TRINITY_DN15974_c0_g1_i14:1588-2775 -            396 553585at33208        -            207   8.1e-22   76.8  20.9   3   5    0.0022       0.2   10.2   0.3     3    77   186   262   184   278 0.82 -
TRINITY_DN15974_c0_g1_i14:1588-2775 -            396 553585at33208        -            207   8.1e-22   76.8  20.9   4   5     0.024       2.2    6.8   0.1    58    97   289   328   269   328 0.83 -
TRINITY_DN15974_c0_g1_i14:1588-2775 -            396 553585at33208        -            207   8.1e-22   76.8  20.9   5   5   4.6e-08   4.1e-06   25.5   0.9    43   117   320   395   304   396 0.83 -
TRINITY_DN15974_c0_g1_i15:519-1706  -            396 553585at33208        -            207   8.1e-22   76.8  20.9   1   5   2.2e-05     0.002   16.7   0.4    52   116     7    70     3    73 0.90 -
TRINITY_DN15974_c0_g1_i15:519-1706  -            396 553585at33208        -            207   8.1e-22   76.8  20.9   2   5   4.6e-13   4.1e-11   41.8   1.1    27   145    49   169    48   180 0.84 -
TRINITY_DN15974_c0_g1_i15:519-1706  -            396 553585at33208        -            207   8.1e-22   76.8  20.9   3   5    0.0022       0.2   10.2   0.3     3    77   186   262   184   278 0.82 -
TRINITY_DN15974_c0_g1_i15:519-1706  -            396 553585at33208        -            207   8.1e-22   76.8  20.9   4   5     0.024       2.2    6.8   0.1    58    97   289   328   269   328 0.83 -
TRINITY_DN15974_c0_g1_i15:519-1706  -            396 553585at33208        -            207   8.1e-22   76.8  20.9   5   5   4.6e-08   4.1e-06   25.5   0.9    43   117   320   395   304   396 0.83 -
TRINITY_DN15974_c0_g1_i2:1684-2871  -            396 553585at33208        -            207   8.1e-22   76.8  20.9   1   5   2.2e-05     0.002   16.7   0.4    52   116     7    70     3    73 0.90 -
TRINITY_DN15974_c0_g1_i2:1684-2871  -            396 553585at33208        -            207   8.1e-22   76.8  20.9   2   5   4.6e-13   4.1e-11   41.8   1.1    27   145    49   169    48   180 0.84 -
TRINITY_DN15974_c0_g1_i2:1684-2871  -            396 553585at33208        -            207   8.1e-22   76.8  20.9   3   5    0.0022       0.2   10.2   0.3     3    77   186   262   184   278 0.82 -
TRINITY_DN15974_c0_g1_i2:1684-2871  -            396 553585at33208        -            207   8.1e-22   76.8  20.9   4   5     0.024       2.2    6.8   0.1    58    97   289   328   269   328 0.83 -
TRINITY_DN15974_c0_g1_i2:1684-2871  -            396 553585at33208        -            207   8.1e-22   76.8  20.9   5   5   4.6e-08   4.1e-06   25.5   0.9    43   117   320   395   304   396 0.83 -
TRINITY_DN15974_c0_g1_i3:1682-2869  -            396 553585at33208        -            207   8.1e-22   76.8  20.9   1   5   2.2e-05     0.002   16.7   0.4    52   116     7    70     3    73 0.90 -
TRINITY_DN15974_c0_g1_i3:1682-2869  -            396 553585at33208        -            207   8.1e-22   76.8  20.9   2   5   4.6e-13   4.1e-11   41.8   1.1    27   145    49   169    48   180 0.84 -
TRINITY_DN15974_c0_g1_i3:1682-2869  -            396 553585at33208        -            207   8.1e-22   76.8  20.9   3   5    0.0022       0.2   10.2   0.3     3    77   186   262   184   278 0.82 -
TRINITY_DN15974_c0_g1_i3:1682-2869  -            396 553585at33208        -            207   8.1e-22   76.8  20.9   4   5     0.024       2.2    6.8   0.1    58    97   289   328   269   328 0.83 -
TRINITY_DN15974_c0_g1_i3:1682-2869  -            396 553585at33208        -            207   8.1e-22   76.8  20.9   5   5   4.6e-08   4.1e-06   25.5   0.9    43   117   320   395   304   396 0.83 -
TRINITY_DN15974_c0_g1_i8:1682-2869  -            396 553585at33208        -            207   8.1e-22   76.8  20.9   1   5   2.2e-05     0.002   16.7   0.4    52   116     7    70     3    73 0.90 -
TRINITY_DN15974_c0_g1_i8:1682-2869  -            396 553585at33208        -            207   8.1e-22   76.8  20.9   2   5   4.6e-13   4.1e-11   41.8   1.1    27   145    49   169    48   180 0.84 -
TRINITY_DN15974_c0_g1_i8:1682-2869  -            396 553585at33208        -            207   8.1e-22   76.8  20.9   3   5    0.0022       0.2   10.2   0.3     3    77   186   262   184   278 0.82 -
TRINITY_DN15974_c0_g1_i8:1682-2869  -            396 553585at33208        -            207   8.1e-22   76.8  20.9   4   5     0.024       2.2    6.8   0.1    58    97   289   328   269   328 0.83 -
TRINITY_DN15974_c0_g1_i8:1682-2869  -            396 553585at33208        -            207   8.1e-22   76.8  20.9   5   5   4.6e-08   4.1e-06   25.5   0.9    43   117   320   395   304   396 0.83 -
TRINITY_DN23794_c0_g1_i15:466-873   -            136 553585at33208        -            207   8.8e-15   53.8   1.0   1   1   1.3e-16   1.1e-14   53.4   1.0    46   162     5   124     2   134 0.85 -
TRINITY_DN23794_c0_g1_i4:601-1008   -            136 553585at33208        -            207   8.8e-15   53.8   1.0   1   1   1.3e-16   1.1e-14   53.4   1.0    46   162     5   124     2   134 0.85 -
TRINITY_DN23794_c0_g1_i9:466-873    -            136 553585at33208        -            207   8.8e-15   53.8   1.0   1   1   1.3e-16   1.1e-14   53.4   1.0    46   162     5   124     2   134 0.85 -
TRINITY_DN15974_c0_g1_i14:4807-5223 -            139 553585at33208        -            207   5.9e-14   51.1   1.8   1   1   7.1e-16   6.4e-14   51.0   1.8    30   154     1   130     1   139 0.81 -
TRINITY_DN15974_c0_g1_i3:4901-5317  -            139 553585at33208        -            207   5.9e-14   51.1   1.8   1   1   7.1e-16   6.4e-14   51.0   1.8    30   154     1   130     1   139 0.81 -
TRINITY_DN15974_c0_g1_i8:4901-5317  -            139 553585at33208        -            207   5.9e-14   51.1   1.8   1   1   7.1e-16   6.4e-14   51.0   1.8    30   154     1   130     1   139 0.81 -
TRINITY_DN171122_c0_g1_i1:158-316   -             53 553585at33208        -            207   1.2e-13   50.1   0.1   1   1   1.4e-15   1.2e-13   50.1   0.1    97   147     2    53     1    53 0.94 -
TRINITY_DN10146_c0_g1_i1:926-1321   -            132 553585at33208        -            207   1.2e-13   50.1   3.0   1   1   1.6e-15   1.5e-13   49.8   3.0    27   153     5   130     1   132 0.93 -
TRINITY_DN10146_c0_g1_i5:926-1321   -            132 553585at33208        -            207   1.2e-13   50.1   3.0   1   1   1.6e-15   1.5e-13   49.8   3.0    27   153     5   130     1   132 0.93 -
TRINITY_DN15974_c0_g1_i14:2194-2646 -            151 553585at33208        -            207   6.5e-13   47.7   0.1   1   1   8.7e-15   7.8e-13   47.4   0.1    27   151     6   132     2   150 0.83 -
TRINITY_DN15974_c0_g1_i15:1125-1577 -            151 553585at33208        -            207   6.5e-13   47.7   0.1   1   1   8.7e-15   7.8e-13   47.4   0.1    27   151     6   132     2   150 0.83 -
TRINITY_DN15974_c0_g1_i2:2290-2742  -            151 553585at33208        -            207   6.5e-13   47.7   0.1   1   1   8.7e-15   7.8e-13   47.4   0.1    27   151     6   132     2   150 0.83 -
TRINITY_DN15974_c0_g1_i3:2288-2740  -            151 553585at33208        -            207   6.5e-13   47.7   0.1   1   1   8.7e-15   7.8e-13   47.4   0.1    27   151     6   132     2   150 0.83 -
TRINITY_DN15974_c0_g1_i8:2288-2740  -            151 553585at33208        -            207   6.5e-13   47.7   0.1   1   1   8.7e-15   7.8e-13   47.4   0.1    27   151     6   132     2   150 0.83 -
TRINITY_DN25166_c0_g1_i3:134-580    -            149 553585at33208        -            207     7e-13   47.6   1.3   1   2   1.8e-05    0.0016   17.0   0.4    32    81    12    64     5    74 0.86 -
TRINITY_DN25166_c0_g1_i3:134-580    -            149 553585at33208        -            207     7e-13   47.6   1.3   2   2     7e-10   6.3e-08   31.4   0.1    97   168    60   131    58   142 0.76 -
TRINITY_DN28124_c0_g1_i1:413-1828   -            472 553585at33208        -            207   8.3e-13   47.3  14.1   1   5      0.15        14    4.2   0.0    39    78     5    45     1    51 0.84 -
TRINITY_DN28124_c0_g1_i1:413-1828   -            472 553585at33208        -            207   8.3e-13   47.3  14.1   2   5   7.8e-05     0.007   14.9   0.6    27    95    39   107    34   115 0.80 -
TRINITY_DN28124_c0_g1_i1:413-1828   -            472 553585at33208        -            207   8.3e-13   47.3  14.1   3   5     4e-05    0.0036   15.9   0.5    40   113   121   193   102   208 0.75 -
TRINITY_DN28124_c0_g1_i1:413-1828   -            472 553585at33208        -            207   8.3e-13   47.3  14.1   4   5      0.39        35    2.9   0.1    31    78   181   228   174   234 0.64 -
TRINITY_DN28124_c0_g1_i1:413-1828   -            472 553585at33208        -            207   8.3e-13   47.3  14.1   5   5     3e-06   0.00027   19.6   1.0    20   115   349   443   337   454 0.85 -
TRINITY_DN25166_c0_g1_i1:134-577    -            148 553585at33208        -            207     1e-12   47.0   1.4   1   2   1.7e-05    0.0015   17.1   0.4    32    81    12    64     5    76 0.86 -
TRINITY_DN25166_c0_g1_i1:134-577    -            148 553585at33208        -            207     1e-12   47.0   1.4   2   2   1.3e-09   1.2e-07   30.5   0.1    99   167    62   130    59   136 0.75 -
TRINITY_DN25166_c0_g1_i2:134-577    -            148 553585at33208        -            207     1e-12   47.0   1.4   1   2   1.7e-05    0.0015   17.1   0.4    32    81    12    64     5    76 0.86 -
TRINITY_DN25166_c0_g1_i2:134-577    -            148 553585at33208        -            207     1e-12   47.0   1.4   2   2   1.3e-09   1.2e-07   30.5   0.1    99   167    62   130    59   136 0.75 -
TRINITY_DN26576_c0_g2_i6:548-1687   -            380 553585at33208        -            207   1.2e-12   46.8  11.2   1   5    0.0011     0.099   11.2   0.0    57   100    36    79    23    85 0.88 -
TRINITY_DN26576_c0_g2_i6:548-1687   -            380 553585at33208        -            207   1.2e-12   46.8  11.2   2   5     0.013       1.2    7.7   0.2    38   103    87   155    83   160 0.84 -
TRINITY_DN26576_c0_g2_i6:548-1687   -            380 553585at33208        -            207   1.2e-12   46.8  11.2   3   5   7.6e-05    0.0068   15.0   0.1    48    97   169   220   163   227 0.86 -
TRINITY_DN26576_c0_g2_i6:548-1687   -            380 553585at33208        -            207   1.2e-12   46.8  11.2   4   5   0.00065     0.058   11.9   0.1    37    97   230   292   218   294 0.84 -
TRINITY_DN26576_c0_g2_i6:548-1687   -            380 553585at33208        -            207   1.2e-12   46.8  11.2   5   5     0.064       5.8    5.4   0.2    49    97   314   364   300   380 0.76 -
TRINITY_DN17625_c0_g1_i1:941-1519   -            193 553585at33208        -            207     4e-12   45.1   0.9   1   1   5.5e-14     5e-12   44.8   0.9     1   155     1   158     1   189 0.82 -
TRINITY_DN25166_c0_g1_i6:191-646    -            152 553585at33208        -            207   2.1e-11   42.7   1.9   1   2   0.00083     0.075   11.6   0.7    43    81     7    45     3    57 0.88 -
TRINITY_DN25166_c0_g1_i6:191-646    -            152 553585at33208        -            207   2.1e-11   42.7   1.9   2   2   3.4e-10   3.1e-08   32.4   0.1    97   170    41   114    39   145 0.73 -
TRINITY_DN1230_c1_g1_i4:312-719     -            136 553585at33208        -            207   3.4e-10   38.8   2.3   1   1   5.1e-12   4.6e-10   38.4   2.3    43   156    19   133     6   135 0.89 -
TRINITY_DN1230_c1_g1_i5:302-709     -            136 553585at33208        -            207   3.4e-10   38.8   2.3   1   1   5.1e-12   4.6e-10   38.4   2.3    43   156    19   133     6   135 0.89 -
TRINITY_DN58043_c0_g1_i2:216-470    -             85 553585at33208        -            207     6e-09   34.7   0.2   1   1   1.2e-09   1.1e-07   30.6   0.2    70   147     6    83     1    85 0.79 -
TRINITY_DN58043_c0_g1_i8:216-470    -             85 553585at33208        -            207     6e-09   34.7   0.2   1   1   1.2e-09   1.1e-07   30.6   0.2    70   147     6    83     1    85 0.79 -
TRINITY_DN17429_c0_g1_i1:362-649    -             96 553585at33208        -            207   6.2e-09   34.7   0.1   1   1   1.6e-10   1.5e-08   33.5   0.1    70   146    17    95    10    96 0.82 -
TRINITY_DN17429_c0_g1_i2:362-649    -             96 553585at33208        -            207   6.2e-09   34.7   0.1   1   1   1.6e-10   1.5e-08   33.5   0.1    70   146    17    95    10    96 0.82 -
TRINITY_DN26576_c0_g2_i1:263-877    -            205 553585at33208        -            207   7.3e-08   31.2   5.2   1   3   0.00082     0.074   11.6   0.1    62    97     1    36     1    43 0.93 -
TRINITY_DN26576_c0_g2_i1:263-877    -            205 553585at33208        -            207   7.3e-08   31.2   5.2   2   3    0.0002     0.018   13.6   0.1    37    97    46   108    34   113 0.84 -
TRINITY_DN26576_c0_g2_i1:263-877    -            205 553585at33208        -            207   7.3e-08   31.2   5.2   3   3      0.01      0.93    8.0   0.3    49   110   130   196   120   202 0.73 -
TRINITY_DN25387_c0_g1_i2:1909-2202  -             98 553585at33208        -            207   1.4e-07   30.3   6.3   1   1   1.7e-09   1.5e-07   30.1   6.3    46   143     1    98     1    98 0.86 -
TRINITY_DN25387_c0_g1_i3:1925-2218  -             98 553585at33208        -            207   1.4e-07   30.3   6.3   1   1   1.7e-09   1.5e-07   30.1   6.3    46   143     1    98     1    98 0.86 -
TRINITY_DN6191_c0_g1_i2:323-919     -            199 553585at33208        -            207   3.1e-07   29.2   7.1   1   3   4.8e-05    0.0043   15.6   0.6    50   103    16    72     9    86 0.74 -
TRINITY_DN6191_c0_g1_i2:323-919     -            199 553585at33208        -            207   3.1e-07   29.2   7.1   2   3   0.00088      0.08   11.5   0.1    49    97    63   113    60   120 0.84 -
TRINITY_DN6191_c0_g1_i2:323-919     -            199 553585at33208        -            207   3.1e-07   29.2   7.1   3   3   0.00075     0.068   11.7   0.8    44   102   106   167    98   190 0.64 -
TRINITY_DN6191_c0_g1_i3:323-919     -            199 553585at33208        -            207   3.1e-07   29.2   7.1   1   3   4.8e-05    0.0043   15.6   0.6    50   103    16    72     9    86 0.74 -
TRINITY_DN6191_c0_g1_i3:323-919     -            199 553585at33208        -            207   3.1e-07   29.2   7.1   2   3   0.00088      0.08   11.5   0.1    49    97    63   113    60   120 0.84 -
TRINITY_DN6191_c0_g1_i3:323-919     -            199 553585at33208        -            207   3.1e-07   29.2   7.1   3   3   0.00075     0.068   11.7   0.8    44   102   106   167    98   190 0.64 -
TRINITY_DN6442_c0_g1_i4:699-1679    -            327 553585at33208        -            207   3.1e-07   29.2  22.4   1   5     0.013       1.2    7.7   0.8    23    79    24    83    16    90 0.84 -
TRINITY_DN6442_c0_g1_i4:699-1679    -            327 553585at33208        -            207   3.1e-07   29.2  22.4   2   5    0.0038      0.34    9.4   0.3    43    97   102   157    97   165 0.67 -
TRINITY_DN6442_c0_g1_i4:699-1679    -            327 553585at33208        -            207   3.1e-07   29.2  22.4   3   5       1.1     1e+02    1.4   0.3    59    81   167   189   147   195 0.74 -
TRINITY_DN6442_c0_g1_i4:699-1679    -            327 553585at33208        -            207   3.1e-07   29.2  22.4   4   5    0.0031      0.28    9.7   5.6    29   103   182   259   168   271 0.67 -
TRINITY_DN6442_c0_g1_i4:699-1679    -            327 553585at33208        -            207   3.1e-07   29.2  22.4   5   5    0.0011     0.095   11.2   0.1    45    92   274   323   264   327 0.86 -
TRINITY_DN6442_c0_g1_i6:699-1679    -            327 553585at33208        -            207   3.1e-07   29.2  22.4   1   5     0.013       1.2    7.7   0.8    23    79    24    83    16    90 0.84 -
TRINITY_DN6442_c0_g1_i6:699-1679    -            327 553585at33208        -            207   3.1e-07   29.2  22.4   2   5    0.0038      0.34    9.4   0.3    43    97   102   157    97   165 0.67 -
TRINITY_DN6442_c0_g1_i6:699-1679    -            327 553585at33208        -            207   3.1e-07   29.2  22.4   3   5       1.1     1e+02    1.4   0.3    59    81   167   189   147   195 0.74 -
TRINITY_DN6442_c0_g1_i6:699-1679    -            327 553585at33208        -            207   3.1e-07   29.2  22.4   4   5    0.0031      0.28    9.7   5.6    29   103   182   259   168   271 0.67 -
TRINITY_DN6442_c0_g1_i6:699-1679    -            327 553585at33208        -            207   3.1e-07   29.2  22.4   5   5    0.0011     0.095   11.2   0.1    45    92   274   323   264   327 0.86 -
TRINITY_DN6442_c0_g1_i7:699-1679    -            327 553585at33208        -            207   3.1e-07   29.2  22.4   1   5     0.013       1.2    7.7   0.8    23    79    24    83    16    90 0.84 -
TRINITY_DN6442_c0_g1_i7:699-1679    -            327 553585at33208        -            207   3.1e-07   29.2  22.4   2   5    0.0038      0.34    9.4   0.3    43    97   102   157    97   165 0.67 -
TRINITY_DN6442_c0_g1_i7:699-1679    -            327 553585at33208        -            207   3.1e-07   29.2  22.4   3   5       1.1     1e+02    1.4   0.3    59    81   167   189   147   195 0.74 -
TRINITY_DN6442_c0_g1_i7:699-1679    -            327 553585at33208        -            207   3.1e-07   29.2  22.4   4   5    0.0031      0.28    9.7   5.6    29   103   182   259   168   271 0.67 -
TRINITY_DN6442_c0_g1_i7:699-1679    -            327 553585at33208        -            207   3.1e-07   29.2  22.4   5   5    0.0011     0.095   11.2   0.1    45    92   274   323   264   327 0.86 -
TRINITY_DN6442_c0_g1_i9:699-1679    -            327 553585at33208        -            207   3.1e-07   29.2  22.4   1   5     0.013       1.2    7.7   0.8    23    79    24    83    16    90 0.84 -
TRINITY_DN6442_c0_g1_i9:699-1679    -            327 553585at33208        -            207   3.1e-07   29.2  22.4   2   5    0.0038      0.34    9.4   0.3    43    97   102   157    97   165 0.67 -
TRINITY_DN6442_c0_g1_i9:699-1679    -            327 553585at33208        -            207   3.1e-07   29.2  22.4   3   5       1.1     1e+02    1.4   0.3    59    81   167   189   147   195 0.74 -
TRINITY_DN6442_c0_g1_i9:699-1679    -            327 553585at33208        -            207   3.1e-07   29.2  22.4   4   5    0.0031      0.28    9.7   5.6    29   103   182   259   168   271 0.67 -
TRINITY_DN6442_c0_g1_i9:699-1679    -            327 553585at33208        -            207   3.1e-07   29.2  22.4   5   5    0.0011     0.095   11.2   0.1    45    92   274   323   264   327 0.86 -
TRINITY_DN3589_c0_g1_i1:963-1697    -            245 553585at33208        -            207   2.6e-06   26.1  15.7   1   3   0.00087     0.079   11.5   0.4    65   116     1    53     1    69 0.80 -
TRINITY_DN3589_c0_g1_i1:963-1697    -            245 553585at33208        -            207   2.6e-06   26.1  15.7   2   3   3.6e-05    0.0032   16.0   3.1    44   114    73   142    67   153 0.79 -
TRINITY_DN3589_c0_g1_i1:963-1697    -            245 553585at33208        -            207   2.6e-06   26.1  15.7   3   3      0.06       5.4    5.5   1.4    41    89   160   206   142   219 0.48 -
TRINITY_DN7999_c0_g1_i4:202-723     -            174 553585at33208        -            207     3e-06   25.9   7.7   1   1   3.7e-06   0.00033   19.3   7.7    47   156     2   125     1   135 0.56 -
TRINITY_DN3589_c0_g1_i5:62-673      -            204 553585at33208        -            207   4.6e-06   25.3  15.9   1   3   0.00065     0.059   11.9   0.4    65   116     1    53     1    69 0.80 -
TRINITY_DN3589_c0_g1_i5:62-673      -            204 553585at33208        -            207   4.6e-06   25.3  15.9   2   3   2.3e-05    0.0021   16.7   2.9    44   114    73   142    67   153 0.79 -
TRINITY_DN3589_c0_g1_i5:62-673      -            204 553585at33208        -            207   4.6e-06   25.3  15.9   3   3     0.069       6.2    5.3   1.9    46   116   144   189   132   200 0.54 -
TRINITY_DN3006_c0_g1_i10:3061-3633  -            191 553585at33208        -            207   4.8e-06   25.3  15.5   1   3    0.0037      0.33    9.5   2.9    47    97    17    69     8    75 0.87 -
TRINITY_DN3006_c0_g1_i10:3061-3633  -            191 553585at33208        -            207   4.8e-06   25.3  15.5   2   3   0.00012     0.011   14.3   3.8    48   112    66   132    64   148 0.79 -
TRINITY_DN3006_c0_g1_i10:3061-3633  -            191 553585at33208        -            207   4.8e-06   25.3  15.5   3   3    0.0086      0.78    8.3   0.9    47    97   137   189   125   191 0.82 -
TRINITY_DN3006_c0_g1_i14:3074-3646  -            191 553585at33208        -            207   4.8e-06   25.3  15.5   1   3    0.0037      0.33    9.5   2.9    47    97    17    69     8    75 0.87 -
TRINITY_DN3006_c0_g1_i14:3074-3646  -            191 553585at33208        -            207   4.8e-06   25.3  15.5   2   3   0.00012     0.011   14.3   3.8    48   112    66   132    64   148 0.79 -
TRINITY_DN3006_c0_g1_i14:3074-3646  -            191 553585at33208        -            207   4.8e-06   25.3  15.5   3   3    0.0086      0.78    8.3   0.9    47    97   137   189   125   191 0.82 -
TRINITY_DN3006_c0_g1_i9:3074-3646   -            191 553585at33208        -            207   4.8e-06   25.3  15.5   1   3    0.0037      0.33    9.5   2.9    47    97    17    69     8    75 0.87 -
TRINITY_DN3006_c0_g1_i9:3074-3646   -            191 553585at33208        -            207   4.8e-06   25.3  15.5   2   3   0.00012     0.011   14.3   3.8    48   112    66   132    64   148 0.79 -
TRINITY_DN3006_c0_g1_i9:3074-3646   -            191 553585at33208        -            207   4.8e-06   25.3  15.5   3   3    0.0086      0.78    8.3   0.9    47    97   137   189   125   191 0.82 -
TRINITY_DN12258_c0_g1_i2:329-901    -            191 553585at33208        -            207   5.3e-06   25.1   1.8   1   2   1.5e-05    0.0013   17.3   0.1    45    98    27    82    16    88 0.91 -
TRINITY_DN12258_c0_g1_i2:329-901    -            191 553585at33208        -            207   5.3e-06   25.1   1.8   2   2     0.016       1.4    7.4   0.1    44   115    96   169    89   179 0.69 -
TRINITY_DN196894_c0_g1_i1:63-611    -            183 553585at33208        -            207   7.1e-06   24.7   5.3   1   3   2.2e-05     0.002   16.7   0.5    28   115     8    95     1    96 0.88 -
TRINITY_DN196894_c0_g1_i1:63-611    -            183 553585at33208        -            207   7.1e-06   24.7   5.3   2   3    0.0043      0.39    9.2   0.2    58    98    83   122    78   138 0.85 -
TRINITY_DN196894_c0_g1_i1:63-611    -            183 553585at33208        -            207   7.1e-06   24.7   5.3   3   3     0.012       1.1    7.8   0.3    43   112   113   182   100   183 0.85 -
TRINITY_DN14400_c0_g1_i6:1017-1505  -            163 553585at33208        -            207   1.6e-05   23.5   3.0   1   2   5.8e-06   0.00052   18.6   0.9    37   113     9    86     1    91 0.76 -
TRINITY_DN14400_c0_g1_i6:1017-1505  -            163 553585at33208        -            207   1.6e-05   23.5   3.0   2   2    0.0015      0.14   10.7   0.8    63   151    59   148    57   157 0.47 -
TRINITY_DN11583_c0_g1_i3:4514-5026  -            171 553585at33208        -            207   3.7e-05   22.4   1.8   1   2      0.05       4.5    5.8   0.1    60    97    31    68     6    74 0.76 -
TRINITY_DN11583_c0_g1_i3:4514-5026  -            171 553585at33208        -            207   3.7e-05   22.4   1.8   2   2     7e-05    0.0063   15.1   0.1    44    97    84   139    78   167 0.85 -
TRINITY_DN11583_c0_g1_i5:4514-5026  -            171 553585at33208        -            207   3.7e-05   22.4   1.8   1   2      0.05       4.5    5.8   0.1    60    97    31    68     6    74 0.76 -
TRINITY_DN11583_c0_g1_i5:4514-5026  -            171 553585at33208        -            207   3.7e-05   22.4   1.8   2   2     7e-05    0.0063   15.1   0.1    44    97    84   139    78   167 0.85 -
TRINITY_DN25331_c1_g1_i3:62-727     -            222 553585at33208        -            207   7.1e-05   21.4  25.5   1   3   0.00012     0.011   14.3   5.5    45   116    15    85     6    85 0.87 -
TRINITY_DN25331_c1_g1_i3:62-727     -            222 553585at33208        -            207   7.1e-05   21.4  25.5   2   3   0.00083     0.075   11.6   2.0    45   116    81   151    78   152 0.86 -
TRINITY_DN25331_c1_g1_i3:62-727     -            222 553585at33208        -            207   7.1e-05   21.4  25.5   3   3    0.0017      0.15   10.5   5.3    44   115   146   216   138   220 0.86 -
TRINITY_DN99988_c0_g1_i1:148-708    -            187 553585at33208        -            207   7.4e-05   21.4  17.1   1   2   3.1e-05    0.0028   16.2   5.5    40   117    19    95     3   100 0.86 -
TRINITY_DN99988_c0_g1_i1:148-708    -            187 553585at33208        -            207   7.4e-05   21.4  17.1   2   2    0.0013      0.11   11.0   4.0    49   117   102   169    95   174 0.85 -
TRINITY_DN4642_c0_g1_i1:1368-2186   -            273 553585at33208        -            207   0.00016   20.3   7.1   1   2     4e-06   0.00036   19.2   0.9    41   114    18    95    12   108 0.78 -
TRINITY_DN4642_c0_g1_i1:1368-2186   -            273 553585at33208        -            207   0.00016   20.3   7.1   2   2       0.2        18    3.8   1.0    45   115   116   190    94   199 0.63 -
TRINITY_DN30069_c0_g1_i1:1443-1838  -            132 553585at33208        -            207   0.00025   19.7   0.0   1   1   3.1e-06   0.00028   19.5   0.0    65   152    41   132     3   132 0.81 -
TRINITY_DN30069_c0_g1_i2:1443-1838  -            132 553585at33208        -            207   0.00025   19.7   0.0   1   1   3.1e-06   0.00028   19.5   0.0    65   152    41   132     3   132 0.81 -
TRINITY_DN30069_c0_g1_i3:530-925    -            132 553585at33208        -            207   0.00025   19.7   0.0   1   1   3.1e-06   0.00028   19.5   0.0    65   152    41   132     3   132 0.81 -
TRINITY_DN30069_c0_g1_i5:1451-1846  -            132 553585at33208        -            207   0.00025   19.7   0.0   1   1   3.1e-06   0.00028   19.5   0.0    65   152    41   132     3   132 0.81 -
TRINITY_DN30069_c0_g1_i6:1419-1814  -            132 553585at33208        -            207   0.00025   19.7   0.0   1   1   3.1e-06   0.00028   19.5   0.0    65   152    41   132     3   132 0.81 -
TRINITY_DN13097_c0_g1_i10:6399-7601 -            401 553585at33208        -            207   0.00049   18.7  10.8   1   6      0.16        14    4.1   0.1    58    97    20    59     3    82 0.69 -
TRINITY_DN13097_c0_g1_i10:6399-7601 -            401 553585at33208        -            207   0.00049   18.7  10.8   2   6      0.12        10    4.6   0.2    57    79   117   139   100   146 0.73 -
TRINITY_DN13097_c0_g1_i10:6399-7601 -            401 553585at33208        -            207   0.00049   18.7  10.8   3   6       5.5     5e+02   -0.9   0.0    57    80   194   217   165   262 0.72 -
TRINITY_DN13097_c0_g1_i10:6399-7601 -            401 553585at33208        -            207   0.00049   18.7  10.8   4   6       4.5   4.1e+02   -0.6   0.0    41    97   248   306   219   319 0.66 -
TRINITY_DN13097_c0_g1_i10:6399-7601 -            401 553585at33208        -            207   0.00049   18.7  10.8   5   6    0.0012      0.11   11.1   0.2    47    99   302   356   292   365 0.84 -
TRINITY_DN13097_c0_g1_i10:6399-7601 -            401 553585at33208        -            207   0.00049   18.7  10.8   6   6   0.00061     0.055   12.0   0.1    39   113   318   397   312   400 0.77 -
TRINITY_DN13097_c0_g1_i14:6237-7439 -            401 553585at33208        -            207   0.00049   18.7  10.8   1   6      0.16        14    4.1   0.1    58    97    20    59     3    82 0.69 -
TRINITY_DN13097_c0_g1_i14:6237-7439 -            401 553585at33208        -            207   0.00049   18.7  10.8   2   6      0.12        10    4.6   0.2    57    79   117   139   100   146 0.73 -
TRINITY_DN13097_c0_g1_i14:6237-7439 -            401 553585at33208        -            207   0.00049   18.7  10.8   3   6       5.5     5e+02   -0.9   0.0    57    80   194   217   165   262 0.72 -
TRINITY_DN13097_c0_g1_i14:6237-7439 -            401 553585at33208        -            207   0.00049   18.7  10.8   4   6       4.5   4.1e+02   -0.6   0.0    41    97   248   306   219   319 0.66 -
TRINITY_DN13097_c0_g1_i14:6237-7439 -            401 553585at33208        -            207   0.00049   18.7  10.8   5   6    0.0012      0.11   11.1   0.2    47    99   302   356   292   365 0.84 -
TRINITY_DN13097_c0_g1_i14:6237-7439 -            401 553585at33208        -            207   0.00049   18.7  10.8   6   6   0.00061     0.055   12.0   0.1    39   113   318   397   312   400 0.77 -
TRINITY_DN13097_c0_g1_i8:6423-7625  -            401 553585at33208        -            207   0.00049   18.7  10.8   1   6      0.16        14    4.1   0.1    58    97    20    59     3    82 0.69 -
TRINITY_DN13097_c0_g1_i8:6423-7625  -            401 553585at33208        -            207   0.00049   18.7  10.8   2   6      0.12        10    4.6   0.2    57    79   117   139   100   146 0.73 -
TRINITY_DN13097_c0_g1_i8:6423-7625  -            401 553585at33208        -            207   0.00049   18.7  10.8   3   6       5.5     5e+02   -0.9   0.0    57    80   194   217   165   262 0.72 -
TRINITY_DN13097_c0_g1_i8:6423-7625  -            401 553585at33208        -            207   0.00049   18.7  10.8   4   6       4.5   4.1e+02   -0.6   0.0    41    97   248   306   219   319 0.66 -
TRINITY_DN13097_c0_g1_i8:6423-7625  -            401 553585at33208        -            207   0.00049   18.7  10.8   5   6    0.0012      0.11   11.1   0.2    47    99   302   356   292   365 0.84 -
TRINITY_DN13097_c0_g1_i8:6423-7625  -            401 553585at33208        -            207   0.00049   18.7  10.8   6   6   0.00061     0.055   12.0   0.1    39   113   318   397   312   400 0.77 -
TRINITY_DN160739_c0_g1_i1:15-425    -            137 553585at33208        -            207   0.00049   18.7   0.3   1   1   7.9e-06   0.00071   18.2   0.3    41    99    30    90    11   115 0.84 -
TRINITY_DN13766_c0_g1_i1:137-766    -            210 553585at33208        -            207    0.0007   18.2   7.3   1   2   5.1e-05    0.0046   15.5   1.0    12   114    35   138    24   141 0.80 -
TRINITY_DN13766_c0_g1_i1:137-766    -            210 553585at33208        -            207    0.0007   18.2   7.3   2   2     0.033       2.9    6.4   2.0    62   115   131   182   120   192 0.68 -
TRINITY_DN13766_c0_g1_i2:137-766    -            210 553585at33208        -            207    0.0007   18.2   7.3   1   2   5.1e-05    0.0046   15.5   1.0    12   114    35   138    24   141 0.80 -
TRINITY_DN13766_c0_g1_i2:137-766    -            210 553585at33208        -            207    0.0007   18.2   7.3   2   2     0.033       2.9    6.4   2.0    62   115   131   182   120   192 0.68 -
TRINITY_DN170_c0_g1_i10:175-882     -            236 553585at33208        -            207   0.00083   18.0   2.7   1   2    0.0029      0.26    9.8   0.8    44    97    40    93    28   120 0.77 -
TRINITY_DN170_c0_g1_i10:175-882     -            236 553585at33208        -            207   0.00083   18.0   2.7   2   2     0.019       1.8    7.1   0.0    41    84   130   173   126   206 0.77 -
TRINITY_DN170_c0_g1_i11:211-918     -            236 553585at33208        -            207   0.00083   18.0   2.7   1   2    0.0029      0.26    9.8   0.8    44    97    40    93    28   120 0.77 -
TRINITY_DN170_c0_g1_i11:211-918     -            236 553585at33208        -            207   0.00083   18.0   2.7   2   2     0.019       1.8    7.1   0.0    41    84   130   173   126   206 0.77 -
TRINITY_DN170_c0_g1_i1:208-915      -            236 553585at33208        -            207   0.00083   18.0   2.7   1   2    0.0029      0.26    9.8   0.8    44    97    40    93    28   120 0.77 -
TRINITY_DN170_c0_g1_i1:208-915      -            236 553585at33208        -            207   0.00083   18.0   2.7   2   2     0.019       1.8    7.1   0.0    41    84   130   173   126   206 0.77 -
TRINITY_DN170_c0_g1_i2:209-916      -            236 553585at33208        -            207   0.00083   18.0   2.7   1   2    0.0029      0.26    9.8   0.8    44    97    40    93    28   120 0.77 -
TRINITY_DN170_c0_g1_i2:209-916      -            236 553585at33208        -            207   0.00083   18.0   2.7   2   2     0.019       1.8    7.1   0.0    41    84   130   173   126   206 0.77 -
TRINITY_DN53205_c0_g1_i4:3-524      -            174 553585at33208        -            207    0.0014   17.2  10.5   1   1    0.0003     0.027   13.0  10.8    42   115    67   139    41   170 0.74 -
TRINITY_DN2664_c0_g1_i1:409-987     -            193 553585at33208        -            207    0.0015   17.1   1.3   1   2       1.2     1e+02    1.3   0.0    72    96     2    26     1    54 0.69 -
TRINITY_DN2664_c0_g1_i1:409-987     -            193 553585at33208        -            207    0.0015   17.1   1.3   2   2   0.00013     0.011   14.2   0.3    43    97    91   147    70   155 0.85 -
TRINITY_DN2664_c0_g1_i2:409-987     -            193 553585at33208        -            207    0.0015   17.1   1.3   1   2       1.2     1e+02    1.3   0.0    72    96     2    26     1    54 0.69 -
TRINITY_DN2664_c0_g1_i2:409-987     -            193 553585at33208        -            207    0.0015   17.1   1.3   2   2   0.00013     0.011   14.2   0.3    43    97    91   147    70   155 0.85 -
TRINITY_DN2664_c0_g1_i5:409-987     -            193 553585at33208        -            207    0.0015   17.1   1.3   1   2       1.2     1e+02    1.3   0.0    72    96     2    26     1    54 0.69 -
TRINITY_DN2664_c0_g1_i5:409-987     -            193 553585at33208        -            207    0.0015   17.1   1.3   2   2   0.00013     0.011   14.2   0.3    43    97    91   147    70   155 0.85 -
TRINITY_DN53205_c0_g1_i1:243-713    -            157 553585at33208        -            207    0.0018   16.9   4.6   1   3     2e-05    0.0018   16.9   4.6    42   115    13    85     3    88 0.87 -
TRINITY_DN53205_c0_g1_i1:243-713    -            157 553585at33208        -            207    0.0018   16.9   4.6   2   3      0.11       9.9    4.6   0.9    86   113    99   127    85   131 0.61 -
TRINITY_DN53205_c0_g1_i1:243-713    -            157 553585at33208        -            207    0.0018   16.9   4.6   3   3       9.5   8.5e+02   -1.7   0.1    49    74   130   156   121   157 0.70 -
TRINITY_DN39385_c0_g1_i2:278-730    -            151 553585at33208        -            207     0.002   16.7   4.3   1   1   3.7e-05    0.0033   16.0   4.3    42   146    10   107     3   116 0.85 -
TRINITY_DN44065_c0_g1_i5:9-566      -            186 553585at33208        -            207    0.0023   16.5  22.8   1   3     0.034         3    6.3   8.2    47   115     4    71     1   100 0.53 -
TRINITY_DN44065_c0_g1_i5:9-566      -            186 553585at33208        -            207    0.0023   16.5  22.8   2   3     0.058       5.2    5.5   0.4    85   116    84   116    70   116 0.69 -
TRINITY_DN44065_c0_g1_i5:9-566      -            186 553585at33208        -            207    0.0023   16.5  22.8   3   3   0.00024     0.022   13.3   6.7    43   115   110   181   100   183 0.87 -
TRINITY_DN16047_c0_g1_i1:242-601    -            120 553585at33208        -            207    0.0026   16.3   0.5   1   1   3.9e-05    0.0035   15.9   0.5    39   115     7    85     4    95 0.81 -
TRINITY_DN30202_c0_g1_i1:444-893    -            150 553585at33208        -            207    0.0031   16.1   0.1   1   2   0.00018     0.016   13.8   0.0    47    97    27    79    15    97 0.86 -
TRINITY_DN30202_c0_g1_i1:444-893    -            150 553585at33208        -            207    0.0031   16.1   0.1   2   2    0.0031      0.28    9.7   0.0    63    97    45    79    44   138 0.77 -
TRINITY_DN13874_c0_g1_i1:835-1416   -            194 553585at33208        -            207    0.0039   15.8   8.7   1   3       6.8   6.2e+02   -1.2   0.0    67    96     3    31     1    50 0.62 -
TRINITY_DN13874_c0_g1_i1:835-1416   -            194 553585at33208        -            207    0.0039   15.8   8.7   2   3   0.00012     0.011   14.3   3.3    40   120    45   122    30   128 0.86 -
TRINITY_DN13874_c0_g1_i1:835-1416   -            194 553585at33208        -            207    0.0039   15.8   8.7   3   3      0.15        13    4.2   0.1    56   117   127   189   120   194 0.65 -
TRINITY_DN2402_c0_g1_i6:702-3071    -            790 553585at33208        -            207    0.0067   15.0   1.0   1   2      0.15        14    4.2   0.5    40   111    24   102    11   114 0.68 -
TRINITY_DN2402_c0_g1_i6:702-3071    -            790 553585at33208        -            207    0.0067   15.0   1.0   2   2    0.0068      0.61    8.6   0.0    97   135   234   272   230   282 0.88 -
TRINITY_DN68025_c0_g1_i1:598-1944   -            449 553585at33208        -            207    0.0069   15.0  18.5   1   6     0.032       2.9    6.4   0.5    43    81    25    63     8    99 0.76 -
TRINITY_DN68025_c0_g1_i1:598-1944   -            449 553585at33208        -            207    0.0069   15.0  18.5   2   6       2.8   2.6e+02    0.0   0.0    44    78   137   172   120   182 0.79 -
TRINITY_DN68025_c0_g1_i1:598-1944   -            449 553585at33208        -            207    0.0069   15.0  18.5   3   6      0.34        31    3.0   0.2    54    98   188   231   171   236 0.71 -
TRINITY_DN68025_c0_g1_i1:598-1944   -            449 553585at33208        -            207    0.0069   15.0  18.5   4   6     0.035       3.1    6.3   0.1    50    99   251   299   243   316 0.81 -
TRINITY_DN68025_c0_g1_i1:598-1944   -            449 553585at33208        -            207    0.0069   15.0  18.5   5   6      0.33        30    3.1   0.0    64    97   309   342   303   369 0.80 -
TRINITY_DN68025_c0_g1_i1:598-1944   -            449 553585at33208        -            207    0.0069   15.0  18.5   6   6      0.16        14    4.1   0.1    48    92   395   439   383   445 0.84 -
TRINITY_DN2402_c0_g1_i5:615-3185    -            857 553585at33208        -            207     0.008   14.7   1.0   1   2      0.17        15    4.0   0.5    40   110    24   101    11   114 0.68 -
TRINITY_DN2402_c0_g1_i5:615-3185    -            857 553585at33208        -            207     0.008   14.7   1.0   2   2    0.0074      0.67    8.5   0.0    97   135   234   272   230   282 0.88 -
TRINITY_DN2402_c0_g1_i2:615-3260    -            882 553585at33208        -            207    0.0088   14.6   1.0   1   2      0.17        16    4.0   0.5    40   110    24   101    11   114 0.68 -
TRINITY_DN2402_c0_g1_i2:615-3260    -            882 553585at33208        -            207    0.0088   14.6   1.0   2   2    0.0077      0.69    8.4   0.0    97   135   234   272   230   282 0.88 -
TRINITY_DN39385_c0_g1_i7:329-715    -            129 553585at33208        -            207    0.0089   14.6   4.5   1   2     0.087       7.9    5.0   0.2    85   115     2    33     1    43 0.81 -
TRINITY_DN39385_c0_g1_i7:329-715    -            129 553585at33208        -            207    0.0089   14.6   4.5   2   2   0.00058     0.052   12.1   3.4    51   146    14   102    11   110 0.79 -
TRINITY_DN2199_c0_g1_i1:40-708      -            223 553585at33208        -            207     0.016   13.7   5.9   1   3    0.0056       0.5    8.9   0.2    49   113    82   147    56   150 0.74 -
TRINITY_DN2199_c0_g1_i1:40-708      -            223 553585at33208        -            207     0.016   13.7   5.9   2   3   0.00024     0.022   13.3   3.2    38   116   117   196   102   208 0.87 -
TRINITY_DN2199_c0_g1_i1:40-708      -            223 553585at33208        -            207     0.016   13.7   5.9   3   3     0.067         6    5.3   0.9    43    97   167   221   161   223 0.78 -
TRINITY_DN6973_c0_g2_i1:250-759     -            170 553585at33208        -            207     0.021   13.4   1.9   1   1   0.00045     0.041   12.4   1.7    41    98    45   102    39   127 0.77 -
TRINITY_DN6973_c0_g2_i2:250-759     -            170 553585at33208        -            207     0.021   13.4   1.9   1   1   0.00045     0.041   12.4   1.7    41    98    45   102    39   127 0.77 -
TRINITY_DN46809_c0_g1_i1:1061-2077  -            339 553585at33208        -            207     0.046   12.3   8.0   1   4      0.19        17    3.9   0.0    47    82    85   121    44   125 0.72 -
TRINITY_DN46809_c0_g1_i1:1061-2077  -            339 553585at33208        -            207     0.046   12.3   8.0   2   4     0.013       1.2    7.7   1.2    39   101   123   186   114   203 0.77 -
TRINITY_DN46809_c0_g1_i1:1061-2077  -            339 553585at33208        -            207     0.046   12.3   8.0   3   4      0.43        38    2.7   0.4    41   116   217   295   204   299 0.73 -
TRINITY_DN46809_c0_g1_i1:1061-2077  -            339 553585at33208        -            207     0.046   12.3   8.0   4   4         1        94    1.4   0.1    61   102   261   302   247   325 0.75 -
TRINITY_DN46809_c0_g1_i2:250-1260   -            337 553585at33208        -            207     0.049   12.2   8.1   1   5       0.2        18    3.8   0.0    47    82    85   121    46   125 0.73 -
TRINITY_DN46809_c0_g1_i2:250-1260   -            337 553585at33208        -            207     0.049   12.2   8.1   2   5    0.0016      0.15   10.6   2.1    27   117    88   178    72   186 0.77 -
TRINITY_DN46809_c0_g1_i2:250-1260   -            337 553585at33208        -            207     0.049   12.2   8.1   3   5     0.013       1.2    7.7   1.2    39   101   123   186   114   205 0.78 -
TRINITY_DN46809_c0_g1_i2:250-1260   -            337 553585at33208        -            207     0.049   12.2   8.1   4   5      0.37        34    2.9   0.4    41   116   217   295   204   301 0.70 -
TRINITY_DN46809_c0_g1_i2:250-1260   -            337 553585at33208        -            207     0.049   12.2   8.1   5   5         1        94    1.5   0.1    61   102   261   302   247   325 0.75 -
TRINITY_DN25331_c1_g1_i5:575-1054   -            160 553585at33208        -            207     0.055   12.0   8.2   1   1    0.0015      0.13   10.8   8.2    45   117    20    91     4   121 0.86 -
TRINITY_DN275_c0_g1_i1:331-1275     -            315 553585at33208        -            207     0.061   11.9   7.8   1   3       9.9   8.9e+02   -1.7   0.0    47    77    15    46     8    84 0.57 -
TRINITY_DN275_c0_g1_i1:331-1275     -            315 553585at33208        -            207     0.061   11.9   7.8   2   3    0.0056       0.5    8.9   0.7    38    97    76   135    63   140 0.81 -
TRINITY_DN275_c0_g1_i1:331-1275     -            315 553585at33208        -            207     0.061   11.9   7.8   3   3     0.011         1    7.9   0.9    44   107   128   191   121   215 0.78 -
TRINITY_DN16739_c0_g1_i9:56-280     -             75 553585at33208        -            207     0.082   11.4   3.1   1   1    0.0011     0.095   11.2   3.1    58   115     6    62     1    70 0.80 -
TRINITY_DN46809_c0_g1_i3:456-956    -            167 553585at33208        -            207      0.13   10.8   5.3   1   2      0.33        29    3.1   0.3    57    79     1    23     1    32 0.83 -
TRINITY_DN46809_c0_g1_i3:456-956    -            167 553585at33208        -            207      0.13   10.8   5.3   2   2    0.0066      0.59    8.6   1.4    40   114    29   105    24   116 0.68 -
TRINITY_DN3790_c1_g1_i1:1129-2115   -            329 553585at33208        -            207      0.35    9.4   6.0   1   3      0.22        20    3.7   0.1    35   100    39   107    16   124 0.76 -
TRINITY_DN3790_c1_g1_i1:1129-2115   -            329 553585at33208        -            207      0.35    9.4   6.0   2   3         5   4.5e+02   -0.8   0.0    64   110   118   165   111   169 0.68 -
TRINITY_DN3790_c1_g1_i1:1129-2115   -            329 553585at33208        -            207      0.35    9.4   6.0   3   3     0.051       4.6    5.7   3.0    60   124   160   223   150   231 0.80 -
TRINITY_DN3790_c1_g1_i2:1054-2040   -            329 553585at33208        -            207      0.35    9.4   6.0   1   3      0.22        20    3.7   0.1    35   100    39   107    16   124 0.76 -
TRINITY_DN3790_c1_g1_i2:1054-2040   -            329 553585at33208        -            207      0.35    9.4   6.0   2   3         5   4.5e+02   -0.8   0.0    64   110   118   165   111   169 0.68 -
TRINITY_DN3790_c1_g1_i2:1054-2040   -            329 553585at33208        -            207      0.35    9.4   6.0   3   3     0.051       4.6    5.7   3.0    60   124   160   223   150   231 0.80 -
TRINITY_DN13944_c0_g1_i3:201-632    -            144 553585at33208        -            207      0.37    9.3   4.5   1   2    0.0033       0.3    9.6   2.5    62   123    42   102     1   105 0.67 -
TRINITY_DN13944_c0_g1_i3:201-632    -            144 553585at33208        -            207      0.37    9.3   4.5   2   2       7.6   6.8e+02   -1.4   0.0    38    51   125   138   116   142 0.80 -
#
# Program:         hmmsearch
# Version:         3.1b2 (February 2015)
# Pipeline mode:   SEARCH
# Query file:      /busco_wd/busco_downloads/lineages/metazoa_odb10/hmms/553585at33208.hmm
# Target file:     /busco_wd/BUSCO/run_metazoa_odb10/metaeuk_output/initial_results/Trinity.fasta.modified.fas
# Option settings: hmmsearch --domtblout /busco_wd/BUSCO/run_metazoa_odb10/hmmer_output/initial_run_results/553585at33208.out --cpu 1 /busco_wd/busco_downloads/lineages/metazoa_odb10/hmms/553585at33208.hmm /busco_wd/BUSCO/run_metazoa_odb10/metaeuk_output/initial_results/Trinity.fasta.modified.fas 
# Current dir:     /busco_wd
# Date:            Tue Nov 23 09:04:05 2021
# [ok]
