#                                                                                          --- full sequence --- -------------- this domain -------------   hmm coord   ali coord   env coord
# target name                      accession   tlen query name           accession   qlen   E-value  score  bias   #  of  c-Evalue  i-Evalue  score  bias  from    to  from    to  from    to  acc description of target
#              ------------------- ---------- ----- -------------------- ---------- ----- --------- ------ ----- --- --- --------- --------- ------ ----- ----- ----- ----- ----- ----- ----- ---- ---------------------
TRINITY_DN1311_c0_g1_i5:1223-3208  -            662 557834at33208        -            378  7.8e-107  356.7  14.5   1   5   1.6e-60   3.2e-58  196.7   1.7    19   139    33   165    28   170 0.91 -
TRINITY_DN1311_c0_g1_i5:1223-3208  -            662 557834at33208        -            378  7.8e-107  356.7  14.5   2   5   3.3e-07   6.8e-05   21.2   0.7   143   188   189   243   185   246 0.83 -
TRINITY_DN1311_c0_g1_i5:1223-3208  -            662 557834at33208        -            378  7.8e-107  356.7  14.5   3   5   1.2e-43   2.5e-41  141.1   0.0   189   315   371   498   365   529 0.93 -
TRINITY_DN1311_c0_g1_i5:1223-3208  -            662 557834at33208        -            378  7.8e-107  356.7  14.5   4   5       1.5   3.1e+02   -0.7   0.0   322   338   563   579   558   598 0.77 -
TRINITY_DN1311_c0_g1_i5:1223-3208  -            662 557834at33208        -            378  7.8e-107  356.7  14.5   5   5      0.18        36    2.4   0.0   334   377   603   657   598   658 0.62 -
TRINITY_DN1311_c0_g1_i3:1241-3208  -            656 557834at33208        -            378  2.5e-106  355.0  15.0   1   5   1.6e-60   3.2e-58  196.7   1.7    19   139    33   165    28   170 0.91 -
TRINITY_DN1311_c0_g1_i3:1241-3208  -            656 557834at33208        -            378  2.5e-106  355.0  15.0   2   5   3.3e-07   6.7e-05   21.2   0.7   143   188   189   243   185   246 0.83 -
TRINITY_DN1311_c0_g1_i3:1241-3208  -            656 557834at33208        -            378  2.5e-106  355.0  15.0   3   5   1.2e-43   2.5e-41  141.1   0.0   189   315   371   498   365   529 0.93 -
TRINITY_DN1311_c0_g1_i3:1241-3208  -            656 557834at33208        -            378  2.5e-106  355.0  15.0   4   5       1.6   3.3e+02   -0.8   0.0   322   338   563   579   558   596 0.78 -
TRINITY_DN1311_c0_g1_i3:1241-3208  -            656 557834at33208        -            378  2.5e-106  355.0  15.0   5   5      0.36        74    1.3   0.1   334   376   603   656   577   656 0.67 -
TRINITY_DN1311_c0_g1_i2:1241-3208  -            656 557834at33208        -            378  2.5e-106  355.0  15.0   1   5   1.6e-60   3.2e-58  196.7   1.7    19   139    33   165    28   170 0.91 -
TRINITY_DN1311_c0_g1_i2:1241-3208  -            656 557834at33208        -            378  2.5e-106  355.0  15.0   2   5   3.3e-07   6.7e-05   21.2   0.7   143   188   189   243   185   246 0.83 -
TRINITY_DN1311_c0_g1_i2:1241-3208  -            656 557834at33208        -            378  2.5e-106  355.0  15.0   3   5   1.2e-43   2.5e-41  141.1   0.0   189   315   371   498   365   529 0.93 -
TRINITY_DN1311_c0_g1_i2:1241-3208  -            656 557834at33208        -            378  2.5e-106  355.0  15.0   4   5       1.6   3.3e+02   -0.8   0.0   322   338   563   579   558   596 0.78 -
TRINITY_DN1311_c0_g1_i2:1241-3208  -            656 557834at33208        -            378  2.5e-106  355.0  15.0   5   5      0.36        74    1.3   0.1   334   376   603   656   577   656 0.67 -
TRINITY_DN1311_c0_g1_i1:1223-2104  -            294 557834at33208        -            378   2.3e-44  151.1   0.6   1   3   3.6e-44   7.4e-42  142.9   0.0   189   315     3   130     1   165 0.93 -
TRINITY_DN1311_c0_g1_i1:1223-2104  -            294 557834at33208        -            378   2.3e-44  151.1   0.6   2   3      0.49        99    0.9   0.0   322   340   195   213   189   230 0.75 -
TRINITY_DN1311_c0_g1_i1:1223-2104  -            294 557834at33208        -            378   2.3e-44  151.1   0.6   3   3     0.051        10    4.1   0.1   334   377   235   289   221   290 0.66 -
TRINITY_DN18590_c0_g1_i10:418-603  -             62 557834at33208        -            378   1.4e-09   36.6   2.9   1   1   8.3e-12   1.7e-09   36.4   2.9    57   109    10    58     5    59 0.89 -
TRINITY_DN18590_c0_g1_i12:418-603  -             62 557834at33208        -            378   1.4e-09   36.6   2.9   1   1   8.3e-12   1.7e-09   36.4   2.9    57   109    10    58     5    59 0.89 -
TRINITY_DN18590_c0_g1_i4:418-603   -             62 557834at33208        -            378   1.4e-09   36.6   2.9   1   1   8.3e-12   1.7e-09   36.4   2.9    57   109    10    58     5    59 0.89 -
TRINITY_DN18590_c0_g1_i7:418-603   -             62 557834at33208        -            378   1.4e-09   36.6   2.9   1   1   8.3e-12   1.7e-09   36.4   2.9    57   109    10    58     5    59 0.89 -
TRINITY_DN12467_c0_g1_i2:127-426   -            100 557834at33208        -            378   2.2e-06   26.1   0.3   1   1   1.3e-08   2.6e-06   25.9   0.3    55   106    12    60    11    77 0.86 -
TRINITY_DN41491_c0_g1_i1:117-590   -            158 557834at33208        -            378   2.8e-06   25.8   0.6   1   1   1.7e-08   3.6e-06   25.4   0.6    69   112     7    49     2    59 0.83 -
TRINITY_DN4529_c0_g1_i1:1392-1691  -            100 557834at33208        -            378   4.2e-05   21.9   0.2   1   1   2.2e-07   4.6e-05   21.8   0.2    57   107    14    64     5    80 0.85 -
TRINITY_DN4529_c0_g1_i3:497-796    -            100 557834at33208        -            378   4.2e-05   21.9   0.2   1   1   2.2e-07   4.6e-05   21.8   0.2    57   107    14    64     5    80 0.85 -
TRINITY_DN4529_c0_g1_i6:1392-1691  -            100 557834at33208        -            378   4.2e-05   21.9   0.2   1   1   2.2e-07   4.6e-05   21.8   0.2    57   107    14    64     5    80 0.85 -
TRINITY_DN4529_c0_g1_i7:1392-1691  -            100 557834at33208        -            378   4.2e-05   21.9   0.2   1   1   2.2e-07   4.6e-05   21.8   0.2    57   107    14    64     5    80 0.85 -
TRINITY_DN52602_c0_g1_i1:164-487   -            108 557834at33208        -            378   6.4e-05   21.3   3.3   1   1   3.6e-07   7.3e-05   21.1   3.3    56   109    15    66     7    80 0.82 -
TRINITY_DN52602_c0_g1_i2:87-437    -            117 557834at33208        -            378   9.4e-05   20.7   3.6   1   1   5.8e-07   0.00012   20.4   3.6    56   109    15    66     8    80 0.83 -
TRINITY_DN9886_c0_g1_i16:6446-6691 -             82 557834at33208        -            378   0.00017   19.9   3.3   1   1   9.2e-07   0.00019   19.7   3.3    59   115     1    59     1    68 0.83 -
TRINITY_DN9886_c0_g1_i5:6368-6613  -             82 557834at33208        -            378   0.00017   19.9   3.3   1   1   9.2e-07   0.00019   19.7   3.3    59   115     1    59     1    68 0.83 -
TRINITY_DN225_c0_g1_i1:271-1227    -            319 557834at33208        -            378   0.00018   19.8   2.9   1   1   1.6e-06   0.00033   18.9   2.9    55   119    14    75    10    88 0.81 -
TRINITY_DN11918_c0_g1_i1:672-1718  -            349 557834at33208        -            378    0.0008   17.7   3.1   1   1   5.4e-06    0.0011   17.2   3.1    58   103   307   348   299   349 0.89 -
TRINITY_DN11918_c0_g1_i2:672-1718  -            349 557834at33208        -            378    0.0008   17.7   3.1   1   1   5.4e-06    0.0011   17.2   3.1    58   103   307   348   299   349 0.89 -
TRINITY_DN13955_c0_g1_i1:6-572     -            189 557834at33208        -            378    0.0013   17.0   2.0   1   1   8.6e-06    0.0018   16.5   2.0    58   100     2    43     1    66 0.76 -
TRINITY_DN13955_c0_g1_i2:1595-2197 -            201 557834at33208        -            378    0.0015   16.8   1.9   1   1   9.6e-06     0.002   16.4   1.9    58   100     2    43     1    66 0.76 -
TRINITY_DN13955_c0_g1_i3:1-612     -            204 557834at33208        -            378    0.0015   16.8   1.9   1   1   9.9e-06     0.002   16.4   1.9    58   100     2    43     1    66 0.76 -
TRINITY_DN3477_c0_g1_i2:1908-2183  -             92 557834at33208        -            378     0.002   16.4   5.5   1   1   1.1e-05    0.0022   16.2   5.5    53   103     8    54     3    77 0.81 -
TRINITY_DN3477_c0_g1_i3:1904-2179  -             92 557834at33208        -            378     0.002   16.4   5.5   1   1   1.1e-05    0.0022   16.2   5.5    53   103     8    54     3    77 0.81 -
TRINITY_DN3477_c0_g1_i7:1901-2176  -             92 557834at33208        -            378     0.002   16.4   5.5   1   1   1.1e-05    0.0022   16.2   5.5    53   103     8    54     3    77 0.81 -
TRINITY_DN10562_c0_g1_i1:117-761   -            215 557834at33208        -            378      0.01   14.0   8.5   1   1   8.7e-05     0.018   13.2   8.5    59   117    19    73    12    94 0.80 -
TRINITY_DN10562_c0_g1_i3:117-761   -            215 557834at33208        -            378      0.01   14.0   8.5   1   1   8.7e-05     0.018   13.2   8.5    59   117    19    73    12    94 0.80 -
TRINITY_DN10562_c0_g1_i4:117-761   -            215 557834at33208        -            378      0.01   14.0   8.5   1   1   8.7e-05     0.018   13.2   8.5    59   117    19    73    12    94 0.80 -
TRINITY_DN10562_c0_g1_i6:117-761   -            215 557834at33208        -            378      0.01   14.0   8.5   1   1   8.7e-05     0.018   13.2   8.5    59   117    19    73    12    94 0.80 -
TRINITY_DN6709_c0_g1_i4:933-1493   -            187 557834at33208        -            378     0.013   13.7   4.7   1   1   8.5e-05     0.017   13.3   4.7    49   107     5    62     2    81 0.73 -
TRINITY_DN27679_c0_g1_i2:76-309    -             78 557834at33208        -            378     0.035   12.3   5.9   1   1   0.00019     0.039   12.1   5.9    58    99    26    64    22    76 0.73 -
TRINITY_DN57404_c0_g1_i10:209-502  -             98 557834at33208        -            378     0.047   11.9   2.8   1   1   0.00026     0.053   11.7   2.8    59   111     7    55     3    73 0.73 -
TRINITY_DN57404_c0_g1_i4:80-373    -             98 557834at33208        -            378     0.047   11.9   2.8   1   1   0.00026     0.053   11.7   2.8    59   111     7    55     3    73 0.73 -
TRINITY_DN57404_c0_g1_i7:80-373    -             98 557834at33208        -            378     0.047   11.9   2.8   1   1   0.00026     0.053   11.7   2.8    59   111     7    55     3    73 0.73 -
TRINITY_DN17959_c0_g1_i3:986-1228  -             81 557834at33208        -            378     0.047   11.8   7.1   1   1   0.00024      0.05   11.8   7.1    51   104    14    63     2    78 0.77 -
TRINITY_DN17959_c0_g1_i8:986-1228  -             81 557834at33208        -            378     0.047   11.8   7.1   1   1   0.00024      0.05   11.8   7.1    51   104    14    63     2    78 0.77 -
TRINITY_DN22796_c0_g1_i3:61-864    -            268 557834at33208        -            378      0.16   10.1   5.9   1   1    0.0011      0.22    9.6   5.9    57   100   227   268   196   268 0.81 -
TRINITY_DN27679_c0_g1_i1:143-1183  -            347 557834at33208        -            378      0.37    8.9   5.6   1   1    0.0028      0.57    8.3   5.6    58    98   293   330   290   343 0.73 -
TRINITY_DN18509_c0_g1_i1:209-493   -             95 557834at33208        -            378      0.94    7.6   6.9   1   1    0.0048      0.98    7.5   6.9    73   111    26    63     8    75 0.86 -
TRINITY_DN18509_c0_g1_i3:209-493   -             95 557834at33208        -            378      0.94    7.6   6.9   1   1    0.0048      0.98    7.5   6.9    73   111    26    63     8    75 0.86 -
TRINITY_DN18509_c0_g1_i4:209-493   -             95 557834at33208        -            378      0.94    7.6   6.9   1   1    0.0048      0.98    7.5   6.9    73   111    26    63     8    75 0.86 -
TRINITY_DN31975_c0_g1_i1:55-966    -            304 557834at33208        -            378       5.3    5.1  14.0   1   2       3.9   8.1e+02   -2.1   5.4   276   345     2    73     1    87 0.59 -
TRINITY_DN31975_c0_g1_i1:55-966    -            304 557834at33208        -            378       5.3    5.1  14.0   2   2   0.00015     0.031   12.4   1.4    58   103   239   280   214   297 0.88 -
TRINITY_DN22796_c0_g1_i1:61-849    -            263 557834at33208        -            378       5.6    5.0  10.7   1   1     0.041       8.5    4.4  10.7    58   100   223   263   219   263 0.77 -
#
# Program:         hmmsearch
# Version:         3.1b2 (February 2015)
# Pipeline mode:   SEARCH
# Query file:      /busco_wd/busco_downloads/lineages/metazoa_odb10/hmms/557834at33208.hmm
# Target file:     /busco_wd/BUSCO/run_metazoa_odb10/metaeuk_output/initial_results/Trinity.fasta.modified.fas
# Option settings: hmmsearch --domtblout /busco_wd/BUSCO/run_metazoa_odb10/hmmer_output/initial_run_results/557834at33208.out --cpu 1 /busco_wd/busco_downloads/lineages/metazoa_odb10/hmms/557834at33208.hmm /busco_wd/BUSCO/run_metazoa_odb10/metaeuk_output/initial_results/Trinity.fasta.modified.fas 
# Current dir:     /busco_wd
# Date:            Tue Nov 23 09:04:06 2021
# [ok]
