#                                                                                           --- full sequence --- -------------- this domain -------------   hmm coord   ali coord   env coord
# target name                       accession   tlen query name           accession   qlen   E-value  score  bias   #  of  c-Evalue  i-Evalue  score  bias  from    to  from    to  from    to  acc description of target
#               ------------------- ---------- ----- -------------------- ---------- ----- --------- ------ ----- --- --- --------- --------- ------ ----- ----- ----- ----- ----- ----- ----- ---- ---------------------
TRINITY_DN4192_c0_g1_i6:2122-2844   -            241 560566at33208        -            170   4.4e-27   93.8  15.5   1   3   4.3e-10   2.8e-08   32.6   4.0     3    60     1    57     1    72 0.84 -
TRINITY_DN4192_c0_g1_i6:2122-2844   -            241 560566at33208        -            170   4.4e-27   93.8  15.5   2   3   0.00023     0.016   13.9   3.0    32    68    71   106    67   128 0.67 -
TRINITY_DN4192_c0_g1_i6:2122-2844   -            241 560566at33208        -            170   4.4e-27   93.8  15.5   3   3   1.4e-16   9.5e-15   53.7   0.1    35   152   122   238   106   241 0.75 -
TRINITY_DN4192_c0_g1_i10:2122-2844  -            241 560566at33208        -            170   5.2e-27   93.6  15.9   1   3   4.8e-10   3.2e-08   32.5   4.1     3    60     1    57     1    72 0.84 -
TRINITY_DN4192_c0_g1_i10:2122-2844  -            241 560566at33208        -            170   5.2e-27   93.6  15.9   2   3   0.00025     0.017   13.9   3.1    32    67    71   105    65   128 0.69 -
TRINITY_DN4192_c0_g1_i10:2122-2844  -            241 560566at33208        -            170   5.2e-27   93.6  15.9   3   3   1.1e-16   7.3e-15   54.1   0.2    34   152   121   238   103   241 0.73 -
TRINITY_DN4192_c0_g1_i11:2122-2844  -            241 560566at33208        -            170   2.1e-26   91.7  17.1   1   3   4.7e-10   3.1e-08   32.5   3.9     3    59     1    56     1    71 0.85 -
TRINITY_DN4192_c0_g1_i11:2122-2844  -            241 560566at33208        -            170   2.1e-26   91.7  17.1   2   3   0.00028     0.019   13.7   3.3    32    67    71   105    66   128 0.68 -
TRINITY_DN4192_c0_g1_i11:2122-2844  -            241 560566at33208        -            170   2.1e-26   91.7  17.1   3   3   2.7e-16   1.8e-14   52.8   0.5    35   152   122   238   102   241 0.70 -
TRINITY_DN4192_c0_g1_i5:2122-2844   -            241 560566at33208        -            170   2.1e-26   91.7  17.1   1   3   4.7e-10   3.1e-08   32.5   3.9     3    59     1    56     1    71 0.85 -
TRINITY_DN4192_c0_g1_i5:2122-2844   -            241 560566at33208        -            170   2.1e-26   91.7  17.1   2   3   0.00028     0.019   13.7   3.3    32    67    71   105    66   128 0.68 -
TRINITY_DN4192_c0_g1_i5:2122-2844   -            241 560566at33208        -            170   2.1e-26   91.7  17.1   3   3   2.7e-16   1.8e-14   52.8   0.5    35   152   122   238   102   241 0.70 -
TRINITY_DN9912_c2_g1_i1:696-2519    -            608 560566at33208        -            170   1.5e-20   72.6   6.4   1   4   0.00051     0.034   12.9   0.0    93   162    10    90     6    97 0.78 -
TRINITY_DN9912_c2_g1_i1:696-2519    -            608 560566at33208        -            170   1.5e-20   72.6   6.4   2   4   3.4e-06   0.00023   19.9   0.3    94   142    99   154    89   158 0.80 -
TRINITY_DN9912_c2_g1_i1:696-2519    -            608 560566at33208        -            170   1.5e-20   72.6   6.4   3   4   2.1e-06   0.00014   20.6   1.8    62   158   155   264   152   277 0.77 -
TRINITY_DN9912_c2_g1_i1:696-2519    -            608 560566at33208        -            170   1.5e-20   72.6   6.4   4   4   9.8e-06   0.00065   18.4   0.0    94   161   295   372   272   377 0.74 -
TRINITY_DN119436_c0_g1_i1:144-2165  -            674 560566at33208        -            170   3.8e-19   68.0   0.2   1   4      0.11         7    5.3   0.0    95   161    12    89    10    97 0.68 -
TRINITY_DN119436_c0_g1_i1:144-2165  -            674 560566at33208        -            170   3.8e-19   68.0   0.2   2   4   9.8e-05    0.0065   15.2   0.0    94   147    99   159    93   173 0.81 -
TRINITY_DN119436_c0_g1_i1:144-2165  -            674 560566at33208        -            170   3.8e-19   68.0   0.2   3   4   1.3e-06   8.5e-05   21.3   0.1    94   157   190   260   168   276 0.75 -
TRINITY_DN119436_c0_g1_i1:144-2165  -            674 560566at33208        -            170   3.8e-19   68.0   0.2   4   4   1.3e-06   8.5e-05   21.3   0.1    93   162   293   372   255   380 0.70 -
TRINITY_DN883_c0_g1_i7:402-1427     -            342 560566at33208        -            170     2e-09   36.4   1.9   1   3   9.1e-06    0.0006   18.5   0.0   118   152    59    96    21   111 0.77 -
TRINITY_DN883_c0_g1_i7:402-1427     -            342 560566at33208        -            170     2e-09   36.4   1.9   2   3    0.0039      0.26   10.0   0.0    94   142   113   169   111   180 0.81 -
TRINITY_DN883_c0_g1_i7:402-1427     -            342 560566at33208        -            170     2e-09   36.4   1.9   3   3      0.11         7    5.3   0.2   118   141   305   328   218   342 0.78 -
TRINITY_DN883_c0_g1_i1:423-1448     -            342 560566at33208        -            170   2.2e-09   36.2   1.6   1   3   1.2e-05   0.00077   18.2   0.0   118   152    59    96    26   112 0.82 -
TRINITY_DN883_c0_g1_i1:423-1448     -            342 560566at33208        -            170   2.2e-09   36.2   1.6   2   3    0.0034      0.22   10.2   0.0    94   142   113   169    98   180 0.82 -
TRINITY_DN883_c0_g1_i1:423-1448     -            342 560566at33208        -            170   2.2e-09   36.2   1.6   3   3      0.11         7    5.3   0.2   118   141   305   328   218   342 0.78 -
TRINITY_DN883_c0_g1_i3:423-1448     -            342 560566at33208        -            170   2.2e-09   36.2   1.6   1   3   1.2e-05   0.00077   18.2   0.0   118   152    59    96    26   112 0.82 -
TRINITY_DN883_c0_g1_i3:423-1448     -            342 560566at33208        -            170   2.2e-09   36.2   1.6   2   3    0.0034      0.22   10.2   0.0    94   142   113   169    98   180 0.82 -
TRINITY_DN883_c0_g1_i3:423-1448     -            342 560566at33208        -            170   2.2e-09   36.2   1.6   3   3      0.11         7    5.3   0.2   118   141   305   328   218   342 0.78 -
TRINITY_DN883_c0_g1_i4:402-1427     -            342 560566at33208        -            170   2.2e-09   36.2   1.6   1   3   1.2e-05   0.00077   18.2   0.0   118   152    59    96    26   112 0.82 -
TRINITY_DN883_c0_g1_i4:402-1427     -            342 560566at33208        -            170   2.2e-09   36.2   1.6   2   3    0.0034      0.22   10.2   0.0    94   142   113   169    98   180 0.82 -
TRINITY_DN883_c0_g1_i4:402-1427     -            342 560566at33208        -            170   2.2e-09   36.2   1.6   3   3      0.11         7    5.3   0.2   118   141   305   328   218   342 0.78 -
TRINITY_DN883_c0_g1_i5:921-1313     -            131 560566at33208        -            170   1.7e-08   33.3   0.1   1   2   3.5e-06   0.00023   19.9   0.0   118   152    21    58    17    73 0.85 -
TRINITY_DN883_c0_g1_i5:921-1313     -            131 560566at33208        -            170   1.7e-08   33.3   0.1   2   2    0.0014      0.09   11.5   0.0    94   141    75   130    73   131 0.81 -
TRINITY_DN2081_c0_g1_i5:56-1225     -            390 560566at33208        -            170   8.3e-08   31.1   2.3   1   3     0.065       4.3    6.0   0.0    96   158    24    96    10   105 0.73 -
TRINITY_DN2081_c0_g1_i5:56-1225     -            390 560566at33208        -            170   8.3e-08   31.1   2.3   2   3   0.00031     0.021   13.5   0.1    32   142   115   232   110   238 0.75 -
TRINITY_DN2081_c0_g1_i5:56-1225     -            390 560566at33208        -            170   8.3e-08   31.1   2.3   3   3    0.0069      0.46    9.2   0.1    93   141   267   325   252   357 0.74 -
TRINITY_DN36654_c0_g1_i2:663-1106   -            148 560566at33208        -            170   2.3e-06   26.4   0.0   1   2   0.00034     0.022   13.4   0.0    94   151    10    78     4    90 0.69 -
TRINITY_DN36654_c0_g1_i2:663-1106   -            148 560566at33208        -            170   2.3e-06   26.4   0.0   2   2    0.0019      0.13   11.0   0.0    99   138   101   147    95   148 0.77 -
TRINITY_DN883_c0_g1_i6:508-819      -            104 560566at33208        -            170   2.5e-06   26.3   0.1   1   2   2.4e-06   0.00016   20.4   0.0   118   152    20    57    16    68 0.85 -
TRINITY_DN883_c0_g1_i6:508-819      -            104 560566at33208        -            170   2.5e-06   26.3   0.1   2   2      0.25        16    4.1   0.0    94   113    74    93    65    98 0.92 -
TRINITY_DN528_c7_g1_i1:280-1215     -            312 560566at33208        -            170     4e-06   25.6   0.0   1   2   5.9e-05    0.0039   15.9   0.0    94   151    10    78     4    88 0.71 -
TRINITY_DN528_c7_g1_i1:280-1215     -            312 560566at33208        -            170     4e-06   25.6   0.0   2   2     0.027       1.8    7.2   0.0    92   139    94   148    80   162 0.75 -
TRINITY_DN11130_c0_g1_i33:853-1179  -            109 560566at33208        -            170     8e-06   24.6   0.0   1   1   1.7e-07   1.1e-05   24.2   0.0    91   141     8    66     4    80 0.81 -
TRINITY_DN11130_c0_g1_i57:884-1210  -            109 560566at33208        -            170     8e-06   24.6   0.0   1   1   1.7e-07   1.1e-05   24.2   0.0    91   141     8    66     4    80 0.81 -
TRINITY_DN1419_c0_g1_i1:1086-1322   -             79 560566at33208        -            170   9.9e-06   24.3   0.0   1   1   2.1e-07   1.4e-05   23.9   0.0    93   139    12    66     1    72 0.79 -
TRINITY_DN1996_c0_g1_i1:309-944     -            212 560566at33208        -            170   1.7e-05   23.6   0.3   1   2   0.00019     0.013   14.2   0.0    98   161    24    95     4   105 0.69 -
TRINITY_DN1996_c0_g1_i1:309-944     -            212 560566at33208        -            170   1.7e-05   23.6   0.3   2   2     0.022       1.5    7.5   0.1    95   140   166   211   161   212 0.79 -
TRINITY_DN1996_c0_g1_i2:233-868     -            212 560566at33208        -            170   1.7e-05   23.6   0.3   1   2   0.00019     0.013   14.2   0.0    98   161    24    95     4   105 0.69 -
TRINITY_DN1996_c0_g1_i2:233-868     -            212 560566at33208        -            170   1.7e-05   23.6   0.3   2   2     0.022       1.5    7.5   0.1    95   140   166   211   161   212 0.79 -
TRINITY_DN1996_c0_g1_i4:194-829     -            212 560566at33208        -            170   1.7e-05   23.6   0.3   1   2   0.00019     0.013   14.2   0.0    98   161    24    95     4   105 0.69 -
TRINITY_DN1996_c0_g1_i4:194-829     -            212 560566at33208        -            170   1.7e-05   23.6   0.3   2   2     0.022       1.5    7.5   0.1    95   140   166   211   161   212 0.79 -
TRINITY_DN1379_c0_g1_i2:106-1944    -            613 560566at33208        -            170   2.7e-05   22.9   3.6   1   3   0.00055     0.036   12.8   0.0    90   142   111   171    55   176 0.74 -
TRINITY_DN1379_c0_g1_i2:106-1944    -            613 560566at33208        -            170   2.7e-05   22.9   3.6   2   3     0.054       3.6    6.3   1.1   117   168   441   495   357   497 0.77 -
TRINITY_DN1379_c0_g1_i2:106-1944    -            613 560566at33208        -            170   2.7e-05   22.9   3.6   3   3       1.8   1.2e+02    1.3   0.2    62   114   471   528   467   564 0.63 -
TRINITY_DN10766_c0_g1_i1:186-413    -             76 560566at33208        -            170   3.5e-05   22.6   0.0   1   1   5.9e-07   3.9e-05   22.4   0.0    94   141    13    60     8    75 0.88 -
TRINITY_DN10766_c0_g1_i2:186-413    -             76 560566at33208        -            170   3.5e-05   22.6   0.0   1   1   5.9e-07   3.9e-05   22.4   0.0    94   141    13    60     8    75 0.88 -
TRINITY_DN10766_c0_g2_i1:186-413    -             76 560566at33208        -            170   3.5e-05   22.6   0.0   1   1   5.9e-07   3.9e-05   22.4   0.0    94   141    13    60     8    75 0.88 -
TRINITY_DN10766_c0_g2_i2:186-413    -             76 560566at33208        -            170   3.5e-05   22.6   0.0   1   1   5.9e-07   3.9e-05   22.4   0.0    94   141    13    60     8    75 0.88 -
TRINITY_DN1727_c0_g1_i4:2383-2844   -            154 560566at33208        -            170   3.8e-05   22.5   0.0   1   2   9.8e-06   0.00065   18.4   0.0    95   146    16    75    13    97 0.79 -
TRINITY_DN1727_c0_g1_i4:2383-2844   -            154 560566at33208        -            170   3.8e-05   22.5   0.0   2   2       1.2        79    1.9   0.0    96   114   135   153   129   154 0.87 -
TRINITY_DN1727_c0_g1_i12:2382-2843  -            154 560566at33208        -            170   5.5e-05   21.9   0.0   1   2   9.8e-06   0.00065   18.4   0.0    95   146    16    75    13    97 0.79 -
TRINITY_DN1727_c0_g1_i12:2382-2843  -            154 560566at33208        -            170   5.5e-05   21.9   0.0   2   2       1.8   1.2e+02    1.3   0.0    96   114   135   153   129   154 0.86 -
TRINITY_DN1727_c0_g1_i6:2382-2870   -            163 560566at33208        -            170   6.8e-05   21.6   0.0   1   2   1.6e-05    0.0011   17.7   0.0    95   143    16    72    13   107 0.81 -
TRINITY_DN1727_c0_g1_i6:2382-2870   -            163 560566at33208        -            170   6.8e-05   21.6   0.0   2   2       1.3        86    1.8   0.0    96   114   144   162   138   163 0.87 -
TRINITY_DN9310_c0_g1_i1:112-333     -             74 560566at33208        -            170   7.8e-05   21.4   0.0   1   1   1.6e-06   0.00011   21.0   0.0    93   142     9    66     2    73 0.78 -
TRINITY_DN396_c0_g1_i1:634-843      -             70 560566at33208        -            170   0.00011   21.0   0.0   1   1   1.9e-06   0.00013   20.7   0.0    99   139    20    60    13    65 0.90 -
TRINITY_DN396_c0_g1_i4:2441-2650    -             70 560566at33208        -            170   0.00011   21.0   0.0   1   1   1.9e-06   0.00013   20.7   0.0    99   139    20    60    13    65 0.90 -
TRINITY_DN396_c0_g1_i7:2414-2623    -             70 560566at33208        -            170   0.00011   21.0   0.0   1   1   1.9e-06   0.00013   20.7   0.0    99   139    20    60    13    65 0.90 -
TRINITY_DN396_c0_g1_i5:2429-2641    -             71 560566at33208        -            170   0.00011   20.9   0.0   1   1     2e-06   0.00013   20.7   0.0    99   139    21    61    13    66 0.90 -
TRINITY_DN10126_c0_g1_i1:1310-1639  -            110 560566at33208        -            170   0.00013   20.7   0.1   1   1   2.4e-06   0.00016   20.4   0.1    95   166    11    85     5    88 0.87 -
TRINITY_DN10126_c0_g1_i2:1310-1639  -            110 560566at33208        -            170   0.00013   20.7   0.1   1   1   2.4e-06   0.00016   20.4   0.1    95   166    11    85     5    88 0.87 -
TRINITY_DN4635_c0_g1_i1:374-604     -             77 560566at33208        -            170   0.00015   20.5   0.0   1   1   2.5e-06   0.00017   20.4   0.0    97   141    22    69     8    76 0.87 -
TRINITY_DN48537_c0_g1_i2:338-2311   -            482 560566at33208        -            170   0.00017   20.4   0.0   1   1   4.2e-06   0.00028   19.6   0.0    94   135   243   286   225   296 0.76 -
TRINITY_DN48537_c0_g1_i3:338-1783   -            482 560566at33208        -            170   0.00017   20.4   0.0   1   1   4.2e-06   0.00028   19.6   0.0    94   135   243   286   225   296 0.76 -
TRINITY_DN21764_c0_g1_i2:697-990    -             98 560566at33208        -            170   0.00017   20.3   0.0   1   1     3e-06    0.0002   20.1   0.0    93   150    11    74     3    82 0.84 -
TRINITY_DN21764_c0_g1_i3:898-1191   -             98 560566at33208        -            170   0.00017   20.3   0.0   1   1     3e-06    0.0002   20.1   0.0    93   150    11    74     3    82 0.84 -
TRINITY_DN21764_c0_g1_i4:1748-2041  -             98 560566at33208        -            170   0.00017   20.3   0.0   1   1     3e-06    0.0002   20.1   0.0    93   150    11    74     3    82 0.84 -
TRINITY_DN21764_c0_g1_i5:898-1191   -             98 560566at33208        -            170   0.00017   20.3   0.0   1   1     3e-06    0.0002   20.1   0.0    93   150    11    74     3    82 0.84 -
TRINITY_DN21764_c0_g1_i7:898-1191   -             98 560566at33208        -            170   0.00017   20.3   0.0   1   1     3e-06    0.0002   20.1   0.0    93   150    11    74     3    82 0.84 -
TRINITY_DN13748_c0_g2_i1:506-1027   -            174 560566at33208        -            170   0.00018   20.2   0.0   1   2      0.46        30    3.2   0.0   118   142     3    27     1    38 0.89 -
TRINITY_DN13748_c0_g2_i1:506-1027   -            174 560566at33208        -            170   0.00018   20.2   0.0   2   2   0.00019     0.012   14.3   0.0    96   141   109   164   102   173 0.74 -
TRINITY_DN13748_c0_g2_i2:506-1027   -            174 560566at33208        -            170   0.00018   20.2   0.0   1   2      0.46        30    3.2   0.0   118   142     3    27     1    38 0.89 -
TRINITY_DN13748_c0_g2_i2:506-1027   -            174 560566at33208        -            170   0.00018   20.2   0.0   2   2   0.00019     0.012   14.3   0.0    96   141   109   164   102   173 0.74 -
TRINITY_DN7027_c0_g1_i10:992-1213   -             74 560566at33208        -            170   0.00019   20.2   0.0   1   1   4.3e-06   0.00028   19.6   0.0    95   141    11    65     8    72 0.82 -
TRINITY_DN7027_c0_g1_i15:1509-1730  -             74 560566at33208        -            170   0.00019   20.2   0.0   1   1   4.3e-06   0.00028   19.6   0.0    95   141    11    65     8    72 0.82 -
TRINITY_DN7027_c0_g1_i2:1775-1996   -             74 560566at33208        -            170   0.00019   20.2   0.0   1   1   4.3e-06   0.00028   19.6   0.0    95   141    11    65     8    72 0.82 -
TRINITY_DN417_c0_g1_i6:429-767      -            113 560566at33208        -            170   0.00025   19.8   0.1   1   1   7.7e-06   0.00051   18.8   0.1    93   142    47   105    22   112 0.78 -
TRINITY_DN417_c0_g1_i7:429-767      -            113 560566at33208        -            170   0.00025   19.8   0.1   1   1   7.7e-06   0.00051   18.8   0.1    93   142    47   105    22   112 0.78 -
TRINITY_DN417_c0_g1_i9:429-767      -            113 560566at33208        -            170   0.00025   19.8   0.1   1   1   7.7e-06   0.00051   18.8   0.1    93   142    47   105    22   112 0.78 -
TRINITY_DN417_c0_g1_i2:38-373       -            112 560566at33208        -            170   0.00026   19.8   0.1   1   1   7.5e-06   0.00049   18.8   0.1    93   142    46   104    21   111 0.78 -
TRINITY_DN273_c0_g1_i10:1035-2093   -            353 560566at33208        -            170   0.00026   19.7   0.0   1   1   1.3e-05   0.00087   18.0   0.0    94   141   205   254   179   263 0.88 -
TRINITY_DN273_c0_g1_i15:1035-2093   -            353 560566at33208        -            170   0.00026   19.7   0.0   1   1   1.3e-05   0.00087   18.0   0.0    94   141   205   254   179   263 0.88 -
TRINITY_DN273_c0_g1_i1:282-1340     -            353 560566at33208        -            170   0.00026   19.7   0.0   1   1   1.3e-05   0.00087   18.0   0.0    94   141   205   254   179   263 0.88 -
TRINITY_DN273_c0_g1_i3:1035-2093    -            353 560566at33208        -            170   0.00026   19.7   0.0   1   1   1.3e-05   0.00087   18.0   0.0    94   141   205   254   179   263 0.88 -
TRINITY_DN273_c0_g1_i6:1046-2104    -            353 560566at33208        -            170   0.00026   19.7   0.0   1   1   1.3e-05   0.00087   18.0   0.0    94   141   205   254   179   263 0.88 -
TRINITY_DN273_c0_g1_i8:1047-2105    -            353 560566at33208        -            170   0.00026   19.7   0.0   1   1   1.3e-05   0.00087   18.0   0.0    94   141   205   254   179   263 0.88 -
TRINITY_DN4512_c0_g3_i1:1299-1619   -            107 560566at33208        -            170   0.00054   18.7   0.0   1   1   9.6e-06   0.00063   18.5   0.0    93   128    10    46     6    66 0.88 -
TRINITY_DN522_c0_g1_i11:116-367     -             84 560566at33208        -            170   0.00065   18.4   0.0   1   1   1.1e-05   0.00073   18.3   0.0    93   141    17    73     4    84 0.74 -
TRINITY_DN522_c0_g1_i8:116-367      -             84 560566at33208        -            170   0.00065   18.4   0.0   1   1   1.1e-05   0.00073   18.3   0.0    93   141    17    73     4    84 0.74 -
TRINITY_DN96613_c0_g1_i1:7-270      -             88 560566at33208        -            170   0.00072   18.3   0.0   1   1   1.2e-05   0.00079   18.2   0.0    95   142    14    61     5    77 0.87 -
TRINITY_DN182334_c0_g1_i1:3-185     -             61 560566at33208        -            170   0.00095   17.9   0.2   1   1   1.9e-05    0.0013   17.5   0.2    99   138    13    60     7    61 0.72 -
TRINITY_DN38878_c0_g1_i3:13-153     -             47 560566at33208        -            170    0.0017   17.0   0.0   1   1   2.6e-05    0.0017   17.0   0.0   114   139     9    34     6    47 0.87 -
TRINITY_DN522_c0_g1_i12:128-343     -             72 560566at33208        -            170    0.0019   16.9   0.0   1   1   3.4e-05    0.0023   16.7   0.0    93   141    13    69     2    71 0.79 -
TRINITY_DN522_c0_g1_i14:128-343     -             72 560566at33208        -            170    0.0019   16.9   0.0   1   1   3.4e-05    0.0023   16.7   0.0    93   141    13    69     2    71 0.79 -
TRINITY_DN522_c0_g1_i15:128-343     -             72 560566at33208        -            170    0.0019   16.9   0.0   1   1   3.4e-05    0.0023   16.7   0.0    93   141    13    69     2    71 0.79 -
TRINITY_DN522_c0_g1_i2:128-343      -             72 560566at33208        -            170    0.0019   16.9   0.0   1   1   3.4e-05    0.0023   16.7   0.0    93   141    13    69     2    71 0.79 -
TRINITY_DN38314_c0_g1_i1:461-706    -             82 560566at33208        -            170    0.0022   16.7   0.1   1   1   3.6e-05    0.0024   16.6   0.1    94   141    16    71     2    82 0.71 -
TRINITY_DN38878_c0_g1_i10:13-186    -             58 560566at33208        -            170    0.0025   16.5   0.0   1   1   3.8e-05    0.0025   16.5   0.0   114   139    20    45     4    57 0.90 -
TRINITY_DN38878_c0_g1_i2:13-186     -             58 560566at33208        -            170    0.0025   16.5   0.0   1   1   3.8e-05    0.0025   16.5   0.0   114   139    20    45     4    57 0.90 -
TRINITY_DN4118_c0_g1_i2:107-415     -            103 560566at33208        -            170    0.0028   16.4   0.0   1   1   5.2e-05    0.0034   16.1   0.0    95   157    16    89     1    98 0.71 -
TRINITY_DN4118_c0_g1_i6:107-415     -            103 560566at33208        -            170    0.0028   16.4   0.0   1   1   5.2e-05    0.0034   16.1   0.0    95   157    16    89     1    98 0.71 -
TRINITY_DN4118_c0_g1_i7:107-415     -            103 560566at33208        -            170    0.0028   16.4   0.0   1   1   5.2e-05    0.0034   16.1   0.0    95   157    16    89     1    98 0.71 -
TRINITY_DN4118_c0_g1_i8:107-415     -            103 560566at33208        -            170    0.0028   16.4   0.0   1   1   5.2e-05    0.0034   16.1   0.0    95   157    16    89     1    98 0.71 -
TRINITY_DN5249_c0_g1_i1:1395-1640   -             82 560566at33208        -            170    0.0034   16.1   0.1   1   1   6.9e-05    0.0046   15.7   0.1    95   145    13    70     7    81 0.66 -
TRINITY_DN21466_c0_g1_i1:299-790    -            164 560566at33208        -            170    0.0052   15.5   0.1   1   2    0.0038      0.25   10.0   0.1   116   141    46    71    17    93 0.81 -
TRINITY_DN21466_c0_g1_i1:299-790    -            164 560566at33208        -            170    0.0052   15.5   0.1   2   2      0.31        21    3.8   0.0    93   135   111   161    84   164 0.71 -
TRINITY_DN27189_c0_g1_i1:139-369    -             77 560566at33208        -            170    0.0066   15.2   0.0   1   1   0.00012    0.0081   14.9   0.0    95   141    11    65     5    76 0.74 -
TRINITY_DN3441_c0_g1_i2:843-1058    -             72 560566at33208        -            170     0.007   15.1   0.0   1   1   0.00012    0.0076   15.0   0.0    95   141    14    62     8    72 0.79 -
TRINITY_DN3441_c0_g1_i3:647-862     -             72 560566at33208        -            170     0.007   15.1   0.0   1   1   0.00012    0.0076   15.0   0.0    95   141    14    62     8    72 0.79 -
TRINITY_DN3441_c0_g1_i5:843-1058    -             72 560566at33208        -            170     0.007   15.1   0.0   1   1   0.00012    0.0076   15.0   0.0    95   141    14    62     8    72 0.79 -
TRINITY_DN69591_c0_g1_i1:1-237      -             79 560566at33208        -            170      0.01   14.6   0.0   1   1   0.00026     0.017   13.8   0.0    93   133    11    59     6    66 0.78 -
TRINITY_DN16080_c0_g1_i1:149-382    -             78 560566at33208        -            170      0.01   14.5   0.0   1   1   0.00017     0.012   14.4   0.0    95   141    18    72     3    75 0.81 -
TRINITY_DN16080_c0_g1_i2:126-359    -             78 560566at33208        -            170      0.01   14.5   0.0   1   1   0.00017     0.012   14.4   0.0    95   141    18    72     3    75 0.81 -
TRINITY_DN250_c0_g1_i12:71-322      -             84 560566at33208        -            170     0.013   14.2   0.0   1   1   0.00024     0.016   13.9   0.0    95   141    17    71     3    83 0.75 -
TRINITY_DN11132_c0_g1_i14:39-221    -             61 560566at33208        -            170     0.013   14.2   0.0   1   1   0.00025     0.016   13.9   0.0    99   139    15    58    11    60 0.88 -
TRINITY_DN250_c0_g1_i10:71-316      -             82 560566at33208        -            170     0.016   13.9   0.0   1   1   0.00025     0.017   13.8   0.0    95   141    17    71     3    82 0.76 -
TRINITY_DN250_c0_g1_i17:71-316      -             82 560566at33208        -            170     0.016   13.9   0.0   1   1   0.00025     0.017   13.8   0.0    95   141    17    71     3    82 0.76 -
TRINITY_DN250_c0_g1_i18:71-316      -             82 560566at33208        -            170     0.016   13.9   0.0   1   1   0.00025     0.017   13.8   0.0    95   141    17    71     3    82 0.76 -
TRINITY_DN250_c0_g1_i19:71-316      -             82 560566at33208        -            170     0.016   13.9   0.0   1   1   0.00025     0.017   13.8   0.0    95   141    17    71     3    82 0.76 -
TRINITY_DN250_c0_g1_i23:71-316      -             82 560566at33208        -            170     0.016   13.9   0.0   1   1   0.00025     0.017   13.8   0.0    95   141    17    71     3    82 0.76 -
TRINITY_DN250_c0_g1_i25:71-316      -             82 560566at33208        -            170     0.016   13.9   0.0   1   1   0.00025     0.017   13.8   0.0    95   141    17    71     3    82 0.76 -
TRINITY_DN250_c0_g1_i2:71-316       -             82 560566at33208        -            170     0.016   13.9   0.0   1   1   0.00025     0.017   13.8   0.0    95   141    17    71     3    82 0.76 -
TRINITY_DN250_c0_g1_i8:71-316       -             82 560566at33208        -            170     0.016   13.9   0.0   1   1   0.00025     0.017   13.8   0.0    95   141    17    71     3    82 0.76 -
TRINITY_DN3816_c0_g1_i2:215-565     -            117 560566at33208        -            170     0.016   13.9   0.0   1   2    0.0019      0.13   11.0   0.0    95   139    12    64     9    69 0.83 -
TRINITY_DN3816_c0_g1_i2:215-565     -            117 560566at33208        -            170     0.016   13.9   0.0   2   2         3     2e+02    0.6   0.0    95   111   100   116    81   117 0.83 -
TRINITY_DN3816_c0_g1_i3:215-565     -            117 560566at33208        -            170     0.016   13.9   0.0   1   2    0.0019      0.13   11.0   0.0    95   139    12    64     9    69 0.83 -
TRINITY_DN3816_c0_g1_i3:215-565     -            117 560566at33208        -            170     0.016   13.9   0.0   2   2         3     2e+02    0.6   0.0    95   111   100   116    81   117 0.83 -
TRINITY_DN3816_c0_g1_i4:215-565     -            117 560566at33208        -            170     0.016   13.9   0.0   1   2    0.0019      0.13   11.0   0.0    95   139    12    64     9    69 0.83 -
TRINITY_DN3816_c0_g1_i4:215-565     -            117 560566at33208        -            170     0.016   13.9   0.0   2   2         3     2e+02    0.6   0.0    95   111   100   116    81   117 0.83 -
TRINITY_DN3816_c0_g1_i5:215-565     -            117 560566at33208        -            170     0.016   13.9   0.0   1   2    0.0019      0.13   11.0   0.0    95   139    12    64     9    69 0.83 -
TRINITY_DN3816_c0_g1_i5:215-565     -            117 560566at33208        -            170     0.016   13.9   0.0   2   2         3     2e+02    0.6   0.0    95   111   100   116    81   117 0.83 -
TRINITY_DN250_c0_g1_i1:26-259       -             78 560566at33208        -            170     0.018   13.8   0.0   1   1   0.00032     0.021   13.5   0.0    94   141    10    65     4    77 0.75 -
TRINITY_DN250_c0_g1_i20:26-259      -             78 560566at33208        -            170     0.018   13.8   0.0   1   1   0.00032     0.021   13.5   0.0    94   141    10    65     4    77 0.75 -
TRINITY_DN250_c0_g1_i21:26-259      -             78 560566at33208        -            170     0.018   13.8   0.0   1   1   0.00032     0.021   13.5   0.0    94   141    10    65     4    77 0.75 -
TRINITY_DN21274_c0_g1_i1:99-332     -             78 560566at33208        -            170     0.018   13.7   0.0   1   1   0.00031      0.02   13.6   0.0    93   140     9    61     3    76 0.83 -
TRINITY_DN21274_c0_g1_i3:99-332     -             78 560566at33208        -            170     0.018   13.7   0.0   1   1   0.00031      0.02   13.6   0.0    93   140     9    61     3    76 0.83 -
TRINITY_DN21274_c0_g1_i4:99-332     -             78 560566at33208        -            170     0.018   13.7   0.0   1   1   0.00031      0.02   13.6   0.0    93   140     9    61     3    76 0.83 -
TRINITY_DN29752_c0_g1_i10:1154-1558 -            135 560566at33208        -            170     0.019   13.7   0.1   1   2    0.0055      0.37    9.5   0.0    95   135    29    77     6    83 0.78 -
TRINITY_DN29752_c0_g1_i10:1154-1558 -            135 560566at33208        -            170     0.019   13.7   0.1   2   2         1        66    2.1   0.0    92   110   113   131    99   133 0.84 -
TRINITY_DN29752_c0_g1_i11:1450-1854 -            135 560566at33208        -            170     0.019   13.7   0.1   1   2    0.0055      0.37    9.5   0.0    95   135    29    77     6    83 0.78 -
TRINITY_DN29752_c0_g1_i11:1450-1854 -            135 560566at33208        -            170     0.019   13.7   0.1   2   2         1        66    2.1   0.0    92   110   113   131    99   133 0.84 -
TRINITY_DN29752_c0_g1_i17:1378-1782 -            135 560566at33208        -            170     0.019   13.7   0.1   1   2    0.0055      0.37    9.5   0.0    95   135    29    77     6    83 0.78 -
TRINITY_DN29752_c0_g1_i17:1378-1782 -            135 560566at33208        -            170     0.019   13.7   0.1   2   2         1        66    2.1   0.0    92   110   113   131    99   133 0.84 -
TRINITY_DN1612_c0_g1_i5:68-1144     -            359 560566at33208        -            170     0.022   13.5   0.7   1   1   0.00069     0.046   12.4   0.7    40   137   179   284   156   290 0.66 -
TRINITY_DN1612_c0_g1_i10:68-1144    -            359 560566at33208        -            170     0.022   13.4   0.7   1   1   0.00069     0.046   12.4   0.7    40   137   179   284   156   290 0.66 -
TRINITY_DN1612_c0_g1_i1:68-1144     -            359 560566at33208        -            170     0.022   13.4   0.7   1   1   0.00069     0.046   12.4   0.7    40   137   179   284   156   290 0.66 -
TRINITY_DN1612_c0_g1_i2:68-1144     -            359 560566at33208        -            170     0.022   13.4   0.7   1   1   0.00069     0.046   12.4   0.7    40   137   179   284   156   290 0.66 -
TRINITY_DN1612_c0_g1_i7:68-1144     -            359 560566at33208        -            170     0.022   13.4   0.7   1   1   0.00069     0.046   12.4   0.7    40   137   179   284   156   290 0.66 -
TRINITY_DN195229_c0_g1_i1:112-486   -            125 560566at33208        -            170     0.023   13.4   0.0   1   2    0.0026      0.17   10.5   0.0    95   151    17    85    14   104 0.69 -
TRINITY_DN195229_c0_g1_i1:112-486   -            125 560566at33208        -            170     0.023   13.4   0.0   2   2       2.7   1.8e+02    0.8   0.0    93   109   105   121    89   124 0.85 -
TRINITY_DN560_c0_g1_i1:1061-1354    -             98 560566at33208        -            170     0.023   13.4   0.0   1   1   0.00041     0.027   13.2   0.0    95   136    11    59     6    91 0.68 -
TRINITY_DN560_c0_g1_i6:1901-2194    -             98 560566at33208        -            170     0.023   13.4   0.0   1   1   0.00041     0.027   13.2   0.0    95   136    11    59     6    91 0.68 -
TRINITY_DN560_c0_g1_i7:1229-1522    -             98 560566at33208        -            170     0.023   13.4   0.0   1   1   0.00041     0.027   13.2   0.0    95   136    11    59     6    91 0.68 -
TRINITY_DN15691_c0_g1_i10:523-813   -             97 560566at33208        -            170     0.024   13.4   0.0   1   1   0.00049     0.032   12.9   0.0    99   142    37    88    24    97 0.79 -
TRINITY_DN15691_c0_g1_i3:523-813    -             97 560566at33208        -            170     0.024   13.4   0.0   1   1   0.00049     0.032   12.9   0.0    99   142    37    88    24    97 0.79 -
TRINITY_DN15691_c0_g1_i4:523-813    -             97 560566at33208        -            170     0.024   13.4   0.0   1   1   0.00049     0.032   12.9   0.0    99   142    37    88    24    97 0.79 -
TRINITY_DN15691_c0_g1_i8:225-515    -             97 560566at33208        -            170     0.024   13.4   0.0   1   1   0.00049     0.032   12.9   0.0    99   142    37    88    24    97 0.79 -
TRINITY_DN15691_c0_g1_i9:942-1232   -             97 560566at33208        -            170     0.024   13.4   0.0   1   1   0.00049     0.032   12.9   0.0    99   142    37    88    24    97 0.79 -
TRINITY_DN522_c0_g1_i13:36-287      -             84 560566at33208        -            170     0.027   13.2   0.0   1   1   0.00047     0.031   13.0   0.0    93   141    22    78     4    81 0.80 -
TRINITY_DN522_c0_g1_i1:36-287       -             84 560566at33208        -            170     0.027   13.2   0.0   1   1   0.00047     0.031   13.0   0.0    93   141    22    78     4    81 0.80 -
TRINITY_DN593_c0_g1_i10:1571-1879   -            103 560566at33208        -            170     0.028   13.1   0.0   1   1   0.00043     0.028   13.1   0.0   116   162    49    95    19   103 0.73 -
TRINITY_DN593_c0_g1_i3:1571-1879    -            103 560566at33208        -            170     0.028   13.1   0.0   1   1   0.00043     0.028   13.1   0.0   116   162    49    95    19   103 0.73 -
TRINITY_DN593_c0_g1_i7:1571-1879    -            103 560566at33208        -            170     0.028   13.1   0.0   1   1   0.00043     0.028   13.1   0.0   116   162    49    95    19   103 0.73 -
TRINITY_DN593_c0_g1_i8:1571-1879    -            103 560566at33208        -            170     0.028   13.1   0.0   1   1   0.00043     0.028   13.1   0.0   116   162    49    95    19   103 0.73 -
TRINITY_DN250_c0_g1_i11:26-235      -             70 560566at33208        -            170     0.028   13.1   0.0   1   1   0.00048     0.032   12.9   0.0    94   141    10    65     4    68 0.78 -
TRINITY_DN4599_c0_g1_i10:3341-3613  -             91 560566at33208        -            170     0.042   12.5   0.2   1   1    0.0016       0.1   11.3   0.2   115   139    48    72    18    90 0.61 -
TRINITY_DN4599_c0_g1_i1:3035-3307   -             91 560566at33208        -            170     0.042   12.5   0.2   1   1    0.0016       0.1   11.3   0.2   115   139    48    72    18    90 0.61 -
TRINITY_DN4599_c0_g1_i3:3032-3304   -             91 560566at33208        -            170     0.042   12.5   0.2   1   1    0.0016       0.1   11.3   0.2   115   139    48    72    18    90 0.61 -
TRINITY_DN5401_c0_g1_i1:37-285      -             83 560566at33208        -            170     0.055   12.2   0.0   1   1    0.0011     0.072   11.8   0.0    86   141    15    83     3    83 0.72 -
TRINITY_DN5401_c0_g1_i3:37-285      -             83 560566at33208        -            170     0.055   12.2   0.0   1   1    0.0011     0.072   11.8   0.0    86   141    15    83     3    83 0.72 -
TRINITY_DN2269_c0_g1_i19:1496-1717  -             74 560566at33208        -            170     0.055   12.1   0.0   1   1   0.00092     0.061   12.0   0.0    94   136    10    55     6    71 0.74 -
TRINITY_DN2269_c0_g1_i24:1626-1847  -             74 560566at33208        -            170     0.055   12.1   0.0   1   1   0.00092     0.061   12.0   0.0    94   136    10    55     6    71 0.74 -
TRINITY_DN2269_c0_g1_i4:1498-1719   -             74 560566at33208        -            170     0.055   12.1   0.0   1   1   0.00092     0.061   12.0   0.0    94   136    10    55     6    71 0.74 -
TRINITY_DN36654_c0_g1_i1:1029-1631  -            201 560566at33208        -            170      0.08   11.6   0.0   1   2     0.015      0.96    8.1   0.0   118   141     5    28     1    54 0.85 -
TRINITY_DN36654_c0_g1_i1:1029-1631  -            201 560566at33208        -            170      0.08   11.6   0.0   2   2       1.5        97    1.6   0.0   101   141   139   186   132   201 0.68 -
TRINITY_DN205664_c0_g1_i1:0-215     -             72 560566at33208        -            170      0.11   11.1   0.0   1   1    0.0026      0.17   10.5   0.0    97   141    13    65     4    69 0.72 -
#
# Program:         hmmsearch
# Version:         3.1b2 (February 2015)
# Pipeline mode:   SEARCH
# Query file:      /busco_wd/busco_downloads/lineages/metazoa_odb10/hmms/560566at33208.hmm
# Target file:     /busco_wd/BUSCO/run_metazoa_odb10/metaeuk_output/initial_results/Trinity.fasta.modified.fas
# Option settings: hmmsearch --domtblout /busco_wd/BUSCO/run_metazoa_odb10/hmmer_output/initial_run_results/560566at33208.out --cpu 1 /busco_wd/busco_downloads/lineages/metazoa_odb10/hmms/560566at33208.hmm /busco_wd/BUSCO/run_metazoa_odb10/metaeuk_output/initial_results/Trinity.fasta.modified.fas 
# Current dir:     /busco_wd
# Date:            Tue Nov 23 09:04:07 2021
# [ok]
