#                                                                                           --- full sequence --- -------------- this domain -------------   hmm coord   ali coord   env coord
# target name                       accession   tlen query name           accession   qlen   E-value  score  bias   #  of  c-Evalue  i-Evalue  score  bias  from    to  from    to  from    to  acc description of target
#               ------------------- ---------- ----- -------------------- ---------- ----- --------- ------ ----- --- --- --------- --------- ------ ----- ----- ----- ----- ----- ----- ----- ---- ---------------------
TRINITY_DN4796_c0_g1_i1:631-1146    -            172 564286at33208        -            121   1.5e-62  207.7   0.0   1   1   4.2e-64   1.5e-62  207.7   0.0     1   118     1   124     1   127 0.94 -
TRINITY_DN119436_c0_g1_i1:144-2165  -            674 564286at33208        -            121   2.8e-34  116.5   0.1   1   4   1.2e-08   4.3e-07   28.7   0.0    33   105     2    74     1    87 0.94 -
TRINITY_DN119436_c0_g1_i1:144-2165  -            674 564286at33208        -            121   2.8e-34  116.5   0.1   2   4   6.3e-06   0.00023   19.9   0.1    33   106    90   162    81   177 0.89 -
TRINITY_DN119436_c0_g1_i1:144-2165  -            674 564286at33208        -            121   2.8e-34  116.5   0.1   3   4   1.9e-11   6.9e-10   37.7   0.0    32   112   180   259   167   267 0.88 -
TRINITY_DN119436_c0_g1_i1:144-2165  -            674 564286at33208        -            121   2.8e-34  116.5   0.1   4   4   1.4e-07     5e-06   25.3   0.0    25   110   277   361   262   371 0.85 -
TRINITY_DN1379_c0_g1_i8:106-2889    -            928 564286at33208        -            121   1.1e-33  114.5  18.8   1   5    0.0009     0.033   12.9   0.2    35   109     5    79     1    84 0.91 -
TRINITY_DN1379_c0_g1_i8:106-2889    -            928 564286at33208        -            121   1.1e-33  114.5  18.8   2   5   3.6e-09   1.3e-07   30.4   0.8    21   118   307   401   288   404 0.86 -
TRINITY_DN1379_c0_g1_i8:106-2889    -            928 564286at33208        -            121   1.1e-33  114.5  18.8   3   5   1.2e-10   4.5e-09   35.1   0.0    28   111   416   499   407   506 0.94 -
TRINITY_DN1379_c0_g1_i8:106-2889    -            928 564286at33208        -            121   1.1e-33  114.5  18.8   4   5    0.0041      0.15   10.8   0.7    22   105   700   788   682   801 0.78 -
TRINITY_DN1379_c0_g1_i8:106-2889    -            928 564286at33208        -            121   1.1e-33  114.5  18.8   5   5   1.6e-09   5.8e-08   31.5   0.0    24   108   805   891   787   898 0.80 -
TRINITY_DN1379_c0_g1_i3:106-2889    -            928 564286at33208        -            121   1.5e-33  114.1  19.2   1   5    0.0009     0.033   12.9   0.2    35   109     5    79     1    84 0.91 -
TRINITY_DN1379_c0_g1_i3:106-2889    -            928 564286at33208        -            121   1.5e-33  114.1  19.2   2   5   3.9e-09   1.4e-07   30.3   0.7    24   118   310   401   290   404 0.87 -
TRINITY_DN1379_c0_g1_i3:106-2889    -            928 564286at33208        -            121   1.5e-33  114.1  19.2   3   5   1.2e-10   4.5e-09   35.1   0.0    28   111   416   499   407   506 0.94 -
TRINITY_DN1379_c0_g1_i3:106-2889    -            928 564286at33208        -            121   1.5e-33  114.1  19.2   4   5    0.0041      0.15   10.8   0.7    22   105   700   788   682   801 0.78 -
TRINITY_DN1379_c0_g1_i3:106-2889    -            928 564286at33208        -            121   1.5e-33  114.1  19.2   5   5   1.6e-09   5.8e-08   31.5   0.0    24   108   805   891   787   898 0.80 -
TRINITY_DN1379_c0_g1_i2:106-1944    -            613 564286at33208        -            121   1.2e-32  111.2   6.0   1   5   1.3e-08   4.7e-07   28.6   0.4    31   118     2    86     1    89 0.89 -
TRINITY_DN1379_c0_g1_i2:106-1944    -            613 564286at33208        -            121   1.2e-32  111.2   6.0   2   5   6.9e-11   2.5e-09   35.9   0.0    28   112   101   185    92   191 0.94 -
TRINITY_DN1379_c0_g1_i2:106-1944    -            613 564286at33208        -            121   1.2e-32  111.2   6.0   3   5       7.1   2.6e+02    0.4   0.0    28    56   287   315   273   321 0.83 -
TRINITY_DN1379_c0_g1_i2:106-1944    -            613 564286at33208        -            121   1.2e-32  111.2   6.0   4   5    0.0022     0.081   11.7   0.7    22   105   385   473   367   486 0.78 -
TRINITY_DN1379_c0_g1_i2:106-1944    -            613 564286at33208        -            121   1.2e-32  111.2   6.0   5   5   8.8e-10   3.2e-08   32.4   0.0    24   108   490   576   472   583 0.80 -
TRINITY_DN9912_c2_g1_i1:696-2519    -            608 564286at33208        -            121   2.2e-31  107.1   2.0   1   4   3.2e-08   1.2e-06   27.3   0.0    33   105     2    74     1    87 0.95 -
TRINITY_DN9912_c2_g1_i1:696-2519    -            608 564286at33208        -            121   2.2e-31  107.1   2.0   2   4   4.7e-06   0.00017   20.3   0.3    32   112    89   168    83   173 0.91 -
TRINITY_DN9912_c2_g1_i1:696-2519    -            608 564286at33208        -            121   2.2e-31  107.1   2.0   3   4   3.3e-10   1.2e-08   33.7   0.2    26   111   176   260   171   269 0.83 -
TRINITY_DN9912_c2_g1_i1:696-2519    -            608 564286at33208        -            121   2.2e-31  107.1   2.0   4   4   1.2e-06   4.4e-05   22.2   0.0    30   111   283   363   260   371 0.83 -
TRINITY_DN883_c0_g1_i1:423-1448     -            342 564286at33208        -            121   1.6e-28   97.9   0.1   1   3   4.1e-15   1.5e-13   49.6   0.1    31   117    16   102     3   104 0.90 -
TRINITY_DN883_c0_g1_i1:423-1448     -            342 564286at33208        -            121   1.6e-28   97.9   0.1   2   3   2.7e-06   9.7e-05   21.1   0.0    31    99   102   170    98   179 0.92 -
TRINITY_DN883_c0_g1_i1:423-1448     -            342 564286at33208        -            121   1.6e-28   97.9   0.1   3   3   1.9e-07   7.1e-06   24.8   0.0    34   109   263   340   250   342 0.86 -
TRINITY_DN883_c0_g1_i3:423-1448     -            342 564286at33208        -            121   1.6e-28   97.9   0.1   1   3   4.1e-15   1.5e-13   49.6   0.1    31   117    16   102     3   104 0.90 -
TRINITY_DN883_c0_g1_i3:423-1448     -            342 564286at33208        -            121   1.6e-28   97.9   0.1   2   3   2.7e-06   9.7e-05   21.1   0.0    31    99   102   170    98   179 0.92 -
TRINITY_DN883_c0_g1_i3:423-1448     -            342 564286at33208        -            121   1.6e-28   97.9   0.1   3   3   1.9e-07   7.1e-06   24.8   0.0    34   109   263   340   250   342 0.86 -
TRINITY_DN883_c0_g1_i4:402-1427     -            342 564286at33208        -            121   1.6e-28   97.9   0.1   1   3   4.1e-15   1.5e-13   49.6   0.1    31   117    16   102     3   104 0.90 -
TRINITY_DN883_c0_g1_i4:402-1427     -            342 564286at33208        -            121   1.6e-28   97.9   0.1   2   3   2.7e-06   9.7e-05   21.1   0.0    31    99   102   170    98   179 0.92 -
TRINITY_DN883_c0_g1_i4:402-1427     -            342 564286at33208        -            121   1.6e-28   97.9   0.1   3   3   1.9e-07   7.1e-06   24.8   0.0    34   109   263   340   250   342 0.86 -
TRINITY_DN883_c0_g1_i7:402-1427     -            342 564286at33208        -            121   2.1e-27   94.3   0.1   1   3   5.3e-14   1.9e-12   46.0   0.1    32   117    17   102     3   104 0.89 -
TRINITY_DN883_c0_g1_i7:402-1427     -            342 564286at33208        -            121   2.1e-27   94.3   0.1   2   3   2.4e-06   8.9e-05   21.2   0.0    31   100   102   171    98   184 0.92 -
TRINITY_DN883_c0_g1_i7:402-1427     -            342 564286at33208        -            121   2.1e-27   94.3   0.1   3   3   1.9e-07   7.1e-06   24.8   0.0    34   109   263   340   250   342 0.86 -
TRINITY_DN528_c7_g1_i1:280-1215     -            312 564286at33208        -            121   1.9e-25   87.9   0.0   1   3   5.4e-12     2e-10   39.5   0.0    36   109     4    77     1    86 0.92 -
TRINITY_DN528_c7_g1_i1:280-1215     -            312 564286at33208        -            121   1.9e-25   87.9   0.0   2   3   3.4e-06   0.00012   20.8   0.0    29    94    83   147    78   152 0.90 -
TRINITY_DN528_c7_g1_i1:280-1215     -            312 564286at33208        -            121   1.9e-25   87.9   0.0   3   3   2.1e-07   7.7e-06   24.7   0.0    26    81   245   300   236   312 0.86 -
TRINITY_DN2081_c0_g1_i4:276-2993    -            906 564286at33208        -            121   6.5e-25   86.2   8.5   1   4     2e-05   0.00072   18.3   0.0    32   109     4    80     2    92 0.79 -
TRINITY_DN2081_c0_g1_i4:276-2993    -            906 564286at33208        -            121   6.5e-25   86.2   8.5   2   4      0.06       2.2    7.1   0.1    32   100   161   226   141   245 0.74 -
TRINITY_DN2081_c0_g1_i4:276-2993    -            906 564286at33208        -            121   6.5e-25   86.2   8.5   3   4   7.2e-05    0.0026   16.5   0.1    33   109   251   329   242   340 0.83 -
TRINITY_DN2081_c0_g1_i4:276-2993    -            906 564286at33208        -            121   6.5e-25   86.2   8.5   4   4   7.3e-14   2.6e-12   45.5   0.1    16   105   444   533   436   540 0.94 -
TRINITY_DN2081_c0_g1_i3:276-2999    -            908 564286at33208        -            121   6.6e-25   86.2   8.5   1   4     2e-05   0.00073   18.3   0.0    32   109     4    80     2    92 0.79 -
TRINITY_DN2081_c0_g1_i3:276-2999    -            908 564286at33208        -            121   6.6e-25   86.2   8.5   2   4      0.06       2.2    7.1   0.1    32   100   161   226   141   245 0.74 -
TRINITY_DN2081_c0_g1_i3:276-2999    -            908 564286at33208        -            121   6.6e-25   86.2   8.5   3   4   7.2e-05    0.0026   16.5   0.1    33   109   251   329   242   340 0.83 -
TRINITY_DN2081_c0_g1_i3:276-2999    -            908 564286at33208        -            121   6.6e-25   86.2   8.5   4   4   7.3e-14   2.7e-12   45.5   0.1    16   105   446   535   438   542 0.94 -
TRINITY_DN4118_c0_g1_i2:107-415     -            103 564286at33208        -            121   2.9e-21   74.4   0.0   1   1   8.8e-23   3.2e-21   74.3   0.0    30   117     3    90     1    94 0.95 -
TRINITY_DN4118_c0_g1_i6:107-415     -            103 564286at33208        -            121   2.9e-21   74.4   0.0   1   1   8.8e-23   3.2e-21   74.3   0.0    30   117     3    90     1    94 0.95 -
TRINITY_DN4118_c0_g1_i7:107-415     -            103 564286at33208        -            121   2.9e-21   74.4   0.0   1   1   8.8e-23   3.2e-21   74.3   0.0    30   117     3    90     1    94 0.95 -
TRINITY_DN4118_c0_g1_i8:107-415     -            103 564286at33208        -            121   2.9e-21   74.4   0.0   1   1   8.8e-23   3.2e-21   74.3   0.0    30   117     3    90     1    94 0.95 -
TRINITY_DN1727_c0_g1_i4:2383-2844   -            154 564286at33208        -            121   9.9e-21   72.7   0.0   1   2   1.4e-17     5e-16   57.5   0.0    32   106     5    79     1    95 0.92 -
TRINITY_DN1727_c0_g1_i4:2383-2844   -            154 564286at33208        -            121   9.9e-21   72.7   0.0   2   2   0.00053     0.019   13.7   0.0    31    62   122   153    96   154 0.88 -
TRINITY_DN1727_c0_g1_i12:2382-2843  -            154 564286at33208        -            121   1.6e-20   72.0   0.0   1   2   1.4e-17     5e-16   57.5   0.0    32   106     5    79     1    95 0.92 -
TRINITY_DN1727_c0_g1_i12:2382-2843  -            154 564286at33208        -            121   1.6e-20   72.0   0.0   2   2   0.00087     0.032   13.0   0.0    31    61   122   152    96   154 0.87 -
TRINITY_DN1727_c0_g1_i6:2382-2870   -            163 564286at33208        -            121   5.6e-20   70.3   0.0   1   2   7.7e-17   2.8e-15   55.1   0.0    32   103     5    76     1    92 0.93 -
TRINITY_DN1727_c0_g1_i6:2382-2870   -            163 564286at33208        -            121   5.6e-20   70.3   0.0   2   2   0.00057     0.021   13.6   0.0    31    62   131   162   104   163 0.88 -
TRINITY_DN2081_c0_g1_i9:276-2531    -            752 564286at33208        -            121   1.4e-19   69.0   6.2   1   3     0.081       2.9    6.7   0.1    52   100    27    72     3    91 0.72 -
TRINITY_DN2081_c0_g1_i9:276-2531    -            752 564286at33208        -            121   1.4e-19   69.0   6.2   2   3   3.6e-05    0.0013   17.5   0.2    32   109    96   175    69   186 0.80 -
TRINITY_DN2081_c0_g1_i9:276-2531    -            752 564286at33208        -            121   1.4e-19   69.0   6.2   3   3   5.5e-14     2e-12   45.9   0.1    16   105   290   379   282   387 0.94 -
TRINITY_DN2081_c0_g1_i7:276-2531    -            752 564286at33208        -            121   1.4e-19   69.0   6.2   1   3     0.081       2.9    6.7   0.1    52   100    27    72     3    91 0.72 -
TRINITY_DN2081_c0_g1_i7:276-2531    -            752 564286at33208        -            121   1.4e-19   69.0   6.2   2   3   3.6e-05    0.0013   17.5   0.2    32   109    96   175    69   186 0.80 -
TRINITY_DN2081_c0_g1_i7:276-2531    -            752 564286at33208        -            121   1.4e-19   69.0   6.2   3   3   5.5e-14     2e-12   45.9   0.1    16   105   290   379   282   387 0.94 -
TRINITY_DN2081_c0_g1_i1:276-2531    -            752 564286at33208        -            121   1.4e-19   69.0   6.2   1   3     0.081       2.9    6.7   0.1    52   100    27    72     3    91 0.72 -
TRINITY_DN2081_c0_g1_i1:276-2531    -            752 564286at33208        -            121   1.4e-19   69.0   6.2   2   3   3.6e-05    0.0013   17.5   0.2    32   109    96   175    69   186 0.80 -
TRINITY_DN2081_c0_g1_i1:276-2531    -            752 564286at33208        -            121   1.4e-19   69.0   6.2   3   3   5.5e-14     2e-12   45.9   0.1    16   105   290   379   282   387 0.94 -
TRINITY_DN21466_c0_g1_i1:299-790    -            164 564286at33208        -            121   1.7e-18   65.5   0.4   1   2   2.4e-06   8.7e-05   21.3   0.1    43    98    17    72     8    97 0.87 -
TRINITY_DN21466_c0_g1_i1:299-790    -            164 564286at33208        -            121   1.7e-18   65.5   0.4   2   2   4.1e-13   1.5e-11   43.1   0.1    37    92   107   162    79   164 0.89 -
TRINITY_DN2457_c4_g2_i10:1684-1932  -             83 564286at33208        -            121   6.7e-18   63.6   0.1   1   1   2.1e-19   7.5e-18   63.4   0.1    34   110     1    76     1    82 0.95 -
TRINITY_DN2457_c4_g2_i13:1725-1973  -             83 564286at33208        -            121   6.7e-18   63.6   0.1   1   1   2.1e-19   7.5e-18   63.4   0.1    34   110     1    76     1    82 0.95 -
TRINITY_DN2457_c4_g2_i14:516-764    -             83 564286at33208        -            121   6.7e-18   63.6   0.1   1   1   2.1e-19   7.5e-18   63.4   0.1    34   110     1    76     1    82 0.95 -
TRINITY_DN2457_c4_g2_i18:1341-1589  -             83 564286at33208        -            121   6.7e-18   63.6   0.1   1   1   2.1e-19   7.5e-18   63.4   0.1    34   110     1    76     1    82 0.95 -
TRINITY_DN2457_c4_g2_i1:142-390     -             83 564286at33208        -            121   6.7e-18   63.6   0.1   1   1   2.1e-19   7.5e-18   63.4   0.1    34   110     1    76     1    82 0.95 -
TRINITY_DN2457_c4_g2_i5:125-373     -             83 564286at33208        -            121   6.7e-18   63.6   0.1   1   1   2.1e-19   7.5e-18   63.4   0.1    34   110     1    76     1    82 0.95 -
TRINITY_DN2457_c4_g2_i6:1353-1601   -             83 564286at33208        -            121   6.7e-18   63.6   0.1   1   1   2.1e-19   7.5e-18   63.4   0.1    34   110     1    76     1    82 0.95 -
TRINITY_DN2457_c4_g2_i8:1726-1974   -             83 564286at33208        -            121   6.7e-18   63.6   0.1   1   1   2.1e-19   7.5e-18   63.4   0.1    34   110     1    76     1    82 0.95 -
TRINITY_DN883_c0_g1_i5:921-1313     -            131 564286at33208        -            121   8.3e-18   63.3   0.1   1   2   2.2e-12     8e-11   40.8   0.1    55   117     2    64     1    66 0.93 -
TRINITY_DN883_c0_g1_i5:921-1313     -            131 564286at33208        -            121   8.3e-18   63.3   0.1   2   2   1.1e-06   4.1e-05   22.3   0.0    31    97    64   130    60   131 0.93 -
TRINITY_DN3778_c0_g1_i2:1162-1584   -            141 564286at33208        -            121   1.6e-17   62.4   0.0   1   2   1.4e-13   5.1e-12   44.6   0.0    28   101     4    76     1    91 0.83 -
TRINITY_DN3778_c0_g1_i2:1162-1584   -            141 564286at33208        -            121   1.6e-17   62.4   0.0   2   2     9e-05    0.0033   16.2   0.0    16    61    94   139    88   140 0.87 -
TRINITY_DN3778_c0_g1_i3:1120-1542   -            141 564286at33208        -            121   1.6e-17   62.4   0.0   1   2   1.4e-13   5.1e-12   44.6   0.0    28   101     4    76     1    91 0.83 -
TRINITY_DN3778_c0_g1_i3:1120-1542   -            141 564286at33208        -            121   1.6e-17   62.4   0.0   2   2     9e-05    0.0033   16.2   0.0    16    61    94   139    88   140 0.87 -
TRINITY_DN29752_c0_g1_i10:1154-1558 -            135 564286at33208        -            121   1.7e-17   62.3   0.3   1   2   3.6e-12   1.3e-10   40.1   0.1    20    80     6    66     3    83 0.91 -
TRINITY_DN29752_c0_g1_i10:1154-1558 -            135 564286at33208        -            121   1.7e-17   62.3   0.3   2   2   3.8e-06   0.00014   20.6   0.0    29    58   102   131    96   134 0.92 -
TRINITY_DN29752_c0_g1_i11:1450-1854 -            135 564286at33208        -            121   1.7e-17   62.3   0.3   1   2   3.6e-12   1.3e-10   40.1   0.1    20    80     6    66     3    83 0.91 -
TRINITY_DN29752_c0_g1_i11:1450-1854 -            135 564286at33208        -            121   1.7e-17   62.3   0.3   2   2   3.8e-06   0.00014   20.6   0.0    29    58   102   131    96   134 0.92 -
TRINITY_DN29752_c0_g1_i17:1378-1782 -            135 564286at33208        -            121   1.7e-17   62.3   0.3   1   2   3.6e-12   1.3e-10   40.1   0.1    20    80     6    66     3    83 0.91 -
TRINITY_DN29752_c0_g1_i17:1378-1782 -            135 564286at33208        -            121   1.7e-17   62.3   0.3   2   2   3.8e-06   0.00014   20.6   0.0    29    58   102   131    96   134 0.92 -
TRINITY_DN9310_c0_g1_i1:112-333     -             74 564286at33208        -            121   4.7e-17   60.9   0.1   1   1   1.4e-18   5.2e-17   60.7   0.1    33   106     1    74     1    74 0.99 -
TRINITY_DN38314_c0_g1_i1:461-706    -             82 564286at33208        -            121   1.1e-16   59.7   0.1   1   1   3.5e-18   1.3e-16   59.5   0.1    29   103     3    77     1    81 0.97 -
TRINITY_DN7027_c0_g1_i10:992-1213   -             74 564286at33208        -            121   1.2e-16   59.6   0.0   1   1   3.5e-18   1.3e-16   59.5   0.0    33   106     1    74     1    74 0.99 -
TRINITY_DN7027_c0_g1_i15:1509-1730  -             74 564286at33208        -            121   1.2e-16   59.6   0.0   1   1   3.5e-18   1.3e-16   59.5   0.0    33   106     1    74     1    74 0.99 -
TRINITY_DN7027_c0_g1_i2:1775-1996   -             74 564286at33208        -            121   1.2e-16   59.6   0.0   1   1   3.5e-18   1.3e-16   59.5   0.0    33   106     1    74     1    74 0.99 -
TRINITY_DN2654_c0_g1_i1:167-547     -            127 564286at33208        -            121   1.5e-16   59.3   0.1   1   2     4e-13   1.5e-11   43.1   0.0    30   120     9    98     4    99 0.87 -
TRINITY_DN2654_c0_g1_i1:167-547     -            127 564286at33208        -            121   1.5e-16   59.3   0.1   2   2   0.00013    0.0048   15.6   0.0    31    59    98   126    93   127 0.90 -
TRINITY_DN2654_c0_g1_i6:167-547     -            127 564286at33208        -            121   1.5e-16   59.3   0.1   1   2     4e-13   1.5e-11   43.1   0.0    30   120     9    98     4    99 0.87 -
TRINITY_DN2654_c0_g1_i6:167-547     -            127 564286at33208        -            121   1.5e-16   59.3   0.1   2   2   0.00013    0.0048   15.6   0.0    31    59    98   126    93   127 0.90 -
TRINITY_DN2654_c0_g1_i8:167-547     -            127 564286at33208        -            121   1.5e-16   59.3   0.1   1   2     4e-13   1.5e-11   43.1   0.0    30   120     9    98     4    99 0.87 -
TRINITY_DN2654_c0_g1_i8:167-547     -            127 564286at33208        -            121   1.5e-16   59.3   0.1   2   2   0.00013    0.0048   15.6   0.0    31    59    98   126    93   127 0.90 -
TRINITY_DN3650_c0_g1_i1:443-1138    -            232 564286at33208        -            121     3e-16   58.3   0.3   1   1   1.6e-17   5.7e-16   57.4   0.3    32   108    11    87     7   101 0.93 -
TRINITY_DN36654_c0_g1_i2:663-1106   -            148 564286at33208        -            121   3.2e-16   58.2   0.0   1   2   3.3e-12   1.2e-10   40.2   0.0    35   108     3    76     1    85 0.93 -
TRINITY_DN36654_c0_g1_i2:663-1106   -            148 564286at33208        -            121   3.2e-16   58.2   0.0   2   2   5.7e-05    0.0021   16.8   0.0    29    94    83   147    78   148 0.91 -
TRINITY_DN522_c0_g1_i11:116-367     -             84 564286at33208        -            121   6.5e-16   57.2   0.0   1   1   2.1e-17   7.8e-16   56.9   0.0    29   103     5    79     2    83 0.96 -
TRINITY_DN522_c0_g1_i8:116-367      -             84 564286at33208        -            121   6.5e-16   57.2   0.0   1   1   2.1e-17   7.8e-16   56.9   0.0    29   103     5    79     2    83 0.96 -
TRINITY_DN4599_c0_g1_i10:3341-3613  -             91 564286at33208        -            121   7.3e-16   57.0   0.0   1   1     2e-17   7.4e-16   57.0   0.0    26   111     3    88     1    91 0.91 -
TRINITY_DN4599_c0_g1_i1:3035-3307   -             91 564286at33208        -            121   7.3e-16   57.0   0.0   1   1     2e-17   7.4e-16   57.0   0.0    26   111     3    88     1    91 0.91 -
TRINITY_DN4599_c0_g1_i3:3032-3304   -             91 564286at33208        -            121   7.3e-16   57.0   0.0   1   1     2e-17   7.4e-16   57.0   0.0    26   111     3    88     1    91 0.91 -
TRINITY_DN16080_c0_g1_i1:149-382    -             78 564286at33208        -            121   1.5e-15   56.0   0.0   1   1   4.3e-17   1.5e-15   56.0   0.0    29   103     4    78     1    78 0.97 -
TRINITY_DN16080_c0_g1_i2:126-359    -             78 564286at33208        -            121   1.5e-15   56.0   0.0   1   1   4.3e-17   1.5e-15   56.0   0.0    29   103     4    78     1    78 0.97 -
TRINITY_DN250_c0_g1_i12:71-322      -             84 564286at33208        -            121   4.6e-15   54.4   0.1   1   1   1.3e-16   4.9e-15   54.4   0.1    29   108     3    82     1    84 0.96 -
TRINITY_DN1186_c1_g1_i1:488-772     -             95 564286at33208        -            121   6.8e-15   53.9   0.0   1   1   2.2e-16     8e-15   53.7   0.0    33   107     1    75     1    88 0.95 -
TRINITY_DN1186_c1_g1_i2:488-772     -             95 564286at33208        -            121   6.8e-15   53.9   0.0   1   1   2.2e-16     8e-15   53.7   0.0    33   107     1    75     1    88 0.95 -
TRINITY_DN5249_c0_g1_i1:1395-1640   -             82 564286at33208        -            121   6.9e-15   53.9   0.1   1   1     2e-16   7.2e-15   53.8   0.1    32    94     2    64     1    81 0.87 -
TRINITY_DN250_c0_g1_i1:26-259       -             78 564286at33208        -            121   7.6e-15   53.7   0.0   1   1   2.2e-16     8e-15   53.7   0.0    34   108     2    76     1    78 0.96 -
TRINITY_DN250_c0_g1_i20:26-259      -             78 564286at33208        -            121   7.6e-15   53.7   0.0   1   1   2.2e-16     8e-15   53.7   0.0    34   108     2    76     1    78 0.96 -
TRINITY_DN250_c0_g1_i21:26-259      -             78 564286at33208        -            121   7.6e-15   53.7   0.0   1   1   2.2e-16     8e-15   53.7   0.0    34   108     2    76     1    78 0.96 -
TRINITY_DN522_c0_g1_i13:36-287      -             84 564286at33208        -            121   8.1e-15   53.7   0.0   1   1   2.3e-16   8.4e-15   53.6   0.0    24   103     5    84     1    84 0.95 -
TRINITY_DN522_c0_g1_i1:36-287       -             84 564286at33208        -            121   8.1e-15   53.7   0.0   1   1   2.3e-16   8.4e-15   53.6   0.0    24   103     5    84     1    84 0.95 -
TRINITY_DN417_c0_g1_i6:429-767      -            113 564286at33208        -            121   8.2e-15   53.6   0.0   1   2      0.01      0.37    9.6   0.0    87   112     6    31     2    36 0.86 -
TRINITY_DN417_c0_g1_i6:429-767      -            113 564286at33208        -            121   8.2e-15   53.6   0.0   2   2   7.6e-14   2.8e-12   45.5   0.0    20   105    26   112    24   113 0.90 -
TRINITY_DN417_c0_g1_i7:429-767      -            113 564286at33208        -            121   8.2e-15   53.6   0.0   1   2      0.01      0.37    9.6   0.0    87   112     6    31     2    36 0.86 -
TRINITY_DN417_c0_g1_i7:429-767      -            113 564286at33208        -            121   8.2e-15   53.6   0.0   2   2   7.6e-14   2.8e-12   45.5   0.0    20   105    26   112    24   113 0.90 -
TRINITY_DN417_c0_g1_i9:429-767      -            113 564286at33208        -            121   8.2e-15   53.6   0.0   1   2      0.01      0.37    9.6   0.0    87   112     6    31     2    36 0.86 -
TRINITY_DN417_c0_g1_i9:429-767      -            113 564286at33208        -            121   8.2e-15   53.6   0.0   2   2   7.6e-14   2.8e-12   45.5   0.0    20   105    26   112    24   113 0.90 -
TRINITY_DN417_c0_g1_i2:38-373       -            112 564286at33208        -            121   8.5e-15   53.6   0.0   1   2     0.012      0.45    9.3   0.1    87   112     5    30     2    33 0.86 -
TRINITY_DN417_c0_g1_i2:38-373       -            112 564286at33208        -            121   8.5e-15   53.6   0.0   2   2   7.4e-14   2.7e-12   45.5   0.0    20   105    25   111    23   112 0.90 -
TRINITY_DN11130_c0_g1_i33:853-1179  -            109 564286at33208        -            121   9.6e-15   53.4   0.0   1   1   3.1e-16   1.1e-14   53.2   0.0    33   111     2    80     1    92 0.95 -
TRINITY_DN11130_c0_g1_i57:884-1210  -            109 564286at33208        -            121   9.6e-15   53.4   0.0   1   1   3.1e-16   1.1e-14   53.2   0.0    33   111     2    80     1    92 0.95 -
TRINITY_DN250_c0_g1_i10:71-316      -             82 564286at33208        -            121   1.4e-14   52.9   0.0   1   1   3.9e-16   1.4e-14   52.9   0.0    29   104     3    78     1    82 0.96 -
TRINITY_DN250_c0_g1_i17:71-316      -             82 564286at33208        -            121   1.4e-14   52.9   0.0   1   1   3.9e-16   1.4e-14   52.9   0.0    29   104     3    78     1    82 0.96 -
TRINITY_DN250_c0_g1_i18:71-316      -             82 564286at33208        -            121   1.4e-14   52.9   0.0   1   1   3.9e-16   1.4e-14   52.9   0.0    29   104     3    78     1    82 0.96 -
TRINITY_DN250_c0_g1_i19:71-316      -             82 564286at33208        -            121   1.4e-14   52.9   0.0   1   1   3.9e-16   1.4e-14   52.9   0.0    29   104     3    78     1    82 0.96 -
TRINITY_DN250_c0_g1_i23:71-316      -             82 564286at33208        -            121   1.4e-14   52.9   0.0   1   1   3.9e-16   1.4e-14   52.9   0.0    29   104     3    78     1    82 0.96 -
TRINITY_DN250_c0_g1_i25:71-316      -             82 564286at33208        -            121   1.4e-14   52.9   0.0   1   1   3.9e-16   1.4e-14   52.9   0.0    29   104     3    78     1    82 0.96 -
TRINITY_DN250_c0_g1_i2:71-316       -             82 564286at33208        -            121   1.4e-14   52.9   0.0   1   1   3.9e-16   1.4e-14   52.9   0.0    29   104     3    78     1    82 0.96 -
TRINITY_DN250_c0_g1_i8:71-316       -             82 564286at33208        -            121   1.4e-14   52.9   0.0   1   1   3.9e-16   1.4e-14   52.9   0.0    29   104     3    78     1    82 0.96 -
TRINITY_DN2570_c0_g1_i1:795-1124    -            110 564286at33208        -            121   2.3e-14   52.2   0.0   1   1   6.6e-16   2.4e-14   52.1   0.0    26   104    32   110     2   110 0.94 -
TRINITY_DN2570_c0_g1_i2:782-1111    -            110 564286at33208        -            121   2.3e-14   52.2   0.0   1   1   6.6e-16   2.4e-14   52.1   0.0    26   104    32   110     2   110 0.94 -
TRINITY_DN2570_c0_g1_i3:2301-2630   -            110 564286at33208        -            121   2.3e-14   52.2   0.0   1   1   6.6e-16   2.4e-14   52.1   0.0    26   104    32   110     2   110 0.94 -
TRINITY_DN2570_c0_g1_i4:82-411      -            110 564286at33208        -            121   2.3e-14   52.2   0.0   1   1   6.6e-16   2.4e-14   52.1   0.0    26   104    32   110     2   110 0.94 -
TRINITY_DN2570_c0_g1_i5:1645-1974   -            110 564286at33208        -            121   2.3e-14   52.2   0.0   1   1   6.6e-16   2.4e-14   52.1   0.0    26   104    32   110     2   110 0.94 -
TRINITY_DN2570_c0_g1_i7:48-377      -            110 564286at33208        -            121   2.3e-14   52.2   0.0   1   1   6.6e-16   2.4e-14   52.1   0.0    26   104    32   110     2   110 0.94 -
TRINITY_DN2570_c0_g1_i8:795-1124    -            110 564286at33208        -            121   2.3e-14   52.2   0.0   1   1   6.6e-16   2.4e-14   52.1   0.0    26   104    32   110     2   110 0.94 -
TRINITY_DN25330_c0_g1_i2:321-677    -            119 564286at33208        -            121   2.9e-14   51.9   0.1   1   1     1e-15   3.7e-14   51.5   0.1    31   106     9    83     4    97 0.82 -
TRINITY_DN4396_c0_g1_i3:662-883     -             74 564286at33208        -            121   2.9e-14   51.9   0.0   1   1   8.4e-16   3.1e-14   51.8   0.0    32   104     3    74     1    74 0.97 -
TRINITY_DN4396_c0_g1_i4:659-880     -             74 564286at33208        -            121   2.9e-14   51.9   0.0   1   1   8.4e-16   3.1e-14   51.8   0.0    32   104     3    74     1    74 0.97 -
TRINITY_DN4396_c0_g1_i7:662-883     -             74 564286at33208        -            121   2.9e-14   51.9   0.0   1   1   8.4e-16   3.1e-14   51.8   0.0    32   104     3    74     1    74 0.97 -
TRINITY_DN27189_c0_g1_i1:139-369    -             77 564286at33208        -            121     3e-14   51.8   0.0   1   1   8.6e-16   3.1e-14   51.8   0.0    33   105     1    73     1    77 0.96 -
TRINITY_DN883_c0_g1_i6:508-819      -            104 564286at33208        -            121   3.7e-14   51.5   0.2   1   2   1.9e-12   6.8e-11   41.0   0.1    57   117     3    63     1    65 0.93 -
TRINITY_DN883_c0_g1_i6:508-819      -            104 564286at33208        -            121   3.7e-14   51.5   0.2   2   2    0.0048      0.17   10.6   0.0    31    65    63    97    58   104 0.82 -
TRINITY_DN522_c0_g1_i12:128-343     -             72 564286at33208        -            121   3.7e-14   51.5   0.0   1   1   1.1e-15     4e-14   51.4   0.0    30   100     2    72     1    72 0.97 -
TRINITY_DN522_c0_g1_i14:128-343     -             72 564286at33208        -            121   3.7e-14   51.5   0.0   1   1   1.1e-15     4e-14   51.4   0.0    30   100     2    72     1    72 0.97 -
TRINITY_DN522_c0_g1_i15:128-343     -             72 564286at33208        -            121   3.7e-14   51.5   0.0   1   1   1.1e-15     4e-14   51.4   0.0    30   100     2    72     1    72 0.97 -
TRINITY_DN522_c0_g1_i2:128-343      -             72 564286at33208        -            121   3.7e-14   51.5   0.0   1   1   1.1e-15     4e-14   51.4   0.0    30   100     2    72     1    72 0.97 -
TRINITY_DN250_c0_g1_i11:26-235      -             70 564286at33208        -            121   6.1e-14   50.8   0.0   1   1   1.8e-15   6.5e-14   50.7   0.0    34   102     2    70     1    70 0.98 -
TRINITY_DN195229_c0_g1_i1:112-486   -            125 564286at33208        -            121   6.6e-14   50.7   0.0   1   2   1.8e-10   6.5e-09   34.6   0.0    30    88     4    62     1    79 0.89 -
TRINITY_DN195229_c0_g1_i1:112-486   -            125 564286at33208        -            121   6.6e-14   50.7   0.0   2   2   0.00025     0.009   14.8   0.0    29    58    93   122    72   125 0.84 -
TRINITY_DN2081_c0_g1_i5:56-1225     -            390 564286at33208        -            121   8.1e-14   50.4   2.2   1   3   2.5e-06   9.2e-05   21.2   0.0    29   109     9    88     3   101 0.78 -
TRINITY_DN2081_c0_g1_i5:56-1225     -            390 564286at33208        -            121   8.1e-14   50.4   2.2   2   3     0.015      0.56    9.0   0.1    32   100   169   234   148   256 0.74 -
TRINITY_DN2081_c0_g1_i5:56-1225     -            390 564286at33208        -            121   8.1e-14   50.4   2.2   3   3   1.2e-05   0.00043   19.0   0.2    32   110   258   338   231   349 0.80 -
TRINITY_DN18949_c0_g1_i1:716-1000   -             95 564286at33208        -            121   1.8e-13   49.3   0.0   1   1   5.3e-15   1.9e-13   49.2   0.0    31   103    22    94     7    95 0.93 -
TRINITY_DN18949_c0_g1_i2:716-1000   -             95 564286at33208        -            121   1.8e-13   49.3   0.0   1   1   5.3e-15   1.9e-13   49.2   0.0    31   103    22    94     7    95 0.93 -
TRINITY_DN18949_c0_g1_i3:743-1027   -             95 564286at33208        -            121   1.8e-13   49.3   0.0   1   1   5.3e-15   1.9e-13   49.2   0.0    31   103    22    94     7    95 0.93 -
TRINITY_DN18949_c0_g1_i5:239-523    -             95 564286at33208        -            121   1.8e-13   49.3   0.0   1   1   5.3e-15   1.9e-13   49.2   0.0    31   103    22    94     7    95 0.93 -
TRINITY_DN190021_c0_g1_i1:192-443   -             84 564286at33208        -            121   1.6e-12   46.3   0.1   1   1   4.7e-14   1.7e-12   46.1   0.1    32   107     5    79     1    83 0.90 -
TRINITY_DN1770_c0_g1_i10:2460-2747  -             96 564286at33208        -            121   1.8e-12   46.1   0.0   1   1   5.3e-14   1.9e-12   46.0   0.0    33   118     4    88     1    91 0.90 -
TRINITY_DN1770_c0_g1_i1:2460-2747   -             96 564286at33208        -            121   1.8e-12   46.1   0.0   1   1   5.3e-14   1.9e-12   46.0   0.0    33   118     4    88     1    91 0.90 -
TRINITY_DN1770_c0_g1_i8:2460-2747   -             96 564286at33208        -            121   1.8e-12   46.1   0.0   1   1   5.3e-14   1.9e-12   46.0   0.0    33   118     4    88     1    91 0.90 -
TRINITY_DN3778_c0_g1_i4:102-335     -             78 564286at33208        -            121   1.8e-12   46.1   0.0   1   1   5.2e-14   1.9e-12   46.0   0.0    28    85     4    61     1    77 0.86 -
TRINITY_DN12177_c0_g1_i1:581-862    -             94 564286at33208        -            121   4.6e-12   44.7   0.0   1   1   1.3e-13   4.6e-12   44.7   0.0    31   111     8    88     1    94 0.91 -
TRINITY_DN12177_c0_g1_i1:932-1234   -            101 564286at33208        -            121   4.9e-12   44.7   0.0   1   1   1.4e-13   5.2e-12   44.6   0.0    30   111    14    95     5   101 0.90 -
TRINITY_DN15691_c0_g1_i10:523-813   -             97 564286at33208        -            121   6.1e-12   44.4   0.0   1   1     2e-13   7.3e-12   44.1   0.0    37   105    27    95    21    97 0.93 -
TRINITY_DN15691_c0_g1_i3:523-813    -             97 564286at33208        -            121   6.1e-12   44.4   0.0   1   1     2e-13   7.3e-12   44.1   0.0    37   105    27    95    21    97 0.93 -
TRINITY_DN15691_c0_g1_i4:523-813    -             97 564286at33208        -            121   6.1e-12   44.4   0.0   1   1     2e-13   7.3e-12   44.1   0.0    37   105    27    95    21    97 0.93 -
TRINITY_DN15691_c0_g1_i8:225-515    -             97 564286at33208        -            121   6.1e-12   44.4   0.0   1   1     2e-13   7.3e-12   44.1   0.0    37   105    27    95    21    97 0.93 -
TRINITY_DN15691_c0_g1_i9:942-1232   -             97 564286at33208        -            121   6.1e-12   44.4   0.0   1   1     2e-13   7.3e-12   44.1   0.0    37   105    27    95    21    97 0.93 -
TRINITY_DN1419_c0_g1_i1:1086-1322   -             79 564286at33208        -            121   1.4e-11   43.2   0.0   1   1   4.1e-13   1.5e-11   43.1   0.0    30   106     1    77     1    79 0.97 -
TRINITY_DN138_c0_g1_i1:274-537      -             88 564286at33208        -            121   1.5e-11   43.1   0.0   1   1   4.8e-13   1.7e-11   42.9   0.0    35   105    16    86    10    88 0.95 -
TRINITY_DN138_c0_g1_i6:262-525      -             88 564286at33208        -            121   1.5e-11   43.1   0.0   1   1   4.8e-13   1.7e-11   42.9   0.0    35   105    16    86    10    88 0.95 -
TRINITY_DN384_c0_g1_i1:193-792      -            200 564286at33208        -            121     3e-11   42.1   0.0   1   1   1.1e-12   4.1e-11   41.7   0.0    31   106    70   145    41   154 0.92 -
TRINITY_DN384_c0_g1_i3:193-792      -            200 564286at33208        -            121     3e-11   42.1   0.0   1   1   1.1e-12   4.1e-11   41.7   0.0    31   106    70   145    41   154 0.92 -
TRINITY_DN384_c0_g1_i9:193-792      -            200 564286at33208        -            121     3e-11   42.1   0.0   1   1   1.1e-12   4.1e-11   41.7   0.0    31   106    70   145    41   154 0.92 -
TRINITY_DN522_c0_g1_i10:36-215      -             60 564286at33208        -            121   5.5e-11   41.3   0.0   1   1   1.5e-12   5.6e-11   41.3   0.0    24    79     5    60     1    60 0.94 -
TRINITY_DN138_c0_g1_i8:520-795      -             92 564286at33208        -            121   7.4e-11   40.9   0.0   1   1   2.3e-12   8.4e-11   40.7   0.0    35   105    20    90    14    92 0.94 -
TRINITY_DN143081_c0_g1_i1:30-380    -            117 564286at33208        -            121   1.2e-10   40.2   0.0   1   2     5e-07   1.8e-05   23.5   0.0    37    81     1    45     1    76 0.91 -
TRINITY_DN143081_c0_g1_i1:30-380    -            117 564286at33208        -            121   1.2e-10   40.2   0.0   2   2   0.00016    0.0058   15.4   0.0    31    58    89   116    75   117 0.87 -
TRINITY_DN1446_c0_g1_i13:416-658    -             81 564286at33208        -            121   1.8e-10   39.6   0.0   1   1   5.5e-12     2e-10   39.5   0.0    36   106    10    80     5    81 0.96 -
TRINITY_DN1446_c0_g1_i16:416-658    -             81 564286at33208        -            121   1.8e-10   39.6   0.0   1   1   5.5e-12     2e-10   39.5   0.0    36   106    10    80     5    81 0.96 -
TRINITY_DN1446_c0_g1_i17:416-658    -             81 564286at33208        -            121   1.8e-10   39.6   0.0   1   1   5.5e-12     2e-10   39.5   0.0    36   106    10    80     5    81 0.96 -
TRINITY_DN1446_c0_g1_i3:416-658     -             81 564286at33208        -            121   1.8e-10   39.6   0.0   1   1   5.5e-12     2e-10   39.5   0.0    36   106    10    80     5    81 0.96 -
TRINITY_DN1446_c0_g1_i4:416-658     -             81 564286at33208        -            121   1.8e-10   39.6   0.0   1   1   5.5e-12     2e-10   39.5   0.0    36   106    10    80     5    81 0.96 -
TRINITY_DN1446_c0_g1_i6:416-658     -             81 564286at33208        -            121   1.8e-10   39.6   0.0   1   1   5.5e-12     2e-10   39.5   0.0    36   106    10    80     5    81 0.96 -
TRINITY_DN1446_c0_g1_i8:416-658     -             81 564286at33208        -            121   1.8e-10   39.6   0.0   1   1   5.5e-12     2e-10   39.5   0.0    36   106    10    80     5    81 0.96 -
TRINITY_DN3816_c0_g1_i2:215-565     -            117 564286at33208        -            121   2.6e-10   39.1   0.0   1   2     2e-09   7.3e-08   31.2   0.0    33    94     2    63     1    85 0.92 -
TRINITY_DN3816_c0_g1_i2:215-565     -            117 564286at33208        -            121   2.6e-10   39.1   0.0   2   2     0.082         3    6.6   0.0    29    59    86   116    72   117 0.88 -
TRINITY_DN3816_c0_g1_i3:215-565     -            117 564286at33208        -            121   2.6e-10   39.1   0.0   1   2     2e-09   7.3e-08   31.2   0.0    33    94     2    63     1    85 0.92 -
TRINITY_DN3816_c0_g1_i3:215-565     -            117 564286at33208        -            121   2.6e-10   39.1   0.0   2   2     0.082         3    6.6   0.0    29    59    86   116    72   117 0.88 -
TRINITY_DN3816_c0_g1_i4:215-565     -            117 564286at33208        -            121   2.6e-10   39.1   0.0   1   2     2e-09   7.3e-08   31.2   0.0    33    94     2    63     1    85 0.92 -
TRINITY_DN3816_c0_g1_i4:215-565     -            117 564286at33208        -            121   2.6e-10   39.1   0.0   2   2     0.082         3    6.6   0.0    29    59    86   116    72   117 0.88 -
TRINITY_DN3816_c0_g1_i5:215-565     -            117 564286at33208        -            121   2.6e-10   39.1   0.0   1   2     2e-09   7.3e-08   31.2   0.0    33    94     2    63     1    85 0.92 -
TRINITY_DN3816_c0_g1_i5:215-565     -            117 564286at33208        -            121   2.6e-10   39.1   0.0   2   2     0.082         3    6.6   0.0    29    59    86   116    72   117 0.88 -
TRINITY_DN143385_c0_g1_i1:23-241    -             73 564286at33208        -            121   3.3e-10   38.7   0.0   1   1   9.7e-12   3.5e-10   38.7   0.0    31    81    18    68     3    72 0.91 -
TRINITY_DN1563_c0_g1_i1:721-1002    -             94 564286at33208        -            121   5.1e-10   38.1   0.2   1   1   1.6e-11   5.7e-10   38.0   0.2    33   105     1    71     1    81 0.88 -
TRINITY_DN1563_c0_g1_i2:721-1002    -             94 564286at33208        -            121   5.1e-10   38.1   0.2   1   1   1.6e-11   5.7e-10   38.0   0.2    33   105     1    71     1    81 0.88 -
TRINITY_DN1563_c0_g1_i4:721-1002    -             94 564286at33208        -            121   5.1e-10   38.1   0.2   1   1   1.6e-11   5.7e-10   38.0   0.2    33   105     1    71     1    81 0.88 -
TRINITY_DN12143_c0_g1_i4:589-834    -             82 564286at33208        -            121   8.9e-10   37.4   0.1   1   1   2.6e-11   9.3e-10   37.3   0.1    31    90     5    64     1    80 0.85 -
TRINITY_DN17872_c0_g1_i1:1373-1738  -            122 564286at33208        -            121     1e-09   37.2   0.3   1   2     1e-08   3.7e-07   28.9   0.0    33   102     1    70     1    81 0.89 -
TRINITY_DN17872_c0_g1_i1:1373-1738  -            122 564286at33208        -            121     1e-09   37.2   0.3   2   2     0.043       1.6    7.5   0.1    29    73    77   121    71   122 0.91 -
TRINITY_DN17872_c0_g1_i4:2027-2392  -            122 564286at33208        -            121     1e-09   37.2   0.3   1   2     1e-08   3.7e-07   28.9   0.0    33   102     1    70     1    81 0.89 -
TRINITY_DN17872_c0_g1_i4:2027-2392  -            122 564286at33208        -            121     1e-09   37.2   0.3   2   2     0.043       1.6    7.5   0.1    29    73    77   121    71   122 0.91 -
TRINITY_DN17872_c0_g1_i5:269-634    -            122 564286at33208        -            121     1e-09   37.2   0.3   1   2     1e-08   3.7e-07   28.9   0.0    33   102     1    70     1    81 0.89 -
TRINITY_DN17872_c0_g1_i5:269-634    -            122 564286at33208        -            121     1e-09   37.2   0.3   2   2     0.043       1.6    7.5   0.1    29    73    77   121    71   122 0.91 -
TRINITY_DN69591_c0_g1_i1:1-237      -             79 564286at33208        -            121   1.1e-09   37.0   0.1   1   1   3.5e-11   1.3e-09   36.9   0.1    32    83     2    53     1    66 0.93 -
TRINITY_DN5401_c0_g1_i1:37-285      -             83 564286at33208        -            121   1.2e-09   37.0   0.0   1   1   3.5e-11   1.3e-09   36.9   0.0    21    96     7    82     2    83 0.91 -
TRINITY_DN5401_c0_g1_i3:37-285      -             83 564286at33208        -            121   1.2e-09   37.0   0.0   1   1   3.5e-11   1.3e-09   36.9   0.0    21    96     7    82     2    83 0.91 -
TRINITY_DN67501_c0_g1_i1:110-703    -            198 564286at33208        -            121   1.4e-09   36.8   0.3   1   2         5   1.8e+02    0.9   0.1    56    72     7    23     3    63 0.66 -
TRINITY_DN67501_c0_g1_i1:110-703    -            198 564286at33208        -            121   1.4e-09   36.8   0.3   2   2   5.4e-10     2e-08   33.0   0.0    32   106   122   196   112   198 0.92 -
TRINITY_DN13748_c0_g2_i1:506-1027   -            174 564286at33208        -            121   1.5e-09   36.7   0.0   1   1     1e-10   3.7e-09   35.4   0.0    32   105    97   172    91   174 0.90 -
TRINITY_DN13748_c0_g2_i2:506-1027   -            174 564286at33208        -            121   1.5e-09   36.7   0.0   1   1     1e-10   3.7e-09   35.4   0.0    32   105    97   172    91   174 0.90 -
TRINITY_DN23252_c1_g1_i1:52-306     -             85 564286at33208        -            121   1.5e-09   36.6   0.0   1   1   4.8e-11   1.7e-09   36.4   0.0    35   105    13    83     9    85 0.95 -
TRINITY_DN6362_c0_g1_i1:305-517     -             71 564286at33208        -            121   2.2e-09   36.1   0.1   1   1   6.1e-11   2.2e-09   36.1   0.1    33    91     1    59     1    71 0.87 -
TRINITY_DN6362_c0_g1_i2:304-516     -             71 564286at33208        -            121   2.2e-09   36.1   0.1   1   1   6.1e-11   2.2e-09   36.1   0.1    33    91     1    59     1    71 0.87 -
TRINITY_DN6362_c0_g1_i5:304-516     -             71 564286at33208        -            121   2.2e-09   36.1   0.1   1   1   6.1e-11   2.2e-09   36.1   0.1    33    91     1    59     1    71 0.87 -
TRINITY_DN4475_c0_g1_i1:283-663     -            127 564286at33208        -            121   9.5e-09   34.1   0.4   1   1   3.2e-10   1.2e-08   33.8   0.4    35   107     3    75     1    81 0.90 -
TRINITY_DN906_c0_g1_i3:17-385       -            123 564286at33208        -            121   1.1e-08   33.8   0.1   1   1   4.2e-10   1.5e-08   33.4   0.1    32   118    18   101    14   105 0.89 -
TRINITY_DN906_c0_g1_i6:17-385       -            123 564286at33208        -            121   1.1e-08   33.8   0.1   1   1   4.2e-10   1.5e-08   33.4   0.1    32   118    18   101    14   105 0.89 -
TRINITY_DN906_c0_g1_i8:17-385       -            123 564286at33208        -            121   1.1e-08   33.8   0.1   1   1   4.2e-10   1.5e-08   33.4   0.1    32   118    18   101    14   105 0.89 -
TRINITY_DN1061_c0_g1_i2:626-1033    -            136 564286at33208        -            121   2.9e-08   32.5   0.0   1   1   1.1e-09     4e-08   32.1   0.0    20   101    39   120    23   133 0.83 -
TRINITY_DN10766_c0_g1_i1:186-413    -             76 564286at33208        -            121   3.3e-08   32.3   0.0   1   1   3.1e-09   1.1e-07   30.6   0.0    32   109     3    72     1    75 0.94 -
TRINITY_DN10766_c0_g1_i2:186-413    -             76 564286at33208        -            121   3.3e-08   32.3   0.0   1   1   3.1e-09   1.1e-07   30.6   0.0    32   109     3    72     1    75 0.94 -
TRINITY_DN10766_c0_g2_i1:186-413    -             76 564286at33208        -            121   3.3e-08   32.3   0.0   1   1   3.1e-09   1.1e-07   30.6   0.0    32   109     3    72     1    75 0.94 -
TRINITY_DN10766_c0_g2_i2:186-413    -             76 564286at33208        -            121   3.3e-08   32.3   0.0   1   1   3.1e-09   1.1e-07   30.6   0.0    32   109     3    72     1    75 0.94 -
TRINITY_DN38878_c0_g1_i10:13-186    -             58 564286at33208        -            121   4.3e-08   32.0   0.0   1   1   1.3e-09   4.6e-08   31.8   0.0    59   106     9    56     3    58 0.93 -
TRINITY_DN38878_c0_g1_i2:13-186     -             58 564286at33208        -            121   4.3e-08   32.0   0.0   1   1   1.3e-09   4.6e-08   31.8   0.0    59   106     9    56     3    58 0.93 -
TRINITY_DN205664_c0_g1_i1:0-215     -             72 564286at33208        -            121   1.2e-07   30.5   0.0   1   1   3.6e-09   1.3e-07   30.4   0.0    37   104     5    72     2    72 0.94 -
TRINITY_DN1199_c1_g1_i1:115-1014    -            300 564286at33208        -            121   1.5e-07   30.2   0.0   1   1   9.5e-09   3.5e-07   29.0   0.0    27    98   215   286   203   298 0.86 -
TRINITY_DN38878_c0_g1_i3:13-153     -             47 564286at33208        -            121   2.5e-07   29.5   0.0   1   1     7e-09   2.6e-07   29.4   0.0    63   106     2    45     1    47 0.95 -
TRINITY_DN7997_c0_g1_i23:2094-2276  -             61 564286at33208        -            121   2.6e-07   29.4   0.0   1   1   7.2e-09   2.6e-07   29.4   0.0    37    82     6    51     2    61 0.86 -
TRINITY_DN7997_c0_g1_i5:2285-2467   -             61 564286at33208        -            121   2.6e-07   29.4   0.0   1   1   7.2e-09   2.6e-07   29.4   0.0    37    82     6    51     2    61 0.86 -
TRINITY_DN7997_c0_g1_i8:2076-2258   -             61 564286at33208        -            121   2.6e-07   29.4   0.0   1   1   7.2e-09   2.6e-07   29.4   0.0    37    82     6    51     2    61 0.86 -
TRINITY_DN3005_c1_g1_i2:443-688     -             82 564286at33208        -            121   2.7e-07   29.4   0.0   1   1   8.9e-09   3.2e-07   29.1   0.0    27    80     9    67     1    77 0.82 -
TRINITY_DN3005_c1_g1_i3:1716-1961   -             82 564286at33208        -            121   2.7e-07   29.4   0.0   1   1   8.9e-09   3.2e-07   29.1   0.0    27    80     9    67     1    77 0.82 -
TRINITY_DN528_c7_g1_i1:649-1260     -            204 564286at33208        -            121   3.8e-07   28.9   0.0   1   1   1.7e-08   6.1e-07   28.2   0.0    26    97   122   193   113   203 0.87 -
TRINITY_DN22972_c0_g1_i1:813-974    -             54 564286at33208        -            121   4.1e-07   28.8   0.0   1   1   1.2e-08   4.4e-07   28.7   0.0    35    83     4    52     2    54 0.93 -
TRINITY_DN22972_c0_g1_i2:103-264    -             54 564286at33208        -            121   4.1e-07   28.8   0.0   1   1   1.2e-08   4.4e-07   28.7   0.0    35    83     4    52     2    54 0.93 -
TRINITY_DN22972_c0_g1_i3:271-432    -             54 564286at33208        -            121   4.1e-07   28.8   0.0   1   1   1.2e-08   4.4e-07   28.7   0.0    35    83     4    52     2    54 0.93 -
TRINITY_DN593_c0_g1_i10:1571-1879   -            103 564286at33208        -            121   6.2e-07   28.2   0.0   1   1   1.9e-08   6.9e-07   28.0   0.0    25   104     3    81     1    95 0.92 -
TRINITY_DN593_c0_g1_i3:1571-1879    -            103 564286at33208        -            121   6.2e-07   28.2   0.0   1   1   1.9e-08   6.9e-07   28.0   0.0    25   104     3    81     1    95 0.92 -
TRINITY_DN593_c0_g1_i7:1571-1879    -            103 564286at33208        -            121   6.2e-07   28.2   0.0   1   1   1.9e-08   6.9e-07   28.0   0.0    25   104     3    81     1    95 0.92 -
TRINITY_DN593_c0_g1_i8:1571-1879    -            103 564286at33208        -            121   6.2e-07   28.2   0.0   1   1   1.9e-08   6.9e-07   28.0   0.0    25   104     3    81     1    95 0.92 -
TRINITY_DN12861_c0_g1_i5:1573-1968  -            132 564286at33208        -            121   7.8e-07   27.9   0.5   1   2   6.8e-08   2.5e-06   26.3   0.4    31    80     7    54     1    88 0.91 -
TRINITY_DN12861_c0_g1_i5:1573-1968  -            132 564286at33208        -            121   7.8e-07   27.9   0.5   2   2       9.4   3.4e+02   -0.0   0.0    31    57    98   129    74   132 0.69 -
TRINITY_DN12861_c0_g1_i6:1570-1965  -            132 564286at33208        -            121   7.8e-07   27.9   0.5   1   2   6.8e-08   2.5e-06   26.3   0.4    31    80     7    54     1    88 0.91 -
TRINITY_DN12861_c0_g1_i6:1570-1965  -            132 564286at33208        -            121   7.8e-07   27.9   0.5   2   2       9.4   3.4e+02   -0.0   0.0    31    57    98   129    74   132 0.69 -
TRINITY_DN12861_c0_g1_i7:1781-2176  -            132 564286at33208        -            121   7.8e-07   27.9   0.5   1   2   6.8e-08   2.5e-06   26.3   0.4    31    80     7    54     1    88 0.91 -
TRINITY_DN12861_c0_g1_i7:1781-2176  -            132 564286at33208        -            121   7.8e-07   27.9   0.5   2   2       9.4   3.4e+02   -0.0   0.0    31    57    98   129    74   132 0.69 -
TRINITY_DN12861_c0_g1_i9:1561-1956  -            132 564286at33208        -            121   7.8e-07   27.9   0.5   1   2   6.8e-08   2.5e-06   26.3   0.4    31    80     7    54     1    88 0.91 -
TRINITY_DN12861_c0_g1_i9:1561-1956  -            132 564286at33208        -            121   7.8e-07   27.9   0.5   2   2       9.4   3.4e+02   -0.0   0.0    31    57    98   129    74   132 0.69 -
TRINITY_DN1345_c0_g1_i2:112-264     -             51 564286at33208        -            121   8.3e-07   27.8   0.1   1   1   2.4e-08   8.9e-07   27.7   0.1    34    83     2    51     1    51 0.93 -
TRINITY_DN1345_c0_g1_i3:112-264     -             51 564286at33208        -            121   8.3e-07   27.8   0.1   1   1   2.4e-08   8.9e-07   27.7   0.1    34    83     2    51     1    51 0.93 -
TRINITY_DN883_c0_g1_i5:417-647      -             77 564286at33208        -            121   8.5e-07   27.8   0.0   1   1   2.3e-08   8.5e-07   27.8   0.0    35   104     4    75     1    77 0.86 -
TRINITY_DN3704_c0_g2_i1:531-821     -             97 564286at33208        -            121     1e-06   27.5   0.0   1   1   3.2e-08   1.2e-06   27.3   0.0    31   106    10    85     3    96 0.83 -
TRINITY_DN182334_c0_g1_i1:3-185     -             61 564286at33208        -            121   1.2e-06   27.3   0.0   1   1   3.2e-08   1.2e-06   27.3   0.0    38    94     4    60     1    61 0.94 -
TRINITY_DN2041_c0_g1_i10:868-1095   -             76 564286at33208        -            121   1.3e-06   27.2   0.0   1   1   3.9e-08   1.4e-06   27.0   0.0    33   106     1    74     1    76 0.84 -
TRINITY_DN2041_c0_g1_i14:868-1095   -             76 564286at33208        -            121   1.3e-06   27.2   0.0   1   1   3.9e-08   1.4e-06   27.0   0.0    33   106     1    74     1    76 0.84 -
TRINITY_DN2041_c0_g1_i3:868-1095    -             76 564286at33208        -            121   1.3e-06   27.2   0.0   1   1   3.9e-08   1.4e-06   27.0   0.0    33   106     1    74     1    76 0.84 -
TRINITY_DN2041_c0_g1_i5:868-1095    -             76 564286at33208        -            121   1.3e-06   27.2   0.0   1   1   3.9e-08   1.4e-06   27.0   0.0    33   106     1    74     1    76 0.84 -
TRINITY_DN2041_c0_g1_i7:868-1095    -             76 564286at33208        -            121   1.3e-06   27.2   0.0   1   1   3.9e-08   1.4e-06   27.0   0.0    33   106     1    74     1    76 0.84 -
TRINITY_DN2041_c0_g1_i9:868-1095    -             76 564286at33208        -            121   1.3e-06   27.2   0.0   1   1   3.9e-08   1.4e-06   27.0   0.0    33   106     1    74     1    76 0.84 -
TRINITY_DN1996_c0_g1_i1:309-944     -            212 564286at33208        -            121     2e-06   26.6   0.0   1   2   1.2e-05   0.00044   19.0   0.0    47   111    25    86     4    93 0.83 -
TRINITY_DN1996_c0_g1_i1:309-944     -            212 564286at33208        -            121     2e-06   26.6   0.0   2   2      0.23       8.3    5.2   0.0    32    97   152   212   149   212 0.88 -
TRINITY_DN1996_c0_g1_i2:233-868     -            212 564286at33208        -            121     2e-06   26.6   0.0   1   2   1.2e-05   0.00044   19.0   0.0    47   111    25    86     4    93 0.83 -
TRINITY_DN1996_c0_g1_i2:233-868     -            212 564286at33208        -            121     2e-06   26.6   0.0   2   2      0.23       8.3    5.2   0.0    32    97   152   212   149   212 0.88 -
TRINITY_DN1996_c0_g1_i4:194-829     -            212 564286at33208        -            121     2e-06   26.6   0.0   1   2   1.2e-05   0.00044   19.0   0.0    47   111    25    86     4    93 0.83 -
TRINITY_DN1996_c0_g1_i4:194-829     -            212 564286at33208        -            121     2e-06   26.6   0.0   2   2      0.23       8.3    5.2   0.0    32    97   152   212   149   212 0.88 -
TRINITY_DN4635_c0_g1_i1:374-604     -             77 564286at33208        -            121   4.5e-06   25.4   0.0   1   1   1.8e-07   6.5e-06   24.9   0.0    30   105     7    77     1    77 0.93 -
TRINITY_DN48537_c0_g1_i2:338-2311   -            482 564286at33208        -            121   1.3e-05   24.0   0.0   1   1   6.8e-07   2.5e-05   23.0   0.0    28   104   229   300   210   313 0.83 -
TRINITY_DN48537_c0_g1_i3:338-1783   -            482 564286at33208        -            121   1.3e-05   24.0   0.0   1   1   6.8e-07   2.5e-05   23.0   0.0    28   104   229   300   210   313 0.83 -
TRINITY_DN560_c0_g1_i1:1061-1354    -             98 564286at33208        -            121   1.3e-05   24.0   0.1   1   1   3.8e-07   1.4e-05   23.8   0.1    34   104     2    71     1    86 0.78 -
TRINITY_DN560_c0_g1_i6:1901-2194    -             98 564286at33208        -            121   1.3e-05   24.0   0.1   1   1   3.8e-07   1.4e-05   23.8   0.1    34   104     2    71     1    86 0.78 -
TRINITY_DN560_c0_g1_i7:1229-1522    -             98 564286at33208        -            121   1.3e-05   24.0   0.1   1   1   3.8e-07   1.4e-05   23.8   0.1    34   104     2    71     1    86 0.78 -
TRINITY_DN396_c0_g1_i5:2429-2641    -             71 564286at33208        -            121   1.7e-05   23.5   0.0   1   1     1e-06   3.6e-05   22.5   0.0    28   102     2    68     1    71 0.90 -
TRINITY_DN396_c0_g1_i1:634-843      -             70 564286at33208        -            121   2.2e-05   23.2   0.0   1   1   1.3e-06   4.7e-05   22.1   0.0    29   102     2    67     1    70 0.90 -
TRINITY_DN396_c0_g1_i4:2441-2650    -             70 564286at33208        -            121   2.2e-05   23.2   0.0   1   1   1.3e-06   4.7e-05   22.1   0.0    29   102     2    67     1    70 0.90 -
TRINITY_DN396_c0_g1_i7:2414-2623    -             70 564286at33208        -            121   2.2e-05   23.2   0.0   1   1   1.3e-06   4.7e-05   22.1   0.0    29   102     2    67     1    70 0.90 -
TRINITY_DN96613_c0_g1_i1:7-270      -             88 564286at33208        -            121   2.5e-05   23.0   0.0   1   1   1.9e-06   6.8e-05   21.6   0.0    32   107     3    70     1    74 0.95 -
TRINITY_DN417_c0_g1_i4:276-491      -             72 564286at33208        -            121     3e-05   22.8   0.0   1   1   8.2e-07     3e-05   22.8   0.0    31    98     1    68     1    72 0.84 -
TRINITY_DN2041_c0_g1_i10:526-753    -             76 564286at33208        -            121     3e-05   22.8   0.0   1   1   8.4e-07   3.1e-05   22.7   0.0    58   104    27    73     2    76 0.80 -
TRINITY_DN2041_c0_g1_i14:526-753    -             76 564286at33208        -            121     3e-05   22.8   0.0   1   1   8.4e-07   3.1e-05   22.7   0.0    58   104    27    73     2    76 0.80 -
TRINITY_DN2041_c0_g1_i3:526-753     -             76 564286at33208        -            121     3e-05   22.8   0.0   1   1   8.4e-07   3.1e-05   22.7   0.0    58   104    27    73     2    76 0.80 -
TRINITY_DN2041_c0_g1_i7:526-753     -             76 564286at33208        -            121     3e-05   22.8   0.0   1   1   8.4e-07   3.1e-05   22.7   0.0    58   104    27    73     2    76 0.80 -
TRINITY_DN2041_c0_g1_i9:526-753     -             76 564286at33208        -            121     3e-05   22.8   0.0   1   1   8.4e-07   3.1e-05   22.7   0.0    58   104    27    73     2    76 0.80 -
TRINITY_DN2041_c0_g1_i5:529-747     -             73 564286at33208        -            121   3.5e-05   22.6   0.0   1   1     1e-06   3.7e-05   22.5   0.0    58   104    25    71     2    73 0.82 -
TRINITY_DN534_c0_g2_i1:1401-1658    -             86 564286at33208        -            121   3.9e-05   22.4   0.0   1   1   1.6e-06   5.8e-05   21.8   0.0    28    86    22    82    19    86 0.78 -
TRINITY_DN534_c0_g2_i2:1401-1658    -             86 564286at33208        -            121   3.9e-05   22.4   0.0   1   1   1.6e-06   5.8e-05   21.8   0.0    28    86    22    82    19    86 0.78 -
TRINITY_DN2269_c0_g1_i19:1496-1717  -             74 564286at33208        -            121   4.2e-05   22.3   0.0   1   1   1.6e-06   5.8e-05   21.8   0.0    34   108     2    69     1    73 0.84 -
TRINITY_DN2269_c0_g1_i24:1626-1847  -             74 564286at33208        -            121   4.2e-05   22.3   0.0   1   1   1.6e-06   5.8e-05   21.8   0.0    34   108     2    69     1    73 0.84 -
TRINITY_DN2269_c0_g1_i4:1498-1719   -             74 564286at33208        -            121   4.2e-05   22.3   0.0   1   1   1.6e-06   5.8e-05   21.8   0.0    34   108     2    69     1    73 0.84 -
TRINITY_DN21764_c0_g1_i2:697-990    -             98 564286at33208        -            121   4.5e-05   22.2   0.0   1   1   1.6e-06   5.8e-05   21.8   0.0    32   108     2    73     1    81 0.92 -
TRINITY_DN21764_c0_g1_i3:898-1191   -             98 564286at33208        -            121   4.5e-05   22.2   0.0   1   1   1.6e-06   5.8e-05   21.8   0.0    32   108     2    73     1    81 0.92 -
TRINITY_DN21764_c0_g1_i4:1748-2041  -             98 564286at33208        -            121   4.5e-05   22.2   0.0   1   1   1.6e-06   5.8e-05   21.8   0.0    32   108     2    73     1    81 0.92 -
TRINITY_DN21764_c0_g1_i5:898-1191   -             98 564286at33208        -            121   4.5e-05   22.2   0.0   1   1   1.6e-06   5.8e-05   21.8   0.0    32   108     2    73     1    81 0.92 -
TRINITY_DN21764_c0_g1_i7:898-1191   -             98 564286at33208        -            121   4.5e-05   22.2   0.0   1   1   1.6e-06   5.8e-05   21.8   0.0    32   108     2    73     1    81 0.92 -
TRINITY_DN104708_c0_g1_i1:7-171     -             55 564286at33208        -            121   5.2e-05   22.0   0.0   1   1   1.4e-06   5.2e-05   22.0   0.0    32    80     4    52     1    55 0.94 -
TRINITY_DN36654_c0_g1_i1:1029-1631  -            201 564286at33208        -            121   5.8e-05   21.8   0.0   1   2      0.32        12    4.7   0.0    71    94     2    25     1    47 0.90 -
TRINITY_DN36654_c0_g1_i1:1029-1631  -            201 564286at33208        -            121   5.8e-05   21.8   0.0   2   2   0.00018    0.0065   15.2   0.0    28    95   118   184   111   198 0.84 -
TRINITY_DN3441_c0_g1_i2:843-1058    -             72 564286at33208        -            121   0.00012   20.9   0.0   1   1   5.6e-06    0.0002   20.1   0.0    33   105     4    70     2    72 0.93 -
TRINITY_DN3441_c0_g1_i3:647-862     -             72 564286at33208        -            121   0.00012   20.9   0.0   1   1   5.6e-06    0.0002   20.1   0.0    33   105     4    70     2    72 0.93 -
TRINITY_DN3441_c0_g1_i5:843-1058    -             72 564286at33208        -            121   0.00012   20.9   0.0   1   1   5.6e-06    0.0002   20.1   0.0    33   105     4    70     2    72 0.93 -
TRINITY_DN21274_c0_g1_i1:99-332     -             78 564286at33208        -            121   0.00035   19.3   0.0   1   1   1.3e-05   0.00048   18.9   0.0    33   111     1    76     1    77 0.92 -
TRINITY_DN21274_c0_g1_i3:99-332     -             78 564286at33208        -            121   0.00035   19.3   0.0   1   1   1.3e-05   0.00048   18.9   0.0    33   111     1    76     1    77 0.92 -
TRINITY_DN21274_c0_g1_i4:99-332     -             78 564286at33208        -            121   0.00035   19.3   0.0   1   1   1.3e-05   0.00048   18.9   0.0    33   111     1    76     1    77 0.92 -
TRINITY_DN1203_c0_g1_i1:345-551     -             69 564286at33208        -            121   0.00041   19.1   0.1   1   1   1.2e-05   0.00042   19.1   0.1    50   111     1    61     1    69 0.83 -
TRINITY_DN1203_c0_g1_i3:345-551     -             69 564286at33208        -            121   0.00041   19.1   0.1   1   1   1.2e-05   0.00042   19.1   0.1    50   111     1    61     1    69 0.83 -
TRINITY_DN94666_c0_g1_i1:146-1201   -            352 564286at33208        -            121   0.00093   17.9   0.3   1   1   5.3e-05    0.0019   16.9   0.3    26   118    73   165    65   172 0.86 -
TRINITY_DN1712_c0_g1_i1:670-1902    -            411 564286at33208        -            121    0.0012   17.6   0.1   1   1   6.8e-05    0.0025   16.6   0.1    33   120     3    93     1    95 0.78 -
TRINITY_DN1712_c0_g1_i3:671-1903    -            411 564286at33208        -            121    0.0012   17.6   0.1   1   1   6.8e-05    0.0025   16.6   0.1    33   120     3    93     1    95 0.78 -
TRINITY_DN4512_c0_g3_i1:1299-1619   -            107 564286at33208        -            121    0.0018   17.0   0.1   1   1     7e-05    0.0025   16.5   0.1    33    63     2    32     1    67 0.88 -
TRINITY_DN8370_c0_g1_i1:1658-1915   -             86 564286at33208        -            121    0.0025   16.6   0.0   1   1   7.4e-05    0.0027   16.5   0.0    33    89     1    59     1    86 0.80 -
TRINITY_DN1816_c0_g1_i1:1766-1948   -             61 564286at33208        -            121    0.0031   16.2   0.0   1   1   8.7e-05    0.0032   16.2   0.0    34    84     7    57     3    61 0.86 -
TRINITY_DN4507_c0_g1_i10:198-2060   -            621 564286at33208        -            121      0.01   14.6   0.1   1   1   0.00093     0.034   12.9   0.1    32   103    98   169    93   187 0.84 -
TRINITY_DN4507_c0_g1_i13:198-2060   -            621 564286at33208        -            121      0.01   14.5   0.1   1   1   0.00093     0.034   12.9   0.1    32   103    98   169    93   187 0.84 -
TRINITY_DN4507_c0_g1_i18:198-2060   -            621 564286at33208        -            121     0.011   14.5   0.1   1   1   0.00093     0.034   12.9   0.1    32   103    98   169    93   187 0.84 -
TRINITY_DN4507_c0_g1_i1:198-2126    -            643 564286at33208        -            121     0.011   14.4   0.1   1   1   0.00097     0.035   12.8   0.1    32   103    98   169    93   187 0.84 -
TRINITY_DN4507_c0_g1_i15:198-2123   -            642 564286at33208        -            121     0.012   14.4   0.1   1   1   0.00097     0.035   12.8   0.1    32   103    98   169    93   187 0.84 -
TRINITY_DN2778_c0_g1_i10:1030-1323  -             98 564286at33208        -            121     0.013   14.3   0.0   1   1   0.00044     0.016   13.9   0.0    34   106    28    94    19    98 0.80 -
TRINITY_DN2778_c0_g1_i1:1030-1323   -             98 564286at33208        -            121     0.013   14.3   0.0   1   1   0.00044     0.016   13.9   0.0    34   106    28    94    19    98 0.80 -
TRINITY_DN2778_c0_g1_i3:1030-1323   -             98 564286at33208        -            121     0.013   14.3   0.0   1   1   0.00044     0.016   13.9   0.0    34   106    28    94    19    98 0.80 -
TRINITY_DN2778_c0_g1_i7:1030-1323   -             98 564286at33208        -            121     0.013   14.3   0.0   1   1   0.00044     0.016   13.9   0.0    34   106    28    94    19    98 0.80 -
TRINITY_DN10126_c0_g1_i1:1310-1639  -            110 564286at33208        -            121     0.025   13.4   0.1   1   1    0.0015     0.054   12.2   0.1    34   111     2    71     1    82 0.85 -
TRINITY_DN10126_c0_g1_i2:1310-1639  -            110 564286at33208        -            121     0.025   13.4   0.1   1   1    0.0015     0.054   12.2   0.1    34   111     2    71     1    82 0.85 -
#
# Program:         hmmsearch
# Version:         3.1b2 (February 2015)
# Pipeline mode:   SEARCH
# Query file:      /busco_wd/busco_downloads/lineages/metazoa_odb10/hmms/564286at33208.hmm
# Target file:     /busco_wd/BUSCO/run_metazoa_odb10/metaeuk_output/initial_results/Trinity.fasta.modified.fas
# Option settings: hmmsearch --domtblout /busco_wd/BUSCO/run_metazoa_odb10/hmmer_output/initial_run_results/564286at33208.out --cpu 1 /busco_wd/busco_downloads/lineages/metazoa_odb10/hmms/564286at33208.hmm /busco_wd/BUSCO/run_metazoa_odb10/metaeuk_output/initial_results/Trinity.fasta.modified.fas 
# Current dir:     /busco_wd
# Date:            Tue Nov 23 09:04:08 2021
# [ok]
