#                                                                                       --- full sequence --- -------------- this domain -------------   hmm coord   ali coord   env coord
# target name                   accession   tlen query name           accession   qlen   E-value  score  bias   #  of  c-Evalue  i-Evalue  score  bias  from    to  from    to  from    to  acc description of target
#           ------------------- ---------- ----- -------------------- ---------- ----- --------- ------ ----- --- --- --------- --------- ------ ----- ----- ----- ----- ----- ----- ----- ---- ---------------------
TRINITY_DN2676_c0_g1_i1:67-1050 -            328 572074at33208        -            191   2.7e-47  159.9  24.4   1   4     3e-26   1.4e-22   79.3  10.5     1    90    22   124    22   129 0.83 -
TRINITY_DN2676_c0_g1_i1:67-1050 -            328 572074at33208        -            191   2.7e-47  159.9  24.4   2   4   1.4e-07   0.00066   18.4   0.0    70   101   127   158   121   175 0.87 -
TRINITY_DN2676_c0_g1_i1:67-1050 -            328 572074at33208        -            191   2.7e-47  159.9  24.4   3   4   8.4e-08   0.00038   19.2   0.6    99   137   184   224   175   245 0.74 -
TRINITY_DN2676_c0_g1_i1:67-1050 -            328 572074at33208        -            191   2.7e-47  159.9  24.4   4   4   7.7e-18   3.6e-14   51.9   0.3   113   191   241   328   235   328 0.78 -
TRINITY_DN2676_c0_g1_i2:67-1071 -            335 572074at33208        -            191   2.1e-46  157.0  25.8   1   4   3.2e-26   1.5e-22   79.2  10.6     1    90    22   124    22   129 0.83 -
TRINITY_DN2676_c0_g1_i2:67-1071 -            335 572074at33208        -            191   2.1e-46  157.0  25.8   2   4   1.2e-07   0.00055   18.7   0.1    69   101   126   158   116   174 0.85 -
TRINITY_DN2676_c0_g1_i2:67-1071 -            335 572074at33208        -            191   2.1e-46  157.0  25.8   3   4   1.5e-07   0.00067   18.4   1.6    99   153   184   239   178   254 0.73 -
TRINITY_DN2676_c0_g1_i2:67-1071 -            335 572074at33208        -            191   2.1e-46  157.0  25.8   4   4   4.4e-17     2e-13   49.4   0.3   130   191   268   335   241   335 0.71 -
#
# Program:         hmmsearch
# Version:         3.1b2 (February 2015)
# Pipeline mode:   SEARCH
# Query file:      /busco_wd/busco_downloads/lineages/metazoa_odb10/hmms/572074at33208.hmm
# Target file:     /busco_wd/BUSCO/run_metazoa_odb10/metaeuk_output/initial_results/Trinity.fasta.modified.fas
# Option settings: hmmsearch --domtblout /busco_wd/BUSCO/run_metazoa_odb10/hmmer_output/initial_run_results/572074at33208.out --cpu 1 /busco_wd/busco_downloads/lineages/metazoa_odb10/hmms/572074at33208.hmm /busco_wd/BUSCO/run_metazoa_odb10/metaeuk_output/initial_results/Trinity.fasta.modified.fas 
# Current dir:     /busco_wd
# Date:            Tue Nov 23 09:04:11 2021
# [ok]
