#                                                                                           --- full sequence --- -------------- this domain -------------   hmm coord   ali coord   env coord
# target name                       accession   tlen query name           accession   qlen   E-value  score  bias   #  of  c-Evalue  i-Evalue  score  bias  from    to  from    to  from    to  acc description of target
#               ------------------- ---------- ----- -------------------- ---------- ----- --------- ------ ----- --- --- --------- --------- ------ ----- ----- ----- ----- ----- ----- ----- ---- ---------------------
TRINITY_DN1719_c0_g1_i1:487-1485    -            333 573237at33208        -            237   3.2e-74  248.5   1.9   1   2   1.3e-59   3.9e-57  192.6   0.0     1   153     1   173     1   208 0.84 -
TRINITY_DN1719_c0_g1_i1:487-1485    -            333 573237at33208        -            237   3.2e-74  248.5   1.9   2   2   4.7e-17   1.4e-14   53.3   0.8   137   235   205   324   198   326 0.76 -
TRINITY_DN1719_c0_g1_i3:607-1605    -            333 573237at33208        -            237   3.2e-74  248.5   1.9   1   2   1.3e-59   3.9e-57  192.6   0.0     1   153     1   173     1   208 0.84 -
TRINITY_DN1719_c0_g1_i3:607-1605    -            333 573237at33208        -            237   3.2e-74  248.5   1.9   2   2   4.7e-17   1.4e-14   53.3   0.8   137   235   205   324   198   326 0.76 -
TRINITY_DN1719_c0_g1_i5:865-1863    -            333 573237at33208        -            237   3.2e-74  248.5   1.9   1   2   1.3e-59   3.9e-57  192.6   0.0     1   153     1   173     1   208 0.84 -
TRINITY_DN1719_c0_g1_i5:865-1863    -            333 573237at33208        -            237   3.2e-74  248.5   1.9   2   2   4.7e-17   1.4e-14   53.3   0.8   137   235   205   324   198   326 0.76 -
TRINITY_DN30066_c0_g1_i1:130-3069   -            980 573237at33208        -            237   3.6e-37  127.2   0.4   1   4   7.8e-26   2.3e-23   82.0   0.1    22   142     2   143     1   164 0.83 -
TRINITY_DN30066_c0_g1_i1:130-3069   -            980 573237at33208        -            237   3.6e-37  127.2   0.4   2   4   3.9e-09   1.2e-06   27.4   0.0   180   235   307   364   287   366 0.84 -
TRINITY_DN30066_c0_g1_i1:130-3069   -            980 573237at33208        -            237   3.6e-37  127.2   0.4   3   4   0.00011     0.033   12.8   0.0    21    92   390   476   377   531 0.74 -
TRINITY_DN30066_c0_g1_i1:130-3069   -            980 573237at33208        -            237   3.6e-37  127.2   0.4   4   4       2.3   6.9e+02   -1.3   0.0   195   228   825   859   815   862 0.76 -
TRINITY_DN2392_c0_g1_i1:288-3086    -            933 573237at33208        -            237   1.5e-32  112.1   0.2   1   3   3.4e-21     1e-18   66.8   0.1    22   148     2   145     1   171 0.83 -
TRINITY_DN2392_c0_g1_i1:288-3086    -            933 573237at33208        -            237   1.5e-32  112.1   0.2   2   3   2.7e-08     8e-06   24.6   0.0   172   235   298   363   271   365 0.87 -
TRINITY_DN2392_c0_g1_i1:288-3086    -            933 573237at33208        -            237   1.5e-32  112.1   0.2   3   3   6.3e-06    0.0019   16.9   0.0     7    88   381   477   377   521 0.73 -
TRINITY_DN2392_c0_g1_i2:288-3086    -            933 573237at33208        -            237   1.5e-32  112.1   0.2   1   3   3.4e-21     1e-18   66.8   0.1    22   148     2   145     1   171 0.83 -
TRINITY_DN2392_c0_g1_i2:288-3086    -            933 573237at33208        -            237   1.5e-32  112.1   0.2   2   3   2.7e-08     8e-06   24.6   0.0   172   235   298   363   271   365 0.87 -
TRINITY_DN2392_c0_g1_i2:288-3086    -            933 573237at33208        -            237   1.5e-32  112.1   0.2   3   3   6.3e-06    0.0019   16.9   0.0     7    88   381   477   377   521 0.73 -
TRINITY_DN1787_c0_g1_i16:334-1929   -            532 573237at33208        -            237   1.9e-25   88.8   0.2   1   2   1.3e-19   3.7e-17   61.7   0.0     7   149     3   168     1   191 0.83 -
TRINITY_DN1787_c0_g1_i16:334-1929   -            532 573237at33208        -            237   1.9e-25   88.8   0.2   2   2   2.4e-08   7.2e-06   24.8   0.2   196   235   487   526   428   528 0.94 -
TRINITY_DN1787_c0_g1_i1:416-2011    -            532 573237at33208        -            237   1.9e-25   88.8   0.2   1   2   1.3e-19   3.7e-17   61.7   0.0     7   149     3   168     1   191 0.83 -
TRINITY_DN1787_c0_g1_i1:416-2011    -            532 573237at33208        -            237   1.9e-25   88.8   0.2   2   2   2.4e-08   7.2e-06   24.8   0.2   196   235   487   526   428   528 0.94 -
TRINITY_DN1787_c0_g1_i2:373-1968    -            532 573237at33208        -            237   1.9e-25   88.8   0.2   1   2   1.3e-19   3.7e-17   61.7   0.0     7   149     3   168     1   191 0.83 -
TRINITY_DN1787_c0_g1_i2:373-1968    -            532 573237at33208        -            237   1.9e-25   88.8   0.2   2   2   2.4e-08   7.2e-06   24.8   0.2   196   235   487   526   428   528 0.94 -
TRINITY_DN1787_c0_g1_i3:371-1966    -            532 573237at33208        -            237   1.9e-25   88.8   0.2   1   2   1.3e-19   3.7e-17   61.7   0.0     7   149     3   168     1   191 0.83 -
TRINITY_DN1787_c0_g1_i3:371-1966    -            532 573237at33208        -            237   1.9e-25   88.8   0.2   2   2   2.4e-08   7.2e-06   24.8   0.2   196   235   487   526   428   528 0.94 -
TRINITY_DN1787_c0_g1_i6:334-1929    -            532 573237at33208        -            237   1.9e-25   88.8   0.2   1   2   1.3e-19   3.7e-17   61.7   0.0     7   149     3   168     1   191 0.83 -
TRINITY_DN1787_c0_g1_i6:334-1929    -            532 573237at33208        -            237   1.9e-25   88.8   0.2   2   2   2.4e-08   7.2e-06   24.8   0.2   196   235   487   526   428   528 0.94 -
TRINITY_DN1787_c0_g1_i7:336-1931    -            532 573237at33208        -            237   1.9e-25   88.8   0.2   1   2   1.3e-19   3.7e-17   61.7   0.0     7   149     3   168     1   191 0.83 -
TRINITY_DN1787_c0_g1_i7:336-1931    -            532 573237at33208        -            237   1.9e-25   88.8   0.2   2   2   2.4e-08   7.2e-06   24.8   0.2   196   235   487   526   428   528 0.94 -
TRINITY_DN1568_c0_g1_i10:86-1696    -            537 573237at33208        -            237   1.2e-12   47.0   1.5   1   3   1.6e-12   4.6e-10   38.5   0.2    23   134     5   138     1   147 0.73 -
TRINITY_DN1568_c0_g1_i10:86-1696    -            537 573237at33208        -            237   1.2e-12   47.0   1.5   2   3     0.022       6.4    5.3   0.1   194   234   362   402   351   405 0.87 -
TRINITY_DN1568_c0_g1_i10:86-1696    -            537 573237at33208        -            237   1.2e-12   47.0   1.5   3   3      0.87   2.6e+02    0.1   0.0    90   109   495   514   489   519 0.82 -
TRINITY_DN1568_c0_g1_i1:86-1696     -            537 573237at33208        -            237   1.2e-12   47.0   1.5   1   3   1.6e-12   4.6e-10   38.5   0.2    23   134     5   138     1   147 0.73 -
TRINITY_DN1568_c0_g1_i1:86-1696     -            537 573237at33208        -            237   1.2e-12   47.0   1.5   2   3     0.022       6.4    5.3   0.1   194   234   362   402   351   405 0.87 -
TRINITY_DN1568_c0_g1_i1:86-1696     -            537 573237at33208        -            237   1.2e-12   47.0   1.5   3   3      0.87   2.6e+02    0.1   0.0    90   109   495   514   489   519 0.82 -
TRINITY_DN1312_c1_g1_i1:860-1657    -            266 573237at33208        -            237   2.4e-05   23.1   2.1   1   2   2.2e-07   6.6e-05   21.6   0.2    27    71     3    50     1   104 0.75 -
TRINITY_DN1312_c1_g1_i1:860-1657    -            266 573237at33208        -            237   2.4e-05   23.1   2.1   2   2       0.5   1.5e+02    0.8   0.1   194   217   243   266   232   266 0.82 -
TRINITY_DN1312_c1_g1_i3:860-1657    -            266 573237at33208        -            237   2.4e-05   23.1   2.1   1   2   2.2e-07   6.6e-05   21.6   0.2    27    71     3    50     1   104 0.75 -
TRINITY_DN1312_c1_g1_i3:860-1657    -            266 573237at33208        -            237   2.4e-05   23.1   2.1   2   2       0.5   1.5e+02    0.8   0.1   194   217   243   266   232   266 0.82 -
TRINITY_DN1312_c1_g1_i4:734-1531    -            266 573237at33208        -            237   2.4e-05   23.1   2.1   1   2   2.2e-07   6.6e-05   21.6   0.2    27    71     3    50     1   104 0.75 -
TRINITY_DN1312_c1_g1_i4:734-1531    -            266 573237at33208        -            237   2.4e-05   23.1   2.1   2   2       0.5   1.5e+02    0.8   0.1   194   217   243   266   232   266 0.82 -
TRINITY_DN1312_c1_g1_i7:734-1531    -            266 573237at33208        -            237   2.4e-05   23.1   2.1   1   2   2.2e-07   6.6e-05   21.6   0.2    27    71     3    50     1   104 0.75 -
TRINITY_DN1312_c1_g1_i7:734-1531    -            266 573237at33208        -            237   2.4e-05   23.1   2.1   2   2       0.5   1.5e+02    0.8   0.1   194   217   243   266   232   266 0.82 -
TRINITY_DN66680_c0_g1_i1:253-537    -             95 573237at33208        -            237   4.9e-05   22.0   0.0   1   1   1.8e-07   5.4e-05   21.9   0.0    12    88     2    93     1    95 0.69 -
TRINITY_DN9328_c0_g1_i1:42-1229     -            396 573237at33208        -            237   0.00074   18.2   0.0   1   2   6.3e-06    0.0019   16.9   0.0    16    92    57   142    37   156 0.73 -
TRINITY_DN9328_c0_g1_i1:42-1229     -            396 573237at33208        -            237   0.00074   18.2   0.0   2   2         8   2.4e+03   -3.1   0.0   185   216   233   265   230   269 0.64 -
TRINITY_DN30066_c0_g1_i1:1267-2712  -            482 573237at33208        -            237    0.0019   16.8   0.0   1   2   4.1e-05     0.012   14.2   0.0    22    92    12    97     3   155 0.73 -
TRINITY_DN30066_c0_g1_i1:1267-2712  -            482 573237at33208        -            237    0.0019   16.8   0.0   2   2         1   2.9e+02   -0.1   0.0   195   228   446   480   434   482 0.76 -
TRINITY_DN14292_c0_g1_i1:416-865    -            150 573237at33208        -            237     0.057   12.0   0.0   1   1   0.00028     0.082   11.5   0.0    24    65     1    42     1    67 0.84 -
TRINITY_DN14292_c0_g1_i2:416-865    -            150 573237at33208        -            237     0.057   12.0   0.0   1   1   0.00028     0.082   11.5   0.0    24    65     1    42     1    67 0.84 -
TRINITY_DN14292_c0_g1_i6:416-865    -            150 573237at33208        -            237     0.057   12.0   0.0   1   1   0.00028     0.082   11.5   0.0    24    65     1    42     1    67 0.84 -
TRINITY_DN2392_c0_g1_i1:1440-2834   -            465 573237at33208        -            237     0.068   11.8   0.0   1   1   0.00036      0.11   11.1   0.0    12    89     2    94     1   144 0.73 -
TRINITY_DN2392_c0_g1_i2:1440-2834   -            465 573237at33208        -            237     0.068   11.8   0.0   1   1   0.00036      0.11   11.1   0.0    12    89     2    94     1   144 0.73 -
TRINITY_DN14237_c0_g1_i7:231-761    -            177 573237at33208        -            237       0.1   11.2   0.0   1   1   0.00056      0.17   10.5   0.0     7    37    33    63    29   106 0.70 -
TRINITY_DN14237_c0_g1_i10:1284-1871 -            196 573237at33208        -            237      0.11   11.0   0.0   1   1   0.00068       0.2   10.2   0.0     7    36    60    89    56   133 0.70 -
TRINITY_DN14237_c0_g1_i2:1284-1871  -            196 573237at33208        -            237      0.11   11.0   0.0   1   1   0.00068       0.2   10.2   0.0     7    36    60    89    56   133 0.70 -
TRINITY_DN14237_c0_g1_i3:1284-1871  -            196 573237at33208        -            237      0.11   11.0   0.0   1   1   0.00068       0.2   10.2   0.0     7    36    60    89    56   133 0.70 -
TRINITY_DN14237_c0_g1_i8:1284-1871  -            196 573237at33208        -            237      0.11   11.0   0.0   1   1   0.00068       0.2   10.2   0.0     7    36    60    89    56   133 0.70 -
#
# Program:         hmmsearch
# Version:         3.1b2 (February 2015)
# Pipeline mode:   SEARCH
# Query file:      /busco_wd/busco_downloads/lineages/metazoa_odb10/hmms/573237at33208.hmm
# Target file:     /busco_wd/BUSCO/run_metazoa_odb10/metaeuk_output/initial_results/Trinity.fasta.modified.fas
# Option settings: hmmsearch --domtblout /busco_wd/BUSCO/run_metazoa_odb10/hmmer_output/initial_run_results/573237at33208.out --cpu 1 /busco_wd/busco_downloads/lineages/metazoa_odb10/hmms/573237at33208.hmm /busco_wd/BUSCO/run_metazoa_odb10/metaeuk_output/initial_results/Trinity.fasta.modified.fas 
# Current dir:     /busco_wd
# Date:            Tue Nov 23 09:04:11 2021
# [ok]
