#                                                                                           --- full sequence --- -------------- this domain -------------   hmm coord   ali coord   env coord
# target name                       accession   tlen query name           accession   qlen   E-value  score  bias   #  of  c-Evalue  i-Evalue  score  bias  from    to  from    to  from    to  acc description of target
#               ------------------- ---------- ----- -------------------- ---------- ----- --------- ------ ----- --- --- --------- --------- ------ ----- ----- ----- ----- ----- ----- ----- ---- ---------------------
TRINITY_DN5658_c0_g1_i2:88-1179     -            364 573313at33208        -            258   6.1e-75  250.8   8.7   1   1     1e-75   6.3e-74  247.5   8.7     1   258    33   349    33   349 0.85 -
TRINITY_DN5658_c0_g1_i3:84-1175     -            364 573313at33208        -            258   6.1e-75  250.8   8.7   1   1     1e-75   6.3e-74  247.5   8.7     1   258    33   349    33   349 0.85 -
TRINITY_DN5658_c0_g1_i5:88-1179     -            364 573313at33208        -            258   6.1e-75  250.8   8.7   1   1     1e-75   6.3e-74  247.5   8.7     1   258    33   349    33   349 0.85 -
TRINITY_DN15085_c0_g1_i11:380-1087  -            236 573313at33208        -            258   3.8e-50  169.6  18.2   1   6   4.9e-08   3.1e-06   25.7   0.3     9    65     2    61     1    65 0.91 -
TRINITY_DN15085_c0_g1_i11:380-1087  -            236 573313at33208        -            258   3.8e-50  169.6  18.2   2   6   9.1e-11   5.7e-09   34.6   0.3     1    65    27    94    27    97 0.91 -
TRINITY_DN15085_c0_g1_i11:380-1087  -            236 573313at33208        -            258   3.8e-50  169.6  18.2   3   6   5.2e-13   3.3e-11   42.0   0.0     2    65    61   127    60   131 0.90 -
TRINITY_DN15085_c0_g1_i11:380-1087  -            236 573313at33208        -            258   3.8e-50  169.6  18.2   4   6   1.1e-12   6.8e-11   40.9   0.0     7    68    99   163    95   169 0.90 -
TRINITY_DN15085_c0_g1_i11:380-1087  -            236 573313at33208        -            258   3.8e-50  169.6  18.2   5   6   1.6e-10     1e-08   33.8   0.1     2    65   127   193   126   197 0.91 -
TRINITY_DN15085_c0_g1_i11:380-1087  -            236 573313at33208        -            258   3.8e-50  169.6  18.2   6   6   8.4e-11   5.3e-09   34.7   0.4     2    70   160   231   159   236 0.87 -
TRINITY_DN4660_c0_g1_i10:4120-4983  -            288 573313at33208        -            258   7.5e-42  142.4  11.4   1   7   2.6e-05    0.0017   16.7   0.1    22    65     1    47     1    50 0.84 -
TRINITY_DN4660_c0_g1_i10:4120-4983  -            288 573313at33208        -            258   7.5e-42  142.4  11.4   2   7   2.4e-11   1.5e-09   36.5   0.1     3    63    48   111    46   117 0.90 -
TRINITY_DN4660_c0_g1_i10:4120-4983  -            288 573313at33208        -            258   7.5e-42  142.4  11.4   3   7   1.6e-07     1e-05   24.0   0.1     7    65    85   146    82   151 0.89 -
TRINITY_DN4660_c0_g1_i10:4120-4983  -            288 573313at33208        -            258   7.5e-42  142.4  11.4   4   7   2.4e-10   1.5e-08   33.3   0.0     5    63   116   177   112   179 0.89 -
TRINITY_DN4660_c0_g1_i10:4120-4983  -            288 573313at33208        -            258   7.5e-42  142.4  11.4   5   7   8.1e-10   5.1e-08   31.5   0.0     5    66   149   213   145   217 0.88 -
TRINITY_DN4660_c0_g1_i10:4120-4983  -            288 573313at33208        -            258   7.5e-42  142.4  11.4   6   7     2e-07   1.2e-05   23.7   0.0     6    67   183   247   178   250 0.90 -
TRINITY_DN4660_c0_g1_i10:4120-4983  -            288 573313at33208        -            258   7.5e-42  142.4  11.4   7   7   3.6e-06   0.00023   19.6   0.0     5    41   248   287   244   288 0.80 -
TRINITY_DN4660_c0_g1_i12:3579-4442  -            288 573313at33208        -            258   7.5e-42  142.4  11.4   1   7   2.6e-05    0.0017   16.7   0.1    22    65     1    47     1    50 0.84 -
TRINITY_DN4660_c0_g1_i12:3579-4442  -            288 573313at33208        -            258   7.5e-42  142.4  11.4   2   7   2.4e-11   1.5e-09   36.5   0.1     3    63    48   111    46   117 0.90 -
TRINITY_DN4660_c0_g1_i12:3579-4442  -            288 573313at33208        -            258   7.5e-42  142.4  11.4   3   7   1.6e-07     1e-05   24.0   0.1     7    65    85   146    82   151 0.89 -
TRINITY_DN4660_c0_g1_i12:3579-4442  -            288 573313at33208        -            258   7.5e-42  142.4  11.4   4   7   2.4e-10   1.5e-08   33.3   0.0     5    63   116   177   112   179 0.89 -
TRINITY_DN4660_c0_g1_i12:3579-4442  -            288 573313at33208        -            258   7.5e-42  142.4  11.4   5   7   8.1e-10   5.1e-08   31.5   0.0     5    66   149   213   145   217 0.88 -
TRINITY_DN4660_c0_g1_i12:3579-4442  -            288 573313at33208        -            258   7.5e-42  142.4  11.4   6   7     2e-07   1.2e-05   23.7   0.0     6    67   183   247   178   250 0.90 -
TRINITY_DN4660_c0_g1_i12:3579-4442  -            288 573313at33208        -            258   7.5e-42  142.4  11.4   7   7   3.6e-06   0.00023   19.6   0.0     5    41   248   287   244   288 0.80 -
TRINITY_DN4660_c0_g1_i16:3441-4304  -            288 573313at33208        -            258   7.5e-42  142.4  11.4   1   7   2.6e-05    0.0017   16.7   0.1    22    65     1    47     1    50 0.84 -
TRINITY_DN4660_c0_g1_i16:3441-4304  -            288 573313at33208        -            258   7.5e-42  142.4  11.4   2   7   2.4e-11   1.5e-09   36.5   0.1     3    63    48   111    46   117 0.90 -
TRINITY_DN4660_c0_g1_i16:3441-4304  -            288 573313at33208        -            258   7.5e-42  142.4  11.4   3   7   1.6e-07     1e-05   24.0   0.1     7    65    85   146    82   151 0.89 -
TRINITY_DN4660_c0_g1_i16:3441-4304  -            288 573313at33208        -            258   7.5e-42  142.4  11.4   4   7   2.4e-10   1.5e-08   33.3   0.0     5    63   116   177   112   179 0.89 -
TRINITY_DN4660_c0_g1_i16:3441-4304  -            288 573313at33208        -            258   7.5e-42  142.4  11.4   5   7   8.1e-10   5.1e-08   31.5   0.0     5    66   149   213   145   217 0.88 -
TRINITY_DN4660_c0_g1_i16:3441-4304  -            288 573313at33208        -            258   7.5e-42  142.4  11.4   6   7     2e-07   1.2e-05   23.7   0.0     6    67   183   247   178   250 0.90 -
TRINITY_DN4660_c0_g1_i16:3441-4304  -            288 573313at33208        -            258   7.5e-42  142.4  11.4   7   7   3.6e-06   0.00023   19.6   0.0     5    41   248   287   244   288 0.80 -
TRINITY_DN4660_c0_g1_i17:3579-4442  -            288 573313at33208        -            258   7.5e-42  142.4  11.4   1   7   2.6e-05    0.0017   16.7   0.1    22    65     1    47     1    50 0.84 -
TRINITY_DN4660_c0_g1_i17:3579-4442  -            288 573313at33208        -            258   7.5e-42  142.4  11.4   2   7   2.4e-11   1.5e-09   36.5   0.1     3    63    48   111    46   117 0.90 -
TRINITY_DN4660_c0_g1_i17:3579-4442  -            288 573313at33208        -            258   7.5e-42  142.4  11.4   3   7   1.6e-07     1e-05   24.0   0.1     7    65    85   146    82   151 0.89 -
TRINITY_DN4660_c0_g1_i17:3579-4442  -            288 573313at33208        -            258   7.5e-42  142.4  11.4   4   7   2.4e-10   1.5e-08   33.3   0.0     5    63   116   177   112   179 0.89 -
TRINITY_DN4660_c0_g1_i17:3579-4442  -            288 573313at33208        -            258   7.5e-42  142.4  11.4   5   7   8.1e-10   5.1e-08   31.5   0.0     5    66   149   213   145   217 0.88 -
TRINITY_DN4660_c0_g1_i17:3579-4442  -            288 573313at33208        -            258   7.5e-42  142.4  11.4   6   7     2e-07   1.2e-05   23.7   0.0     6    67   183   247   178   250 0.90 -
TRINITY_DN4660_c0_g1_i17:3579-4442  -            288 573313at33208        -            258   7.5e-42  142.4  11.4   7   7   3.6e-06   0.00023   19.6   0.0     5    41   248   287   244   288 0.80 -
TRINITY_DN4660_c0_g1_i18:3441-4304  -            288 573313at33208        -            258   7.5e-42  142.4  11.4   1   7   2.6e-05    0.0017   16.7   0.1    22    65     1    47     1    50 0.84 -
TRINITY_DN4660_c0_g1_i18:3441-4304  -            288 573313at33208        -            258   7.5e-42  142.4  11.4   2   7   2.4e-11   1.5e-09   36.5   0.1     3    63    48   111    46   117 0.90 -
TRINITY_DN4660_c0_g1_i18:3441-4304  -            288 573313at33208        -            258   7.5e-42  142.4  11.4   3   7   1.6e-07     1e-05   24.0   0.1     7    65    85   146    82   151 0.89 -
TRINITY_DN4660_c0_g1_i18:3441-4304  -            288 573313at33208        -            258   7.5e-42  142.4  11.4   4   7   2.4e-10   1.5e-08   33.3   0.0     5    63   116   177   112   179 0.89 -
TRINITY_DN4660_c0_g1_i18:3441-4304  -            288 573313at33208        -            258   7.5e-42  142.4  11.4   5   7   8.1e-10   5.1e-08   31.5   0.0     5    66   149   213   145   217 0.88 -
TRINITY_DN4660_c0_g1_i18:3441-4304  -            288 573313at33208        -            258   7.5e-42  142.4  11.4   6   7     2e-07   1.2e-05   23.7   0.0     6    67   183   247   178   250 0.90 -
TRINITY_DN4660_c0_g1_i18:3441-4304  -            288 573313at33208        -            258   7.5e-42  142.4  11.4   7   7   3.6e-06   0.00023   19.6   0.0     5    41   248   287   244   288 0.80 -
TRINITY_DN4660_c0_g1_i5:3363-4226   -            288 573313at33208        -            258   7.5e-42  142.4  11.4   1   7   2.6e-05    0.0017   16.7   0.1    22    65     1    47     1    50 0.84 -
TRINITY_DN4660_c0_g1_i5:3363-4226   -            288 573313at33208        -            258   7.5e-42  142.4  11.4   2   7   2.4e-11   1.5e-09   36.5   0.1     3    63    48   111    46   117 0.90 -
TRINITY_DN4660_c0_g1_i5:3363-4226   -            288 573313at33208        -            258   7.5e-42  142.4  11.4   3   7   1.6e-07     1e-05   24.0   0.1     7    65    85   146    82   151 0.89 -
TRINITY_DN4660_c0_g1_i5:3363-4226   -            288 573313at33208        -            258   7.5e-42  142.4  11.4   4   7   2.4e-10   1.5e-08   33.3   0.0     5    63   116   177   112   179 0.89 -
TRINITY_DN4660_c0_g1_i5:3363-4226   -            288 573313at33208        -            258   7.5e-42  142.4  11.4   5   7   8.1e-10   5.1e-08   31.5   0.0     5    66   149   213   145   217 0.88 -
TRINITY_DN4660_c0_g1_i5:3363-4226   -            288 573313at33208        -            258   7.5e-42  142.4  11.4   6   7     2e-07   1.2e-05   23.7   0.0     6    67   183   247   178   250 0.90 -
TRINITY_DN4660_c0_g1_i5:3363-4226   -            288 573313at33208        -            258   7.5e-42  142.4  11.4   7   7   3.6e-06   0.00023   19.6   0.0     5    41   248   287   244   288 0.80 -
TRINITY_DN15085_c0_g1_i7:212-898    -            229 573313at33208        -            258   1.4e-40  138.2   8.9   1   5   1.7e-06   0.00011   20.6   0.0    15    65     1    54     1    56 0.90 -
TRINITY_DN15085_c0_g1_i7:212-898    -            229 573313at33208        -            258   1.4e-40  138.2   8.9   2   5   4.4e-11   2.8e-09   35.7   0.1     1    65    53   120    53   123 0.92 -
TRINITY_DN15085_c0_g1_i7:212-898    -            229 573313at33208        -            258   1.4e-40  138.2   8.9   3   5   8.7e-13   5.5e-11   41.2   0.0     7    67    92   155    87   158 0.89 -
TRINITY_DN15085_c0_g1_i7:212-898    -            229 573313at33208        -            258   1.4e-40  138.2   8.9   4   5   1.4e-10   8.6e-09   34.0   0.1     2    65   120   186   119   192 0.90 -
TRINITY_DN15085_c0_g1_i7:212-898    -            229 573313at33208        -            258   1.4e-40  138.2   8.9   5   5   8.1e-11   5.1e-09   34.8   0.4     2    70   153   224   152   229 0.87 -
TRINITY_DN15085_c0_g1_i8:302-988    -            229 573313at33208        -            258   1.4e-40  138.2   8.9   1   5   1.7e-06   0.00011   20.6   0.0    15    65     1    54     1    56 0.90 -
TRINITY_DN15085_c0_g1_i8:302-988    -            229 573313at33208        -            258   1.4e-40  138.2   8.9   2   5   4.4e-11   2.8e-09   35.7   0.1     1    65    53   120    53   123 0.92 -
TRINITY_DN15085_c0_g1_i8:302-988    -            229 573313at33208        -            258   1.4e-40  138.2   8.9   3   5   8.7e-13   5.5e-11   41.2   0.0     7    67    92   155    87   158 0.89 -
TRINITY_DN15085_c0_g1_i8:302-988    -            229 573313at33208        -            258   1.4e-40  138.2   8.9   4   5   1.4e-10   8.6e-09   34.0   0.1     2    65   120   186   119   192 0.90 -
TRINITY_DN15085_c0_g1_i8:302-988    -            229 573313at33208        -            258   1.4e-40  138.2   8.9   5   5   8.1e-11   5.1e-09   34.8   0.4     2    70   153   224   152   229 0.87 -
TRINITY_DN19939_c0_g4_i1:112-792    -            227 573313at33208        -            258     3e-36  124.1   9.9   1   4   2.6e-12   1.6e-10   39.7   0.3    12    66     1    58     1    62 0.92 -
TRINITY_DN19939_c0_g4_i1:112-792    -            227 573313at33208        -            258     3e-36  124.1   9.9   2   4     7e-10   4.4e-08   31.7   0.2     2    67    57   125    56   128 0.89 -
TRINITY_DN19939_c0_g4_i1:112-792    -            227 573313at33208        -            258     3e-36  124.1   9.9   3   4   7.8e-14   4.9e-12   44.7   0.2     1    69   122   193   122   196 0.92 -
TRINITY_DN19939_c0_g4_i1:112-792    -            227 573313at33208        -            258     3e-36  124.1   9.9   4   4   2.9e-05    0.0018   16.6   0.1    10    37   197   224   192   227 0.85 -
TRINITY_DN1091_c0_g1_i2:518-1240    -            241 573313at33208        -            258   3.4e-35  120.6   0.7   1   4   5.1e-08   3.2e-06   25.6   0.1    19    65     1    50     1    57 0.89 -
TRINITY_DN1091_c0_g1_i2:518-1240    -            241 573313at33208        -            258   3.4e-35  120.6   0.7   2   4   2.1e-12   1.3e-10   40.0   0.0     5    65    54   117    51   124 0.92 -
TRINITY_DN1091_c0_g1_i2:518-1240    -            241 573313at33208        -            258   3.4e-35  120.6   0.7   3   4   1.4e-09   8.6e-08   30.8   0.0    10    65   126   184   120   189 0.90 -
TRINITY_DN1091_c0_g1_i2:518-1240    -            241 573313at33208        -            258   3.4e-35  120.6   0.7   4   4   2.1e-06   0.00013   20.4   0.0    10    54   193   240   187   241 0.88 -
TRINITY_DN1091_c0_g1_i3:518-1240    -            241 573313at33208        -            258   3.4e-35  120.6   0.7   1   4   5.1e-08   3.2e-06   25.6   0.1    19    65     1    50     1    57 0.89 -
TRINITY_DN1091_c0_g1_i3:518-1240    -            241 573313at33208        -            258   3.4e-35  120.6   0.7   2   4   2.1e-12   1.3e-10   40.0   0.0     5    65    54   117    51   124 0.92 -
TRINITY_DN1091_c0_g1_i3:518-1240    -            241 573313at33208        -            258   3.4e-35  120.6   0.7   3   4   1.4e-09   8.6e-08   30.8   0.0    10    65   126   184   120   189 0.90 -
TRINITY_DN1091_c0_g1_i3:518-1240    -            241 573313at33208        -            258   3.4e-35  120.6   0.7   4   4   2.1e-06   0.00013   20.4   0.0    10    54   193   240   187   241 0.88 -
TRINITY_DN10588_c0_g1_i14:2336-3241 -            302 573313at33208        -            258   9.6e-35  119.1   5.3   1   5   3.8e-05    0.0024   16.2   0.1     9    68     3    75     1    77 0.82 -
TRINITY_DN10588_c0_g1_i14:2336-3241 -            302 573313at33208        -            258   9.6e-35  119.1   5.3   2   5   1.1e-12   6.6e-11   41.0   0.0     1    64    71   137    71   139 0.91 -
TRINITY_DN10588_c0_g1_i14:2336-3241 -            302 573313at33208        -            258   9.6e-35  119.1   5.3   3   5   3.2e-06    0.0002   19.7   0.1     1    59   137   198   137   204 0.82 -
TRINITY_DN10588_c0_g1_i14:2336-3241 -            302 573313at33208        -            258   9.6e-35  119.1   5.3   4   5   4.4e-10   2.8e-08   32.4   0.0     3    60   208   268   206   275 0.89 -
TRINITY_DN10588_c0_g1_i14:2336-3241 -            302 573313at33208        -            258   9.6e-35  119.1   5.3   5   5   4.9e-07   3.1e-05   22.4   0.0     6    59   244   301   243   302 0.84 -
TRINITY_DN10588_c0_g1_i1:2336-3241  -            302 573313at33208        -            258   9.6e-35  119.1   5.3   1   5   3.8e-05    0.0024   16.2   0.1     9    68     3    75     1    77 0.82 -
TRINITY_DN10588_c0_g1_i1:2336-3241  -            302 573313at33208        -            258   9.6e-35  119.1   5.3   2   5   1.1e-12   6.6e-11   41.0   0.0     1    64    71   137    71   139 0.91 -
TRINITY_DN10588_c0_g1_i1:2336-3241  -            302 573313at33208        -            258   9.6e-35  119.1   5.3   3   5   3.2e-06    0.0002   19.7   0.1     1    59   137   198   137   204 0.82 -
TRINITY_DN10588_c0_g1_i1:2336-3241  -            302 573313at33208        -            258   9.6e-35  119.1   5.3   4   5   4.4e-10   2.8e-08   32.4   0.0     3    60   208   268   206   275 0.89 -
TRINITY_DN10588_c0_g1_i1:2336-3241  -            302 573313at33208        -            258   9.6e-35  119.1   5.3   5   5   4.9e-07   3.1e-05   22.4   0.0     6    59   244   301   243   302 0.84 -
TRINITY_DN10588_c0_g1_i4:2336-3241  -            302 573313at33208        -            258   9.6e-35  119.1   5.3   1   5   3.8e-05    0.0024   16.2   0.1     9    68     3    75     1    77 0.82 -
TRINITY_DN10588_c0_g1_i4:2336-3241  -            302 573313at33208        -            258   9.6e-35  119.1   5.3   2   5   1.1e-12   6.6e-11   41.0   0.0     1    64    71   137    71   139 0.91 -
TRINITY_DN10588_c0_g1_i4:2336-3241  -            302 573313at33208        -            258   9.6e-35  119.1   5.3   3   5   3.2e-06    0.0002   19.7   0.1     1    59   137   198   137   204 0.82 -
TRINITY_DN10588_c0_g1_i4:2336-3241  -            302 573313at33208        -            258   9.6e-35  119.1   5.3   4   5   4.4e-10   2.8e-08   32.4   0.0     3    60   208   268   206   275 0.89 -
TRINITY_DN10588_c0_g1_i4:2336-3241  -            302 573313at33208        -            258   9.6e-35  119.1   5.3   5   5   4.9e-07   3.1e-05   22.4   0.0     6    59   244   301   243   302 0.84 -
TRINITY_DN712_c1_g1_i5:102-4106     -           1335 573313at33208        -            258   3.2e-34  117.4  23.6   1   8    0.0005     0.031   12.6   0.0     1    46   283   332   283   342 0.90 -
TRINITY_DN712_c1_g1_i5:102-4106     -           1335 573313at33208        -            258   3.2e-34  117.4  23.6   2   8     0.016         1    7.6   0.0    12    60   346   397   337   401 0.85 -
TRINITY_DN712_c1_g1_i5:102-4106     -           1335 573313at33208        -            258   3.2e-34  117.4  23.6   3   8   8.4e-07   5.3e-05   21.6   0.1     8    66   452   513   447   533 0.89 -
TRINITY_DN712_c1_g1_i5:102-4106     -           1335 573313at33208        -            258   3.2e-34  117.4  23.6   4   8   1.8e-07   1.1e-05   23.8   0.0     2    66   753   819   752   823 0.92 -
TRINITY_DN712_c1_g1_i5:102-4106     -           1335 573313at33208        -            258   3.2e-34  117.4  23.6   5   8   6.1e-06   0.00038   18.8   0.1     8    67   824   886   820   891 0.90 -
TRINITY_DN712_c1_g1_i5:102-4106     -           1335 573313at33208        -            258   3.2e-34  117.4  23.6   6   8   0.00085     0.053   11.8   0.0     7    60   938   994   934  1016 0.88 -
TRINITY_DN712_c1_g1_i5:102-4106     -           1335 573313at33208        -            258   3.2e-34  117.4  23.6   7   8   7.6e-08   4.8e-06   25.1   0.1     5    67  1072  1137  1068  1162 0.84 -
TRINITY_DN712_c1_g1_i5:102-4106     -           1335 573313at33208        -            258   3.2e-34  117.4  23.6   8   8      0.14         9    4.5   0.0    34    70  1211  1245  1202  1251 0.85 -
TRINITY_DN712_c1_g1_i7:102-4106     -           1335 573313at33208        -            258   3.2e-34  117.4  23.6   1   8    0.0005     0.031   12.6   0.0     1    46   283   332   283   342 0.90 -
TRINITY_DN712_c1_g1_i7:102-4106     -           1335 573313at33208        -            258   3.2e-34  117.4  23.6   2   8     0.016         1    7.6   0.0    12    60   346   397   337   401 0.85 -
TRINITY_DN712_c1_g1_i7:102-4106     -           1335 573313at33208        -            258   3.2e-34  117.4  23.6   3   8   8.4e-07   5.3e-05   21.6   0.1     8    66   452   513   447   533 0.89 -
TRINITY_DN712_c1_g1_i7:102-4106     -           1335 573313at33208        -            258   3.2e-34  117.4  23.6   4   8   1.8e-07   1.1e-05   23.8   0.0     2    66   753   819   752   823 0.92 -
TRINITY_DN712_c1_g1_i7:102-4106     -           1335 573313at33208        -            258   3.2e-34  117.4  23.6   5   8   6.1e-06   0.00038   18.8   0.1     8    67   824   886   820   891 0.90 -
TRINITY_DN712_c1_g1_i7:102-4106     -           1335 573313at33208        -            258   3.2e-34  117.4  23.6   6   8   0.00085     0.053   11.8   0.0     7    60   938   994   934  1016 0.88 -
TRINITY_DN712_c1_g1_i7:102-4106     -           1335 573313at33208        -            258   3.2e-34  117.4  23.6   7   8   7.6e-08   4.8e-06   25.1   0.1     5    67  1072  1137  1068  1162 0.84 -
TRINITY_DN712_c1_g1_i7:102-4106     -           1335 573313at33208        -            258   3.2e-34  117.4  23.6   8   8      0.14         9    4.5   0.0    34    70  1211  1245  1202  1251 0.85 -
TRINITY_DN10608_c0_g1_i3:1259-2773  -            505 573313at33208        -            258     9e-34  115.9   2.5   1   6   1.5e-10   9.6e-09   33.9   0.2     1    68     3    73     3    75 0.90 -
TRINITY_DN10608_c0_g1_i3:1259-2773  -            505 573313at33208        -            258     9e-34  115.9   2.5   2   6     3e-06   0.00019   19.8   0.0     1    60    69   131    69   135 0.84 -
TRINITY_DN10608_c0_g1_i3:1259-2773  -            505 573313at33208        -            258     9e-34  115.9   2.5   3   6   4.9e-06   0.00031   19.1   0.0     5    61   146   205   140   211 0.85 -
TRINITY_DN10608_c0_g1_i3:1259-2773  -            505 573313at33208        -            258     9e-34  115.9   2.5   4   6   1.3e-07   8.2e-06   24.3   0.0     2    64   176   242   175   247 0.86 -
TRINITY_DN10608_c0_g1_i3:1259-2773  -            505 573313at33208        -            258     9e-34  115.9   2.5   5   6   1.4e-07   8.7e-06   24.2   0.0     2    62   210   273   209   276 0.87 -
TRINITY_DN10608_c0_g1_i3:1259-2773  -            505 573313at33208        -            258     9e-34  115.9   2.5   6   6   3.9e-09   2.5e-07   29.3   0.0     8    66   249   310   242   334 0.87 -
TRINITY_DN10608_c0_g1_i4:1259-2773  -            505 573313at33208        -            258     9e-34  115.9   2.5   1   6   1.5e-10   9.6e-09   33.9   0.2     1    68     3    73     3    75 0.90 -
TRINITY_DN10608_c0_g1_i4:1259-2773  -            505 573313at33208        -            258     9e-34  115.9   2.5   2   6     3e-06   0.00019   19.8   0.0     1    60    69   131    69   135 0.84 -
TRINITY_DN10608_c0_g1_i4:1259-2773  -            505 573313at33208        -            258     9e-34  115.9   2.5   3   6   4.9e-06   0.00031   19.1   0.0     5    61   146   205   140   211 0.85 -
TRINITY_DN10608_c0_g1_i4:1259-2773  -            505 573313at33208        -            258     9e-34  115.9   2.5   4   6   1.3e-07   8.2e-06   24.3   0.0     2    64   176   242   175   247 0.86 -
TRINITY_DN10608_c0_g1_i4:1259-2773  -            505 573313at33208        -            258     9e-34  115.9   2.5   5   6   1.4e-07   8.7e-06   24.2   0.0     2    62   210   273   209   276 0.87 -
TRINITY_DN10608_c0_g1_i4:1259-2773  -            505 573313at33208        -            258     9e-34  115.9   2.5   6   6   3.9e-09   2.5e-07   29.3   0.0     8    66   249   310   242   334 0.87 -
TRINITY_DN10608_c0_g1_i5:1259-2773  -            505 573313at33208        -            258     9e-34  115.9   2.5   1   6   1.5e-10   9.6e-09   33.9   0.2     1    68     3    73     3    75 0.90 -
TRINITY_DN10608_c0_g1_i5:1259-2773  -            505 573313at33208        -            258     9e-34  115.9   2.5   2   6     3e-06   0.00019   19.8   0.0     1    60    69   131    69   135 0.84 -
TRINITY_DN10608_c0_g1_i5:1259-2773  -            505 573313at33208        -            258     9e-34  115.9   2.5   3   6   4.9e-06   0.00031   19.1   0.0     5    61   146   205   140   211 0.85 -
TRINITY_DN10608_c0_g1_i5:1259-2773  -            505 573313at33208        -            258     9e-34  115.9   2.5   4   6   1.3e-07   8.2e-06   24.3   0.0     2    64   176   242   175   247 0.86 -
TRINITY_DN10608_c0_g1_i5:1259-2773  -            505 573313at33208        -            258     9e-34  115.9   2.5   5   6   1.4e-07   8.7e-06   24.2   0.0     2    62   210   273   209   276 0.87 -
TRINITY_DN10608_c0_g1_i5:1259-2773  -            505 573313at33208        -            258     9e-34  115.9   2.5   6   6   3.9e-09   2.5e-07   29.3   0.0     8    66   249   310   242   334 0.87 -
TRINITY_DN13179_c1_g1_i12:707-1618  -            304 573313at33208        -            258   8.5e-33  112.7   1.7   1   6       8.4   5.3e+02   -1.3   0.0    16    30     1    15     1    16 0.88 -
TRINITY_DN13179_c1_g1_i12:707-1618  -            304 573313at33208        -            258   8.5e-33  112.7   1.7   2   6   1.5e-09   9.4e-08   30.7   0.0     1    62    20    83    20    94 0.85 -
TRINITY_DN13179_c1_g1_i12:707-1618  -            304 573313at33208        -            258   8.5e-33  112.7   1.7   3   6   1.7e-10   1.1e-08   33.7   0.0    10    65   109   167   100   170 0.91 -
TRINITY_DN13179_c1_g1_i12:707-1618  -            304 573313at33208        -            258   8.5e-33  112.7   1.7   4   6     4e-10   2.5e-08   32.5   0.0     2    64   167   232   166   233 0.90 -
TRINITY_DN13179_c1_g1_i12:707-1618  -            304 573313at33208        -            258   8.5e-33  112.7   1.7   5   6   3.7e-07   2.3e-05   22.8   0.1     2    63   200   264   199   268 0.89 -
TRINITY_DN13179_c1_g1_i12:707-1618  -            304 573313at33208        -            258   8.5e-33  112.7   1.7   6   6     0.001     0.065   11.5   0.2     4    64   235   300   232   303 0.75 -
TRINITY_DN13179_c1_g1_i3:707-1618   -            304 573313at33208        -            258   8.5e-33  112.7   1.7   1   6       8.4   5.3e+02   -1.3   0.0    16    30     1    15     1    16 0.88 -
TRINITY_DN13179_c1_g1_i3:707-1618   -            304 573313at33208        -            258   8.5e-33  112.7   1.7   2   6   1.5e-09   9.4e-08   30.7   0.0     1    62    20    83    20    94 0.85 -
TRINITY_DN13179_c1_g1_i3:707-1618   -            304 573313at33208        -            258   8.5e-33  112.7   1.7   3   6   1.7e-10   1.1e-08   33.7   0.0    10    65   109   167   100   170 0.91 -
TRINITY_DN13179_c1_g1_i3:707-1618   -            304 573313at33208        -            258   8.5e-33  112.7   1.7   4   6     4e-10   2.5e-08   32.5   0.0     2    64   167   232   166   233 0.90 -
TRINITY_DN13179_c1_g1_i3:707-1618   -            304 573313at33208        -            258   8.5e-33  112.7   1.7   5   6   3.7e-07   2.3e-05   22.8   0.1     2    63   200   264   199   268 0.89 -
TRINITY_DN13179_c1_g1_i3:707-1618   -            304 573313at33208        -            258   8.5e-33  112.7   1.7   6   6     0.001     0.065   11.5   0.2     4    64   235   300   232   303 0.75 -
TRINITY_DN8801_c0_g1_i10:219-1019   -            267 573313at33208        -            258   2.7e-30  104.5   5.1   1   5    0.0069      0.43    8.8   0.0     9    36    29    56    19    58 0.71 -
TRINITY_DN8801_c0_g1_i10:219-1019   -            267 573313at33208        -            258   2.7e-30  104.5   5.1   2   5   3.2e-15     2e-13   49.2   0.1     3    69    56   125    54   126 0.93 -
TRINITY_DN8801_c0_g1_i10:219-1019   -            267 573313at33208        -            258   2.7e-30  104.5   5.1   3   5   3.9e-08   2.4e-06   26.0   0.0     9    38    95   124    93   135 0.84 -
TRINITY_DN8801_c0_g1_i10:219-1019   -            267 573313at33208        -            258   2.7e-30  104.5   5.1   4   5   5.7e-06   0.00036   18.9   0.6     8    65   147   208   140   211 0.79 -
TRINITY_DN8801_c0_g1_i10:219-1019   -            267 573313at33208        -            258   2.7e-30  104.5   5.1   5   5   1.1e-08   6.7e-07   27.9   0.0     1    58   207   267   207   267 0.95 -
TRINITY_DN8801_c0_g1_i13:1536-2336  -            267 573313at33208        -            258   2.7e-30  104.5   5.1   1   5    0.0069      0.43    8.8   0.0     9    36    29    56    19    58 0.71 -
TRINITY_DN8801_c0_g1_i13:1536-2336  -            267 573313at33208        -            258   2.7e-30  104.5   5.1   2   5   3.2e-15     2e-13   49.2   0.1     3    69    56   125    54   126 0.93 -
TRINITY_DN8801_c0_g1_i13:1536-2336  -            267 573313at33208        -            258   2.7e-30  104.5   5.1   3   5   3.9e-08   2.4e-06   26.0   0.0     9    38    95   124    93   135 0.84 -
TRINITY_DN8801_c0_g1_i13:1536-2336  -            267 573313at33208        -            258   2.7e-30  104.5   5.1   4   5   5.7e-06   0.00036   18.9   0.6     8    65   147   208   140   211 0.79 -
TRINITY_DN8801_c0_g1_i13:1536-2336  -            267 573313at33208        -            258   2.7e-30  104.5   5.1   5   5   1.1e-08   6.7e-07   27.9   0.0     1    58   207   267   207   267 0.95 -
TRINITY_DN8801_c0_g1_i1:219-1019    -            267 573313at33208        -            258   2.7e-30  104.5   5.1   1   5    0.0069      0.43    8.8   0.0     9    36    29    56    19    58 0.71 -
TRINITY_DN8801_c0_g1_i1:219-1019    -            267 573313at33208        -            258   2.7e-30  104.5   5.1   2   5   3.2e-15     2e-13   49.2   0.1     3    69    56   125    54   126 0.93 -
TRINITY_DN8801_c0_g1_i1:219-1019    -            267 573313at33208        -            258   2.7e-30  104.5   5.1   3   5   3.9e-08   2.4e-06   26.0   0.0     9    38    95   124    93   135 0.84 -
TRINITY_DN8801_c0_g1_i1:219-1019    -            267 573313at33208        -            258   2.7e-30  104.5   5.1   4   5   5.7e-06   0.00036   18.9   0.6     8    65   147   208   140   211 0.79 -
TRINITY_DN8801_c0_g1_i1:219-1019    -            267 573313at33208        -            258   2.7e-30  104.5   5.1   5   5   1.1e-08   6.7e-07   27.9   0.0     1    58   207   267   207   267 0.95 -
TRINITY_DN8801_c0_g1_i4:1536-2336   -            267 573313at33208        -            258   2.7e-30  104.5   5.1   1   5    0.0069      0.43    8.8   0.0     9    36    29    56    19    58 0.71 -
TRINITY_DN8801_c0_g1_i4:1536-2336   -            267 573313at33208        -            258   2.7e-30  104.5   5.1   2   5   3.2e-15     2e-13   49.2   0.1     3    69    56   125    54   126 0.93 -
TRINITY_DN8801_c0_g1_i4:1536-2336   -            267 573313at33208        -            258   2.7e-30  104.5   5.1   3   5   3.9e-08   2.4e-06   26.0   0.0     9    38    95   124    93   135 0.84 -
TRINITY_DN8801_c0_g1_i4:1536-2336   -            267 573313at33208        -            258   2.7e-30  104.5   5.1   4   5   5.7e-06   0.00036   18.9   0.6     8    65   147   208   140   211 0.79 -
TRINITY_DN8801_c0_g1_i4:1536-2336   -            267 573313at33208        -            258   2.7e-30  104.5   5.1   5   5   1.1e-08   6.7e-07   27.9   0.0     1    58   207   267   207   267 0.95 -
TRINITY_DN8801_c0_g1_i5:348-1148    -            267 573313at33208        -            258   2.7e-30  104.5   5.1   1   5    0.0069      0.43    8.8   0.0     9    36    29    56    19    58 0.71 -
TRINITY_DN8801_c0_g1_i5:348-1148    -            267 573313at33208        -            258   2.7e-30  104.5   5.1   2   5   3.2e-15     2e-13   49.2   0.1     3    69    56   125    54   126 0.93 -
TRINITY_DN8801_c0_g1_i5:348-1148    -            267 573313at33208        -            258   2.7e-30  104.5   5.1   3   5   3.9e-08   2.4e-06   26.0   0.0     9    38    95   124    93   135 0.84 -
TRINITY_DN8801_c0_g1_i5:348-1148    -            267 573313at33208        -            258   2.7e-30  104.5   5.1   4   5   5.7e-06   0.00036   18.9   0.6     8    65   147   208   140   211 0.79 -
TRINITY_DN8801_c0_g1_i5:348-1148    -            267 573313at33208        -            258   2.7e-30  104.5   5.1   5   5   1.1e-08   6.7e-07   27.9   0.0     1    58   207   267   207   267 0.95 -
TRINITY_DN13179_c1_g1_i10:716-1492  -            259 573313at33208        -            258   6.5e-30  103.3   1.0   1   4   1.1e-09     7e-08   31.1   0.0     1    62    17    80    17    92 0.85 -
TRINITY_DN13179_c1_g1_i10:716-1492  -            259 573313at33208        -            258   6.5e-30  103.3   1.0   2   4   1.3e-10   8.2e-09   34.1   0.0    10    65   106   164    97   167 0.91 -
TRINITY_DN13179_c1_g1_i10:716-1492  -            259 573313at33208        -            258   6.5e-30  103.3   1.0   3   4   2.9e-10   1.8e-08   33.0   0.0     2    64   164   229   163   231 0.90 -
TRINITY_DN13179_c1_g1_i10:716-1492  -            259 573313at33208        -            258   6.5e-30  103.3   1.0   4   4   9.5e-07     6e-05   21.5   0.1     2    61   197   259   196   259 0.88 -
TRINITY_DN29138_c1_g1_i1:345-1172   -            276 573313at33208        -            258   1.2e-28   99.2   9.2   1   4     5e-07   3.2e-05   22.4   0.1    10    59     1    53     1    60 0.91 -
TRINITY_DN29138_c1_g1_i1:345-1172   -            276 573313at33208        -            258   1.2e-28   99.2   9.2   2   4   3.7e-09   2.3e-07   29.4   1.0     4    65    61   125    58   128 0.89 -
TRINITY_DN29138_c1_g1_i1:345-1172   -            276 573313at33208        -            258   1.2e-28   99.2   9.2   3   4     2e-07   1.3e-05   23.7   0.1     1    66   124   194   124   196 0.86 -
TRINITY_DN29138_c1_g1_i1:345-1172   -            276 573313at33208        -            258   1.2e-28   99.2   9.2   4   4   2.9e-09   1.8e-07   29.7   0.0     4    68   195   262   192   269 0.87 -
TRINITY_DN29138_c1_g1_i2:345-1172   -            276 573313at33208        -            258   1.2e-28   99.2   9.2   1   4     5e-07   3.2e-05   22.4   0.1    10    59     1    53     1    60 0.91 -
TRINITY_DN29138_c1_g1_i2:345-1172   -            276 573313at33208        -            258   1.2e-28   99.2   9.2   2   4   3.7e-09   2.3e-07   29.4   1.0     4    65    61   125    58   128 0.89 -
TRINITY_DN29138_c1_g1_i2:345-1172   -            276 573313at33208        -            258   1.2e-28   99.2   9.2   3   4     2e-07   1.3e-05   23.7   0.1     1    66   124   194   124   196 0.86 -
TRINITY_DN29138_c1_g1_i2:345-1172   -            276 573313at33208        -            258   1.2e-28   99.2   9.2   4   4   2.9e-09   1.8e-07   29.7   0.0     4    68   195   262   192   269 0.87 -
TRINITY_DN29138_c1_g1_i3:100-927    -            276 573313at33208        -            258   1.2e-28   99.2   9.2   1   4     5e-07   3.2e-05   22.4   0.1    10    59     1    53     1    60 0.91 -
TRINITY_DN29138_c1_g1_i3:100-927    -            276 573313at33208        -            258   1.2e-28   99.2   9.2   2   4   3.7e-09   2.3e-07   29.4   1.0     4    65    61   125    58   128 0.89 -
TRINITY_DN29138_c1_g1_i3:100-927    -            276 573313at33208        -            258   1.2e-28   99.2   9.2   3   4     2e-07   1.3e-05   23.7   0.1     1    66   124   194   124   196 0.86 -
TRINITY_DN29138_c1_g1_i3:100-927    -            276 573313at33208        -            258   1.2e-28   99.2   9.2   4   4   2.9e-09   1.8e-07   29.7   0.0     4    68   195   262   192   269 0.87 -
TRINITY_DN36713_c0_g1_i1:213-1100   -            296 573313at33208        -            258   1.5e-28   98.8   1.5   1   5   1.2e-06   7.6e-05   21.1   0.0    11    67     1    60     1    63 0.89 -
TRINITY_DN36713_c0_g1_i1:213-1100   -            296 573313at33208        -            258   1.5e-28   98.8   1.5   2   5   6.5e-06   0.00041   18.7   0.0     3    58    59   117    57   123 0.89 -
TRINITY_DN36713_c0_g1_i1:213-1100   -            296 573313at33208        -            258   1.5e-28   98.8   1.5   3   5     0.008       0.5    8.6   0.0     6    37   129   161   124   163 0.67 -
TRINITY_DN36713_c0_g1_i1:213-1100   -            296 573313at33208        -            258   1.5e-28   98.8   1.5   4   5   4.9e-05    0.0031   15.8   0.0     1    60   158   220   158   230 0.86 -
TRINITY_DN36713_c0_g1_i1:213-1100   -            296 573313at33208        -            258   1.5e-28   98.8   1.5   5   5     6e-10   3.8e-08   32.0   0.1    10    65   235   293   228   295 0.91 -
TRINITY_DN5761_c0_g1_i4:920-1837    -            306 573313at33208        -            258   6.7e-24   83.6  10.0   1   6       3.1   1.9e+02    0.1   0.0    42    63     2    23     1    30 0.72 -
TRINITY_DN5761_c0_g1_i4:920-1837    -            306 573313at33208        -            258   6.7e-24   83.6  10.0   2   6   1.3e-08   8.1e-07   27.6   0.9     9    62    35    91    28    94 0.87 -
TRINITY_DN5761_c0_g1_i4:920-1837    -            306 573313at33208        -            258   6.7e-24   83.6  10.0   3   6   6.3e-06    0.0004   18.8   0.1     4    82    96   181    93   188 0.78 -
TRINITY_DN5761_c0_g1_i4:920-1837    -            306 573313at33208        -            258   6.7e-24   83.6  10.0   4   6   9.3e-07   5.8e-05   21.5   0.0     6    68   165   230   160   234 0.90 -
TRINITY_DN5761_c0_g1_i4:920-1837    -            306 573313at33208        -            258   6.7e-24   83.6  10.0   5   6   2.3e-09   1.5e-07   30.0   0.1     2    69   194   267   193   270 0.84 -
TRINITY_DN5761_c0_g1_i4:920-1837    -            306 573313at33208        -            258   6.7e-24   83.6  10.0   6   6    0.0078      0.49    8.6   0.0     9    37   270   298   266   306 0.84 -
TRINITY_DN19939_c0_g1_i6:636-989    -            118 573313at33208        -            258   2.6e-23   81.6   6.4   1   2   3.3e-12   2.1e-10   39.3   0.5     7    65     2    63     1    63 0.92 -
TRINITY_DN19939_c0_g1_i6:636-989    -            118 573313at33208        -            258   2.6e-23   81.6   6.4   2   2   6.9e-16   4.3e-14   51.4   0.9     9    75    37   109    32   117 0.85 -
TRINITY_DN12399_c0_g1_i11:827-1759  -            311 573313at33208        -            258     1e-22   79.7   3.1   1   5   2.8e-05    0.0018   16.7   0.0    13    71     4    65     1    67 0.84 -
TRINITY_DN12399_c0_g1_i11:827-1759  -            311 573313at33208        -            258     1e-22   79.7   3.1   2   5   3.8e-09   2.4e-07   29.3   0.1     3    69    60   132    58   135 0.86 -
TRINITY_DN12399_c0_g1_i11:827-1759  -            311 573313at33208        -            258     1e-22   79.7   3.1   3   5   8.8e-05    0.0056   15.0   0.1     1    37   127   163   127   206 0.87 -
TRINITY_DN12399_c0_g1_i11:827-1759  -            311 573313at33208        -            258     1e-22   79.7   3.1   4   5   5.5e-05    0.0035   15.7   0.0    19    62   229   276   203   287 0.87 -
TRINITY_DN12399_c0_g1_i11:827-1759  -            311 573313at33208        -            258     1e-22   79.7   3.1   5   5     0.053       3.3    5.9   0.0     2    28   285   311   284   311 0.88 -
TRINITY_DN12399_c0_g1_i4:827-1759   -            311 573313at33208        -            258     1e-22   79.7   3.1   1   5   2.8e-05    0.0018   16.7   0.0    13    71     4    65     1    67 0.84 -
TRINITY_DN12399_c0_g1_i4:827-1759   -            311 573313at33208        -            258     1e-22   79.7   3.1   2   5   3.8e-09   2.4e-07   29.3   0.1     3    69    60   132    58   135 0.86 -
TRINITY_DN12399_c0_g1_i4:827-1759   -            311 573313at33208        -            258     1e-22   79.7   3.1   3   5   8.8e-05    0.0056   15.0   0.1     1    37   127   163   127   206 0.87 -
TRINITY_DN12399_c0_g1_i4:827-1759   -            311 573313at33208        -            258     1e-22   79.7   3.1   4   5   5.5e-05    0.0035   15.7   0.0    19    62   229   276   203   287 0.87 -
TRINITY_DN12399_c0_g1_i4:827-1759   -            311 573313at33208        -            258     1e-22   79.7   3.1   5   5     0.053       3.3    5.9   0.0     2    28   285   311   284   311 0.88 -
TRINITY_DN26536_c0_g1_i4:833-1537   -            235 573313at33208        -            258   2.1e-21   75.4   3.5   1   3      0.94        59    1.8   0.0    37    63     6    32     2    38 0.84 -
TRINITY_DN26536_c0_g1_i4:833-1537   -            235 573313at33208        -            258   2.1e-21   75.4   3.5   2   3   1.1e-13   6.8e-12   44.2   0.3     5    67    37   103    33   133 0.81 -
TRINITY_DN26536_c0_g1_i4:833-1537   -            235 573313at33208        -            258   2.1e-21   75.4   3.5   3   3     6e-08   3.8e-06   25.4   0.0     5    66   153   217   147   235 0.81 -
TRINITY_DN1776_c0_g1_i1:6555-6893   -            113 573313at33208        -            258   3.2e-20   71.5   3.2   1   2   2.5e-10   1.5e-08   33.2   0.2    14    66     3    58     1    60 0.90 -
TRINITY_DN1776_c0_g1_i1:6555-6893   -            113 573313at33208        -            258   3.2e-20   71.5   3.2   2   2   6.2e-14   3.9e-12   45.0   0.3     3    82    25   108    23   110 0.87 -
TRINITY_DN1776_c0_g1_i3:6928-7266   -            113 573313at33208        -            258   3.2e-20   71.5   3.2   1   2   2.5e-10   1.5e-08   33.2   0.2    14    66     3    58     1    60 0.90 -
TRINITY_DN1776_c0_g1_i3:6928-7266   -            113 573313at33208        -            258   3.2e-20   71.5   3.2   2   2   6.2e-14   3.9e-12   45.0   0.3     3    82    25   108    23   110 0.87 -
TRINITY_DN25105_c0_g1_i1:182-559    -            126 573313at33208        -            258   2.7e-18   65.2   0.5   1   2   1.3e-11   8.1e-10   37.4   0.1    14    70     6    65     3    68 0.90 -
TRINITY_DN25105_c0_g1_i1:182-559    -            126 573313at33208        -            258   2.7e-18   65.2   0.5   2   2   2.1e-08   1.3e-06   26.9   0.0     9    60    68   122    63   126 0.90 -
TRINITY_DN25105_c0_g1_i2:182-559    -            126 573313at33208        -            258   2.7e-18   65.2   0.5   1   2   1.3e-11   8.1e-10   37.4   0.1    14    70     6    65     3    68 0.90 -
TRINITY_DN25105_c0_g1_i2:182-559    -            126 573313at33208        -            258   2.7e-18   65.2   0.5   2   2   2.1e-08   1.3e-06   26.9   0.0     9    60    68   122    63   126 0.90 -
TRINITY_DN25105_c0_g1_i3:182-559    -            126 573313at33208        -            258   2.7e-18   65.2   0.5   1   2   1.3e-11   8.1e-10   37.4   0.1    14    70     6    65     3    68 0.90 -
TRINITY_DN25105_c0_g1_i3:182-559    -            126 573313at33208        -            258   2.7e-18   65.2   0.5   2   2   2.1e-08   1.3e-06   26.9   0.0     9    60    68   122    63   126 0.90 -
TRINITY_DN25105_c0_g1_i6:182-559    -            126 573313at33208        -            258   2.7e-18   65.2   0.5   1   2   1.3e-11   8.1e-10   37.4   0.1    14    70     6    65     3    68 0.90 -
TRINITY_DN25105_c0_g1_i6:182-559    -            126 573313at33208        -            258   2.7e-18   65.2   0.5   2   2   2.1e-08   1.3e-06   26.9   0.0     9    60    68   122    63   126 0.90 -
TRINITY_DN1776_c0_g1_i1:4563-4937   -            125 573313at33208        -            258   3.5e-18   64.8   1.1   1   3   1.7e-11   1.1e-09   37.0   0.1     7    64     2    63     1    67 0.87 -
TRINITY_DN1776_c0_g1_i1:4563-4937   -            125 573313at33208        -            258   3.5e-18   64.8   1.1   2   3   3.1e-10     2e-08   32.9   0.1     5    66    34    98    31   103 0.89 -
TRINITY_DN1776_c0_g1_i1:4563-4937   -            125 573313at33208        -            258   3.5e-18   64.8   1.1   3   3     0.037       2.3    6.4   0.1     8    28   105   125   100   125 0.88 -
TRINITY_DN1776_c0_g1_i3:4936-5310   -            125 573313at33208        -            258   3.5e-18   64.8   1.1   1   3   1.7e-11   1.1e-09   37.0   0.1     7    64     2    63     1    67 0.87 -
TRINITY_DN1776_c0_g1_i3:4936-5310   -            125 573313at33208        -            258   3.5e-18   64.8   1.1   2   3   3.1e-10     2e-08   32.9   0.1     5    66    34    98    31   103 0.89 -
TRINITY_DN1776_c0_g1_i3:4936-5310   -            125 573313at33208        -            258   3.5e-18   64.8   1.1   3   3     0.037       2.3    6.4   0.1     8    28   105   125   100   125 0.88 -
TRINITY_DN10967_c0_g1_i2:1996-2493  -            166 573313at33208        -            258   8.1e-17   60.3   0.0   1   2   5.7e-11   3.6e-09   35.3   0.0     1    64    29    95    29    99 0.92 -
TRINITY_DN10967_c0_g1_i2:1996-2493  -            166 573313at33208        -            258   8.1e-17   60.3   0.0   2   2   3.3e-07   2.1e-05   23.0   0.0     5    64   101   163    97   166 0.84 -
TRINITY_DN26536_c0_g1_i1:1553-2236  -            228 573313at33208        -            258   1.1e-15   56.6   0.5   1   2   2.6e-09   1.7e-07   29.8   0.0     3    64    40   104    38   106 0.91 -
TRINITY_DN26536_c0_g1_i1:1553-2236  -            228 573313at33208        -            258   1.1e-15   56.6   0.5   2   2   6.3e-08     4e-06   25.3   0.1     1    59   104   165   104   172 0.80 -
TRINITY_DN26536_c0_g1_i4:104-391    -             96 573313at33208        -            258   2.9e-15   55.3   0.2   1   2   2.2e-10   1.4e-08   33.4   0.0     2    65     2    68     1    70 0.91 -
TRINITY_DN26536_c0_g1_i4:104-391    -             96 573313at33208        -            258   2.9e-15   55.3   0.2   2   2   6.6e-07   4.1e-05   22.0   0.0     1    29    67    95    67    96 0.97 -
TRINITY_DN13179_c1_g1_i6:311-709    -            133 573313at33208        -            258     4e-15   54.8   0.1   1   3   6.3e-09     4e-07   28.6   0.0     1    66     7    76     7    78 0.89 -
TRINITY_DN13179_c1_g1_i6:311-709    -            133 573313at33208        -            258     4e-15   54.8   0.1   2   3     1e-07   6.3e-06   24.7   0.0     1    61    41   104    41   106 0.89 -
TRINITY_DN13179_c1_g1_i6:311-709    -            133 573313at33208        -            258     4e-15   54.8   0.1   3   3    0.0029      0.18   10.0   0.0     1    27   107   133   107   133 0.90 -
TRINITY_DN5088_c0_g1_i2:407-745     -            113 573313at33208        -            258     6e-15   54.2   0.2   1   2      0.84        53    2.0   0.0    54    67     4    17     1    20 0.56 -
TRINITY_DN5088_c0_g1_i2:407-745     -            113 573313at33208        -            258     6e-15   54.2   0.2   2   2   2.4e-16   1.5e-14   52.9   0.2     2    89    15   109    14   113 0.88 -
TRINITY_DN5088_c0_g1_i8:407-745     -            113 573313at33208        -            258     6e-15   54.2   0.2   1   2      0.84        53    2.0   0.0    54    67     4    17     1    20 0.56 -
TRINITY_DN5088_c0_g1_i8:407-745     -            113 573313at33208        -            258     6e-15   54.2   0.2   2   2   2.4e-16   1.5e-14   52.9   0.2     2    89    15   109    14   113 0.88 -
TRINITY_DN19450_c0_g1_i7:1159-1512  -            118 573313at33208        -            258   6.5e-15   54.1   0.0   1   2   2.7e-05    0.0017   16.7   0.0    18    61     7    53     1    57 0.84 -
TRINITY_DN19450_c0_g1_i7:1159-1512  -            118 573313at33208        -            258   6.5e-15   54.1   0.0   2   2   7.3e-13   4.6e-11   41.5   0.0     2    89    24   118    24   118 0.88 -
TRINITY_DN15155_c0_g1_i1:3367-3642  -             92 573313at33208        -            258   1.6e-14   52.8   0.3   1   1   2.2e-15   1.4e-13   49.8   0.3     1    85     1    91     1    91 0.88 -
TRINITY_DN15155_c0_g1_i3:3367-3642  -             92 573313at33208        -            258   1.6e-14   52.8   0.3   1   1   2.2e-15   1.4e-13   49.8   0.3     1    85     1    91     1    91 0.88 -
TRINITY_DN15155_c0_g1_i5:3367-3642  -             92 573313at33208        -            258   1.6e-14   52.8   0.3   1   1   2.2e-15   1.4e-13   49.8   0.3     1    85     1    91     1    91 0.88 -
TRINITY_DN8801_c0_g1_i10:777-1082   -            102 573313at33208        -            258   1.9e-14   52.6   0.2   1   2   4.9e-06   0.00031   19.1   0.0     1    37    21    57    21    62 0.95 -
TRINITY_DN8801_c0_g1_i10:777-1082   -            102 573313at33208        -            258   1.9e-14   52.6   0.2   2   2   1.2e-08   7.7e-07   27.7   0.0     3    46    56   102    55   102 0.87 -
TRINITY_DN8801_c0_g1_i1:777-1082    -            102 573313at33208        -            258   1.9e-14   52.6   0.2   1   2   4.9e-06   0.00031   19.1   0.0     1    37    21    57    21    62 0.95 -
TRINITY_DN8801_c0_g1_i1:777-1082    -            102 573313at33208        -            258   1.9e-14   52.6   0.2   2   2   1.2e-08   7.7e-07   27.7   0.0     3    46    56   102    55   102 0.87 -
TRINITY_DN8801_c0_g1_i5:906-1211    -            102 573313at33208        -            258   1.9e-14   52.6   0.2   1   2   4.9e-06   0.00031   19.1   0.0     1    37    21    57    21    62 0.95 -
TRINITY_DN8801_c0_g1_i5:906-1211    -            102 573313at33208        -            258   1.9e-14   52.6   0.2   2   2   1.2e-08   7.7e-07   27.7   0.0     3    46    56   102    55   102 0.87 -
TRINITY_DN15155_c0_g1_i1:2704-3087  -            128 573313at33208        -            258   3.7e-14   51.7   1.8   1   3     0.012      0.73    8.1   0.0    24    63     5    47     2    51 0.62 -
TRINITY_DN15155_c0_g1_i1:2704-3087  -            128 573313at33208        -            258   3.7e-14   51.7   1.8   2   3     6e-10   3.8e-08   31.9   0.2     1    68    15    85    15    87 0.93 -
TRINITY_DN15155_c0_g1_i1:2704-3087  -            128 573313at33208        -            258   3.7e-14   51.7   1.8   3   3   8.9e-07   5.6e-05   21.6   0.0     1    37    81   117    81   128 0.82 -
TRINITY_DN15155_c0_g1_i3:2704-3087  -            128 573313at33208        -            258   3.7e-14   51.7   1.8   1   3     0.012      0.73    8.1   0.0    24    63     5    47     2    51 0.62 -
TRINITY_DN15155_c0_g1_i3:2704-3087  -            128 573313at33208        -            258   3.7e-14   51.7   1.8   2   3     6e-10   3.8e-08   31.9   0.2     1    68    15    85    15    87 0.93 -
TRINITY_DN15155_c0_g1_i3:2704-3087  -            128 573313at33208        -            258   3.7e-14   51.7   1.8   3   3   8.9e-07   5.6e-05   21.6   0.0     1    37    81   117    81   128 0.82 -
TRINITY_DN15155_c0_g1_i5:2704-3087  -            128 573313at33208        -            258   3.7e-14   51.7   1.8   1   3     0.012      0.73    8.1   0.0    24    63     5    47     2    51 0.62 -
TRINITY_DN15155_c0_g1_i5:2704-3087  -            128 573313at33208        -            258   3.7e-14   51.7   1.8   2   3     6e-10   3.8e-08   31.9   0.2     1    68    15    85    15    87 0.93 -
TRINITY_DN15155_c0_g1_i5:2704-3087  -            128 573313at33208        -            258   3.7e-14   51.7   1.8   3   3   8.9e-07   5.6e-05   21.6   0.0     1    37    81   117    81   128 0.82 -
TRINITY_DN8441_c0_g1_i3:1611-1952   -            114 573313at33208        -            258     4e-14   51.5   0.0   1   1   1.3e-15   8.4e-14   50.5   0.0     2    64    21    86    20   114 0.88 -
TRINITY_DN8441_c0_g1_i4:1519-1860   -            114 573313at33208        -            258     4e-14   51.5   0.0   1   1   1.3e-15   8.4e-14   50.5   0.0     2    64    21    86    20   114 0.88 -
TRINITY_DN8441_c0_g1_i7:1598-1939   -            114 573313at33208        -            258     4e-14   51.5   0.0   1   1   1.3e-15   8.4e-14   50.5   0.0     2    64    21    86    20   114 0.88 -
TRINITY_DN2714_c0_g1_i12:385-741    -            119 573313at33208        -            258   6.3e-14   50.9   1.8   1   2   7.3e-05    0.0046   15.3   0.1     3    66     4    37     1    39 0.55 -
TRINITY_DN2714_c0_g1_i12:385-741    -            119 573313at33208        -            258   6.3e-14   50.9   1.8   2   2   4.4e-12   2.7e-10   39.0   0.2     1    65    35   102    35   118 0.89 -
TRINITY_DN2714_c0_g1_i1:385-741     -            119 573313at33208        -            258   6.3e-14   50.9   1.8   1   2   7.3e-05    0.0046   15.3   0.1     3    66     4    37     1    39 0.55 -
TRINITY_DN2714_c0_g1_i1:385-741     -            119 573313at33208        -            258   6.3e-14   50.9   1.8   2   2   4.4e-12   2.7e-10   39.0   0.2     1    65    35   102    35   118 0.89 -
TRINITY_DN2714_c0_g1_i2:385-741     -            119 573313at33208        -            258   6.3e-14   50.9   1.8   1   2   7.3e-05    0.0046   15.3   0.1     3    66     4    37     1    39 0.55 -
TRINITY_DN2714_c0_g1_i2:385-741     -            119 573313at33208        -            258   6.3e-14   50.9   1.8   2   2   4.4e-12   2.7e-10   39.0   0.2     1    65    35   102    35   118 0.89 -
TRINITY_DN2714_c0_g1_i5:385-741     -            119 573313at33208        -            258   6.3e-14   50.9   1.8   1   2   7.3e-05    0.0046   15.3   0.1     3    66     4    37     1    39 0.55 -
TRINITY_DN2714_c0_g1_i5:385-741     -            119 573313at33208        -            258   6.3e-14   50.9   1.8   2   2   4.4e-12   2.7e-10   39.0   0.2     1    65    35   102    35   118 0.89 -
TRINITY_DN2714_c0_g1_i6:385-741     -            119 573313at33208        -            258   6.3e-14   50.9   1.8   1   2   7.3e-05    0.0046   15.3   0.1     3    66     4    37     1    39 0.55 -
TRINITY_DN2714_c0_g1_i6:385-741     -            119 573313at33208        -            258   6.3e-14   50.9   1.8   2   2   4.4e-12   2.7e-10   39.0   0.2     1    65    35   102    35   118 0.89 -
TRINITY_DN9087_c0_g1_i1:115-2424    -            770 573313at33208        -            258   3.2e-13   48.6   0.1   1   2   2.8e-11   1.7e-09   36.3   0.0     6    62   157   216   152   226 0.87 -
TRINITY_DN9087_c0_g1_i1:115-2424    -            770 573313at33208        -            258   3.2e-13   48.6   0.1   2   2   5.3e-06   0.00034   19.0   0.0     5    91   189   283   188   308 0.85 -
TRINITY_DN9087_c0_g1_i2:115-2424    -            770 573313at33208        -            258   3.2e-13   48.6   0.1   1   2   2.8e-11   1.7e-09   36.3   0.0     6    62   157   216   152   226 0.87 -
TRINITY_DN9087_c0_g1_i2:115-2424    -            770 573313at33208        -            258   3.2e-13   48.6   0.1   2   2   5.3e-06   0.00034   19.0   0.0     5    91   189   283   188   308 0.85 -
TRINITY_DN1776_c0_g1_i1:7245-7595   -            117 573313at33208        -            258   3.6e-13   48.4   0.6   1   2   0.00051     0.032   12.5   0.1    12    66     2    59     1    64 0.74 -
TRINITY_DN1776_c0_g1_i1:7245-7595   -            117 573313at33208        -            258   3.6e-13   48.4   0.6   2   2   1.2e-10   7.3e-09   34.3   0.1     8    57    65   117    58   117 0.88 -
TRINITY_DN1776_c0_g1_i3:7618-7968   -            117 573313at33208        -            258   3.6e-13   48.4   0.6   1   2   0.00051     0.032   12.5   0.1    12    66     2    59     1    64 0.74 -
TRINITY_DN1776_c0_g1_i3:7618-7968   -            117 573313at33208        -            258   3.6e-13   48.4   0.6   2   2   1.2e-10   7.3e-09   34.3   0.1     8    57    65   117    58   117 0.88 -
TRINITY_DN8801_c0_g1_i13:291-560    -             90 573313at33208        -            258   4.4e-13   48.1   0.0   1   1   7.5e-15   4.7e-13   48.0   0.0     3    75     3    81     1    88 0.89 -
TRINITY_DN8801_c0_g1_i4:291-560     -             90 573313at33208        -            258   4.4e-13   48.1   0.0   1   1   7.5e-15   4.7e-13   48.0   0.0     3    75     3    81     1    88 0.89 -
TRINITY_DN19939_c2_g1_i1:22-303     -             94 573313at33208        -            258   6.3e-13   47.6   1.6   1   2         1        65    1.7   0.0    24    37     2    15     1    17 0.77 -
TRINITY_DN19939_c2_g1_i1:22-303     -             94 573313at33208        -            258   6.3e-13   47.6   1.6   2   2   3.1e-14     2e-12   46.0   0.8     1    66    12    80    12    94 0.89 -
TRINITY_DN8441_c0_g1_i3:171-830     -            220 573313at33208        -            258   9.1e-13   47.1   2.9   1   4     5e-07   3.2e-05   22.4   0.1    12    80     1    78     1    82 0.82 -
TRINITY_DN8441_c0_g1_i3:171-830     -            220 573313at33208        -            258   9.1e-13   47.1   2.9   2   4     0.012      0.73    8.1   0.0     2    30    60    88    59   133 0.84 -
TRINITY_DN8441_c0_g1_i3:171-830     -            220 573313at33208        -            258   9.1e-13   47.1   2.9   3   4      0.48        30    2.8   0.0    18    63   113   161    95   163 0.72 -
TRINITY_DN8441_c0_g1_i3:171-830     -            220 573313at33208        -            258   9.1e-13   47.1   2.9   4   4   2.8e-06   0.00018   19.9   0.2    21    83   149   218   138   220 0.82 -
TRINITY_DN8441_c0_g1_i4:79-738      -            220 573313at33208        -            258   9.1e-13   47.1   2.9   1   4     5e-07   3.2e-05   22.4   0.1    12    80     1    78     1    82 0.82 -
TRINITY_DN8441_c0_g1_i4:79-738      -            220 573313at33208        -            258   9.1e-13   47.1   2.9   2   4     0.012      0.73    8.1   0.0     2    30    60    88    59   133 0.84 -
TRINITY_DN8441_c0_g1_i4:79-738      -            220 573313at33208        -            258   9.1e-13   47.1   2.9   3   4      0.48        30    2.8   0.0    18    63   113   161    95   163 0.72 -
TRINITY_DN8441_c0_g1_i4:79-738      -            220 573313at33208        -            258   9.1e-13   47.1   2.9   4   4   2.8e-06   0.00018   19.9   0.2    21    83   149   218   138   220 0.82 -
TRINITY_DN8441_c0_g1_i7:158-817     -            220 573313at33208        -            258   9.1e-13   47.1   2.9   1   4     5e-07   3.2e-05   22.4   0.1    12    80     1    78     1    82 0.82 -
TRINITY_DN8441_c0_g1_i7:158-817     -            220 573313at33208        -            258   9.1e-13   47.1   2.9   2   4     0.012      0.73    8.1   0.0     2    30    60    88    59   133 0.84 -
TRINITY_DN8441_c0_g1_i7:158-817     -            220 573313at33208        -            258   9.1e-13   47.1   2.9   3   4      0.48        30    2.8   0.0    18    63   113   161    95   163 0.72 -
TRINITY_DN8441_c0_g1_i7:158-817     -            220 573313at33208        -            258   9.1e-13   47.1   2.9   4   4   2.8e-06   0.00018   19.9   0.2    21    83   149   218   138   220 0.82 -
TRINITY_DN19450_c0_g1_i1:1159-1512  -            118 573313at33208        -            258   1.3e-12   46.6   0.1   1   2   2.9e-05    0.0018   16.6   0.0    18    61     7    53     1    56 0.84 -
TRINITY_DN19450_c0_g1_i1:1159-1512  -            118 573313at33208        -            258   1.3e-12   46.6   0.1   2   2   2.3e-08   1.4e-06   26.8   0.0     2    37    58    93    57   117 0.74 -
TRINITY_DN17512_c0_g1_i16:3979-4419 -            147 573313at33208        -            258   1.6e-12   46.3   2.6   1   2     2e-11   1.2e-09   36.8   0.4     9    72    39   105    36   106 0.93 -
TRINITY_DN17512_c0_g1_i16:3979-4419 -            147 573313at33208        -            258   1.6e-12   46.3   2.6   2   2   0.00053     0.033   12.5   0.2     6    45   102   144   100   146 0.84 -
TRINITY_DN17512_c0_g1_i5:4039-4479  -            147 573313at33208        -            258   1.6e-12   46.3   2.6   1   2     2e-11   1.2e-09   36.8   0.4     9    72    39   105    36   106 0.93 -
TRINITY_DN17512_c0_g1_i5:4039-4479  -            147 573313at33208        -            258   1.6e-12   46.3   2.6   2   2   0.00053     0.033   12.5   0.2     6    45   102   144   100   146 0.84 -
TRINITY_DN13676_c0_g1_i13:115-888   -            258 573313at33208        -            258   2.1e-12   45.9   1.2   1   3   8.3e-08   5.2e-06   24.9   0.1     1    88    12   105    12   114 0.89 -
TRINITY_DN13676_c0_g1_i13:115-888   -            258 573313at33208        -            258   2.1e-12   45.9   1.2   2   3   3.8e-05    0.0024   16.2   0.1     3    84   115   204   113   210 0.78 -
TRINITY_DN13676_c0_g1_i13:115-888   -            258 573313at33208        -            258   2.1e-12   45.9   1.2   3   3      0.78        49    2.1   0.0     1    35   215   249   215   257 0.87 -
TRINITY_DN13676_c0_g1_i5:115-888    -            258 573313at33208        -            258   2.1e-12   45.9   1.2   1   3   8.3e-08   5.2e-06   24.9   0.1     1    88    12   105    12   114 0.89 -
TRINITY_DN13676_c0_g1_i5:115-888    -            258 573313at33208        -            258   2.1e-12   45.9   1.2   2   3   3.8e-05    0.0024   16.2   0.1     3    84   115   204   113   210 0.78 -
TRINITY_DN13676_c0_g1_i5:115-888    -            258 573313at33208        -            258   2.1e-12   45.9   1.2   3   3      0.78        49    2.1   0.0     1    35   215   249   215   257 0.87 -
TRINITY_DN13676_c0_g1_i9:115-888    -            258 573313at33208        -            258   2.1e-12   45.9   1.2   1   3   8.3e-08   5.2e-06   24.9   0.1     1    88    12   105    12   114 0.89 -
TRINITY_DN13676_c0_g1_i9:115-888    -            258 573313at33208        -            258   2.1e-12   45.9   1.2   2   3   3.8e-05    0.0024   16.2   0.1     3    84   115   204   113   210 0.78 -
TRINITY_DN13676_c0_g1_i9:115-888    -            258 573313at33208        -            258   2.1e-12   45.9   1.2   3   3      0.78        49    2.1   0.0     1    35   215   249   215   257 0.87 -
TRINITY_DN957_c2_g1_i1:1161-1421    -             87 573313at33208        -            258   2.5e-12   45.6   0.2   1   2      0.14       8.8    4.5   0.0    23    38     2    17     1    19 0.82 -
TRINITY_DN957_c2_g1_i1:1161-1421    -             87 573313at33208        -            258   2.5e-12   45.6   0.2   2   2   6.5e-13   4.1e-11   41.7   0.1     1    66    13    81    13    85 0.92 -
TRINITY_DN9027_c0_g1_i2:847-1155    -            103 573313at33208        -            258   3.4e-12   45.2   0.1   1   2      0.25        16    3.7   0.0    12    35     8    34     4    38 0.77 -
TRINITY_DN9027_c0_g1_i2:847-1155    -            103 573313at33208        -            258   3.4e-12   45.2   0.1   2   2   1.6e-12     1e-10   40.4   0.0     7    65    39   100    33   103 0.87 -
TRINITY_DN11874_c0_g1_i1:1355-1699  -            115 573313at33208        -            258   6.5e-12   44.3   0.2   1   2   0.00022     0.014   13.7   0.0     2    42     3    43     2    55 0.91 -
TRINITY_DN11874_c0_g1_i1:1355-1699  -            115 573313at33208        -            258   6.5e-12   44.3   0.2   2   2   3.3e-09   2.1e-07   29.5   0.1    20    69    57   110    42   114 0.84 -
TRINITY_DN11874_c0_g1_i2:1355-1699  -            115 573313at33208        -            258   6.5e-12   44.3   0.2   1   2   0.00022     0.014   13.7   0.0     2    42     3    43     2    55 0.91 -
TRINITY_DN11874_c0_g1_i2:1355-1699  -            115 573313at33208        -            258   6.5e-12   44.3   0.2   2   2   3.3e-09   2.1e-07   29.5   0.1    20    69    57   110    42   114 0.84 -
TRINITY_DN126247_c0_g1_i1:58-312    -             85 573313at33208        -            258   6.5e-12   44.3   0.0   1   1   1.1e-13   7.2e-12   44.1   0.0     7    84     1    85     1    85 0.88 -
TRINITY_DN7847_c0_g1_i1:520-750     -             77 573313at33208        -            258   1.1e-11   43.5   0.0   1   1     2e-13   1.3e-11   43.3   0.0     2    66     3    70     2    76 0.90 -
TRINITY_DN8364_c0_g1_i2:5076-5345   -             90 573313at33208        -            258   1.9e-11   42.8   0.0   1   1   3.6e-13   2.3e-11   42.5   0.0     3    65    11    76     1    88 0.90 -
TRINITY_DN8364_c0_g1_i7:5076-5345   -             90 573313at33208        -            258   1.9e-11   42.8   0.0   1   1   3.6e-13   2.3e-11   42.5   0.0     3    65    11    76     1    88 0.90 -
TRINITY_DN141682_c0_g1_i1:727-1005  -             93 573313at33208        -            258   1.9e-11   42.7   0.0   1   1   4.7e-13   2.9e-11   42.1   0.0     2    63    25    89    22    92 0.89 -
TRINITY_DN858_c1_g2_i1:433-810      -            126 573313at33208        -            258   2.4e-11   42.4   0.3   1   1   4.7e-13     3e-11   42.1   0.3     1    76    11    92    11   104 0.86 -
TRINITY_DN858_c1_g2_i2:524-901      -            126 573313at33208        -            258   2.4e-11   42.4   0.3   1   1   4.7e-13     3e-11   42.1   0.3     1    76    11    92    11   104 0.86 -
TRINITY_DN19057_c0_g1_i3:2560-2844  -             95 573313at33208        -            258   6.5e-11   41.0   0.1   1   1   1.6e-12     1e-10   40.4   0.0     2    76    14    95    13    95 0.91 -
TRINITY_DN19057_c0_g1_i5:2560-2844  -             95 573313at33208        -            258   6.5e-11   41.0   0.1   1   1   1.6e-12     1e-10   40.4   0.0     2    76    14    95    13    95 0.91 -
TRINITY_DN19057_c0_g1_i7:2560-2844  -             95 573313at33208        -            258   6.5e-11   41.0   0.1   1   1   1.6e-12     1e-10   40.4   0.0     2    76    14    95    13    95 0.91 -
TRINITY_DN19057_c0_g1_i8:1890-2174  -             95 573313at33208        -            258   6.5e-11   41.0   0.1   1   1   1.6e-12     1e-10   40.4   0.0     2    76    14    95    13    95 0.91 -
TRINITY_DN17333_c0_g1_i1:4305-4514  -             70 573313at33208        -            258   8.5e-11   40.6   0.0   1   1   1.9e-12   1.2e-10   40.2   0.0     1    63     5    70     5    70 0.96 -
TRINITY_DN17333_c0_g1_i4:4317-4526  -             70 573313at33208        -            258   8.5e-11   40.6   0.0   1   1   1.9e-12   1.2e-10   40.2   0.0     1    63     5    70     5    70 0.96 -
TRINITY_DN16689_c0_g1_i1:2365-2661  -             99 573313at33208        -            258   1.2e-10   40.1   0.1   1   1   2.3e-12   1.4e-10   39.9   0.1     1    65    26    93    26    98 0.89 -
TRINITY_DN16689_c0_g1_i4:2365-2661  -             99 573313at33208        -            258   1.2e-10   40.1   0.1   1   1   2.3e-12   1.4e-10   39.9   0.1     1    65    26    93    26    98 0.89 -
TRINITY_DN16689_c0_g1_i5:2365-2661  -             99 573313at33208        -            258   1.2e-10   40.1   0.1   1   1   2.3e-12   1.4e-10   39.9   0.1     1    65    26    93    26    98 0.89 -
TRINITY_DN6050_c0_g1_i3:419-700     -             94 573313at33208        -            258   4.3e-10   38.3   0.1   1   1   3.1e-11   1.9e-09   36.2   0.1     5    85     1    92     1    94 0.74 -
TRINITY_DN6050_c0_g1_i5:419-700     -             94 573313at33208        -            258   4.3e-10   38.3   0.1   1   1   3.1e-11   1.9e-09   36.2   0.1     5    85     1    92     1    94 0.74 -
TRINITY_DN1619_c0_g1_i4:3527-3772   -             82 573313at33208        -            258   4.5e-10   38.3   0.0   1   1   7.8e-12   4.9e-10   38.1   0.0     2    66     1    70     1    79 0.90 -
TRINITY_DN1619_c0_g1_i8:3551-3796   -             82 573313at33208        -            258   4.5e-10   38.3   0.0   1   1   7.8e-12   4.9e-10   38.1   0.0     2    66     1    70     1    79 0.90 -
TRINITY_DN10608_c0_g1_i3:791-1105   -            105 573313at33208        -            258   5.6e-10   37.9   0.4   1   2   1.4e-06   8.7e-05   20.9   0.0    23    59     2    41     1    46 0.85 -
TRINITY_DN10608_c0_g1_i3:791-1105   -            105 573313at33208        -            258   5.6e-10   37.9   0.4   2   2   5.4e-05    0.0034   15.7   0.1     3    54    49   103    47   105 0.85 -
TRINITY_DN10608_c0_g1_i4:791-1105   -            105 573313at33208        -            258   5.6e-10   37.9   0.4   1   2   1.4e-06   8.7e-05   20.9   0.0    23    59     2    41     1    46 0.85 -
TRINITY_DN10608_c0_g1_i4:791-1105   -            105 573313at33208        -            258   5.6e-10   37.9   0.4   2   2   5.4e-05    0.0034   15.7   0.1     3    54    49   103    47   105 0.85 -
TRINITY_DN10608_c0_g1_i5:791-1105   -            105 573313at33208        -            258   5.6e-10   37.9   0.4   1   2   1.4e-06   8.7e-05   20.9   0.0    23    59     2    41     1    46 0.85 -
TRINITY_DN10608_c0_g1_i5:791-1105   -            105 573313at33208        -            258   5.6e-10   37.9   0.4   2   2   5.4e-05    0.0034   15.7   0.1     3    54    49   103    47   105 0.85 -
TRINITY_DN11902_c0_g1_i4:60-1361    -            434 573313at33208        -            258   6.7e-10   37.7   3.5   1   1   2.5e-11   1.6e-09   36.5   3.5   203   258   377   431   350   431 0.80 -
TRINITY_DN11902_c0_g1_i5:60-1361    -            434 573313at33208        -            258   6.7e-10   37.7   3.5   1   1   2.5e-11   1.6e-09   36.5   3.5   203   258   377   431   350   431 0.80 -
TRINITY_DN11902_c0_g1_i6:60-1361    -            434 573313at33208        -            258   6.7e-10   37.7   3.5   1   1   2.5e-11   1.6e-09   36.5   3.5   203   258   377   431   350   431 0.80 -
TRINITY_DN11902_c0_g1_i2:60-1361    -            434 573313at33208        -            258   7.1e-10   37.6   3.5   1   1   2.6e-11   1.6e-09   36.4   3.5   204   258   378   431   352   431 0.80 -
TRINITY_DN8813_c0_g1_i2:650-928     -             93 573313at33208        -            258   7.7e-10   37.5   0.0   1   1   1.5e-11   9.1e-10   37.2   0.0     2    61    29    91    28    93 0.90 -
TRINITY_DN8813_c0_g1_i3:650-928     -             93 573313at33208        -            258   7.7e-10   37.5   0.0   1   1   1.5e-11   9.1e-10   37.2   0.0     2    61    29    91    28    93 0.90 -
TRINITY_DN8813_c0_g1_i4:650-928     -             93 573313at33208        -            258   7.7e-10   37.5   0.0   1   1   1.5e-11   9.1e-10   37.2   0.0     2    61    29    91    28    93 0.90 -
TRINITY_DN4389_c0_g1_i1:120-821     -            234 573313at33208        -            258   9.5e-10   37.2   0.0   1   1   2.3e-11   1.5e-09   36.6   0.0     3    68   154   222   152   233 0.88 -
TRINITY_DN16736_c0_g1_i1:327-677    -            117 573313at33208        -            258   1.7e-09   36.4   0.0   1   1   3.5e-11   2.2e-09   36.0   0.0     2    67    29    97    28   102 0.91 -
TRINITY_DN16736_c0_g1_i3:825-1175   -            117 573313at33208        -            258   1.7e-09   36.4   0.0   1   1   3.5e-11   2.2e-09   36.0   0.0     2    67    29    97    28   102 0.91 -
TRINITY_DN20730_c0_g1_i1:269-565    -             99 573313at33208        -            258   2.3e-09   35.9   0.1   1   1   4.9e-11   3.1e-09   35.5   0.1     1    64    19    85    19    89 0.91 -
TRINITY_DN20730_c0_g1_i4:306-602    -             99 573313at33208        -            258   2.3e-09   35.9   0.1   1   1   4.9e-11   3.1e-09   35.5   0.1     1    64    19    85    19    89 0.91 -
TRINITY_DN20730_c0_g1_i3:531-794    -             88 573313at33208        -            258   6.2e-09   34.5   0.0   1   1   9.8e-11   6.2e-09   34.5   0.0     3    64     3    66     1    88 0.85 -
TRINITY_DN5761_c0_g1_i1:3260-3562   -            101 573313at33208        -            258   8.3e-09   34.1   0.5   1   2   1.2e-06   7.3e-05   21.2   0.2    18    66     3    55     1    57 0.84 -
TRINITY_DN5761_c0_g1_i1:3260-3562   -            101 573313at33208        -            258   8.3e-09   34.1   0.5   2   2   0.00058     0.037   12.3   0.0     4    33    56    85    53   101 0.67 -
TRINITY_DN5761_c0_g1_i3:3121-3423   -            101 573313at33208        -            258   8.3e-09   34.1   0.5   1   2   1.2e-06   7.3e-05   21.2   0.2    18    66     3    55     1    57 0.84 -
TRINITY_DN5761_c0_g1_i3:3121-3423   -            101 573313at33208        -            258   8.3e-09   34.1   0.5   2   2   0.00058     0.037   12.3   0.0     4    33    56    85    53   101 0.67 -
TRINITY_DN5761_c0_g1_i7:1226-1528   -            101 573313at33208        -            258   8.3e-09   34.1   0.5   1   2   1.2e-06   7.3e-05   21.2   0.2    18    66     3    55     1    57 0.84 -
TRINITY_DN5761_c0_g1_i7:1226-1528   -            101 573313at33208        -            258   8.3e-09   34.1   0.5   2   2   0.00058     0.037   12.3   0.0     4    33    56    85    53   101 0.67 -
TRINITY_DN5761_c0_g1_i8:3260-3562   -            101 573313at33208        -            258   8.3e-09   34.1   0.5   1   2   1.2e-06   7.3e-05   21.2   0.2    18    66     3    55     1    57 0.84 -
TRINITY_DN5761_c0_g1_i8:3260-3562   -            101 573313at33208        -            258   8.3e-09   34.1   0.5   2   2   0.00058     0.037   12.3   0.0     4    33    56    85    53   101 0.67 -
TRINITY_DN18195_c0_g1_i1:6-239      -             78 573313at33208        -            258     2e-08   32.9   0.0   1   1   3.5e-10   2.2e-08   32.7   0.0     5    64    13    76     9    78 0.88 -
TRINITY_DN29575_c1_g1_i1:2029-2325  -             99 573313at33208        -            258   4.9e-08   31.6   0.0   1   1     9e-10   5.7e-08   31.4   0.0     1    64    13    80    13    99 0.82 -
TRINITY_DN56421_c0_g1_i1:385-945    -            187 573313at33208        -            258   5.4e-08   31.4   2.5   1   1   1.5e-09   9.6e-08   30.6   2.5   204   258    19    73    10    73 0.86 -
TRINITY_DN8441_c0_g1_i1:30-305      -             92 573313at33208        -            258     9e-08   30.7   0.2   1   2   6.3e-08   3.9e-06   25.3   0.1    12    80     1    78     1    80 0.82 -
TRINITY_DN8441_c0_g1_i1:30-305      -             92 573313at33208        -            258     9e-08   30.7   0.2   2   2    0.0053      0.34    9.2   0.0     2    29    60    87    59    92 0.91 -
TRINITY_DN29490_c0_g1_i3:695-895    -             67 573313at33208        -            258   2.6e-07   29.2   0.0   1   1   4.5e-09   2.8e-07   29.1   0.0     2    60     4    64     3    66 0.93 -
TRINITY_DN29490_c0_g1_i4:695-895    -             67 573313at33208        -            258   2.6e-07   29.2   0.0   1   1   4.5e-09   2.8e-07   29.1   0.0     2    60     4    64     3    66 0.93 -
TRINITY_DN29490_c0_g1_i5:695-895    -             67 573313at33208        -            258   2.6e-07   29.2   0.0   1   1   4.5e-09   2.8e-07   29.1   0.0     2    60     4    64     3    66 0.93 -
TRINITY_DN9853_c0_g1_i10:6785-7018  -             78 573313at33208        -            258   4.6e-07   28.4   8.1   1   1   8.2e-09   5.2e-07   28.2   8.1   220   258    32    72    21    72 0.88 -
TRINITY_DN29575_c2_g1_i7:3073-3309  -             79 573313at33208        -            258   7.3e-07   27.7   0.0   1   1   1.4e-08   8.7e-07   27.5   0.0     5    67     1    67     1    79 0.86 -
TRINITY_DN10651_c0_g2_i1:159-1058   -            300 573313at33208        -            258   0.00012   20.5   0.0   1   1   2.8e-06   0.00017   19.9   0.0    36   106   119   192   115   237 0.82 -
TRINITY_DN16349_c0_g1_i4:159-1328   -            390 573313at33208        -            258     0.022   13.1   0.1   1   1    0.0008     0.051   11.9   0.1   217   252    64    99    20   102 0.90 -
TRINITY_DN1339_c0_g1_i1:334-774     -            147 573313at33208        -            258     0.077   11.3   0.0   1   1    0.0015     0.092   11.0   0.0   133   194    82   143    58   147 0.83 -
TRINITY_DN1339_c0_g1_i2:334-774     -            147 573313at33208        -            258     0.077   11.3   0.0   1   1    0.0015     0.092   11.0   0.0   133   194    82   143    58   147 0.83 -
TRINITY_DN33268_c0_g1_i2:145-798    -            218 573313at33208        -            258      0.22    9.8   1.9   1   1    0.0051      0.32    9.2   1.9   219   245   173   199   154   212 0.85 -
#
# Program:         hmmsearch
# Version:         3.1b2 (February 2015)
# Pipeline mode:   SEARCH
# Query file:      /busco_wd/busco_downloads/lineages/metazoa_odb10/hmms/573313at33208.hmm
# Target file:     /busco_wd/BUSCO/run_metazoa_odb10/metaeuk_output/initial_results/Trinity.fasta.modified.fas
# Option settings: hmmsearch --domtblout /busco_wd/BUSCO/run_metazoa_odb10/hmmer_output/initial_run_results/573313at33208.out --cpu 1 /busco_wd/busco_downloads/lineages/metazoa_odb10/hmms/573313at33208.hmm /busco_wd/BUSCO/run_metazoa_odb10/metaeuk_output/initial_results/Trinity.fasta.modified.fas 
# Current dir:     /busco_wd
# Date:            Tue Nov 23 09:04:12 2021
# [ok]
