#                                                                                           --- full sequence --- -------------- this domain -------------   hmm coord   ali coord   env coord
# target name                       accession   tlen query name           accession   qlen   E-value  score  bias   #  of  c-Evalue  i-Evalue  score  bias  from    to  from    to  from    to  acc description of target
#               ------------------- ---------- ----- -------------------- ---------- ----- --------- ------ ----- --- --- --------- --------- ------ ----- ----- ----- ----- ----- ----- ----- ---- ---------------------
TRINITY_DN170_c0_g1_i10:175-882     -            236 578734at33208        -            193   8.6e-54  180.9   7.7   1   1   6.9e-54   3.9e-52  175.5   7.7     1   193     1   236     1   236 0.83 -
TRINITY_DN170_c0_g1_i11:211-918     -            236 578734at33208        -            193   8.6e-54  180.9   7.7   1   1   6.9e-54   3.9e-52  175.5   7.7     1   193     1   236     1   236 0.83 -
TRINITY_DN170_c0_g1_i1:208-915      -            236 578734at33208        -            193   8.6e-54  180.9   7.7   1   1   6.9e-54   3.9e-52  175.5   7.7     1   193     1   236     1   236 0.83 -
TRINITY_DN170_c0_g1_i2:209-916      -            236 578734at33208        -            193   8.6e-54  180.9   7.7   1   1   6.9e-54   3.9e-52  175.5   7.7     1   193     1   236     1   236 0.83 -
TRINITY_DN7707_c0_g1_i5:917-2281    -            455 578734at33208        -            193   1.4e-32  111.7  25.6   1   6     0.013      0.72    8.2   0.0    81   134    18    75     4    78 0.51 -
TRINITY_DN7707_c0_g1_i5:917-2281    -            455 578734at33208        -            193   1.4e-32  111.7  25.6   2   6   1.7e-06   9.8e-05   20.9   0.3    66   112   120   169   109   169 0.85 -
TRINITY_DN7707_c0_g1_i5:917-2281    -            455 578734at33208        -            193   1.4e-32  111.7  25.6   3   6   1.7e-09   9.7e-08   30.7   1.4    67   149   167   258   165   262 0.82 -
TRINITY_DN7707_c0_g1_i5:917-2281    -            455 578734at33208        -            193   1.4e-32  111.7  25.6   4   6    0.0014     0.077   11.4   0.1    29    93   201   262   201   294 0.62 -
TRINITY_DN7707_c0_g1_i5:917-2281    -            455 578734at33208        -            193   1.4e-32  111.7  25.6   5   6   1.2e-11   6.8e-10   37.7   0.9    66   148   320   411   314   412 0.88 -
TRINITY_DN7707_c0_g1_i5:917-2281    -            455 578734at33208        -            193   1.4e-32  111.7  25.6   6   6   9.9e-09   5.6e-07   28.2   0.9    54   119   377   445   373   455 0.87 -
TRINITY_DN7707_c0_g1_i2:917-2281    -            455 578734at33208        -            193   3.1e-32  110.6  25.9   1   6     0.061       3.4    6.0   0.0    81   148    18    73     5    75 0.52 -
TRINITY_DN7707_c0_g1_i2:917-2281    -            455 578734at33208        -            193   3.1e-32  110.6  25.9   2   6   5.1e-07   2.9e-05   22.6   0.2    66   115   120   172   114   175 0.85 -
TRINITY_DN7707_c0_g1_i2:917-2281    -            455 578734at33208        -            193   3.1e-32  110.6  25.9   3   6   1.6e-09   8.8e-08   30.8   1.2    67   149   167   258   166   262 0.82 -
TRINITY_DN7707_c0_g1_i2:917-2281    -            455 578734at33208        -            193   3.1e-32  110.6  25.9   4   6    0.0013      0.07   11.5   0.1    29    93   201   262   201   310 0.66 -
TRINITY_DN7707_c0_g1_i2:917-2281    -            455 578734at33208        -            193   3.1e-32  110.6  25.9   5   6   1.1e-11   6.1e-10   37.8   0.9    66   149   320   412   314   413 0.88 -
TRINITY_DN7707_c0_g1_i2:917-2281    -            455 578734at33208        -            193   3.1e-32  110.6  25.9   6   6   1.1e-08   5.9e-07   28.1   1.0    54   119   377   445   373   455 0.87 -
TRINITY_DN28124_c0_g1_i1:413-1828   -            472 578734at33208        -            193   1.4e-31  108.4  20.9   1   6   4.2e-11   2.3e-09   35.9   2.0    71   149     2    89     1    91 0.86 -
TRINITY_DN28124_c0_g1_i1:413-1828   -            472 578734at33208        -            193   1.4e-31  108.4  20.9   2   6   3.1e-08   1.7e-06   26.6   0.2    67   112    67   115    66   118 0.85 -
TRINITY_DN28124_c0_g1_i1:413-1828   -            472 578734at33208        -            193   1.4e-31  108.4  20.9   3   6   8.9e-07     5e-05   21.8   0.0    68   147    91   179    89   181 0.83 -
TRINITY_DN28124_c0_g1_i1:413-1828   -            472 578734at33208        -            193   1.4e-31  108.4  20.9   4   6     1e-06   5.7e-05   21.6   0.1    40   121   132   216   118   241 0.67 -
TRINITY_DN28124_c0_g1_i1:413-1828   -            472 578734at33208        -            193   1.4e-31  108.4  20.9   5   6   4.2e-05    0.0024   16.3   0.1    75   117   321   367   297   369 0.78 -
TRINITY_DN28124_c0_g1_i1:413-1828   -            472 578734at33208        -            193   1.4e-31  108.4  20.9   6   6   5.3e-08     3e-06   25.8   2.8    68   148   361   451   359   472 0.59 -
TRINITY_DN7707_c0_g1_i9:917-2047    -            377 578734at33208        -            193     1e-29  102.4  23.0   1   5   1.1e-08   6.1e-07   28.1   3.2    73   148     3    87     1    88 0.81 -
TRINITY_DN7707_c0_g1_i9:917-2047    -            377 578734at33208        -            193     1e-29  102.4  23.0   2   5   1.2e-09   6.9e-08   31.1   1.2    67   149    89   180    88   184 0.82 -
TRINITY_DN7707_c0_g1_i9:917-2047    -            377 578734at33208        -            193     1e-29  102.4  23.0   3   5   0.00094     0.052   12.0   0.2    29    93   123   184   123   232 0.66 -
TRINITY_DN7707_c0_g1_i9:917-2047    -            377 578734at33208        -            193     1e-29  102.4  23.0   4   5   8.4e-12   4.7e-10   38.2   0.9    66   148   242   333   234   334 0.88 -
TRINITY_DN7707_c0_g1_i9:917-2047    -            377 578734at33208        -            193     1e-29  102.4  23.0   5   5   7.6e-09   4.2e-07   28.6   0.9    54   119   299   367   295   376 0.87 -
TRINITY_DN46809_c0_g1_i2:250-1260   -            337 578734at33208        -            193   2.2e-23   81.7  14.4   1   4   0.00095     0.053   11.9   0.1    40    94    42    97    35   100 0.85 -
TRINITY_DN46809_c0_g1_i2:250-1260   -            337 578734at33208        -            193   2.2e-23   81.7  14.4   2   4   8.4e-11   4.7e-09   34.9   2.2    67   149    93   184    92   185 0.83 -
TRINITY_DN46809_c0_g1_i2:250-1260   -            337 578734at33208        -            193   2.2e-23   81.7  14.4   3   4   2.7e-10   1.5e-08   33.3   1.5    67   148   185   275   183   279 0.86 -
TRINITY_DN46809_c0_g1_i2:250-1260   -            337 578734at33208        -            193   2.2e-23   81.7  14.4   4   4     0.001     0.059   11.8   0.0    72   113   283   328   276   332 0.80 -
TRINITY_DN46809_c0_g1_i1:1061-2077  -            339 578734at33208        -            193   2.7e-23   81.4  14.6   1   4   0.00081     0.045   12.2   0.1    41    95    43    98    36   101 0.85 -
TRINITY_DN46809_c0_g1_i1:1061-2077  -            339 578734at33208        -            193   2.7e-23   81.4  14.6   2   4   9.1e-11   5.1e-09   34.8   2.3    67   149    93   184    92   185 0.83 -
TRINITY_DN46809_c0_g1_i1:1061-2077  -            339 578734at33208        -            193   2.7e-23   81.4  14.6   3   4   3.1e-10   1.8e-08   33.1   1.6    67   148   185   275   183   278 0.86 -
TRINITY_DN46809_c0_g1_i1:1061-2077  -            339 578734at33208        -            193   2.7e-23   81.4  14.6   4   4    0.0011     0.059   11.8   0.0    72   113   283   328   276   332 0.80 -
TRINITY_DN3531_c0_g1_i11:4153-4908  -            252 578734at33208        -            193   6.3e-23   80.2   6.3   1   4    0.0012     0.065   11.6   0.0   101   148     6    60     1    62 0.72 -
TRINITY_DN3531_c0_g1_i11:4153-4908  -            252 578734at33208        -            193   6.3e-23   80.2   6.3   2   4   6.1e-11   3.4e-09   35.4   1.1    67   149    62   153    60   154 0.87 -
TRINITY_DN3531_c0_g1_i11:4153-4908  -            252 578734at33208        -            193   6.3e-23   80.2   6.3   3   4   6.9e-12   3.9e-10   38.5   0.1    67   149   131   222   127   223 0.89 -
TRINITY_DN3531_c0_g1_i11:4153-4908  -            252 578734at33208        -            193   6.3e-23   80.2   6.3   4   4     0.095       5.3    5.4   0.0    67    94   223   250   221   252 0.92 -
TRINITY_DN3531_c0_g1_i12:4182-4937  -            252 578734at33208        -            193   6.3e-23   80.2   6.3   1   4    0.0012     0.065   11.6   0.0   101   148     6    60     1    62 0.72 -
TRINITY_DN3531_c0_g1_i12:4182-4937  -            252 578734at33208        -            193   6.3e-23   80.2   6.3   2   4   6.1e-11   3.4e-09   35.4   1.1    67   149    62   153    60   154 0.87 -
TRINITY_DN3531_c0_g1_i12:4182-4937  -            252 578734at33208        -            193   6.3e-23   80.2   6.3   3   4   6.9e-12   3.9e-10   38.5   0.1    67   149   131   222   127   223 0.89 -
TRINITY_DN3531_c0_g1_i12:4182-4937  -            252 578734at33208        -            193   6.3e-23   80.2   6.3   4   4     0.095       5.3    5.4   0.0    67    94   223   250   221   252 0.92 -
TRINITY_DN3531_c0_g1_i5:4168-4923   -            252 578734at33208        -            193   6.3e-23   80.2   6.3   1   4    0.0012     0.065   11.6   0.0   101   148     6    60     1    62 0.72 -
TRINITY_DN3531_c0_g1_i5:4168-4923   -            252 578734at33208        -            193   6.3e-23   80.2   6.3   2   4   6.1e-11   3.4e-09   35.4   1.1    67   149    62   153    60   154 0.87 -
TRINITY_DN3531_c0_g1_i5:4168-4923   -            252 578734at33208        -            193   6.3e-23   80.2   6.3   3   4   6.9e-12   3.9e-10   38.5   0.1    67   149   131   222   127   223 0.89 -
TRINITY_DN3531_c0_g1_i5:4168-4923   -            252 578734at33208        -            193   6.3e-23   80.2   6.3   4   4     0.095       5.3    5.4   0.0    67    94   223   250   221   252 0.92 -
TRINITY_DN3531_c0_g1_i6:385-1140    -            252 578734at33208        -            193   6.3e-23   80.2   6.3   1   4    0.0012     0.065   11.6   0.0   101   148     6    60     1    62 0.72 -
TRINITY_DN3531_c0_g1_i6:385-1140    -            252 578734at33208        -            193   6.3e-23   80.2   6.3   2   4   6.1e-11   3.4e-09   35.4   1.1    67   149    62   153    60   154 0.87 -
TRINITY_DN3531_c0_g1_i6:385-1140    -            252 578734at33208        -            193   6.3e-23   80.2   6.3   3   4   6.9e-12   3.9e-10   38.5   0.1    67   149   131   222   127   223 0.89 -
TRINITY_DN3531_c0_g1_i6:385-1140    -            252 578734at33208        -            193   6.3e-23   80.2   6.3   4   4     0.095       5.3    5.4   0.0    67    94   223   250   221   252 0.92 -
TRINITY_DN3531_c0_g1_i8:3822-4577   -            252 578734at33208        -            193   6.3e-23   80.2   6.3   1   4    0.0012     0.065   11.6   0.0   101   148     6    60     1    62 0.72 -
TRINITY_DN3531_c0_g1_i8:3822-4577   -            252 578734at33208        -            193   6.3e-23   80.2   6.3   2   4   6.1e-11   3.4e-09   35.4   1.1    67   149    62   153    60   154 0.87 -
TRINITY_DN3531_c0_g1_i8:3822-4577   -            252 578734at33208        -            193   6.3e-23   80.2   6.3   3   4   6.9e-12   3.9e-10   38.5   0.1    67   149   131   222   127   223 0.89 -
TRINITY_DN3531_c0_g1_i8:3822-4577   -            252 578734at33208        -            193   6.3e-23   80.2   6.3   4   4     0.095       5.3    5.4   0.0    67    94   223   250   221   252 0.92 -
TRINITY_DN3531_c0_g1_i9:4153-4908   -            252 578734at33208        -            193   6.3e-23   80.2   6.3   1   4    0.0012     0.065   11.6   0.0   101   148     6    60     1    62 0.72 -
TRINITY_DN3531_c0_g1_i9:4153-4908   -            252 578734at33208        -            193   6.3e-23   80.2   6.3   2   4   6.1e-11   3.4e-09   35.4   1.1    67   149    62   153    60   154 0.87 -
TRINITY_DN3531_c0_g1_i9:4153-4908   -            252 578734at33208        -            193   6.3e-23   80.2   6.3   3   4   6.9e-12   3.9e-10   38.5   0.1    67   149   131   222   127   223 0.89 -
TRINITY_DN3531_c0_g1_i9:4153-4908   -            252 578734at33208        -            193   6.3e-23   80.2   6.3   4   4     0.095       5.3    5.4   0.0    67    94   223   250   221   252 0.92 -
TRINITY_DN1918_c0_g1_i11:57-1187    -            377 578734at33208        -            193   2.8e-22   78.1  35.2   1   4   0.00037     0.021   13.3   1.1    66   118    19    74    10    81 0.83 -
TRINITY_DN1918_c0_g1_i11:57-1187    -            377 578734at33208        -            193   2.8e-22   78.1  35.2   2   4   1.8e-08     1e-06   27.3  11.0    39   148    71   182    70   187 0.84 -
TRINITY_DN1918_c0_g1_i11:57-1187    -            377 578734at33208        -            193   2.8e-22   78.1  35.2   3   4   1.5e-11   8.4e-10   37.4   9.3    23   155   166   307   164   318 0.81 -
TRINITY_DN1918_c0_g1_i11:57-1187    -            377 578734at33208        -            193   2.8e-22   78.1  35.2   4   4   0.00078     0.044   12.2   0.7   120   148   320   348   311   353 0.88 -
TRINITY_DN1918_c0_g1_i7:57-1187     -            377 578734at33208        -            193   2.8e-22   78.1  35.2   1   4   0.00037     0.021   13.3   1.1    66   118    19    74    10    81 0.83 -
TRINITY_DN1918_c0_g1_i7:57-1187     -            377 578734at33208        -            193   2.8e-22   78.1  35.2   2   4   1.8e-08     1e-06   27.3  11.0    39   148    71   182    70   187 0.84 -
TRINITY_DN1918_c0_g1_i7:57-1187     -            377 578734at33208        -            193   2.8e-22   78.1  35.2   3   4   1.5e-11   8.4e-10   37.4   9.3    23   155   166   307   164   318 0.81 -
TRINITY_DN1918_c0_g1_i7:57-1187     -            377 578734at33208        -            193   2.8e-22   78.1  35.2   4   4   0.00078     0.044   12.2   0.7   120   148   320   348   311   353 0.88 -
TRINITY_DN1918_c0_g1_i8:57-1187     -            377 578734at33208        -            193   2.8e-22   78.1  35.2   1   4   0.00037     0.021   13.3   1.1    66   118    19    74    10    81 0.83 -
TRINITY_DN1918_c0_g1_i8:57-1187     -            377 578734at33208        -            193   2.8e-22   78.1  35.2   2   4   1.8e-08     1e-06   27.3  11.0    39   148    71   182    70   187 0.84 -
TRINITY_DN1918_c0_g1_i8:57-1187     -            377 578734at33208        -            193   2.8e-22   78.1  35.2   3   4   1.5e-11   8.4e-10   37.4   9.3    23   155   166   307   164   318 0.81 -
TRINITY_DN1918_c0_g1_i8:57-1187     -            377 578734at33208        -            193   2.8e-22   78.1  35.2   4   4   0.00078     0.044   12.2   0.7   120   148   320   348   311   353 0.88 -
TRINITY_DN10796_c0_g1_i14:157-933   -            259 578734at33208        -            193   1.8e-18   65.7   9.9   1   4   1.2e-06   6.9e-05   21.4   1.6    74   118    31    78    19    79 0.84 -
TRINITY_DN10796_c0_g1_i14:157-933   -            259 578734at33208        -            193   1.8e-18   65.7   9.9   2   4   1.7e-08   9.6e-07   27.4   0.1    67   150    70   162    69   163 0.87 -
TRINITY_DN10796_c0_g1_i14:157-933   -            259 578734at33208        -            193   1.8e-18   65.7   9.9   3   4    0.0037       0.2   10.0   0.0    67    93   162   188   160   193 0.91 -
TRINITY_DN10796_c0_g1_i14:157-933   -            259 578734at33208        -            193   1.8e-18   65.7   9.9   4   4   3.7e-06   0.00021   19.8   0.5    67   131   185   258   184   259 0.78 -
TRINITY_DN10796_c0_g1_i1:157-933    -            259 578734at33208        -            193   1.8e-18   65.7   9.9   1   4   1.2e-06   6.9e-05   21.4   1.6    74   118    31    78    19    79 0.84 -
TRINITY_DN10796_c0_g1_i1:157-933    -            259 578734at33208        -            193   1.8e-18   65.7   9.9   2   4   1.7e-08   9.6e-07   27.4   0.1    67   150    70   162    69   163 0.87 -
TRINITY_DN10796_c0_g1_i1:157-933    -            259 578734at33208        -            193   1.8e-18   65.7   9.9   3   4    0.0037       0.2   10.0   0.0    67    93   162   188   160   193 0.91 -
TRINITY_DN10796_c0_g1_i1:157-933    -            259 578734at33208        -            193   1.8e-18   65.7   9.9   4   4   3.7e-06   0.00021   19.8   0.5    67   131   185   258   184   259 0.78 -
TRINITY_DN10796_c0_g1_i6:157-933    -            259 578734at33208        -            193   1.8e-18   65.7   9.9   1   4   1.2e-06   6.9e-05   21.4   1.6    74   118    31    78    19    79 0.84 -
TRINITY_DN10796_c0_g1_i6:157-933    -            259 578734at33208        -            193   1.8e-18   65.7   9.9   2   4   1.7e-08   9.6e-07   27.4   0.1    67   150    70   162    69   163 0.87 -
TRINITY_DN10796_c0_g1_i6:157-933    -            259 578734at33208        -            193   1.8e-18   65.7   9.9   3   4    0.0037       0.2   10.0   0.0    67    93   162   188   160   193 0.91 -
TRINITY_DN10796_c0_g1_i6:157-933    -            259 578734at33208        -            193   1.8e-18   65.7   9.9   4   4   3.7e-06   0.00021   19.8   0.5    67   131   185   258   184   259 0.78 -
TRINITY_DN10796_c0_g1_i9:157-933    -            259 578734at33208        -            193   1.8e-18   65.7   9.9   1   4   1.2e-06   6.9e-05   21.4   1.6    74   118    31    78    19    79 0.84 -
TRINITY_DN10796_c0_g1_i9:157-933    -            259 578734at33208        -            193   1.8e-18   65.7   9.9   2   4   1.7e-08   9.6e-07   27.4   0.1    67   150    70   162    69   163 0.87 -
TRINITY_DN10796_c0_g1_i9:157-933    -            259 578734at33208        -            193   1.8e-18   65.7   9.9   3   4    0.0037       0.2   10.0   0.0    67    93   162   188   160   193 0.91 -
TRINITY_DN10796_c0_g1_i9:157-933    -            259 578734at33208        -            193   1.8e-18   65.7   9.9   4   4   3.7e-06   0.00021   19.8   0.5    67   131   185   258   184   259 0.78 -
TRINITY_DN68025_c0_g1_i1:598-1944   -            449 578734at33208        -            193   2.4e-18   65.2  21.9   1   6   1.9e-05     0.001   17.5   0.4    25   104    21    98     3   104 0.60 -
TRINITY_DN68025_c0_g1_i1:598-1944   -            449 578734at33208        -            193   2.4e-18   65.2  21.9   2   6    0.0037      0.21   10.0   0.4    72   110   107   148    87   153 0.74 -
TRINITY_DN68025_c0_g1_i1:598-1944   -            449 578734at33208        -            193   2.4e-18   65.2  21.9   3   6   9.1e-05    0.0051   15.3   1.0    78   148   136   211   134   215 0.82 -
TRINITY_DN68025_c0_g1_i1:598-1944   -            449 578734at33208        -            193   2.4e-18   65.2  21.9   4   6    0.0065      0.37    9.2   0.2    75   128   156   214   154   257 0.50 -
TRINITY_DN68025_c0_g1_i1:598-1944   -            449 578734at33208        -            193   2.4e-18   65.2  21.9   5   6   2.8e-05    0.0016   16.9   1.0    32   127   204   322   196   326 0.63 -
TRINITY_DN68025_c0_g1_i1:598-1944   -            449 578734at33208        -            193   2.4e-18   65.2  21.9   6   6     8e-07   4.5e-05   22.0   1.8    41   122   330   414   326   428 0.85 -
TRINITY_DN13766_c0_g1_i1:137-766    -            210 578734at33208        -            193     7e-18   63.7  20.8   1   3   1.8e-08   9.9e-07   27.4   1.3    42   115     6    82     2    85 0.86 -
TRINITY_DN13766_c0_g1_i1:137-766    -            210 578734at33208        -            193     7e-18   63.7  20.8   2   3     1e-13   5.6e-12   44.5   6.7    67   149    54   145    53   147 0.88 -
TRINITY_DN13766_c0_g1_i1:137-766    -            210 578734at33208        -            193     7e-18   63.7  20.8   3   3   0.00019     0.011   14.2   0.3    67   101   146   180   144   191 0.87 -
TRINITY_DN13766_c0_g1_i2:137-766    -            210 578734at33208        -            193     7e-18   63.7  20.8   1   3   1.8e-08   9.9e-07   27.4   1.3    42   115     6    82     2    85 0.86 -
TRINITY_DN13766_c0_g1_i2:137-766    -            210 578734at33208        -            193     7e-18   63.7  20.8   2   3     1e-13   5.6e-12   44.5   6.7    67   149    54   145    53   147 0.88 -
TRINITY_DN13766_c0_g1_i2:137-766    -            210 578734at33208        -            193     7e-18   63.7  20.8   3   3   0.00019     0.011   14.2   0.3    67   101   146   180   144   191 0.87 -
TRINITY_DN7707_c0_g1_i10:917-1591   -            225 578734at33208        -            193   5.8e-17   60.8   2.8   1   3      0.21        12    4.3   0.0    68   111     7    56     3    65 0.70 -
TRINITY_DN7707_c0_g1_i10:917-1591   -            225 578734at33208        -            193   5.8e-17   60.8   2.8   2   3   6.2e-12   3.5e-10   38.6   0.9    66   148    90   181    81   181 0.88 -
TRINITY_DN7707_c0_g1_i10:917-1591   -            225 578734at33208        -            193   5.8e-17   60.8   2.8   3   3   2.6e-09   1.5e-07   30.1   0.9    54   119   147   215   142   225 0.87 -
TRINITY_DN7707_c0_g1_i4:682-1356    -            225 578734at33208        -            193   5.8e-17   60.8   2.8   1   3      0.21        12    4.3   0.0    68   111     7    56     3    65 0.70 -
TRINITY_DN7707_c0_g1_i4:682-1356    -            225 578734at33208        -            193   5.8e-17   60.8   2.8   2   3   6.2e-12   3.5e-10   38.6   0.9    66   148    90   181    81   181 0.88 -
TRINITY_DN7707_c0_g1_i4:682-1356    -            225 578734at33208        -            193   5.8e-17   60.8   2.8   3   3   2.6e-09   1.5e-07   30.1   0.9    54   119   147   215   142   225 0.87 -
TRINITY_DN11583_c0_g1_i3:4514-5026  -            171 578734at33208        -            193   1.1e-16   59.8   8.8   1   3   4.7e-11   2.6e-09   35.8   0.7    31   111     7    96     2   101 0.85 -
TRINITY_DN11583_c0_g1_i3:4514-5026  -            171 578734at33208        -            193   1.1e-16   59.8   8.8   2   3   1.6e-06     9e-05   21.0   0.5    72   114   101   147    96   153 0.79 -
TRINITY_DN11583_c0_g1_i3:4514-5026  -            171 578734at33208        -            193   1.1e-16   59.8   8.8   3   3     0.022       1.2    7.5   0.1    91   111   151   171   146   171 0.86 -
TRINITY_DN11583_c0_g1_i5:4514-5026  -            171 578734at33208        -            193   1.1e-16   59.8   8.8   1   3   4.7e-11   2.6e-09   35.8   0.7    31   111     7    96     2   101 0.85 -
TRINITY_DN11583_c0_g1_i5:4514-5026  -            171 578734at33208        -            193   1.1e-16   59.8   8.8   2   3   1.6e-06     9e-05   21.0   0.5    72   114   101   147    96   153 0.79 -
TRINITY_DN11583_c0_g1_i5:4514-5026  -            171 578734at33208        -            193   1.1e-16   59.8   8.8   3   3     0.022       1.2    7.5   0.1    91   111   151   171   146   171 0.86 -
TRINITY_DN4468_c0_g1_i10:236-928    -            231 578734at33208        -            193   4.3e-15   54.6   9.6   1   3       1.5        81    1.5   0.0    87   113    23    54    15    59 0.63 -
TRINITY_DN4468_c0_g1_i10:236-928    -            231 578734at33208        -            193   4.3e-15   54.6   9.6   2   3   3.3e-08   1.9e-06   26.5   1.5    67   148    51   139    42   141 0.88 -
TRINITY_DN4468_c0_g1_i10:236-928    -            231 578734at33208        -            193   4.3e-15   54.6   9.6   3   3   1.8e-09     1e-07   30.6   3.4    55   141   139   224   116   227 0.77 -
TRINITY_DN4468_c0_g1_i12:236-928    -            231 578734at33208        -            193   4.3e-15   54.6   9.6   1   3       1.5        81    1.5   0.0    87   113    23    54    15    59 0.63 -
TRINITY_DN4468_c0_g1_i12:236-928    -            231 578734at33208        -            193   4.3e-15   54.6   9.6   2   3   3.3e-08   1.9e-06   26.5   1.5    67   148    51   139    42   141 0.88 -
TRINITY_DN4468_c0_g1_i12:236-928    -            231 578734at33208        -            193   4.3e-15   54.6   9.6   3   3   1.8e-09     1e-07   30.6   3.4    55   141   139   224   116   227 0.77 -
TRINITY_DN4468_c0_g1_i13:236-928    -            231 578734at33208        -            193   4.3e-15   54.6   9.6   1   3       1.5        81    1.5   0.0    87   113    23    54    15    59 0.63 -
TRINITY_DN4468_c0_g1_i13:236-928    -            231 578734at33208        -            193   4.3e-15   54.6   9.6   2   3   3.3e-08   1.9e-06   26.5   1.5    67   148    51   139    42   141 0.88 -
TRINITY_DN4468_c0_g1_i13:236-928    -            231 578734at33208        -            193   4.3e-15   54.6   9.6   3   3   1.8e-09     1e-07   30.6   3.4    55   141   139   224   116   227 0.77 -
TRINITY_DN4468_c0_g1_i15:236-928    -            231 578734at33208        -            193   4.3e-15   54.6   9.6   1   3       1.5        81    1.5   0.0    87   113    23    54    15    59 0.63 -
TRINITY_DN4468_c0_g1_i15:236-928    -            231 578734at33208        -            193   4.3e-15   54.6   9.6   2   3   3.3e-08   1.9e-06   26.5   1.5    67   148    51   139    42   141 0.88 -
TRINITY_DN4468_c0_g1_i15:236-928    -            231 578734at33208        -            193   4.3e-15   54.6   9.6   3   3   1.8e-09     1e-07   30.6   3.4    55   141   139   224   116   227 0.77 -
TRINITY_DN4468_c0_g1_i16:236-928    -            231 578734at33208        -            193   4.3e-15   54.6   9.6   1   3       1.5        81    1.5   0.0    87   113    23    54    15    59 0.63 -
TRINITY_DN4468_c0_g1_i16:236-928    -            231 578734at33208        -            193   4.3e-15   54.6   9.6   2   3   3.3e-08   1.9e-06   26.5   1.5    67   148    51   139    42   141 0.88 -
TRINITY_DN4468_c0_g1_i16:236-928    -            231 578734at33208        -            193   4.3e-15   54.6   9.6   3   3   1.8e-09     1e-07   30.6   3.4    55   141   139   224   116   227 0.77 -
TRINITY_DN4468_c0_g1_i20:236-928    -            231 578734at33208        -            193   4.3e-15   54.6   9.6   1   3       1.5        81    1.5   0.0    87   113    23    54    15    59 0.63 -
TRINITY_DN4468_c0_g1_i20:236-928    -            231 578734at33208        -            193   4.3e-15   54.6   9.6   2   3   3.3e-08   1.9e-06   26.5   1.5    67   148    51   139    42   141 0.88 -
TRINITY_DN4468_c0_g1_i20:236-928    -            231 578734at33208        -            193   4.3e-15   54.6   9.6   3   3   1.8e-09     1e-07   30.6   3.4    55   141   139   224   116   227 0.77 -
TRINITY_DN4468_c0_g1_i26:236-928    -            231 578734at33208        -            193   4.3e-15   54.6   9.6   1   3       1.5        81    1.5   0.0    87   113    23    54    15    59 0.63 -
TRINITY_DN4468_c0_g1_i26:236-928    -            231 578734at33208        -            193   4.3e-15   54.6   9.6   2   3   3.3e-08   1.9e-06   26.5   1.5    67   148    51   139    42   141 0.88 -
TRINITY_DN4468_c0_g1_i26:236-928    -            231 578734at33208        -            193   4.3e-15   54.6   9.6   3   3   1.8e-09     1e-07   30.6   3.4    55   141   139   224   116   227 0.77 -
TRINITY_DN4468_c0_g1_i28:236-928    -            231 578734at33208        -            193   4.3e-15   54.6   9.6   1   3       1.5        81    1.5   0.0    87   113    23    54    15    59 0.63 -
TRINITY_DN4468_c0_g1_i28:236-928    -            231 578734at33208        -            193   4.3e-15   54.6   9.6   2   3   3.3e-08   1.9e-06   26.5   1.5    67   148    51   139    42   141 0.88 -
TRINITY_DN4468_c0_g1_i28:236-928    -            231 578734at33208        -            193   4.3e-15   54.6   9.6   3   3   1.8e-09     1e-07   30.6   3.4    55   141   139   224   116   227 0.77 -
TRINITY_DN4468_c0_g1_i32:236-928    -            231 578734at33208        -            193   4.3e-15   54.6   9.6   1   3       1.5        81    1.5   0.0    87   113    23    54    15    59 0.63 -
TRINITY_DN4468_c0_g1_i32:236-928    -            231 578734at33208        -            193   4.3e-15   54.6   9.6   2   3   3.3e-08   1.9e-06   26.5   1.5    67   148    51   139    42   141 0.88 -
TRINITY_DN4468_c0_g1_i32:236-928    -            231 578734at33208        -            193   4.3e-15   54.6   9.6   3   3   1.8e-09     1e-07   30.6   3.4    55   141   139   224   116   227 0.77 -
TRINITY_DN4468_c0_g1_i3:236-928     -            231 578734at33208        -            193   4.3e-15   54.6   9.6   1   3       1.5        81    1.5   0.0    87   113    23    54    15    59 0.63 -
TRINITY_DN4468_c0_g1_i3:236-928     -            231 578734at33208        -            193   4.3e-15   54.6   9.6   2   3   3.3e-08   1.9e-06   26.5   1.5    67   148    51   139    42   141 0.88 -
TRINITY_DN4468_c0_g1_i3:236-928     -            231 578734at33208        -            193   4.3e-15   54.6   9.6   3   3   1.8e-09     1e-07   30.6   3.4    55   141   139   224   116   227 0.77 -
TRINITY_DN4468_c0_g1_i5:236-928     -            231 578734at33208        -            193   4.3e-15   54.6   9.6   1   3       1.5        81    1.5   0.0    87   113    23    54    15    59 0.63 -
TRINITY_DN4468_c0_g1_i5:236-928     -            231 578734at33208        -            193   4.3e-15   54.6   9.6   2   3   3.3e-08   1.9e-06   26.5   1.5    67   148    51   139    42   141 0.88 -
TRINITY_DN4468_c0_g1_i5:236-928     -            231 578734at33208        -            193   4.3e-15   54.6   9.6   3   3   1.8e-09     1e-07   30.6   3.4    55   141   139   224   116   227 0.77 -
TRINITY_DN4642_c0_g1_i1:1368-2186   -            273 578734at33208        -            193   2.6e-14   52.1   9.7   1   2   1.2e-09   6.6e-08   31.2   3.6    72   149    39   125    30   129 0.85 -
TRINITY_DN4642_c0_g1_i1:1368-2186   -            273 578734at33208        -            193   2.6e-14   52.1   9.7   2   2   8.8e-07   4.9e-05   21.8   0.6    28   101   138   208   135   213 0.81 -
TRINITY_DN2199_c0_g1_i1:40-708      -            223 578734at33208        -            193   4.9e-14   51.2  14.9   1   3    0.0048      0.27    9.6   0.4    61    98    36    73    22    88 0.76 -
TRINITY_DN2199_c0_g1_i1:40-708      -            223 578734at33208        -            193   4.9e-14   51.2  14.9   2   3     4e-07   2.2e-05   23.0   1.3    66   112    87   136    75   138 0.84 -
TRINITY_DN2199_c0_g1_i1:40-708      -            223 578734at33208        -            193   4.9e-14   51.2  14.9   3   3   2.5e-09   1.4e-07   30.1   6.1    23   116   116   208   114   223 0.60 -
TRINITY_DN275_c0_g1_i1:331-1275     -            315 578734at33208        -            193   6.9e-14   50.7  20.6   1   2   6.3e-08   3.5e-06   25.6   5.0    66   148    22   114     7   116 0.77 -
TRINITY_DN275_c0_g1_i1:331-1275     -            315 578734at33208        -            193   6.9e-14   50.7  20.6   2   2   1.2e-07   6.6e-06   24.7   8.2    66   159   138   238   119   245 0.76 -
TRINITY_DN16739_c0_g1_i3:53-865     -            271 578734at33208        -            193   9.5e-14   50.3  44.2   1   3   1.3e-06   7.3e-05   21.3  13.1    45   129    37   139    31   140 0.71 -
TRINITY_DN16739_c0_g1_i3:53-865     -            271 578734at33208        -            193   9.5e-14   50.3  44.2   2   3   6.4e-07   3.6e-05   22.3   9.7    23   112    97   183    96   185 0.80 -
TRINITY_DN16739_c0_g1_i3:53-865     -            271 578734at33208        -            193   9.5e-14   50.3  44.2   3   3   0.00021     0.012   14.1  13.3    42   111   188   270   186   271 0.48 -
TRINITY_DN16739_c0_g1_i8:53-865     -            271 578734at33208        -            193     1e-13   50.2  44.1   1   4      0.26        14    4.0   0.1   108   129    30    51    23    53 0.84 -
TRINITY_DN16739_c0_g1_i8:53-865     -            271 578734at33208        -            193     1e-13   50.2  44.1   2   4   1.2e-06   6.7e-05   21.4  12.9    45   129    37   139    32   140 0.71 -
TRINITY_DN16739_c0_g1_i8:53-865     -            271 578734at33208        -            193     1e-13   50.2  44.1   3   4   5.4e-06   0.00031   19.2  10.3    42   127   122   203   118   204 0.79 -
TRINITY_DN16739_c0_g1_i8:53-865     -            271 578734at33208        -            193     1e-13   50.2  44.1   4   4   0.00011    0.0063   15.0  13.4    41   111   187   270   184   271 0.44 -
TRINITY_DN3790_c1_g1_i1:1129-2115   -            329 578734at33208        -            193   1.7e-13   49.4   7.6   1   3   0.00048     0.027   12.9   0.8    94   149     7    61     1    64 0.79 -
TRINITY_DN3790_c1_g1_i1:1129-2115   -            329 578734at33208        -            193   1.7e-13   49.4   7.6   2   3   0.00054      0.03   12.7   0.0    66   101    84   117    66   134 0.81 -
TRINITY_DN3790_c1_g1_i1:1129-2115   -            329 578734at33208        -            193   1.7e-13   49.4   7.6   3   3   1.5e-07   8.3e-06   24.4   0.9    66   118   153   208   136   223 0.83 -
TRINITY_DN3790_c1_g1_i2:1054-2040   -            329 578734at33208        -            193   1.7e-13   49.4   7.6   1   3   0.00048     0.027   12.9   0.8    94   149     7    61     1    64 0.79 -
TRINITY_DN3790_c1_g1_i2:1054-2040   -            329 578734at33208        -            193   1.7e-13   49.4   7.6   2   3   0.00054      0.03   12.7   0.0    66   101    84   117    66   134 0.81 -
TRINITY_DN3790_c1_g1_i2:1054-2040   -            329 578734at33208        -            193   1.7e-13   49.4   7.6   3   3   1.5e-07   8.3e-06   24.4   0.9    66   118   153   208   136   223 0.83 -
TRINITY_DN16739_c0_g1_i4:53-865     -            271 578734at33208        -            193   1.9e-13   49.3  44.2   1   4     0.059       3.3    6.1   0.4    44    65    36    57    19    64 0.63 -
TRINITY_DN16739_c0_g1_i4:53-865     -            271 578734at33208        -            193   1.9e-13   49.3  44.2   2   4   1.2e-06   6.8e-05   21.4  13.0    45   129    37   139    31   140 0.71 -
TRINITY_DN16739_c0_g1_i4:53-865     -            271 578734at33208        -            193   1.9e-13   49.3  44.2   3   4     6e-07   3.4e-05   22.4  13.9    25   128    99   204    97   205 0.75 -
TRINITY_DN16739_c0_g1_i4:53-865     -            271 578734at33208        -            193   1.9e-13   49.3  44.2   4   4   0.00015    0.0081   14.6  13.6    42   112   188   271   184   271 0.55 -
TRINITY_DN1918_c0_g1_i11:666-1271   -            202 578734at33208        -            193   5.4e-13   47.8   9.1   1   2   1.2e-11   6.6e-10   37.7   2.6    66   154     6   103     2   114 0.82 -
TRINITY_DN1918_c0_g1_i11:666-1271   -            202 578734at33208        -            193   5.4e-13   47.8   9.1   2   2   0.00027     0.015   13.7   0.6   120   148   117   145   106   152 0.89 -
TRINITY_DN1918_c0_g1_i7:666-1271    -            202 578734at33208        -            193   5.4e-13   47.8   9.1   1   2   1.2e-11   6.6e-10   37.7   2.6    66   154     6   103     2   114 0.82 -
TRINITY_DN1918_c0_g1_i7:666-1271    -            202 578734at33208        -            193   5.4e-13   47.8   9.1   2   2   0.00027     0.015   13.7   0.6   120   148   117   145   106   152 0.89 -
TRINITY_DN1918_c0_g1_i8:666-1271    -            202 578734at33208        -            193   5.4e-13   47.8   9.1   1   2   1.2e-11   6.6e-10   37.7   2.6    66   154     6   103     2   114 0.82 -
TRINITY_DN1918_c0_g1_i8:666-1271    -            202 578734at33208        -            193   5.4e-13   47.8   9.1   2   2   0.00027     0.015   13.7   0.6   120   148   117   145   106   152 0.89 -
TRINITY_DN6442_c0_g1_i4:699-1679    -            327 578734at33208        -            193     8e-13   47.2  24.0   1   5   5.6e-06   0.00031   19.2   4.0    84   149     4    80     1    89 0.79 -
TRINITY_DN6442_c0_g1_i4:699-1679    -            327 578734at33208        -            193     8e-13   47.2  24.0   2   5      0.12       6.6    5.1   0.0    94   113    98   117    88   120 0.83 -
TRINITY_DN6442_c0_g1_i4:699-1679    -            327 578734at33208        -            193     8e-13   47.2  24.0   3   5   6.3e-05    0.0035   15.8   2.5    20   110   116   209   113   212 0.83 -
TRINITY_DN6442_c0_g1_i4:699-1679    -            327 578734at33208        -            193     8e-13   47.2  24.0   4   5   0.00049     0.027   12.9   3.7    27   109   171   256   160   259 0.78 -
TRINITY_DN6442_c0_g1_i4:699-1679    -            327 578734at33208        -            193     8e-13   47.2  24.0   5   5     0.001     0.057   11.8   0.0    67   111   261   309   257   322 0.83 -
TRINITY_DN6442_c0_g1_i6:699-1679    -            327 578734at33208        -            193     8e-13   47.2  24.0   1   5   5.6e-06   0.00031   19.2   4.0    84   149     4    80     1    89 0.79 -
TRINITY_DN6442_c0_g1_i6:699-1679    -            327 578734at33208        -            193     8e-13   47.2  24.0   2   5      0.12       6.6    5.1   0.0    94   113    98   117    88   120 0.83 -
TRINITY_DN6442_c0_g1_i6:699-1679    -            327 578734at33208        -            193     8e-13   47.2  24.0   3   5   6.3e-05    0.0035   15.8   2.5    20   110   116   209   113   212 0.83 -
TRINITY_DN6442_c0_g1_i6:699-1679    -            327 578734at33208        -            193     8e-13   47.2  24.0   4   5   0.00049     0.027   12.9   3.7    27   109   171   256   160   259 0.78 -
TRINITY_DN6442_c0_g1_i6:699-1679    -            327 578734at33208        -            193     8e-13   47.2  24.0   5   5     0.001     0.057   11.8   0.0    67   111   261   309   257   322 0.83 -
TRINITY_DN6442_c0_g1_i7:699-1679    -            327 578734at33208        -            193     8e-13   47.2  24.0   1   5   5.6e-06   0.00031   19.2   4.0    84   149     4    80     1    89 0.79 -
TRINITY_DN6442_c0_g1_i7:699-1679    -            327 578734at33208        -            193     8e-13   47.2  24.0   2   5      0.12       6.6    5.1   0.0    94   113    98   117    88   120 0.83 -
TRINITY_DN6442_c0_g1_i7:699-1679    -            327 578734at33208        -            193     8e-13   47.2  24.0   3   5   6.3e-05    0.0035   15.8   2.5    20   110   116   209   113   212 0.83 -
TRINITY_DN6442_c0_g1_i7:699-1679    -            327 578734at33208        -            193     8e-13   47.2  24.0   4   5   0.00049     0.027   12.9   3.7    27   109   171   256   160   259 0.78 -
TRINITY_DN6442_c0_g1_i7:699-1679    -            327 578734at33208        -            193     8e-13   47.2  24.0   5   5     0.001     0.057   11.8   0.0    67   111   261   309   257   322 0.83 -
TRINITY_DN6442_c0_g1_i9:699-1679    -            327 578734at33208        -            193     8e-13   47.2  24.0   1   5   5.6e-06   0.00031   19.2   4.0    84   149     4    80     1    89 0.79 -
TRINITY_DN6442_c0_g1_i9:699-1679    -            327 578734at33208        -            193     8e-13   47.2  24.0   2   5      0.12       6.6    5.1   0.0    94   113    98   117    88   120 0.83 -
TRINITY_DN6442_c0_g1_i9:699-1679    -            327 578734at33208        -            193     8e-13   47.2  24.0   3   5   6.3e-05    0.0035   15.8   2.5    20   110   116   209   113   212 0.83 -
TRINITY_DN6442_c0_g1_i9:699-1679    -            327 578734at33208        -            193     8e-13   47.2  24.0   4   5   0.00049     0.027   12.9   3.7    27   109   171   256   160   259 0.78 -
TRINITY_DN6442_c0_g1_i9:699-1679    -            327 578734at33208        -            193     8e-13   47.2  24.0   5   5     0.001     0.057   11.8   0.0    67   111   261   309   257   322 0.83 -
TRINITY_DN26576_c0_g2_i6:548-1687   -            380 578734at33208        -            193   3.3e-12   45.2   0.8   1   5      0.52        29    3.0   0.0    72   111    14    57     5    61 0.71 -
TRINITY_DN26576_c0_g2_i6:548-1687   -            380 578734at33208        -            193   3.3e-12   45.2   0.8   2   5     3e-05    0.0017   16.8   0.4    65   149    79   175    65   179 0.80 -
TRINITY_DN26576_c0_g2_i6:548-1687   -            380 578734at33208        -            193   3.3e-12   45.2   0.8   3   5   0.00087     0.049   12.1   0.2    37   130   132   203   127   226 0.49 -
TRINITY_DN26576_c0_g2_i6:548-1687   -            380 578734at33208        -            193   3.3e-12   45.2   0.8   4   5     0.027       1.5    7.2   0.0    60   111   194   249   181   254 0.78 -
TRINITY_DN26576_c0_g2_i6:548-1687   -            380 578734at33208        -            193   3.3e-12   45.2   0.8   5   5    0.0012     0.068   11.6   0.0    72   148   254   342   247   347 0.78 -
TRINITY_DN29874_c0_g1_i2:695-2710   -            672 578734at33208        -            193   4.7e-12   44.7  15.1   1   4    0.0075      0.42    9.0   0.4    67   146    27    92     7    99 0.49 -
TRINITY_DN29874_c0_g1_i2:695-2710   -            672 578734at33208        -            193   4.7e-12   44.7  15.1   2   4   1.3e-05   0.00073   18.0   0.3    75   113   105   144   100   150 0.88 -
TRINITY_DN29874_c0_g1_i2:695-2710   -            672 578734at33208        -            193   4.7e-12   44.7  15.1   3   4   4.1e-06   0.00023   19.7   1.0    63   112   138   190   138   192 0.87 -
TRINITY_DN29874_c0_g1_i2:695-2710   -            672 578734at33208        -            193   4.7e-12   44.7  15.1   4   4    0.0017     0.096   11.1   0.1    67    99   188   220   187   222 0.91 -
TRINITY_DN11268_c0_g1_i1:243-746    -            168 578734at33208        -            193   7.4e-12   44.1  10.3   1   3      0.29        16    3.8   0.1   118   146     1    29     1    34 0.74 -
TRINITY_DN11268_c0_g1_i1:243-746    -            168 578734at33208        -            193   7.4e-12   44.1  10.3   2   3   0.00023     0.013   13.9   2.3    69   108    35    77    25    81 0.80 -
TRINITY_DN11268_c0_g1_i1:243-746    -            168 578734at33208        -            193   7.4e-12   44.1  10.3   3   3   1.7e-07   9.5e-06   24.2   0.4    64   107   122   168    84   168 0.72 -
TRINITY_DN11268_c0_g1_i2:226-729    -            168 578734at33208        -            193   7.4e-12   44.1  10.3   1   3      0.29        16    3.8   0.1   118   146     1    29     1    34 0.74 -
TRINITY_DN11268_c0_g1_i2:226-729    -            168 578734at33208        -            193   7.4e-12   44.1  10.3   2   3   0.00023     0.013   13.9   2.3    69   108    35    77    25    81 0.80 -
TRINITY_DN11268_c0_g1_i2:226-729    -            168 578734at33208        -            193   7.4e-12   44.1  10.3   3   3   1.7e-07   9.5e-06   24.2   0.4    64   107   122   168    84   168 0.72 -
TRINITY_DN11268_c0_g1_i3:170-673    -            168 578734at33208        -            193   7.4e-12   44.1  10.3   1   3      0.29        16    3.8   0.1   118   146     1    29     1    34 0.74 -
TRINITY_DN11268_c0_g1_i3:170-673    -            168 578734at33208        -            193   7.4e-12   44.1  10.3   2   3   0.00023     0.013   13.9   2.3    69   108    35    77    25    81 0.80 -
TRINITY_DN11268_c0_g1_i3:170-673    -            168 578734at33208        -            193   7.4e-12   44.1  10.3   3   3   1.7e-07   9.5e-06   24.2   0.4    64   107   122   168    84   168 0.72 -
TRINITY_DN53205_c0_g1_i4:3-524      -            174 578734at33208        -            193   7.6e-12   44.0  16.5   1   3   6.4e-07   3.6e-05   22.3   3.5    66   128    34   103    19   105 0.81 -
TRINITY_DN53205_c0_g1_i4:3-524      -            174 578734at33208        -            193   7.6e-12   44.0  16.5   2   3   3.6e-07     2e-05   23.1   9.1    30   112    69   148    68   151 0.84 -
TRINITY_DN53205_c0_g1_i4:3-524      -            174 578734at33208        -            193   7.6e-12   44.0  16.5   3   3   5.2e-07   2.9e-05   22.6   5.2    41    94   108   173   106   174 0.73 -
TRINITY_DN16047_c0_g1_i1:242-601    -            120 578734at33208        -            193   8.6e-12   43.9   1.1   1   1   1.8e-13   9.9e-12   43.7   1.1    70   153     3    95     1   118 0.82 -
TRINITY_DN53205_c0_g1_i1:243-713    -            157 578734at33208        -            193   1.1e-11   43.5  17.0   1   2   7.3e-07   4.1e-05   22.1   3.7    66   128     2    71     1    73 0.78 -
TRINITY_DN53205_c0_g1_i1:243-713    -            157 578734at33208        -            193   1.1e-11   43.5  17.0   2   2   3.9e-10   2.2e-08   32.8  12.1    30   148    37   157    36   157 0.82 -
TRINITY_DN29874_c0_g1_i3:695-3139   -            815 578734at33208        -            193   1.4e-11   43.2  15.2   1   4    0.0092      0.52    8.7   0.5    82   146    19    92     6    99 0.50 -
TRINITY_DN29874_c0_g1_i3:695-3139   -            815 578734at33208        -            193   1.4e-11   43.2  15.2   2   4   1.7e-05   0.00097   17.6   0.3    75   113   105   144    99   148 0.88 -
TRINITY_DN29874_c0_g1_i3:695-3139   -            815 578734at33208        -            193   1.4e-11   43.2  15.2   3   4   9.3e-06   0.00052   18.5   0.4    75   114   150   192   144   194 0.86 -
TRINITY_DN29874_c0_g1_i3:695-3139   -            815 578734at33208        -            193   1.4e-11   43.2  15.2   4   4    0.0022      0.12   10.8   0.1    67    99   188   220   187   222 0.91 -
TRINITY_DN14653_c0_g1_i1:49-1308    -            420 578734at33208        -            193   1.6e-11   43.0  11.1   1   2    0.0036       0.2   10.1   0.2    68   112   144   191   114   194 0.74 -
TRINITY_DN14653_c0_g1_i1:49-1308    -            420 578734at33208        -            193   1.6e-11   43.0  11.1   2   2     9e-12     5e-10   38.1   6.3    66   172   188   306   187   311 0.87 -
TRINITY_DN14653_c0_g1_i2:290-1549   -            420 578734at33208        -            193   1.6e-11   43.0  11.1   1   2    0.0036       0.2   10.1   0.2    68   112   144   191   114   194 0.74 -
TRINITY_DN14653_c0_g1_i2:290-1549   -            420 578734at33208        -            193   1.6e-11   43.0  11.1   2   2     9e-12     5e-10   38.1   6.3    66   172   188   306   187   311 0.87 -
TRINITY_DN39385_c0_g1_i2:278-730    -            151 578734at33208        -            193   1.7e-11   42.9   8.5   1   2   1.3e-05   0.00074   18.0   1.6    68   112     1    47     1    49 0.91 -
TRINITY_DN39385_c0_g1_i2:278-730    -            151 578734at33208        -            193   1.7e-11   42.9   8.5   2   2   1.1e-08   6.1e-07   28.1   0.9    23   120    49   145    48   150 0.83 -
TRINITY_DN25331_c1_g1_i3:62-727     -            222 578734at33208        -            193     3e-11   42.1  30.7   1   3   8.2e-08   4.6e-06   25.2   8.3    27   113    11    94     2    96 0.83 -
TRINITY_DN25331_c1_g1_i3:62-727     -            222 578734at33208        -            193     3e-11   42.1  30.7   2   3   6.4e-05    0.0036   15.8   5.2    40   111    96   180    94   181 0.62 -
TRINITY_DN25331_c1_g1_i3:62-727     -            222 578734at33208        -            193     3e-11   42.1  30.7   3   3   0.00037     0.021   13.3   7.9    25   108   141   221   137   222 0.67 -
TRINITY_DN6973_c0_g2_i1:250-759     -            170 578734at33208        -            193   5.5e-11   41.2   5.5   1   2   1.6e-07     9e-06   24.2   1.6    72   114    41    86    18    91 0.85 -
TRINITY_DN6973_c0_g2_i1:250-759     -            170 578734at33208        -            193   5.5e-11   41.2   5.5   2   2   6.7e-05    0.0037   15.7   0.2    54   116    92   155    89   160 0.66 -
TRINITY_DN6973_c0_g2_i2:250-759     -            170 578734at33208        -            193   5.5e-11   41.2   5.5   1   2   1.6e-07     9e-06   24.2   1.6    72   114    41    86    18    91 0.85 -
TRINITY_DN6973_c0_g2_i2:250-759     -            170 578734at33208        -            193   5.5e-11   41.2   5.5   2   2   6.7e-05    0.0037   15.7   0.2    54   116    92   155    89   160 0.66 -
TRINITY_DN46809_c0_g1_i3:456-956    -            167 578734at33208        -            193   5.9e-11   41.1   7.7   1   2   7.6e-07   4.2e-05   22.0   0.8    73   113     4    47     1    50 0.87 -
TRINITY_DN46809_c0_g1_i3:456-956    -            167 578734at33208        -            193   5.9e-11   41.1   7.7   2   2   4.3e-08   2.4e-06   26.1   1.7    67   144    44   131    43   138 0.80 -
TRINITY_DN25331_c1_g1_i5:575-1054   -            160 578734at33208        -            193   1.9e-10   39.5   9.9   1   2   1.5e-06   8.3e-05   21.1   5.2    37   112     4    76     2    76 0.71 -
TRINITY_DN25331_c1_g1_i5:575-1054   -            160 578734at33208        -            193   1.9e-10   39.5   9.9   2   2   6.9e-09   3.8e-07   28.7   1.3    26   114    59   146    55   156 0.57 -
TRINITY_DN39385_c0_g1_i7:329-715    -            129 578734at33208        -            193   3.4e-10   38.7   6.5   1   2   6.4e-05    0.0036   15.8   0.4    74   112     2    42     1    44 0.91 -
TRINITY_DN39385_c0_g1_i7:329-715    -            129 578734at33208        -            193   3.4e-10   38.7   6.5   2   2   1.1e-07   6.3e-06   24.7   1.3    23   100    44   117    43   126 0.86 -
TRINITY_DN11083_c0_g1_i2:1179-1826  -            216 578734at33208        -            193   5.9e-10   37.9   0.6   1   2   2.7e-06   0.00015   20.3   0.2    31   113     5    87     2    89 0.80 -
TRINITY_DN11083_c0_g1_i2:1179-1826  -            216 578734at33208        -            193   5.9e-10   37.9   0.6   2   2   2.3e-05    0.0013   17.2   0.0    67   110    84   129    83   135 0.81 -
TRINITY_DN13944_c0_g1_i3:201-632    -            144 578734at33208        -            193     8e-10   37.4   1.6   1   2   0.00041     0.023   13.1   0.0    67   112    10    59     1    61 0.81 -
TRINITY_DN13944_c0_g1_i3:201-632    -            144 578734at33208        -            193     8e-10   37.4   1.6   2   2   2.7e-08   1.5e-06   26.7   0.5    67   138    57   130    56   139 0.84 -
TRINITY_DN11083_c0_g1_i5:1184-1825  -            214 578734at33208        -            193     9e-10   37.3   0.5   1   2   3.4e-06   0.00019   19.9   0.2    32   113     4    85     1    87 0.79 -
TRINITY_DN11083_c0_g1_i5:1184-1825  -            214 578734at33208        -            193     9e-10   37.3   0.5   2   2   2.2e-05    0.0013   17.2   0.0    67   110    82   127    81   133 0.81 -
TRINITY_DN13874_c0_g1_i1:835-1416   -            194 578734at33208        -            193   1.7e-09   36.4  14.1   1   3     0.029       1.6    7.1   0.1   118   148     4    34     1    39 0.90 -
TRINITY_DN13874_c0_g1_i1:835-1416   -            194 578734at33208        -            193   1.7e-09   36.4  14.1   2   3   8.2e-06   0.00046   18.7   2.8    70   111    62   105    38   109 0.77 -
TRINITY_DN13874_c0_g1_i1:835-1416   -            194 578734at33208        -            193   1.7e-09   36.4  14.1   3   3   0.00064     0.036   12.5   1.0    57   110   110   171   107   189 0.72 -
TRINITY_DN13097_c0_g1_i8:8238-8885  -            216 578734at33208        -            193   1.9e-09   36.3  19.6   1   3     3e-08   1.7e-06   26.6  10.2    29   150     5   140     4   146 0.79 -
TRINITY_DN13097_c0_g1_i8:8238-8885  -            216 578734at33208        -            193   1.9e-09   36.3  19.6   2   3   5.3e-06   0.00029   19.3   6.1    24   115    71   169    65   184 0.68 -
TRINITY_DN13097_c0_g1_i8:8238-8885  -            216 578734at33208        -            193   1.9e-09   36.3  19.6   3   3     0.003      0.17   10.3   1.8    25    89   148   215   144   216 0.79 -
TRINITY_DN57348_c0_g1_i2:5222-5617  -            132 578734at33208        -            193   2.4e-09   35.9   3.7   1   2   6.1e-07   3.4e-05   22.4   0.4    75   148     4    85     1    85 0.82 -
TRINITY_DN57348_c0_g1_i2:5222-5617  -            132 578734at33208        -            193   2.4e-09   35.9   3.7   2   2   4.5e-06   0.00025   19.5   0.2    78   143    53   127    46   128 0.75 -
TRINITY_DN57348_c0_g1_i4:5222-5617  -            132 578734at33208        -            193   2.4e-09   35.9   3.7   1   2   6.1e-07   3.4e-05   22.4   0.4    75   148     4    85     1    85 0.82 -
TRINITY_DN57348_c0_g1_i4:5222-5617  -            132 578734at33208        -            193   2.4e-09   35.9   3.7   2   2   4.5e-06   0.00025   19.5   0.2    78   143    53   127    46   128 0.75 -
TRINITY_DN57348_c0_g1_i6:5231-5626  -            132 578734at33208        -            193   2.4e-09   35.9   3.7   1   2   6.1e-07   3.4e-05   22.4   0.4    75   148     4    85     1    85 0.82 -
TRINITY_DN57348_c0_g1_i6:5231-5626  -            132 578734at33208        -            193   2.4e-09   35.9   3.7   2   2   4.5e-06   0.00025   19.5   0.2    78   143    53   127    46   128 0.75 -
TRINITY_DN57348_c0_g1_i7:5222-5617  -            132 578734at33208        -            193   2.4e-09   35.9   3.7   1   2   6.1e-07   3.4e-05   22.4   0.4    75   148     4    85     1    85 0.82 -
TRINITY_DN57348_c0_g1_i7:5222-5617  -            132 578734at33208        -            193   2.4e-09   35.9   3.7   2   2   4.5e-06   0.00025   19.5   0.2    78   143    53   127    46   128 0.75 -
TRINITY_DN57348_c0_g1_i8:5231-5626  -            132 578734at33208        -            193   2.4e-09   35.9   3.7   1   2   6.1e-07   3.4e-05   22.4   0.4    75   148     4    85     1    85 0.82 -
TRINITY_DN57348_c0_g1_i8:5231-5626  -            132 578734at33208        -            193   2.4e-09   35.9   3.7   2   2   4.5e-06   0.00025   19.5   0.2    78   143    53   127    46   128 0.75 -
TRINITY_DN6191_c0_g1_i2:323-919     -            199 578734at33208        -            193   3.1e-09   35.5   3.2   1   2   1.4e-06   7.9e-05   21.2   0.6    81   148    12    91     7    95 0.75 -
TRINITY_DN6191_c0_g1_i2:323-919     -            199 578734at33208        -            193   3.1e-09   35.5   3.2   2   2   0.00042     0.023   13.1   0.1    68   150    94   189    92   194 0.78 -
TRINITY_DN6191_c0_g1_i3:323-919     -            199 578734at33208        -            193   3.1e-09   35.5   3.2   1   2   1.4e-06   7.9e-05   21.2   0.6    81   148    12    91     7    95 0.75 -
TRINITY_DN6191_c0_g1_i3:323-919     -            199 578734at33208        -            193   3.1e-09   35.5   3.2   2   2   0.00042     0.023   13.1   0.1    68   150    94   189    92   194 0.78 -
TRINITY_DN196894_c0_g1_i1:63-611    -            183 578734at33208        -            193   3.4e-09   35.4   7.5   1   3     0.012      0.68    8.3   0.1    73   111    18    59     2    64 0.74 -
TRINITY_DN196894_c0_g1_i1:63-611    -            183 578734at33208        -            193   3.4e-09   35.4   7.5   2   3   1.7e-07   9.7e-06   24.1   5.2    77   169    45   144    19   146 0.78 -
TRINITY_DN196894_c0_g1_i1:63-611    -            183 578734at33208        -            193   3.4e-09   35.4   7.5   3   3      0.19        11    4.4   0.0    26    45   155   174   146   181 0.82 -
TRINITY_DN99988_c0_g1_i1:148-708    -            187 578734at33208        -            193   4.4e-09   35.0  16.3   1   3   0.00029     0.016   13.6   1.4    63   108     8    54     1    59 0.50 -
TRINITY_DN99988_c0_g1_i1:148-708    -            187 578734at33208        -            193   4.4e-09   35.0  16.3   2   3   8.4e-05    0.0047   15.4   6.8    22   114    15   104    15   117 0.77 -
TRINITY_DN99988_c0_g1_i1:148-708    -            187 578734at33208        -            193   4.4e-09   35.0  16.3   3   3   5.9e-06   0.00033   19.1   2.5    62   114   129   178   104   186 0.71 -
TRINITY_DN13097_c0_g1_i8:8502-9047  -            182 578734at33208        -            193   4.6e-09   35.0   8.1   1   2     4e-09   2.2e-07   29.5   3.1    61   150    20   118     6   120 0.86 -
TRINITY_DN13097_c0_g1_i8:8502-9047  -            182 578734at33208        -            193   4.6e-09   35.0   8.1   2   2     0.018         1    7.8   0.2    37   100   122   181   119   182 0.66 -
TRINITY_DN51083_c0_g1_i1:360-968    -            203 578734at33208        -            193     7e-09   34.4   8.5   1   3   7.7e-06   0.00043   18.8   0.2    78   132     2    63     1    68 0.81 -
TRINITY_DN51083_c0_g1_i1:360-968    -            203 578734at33208        -            193     7e-09   34.4   8.5   2   3    0.0011     0.062   11.7   0.2    76   114    69   110    66   131 0.61 -
TRINITY_DN51083_c0_g1_i1:360-968    -            203 578734at33208        -            193     7e-09   34.4   8.5   3   3     0.018         1    7.8   0.4    78   106   172   203   138   203 0.79 -
TRINITY_DN25233_c0_g1_i9:6-368      -            121 578734at33208        -            193   1.1e-08   33.7   9.4   1   3   3.5e-06   0.00019   19.9   1.7    71   115     3    49     1    56 0.85 -
TRINITY_DN25233_c0_g1_i9:6-368      -            121 578734at33208        -            193   1.1e-08   33.7   9.4   2   3     0.016      0.88    8.0   1.0    71   112    47    90    46    93 0.86 -
TRINITY_DN25233_c0_g1_i9:6-368      -            121 578734at33208        -            193   1.1e-08   33.7   9.4   3   3   0.00017    0.0093   14.4   0.1    67    99    88   120    86   121 0.91 -
TRINITY_DN39385_c0_g1_i1:329-646    -            106 578734at33208        -            193   1.2e-08   33.6   6.2   1   2   1.8e-05     0.001   17.5   4.5    75   125     2    54     1    63 0.81 -
TRINITY_DN39385_c0_g1_i1:329-646    -            106 578734at33208        -            193   1.2e-08   33.6   6.2   2   2   2.5e-08   1.4e-06   26.9   3.3    22   100    20    94    20   103 0.90 -
TRINITY_DN44065_c0_g1_i5:9-566      -            186 578734at33208        -            193   2.2e-08   32.8  24.5   1   2   2.2e-07   1.2e-05   23.8  16.6    23   148    16   142     1   143 0.68 -
TRINITY_DN44065_c0_g1_i5:9-566      -            186 578734at33208        -            193   2.2e-08   32.8  24.5   2   2   3.4e-05    0.0019   16.7   7.8    23   106   104   184   103   186 0.57 -
TRINITY_DN18704_c0_g2_i7:6215-6643  -            143 578734at33208        -            193   2.2e-08   32.7   1.4   1   2   9.1e-06   0.00051   18.5   1.0    75   114    20    62     4    65 0.72 -
TRINITY_DN18704_c0_g2_i7:6215-6643  -            143 578734at33208        -            193   2.2e-08   32.7   1.4   2   2   0.00058     0.033   12.6   0.0    97   146    88   143    79   143 0.82 -
TRINITY_DN18926_c1_g1_i1:1-267      -             89 578734at33208        -            193   2.4e-08   32.7   3.2   1   1   6.7e-08   3.8e-06   25.5   3.2    45    99     2    68     1    75 0.67 -
TRINITY_DN11583_c0_g1_i2:3962-4417  -            152 578734at33208        -            193   3.9e-08   31.9   0.6   1   2   2.2e-08   1.2e-06   27.0   0.6    70   139    23   104    10   111 0.59 -
TRINITY_DN11583_c0_g1_i2:3962-4417  -            152 578734at33208        -            193   3.9e-08   31.9   0.6   2   2    0.0025      0.14   10.6   0.1    77   111    79   117    68   125 0.72 -
TRINITY_DN11583_c0_g1_i3:3962-4417  -            152 578734at33208        -            193   3.9e-08   31.9   0.6   1   2   2.2e-08   1.2e-06   27.0   0.6    70   139    23   104    10   111 0.59 -
TRINITY_DN11583_c0_g1_i3:3962-4417  -            152 578734at33208        -            193   3.9e-08   31.9   0.6   2   2    0.0025      0.14   10.6   0.1    77   111    79   117    68   125 0.72 -
TRINITY_DN11583_c0_g1_i4:1390-1845  -            152 578734at33208        -            193   3.9e-08   31.9   0.6   1   2   2.2e-08   1.2e-06   27.0   0.6    70   139    23   104    10   111 0.59 -
TRINITY_DN11583_c0_g1_i4:1390-1845  -            152 578734at33208        -            193   3.9e-08   31.9   0.6   2   2    0.0025      0.14   10.6   0.1    77   111    79   117    68   125 0.72 -
TRINITY_DN11583_c0_g1_i5:3962-4417  -            152 578734at33208        -            193   3.9e-08   31.9   0.6   1   2   2.2e-08   1.2e-06   27.0   0.6    70   139    23   104    10   111 0.59 -
TRINITY_DN11583_c0_g1_i5:3962-4417  -            152 578734at33208        -            193   3.9e-08   31.9   0.6   2   2    0.0025      0.14   10.6   0.1    77   111    79   117    68   125 0.72 -
TRINITY_DN18704_c0_g2_i2:6215-6598  -            128 578734at33208        -            193   4.3e-08   31.8   1.7   1   2   2.1e-05    0.0012   17.3   1.3    78   114     8    47     2    50 0.77 -
TRINITY_DN18704_c0_g2_i2:6215-6598  -            128 578734at33208        -            193   4.3e-08   31.8   1.7   2   2   0.00045     0.025   13.0   0.0    97   146    73   128    64   128 0.82 -
TRINITY_DN13097_c0_g1_i10:6399-7601 -            401 578734at33208        -            193   7.2e-08   31.1   7.4   1   4     0.012      0.67    8.3   0.1    70   111    19    64     1    68 0.59 -
TRINITY_DN13097_c0_g1_i10:6399-7601 -            401 578734at33208        -            193   7.2e-08   31.1   7.4   2   4    0.0048      0.27    9.6   0.2    26   114    24   117    21   141 0.63 -
TRINITY_DN13097_c0_g1_i10:6399-7601 -            401 578734at33208        -            193   7.2e-08   31.1   7.4   3   4    0.0085      0.47    8.8   0.1   116   150   227   262   183   278 0.77 -
TRINITY_DN13097_c0_g1_i10:6399-7601 -            401 578734at33208        -            193   7.2e-08   31.1   7.4   4   4    0.0058      0.32    9.4   0.0    74   132   270   339   261   359 0.59 -
TRINITY_DN13097_c0_g1_i14:6237-7439 -            401 578734at33208        -            193   7.2e-08   31.1   7.4   1   4     0.012      0.67    8.3   0.1    70   111    19    64     1    68 0.59 -
TRINITY_DN13097_c0_g1_i14:6237-7439 -            401 578734at33208        -            193   7.2e-08   31.1   7.4   2   4    0.0048      0.27    9.6   0.2    26   114    24   117    21   141 0.63 -
TRINITY_DN13097_c0_g1_i14:6237-7439 -            401 578734at33208        -            193   7.2e-08   31.1   7.4   3   4    0.0085      0.47    8.8   0.1   116   150   227   262   183   278 0.77 -
TRINITY_DN13097_c0_g1_i14:6237-7439 -            401 578734at33208        -            193   7.2e-08   31.1   7.4   4   4    0.0058      0.32    9.4   0.0    74   132   270   339   261   359 0.59 -
TRINITY_DN13097_c0_g1_i8:6423-7625  -            401 578734at33208        -            193   7.2e-08   31.1   7.4   1   4     0.012      0.67    8.3   0.1    70   111    19    64     1    68 0.59 -
TRINITY_DN13097_c0_g1_i8:6423-7625  -            401 578734at33208        -            193   7.2e-08   31.1   7.4   2   4    0.0048      0.27    9.6   0.2    26   114    24   117    21   141 0.63 -
TRINITY_DN13097_c0_g1_i8:6423-7625  -            401 578734at33208        -            193   7.2e-08   31.1   7.4   3   4    0.0085      0.47    8.8   0.1   116   150   227   262   183   278 0.77 -
TRINITY_DN13097_c0_g1_i8:6423-7625  -            401 578734at33208        -            193   7.2e-08   31.1   7.4   4   4    0.0058      0.32    9.4   0.0    74   132   270   339   261   359 0.59 -
TRINITY_DN3006_c0_g1_i10:3061-3633  -            191 578734at33208        -            193   8.8e-08   30.8  15.4   1   1     5e-06   0.00028   19.4  15.4    32   148    48   191    10   191 0.70 -
TRINITY_DN3006_c0_g1_i14:3074-3646  -            191 578734at33208        -            193   8.8e-08   30.8  15.4   1   1     5e-06   0.00028   19.4  15.4    32   148    48   191    10   191 0.70 -
TRINITY_DN3006_c0_g1_i9:3074-3646   -            191 578734at33208        -            193   8.8e-08   30.8  15.4   1   1     5e-06   0.00028   19.4  15.4    32   148    48   191    10   191 0.70 -
TRINITY_DN2664_c0_g1_i1:409-987     -            193 578734at33208        -            193   1.2e-07   30.4   6.0   1   2   8.2e-07   4.6e-05   21.9   6.2    72   155    61   157     1   176 0.46 -
TRINITY_DN2664_c0_g1_i1:409-987     -            193 578734at33208        -            193   1.2e-07   30.4   6.0   2   2      0.92        52    2.2   0.0    74    95   161   182   155   191 0.78 -
TRINITY_DN2664_c0_g1_i2:409-987     -            193 578734at33208        -            193   1.2e-07   30.4   6.0   1   2   8.2e-07   4.6e-05   21.9   6.2    72   155    61   157     1   176 0.46 -
TRINITY_DN2664_c0_g1_i2:409-987     -            193 578734at33208        -            193   1.2e-07   30.4   6.0   2   2      0.92        52    2.2   0.0    74    95   161   182   155   191 0.78 -
TRINITY_DN2664_c0_g1_i5:409-987     -            193 578734at33208        -            193   1.2e-07   30.4   6.0   1   2   8.2e-07   4.6e-05   21.9   6.2    72   155    61   157     1   176 0.46 -
TRINITY_DN2664_c0_g1_i5:409-987     -            193 578734at33208        -            193   1.2e-07   30.4   6.0   2   2      0.92        52    2.2   0.0    74    95   161   182   155   191 0.78 -
TRINITY_DN10796_c0_g1_i13:9-308     -            100 578734at33208        -            193     4e-07   28.6   0.3   1   1   7.7e-06   0.00043   18.7   0.1    68   118    36    89    34    93 0.88 -
TRINITY_DN12258_c0_g1_i2:329-901    -            191 578734at33208        -            193   4.5e-07   28.5   1.8   1   2   5.1e-08   2.9e-06   25.9   0.7    22   149    18   154     6   155 0.82 -
TRINITY_DN12258_c0_g1_i2:329-901    -            191 578734at33208        -            193   4.5e-07   28.5   1.8   2   2      0.21        12    4.3   0.1    15    89   128   178   109   188 0.41 -
TRINITY_DN14400_c0_g1_i6:1017-1505  -            163 578734at33208        -            193   5.5e-07   28.2   4.3   1   2   5.6e-08   3.1e-06   25.7   3.7    19   109     5    94     1   100 0.82 -
TRINITY_DN14400_c0_g1_i6:1017-1505  -            163 578734at33208        -            193   5.5e-07   28.2   4.3   2   2       3.5   1.9e+02    0.3   0.0    72    89   102   119    94   124 0.62 -
TRINITY_DN3972_c0_g1_i14:2009-2413  -            135 578734at33208        -            193   6.1e-07   28.1   4.4   1   2    0.0059      0.33    9.3   0.3    78   110     2    37     1    42 0.83 -
TRINITY_DN3972_c0_g1_i14:2009-2413  -            135 578734at33208        -            193   6.1e-07   28.1   4.4   2   2   3.9e-06   0.00022   19.7   2.1    26   112    22   135    21   135 0.56 -
TRINITY_DN3972_c0_g1_i3:2009-2413   -            135 578734at33208        -            193   6.1e-07   28.1   4.4   1   2    0.0059      0.33    9.3   0.3    78   110     2    37     1    42 0.83 -
TRINITY_DN3972_c0_g1_i3:2009-2413   -            135 578734at33208        -            193   6.1e-07   28.1   4.4   2   2   3.9e-06   0.00022   19.7   2.1    26   112    22   135    21   135 0.56 -
TRINITY_DN3972_c0_g1_i9:942-1346    -            135 578734at33208        -            193   6.1e-07   28.1   4.4   1   2    0.0059      0.33    9.3   0.3    78   110     2    37     1    42 0.83 -
TRINITY_DN3972_c0_g1_i9:942-1346    -            135 578734at33208        -            193   6.1e-07   28.1   4.4   2   2   3.9e-06   0.00022   19.7   2.1    26   112    22   135    21   135 0.56 -
TRINITY_DN62151_c0_g1_i1:33-422     -            130 578734at33208        -            193   6.6e-07   27.9   5.4   1   2     9e-07     5e-05   21.8   0.7    95   149     4    63     2    71 0.83 -
TRINITY_DN62151_c0_g1_i1:33-422     -            130 578734at33208        -            193   6.6e-07   27.9   5.4   2   2   0.00091     0.051   12.0   0.8   118   170    55   107    55   111 0.90 -
TRINITY_DN160739_c0_g1_i1:15-425    -            137 578734at33208        -            193   9.3e-07   27.5   4.3   1   2   0.00013    0.0072   14.8   0.7    69   136     1    70     1    72 0.69 -
TRINITY_DN160739_c0_g1_i1:15-425    -            137 578734at33208        -            193   9.3e-07   27.5   4.3   2   2   0.00012     0.007   14.8   0.9    66   111    67   117    55   137 0.48 -
TRINITY_DN1230_c1_g1_i4:312-719     -            136 578734at33208        -            193   5.1e-06   25.0   4.9   1   2   4.3e-07   2.4e-05   22.8   2.7    28   110     2    76     1    82 0.72 -
TRINITY_DN1230_c1_g1_i4:312-719     -            136 578734at33208        -            193   5.1e-06   25.0   4.9   2   2       1.8     1e+02    1.2   0.0    23    38    83    98    79   121 0.69 -
TRINITY_DN1230_c1_g1_i5:302-709     -            136 578734at33208        -            193   5.1e-06   25.0   4.9   1   2   4.3e-07   2.4e-05   22.8   2.7    28   110     2    76     1    82 0.72 -
TRINITY_DN1230_c1_g1_i5:302-709     -            136 578734at33208        -            193   5.1e-06   25.0   4.9   2   2       1.8     1e+02    1.2   0.0    23    38    83    98    79   121 0.69 -
TRINITY_DN179854_c0_g1_i1:14-202    -             63 578734at33208        -            193   1.1e-05   24.0   0.8   1   2     0.001     0.058   11.8   0.1   118   148     1    31     1    32 0.91 -
TRINITY_DN179854_c0_g1_i1:14-202    -             63 578734at33208        -            193   1.1e-05   24.0   0.8   2   2    0.0018       0.1   11.0   0.0    67    95    33    61    32    63 0.93 -
TRINITY_DN26576_c0_g2_i1:263-877    -            205 578734at33208        -            193   1.2e-05   23.8   0.0   1   2      0.01      0.56    8.6   0.0    60   111    10    65     1    71 0.79 -
TRINITY_DN26576_c0_g2_i1:263-877    -            205 578734at33208        -            193   1.2e-05   23.8   0.0   2   2   0.00033     0.018   13.4   0.0    72   148    70   158    63   166 0.79 -
TRINITY_DN4449_c0_g1_i1:421-1056    -            212 578734at33208        -            193   3.6e-05   22.3   1.2   1   2   0.00084     0.047   12.1   0.1   114   148    15    49     2    51 0.76 -
TRINITY_DN4449_c0_g1_i1:421-1056    -            212 578734at33208        -            193   3.6e-05   22.3   1.2   2   2    0.0093      0.52    8.7   0.0    66   105    50    90    48   103 0.87 -
TRINITY_DN17429_c0_g1_i1:362-649    -             96 578734at33208        -            193   8.2e-05   21.1   0.1   1   3   0.00026     0.015   13.8   0.1   111   149     8    46     3    68 0.83 -
TRINITY_DN17429_c0_g1_i1:362-649    -             96 578734at33208        -            193   8.2e-05   21.1   0.1   2   3      0.61        34    2.8   0.0    38    56    53    71    47    75 0.63 -
TRINITY_DN17429_c0_g1_i1:362-649    -             96 578734at33208        -            193   8.2e-05   21.1   0.1   3   3      0.84        47    2.3   0.0    17    35    76    94    70    96 0.84 -
TRINITY_DN17429_c0_g1_i2:362-649    -             96 578734at33208        -            193   8.2e-05   21.1   0.1   1   3   0.00026     0.015   13.8   0.1   111   149     8    46     3    68 0.83 -
TRINITY_DN17429_c0_g1_i2:362-649    -             96 578734at33208        -            193   8.2e-05   21.1   0.1   2   3      0.61        34    2.8   0.0    38    56    53    71    47    75 0.63 -
TRINITY_DN17429_c0_g1_i2:362-649    -             96 578734at33208        -            193   8.2e-05   21.1   0.1   3   3      0.84        47    2.3   0.0    17    35    76    94    70    96 0.84 -
TRINITY_DN23794_c0_g1_i15:466-873   -            136 578734at33208        -            193   9.9e-05   20.8   4.6   1   2     0.046       2.6    6.4   0.1    78   112     2    38     1    42 0.65 -
TRINITY_DN23794_c0_g1_i15:466-873   -            136 578734at33208        -            193   9.9e-05   20.8   4.6   2   2   5.7e-05    0.0032   15.9   1.2    41   106    44   111    40   136 0.80 -
TRINITY_DN23794_c0_g1_i4:601-1008   -            136 578734at33208        -            193   9.9e-05   20.8   4.6   1   2     0.046       2.6    6.4   0.1    78   112     2    38     1    42 0.65 -
TRINITY_DN23794_c0_g1_i4:601-1008   -            136 578734at33208        -            193   9.9e-05   20.8   4.6   2   2   5.7e-05    0.0032   15.9   1.2    41   106    44   111    40   136 0.80 -
TRINITY_DN23794_c0_g1_i9:466-873    -            136 578734at33208        -            193   9.9e-05   20.8   4.6   1   2     0.046       2.6    6.4   0.1    78   112     2    38     1    42 0.65 -
TRINITY_DN23794_c0_g1_i9:466-873    -            136 578734at33208        -            193   9.9e-05   20.8   4.6   2   2   5.7e-05    0.0032   15.9   1.2    41   106    44   111    40   136 0.80 -
TRINITY_DN15974_c0_g1_i14:4807-5223 -            139 578734at33208        -            193   0.00013   20.5   5.9   1   2     3e-05    0.0017   16.8   2.7    61   111    18    71     2    76 0.74 -
TRINITY_DN15974_c0_g1_i14:4807-5223 -            139 578734at33208        -            193   0.00013   20.5   5.9   2   2     0.011       0.6    8.5   0.5    28   111    57   131    51   137 0.67 -
TRINITY_DN15974_c0_g1_i3:4901-5317  -            139 578734at33208        -            193   0.00013   20.5   5.9   1   2     3e-05    0.0017   16.8   2.7    61   111    18    71     2    76 0.74 -
TRINITY_DN15974_c0_g1_i3:4901-5317  -            139 578734at33208        -            193   0.00013   20.5   5.9   2   2     0.011       0.6    8.5   0.5    28   111    57   131    51   137 0.67 -
TRINITY_DN15974_c0_g1_i8:4901-5317  -            139 578734at33208        -            193   0.00013   20.5   5.9   1   2     3e-05    0.0017   16.8   2.7    61   111    18    71     2    76 0.74 -
TRINITY_DN15974_c0_g1_i8:4901-5317  -            139 578734at33208        -            193   0.00013   20.5   5.9   2   2     0.011       0.6    8.5   0.5    28   111    57   131    51   137 0.67 -
TRINITY_DN14016_c0_g1_i1:93-299     -             69 578734at33208        -            193   0.00013   20.4   5.3   1   1   3.7e-06   0.00021   19.8   5.3    94   148     9    67     1    69 0.69 -
TRINITY_DN2141_c0_g1_i10:694-1152   -            153 578734at33208        -            193   0.00016   20.2   4.9   1   2   3.8e-05    0.0021   16.5   2.1    88   148    34   100     1   101 0.73 -
TRINITY_DN2141_c0_g1_i10:694-1152   -            153 578734at33208        -            193   0.00016   20.2   4.9   2   2    0.0053      0.29    9.5   4.1    28    80    73   123    63   151 0.61 -
TRINITY_DN2141_c0_g1_i11:694-1152   -            153 578734at33208        -            193   0.00016   20.2   4.9   1   2   3.8e-05    0.0021   16.5   2.1    88   148    34   100     1   101 0.73 -
TRINITY_DN2141_c0_g1_i11:694-1152   -            153 578734at33208        -            193   0.00016   20.2   4.9   2   2    0.0053      0.29    9.5   4.1    28    80    73   123    63   151 0.61 -
TRINITY_DN2141_c0_g1_i12:713-1171   -            153 578734at33208        -            193   0.00016   20.2   4.9   1   2   3.8e-05    0.0021   16.5   2.1    88   148    34   100     1   101 0.73 -
TRINITY_DN2141_c0_g1_i12:713-1171   -            153 578734at33208        -            193   0.00016   20.2   4.9   2   2    0.0053      0.29    9.5   4.1    28    80    73   123    63   151 0.61 -
TRINITY_DN16739_c0_g1_i9:56-280     -             75 578734at33208        -            193   0.00018   20.0   5.1   1   1   4.5e-06   0.00025   19.5   5.1    71   130     6    72     2    73 0.85 -
TRINITY_DN2141_c0_g1_i3:470-1180    -            237 578734at33208        -            193   0.00042   18.8   4.5   1   2   9.2e-05    0.0052   15.2   1.9    88   148    34   100     1   101 0.74 -
TRINITY_DN2141_c0_g1_i3:470-1180    -            237 578734at33208        -            193   0.00042   18.8   4.5   2   2    0.0094      0.53    8.7   3.8    28    80    73   123    63   157 0.63 -
TRINITY_DN2141_c0_g1_i5:451-1161    -            237 578734at33208        -            193   0.00042   18.8   4.5   1   2   9.2e-05    0.0052   15.2   1.9    88   148    34   100     1   101 0.74 -
TRINITY_DN2141_c0_g1_i5:451-1161    -            237 578734at33208        -            193   0.00042   18.8   4.5   2   2    0.0094      0.53    8.7   3.8    28    80    73   123    63   157 0.63 -
TRINITY_DN15974_c0_g1_i14:2194-2646 -            151 578734at33208        -            193   0.00051   18.5   1.4   1   3     0.014      0.79    8.1   0.0    81   111     2    34     1    40 0.78 -
TRINITY_DN15974_c0_g1_i14:2194-2646 -            151 578734at33208        -            193   0.00051   18.5   1.4   2   3     0.027       1.5    7.2   0.2    73   111    40    80    33   102 0.46 -
TRINITY_DN15974_c0_g1_i14:2194-2646 -            151 578734at33208        -            193   0.00051   18.5   1.4   3   3       1.1        61    2.0   0.0    22    43    85   106    81   126 0.73 -
TRINITY_DN15974_c0_g1_i15:1125-1577 -            151 578734at33208        -            193   0.00051   18.5   1.4   1   3     0.014      0.79    8.1   0.0    81   111     2    34     1    40 0.78 -
TRINITY_DN15974_c0_g1_i15:1125-1577 -            151 578734at33208        -            193   0.00051   18.5   1.4   2   3     0.027       1.5    7.2   0.2    73   111    40    80    33   102 0.46 -
TRINITY_DN15974_c0_g1_i15:1125-1577 -            151 578734at33208        -            193   0.00051   18.5   1.4   3   3       1.1        61    2.0   0.0    22    43    85   106    81   126 0.73 -
TRINITY_DN15974_c0_g1_i2:2290-2742  -            151 578734at33208        -            193   0.00051   18.5   1.4   1   3     0.014      0.79    8.1   0.0    81   111     2    34     1    40 0.78 -
TRINITY_DN15974_c0_g1_i2:2290-2742  -            151 578734at33208        -            193   0.00051   18.5   1.4   2   3     0.027       1.5    7.2   0.2    73   111    40    80    33   102 0.46 -
TRINITY_DN15974_c0_g1_i2:2290-2742  -            151 578734at33208        -            193   0.00051   18.5   1.4   3   3       1.1        61    2.0   0.0    22    43    85   106    81   126 0.73 -
TRINITY_DN15974_c0_g1_i3:2288-2740  -            151 578734at33208        -            193   0.00051   18.5   1.4   1   3     0.014      0.79    8.1   0.0    81   111     2    34     1    40 0.78 -
TRINITY_DN15974_c0_g1_i3:2288-2740  -            151 578734at33208        -            193   0.00051   18.5   1.4   2   3     0.027       1.5    7.2   0.2    73   111    40    80    33   102 0.46 -
TRINITY_DN15974_c0_g1_i3:2288-2740  -            151 578734at33208        -            193   0.00051   18.5   1.4   3   3       1.1        61    2.0   0.0    22    43    85   106    81   126 0.73 -
TRINITY_DN15974_c0_g1_i8:2288-2740  -            151 578734at33208        -            193   0.00051   18.5   1.4   1   3     0.014      0.79    8.1   0.0    81   111     2    34     1    40 0.78 -
TRINITY_DN15974_c0_g1_i8:2288-2740  -            151 578734at33208        -            193   0.00051   18.5   1.4   2   3     0.027       1.5    7.2   0.2    73   111    40    80    33   102 0.46 -
TRINITY_DN15974_c0_g1_i8:2288-2740  -            151 578734at33208        -            193   0.00051   18.5   1.4   3   3       1.1        61    2.0   0.0    22    43    85   106    81   126 0.73 -
TRINITY_DN25166_c0_g1_i3:134-580    -            149 578734at33208        -            193   0.00059   18.3   2.4   1   1   1.6e-05   0.00088   17.7   2.4    19    67    16    70     8   105 0.74 -
TRINITY_DN25166_c0_g1_i1:134-577    -            148 578734at33208        -            193   0.00059   18.3   2.5   1   1   1.6e-05   0.00088   17.7   2.5    19    67    16    70     8   105 0.74 -
TRINITY_DN25166_c0_g1_i2:134-577    -            148 578734at33208        -            193   0.00059   18.3   2.5   1   1   1.6e-05   0.00088   17.7   2.5    19    67    16    70     8   105 0.74 -
TRINITY_DN10146_c0_g1_i1:926-1321   -            132 578734at33208        -            193   0.00075   18.0   4.3   1   2   7.7e-05    0.0043   15.5   3.4    71   150    13   101     2   112 0.61 -
TRINITY_DN10146_c0_g1_i1:926-1321   -            132 578734at33208        -            193   0.00075   18.0   4.3   2   2       0.1       5.6    5.3   0.4    38    86    57   104    55   128 0.59 -
TRINITY_DN10146_c0_g1_i5:926-1321   -            132 578734at33208        -            193   0.00075   18.0   4.3   1   2   7.7e-05    0.0043   15.5   3.4    71   150    13   101     2   112 0.61 -
TRINITY_DN10146_c0_g1_i5:926-1321   -            132 578734at33208        -            193   0.00075   18.0   4.3   2   2       0.1       5.6    5.3   0.4    38    86    57   104    55   128 0.59 -
TRINITY_DN58043_c0_g1_i2:216-470    -             85 578734at33208        -            193   0.00093   17.7   1.5   1   2   0.00014    0.0081   14.6   0.5    98   146     1    56     1    63 0.78 -
TRINITY_DN58043_c0_g1_i2:216-470    -             85 578734at33208        -            193   0.00093   17.7   1.5   2   2     0.035         2    6.8   0.1    23    66    42    80    37    84 0.82 -
TRINITY_DN58043_c0_g1_i8:216-470    -             85 578734at33208        -            193   0.00093   17.7   1.5   1   2   0.00014    0.0081   14.6   0.5    98   146     1    56     1    63 0.78 -
TRINITY_DN58043_c0_g1_i8:216-470    -             85 578734at33208        -            193   0.00093   17.7   1.5   2   2     0.035         2    6.8   0.1    23    66    42    80    37    84 0.82 -
TRINITY_DN25387_c0_g1_i2:1909-2202  -             98 578734at33208        -            193    0.0012   17.3   1.8   1   1   2.6e-05    0.0014   17.0   1.8    82   145     2    71     1    90 0.80 -
TRINITY_DN25387_c0_g1_i3:1925-2218  -             98 578734at33208        -            193    0.0012   17.3   1.8   1   1   2.6e-05    0.0014   17.0   1.8    82   145     2    71     1    90 0.80 -
TRINITY_DN17625_c0_g1_i1:941-1519   -            193 578734at33208        -            193    0.0018   16.7   2.1   1   3     0.032       1.8    6.9   0.0   116   147    24    55    19    61 0.90 -
TRINITY_DN17625_c0_g1_i1:941-1519   -            193 578734at33208        -            193    0.0018   16.7   2.1   2   3     0.017      0.94    7.9   0.3    71   111    61   103    56   120 0.77 -
TRINITY_DN17625_c0_g1_i1:941-1519   -            193 578734at33208        -            193    0.0018   16.7   2.1   3   3      0.99        56    2.1   0.1    28    49    89   110    80   166 0.66 -
TRINITY_DN30202_c0_g1_i1:444-893    -            150 578734at33208        -            193     0.002   16.6   0.0   1   2    0.0026      0.15   10.5   0.0    62   112     7    61     2    80 0.67 -
TRINITY_DN30202_c0_g1_i1:444-893    -            150 578734at33208        -            193     0.002   16.6   0.0   2   2      0.29        16    3.8   0.0    35    60    85   110    60   132 0.51 -
TRINITY_DN861_c0_g1_i101:847-3114   -            756 578734at33208        -            193    0.0024   16.3   0.1   1   1   0.00012    0.0069   14.8   0.1    66    98    18    50     1    60 0.71 -
TRINITY_DN861_c0_g1_i40:786-3053    -            756 578734at33208        -            193    0.0024   16.3   0.1   1   1   0.00012    0.0069   14.8   0.1    66    98    18    50     1    60 0.71 -
TRINITY_DN861_c0_g1_i52:636-2903    -            756 578734at33208        -            193    0.0024   16.3   0.1   1   1   0.00012    0.0069   14.8   0.1    66    98    18    50     1    60 0.71 -
TRINITY_DN861_c0_g1_i21:639-2906    -            756 578734at33208        -            193    0.0024   16.3   0.1   1   1   0.00012    0.0069   14.8   0.1    66    98    18    50     1    60 0.71 -
TRINITY_DN861_c0_g1_i25:850-3117    -            756 578734at33208        -            193    0.0024   16.3   0.1   1   1   0.00012    0.0069   14.8   0.1    66    98    18    50     1    60 0.71 -
TRINITY_DN861_c0_g1_i42:789-3056    -            756 578734at33208        -            193    0.0024   16.3   0.1   1   1   0.00012    0.0069   14.8   0.1    66    98    18    50     1    60 0.71 -
TRINITY_DN861_c0_g1_i71:796-3063    -            756 578734at33208        -            193    0.0024   16.3   0.1   1   1   0.00012    0.0069   14.8   0.1    66    98    18    50     1    60 0.71 -
TRINITY_DN19836_c0_g1_i13:1228-1599 -            124 578734at33208        -            193    0.0025   16.2   4.1   1   2    0.0018     0.099   11.1   1.4    26    88     5    76     2    87 0.62 -
TRINITY_DN19836_c0_g1_i13:1228-1599 -            124 578734at33208        -            193    0.0025   16.2   4.1   2   2     0.078       4.4    5.7   0.8    27    88    64   124    48   124 0.53 -
TRINITY_DN19836_c0_g1_i2:1216-1587  -            124 578734at33208        -            193    0.0033   15.9   2.9   1   2    0.0016     0.088   11.2   1.1    26    88     5    76     2    84 0.59 -
TRINITY_DN19836_c0_g1_i2:1216-1587  -            124 578734at33208        -            193    0.0033   15.9   2.9   2   2       0.1       5.8    5.3   1.0    56   108    61   124    37   124 0.55 -
TRINITY_DN65937_c0_g1_i1:244-774    -            177 578734at33208        -            193    0.0046   15.4   7.6   1   2     0.045       2.5    6.5   1.2    16    89    16    78     2    98 0.42 -
TRINITY_DN65937_c0_g1_i1:244-774    -            177 578734at33208        -            193    0.0046   15.4   7.6   2   2    0.0016     0.087   11.2   1.6    63   117   102   158    71   177 0.56 -
TRINITY_DN25166_c0_g1_i6:191-646    -            152 578734at33208        -            193    0.0091   14.4   2.9   1   1   0.00025     0.014   13.9   2.9    24    67     2    51     1    87 0.71 -
#
# Program:         hmmsearch
# Version:         3.1b2 (February 2015)
# Pipeline mode:   SEARCH
# Query file:      /busco_wd/busco_downloads/lineages/metazoa_odb10/hmms/578734at33208.hmm
# Target file:     /busco_wd/BUSCO/run_metazoa_odb10/metaeuk_output/initial_results/Trinity.fasta.modified.fas
# Option settings: hmmsearch --domtblout /busco_wd/BUSCO/run_metazoa_odb10/hmmer_output/initial_run_results/578734at33208.out --cpu 1 /busco_wd/busco_downloads/lineages/metazoa_odb10/hmms/578734at33208.hmm /busco_wd/BUSCO/run_metazoa_odb10/metaeuk_output/initial_results/Trinity.fasta.modified.fas 
# Current dir:     /busco_wd
# Date:            Tue Nov 23 09:04:14 2021
# [ok]
