#                                                                                         --- full sequence --- -------------- this domain -------------   hmm coord   ali coord   env coord
# target name                     accession   tlen query name           accession   qlen   E-value  score  bias   #  of  c-Evalue  i-Evalue  score  bias  from    to  from    to  from    to  acc description of target
#             ------------------- ---------- ----- -------------------- ---------- ----- --------- ------ ----- --- --- --------- --------- ------ ----- ----- ----- ----- ----- ----- ----- ---- ---------------------
TRINITY_DN954_c0_g1_i1:520-1014   -            165 584333at33208        -            119   3.3e-14   52.0   7.0   1   1   2.3e-16   4.2e-13   48.5   7.0     7   117    24   160     9   162 0.73 -
TRINITY_DN954_c0_g1_i2:485-979    -            165 584333at33208        -            119   3.3e-14   52.0   7.0   1   1   2.3e-16   4.2e-13   48.5   7.0     7   117    24   160     9   162 0.73 -
TRINITY_DN954_c0_g1_i5:485-979    -            165 584333at33208        -            119   3.3e-14   52.0   7.0   1   1   2.3e-16   4.2e-13   48.5   7.0     7   117    24   160     9   162 0.73 -
TRINITY_DN954_c0_g1_i6:567-1061   -            165 584333at33208        -            119   3.3e-14   52.0   7.0   1   1   2.3e-16   4.2e-13   48.5   7.0     7   117    24   160     9   162 0.73 -
TRINITY_DN3922_c0_g1_i1:2084-2857 -            258 584333at33208        -            119     0.022   13.9   1.0   1   3     6e-05      0.11   11.6   0.1    34    94    46   106    21   107 0.84 -
TRINITY_DN3922_c0_g1_i1:2084-2857 -            258 584333at33208        -            119     0.022   13.9   1.0   2   3      0.97   1.8e+03   -2.0   0.0    84   102   122   140   118   157 0.67 -
TRINITY_DN3922_c0_g1_i1:2084-2857 -            258 584333at33208        -            119     0.022   13.9   1.0   3   3       0.7   1.3e+03   -1.5   0.0    83    98   167   182   139   193 0.54 -
#
# Program:         hmmsearch
# Version:         3.1b2 (February 2015)
# Pipeline mode:   SEARCH
# Query file:      /busco_wd/busco_downloads/lineages/metazoa_odb10/hmms/584333at33208.hmm
# Target file:     /busco_wd/BUSCO/run_metazoa_odb10/metaeuk_output/initial_results/Trinity.fasta.modified.fas
# Option settings: hmmsearch --domtblout /busco_wd/BUSCO/run_metazoa_odb10/hmmer_output/initial_run_results/584333at33208.out --cpu 1 /busco_wd/busco_downloads/lineages/metazoa_odb10/hmms/584333at33208.hmm /busco_wd/BUSCO/run_metazoa_odb10/metaeuk_output/initial_results/Trinity.fasta.modified.fas 
# Current dir:     /busco_wd
# Date:            Tue Nov 23 09:04:17 2021
# [ok]
