#                                                                                          --- full sequence --- -------------- this domain -------------   hmm coord   ali coord   env coord
# target name                      accession   tlen query name           accession   qlen   E-value  score  bias   #  of  c-Evalue  i-Evalue  score  bias  from    to  from    to  from    to  acc description of target
#              ------------------- ---------- ----- -------------------- ---------- ----- --------- ------ ----- --- --- --------- --------- ------ ----- ----- ----- ----- ----- ----- ----- ---- ---------------------
TRINITY_DN906_c0_g1_i3:17-385      -            123 587958at33208        -             89     4e-53  176.7   0.5   1   1   1.1e-54   5.7e-53  176.3   0.5     1    84     8    91     8    96 0.98 -
TRINITY_DN906_c0_g1_i6:17-385      -            123 587958at33208        -             89     4e-53  176.7   0.5   1   1   1.1e-54   5.7e-53  176.3   0.5     1    84     8    91     8    96 0.98 -
TRINITY_DN906_c0_g1_i8:17-385      -            123 587958at33208        -             89     4e-53  176.7   0.5   1   1   1.1e-54   5.7e-53  176.3   0.5     1    84     8    91     8    96 0.98 -
TRINITY_DN1379_c0_g1_i3:106-2889   -            928 587958at33208        -             89   2.5e-20   71.7   0.0   1   6      0.16       8.3    5.9   0.0    12    71     3    65     1    75 0.82 -
TRINITY_DN1379_c0_g1_i3:106-2889   -            928 587958at33208        -             89   2.5e-20   71.7   0.0   2   6     0.036       1.9    7.9   0.0     5    78   312   385   309   396 0.80 -
TRINITY_DN1379_c0_g1_i3:106-2889   -            928 587958at33208        -             89   2.5e-20   71.7   0.0   3   6    0.0091      0.47    9.9   0.0    12    55   421   467   412   499 0.79 -
TRINITY_DN1379_c0_g1_i3:106-2889   -            928 587958at33208        -             89   2.5e-20   71.7   0.0   4   6    0.0029      0.15   11.4   0.0     9    39   604   634   600   639 0.89 -
TRINITY_DN1379_c0_g1_i3:106-2889   -            928 587958at33208        -             89   2.5e-20   71.7   0.0   5   6     0.055       2.8    7.4   0.0    10    48   709   747   705   764 0.89 -
TRINITY_DN1379_c0_g1_i3:106-2889   -            928 587958at33208        -             89   2.5e-20   71.7   0.0   6   6   6.1e-06   0.00032   20.0   0.0    12    68   814   874   805   890 0.83 -
TRINITY_DN1379_c0_g1_i8:106-2889   -            928 587958at33208        -             89   2.5e-20   71.7   0.0   1   6      0.16       8.3    5.9   0.0    12    71     3    65     1    75 0.82 -
TRINITY_DN1379_c0_g1_i8:106-2889   -            928 587958at33208        -             89   2.5e-20   71.7   0.0   2   6     0.036       1.9    7.9   0.0     5    78   312   385   309   396 0.80 -
TRINITY_DN1379_c0_g1_i8:106-2889   -            928 587958at33208        -             89   2.5e-20   71.7   0.0   3   6    0.0091      0.47    9.9   0.0    12    55   421   467   412   499 0.79 -
TRINITY_DN1379_c0_g1_i8:106-2889   -            928 587958at33208        -             89   2.5e-20   71.7   0.0   4   6    0.0029      0.15   11.4   0.0     9    39   604   634   600   639 0.89 -
TRINITY_DN1379_c0_g1_i8:106-2889   -            928 587958at33208        -             89   2.5e-20   71.7   0.0   5   6     0.055       2.8    7.4   0.0    10    48   709   747   705   764 0.89 -
TRINITY_DN1379_c0_g1_i8:106-2889   -            928 587958at33208        -             89   2.5e-20   71.7   0.0   6   6   6.1e-06   0.00032   20.0   0.0    12    68   814   874   805   890 0.83 -
TRINITY_DN1996_c0_g1_i1:309-944    -            212 587958at33208        -             89   2.7e-18   65.1   0.0   1   2   6.7e-12   3.5e-10   39.1   0.0     9    86     4    85     1    88 0.92 -
TRINITY_DN1996_c0_g1_i1:309-944    -            212 587958at33208        -             89   2.7e-18   65.1   0.0   2   2   3.1e-07   1.6e-05   24.2   0.0     6    73   146   212   142   212 0.92 -
TRINITY_DN1996_c0_g1_i2:233-868    -            212 587958at33208        -             89   2.7e-18   65.1   0.0   1   2   6.7e-12   3.5e-10   39.1   0.0     9    86     4    85     1    88 0.92 -
TRINITY_DN1996_c0_g1_i2:233-868    -            212 587958at33208        -             89   2.7e-18   65.1   0.0   2   2   3.1e-07   1.6e-05   24.2   0.0     6    73   146   212   142   212 0.92 -
TRINITY_DN1996_c0_g1_i4:194-829    -            212 587958at33208        -             89   2.7e-18   65.1   0.0   1   2   6.7e-12   3.5e-10   39.1   0.0     9    86     4    85     1    88 0.92 -
TRINITY_DN1996_c0_g1_i4:194-829    -            212 587958at33208        -             89   2.7e-18   65.1   0.0   2   2   3.1e-07   1.6e-05   24.2   0.0     6    73   146   212   142   212 0.92 -
TRINITY_DN1379_c0_g1_i2:106-1944   -            613 587958at33208        -             89   2.7e-18   65.1   0.0   1   5      0.14       7.2    6.1   0.1    14    78     6    70     2    81 0.78 -
TRINITY_DN1379_c0_g1_i2:106-1944   -            613 587958at33208        -             89   2.7e-18   65.1   0.0   2   5    0.0053      0.28   10.6   0.0    12    55   106   152    97   184 0.79 -
TRINITY_DN1379_c0_g1_i2:106-1944   -            613 587958at33208        -             89   2.7e-18   65.1   0.0   3   5    0.0017     0.091   12.2   0.0     9    39   289   319   285   325 0.89 -
TRINITY_DN1379_c0_g1_i2:106-1944   -            613 587958at33208        -             89   2.7e-18   65.1   0.0   4   5     0.031       1.6    8.2   0.0    10    48   394   432   389   449 0.89 -
TRINITY_DN1379_c0_g1_i2:106-1944   -            613 587958at33208        -             89   2.7e-18   65.1   0.0   5   5   3.4e-06   0.00018   20.8   0.0    12    68   499   559   490   576 0.83 -
TRINITY_DN2081_c0_g1_i4:276-2993   -            906 587958at33208        -             89   2.5e-16   58.8   0.1   1   4   0.00069     0.036   13.4   0.0    10    78     3    73     1    83 0.71 -
TRINITY_DN2081_c0_g1_i4:276-2993   -            906 587958at33208        -             89   2.5e-16   58.8   0.1   2   4       0.8        41    3.6   0.0     7    73   157   223   153   238 0.84 -
TRINITY_DN2081_c0_g1_i4:276-2993   -            906 587958at33208        -             89   2.5e-16   58.8   0.1   3   4    0.0058       0.3   10.5   0.0    12    80   251   324   244   331 0.84 -
TRINITY_DN2081_c0_g1_i4:276-2993   -            906 587958at33208        -             89   2.5e-16   58.8   0.1   4   4   2.5e-07   1.3e-05   24.5   0.0     9    65   458   517   452   528 0.87 -
TRINITY_DN2081_c0_g1_i3:276-2999   -            908 587958at33208        -             89   2.6e-16   58.8   0.1   1   4   0.00069     0.036   13.4   0.0    10    78     3    73     1    83 0.71 -
TRINITY_DN2081_c0_g1_i3:276-2999   -            908 587958at33208        -             89   2.6e-16   58.8   0.1   2   4       0.8        41    3.6   0.0     7    73   157   223   153   238 0.84 -
TRINITY_DN2081_c0_g1_i3:276-2999   -            908 587958at33208        -             89   2.6e-16   58.8   0.1   3   4    0.0058       0.3   10.5   0.0    12    80   251   324   244   331 0.84 -
TRINITY_DN2081_c0_g1_i3:276-2999   -            908 587958at33208        -             89   2.6e-16   58.8   0.1   4   4   2.5e-07   1.3e-05   24.5   0.0     9    65   460   519   454   530 0.87 -
TRINITY_DN119436_c0_g1_i1:144-2165 -            674 587958at33208        -             89   2.7e-16   58.7   0.1   1   4      0.25        13    5.2   0.0    12    69     2    62     1    76 0.78 -
TRINITY_DN119436_c0_g1_i1:144-2165 -            674 587958at33208        -             89   2.7e-16   58.7   0.1   2   4   9.4e-06   0.00049   19.4   0.0    12    80    90   160    83   164 0.87 -
TRINITY_DN119436_c0_g1_i1:144-2165 -            674 587958at33208        -             89   2.7e-16   58.7   0.1   3   4   0.00037     0.019   14.3   0.0    12    76   181   247   176   257 0.84 -
TRINITY_DN119436_c0_g1_i1:144-2165 -            674 587958at33208        -             89   2.7e-16   58.7   0.1   4   4   0.00043     0.022   14.1   0.0    12    65   285   340   275   361 0.77 -
TRINITY_DN528_c7_g1_i1:280-1215    -            312 587958at33208        -             89     3e-15   55.4   0.0   1   3   8.9e-08   4.6e-06   25.9   0.0    13    83     2    75     1    80 0.84 -
TRINITY_DN528_c7_g1_i1:280-1215    -            312 587958at33208        -             89     3e-15   55.4   0.0   2   3    0.0023      0.12   11.8   0.0     9    68    84   145    76   148 0.85 -
TRINITY_DN528_c7_g1_i1:280-1215    -            312 587958at33208        -             89     3e-15   55.4   0.0   3   3   0.00038      0.02   14.3   0.0    11    61   251   304   246   311 0.77 -
TRINITY_DN9912_c2_g1_i1:696-2519   -            608 587958at33208        -             89   3.3e-15   55.2   0.5   1   4     0.016      0.82    9.1   0.0    12    68     2    61     1    77 0.85 -
TRINITY_DN9912_c2_g1_i1:696-2519   -            608 587958at33208        -             89   3.3e-15   55.2   0.5   2   4   1.9e-05   0.00097   18.5   0.1    12    79    90   159    82   168 0.84 -
TRINITY_DN9912_c2_g1_i1:696-2519   -            608 587958at33208        -             89   3.3e-15   55.2   0.5   3   4    0.0003     0.016   14.6   0.0    10    82   181   255   175   261 0.85 -
TRINITY_DN9912_c2_g1_i1:696-2519   -            608 587958at33208        -             89   3.3e-15   55.2   0.5   4   4     0.035       1.8    8.0   0.0    12    75   286   351   277   363 0.80 -
TRINITY_DN2081_c0_g1_i9:276-2531   -            752 587958at33208        -             89   5.7e-12   44.9   0.1   1   3      0.69        36    3.8   0.0     7    73     3    69     1    84 0.84 -
TRINITY_DN2081_c0_g1_i9:276-2531   -            752 587958at33208        -             89   5.7e-12   44.9   0.1   2   3    0.0045      0.23   10.8   0.0    12    80    97   170    90   177 0.84 -
TRINITY_DN2081_c0_g1_i9:276-2531   -            752 587958at33208        -             89   5.7e-12   44.9   0.1   3   3     2e-07     1e-05   24.8   0.0     9    65   304   363   298   374 0.87 -
TRINITY_DN2081_c0_g1_i1:276-2531   -            752 587958at33208        -             89     6e-12   44.8   0.1   1   3      0.69        36    3.8   0.0     7    73     3    69     1    84 0.84 -
TRINITY_DN2081_c0_g1_i1:276-2531   -            752 587958at33208        -             89     6e-12   44.8   0.1   2   3    0.0045      0.23   10.8   0.0    12    80    97   170    90   177 0.84 -
TRINITY_DN2081_c0_g1_i1:276-2531   -            752 587958at33208        -             89     6e-12   44.8   0.1   3   3     2e-07     1e-05   24.8   0.0     9    65   304   363   298   374 0.87 -
TRINITY_DN2081_c0_g1_i7:276-2531   -            752 587958at33208        -             89     6e-12   44.8   0.1   1   3      0.69        36    3.8   0.0     7    73     3    69     1    84 0.84 -
TRINITY_DN2081_c0_g1_i7:276-2531   -            752 587958at33208        -             89     6e-12   44.8   0.1   2   3    0.0045      0.23   10.8   0.0    12    80    97   170    90   177 0.84 -
TRINITY_DN2081_c0_g1_i7:276-2531   -            752 587958at33208        -             89     6e-12   44.8   0.1   3   3     2e-07     1e-05   24.8   0.0     9    65   304   363   298   374 0.87 -
TRINITY_DN883_c0_g1_i1:423-1448    -            342 587958at33208        -             89   3.4e-11   42.4   0.1   1   3   2.8e-06   0.00014   21.1   0.0     9    79    15    88    10    95 0.84 -
TRINITY_DN883_c0_g1_i1:423-1448    -            342 587958at33208        -             89   3.4e-11   42.4   0.1   2   3   0.00021     0.011   15.1   0.0     9    71   101   166    92   175 0.83 -
TRINITY_DN883_c0_g1_i1:423-1448    -            342 587958at33208        -             89   3.4e-11   42.4   0.1   3   3       1.7        89    2.6   0.0    20    85   273   340   257   342 0.75 -
TRINITY_DN883_c0_g1_i3:423-1448    -            342 587958at33208        -             89   3.4e-11   42.4   0.1   1   3   2.8e-06   0.00014   21.1   0.0     9    79    15    88    10    95 0.84 -
TRINITY_DN883_c0_g1_i3:423-1448    -            342 587958at33208        -             89   3.4e-11   42.4   0.1   2   3   0.00021     0.011   15.1   0.0     9    71   101   166    92   175 0.83 -
TRINITY_DN883_c0_g1_i3:423-1448    -            342 587958at33208        -             89   3.4e-11   42.4   0.1   3   3       1.7        89    2.6   0.0    20    85   273   340   257   342 0.75 -
TRINITY_DN883_c0_g1_i4:402-1427    -            342 587958at33208        -             89   3.4e-11   42.4   0.1   1   3   2.8e-06   0.00014   21.1   0.0     9    79    15    88    10    95 0.84 -
TRINITY_DN883_c0_g1_i4:402-1427    -            342 587958at33208        -             89   3.4e-11   42.4   0.1   2   3   0.00021     0.011   15.1   0.0     9    71   101   166    92   175 0.83 -
TRINITY_DN883_c0_g1_i4:402-1427    -            342 587958at33208        -             89   3.4e-11   42.4   0.1   3   3       1.7        89    2.6   0.0    20    85   273   340   257   342 0.75 -
TRINITY_DN883_c0_g1_i7:402-1427    -            342 587958at33208        -             89   4.2e-11   42.1   0.1   1   3   3.4e-06   0.00017   20.9   0.1     9    79    15    88    10    95 0.84 -
TRINITY_DN883_c0_g1_i7:402-1427    -            342 587958at33208        -             89   4.2e-11   42.1   0.1   2   3   0.00021     0.011   15.1   0.0     9    71   101   166    92   175 0.83 -
TRINITY_DN883_c0_g1_i7:402-1427    -            342 587958at33208        -             89   4.2e-11   42.1   0.1   3   3       1.7        89    2.6   0.0    20    85   273   340   257   342 0.75 -
TRINITY_DN2081_c0_g1_i5:56-1225    -            390 587958at33208        -             89     1e-09   37.6   0.0   1   3   9.6e-05     0.005   16.2   0.0     8    79     9    82     4    91 0.71 -
TRINITY_DN2081_c0_g1_i5:56-1225    -            390 587958at33208        -             89     1e-09   37.6   0.0   2   3      0.24        12    5.3   0.0     7    73   165   231   161   246 0.84 -
TRINITY_DN2081_c0_g1_i5:56-1225    -            390 587958at33208        -             89     1e-09   37.6   0.0   3   3    0.0017     0.088   12.2   0.0    12    80   259   332   252   339 0.84 -
TRINITY_DN250_c0_g1_i1:26-259      -             78 587958at33208        -             89   2.6e-09   36.3   0.1   1   1   5.8e-11     3e-09   36.1   0.1    12    77     1    69     1    75 0.88 -
TRINITY_DN250_c0_g1_i20:26-259     -             78 587958at33208        -             89   2.6e-09   36.3   0.1   1   1   5.8e-11     3e-09   36.1   0.1    12    77     1    69     1    75 0.88 -
TRINITY_DN250_c0_g1_i21:26-259     -             78 587958at33208        -             89   2.6e-09   36.3   0.1   1   1   5.8e-11     3e-09   36.1   0.1    12    77     1    69     1    75 0.88 -
TRINITY_DN250_c0_g1_i11:26-235     -             70 587958at33208        -             89   2.8e-09   36.2   0.0   1   1   5.9e-11     3e-09   36.1   0.0    12    76     1    68     1    70 0.89 -
TRINITY_DN522_c0_g1_i13:36-287     -             84 587958at33208        -             89   5.1e-09   35.4   0.0   1   1   1.1e-10   5.7e-09   35.2   0.0     8    76    10    81     5    84 0.88 -
TRINITY_DN522_c0_g1_i1:36-287      -             84 587958at33208        -             89   5.1e-09   35.4   0.0   1   1   1.1e-10   5.7e-09   35.2   0.0     8    76    10    81     5    84 0.88 -
TRINITY_DN36654_c0_g1_i2:663-1106  -            148 587958at33208        -             89   6.5e-09   35.1   0.0   1   2   7.3e-07   3.8e-05   23.0   0.0    13    83     2    75     1    80 0.86 -
TRINITY_DN36654_c0_g1_i2:663-1106  -            148 587958at33208        -             89   6.5e-09   35.1   0.0   2   2    0.0059      0.31   10.5   0.0     9    68    84   145    77   147 0.84 -
TRINITY_DN1816_c0_g1_i1:1766-1948  -             61 587958at33208        -             89   6.6e-09   35.0   0.0   1   1   1.4e-10   7.1e-09   34.9   0.0     9    64     3    61     1    61 0.90 -
TRINITY_DN3650_c0_g1_i1:443-1138   -            232 587958at33208        -             89   1.1e-08   34.3   0.0   1   1   3.4e-10   1.8e-08   33.7   0.0    11    70    11    73     4    87 0.84 -
TRINITY_DN522_c0_g1_i11:116-367    -             84 587958at33208        -             89   3.3e-08   32.8   0.0   1   1   7.4e-10   3.9e-08   32.6   0.0    12    77     9    77     3    82 0.88 -
TRINITY_DN522_c0_g1_i8:116-367     -             84 587958at33208        -             89   3.3e-08   32.8   0.0   1   1   7.4e-10   3.9e-08   32.6   0.0    12    77     9    77     3    82 0.88 -
TRINITY_DN522_c0_g1_i12:128-343    -             72 587958at33208        -             89   3.5e-08   32.7   0.0   1   1   7.8e-10     4e-08   32.5   0.0    12    76     5    72     2    72 0.89 -
TRINITY_DN522_c0_g1_i14:128-343    -             72 587958at33208        -             89   3.5e-08   32.7   0.0   1   1   7.8e-10     4e-08   32.5   0.0    12    76     5    72     2    72 0.89 -
TRINITY_DN522_c0_g1_i15:128-343    -             72 587958at33208        -             89   3.5e-08   32.7   0.0   1   1   7.8e-10     4e-08   32.5   0.0    12    76     5    72     2    72 0.89 -
TRINITY_DN522_c0_g1_i2:128-343     -             72 587958at33208        -             89   3.5e-08   32.7   0.0   1   1   7.8e-10     4e-08   32.5   0.0    12    76     5    72     2    72 0.89 -
TRINITY_DN250_c0_g1_i10:71-316     -             82 587958at33208        -             89   4.2e-08   32.5   0.1   1   1   9.6e-10     5e-08   32.2   0.1    12    77     7    75     2    80 0.88 -
TRINITY_DN250_c0_g1_i17:71-316     -             82 587958at33208        -             89   4.2e-08   32.5   0.1   1   1   9.6e-10     5e-08   32.2   0.1    12    77     7    75     2    80 0.88 -
TRINITY_DN250_c0_g1_i18:71-316     -             82 587958at33208        -             89   4.2e-08   32.5   0.1   1   1   9.6e-10     5e-08   32.2   0.1    12    77     7    75     2    80 0.88 -
TRINITY_DN250_c0_g1_i19:71-316     -             82 587958at33208        -             89   4.2e-08   32.5   0.1   1   1   9.6e-10     5e-08   32.2   0.1    12    77     7    75     2    80 0.88 -
TRINITY_DN250_c0_g1_i23:71-316     -             82 587958at33208        -             89   4.2e-08   32.5   0.1   1   1   9.6e-10     5e-08   32.2   0.1    12    77     7    75     2    80 0.88 -
TRINITY_DN250_c0_g1_i25:71-316     -             82 587958at33208        -             89   4.2e-08   32.5   0.1   1   1   9.6e-10     5e-08   32.2   0.1    12    77     7    75     2    80 0.88 -
TRINITY_DN250_c0_g1_i2:71-316      -             82 587958at33208        -             89   4.2e-08   32.5   0.1   1   1   9.6e-10     5e-08   32.2   0.1    12    77     7    75     2    80 0.88 -
TRINITY_DN250_c0_g1_i8:71-316      -             82 587958at33208        -             89   4.2e-08   32.5   0.1   1   1   9.6e-10     5e-08   32.2   0.1    12    77     7    75     2    80 0.88 -
TRINITY_DN250_c0_g1_i12:71-322     -             84 587958at33208        -             89   4.7e-08   32.3   0.1   1   1   1.1e-09   5.6e-08   32.1   0.1    12    77     7    75     2    81 0.88 -
TRINITY_DN16080_c0_g1_i1:149-382   -             78 587958at33208        -             89   8.2e-08   31.5   0.0   1   1   1.7e-09   8.6e-08   31.5   0.0     9    76     5    75     1    78 0.88 -
TRINITY_DN16080_c0_g1_i2:126-359   -             78 587958at33208        -             89   8.2e-08   31.5   0.0   1   1   1.7e-09   8.6e-08   31.5   0.0     9    76     5    75     1    78 0.88 -
TRINITY_DN883_c0_g1_i5:921-1313    -            131 587958at33208        -             89     9e-08   31.4   0.0   1   2    0.0014     0.075   12.4   0.0    36    80     7    51     1    58 0.82 -
TRINITY_DN883_c0_g1_i5:921-1313    -            131 587958at33208        -             89     9e-08   31.4   0.0   2   2   3.6e-05    0.0019   17.6   0.0     8    70    62   127    54   130 0.82 -
TRINITY_DN1770_c0_g1_i10:2460-2747 -             96 587958at33208        -             89   9.3e-08   31.3   0.0   1   1     2e-09   1.1e-07   31.2   0.0    10    67     2    61     1    77 0.83 -
TRINITY_DN1770_c0_g1_i1:2460-2747  -             96 587958at33208        -             89   9.3e-08   31.3   0.0   1   1     2e-09   1.1e-07   31.2   0.0    10    67     2    61     1    77 0.83 -
TRINITY_DN1770_c0_g1_i8:2460-2747  -             96 587958at33208        -             89   9.3e-08   31.3   0.0   1   1     2e-09   1.1e-07   31.2   0.0    10    67     2    61     1    77 0.83 -
TRINITY_DN38314_c0_g1_i1:461-706   -             82 587958at33208        -             89   9.5e-08   31.3   0.1   1   1   2.2e-09   1.1e-07   31.1   0.1    12    77     7    75     2    80 0.88 -
TRINITY_DN27189_c0_g1_i1:139-369   -             77 587958at33208        -             89   1.2e-07   31.0   0.2   1   1   2.7e-09   1.4e-07   30.8   0.2    12    79     1    71     1    76 0.88 -
TRINITY_DN593_c0_g1_i10:1571-1879  -            103 587958at33208        -             89   2.7e-07   29.9   0.0   1   1   6.8e-09   3.5e-07   29.5   0.0    12    78    11    79     5    95 0.89 -
TRINITY_DN593_c0_g1_i3:1571-1879   -            103 587958at33208        -             89   2.7e-07   29.9   0.0   1   1   6.8e-09   3.5e-07   29.5   0.0    12    78    11    79     5    95 0.89 -
TRINITY_DN593_c0_g1_i7:1571-1879   -            103 587958at33208        -             89   2.7e-07   29.9   0.0   1   1   6.8e-09   3.5e-07   29.5   0.0    12    78    11    79     5    95 0.89 -
TRINITY_DN593_c0_g1_i8:1571-1879   -            103 587958at33208        -             89   2.7e-07   29.9   0.0   1   1   6.8e-09   3.5e-07   29.5   0.0    12    78    11    79     5    95 0.89 -
TRINITY_DN2041_c0_g1_i10:526-753   -             76 587958at33208        -             89     1e-06   28.0   0.0   1   1   2.1e-08   1.1e-06   27.9   0.0    10    81     3    74     1    76 0.92 -
TRINITY_DN2041_c0_g1_i14:526-753   -             76 587958at33208        -             89     1e-06   28.0   0.0   1   1   2.1e-08   1.1e-06   27.9   0.0    10    81     3    74     1    76 0.92 -
TRINITY_DN2041_c0_g1_i3:526-753    -             76 587958at33208        -             89     1e-06   28.0   0.0   1   1   2.1e-08   1.1e-06   27.9   0.0    10    81     3    74     1    76 0.92 -
TRINITY_DN2041_c0_g1_i7:526-753    -             76 587958at33208        -             89     1e-06   28.0   0.0   1   1   2.1e-08   1.1e-06   27.9   0.0    10    81     3    74     1    76 0.92 -
TRINITY_DN2041_c0_g1_i9:526-753    -             76 587958at33208        -             89     1e-06   28.0   0.0   1   1   2.1e-08   1.1e-06   27.9   0.0    10    81     3    74     1    76 0.92 -
TRINITY_DN69591_c0_g1_i1:1-237     -             79 587958at33208        -             89   1.9e-06   27.1   0.0   1   1   4.3e-08   2.2e-06   26.9   0.0    12    58     3    52     1    62 0.85 -
TRINITY_DN2041_c0_g1_i5:529-747    -             73 587958at33208        -             89   1.9e-06   27.1   0.0   1   1   3.9e-08     2e-06   27.1   0.0    10    80     1    71     1    73 0.92 -
TRINITY_DN11130_c0_g1_i33:853-1179 -            109 587958at33208        -             89   2.1e-06   27.0   0.0   1   1     5e-08   2.6e-06   26.7   0.0    12    79     2    72     1    80 0.88 -
TRINITY_DN11130_c0_g1_i57:884-1210 -            109 587958at33208        -             89   2.1e-06   27.0   0.0   1   1     5e-08   2.6e-06   26.7   0.0    12    79     2    72     1    80 0.88 -
TRINITY_DN7027_c0_g1_i10:992-1213  -             74 587958at33208        -             89   2.2e-06   26.9   0.0   1   1   4.3e-08   2.2e-06   26.9   0.0    12    76     1    68     1    74 0.84 -
TRINITY_DN7027_c0_g1_i15:1509-1730 -             74 587958at33208        -             89   2.2e-06   26.9   0.0   1   1   4.3e-08   2.2e-06   26.9   0.0    12    76     1    68     1    74 0.84 -
TRINITY_DN7027_c0_g1_i2:1775-1996  -             74 587958at33208        -             89   2.2e-06   26.9   0.0   1   1   4.3e-08   2.2e-06   26.9   0.0    12    76     1    68     1    74 0.84 -
TRINITY_DN21274_c0_g1_i1:99-332    -             78 587958at33208        -             89   4.1e-06   26.1   0.0   1   1   8.8e-08   4.6e-06   25.9   0.0    12    81     1    70     1    77 0.89 -
TRINITY_DN21274_c0_g1_i3:99-332    -             78 587958at33208        -             89   4.1e-06   26.1   0.0   1   1   8.8e-08   4.6e-06   25.9   0.0    12    81     1    70     1    77 0.89 -
TRINITY_DN21274_c0_g1_i4:99-332    -             78 587958at33208        -             89   4.1e-06   26.1   0.0   1   1   8.8e-08   4.6e-06   25.9   0.0    12    81     1    70     1    77 0.89 -
TRINITY_DN4118_c0_g1_i2:107-415    -            103 587958at33208        -             89   5.2e-06   25.7   0.0   1   1   1.5e-07   7.8e-06   25.2   0.0    10    80     4    77     1    86 0.88 -
TRINITY_DN4118_c0_g1_i6:107-415    -            103 587958at33208        -             89   5.2e-06   25.7   0.0   1   1   1.5e-07   7.8e-06   25.2   0.0    10    80     4    77     1    86 0.88 -
TRINITY_DN4118_c0_g1_i7:107-415    -            103 587958at33208        -             89   5.2e-06   25.7   0.0   1   1   1.5e-07   7.8e-06   25.2   0.0    10    80     4    77     1    86 0.88 -
TRINITY_DN4118_c0_g1_i8:107-415    -            103 587958at33208        -             89   5.2e-06   25.7   0.0   1   1   1.5e-07   7.8e-06   25.2   0.0    10    80     4    77     1    86 0.88 -
TRINITY_DN138_c0_g1_i1:274-537     -             88 587958at33208        -             89   5.9e-06   25.6   0.0   1   1   1.3e-07   6.5e-06   25.4   0.0     5    77     5    82     1    87 0.81 -
TRINITY_DN138_c0_g1_i6:262-525     -             88 587958at33208        -             89   5.9e-06   25.6   0.0   1   1   1.3e-07   6.5e-06   25.4   0.0     5    77     5    82     1    87 0.81 -
TRINITY_DN12177_c0_g1_i1:581-862   -             94 587958at33208        -             89     7e-06   25.3   0.0   1   1   1.6e-07   8.5e-06   25.1   0.0    11    73     9    74     2    80 0.87 -
TRINITY_DN138_c0_g1_i8:520-795     -             92 587958at33208        -             89   7.2e-06   25.3   0.0   1   1   1.6e-07   8.1e-06   25.1   0.0     5    77     9    86     5    91 0.80 -
TRINITY_DN12177_c0_g1_i1:932-1234  -            101 587958at33208        -             89   7.9e-06   25.2   0.0   1   1     2e-07     1e-05   24.8   0.0    11    73    16    81     8    87 0.87 -
TRINITY_DN12143_c0_g1_i4:589-834   -             82 587958at33208        -             89   1.5e-05   24.3   0.0   1   1   3.7e-07   1.9e-05   23.9   0.0     9    65     4    63     2    69 0.82 -
TRINITY_DN4796_c0_g1_i1:631-1146   -            172 587958at33208        -             89   1.5e-05   24.3   0.1   1   1   4.5e-07   2.4e-05   23.6   0.1    11    80    38   110    31   117 0.84 -
TRINITY_DN15691_c0_g1_i10:523-813  -             97 587958at33208        -             89   1.7e-05   24.1   0.0   1   1   3.7e-07   1.9e-05   23.9   0.0    12    74    23    88    13    96 0.83 -
TRINITY_DN15691_c0_g1_i3:523-813   -             97 587958at33208        -             89   1.7e-05   24.1   0.0   1   1   3.7e-07   1.9e-05   23.9   0.0    12    74    23    88    13    96 0.83 -
TRINITY_DN15691_c0_g1_i4:523-813   -             97 587958at33208        -             89   1.7e-05   24.1   0.0   1   1   3.7e-07   1.9e-05   23.9   0.0    12    74    23    88    13    96 0.83 -
TRINITY_DN15691_c0_g1_i8:225-515   -             97 587958at33208        -             89   1.7e-05   24.1   0.0   1   1   3.7e-07   1.9e-05   23.9   0.0    12    74    23    88    13    96 0.83 -
TRINITY_DN15691_c0_g1_i9:942-1232  -             97 587958at33208        -             89   1.7e-05   24.1   0.0   1   1   3.7e-07   1.9e-05   23.9   0.0    12    74    23    88    13    96 0.83 -
TRINITY_DN522_c0_g1_i10:36-215     -             60 587958at33208        -             89   1.7e-05   24.1   0.0   1   1   3.4e-07   1.8e-05   24.0   0.0     8    54    10    59     5    60 0.83 -
TRINITY_DN4475_c0_g1_i1:283-663    -            127 587958at33208        -             89   2.4e-05   23.6   0.1   1   1   5.9e-07     3e-05   23.3   0.1    13    82     2    74     1    79 0.79 -
TRINITY_DN23252_c1_g1_i1:52-306    -             85 587958at33208        -             89   2.5e-05   23.6   0.0   1   1   5.6e-07   2.9e-05   23.4   0.0    12    77    11    79     2    84 0.81 -
TRINITY_DN9310_c0_g1_i1:112-333    -             74 587958at33208        -             89     3e-05   23.3   0.0   1   1   6.1e-07   3.2e-05   23.2   0.0    12    80     1    72     1    74 0.83 -
TRINITY_DN17872_c0_g1_i1:1373-1738 -            122 587958at33208        -             89   3.3e-05   23.2   0.4   1   2   4.2e-05    0.0022   17.3   0.2    13    72     2    63     1    74 0.83 -
TRINITY_DN17872_c0_g1_i1:1373-1738 -            122 587958at33208        -             89   3.3e-05   23.2   0.4   2   2      0.46        24    4.4   0.0    10    35    79   104    72   120 0.78 -
TRINITY_DN17872_c0_g1_i4:2027-2392 -            122 587958at33208        -             89   3.3e-05   23.2   0.4   1   2   4.2e-05    0.0022   17.3   0.2    13    72     2    63     1    74 0.83 -
TRINITY_DN17872_c0_g1_i4:2027-2392 -            122 587958at33208        -             89   3.3e-05   23.2   0.4   2   2      0.46        24    4.4   0.0    10    35    79   104    72   120 0.78 -
TRINITY_DN17872_c0_g1_i5:269-634   -            122 587958at33208        -             89   3.3e-05   23.2   0.4   1   2   4.2e-05    0.0022   17.3   0.2    13    72     2    63     1    74 0.83 -
TRINITY_DN17872_c0_g1_i5:269-634   -            122 587958at33208        -             89   3.3e-05   23.2   0.4   2   2      0.46        24    4.4   0.0    10    35    79   104    72   120 0.78 -
TRINITY_DN883_c0_g1_i6:508-819     -            104 587958at33208        -             89   4.6e-05   22.7   0.0   1   2    0.0011     0.055   12.9   0.0    37    80     7    50     1    57 0.83 -
TRINITY_DN883_c0_g1_i6:508-819     -            104 587958at33208        -             89   4.6e-05   22.7   0.0   2   2     0.023       1.2    8.6   0.0     8    41    61    94    53   103 0.83 -
TRINITY_DN5401_c0_g1_i1:37-285     -             83 587958at33208        -             89   0.00014   21.2   0.0   1   1   3.1e-06   0.00016   21.0   0.0     9    72    16    82     9    83 0.79 -
TRINITY_DN5401_c0_g1_i3:37-285     -             83 587958at33208        -             89   0.00014   21.2   0.0   1   1   3.1e-06   0.00016   21.0   0.0     9    72    16    82     9    83 0.79 -
TRINITY_DN417_c0_g1_i2:38-373      -            112 587958at33208        -             89   0.00015   21.1   0.0   1   2       7.5   3.9e+02    0.5   0.0    18    41     4    27     2    37 0.78 -
TRINITY_DN417_c0_g1_i2:38-373      -            112 587958at33208        -             89   0.00015   21.1   0.0   2   2   1.4e-05   0.00074   18.9   0.0    10    82    36   112    27   112 0.83 -
TRINITY_DN417_c0_g1_i6:429-767     -            113 587958at33208        -             89   0.00015   21.0   0.0   1   2       6.8   3.5e+02    0.7   0.0    18    41     5    28     2    38 0.78 -
TRINITY_DN417_c0_g1_i6:429-767     -            113 587958at33208        -             89   0.00015   21.0   0.0   2   2   1.5e-05    0.0008   18.7   0.0    10    82    37   113    30   113 0.82 -
TRINITY_DN417_c0_g1_i7:429-767     -            113 587958at33208        -             89   0.00015   21.0   0.0   1   2       6.8   3.5e+02    0.7   0.0    18    41     5    28     2    38 0.78 -
TRINITY_DN417_c0_g1_i7:429-767     -            113 587958at33208        -             89   0.00015   21.0   0.0   2   2   1.5e-05    0.0008   18.7   0.0    10    82    37   113    30   113 0.82 -
TRINITY_DN417_c0_g1_i9:429-767     -            113 587958at33208        -             89   0.00015   21.0   0.0   1   2       6.8   3.5e+02    0.7   0.0    18    41     5    28     2    38 0.78 -
TRINITY_DN417_c0_g1_i9:429-767     -            113 587958at33208        -             89   0.00015   21.0   0.0   2   2   1.5e-05    0.0008   18.7   0.0    10    82    37   113    30   113 0.82 -
TRINITY_DN2457_c4_g2_i10:1684-1932 -             83 587958at33208        -             89   0.00019   20.7   0.0   1   1     4e-06   0.00021   20.6   0.0    14    85     2    75     1    78 0.85 -
TRINITY_DN2457_c4_g2_i13:1725-1973 -             83 587958at33208        -             89   0.00019   20.7   0.0   1   1     4e-06   0.00021   20.6   0.0    14    85     2    75     1    78 0.85 -
TRINITY_DN2457_c4_g2_i14:516-764   -             83 587958at33208        -             89   0.00019   20.7   0.0   1   1     4e-06   0.00021   20.6   0.0    14    85     2    75     1    78 0.85 -
TRINITY_DN2457_c4_g2_i18:1341-1589 -             83 587958at33208        -             89   0.00019   20.7   0.0   1   1     4e-06   0.00021   20.6   0.0    14    85     2    75     1    78 0.85 -
TRINITY_DN2457_c4_g2_i1:142-390    -             83 587958at33208        -             89   0.00019   20.7   0.0   1   1     4e-06   0.00021   20.6   0.0    14    85     2    75     1    78 0.85 -
TRINITY_DN2457_c4_g2_i5:125-373    -             83 587958at33208        -             89   0.00019   20.7   0.0   1   1     4e-06   0.00021   20.6   0.0    14    85     2    75     1    78 0.85 -
TRINITY_DN2457_c4_g2_i6:1353-1601  -             83 587958at33208        -             89   0.00019   20.7   0.0   1   1     4e-06   0.00021   20.6   0.0    14    85     2    75     1    78 0.85 -
TRINITY_DN2457_c4_g2_i8:1726-1974  -             83 587958at33208        -             89   0.00019   20.7   0.0   1   1     4e-06   0.00021   20.6   0.0    14    85     2    75     1    78 0.85 -
TRINITY_DN1727_c0_g1_i12:2382-2843 -            154 587958at33208        -             89   0.00021   20.6   0.0   1   1   6.2e-06   0.00032   20.0   0.0    12    84     6    81     1    87 0.83 -
TRINITY_DN1727_c0_g1_i4:2383-2844  -            154 587958at33208        -             89   0.00022   20.6   0.0   1   1   6.2e-06   0.00032   20.0   0.0    12    84     6    81     1    87 0.83 -
TRINITY_DN21764_c0_g1_i2:697-990   -             98 587958at33208        -             89   0.00028   20.2   0.0   1   1     6e-06   0.00031   20.1   0.0    12    73     3    62     1    75 0.88 -
TRINITY_DN21764_c0_g1_i3:898-1191  -             98 587958at33208        -             89   0.00028   20.2   0.0   1   1     6e-06   0.00031   20.1   0.0    12    73     3    62     1    75 0.88 -
TRINITY_DN21764_c0_g1_i4:1748-2041 -             98 587958at33208        -             89   0.00028   20.2   0.0   1   1     6e-06   0.00031   20.1   0.0    12    73     3    62     1    75 0.88 -
TRINITY_DN21764_c0_g1_i5:898-1191  -             98 587958at33208        -             89   0.00028   20.2   0.0   1   1     6e-06   0.00031   20.1   0.0    12    73     3    62     1    75 0.88 -
TRINITY_DN21764_c0_g1_i7:898-1191  -             98 587958at33208        -             89   0.00028   20.2   0.0   1   1     6e-06   0.00031   20.1   0.0    12    73     3    62     1    75 0.88 -
TRINITY_DN205664_c0_g1_i1:0-215    -             72 587958at33208        -             89   0.00029   20.1   0.1   1   1   5.8e-06    0.0003   20.1   0.1    13    74     2    66     1    72 0.83 -
TRINITY_DN13748_c0_g2_i1:506-1027  -            174 587958at33208        -             89   0.00033   20.0   0.0   1   2       2.8   1.4e+02    1.9   0.0    48    71     1    24     1    36 0.87 -
TRINITY_DN13748_c0_g2_i1:506-1027  -            174 587958at33208        -             89   0.00033   20.0   0.0   2   2   9.8e-05    0.0051   16.2   0.0     4    80    89   171    86   174 0.76 -
TRINITY_DN13748_c0_g2_i2:506-1027  -            174 587958at33208        -             89   0.00033   20.0   0.0   1   2       2.8   1.4e+02    1.9   0.0    48    71     1    24     1    36 0.87 -
TRINITY_DN13748_c0_g2_i2:506-1027  -            174 587958at33208        -             89   0.00033   20.0   0.0   2   2   9.8e-05    0.0051   16.2   0.0     4    80    89   171    86   174 0.76 -
TRINITY_DN1419_c0_g1_i1:1086-1322  -             79 587958at33208        -             89   0.00036   19.8   0.0   1   1   7.5e-06   0.00039   19.7   0.0    12    76     4    71     1    77 0.84 -
TRINITY_DN2778_c0_g1_i10:1030-1323 -             98 587958at33208        -             89    0.0005   19.4   0.0   1   1   1.1e-05   0.00059   19.2   0.0     7    83    22    95    18    98 0.90 -
TRINITY_DN2778_c0_g1_i1:1030-1323  -             98 587958at33208        -             89    0.0005   19.4   0.0   1   1   1.1e-05   0.00059   19.2   0.0     7    83    22    95    18    98 0.90 -
TRINITY_DN2778_c0_g1_i3:1030-1323  -             98 587958at33208        -             89    0.0005   19.4   0.0   1   1   1.1e-05   0.00059   19.2   0.0     7    83    22    95    18    98 0.90 -
TRINITY_DN2778_c0_g1_i7:1030-1323  -             98 587958at33208        -             89    0.0005   19.4   0.0   1   1   1.1e-05   0.00059   19.2   0.0     7    83    22    95    18    98 0.90 -
TRINITY_DN4635_c0_g1_i1:374-604    -             77 587958at33208        -             89    0.0005   19.4   0.0   1   1     1e-05   0.00053   19.3   0.0    12    76    10    72     2    77 0.86 -
TRINITY_DN528_c7_g1_i1:649-1260    -            204 587958at33208        -             89   0.00059   19.2   0.0   1   1   2.9e-05    0.0015   17.8   0.0    11    71   128   191   122   198 0.85 -
TRINITY_DN12861_c0_g1_i5:1573-1968 -            132 587958at33208        -             89   0.00071   18.9   0.0   1   2   0.00018    0.0092   15.3   0.0     7    57     4    55     2    66 0.82 -
TRINITY_DN12861_c0_g1_i5:1573-1968 -            132 587958at33208        -             89   0.00071   18.9   0.0   2   2       3.7   1.9e+02    1.5   0.0    10    34    98   122    90   131 0.82 -
TRINITY_DN12861_c0_g1_i6:1570-1965 -            132 587958at33208        -             89   0.00071   18.9   0.0   1   2   0.00018    0.0092   15.3   0.0     7    57     4    55     2    66 0.82 -
TRINITY_DN12861_c0_g1_i6:1570-1965 -            132 587958at33208        -             89   0.00071   18.9   0.0   2   2       3.7   1.9e+02    1.5   0.0    10    34    98   122    90   131 0.82 -
TRINITY_DN12861_c0_g1_i7:1781-2176 -            132 587958at33208        -             89   0.00071   18.9   0.0   1   2   0.00018    0.0092   15.3   0.0     7    57     4    55     2    66 0.82 -
TRINITY_DN12861_c0_g1_i7:1781-2176 -            132 587958at33208        -             89   0.00071   18.9   0.0   2   2       3.7   1.9e+02    1.5   0.0    10    34    98   122    90   131 0.82 -
TRINITY_DN12861_c0_g1_i9:1561-1956 -            132 587958at33208        -             89   0.00071   18.9   0.0   1   2   0.00018    0.0092   15.3   0.0     7    57     4    55     2    66 0.82 -
TRINITY_DN12861_c0_g1_i9:1561-1956 -            132 587958at33208        -             89   0.00071   18.9   0.0   2   2       3.7   1.9e+02    1.5   0.0    10    34    98   122    90   131 0.82 -
TRINITY_DN2654_c0_g1_i1:167-547    -            127 587958at33208        -             89   0.00076   18.8   0.0   1   2    0.0041      0.21   11.0   0.0    12    58    12    61     5    78 0.82 -
TRINITY_DN2654_c0_g1_i1:167-547    -            127 587958at33208        -             89   0.00076   18.8   0.0   2   2      0.14       7.3    6.1   0.0     5    38    91   126    88   127 0.81 -
TRINITY_DN2654_c0_g1_i6:167-547    -            127 587958at33208        -             89   0.00076   18.8   0.0   1   2    0.0041      0.21   11.0   0.0    12    58    12    61     5    78 0.82 -
TRINITY_DN2654_c0_g1_i6:167-547    -            127 587958at33208        -             89   0.00076   18.8   0.0   2   2      0.14       7.3    6.1   0.0     5    38    91   126    88   127 0.81 -
TRINITY_DN2654_c0_g1_i8:167-547    -            127 587958at33208        -             89   0.00076   18.8   0.0   1   2    0.0041      0.21   11.0   0.0    12    58    12    61     5    78 0.82 -
TRINITY_DN2654_c0_g1_i8:167-547    -            127 587958at33208        -             89   0.00076   18.8   0.0   2   2      0.14       7.3    6.1   0.0     5    38    91   126    88   127 0.81 -
TRINITY_DN36654_c0_g1_i1:1029-1631 -            201 587958at33208        -             89   0.00079   18.7   0.0   1   1   4.5e-05    0.0023   17.3   0.0    11    70   122   183   113   189 0.78 -
TRINITY_DN25330_c0_g1_i2:321-677   -            119 587958at33208        -             89   0.00082   18.7   0.0   1   1   2.1e-05    0.0011   18.3   0.0     9    62     8    64     2    84 0.79 -
TRINITY_DN1446_c0_g1_i13:416-658   -             81 587958at33208        -             89    0.0012   18.2   0.0   1   1   2.2e-05    0.0012   18.2   0.0    15    82    10    80     1    81 0.76 -
TRINITY_DN1446_c0_g1_i16:416-658   -             81 587958at33208        -             89    0.0012   18.2   0.0   1   1   2.2e-05    0.0012   18.2   0.0    15    82    10    80     1    81 0.76 -
TRINITY_DN1446_c0_g1_i17:416-658   -             81 587958at33208        -             89    0.0012   18.2   0.0   1   1   2.2e-05    0.0012   18.2   0.0    15    82    10    80     1    81 0.76 -
TRINITY_DN1446_c0_g1_i3:416-658    -             81 587958at33208        -             89    0.0012   18.2   0.0   1   1   2.2e-05    0.0012   18.2   0.0    15    82    10    80     1    81 0.76 -
TRINITY_DN1446_c0_g1_i4:416-658    -             81 587958at33208        -             89    0.0012   18.2   0.0   1   1   2.2e-05    0.0012   18.2   0.0    15    82    10    80     1    81 0.76 -
TRINITY_DN1446_c0_g1_i6:416-658    -             81 587958at33208        -             89    0.0012   18.2   0.0   1   1   2.2e-05    0.0012   18.2   0.0    15    82    10    80     1    81 0.76 -
TRINITY_DN1446_c0_g1_i8:416-658    -             81 587958at33208        -             89    0.0012   18.2   0.0   1   1   2.2e-05    0.0012   18.2   0.0    15    82    10    80     1    81 0.76 -
TRINITY_DN18949_c0_g1_i1:716-1000  -             95 587958at33208        -             89    0.0012   18.2   0.0   1   1   2.7e-05    0.0014   17.9   0.0    12    76    24    91    17    95 0.86 -
TRINITY_DN18949_c0_g1_i2:716-1000  -             95 587958at33208        -             89    0.0012   18.2   0.0   1   1   2.7e-05    0.0014   17.9   0.0    12    76    24    91    17    95 0.86 -
TRINITY_DN18949_c0_g1_i3:743-1027  -             95 587958at33208        -             89    0.0012   18.2   0.0   1   1   2.7e-05    0.0014   17.9   0.0    12    76    24    91    17    95 0.86 -
TRINITY_DN18949_c0_g1_i5:239-523   -             95 587958at33208        -             89    0.0012   18.2   0.0   1   1   2.7e-05    0.0014   17.9   0.0    12    76    24    91    17    95 0.86 -
TRINITY_DN384_c0_g1_i1:193-792     -            200 587958at33208        -             89    0.0014   18.0   0.0   1   1   3.9e-05     0.002   17.5   0.0    10    79    70   142    64   147 0.83 -
TRINITY_DN384_c0_g1_i3:193-792     -            200 587958at33208        -             89    0.0014   18.0   0.0   1   1   3.9e-05     0.002   17.5   0.0    10    79    70   142    64   147 0.83 -
TRINITY_DN384_c0_g1_i9:193-792     -            200 587958at33208        -             89    0.0014   18.0   0.0   1   1   3.9e-05     0.002   17.5   0.0    10    79    70   142    64   147 0.83 -
TRINITY_DN11132_c0_g1_i14:39-221   -             61 587958at33208        -             89    0.0018   17.6   0.0   1   1   3.6e-05    0.0019   17.5   0.0    13    74     2    61     1    61 0.87 -
TRINITY_DN4599_c0_g1_i10:3341-3613 -             91 587958at33208        -             89     0.002   17.5   0.0   1   1   4.3e-05    0.0022   17.3   0.0    12    57    10    58     3    76 0.80 -
TRINITY_DN4599_c0_g1_i1:3035-3307  -             91 587958at33208        -             89     0.002   17.5   0.0   1   1   4.3e-05    0.0022   17.3   0.0    12    57    10    58     3    76 0.80 -
TRINITY_DN4599_c0_g1_i3:3032-3304  -             91 587958at33208        -             89     0.002   17.5   0.0   1   1   4.3e-05    0.0022   17.3   0.0    12    57    10    58     3    76 0.80 -
TRINITY_DN104708_c0_g1_i1:7-171    -             55 587958at33208        -             89     0.002   17.4   0.0   1   1   4.8e-05    0.0025   17.2   0.0    10    55     3    51     2    54 0.82 -
TRINITY_DN143081_c0_g1_i1:30-380   -            117 587958at33208        -             89    0.0024   17.2   0.0   1   2     0.012      0.63    9.5   0.0    17    56     2    44     1    52 0.86 -
TRINITY_DN143081_c0_g1_i1:30-380   -            117 587958at33208        -             89    0.0024   17.2   0.0   2   2      0.15       7.6    6.0   0.0    12    36    91   115    82   117 0.87 -
TRINITY_DN1727_c0_g1_i6:2382-2870  -            163 587958at33208        -             89    0.0029   16.9   0.0   1   1   0.00011    0.0056   16.0   0.0    12    70     6    67     1    75 0.78 -
TRINITY_DN5249_c0_g1_i1:1395-1640  -             82 587958at33208        -             89    0.0031   16.9   0.0   1   1   6.3e-05    0.0033   16.8   0.0    13    60     4    54     1    75 0.67 -
TRINITY_DN22972_c0_g1_i1:813-974   -             54 587958at33208        -             89    0.0034   16.7   0.0   1   1   6.8e-05    0.0035   16.7   0.0    13    57     3    50     1    54 0.80 -
TRINITY_DN22972_c0_g1_i2:103-264   -             54 587958at33208        -             89    0.0034   16.7   0.0   1   1   6.8e-05    0.0035   16.7   0.0    13    57     3    50     1    54 0.80 -
TRINITY_DN22972_c0_g1_i3:271-432   -             54 587958at33208        -             89    0.0034   16.7   0.0   1   1   6.8e-05    0.0035   16.7   0.0    13    57     3    50     1    54 0.80 -
TRINITY_DN21466_c0_g1_i1:299-790   -            164 587958at33208        -             89    0.0059   15.9   0.1   1   2     0.015      0.79    9.1   0.0    22    70    17    68     3    74 0.78 -
TRINITY_DN21466_c0_g1_i1:299-790   -            164 587958at33208        -             89    0.0059   15.9   0.1   2   2      0.32        16    4.9   0.0    17    64   108   158    99   163 0.72 -
TRINITY_DN7997_c0_g1_i23:2094-2276 -             61 587958at33208        -             89    0.0083   15.5   0.0   1   1   0.00016    0.0084   15.5   0.0    13    64     3    57     1    61 0.81 -
TRINITY_DN7997_c0_g1_i5:2285-2467  -             61 587958at33208        -             89    0.0083   15.5   0.0   1   1   0.00016    0.0084   15.5   0.0    13    64     3    57     1    61 0.81 -
TRINITY_DN7997_c0_g1_i8:2076-2258  -             61 587958at33208        -             89    0.0083   15.5   0.0   1   1   0.00016    0.0084   15.5   0.0    13    64     3    57     1    61 0.81 -
TRINITY_DN195229_c0_g1_i1:112-486  -            125 587958at33208        -             89    0.0088   15.4   0.0   1   2     0.011      0.55    9.6   0.0     8    57     3    55     1    72 0.83 -
TRINITY_DN195229_c0_g1_i1:112-486  -            125 587958at33208        -             89    0.0088   15.4   0.0   2   2      0.58        30    4.1   0.0    10    38    95   123    85   125 0.82 -
TRINITY_DN67501_c0_g1_i1:110-703   -            198 587958at33208        -             89      0.01   15.2   0.0   1   1   0.00034     0.018   14.4   0.0    14    69   125   183   121   194 0.78 -
TRINITY_DN1199_c1_g1_i1:115-1014   -            300 587958at33208        -             89      0.02   14.2   0.0   1   1   0.00072     0.037   13.4   0.0    12    72   221   284   213   297 0.84 -
TRINITY_DN1061_c0_g1_i2:626-1033   -            136 587958at33208        -             89     0.021   14.2   0.0   1   1   0.00056     0.029   13.7   0.0    10    73    50   116    41   128 0.79 -
TRINITY_DN4512_c0_g3_i1:1299-1619  -            107 587958at33208        -             89     0.027   13.8   0.0   1   1   0.00077      0.04   13.3   0.0    12    41     2    31     1    42 0.92 -
TRINITY_DN182334_c0_g1_i1:3-185    -             61 587958at33208        -             89     0.046   13.1   0.0   1   1   0.00096      0.05   13.0   0.0    14    71     1    61     1    61 0.84 -
TRINITY_DN10126_c0_g1_i1:1310-1639 -            110 587958at33208        -             89     0.068   12.6   0.0   1   1    0.0017      0.09   12.2   0.0    12    41     1    30     1    73 0.79 -
TRINITY_DN10126_c0_g1_i2:1310-1639 -            110 587958at33208        -             89     0.068   12.6   0.0   1   1    0.0017      0.09   12.2   0.0    12    41     1    30     1    73 0.79 -
TRINITY_DN190021_c0_g1_i1:192-443  -             84 587958at33208        -             89      0.07   12.5   0.0   1   1    0.0014     0.075   12.4   0.0    12    60     6    57     1    73 0.81 -
TRINITY_DN38878_c0_g1_i10:13-186   -             58 587958at33208        -             89     0.098   12.0   0.0   1   1    0.0021      0.11   11.9   0.0    33    76     7    50     3    56 0.87 -
TRINITY_DN38878_c0_g1_i2:13-186    -             58 587958at33208        -             89     0.098   12.0   0.0   1   1    0.0021      0.11   11.9   0.0    33    76     7    50     3    56 0.87 -
#
# Program:         hmmsearch
# Version:         3.1b2 (February 2015)
# Pipeline mode:   SEARCH
# Query file:      /busco_wd/busco_downloads/lineages/metazoa_odb10/hmms/587958at33208.hmm
# Target file:     /busco_wd/BUSCO/run_metazoa_odb10/metaeuk_output/initial_results/Trinity.fasta.modified.fas
# Option settings: hmmsearch --domtblout /busco_wd/BUSCO/run_metazoa_odb10/hmmer_output/initial_run_results/587958at33208.out --cpu 1 /busco_wd/busco_downloads/lineages/metazoa_odb10/hmms/587958at33208.hmm /busco_wd/BUSCO/run_metazoa_odb10/metaeuk_output/initial_results/Trinity.fasta.modified.fas 
# Current dir:     /busco_wd
# Date:            Tue Nov 23 09:04:18 2021
# [ok]
