#                                                                                       --- full sequence --- -------------- this domain -------------   hmm coord   ali coord   env coord
# target name                   accession   tlen query name           accession   qlen   E-value  score  bias   #  of  c-Evalue  i-Evalue  score  bias  from    to  from    to  from    to  acc description of target
#           ------------------- ---------- ----- -------------------- ---------- ----- --------- ------ ----- --- --- --------- --------- ------ ----- ----- ----- ----- ----- ----- ----- ---- ---------------------
TRINITY_DN1951_c0_g1_i2:327-758 -            144 601650at33208        -            110   3.3e-39  132.8  14.8   1   2   2.9e-17   6.7e-14   51.3   0.4     2    42    13    53    12    70 0.90 -
TRINITY_DN1951_c0_g1_i2:327-758 -            144 601650at33208        -            110   3.3e-39  132.8  14.8   2   2   8.5e-28     2e-24   85.2   9.1    40   110    71   144    68   144 0.94 -
TRINITY_DN1951_c0_g1_i4:327-758 -            144 601650at33208        -            110   3.3e-39  132.8  14.8   1   2   2.9e-17   6.7e-14   51.3   0.4     2    42    13    53    12    70 0.90 -
TRINITY_DN1951_c0_g1_i4:327-758 -            144 601650at33208        -            110   3.3e-39  132.8  14.8   2   2   8.5e-28     2e-24   85.2   9.1    40   110    71   144    68   144 0.94 -
TRINITY_DN1951_c0_g1_i6:327-758 -            144 601650at33208        -            110   3.3e-39  132.8  14.8   1   2   2.9e-17   6.7e-14   51.3   0.4     2    42    13    53    12    70 0.90 -
TRINITY_DN1951_c0_g1_i6:327-758 -            144 601650at33208        -            110   3.3e-39  132.8  14.8   2   2   8.5e-28     2e-24   85.2   9.1    40   110    71   144    68   144 0.94 -
TRINITY_DN1951_c0_g1_i7:310-741 -            144 601650at33208        -            110   3.3e-39  132.8  14.8   1   2   2.9e-17   6.7e-14   51.3   0.4     2    42    13    53    12    70 0.90 -
TRINITY_DN1951_c0_g1_i7:310-741 -            144 601650at33208        -            110   3.3e-39  132.8  14.8   2   2   8.5e-28     2e-24   85.2   9.1    40   110    71   144    68   144 0.94 -
#
# Program:         hmmsearch
# Version:         3.1b2 (February 2015)
# Pipeline mode:   SEARCH
# Query file:      /busco_wd/busco_downloads/lineages/metazoa_odb10/hmms/601650at33208.hmm
# Target file:     /busco_wd/BUSCO/run_metazoa_odb10/metaeuk_output/initial_results/Trinity.fasta.modified.fas
# Option settings: hmmsearch --domtblout /busco_wd/BUSCO/run_metazoa_odb10/hmmer_output/initial_run_results/601650at33208.out --cpu 1 /busco_wd/busco_downloads/lineages/metazoa_odb10/hmms/601650at33208.hmm /busco_wd/BUSCO/run_metazoa_odb10/metaeuk_output/initial_results/Trinity.fasta.modified.fas 
# Current dir:     /busco_wd
# Date:            Tue Nov 23 09:04:20 2021
# [ok]
