#                                                                                           --- full sequence --- -------------- this domain -------------   hmm coord   ali coord   env coord
# target name                       accession   tlen query name           accession   qlen   E-value  score  bias   #  of  c-Evalue  i-Evalue  score  bias  from    to  from    to  from    to  acc description of target
#               ------------------- ---------- ----- -------------------- ---------- ----- --------- ------ ----- --- --- --------- --------- ------ ----- ----- ----- ----- ----- ----- ----- ---- ---------------------
TRINITY_DN4507_c0_g1_i18:198-2060   -            621 601875at33208        -            245   2.8e-44  150.5   9.8   1   3   7.2e-40   4.1e-38  130.3   0.1     1   135     3   156     3   179 0.89 -
TRINITY_DN4507_c0_g1_i18:198-2060   -            621 601875at33208        -            245   2.8e-44  150.5   9.8   2   3   6.1e-06   0.00034   19.2   2.7   129   172   387   430   314   473 0.91 -
TRINITY_DN4507_c0_g1_i18:198-2060   -            621 601875at33208        -            245   2.8e-44  150.5   9.8   3   3      0.43        24    3.3   0.0   186   213   534   564   497   584 0.83 -
TRINITY_DN4507_c0_g1_i13:198-2060   -            621 601875at33208        -            245   3.2e-44  150.3  10.0   1   3   7.2e-40   4.1e-38  130.3   0.1     1   135     3   156     3   179 0.89 -
TRINITY_DN4507_c0_g1_i13:198-2060   -            621 601875at33208        -            245   3.2e-44  150.3  10.0   2   3   6.8e-06   0.00039   19.1   2.8   129   172   387   430   314   468 0.91 -
TRINITY_DN4507_c0_g1_i13:198-2060   -            621 601875at33208        -            245   3.2e-44  150.3  10.0   3   3      0.49        28    3.2   0.1   186   213   534   564   527   608 0.81 -
TRINITY_DN4507_c0_g1_i10:198-2060   -            621 601875at33208        -            245   8.9e-44  148.9  11.2   1   3   7.2e-40   4.1e-38  130.3   0.1     1   135     3   156     3   179 0.89 -
TRINITY_DN4507_c0_g1_i10:198-2060   -            621 601875at33208        -            245   8.9e-44  148.9  11.2   2   3   1.9e-05    0.0011   17.6   4.2   129   172   387   430   314   453 0.91 -
TRINITY_DN4507_c0_g1_i10:198-2060   -            621 601875at33208        -            245   8.9e-44  148.9  11.2   3   3      0.45        26    3.3   0.1   186   213   534   564   523   608 0.81 -
TRINITY_DN4507_c0_g1_i15:198-2123   -            642 601875at33208        -            245   1.5e-43  148.1  11.8   1   3   7.6e-40   4.3e-38  130.2   0.1     1   135     3   156     3   179 0.89 -
TRINITY_DN4507_c0_g1_i15:198-2123   -            642 601875at33208        -            245   1.5e-43  148.1  11.8   2   3   3.2e-05    0.0018   16.9   4.7   129   172   408   451   398   494 0.89 -
TRINITY_DN4507_c0_g1_i15:198-2123   -            642 601875at33208        -            245   1.5e-43  148.1  11.8   3   3      0.45        25    3.3   0.0   186   213   555   585   518   605 0.83 -
TRINITY_DN4507_c0_g1_i1:198-2126    -            643 601875at33208        -            245   1.5e-43  148.1  12.2   1   3   7.7e-40   4.3e-38  130.2   0.1     1   135     3   156     3   179 0.89 -
TRINITY_DN4507_c0_g1_i1:198-2126    -            643 601875at33208        -            245   1.5e-43  148.1  12.2   2   3   2.5e-05    0.0014   17.2   4.7   129   173   409   453   401   493 0.88 -
TRINITY_DN4507_c0_g1_i1:198-2126    -            643 601875at33208        -            245   1.5e-43  148.1  12.2   3   3      0.48        27    3.2   0.1   186   213   556   586   545   630 0.82 -
TRINITY_DN4507_c0_g1_i12:189-674    -            162 601875at33208        -            245   1.6e-39  134.9   0.0   1   1   3.6e-41   2.1e-39  134.6   0.0     1   135     6   159     6   161 0.90 -
TRINITY_DN4507_c0_g1_i19:189-674    -            162 601875at33208        -            245   1.6e-39  134.9   0.0   1   1   3.6e-41   2.1e-39  134.6   0.0     1   135     6   159     6   161 0.90 -
TRINITY_DN1612_c0_g1_i10:68-1144    -            359 601875at33208        -            245   1.3e-27   96.0  10.5   1   2   2.6e-27   1.5e-25   89.2   4.5     7   172    17   213    14   218 0.80 -
TRINITY_DN1612_c0_g1_i10:68-1144    -            359 601875at33208        -            245   1.3e-27   96.0  10.5   2   2      0.22        12    4.3   0.3   197   218   267   288   242   328 0.58 -
TRINITY_DN1612_c0_g1_i1:68-1144     -            359 601875at33208        -            245   1.3e-27   96.0  10.5   1   2   2.6e-27   1.5e-25   89.2   4.5     7   172    17   213    14   218 0.80 -
TRINITY_DN1612_c0_g1_i1:68-1144     -            359 601875at33208        -            245   1.3e-27   96.0  10.5   2   2      0.22        12    4.3   0.3   197   218   267   288   242   328 0.58 -
TRINITY_DN1612_c0_g1_i2:68-1144     -            359 601875at33208        -            245   1.3e-27   96.0  10.5   1   2   2.6e-27   1.5e-25   89.2   4.5     7   172    17   213    14   218 0.80 -
TRINITY_DN1612_c0_g1_i2:68-1144     -            359 601875at33208        -            245   1.3e-27   96.0  10.5   2   2      0.22        12    4.3   0.3   197   218   267   288   242   328 0.58 -
TRINITY_DN1612_c0_g1_i7:68-1144     -            359 601875at33208        -            245   1.3e-27   96.0  10.5   1   2   2.6e-27   1.5e-25   89.2   4.5     7   172    17   213    14   218 0.80 -
TRINITY_DN1612_c0_g1_i7:68-1144     -            359 601875at33208        -            245   1.3e-27   96.0  10.5   2   2      0.22        12    4.3   0.3   197   218   267   288   242   328 0.58 -
TRINITY_DN1612_c0_g1_i5:68-1144     -            359 601875at33208        -            245   1.3e-27   96.0  10.5   1   2   2.6e-27   1.5e-25   89.2   4.5     7   172    17   213    14   218 0.80 -
TRINITY_DN1612_c0_g1_i5:68-1144     -            359 601875at33208        -            245   1.3e-27   96.0  10.5   2   2      0.22        12    4.3   0.3   197   218   267   288   242   328 0.58 -
TRINITY_DN1432_c0_g1_i10:293-709    -            139 601875at33208        -            245   2.3e-22   78.8   1.1   1   1   4.7e-24   2.7e-22   78.5   1.1     7    82    15    92     9   111 0.91 -
TRINITY_DN1432_c0_g1_i15:293-709    -            139 601875at33208        -            245   2.3e-22   78.8   1.1   1   1   4.7e-24   2.7e-22   78.5   1.1     7    82    15    92     9   111 0.91 -
TRINITY_DN1432_c0_g1_i16:293-709    -            139 601875at33208        -            245   2.3e-22   78.8   1.1   1   1   4.7e-24   2.7e-22   78.5   1.1     7    82    15    92     9   111 0.91 -
TRINITY_DN1432_c0_g1_i19:293-709    -            139 601875at33208        -            245   2.3e-22   78.8   1.1   1   1   4.7e-24   2.7e-22   78.5   1.1     7    82    15    92     9   111 0.91 -
TRINITY_DN1432_c0_g1_i29:293-709    -            139 601875at33208        -            245   2.3e-22   78.8   1.1   1   1   4.7e-24   2.7e-22   78.5   1.1     7    82    15    92     9   111 0.91 -
TRINITY_DN1432_c0_g1_i35:293-709    -            139 601875at33208        -            245   2.3e-22   78.8   1.1   1   1   4.7e-24   2.7e-22   78.5   1.1     7    82    15    92     9   111 0.91 -
TRINITY_DN1432_c0_g1_i42:293-709    -            139 601875at33208        -            245   2.3e-22   78.8   1.1   1   1   4.7e-24   2.7e-22   78.5   1.1     7    82    15    92     9   111 0.91 -
TRINITY_DN1432_c0_g1_i7:293-709     -            139 601875at33208        -            245   2.3e-22   78.8   1.1   1   1   4.7e-24   2.7e-22   78.5   1.1     7    82    15    92     9   111 0.91 -
TRINITY_DN10984_c0_g1_i4:2987-3223  -             79 601875at33208        -            245   1.1e-14   53.6   0.2   1   1   2.2e-16   1.2e-14   53.4   0.2    10    78     8    74     2    78 0.88 -
TRINITY_DN10984_c0_g1_i10:2981-3283 -            101 601875at33208        -            245   1.3e-14   53.4   0.1   1   1   2.5e-16   1.4e-14   53.2   0.1    10    79     8    75     2    95 0.86 -
TRINITY_DN10984_c0_g1_i6:2981-3283  -            101 601875at33208        -            245   1.3e-14   53.4   0.1   1   1   2.5e-16   1.4e-14   53.2   0.1    10    79     8    75     2    95 0.86 -
TRINITY_DN10984_c0_g1_i2:2927-3214  -             96 601875at33208        -            245   1.7e-14   53.0   0.0   1   1   3.3e-16   1.9e-14   52.8   0.0    10    79     5    72     2    85 0.88 -
TRINITY_DN9912_c2_g1_i1:696-2519    -            608 601875at33208        -            245   2.6e-13   49.1   2.2   1   4       1.5        83    1.6   0.0    87   135     3    59     1    84 0.69 -
TRINITY_DN9912_c2_g1_i1:696-2519    -            608 601875at33208        -            245   2.6e-13   49.1   2.2   2   4   3.3e-06   0.00018   20.1   0.3    79   138    83   149    74   187 0.74 -
TRINITY_DN9912_c2_g1_i1:696-2519    -            608 601875at33208        -            245   2.6e-13   49.1   2.2   3   4   0.00064     0.036   12.6   0.3    85   136   182   240   162   284 0.76 -
TRINITY_DN9912_c2_g1_i1:696-2519    -            608 601875at33208        -            245   2.6e-13   49.1   2.2   4   4    0.0012     0.066   11.7   0.0    84   139   284   346   263   377 0.76 -
TRINITY_DN119436_c0_g1_i1:144-2165  -            674 601875at33208        -            245   9.2e-13   47.3   0.9   1   4       2.7   1.5e+02    0.7   0.0    95   135    12    59     1    65 0.62 -
TRINITY_DN119436_c0_g1_i1:144-2165  -            674 601875at33208        -            245   9.2e-13   47.3   0.9   2   4      0.25        14    4.1   0.0   106   136   117   147    90   154 0.85 -
TRINITY_DN119436_c0_g1_i1:144-2165  -            674 601875at33208        -            245   9.2e-13   47.3   0.9   3   4   7.2e-05    0.0041   15.7   0.2    85   138   180   240   168   283 0.70 -
TRINITY_DN119436_c0_g1_i1:144-2165  -            674 601875at33208        -            245   9.2e-13   47.3   0.9   4   4   7.5e-07   4.3e-05   22.2   0.0    75   179   274   384   267   390 0.78 -
TRINITY_DN1379_c0_g1_i2:106-1944    -            613 601875at33208        -            245   1.3e-09   37.0   8.8   1   5     0.074       4.2    5.8   0.2   109   141    33    65    20    95 0.79 -
TRINITY_DN1379_c0_g1_i2:106-1944    -            613 601875at33208        -            245   1.3e-09   37.0   8.8   2   5    0.0053       0.3    9.6   0.0    74   135    94   163    89   168 0.79 -
TRINITY_DN1379_c0_g1_i2:106-1944    -            613 601875at33208        -            245   1.3e-09   37.0   8.8   3   5     0.076       4.3    5.8   0.0    84   135   290   343   282   351 0.87 -
TRINITY_DN1379_c0_g1_i2:106-1944    -            613 601875at33208        -            245   1.3e-09   37.0   8.8   4   5      0.22        12    4.3   0.6    86   135   396   458   389   482 0.67 -
TRINITY_DN1379_c0_g1_i2:106-1944    -            613 601875at33208        -            245   1.3e-09   37.0   8.8   5   5   0.00092     0.052   12.1   0.2    72   135   485   557   471   570 0.78 -
TRINITY_DN883_c0_g1_i7:402-1427     -            342 601875at33208        -            245   2.3e-07   29.6   2.5   1   3    0.0044      0.25    9.8   0.0    93   136    26    76    11    94 0.70 -
TRINITY_DN883_c0_g1_i7:402-1427     -            342 601875at33208        -            245   2.3e-07   29.6   2.5   2   3    0.0018       0.1   11.1   0.0    81   136    99   162    90   169 0.81 -
TRINITY_DN883_c0_g1_i7:402-1427     -            342 601875at33208        -            245   2.3e-07   29.6   2.5   3   3     0.069       3.9    5.9   0.0    86   134   262   320   259   340 0.73 -
TRINITY_DN883_c0_g1_i1:423-1448     -            342 601875at33208        -            245   3.3e-07   29.1   2.5   1   3    0.0061      0.35    9.4   0.0    93   136    26    76    11    94 0.69 -
TRINITY_DN883_c0_g1_i1:423-1448     -            342 601875at33208        -            245   3.3e-07   29.1   2.5   2   3    0.0018       0.1   11.1   0.0    81   136    99   162    89   169 0.81 -
TRINITY_DN883_c0_g1_i1:423-1448     -            342 601875at33208        -            245   3.3e-07   29.1   2.5   3   3     0.069       3.9    5.9   0.0    86   134   262   320   259   340 0.73 -
TRINITY_DN883_c0_g1_i3:423-1448     -            342 601875at33208        -            245   3.3e-07   29.1   2.5   1   3    0.0061      0.35    9.4   0.0    93   136    26    76    11    94 0.69 -
TRINITY_DN883_c0_g1_i3:423-1448     -            342 601875at33208        -            245   3.3e-07   29.1   2.5   2   3    0.0018       0.1   11.1   0.0    81   136    99   162    89   169 0.81 -
TRINITY_DN883_c0_g1_i3:423-1448     -            342 601875at33208        -            245   3.3e-07   29.1   2.5   3   3     0.069       3.9    5.9   0.0    86   134   262   320   259   340 0.73 -
TRINITY_DN883_c0_g1_i4:402-1427     -            342 601875at33208        -            245   3.3e-07   29.1   2.5   1   3    0.0061      0.35    9.4   0.0    93   136    26    76    11    94 0.69 -
TRINITY_DN883_c0_g1_i4:402-1427     -            342 601875at33208        -            245   3.3e-07   29.1   2.5   2   3    0.0018       0.1   11.1   0.0    81   136    99   162    89   169 0.81 -
TRINITY_DN883_c0_g1_i4:402-1427     -            342 601875at33208        -            245   3.3e-07   29.1   2.5   3   3     0.069       3.9    5.9   0.0    86   134   262   320   259   340 0.73 -
TRINITY_DN94666_c0_g1_i1:146-1201   -            352 601875at33208        -            245   9.7e-07   27.6   6.0   1   3   6.5e-07   3.7e-05   22.4   3.4    24    79     1    57     1   191 0.89 -
TRINITY_DN94666_c0_g1_i1:146-1201   -            352 601875at33208        -            245   9.7e-07   27.6   6.0   2   3       1.2        69    1.9   0.0   106   136   258   288   247   298 0.71 -
TRINITY_DN94666_c0_g1_i1:146-1201   -            352 601875at33208        -            245   9.7e-07   27.6   6.0   3   3       6.5   3.7e+02   -0.5   0.0   214   232   308   326   300   338 0.67 -
TRINITY_DN883_c0_g1_i5:921-1313     -            131 601875at33208        -            245     7e-06   24.8   0.0   1   2    0.0067      0.38    9.2   0.0   104   136     5    38     2    56 0.75 -
TRINITY_DN883_c0_g1_i5:921-1313     -            131 601875at33208        -            245     7e-06   24.8   0.0   2   2   0.00023     0.013   14.1   0.0    80   135    60   123    45   130 0.82 -
TRINITY_DN528_c7_g1_i1:280-1215     -            312 601875at33208        -            245   8.2e-06   24.5   0.0   1   3    0.0082      0.46    9.0   0.0    92   139     8    61     3    76 0.74 -
TRINITY_DN528_c7_g1_i1:280-1215     -            312 601875at33208        -            245   8.2e-06   24.5   0.0   2   3    0.0091      0.52    8.8   0.0    81   137    82   145    78   155 0.75 -
TRINITY_DN528_c7_g1_i1:280-1215     -            312 601875at33208        -            245   8.2e-06   24.5   0.0   3   3       0.6        34    2.8   0.0    80   130   246   304   239   310 0.66 -
TRINITY_DN1996_c0_g1_i1:309-944     -            212 601875at33208        -            245   1.7e-05   23.5   0.1   1   2    0.0012      0.07   11.7   0.0    83   135     4    65     2   111 0.79 -
TRINITY_DN1996_c0_g1_i1:309-944     -            212 601875at33208        -            245   1.7e-05   23.5   0.1   2   2    0.0041      0.23   10.0   0.0    81   133   148   203   145   208 0.81 -
TRINITY_DN1996_c0_g1_i2:233-868     -            212 601875at33208        -            245   1.7e-05   23.5   0.1   1   2    0.0012      0.07   11.7   0.0    83   135     4    65     2   111 0.79 -
TRINITY_DN1996_c0_g1_i2:233-868     -            212 601875at33208        -            245   1.7e-05   23.5   0.1   2   2    0.0041      0.23   10.0   0.0    81   133   148   203   145   208 0.81 -
TRINITY_DN1996_c0_g1_i4:194-829     -            212 601875at33208        -            245   1.7e-05   23.5   0.1   1   2    0.0012      0.07   11.7   0.0    83   135     4    65     2   111 0.79 -
TRINITY_DN1996_c0_g1_i4:194-829     -            212 601875at33208        -            245   1.7e-05   23.5   0.1   2   2    0.0041      0.23   10.0   0.0    81   133   148   203   145   208 0.81 -
TRINITY_DN1419_c0_g1_i1:1086-1322   -             79 601875at33208        -            245     2e-05   23.2   0.0   1   1   4.4e-07   2.5e-05   23.0   0.0    84   135     2    61     1    66 0.77 -
TRINITY_DN67501_c0_g1_i1:110-703    -            198 601875at33208        -            245   7.3e-05   21.4   0.0   1   1     2e-06   0.00011   20.8   0.0    78   150   115   197   112   198 0.75 -
TRINITY_DN21764_c0_g1_i2:697-990    -             98 601875at33208        -            245   0.00011   20.9   0.0   1   1     2e-06   0.00011   20.8   0.0    86   136     3    56     1    76 0.84 -
TRINITY_DN21764_c0_g1_i3:898-1191   -             98 601875at33208        -            245   0.00011   20.9   0.0   1   1     2e-06   0.00011   20.8   0.0    86   136     3    56     1    76 0.84 -
TRINITY_DN21764_c0_g1_i4:1748-2041  -             98 601875at33208        -            245   0.00011   20.9   0.0   1   1     2e-06   0.00011   20.8   0.0    86   136     3    56     1    76 0.84 -
TRINITY_DN21764_c0_g1_i5:898-1191   -             98 601875at33208        -            245   0.00011   20.9   0.0   1   1     2e-06   0.00011   20.8   0.0    86   136     3    56     1    76 0.84 -
TRINITY_DN21764_c0_g1_i7:898-1191   -             98 601875at33208        -            245   0.00011   20.9   0.0   1   1     2e-06   0.00011   20.8   0.0    86   136     3    56     1    76 0.84 -
TRINITY_DN522_c0_g1_i11:116-367     -             84 601875at33208        -            245   0.00015   20.4   0.0   1   1   3.4e-06   0.00019   20.0   0.0    82   136     5    67     3    72 0.80 -
TRINITY_DN522_c0_g1_i8:116-367      -             84 601875at33208        -            245   0.00015   20.4   0.0   1   1   3.4e-06   0.00019   20.0   0.0    82   136     5    67     3    72 0.80 -
TRINITY_DN21274_c0_g1_i1:99-332     -             78 601875at33208        -            245   0.00015   20.4   0.0   1   1   2.9e-06   0.00017   20.2   0.0    86   137     1    57     1    67 0.79 -
TRINITY_DN21274_c0_g1_i3:99-332     -             78 601875at33208        -            245   0.00015   20.4   0.0   1   1   2.9e-06   0.00017   20.2   0.0    86   137     1    57     1    67 0.79 -
TRINITY_DN21274_c0_g1_i4:99-332     -             78 601875at33208        -            245   0.00015   20.4   0.0   1   1   2.9e-06   0.00017   20.2   0.0    86   137     1    57     1    67 0.79 -
TRINITY_DN5249_c0_g1_i1:1395-1640   -             82 601875at33208        -            245   0.00024   19.8   0.1   1   1   4.7e-06   0.00026   19.6   0.1    86   141     3    66     1    81 0.67 -
TRINITY_DN1770_c0_g1_i10:2460-2747  -             96 601875at33208        -            245   0.00025   19.7   0.1   1   1   5.6e-06   0.00032   19.3   0.1    84   136     2    61     1    67 0.81 -
TRINITY_DN1770_c0_g1_i1:2460-2747   -             96 601875at33208        -            245   0.00025   19.7   0.1   1   1   5.6e-06   0.00032   19.3   0.1    84   136     2    61     1    67 0.81 -
TRINITY_DN1770_c0_g1_i8:2460-2747   -             96 601875at33208        -            245   0.00025   19.7   0.1   1   1   5.6e-06   0.00032   19.3   0.1    84   136     2    61     1    67 0.81 -
TRINITY_DN3441_c0_g1_i2:843-1058    -             72 601875at33208        -            245   0.00029   19.5   0.0   1   1   5.6e-06   0.00032   19.3   0.0    84   137     2    57     1    69 0.77 -
TRINITY_DN3441_c0_g1_i3:647-862     -             72 601875at33208        -            245   0.00029   19.5   0.0   1   1   5.6e-06   0.00032   19.3   0.0    84   137     2    57     1    69 0.77 -
TRINITY_DN3441_c0_g1_i5:843-1058    -             72 601875at33208        -            245   0.00029   19.5   0.0   1   1   5.6e-06   0.00032   19.3   0.0    84   137     2    57     1    69 0.77 -
TRINITY_DN9310_c0_g1_i1:112-333     -             74 601875at33208        -            245   0.00054   18.6   0.0   1   1   1.1e-05   0.00061   18.4   0.0    91   135     7    58     1    66 0.77 -
TRINITY_DN36654_c0_g1_i2:663-1106   -            148 601875at33208        -            245   0.00064   18.3   0.0   1   2    0.0051      0.29    9.6   0.0    93   142     9    61     1    84 0.69 -
TRINITY_DN36654_c0_g1_i2:663-1106   -            148 601875at33208        -            245   0.00064   18.3   0.0   2   2     0.026       1.5    7.3   0.0    81   135    82   143    76   148 0.75 -
TRINITY_DN522_c0_g1_i12:128-343     -             72 601875at33208        -            245     0.001   17.7   0.0   1   1   2.2e-05    0.0012   17.4   0.0    82   135     1    62     1    65 0.80 -
TRINITY_DN522_c0_g1_i14:128-343     -             72 601875at33208        -            245     0.001   17.7   0.0   1   1   2.2e-05    0.0012   17.4   0.0    82   135     1    62     1    65 0.80 -
TRINITY_DN522_c0_g1_i15:128-343     -             72 601875at33208        -            245     0.001   17.7   0.0   1   1   2.2e-05    0.0012   17.4   0.0    82   135     1    62     1    65 0.80 -
TRINITY_DN522_c0_g1_i2:128-343      -             72 601875at33208        -            245     0.001   17.7   0.0   1   1   2.2e-05    0.0012   17.4   0.0    82   135     1    62     1    65 0.80 -
TRINITY_DN250_c0_g1_i10:71-316      -             82 601875at33208        -            245    0.0012   17.4   0.0   1   1   2.4e-05    0.0014   17.2   0.0    83   135     4    64     1    71 0.80 -
TRINITY_DN250_c0_g1_i17:71-316      -             82 601875at33208        -            245    0.0012   17.4   0.0   1   1   2.4e-05    0.0014   17.2   0.0    83   135     4    64     1    71 0.80 -
TRINITY_DN250_c0_g1_i18:71-316      -             82 601875at33208        -            245    0.0012   17.4   0.0   1   1   2.4e-05    0.0014   17.2   0.0    83   135     4    64     1    71 0.80 -
TRINITY_DN250_c0_g1_i19:71-316      -             82 601875at33208        -            245    0.0012   17.4   0.0   1   1   2.4e-05    0.0014   17.2   0.0    83   135     4    64     1    71 0.80 -
TRINITY_DN250_c0_g1_i23:71-316      -             82 601875at33208        -            245    0.0012   17.4   0.0   1   1   2.4e-05    0.0014   17.2   0.0    83   135     4    64     1    71 0.80 -
TRINITY_DN250_c0_g1_i25:71-316      -             82 601875at33208        -            245    0.0012   17.4   0.0   1   1   2.4e-05    0.0014   17.2   0.0    83   135     4    64     1    71 0.80 -
TRINITY_DN250_c0_g1_i2:71-316       -             82 601875at33208        -            245    0.0012   17.4   0.0   1   1   2.4e-05    0.0014   17.2   0.0    83   135     4    64     1    71 0.80 -
TRINITY_DN250_c0_g1_i8:71-316       -             82 601875at33208        -            245    0.0012   17.4   0.0   1   1   2.4e-05    0.0014   17.2   0.0    83   135     4    64     1    71 0.80 -
TRINITY_DN250_c0_g1_i12:71-322      -             84 601875at33208        -            245    0.0013   17.3   0.0   1   1   2.6e-05    0.0015   17.1   0.0    83   135     4    64     1    71 0.80 -
TRINITY_DN3650_c0_g1_i1:443-1138    -            232 601875at33208        -            245    0.0016   17.0   0.1   1   1   5.6e-05    0.0032   16.1   0.1    84   138    10    72     7    83 0.77 -
TRINITY_DN25330_c0_g1_i2:321-677    -            119 601875at33208        -            245    0.0017   16.9   0.0   1   1   3.5e-05     0.002   16.7   0.0    84   141     9    74     3   104 0.73 -
TRINITY_DN4512_c0_g3_i1:1299-1619   -            107 601875at33208        -            245     0.002   16.7   0.0   1   1   3.8e-05    0.0022   16.6   0.0    86   139     2    56     1    70 0.82 -
TRINITY_DN5401_c0_g1_i1:37-285      -             83 601875at33208        -            245     0.002   16.7   0.0   1   1   4.2e-05    0.0024   16.5   0.0    83   135    16    76     5    81 0.83 -
TRINITY_DN5401_c0_g1_i3:37-285      -             83 601875at33208        -            245     0.002   16.7   0.0   1   1   4.2e-05    0.0024   16.5   0.0    83   135    16    76     5    81 0.83 -
TRINITY_DN38314_c0_g1_i1:461-706    -             82 601875at33208        -            245    0.0024   16.5   0.0   1   1   5.1e-05    0.0029   16.2   0.0    83   136     4    65     1    70 0.80 -
TRINITY_DN48537_c0_g1_i2:338-2311   -            482 601875at33208        -            245    0.0024   16.4   0.0   1   1   6.5e-05    0.0037   15.8   0.0    84   139   232   289   227   304 0.84 -
TRINITY_DN48537_c0_g1_i3:338-1783   -            482 601875at33208        -            245    0.0024   16.4   0.0   1   1   6.5e-05    0.0037   15.8   0.0    84   139   232   289   227   304 0.84 -
TRINITY_DN12143_c0_g1_i4:589-834    -             82 601875at33208        -            245     0.003   16.1   0.1   1   1   5.3e-05     0.003   16.1   0.1   108   142    37    71     4    79 0.81 -
TRINITY_DN27189_c0_g1_i1:139-369    -             77 601875at33208        -            245    0.0034   16.0   0.0   1   1     7e-05     0.004   15.7   0.0    86   135     1    58     1    65 0.79 -
TRINITY_DN593_c0_g1_i10:1571-1879   -            103 601875at33208        -            245    0.0038   15.8   0.0   1   2   0.00037     0.021   13.4   0.0    83   135     8    67     4    70 0.77 -
TRINITY_DN593_c0_g1_i10:1571-1879   -            103 601875at33208        -            245    0.0038   15.8   0.0   2   2     0.089       5.1    5.6   0.0    57    96    61   100    58   102 0.91 -
TRINITY_DN593_c0_g1_i3:1571-1879    -            103 601875at33208        -            245    0.0038   15.8   0.0   1   2   0.00037     0.021   13.4   0.0    83   135     8    67     4    70 0.77 -
TRINITY_DN593_c0_g1_i3:1571-1879    -            103 601875at33208        -            245    0.0038   15.8   0.0   2   2     0.089       5.1    5.6   0.0    57    96    61   100    58   102 0.91 -
TRINITY_DN593_c0_g1_i7:1571-1879    -            103 601875at33208        -            245    0.0038   15.8   0.0   1   2   0.00037     0.021   13.4   0.0    83   135     8    67     4    70 0.77 -
TRINITY_DN593_c0_g1_i7:1571-1879    -            103 601875at33208        -            245    0.0038   15.8   0.0   2   2     0.089       5.1    5.6   0.0    57    96    61   100    58   102 0.91 -
TRINITY_DN593_c0_g1_i8:1571-1879    -            103 601875at33208        -            245    0.0038   15.8   0.0   1   2   0.00037     0.021   13.4   0.0    83   135     8    67     4    70 0.77 -
TRINITY_DN593_c0_g1_i8:1571-1879    -            103 601875at33208        -            245    0.0038   15.8   0.0   2   2     0.089       5.1    5.6   0.0    57    96    61   100    58   102 0.91 -
TRINITY_DN4599_c0_g1_i10:3341-3613  -             91 601875at33208        -            245    0.0038   15.8   0.1   1   1     8e-05    0.0046   15.5   0.1    95   136    20    68     9    74 0.75 -
TRINITY_DN4599_c0_g1_i1:3035-3307   -             91 601875at33208        -            245    0.0038   15.8   0.1   1   1     8e-05    0.0046   15.5   0.1    95   136    20    68     9    74 0.75 -
TRINITY_DN4599_c0_g1_i3:3032-3304   -             91 601875at33208        -            245    0.0038   15.8   0.1   1   1     8e-05    0.0046   15.5   0.1    95   136    20    68     9    74 0.75 -
TRINITY_DN96613_c0_g1_i1:7-270      -             88 601875at33208        -            245    0.0045   15.6   0.0   1   1   8.6e-05    0.0049   15.4   0.0    85   134     3    52     1    61 0.82 -
TRINITY_DN883_c0_g1_i6:508-819      -            104 601875at33208        -            245    0.0046   15.5   0.0   1   2    0.0043      0.25    9.9   0.0   104   136     4    37     1    54 0.76 -
TRINITY_DN883_c0_g1_i6:508-819      -            104 601875at33208        -            245    0.0046   15.5   0.0   2   2      0.21        12    4.4   0.0    80   108    59    89    44    99 0.83 -
TRINITY_DN12177_c0_g1_i1:581-862    -             94 601875at33208        -            245    0.0056   15.2   0.0   1   1   0.00012    0.0068   15.0   0.0    82   135     6    67     3    79 0.77 -
TRINITY_DN12177_c0_g1_i1:932-1234   -            101 601875at33208        -            245    0.0064   15.1   0.0   1   1   0.00014    0.0079   14.8   0.0    82   135    13    74     8    86 0.77 -
TRINITY_DN2570_c0_g1_i1:795-1124    -            110 601875at33208        -            245    0.0072   14.9   0.0   1   1   0.00015    0.0087   14.6   0.0    85   134    38    95    27    99 0.81 -
TRINITY_DN2570_c0_g1_i2:782-1111    -            110 601875at33208        -            245    0.0072   14.9   0.0   1   1   0.00015    0.0087   14.6   0.0    85   134    38    95    27    99 0.81 -
TRINITY_DN2570_c0_g1_i3:2301-2630   -            110 601875at33208        -            245    0.0072   14.9   0.0   1   1   0.00015    0.0087   14.6   0.0    85   134    38    95    27    99 0.81 -
TRINITY_DN2570_c0_g1_i4:82-411      -            110 601875at33208        -            245    0.0072   14.9   0.0   1   1   0.00015    0.0087   14.6   0.0    85   134    38    95    27    99 0.81 -
TRINITY_DN2570_c0_g1_i5:1645-1974   -            110 601875at33208        -            245    0.0072   14.9   0.0   1   1   0.00015    0.0087   14.6   0.0    85   134    38    95    27    99 0.81 -
TRINITY_DN2570_c0_g1_i7:48-377      -            110 601875at33208        -            245    0.0072   14.9   0.0   1   1   0.00015    0.0087   14.6   0.0    85   134    38    95    27    99 0.81 -
TRINITY_DN2570_c0_g1_i8:795-1124    -            110 601875at33208        -            245    0.0072   14.9   0.0   1   1   0.00015    0.0087   14.6   0.0    85   134    38    95    27    99 0.81 -
TRINITY_DN16080_c0_g1_i1:149-382    -             78 601875at33208        -            245    0.0088   14.6   0.0   1   1   0.00018      0.01   14.4   0.0    81   135     3    65     1    68 0.78 -
TRINITY_DN16080_c0_g1_i2:126-359    -             78 601875at33208        -            245    0.0088   14.6   0.0   1   1   0.00018      0.01   14.4   0.0    81   135     3    65     1    68 0.78 -
TRINITY_DN417_c0_g1_i2:38-373       -            112 601875at33208        -            245     0.011   14.3   0.0   1   1   0.00022     0.013   14.1   0.0    85   135    37    96     9   105 0.78 -
TRINITY_DN417_c0_g1_i6:429-767      -            113 601875at33208        -            245     0.011   14.2   0.0   1   1   0.00022     0.013   14.1   0.0    85   135    38    97     9   106 0.78 -
TRINITY_DN417_c0_g1_i7:429-767      -            113 601875at33208        -            245     0.011   14.2   0.0   1   1   0.00022     0.013   14.1   0.0    85   135    38    97     9   106 0.78 -
TRINITY_DN417_c0_g1_i9:429-767      -            113 601875at33208        -            245     0.011   14.2   0.0   1   1   0.00022     0.013   14.1   0.0    85   135    38    97     9   106 0.78 -
TRINITY_DN190021_c0_g1_i1:192-443   -             84 601875at33208        -            245     0.013   14.1   0.1   1   1   0.00044     0.025   13.1   0.1    95   147    16    71     4    82 0.63 -
TRINITY_DN182334_c0_g1_i1:3-185     -             61 601875at33208        -            245     0.015   13.9   0.0   1   1   0.00026     0.015   13.9   0.0   110   135    31    56     2    59 0.78 -
TRINITY_DN273_c0_g1_i10:1035-2093   -            353 601875at33208        -            245     0.016   13.7   0.0   1   1    0.0006     0.034   12.7   0.0    95   136   206   248   194   258 0.91 -
TRINITY_DN273_c0_g1_i15:1035-2093   -            353 601875at33208        -            245     0.016   13.7   0.0   1   1    0.0006     0.034   12.7   0.0    95   136   206   248   194   258 0.91 -
TRINITY_DN273_c0_g1_i1:282-1340     -            353 601875at33208        -            245     0.016   13.7   0.0   1   1    0.0006     0.034   12.7   0.0    95   136   206   248   194   258 0.91 -
TRINITY_DN273_c0_g1_i3:1035-2093    -            353 601875at33208        -            245     0.016   13.7   0.0   1   1    0.0006     0.034   12.7   0.0    95   136   206   248   194   258 0.91 -
TRINITY_DN273_c0_g1_i6:1046-2104    -            353 601875at33208        -            245     0.016   13.7   0.0   1   1    0.0006     0.034   12.7   0.0    95   136   206   248   194   258 0.91 -
TRINITY_DN273_c0_g1_i8:1047-2105    -            353 601875at33208        -            245     0.016   13.7   0.0   1   1    0.0006     0.034   12.7   0.0    95   136   206   248   194   258 0.91 -
TRINITY_DN11132_c0_g1_i14:39-221    -             61 601875at33208        -            245     0.017   13.6   0.0   1   1   0.00034     0.019   13.5   0.0    86   135     1    53     1    56 0.82 -
TRINITY_DN38878_c0_g1_i3:13-153     -             47 601875at33208        -            245     0.018   13.6   0.0   1   1   0.00034     0.019   13.5   0.0   115   135     9    29     2    35 0.87 -
TRINITY_DN38878_c0_g1_i10:13-186    -             58 601875at33208        -            245     0.019   13.5   0.0   1   1   0.00036      0.02   13.4   0.0   115   135    20    40     5    46 0.83 -
TRINITY_DN38878_c0_g1_i2:13-186     -             58 601875at33208        -            245     0.019   13.5   0.0   1   1   0.00036      0.02   13.4   0.0   115   135    20    40     5    46 0.83 -
TRINITY_DN18949_c0_g1_i1:716-1000   -             95 601875at33208        -            245      0.02   13.4   0.0   1   1   0.00039     0.022   13.3   0.0    78   135    16    81     7    88 0.65 -
TRINITY_DN18949_c0_g1_i2:716-1000   -             95 601875at33208        -            245      0.02   13.4   0.0   1   1   0.00039     0.022   13.3   0.0    78   135    16    81     7    88 0.65 -
TRINITY_DN18949_c0_g1_i3:743-1027   -             95 601875at33208        -            245      0.02   13.4   0.0   1   1   0.00039     0.022   13.3   0.0    78   135    16    81     7    88 0.65 -
TRINITY_DN18949_c0_g1_i5:239-523    -             95 601875at33208        -            245      0.02   13.4   0.0   1   1   0.00039     0.022   13.3   0.0    78   135    16    81     7    88 0.65 -
TRINITY_DN522_c0_g1_i13:36-287      -             84 601875at33208        -            245     0.024   13.2   0.0   1   1   0.00053      0.03   12.8   0.0    78   135     6    71     2    74 0.79 -
TRINITY_DN522_c0_g1_i1:36-287       -             84 601875at33208        -            245     0.024   13.2   0.0   1   1   0.00053      0.03   12.8   0.0    78   135     6    71     2    74 0.79 -
TRINITY_DN10146_c0_g1_i1:926-1321   -            132 601875at33208        -            245     0.024   13.2   0.2   1   1   0.00051     0.029   12.9   0.2    42   101    66   123    42   129 0.83 -
TRINITY_DN10146_c0_g1_i5:926-1321   -            132 601875at33208        -            245     0.024   13.2   0.2   1   1   0.00051     0.029   12.9   0.2    42   101    66   123    42   129 0.83 -
TRINITY_DN1563_c0_g1_i1:721-1002    -             94 601875at33208        -            245     0.024   13.2   0.1   1   1   0.00046     0.026   13.1   0.1    86   135     1    57     1    77 0.76 -
TRINITY_DN1563_c0_g1_i2:721-1002    -             94 601875at33208        -            245     0.024   13.2   0.1   1   1   0.00046     0.026   13.1   0.1    86   135     1    57     1    77 0.76 -
TRINITY_DN1563_c0_g1_i4:721-1002    -             94 601875at33208        -            245     0.024   13.2   0.1   1   1   0.00046     0.026   13.1   0.1    86   135     1    57     1    77 0.76 -
TRINITY_DN2041_c0_g1_i5:529-747     -             73 601875at33208        -            245     0.032   12.8   0.0   1   1   0.00056     0.032   12.8   0.0   111   136    33    58     3    61 0.78 -
TRINITY_DN2041_c0_g1_i10:526-753    -             76 601875at33208        -            245     0.033   12.7   0.0   1   1   0.00058     0.033   12.7   0.0   111   136    35    60     3    63 0.77 -
TRINITY_DN2041_c0_g1_i14:526-753    -             76 601875at33208        -            245     0.033   12.7   0.0   1   1   0.00058     0.033   12.7   0.0   111   136    35    60     3    63 0.77 -
TRINITY_DN2041_c0_g1_i3:526-753     -             76 601875at33208        -            245     0.033   12.7   0.0   1   1   0.00058     0.033   12.7   0.0   111   136    35    60     3    63 0.77 -
TRINITY_DN2041_c0_g1_i7:526-753     -             76 601875at33208        -            245     0.033   12.7   0.0   1   1   0.00058     0.033   12.7   0.0   111   136    35    60     3    63 0.77 -
TRINITY_DN2041_c0_g1_i9:526-753     -             76 601875at33208        -            245     0.033   12.7   0.0   1   1   0.00058     0.033   12.7   0.0   111   136    35    60     3    63 0.77 -
TRINITY_DN1199_c1_g1_i1:115-1014    -            300 601875at33208        -            245     0.035   12.7   0.0   1   1    0.0012     0.069   11.7   0.0    78   135   213   278   207   282 0.77 -
TRINITY_DN7027_c0_g1_i10:992-1213   -             74 601875at33208        -            245     0.036   12.6   0.0   1   1   0.00071      0.04   12.4   0.0    94   135    10    58     1    64 0.72 -
TRINITY_DN7027_c0_g1_i15:1509-1730  -             74 601875at33208        -            245     0.036   12.6   0.0   1   1   0.00071      0.04   12.4   0.0    94   135    10    58     1    64 0.72 -
TRINITY_DN7027_c0_g1_i2:1775-1996   -             74 601875at33208        -            245     0.036   12.6   0.0   1   1   0.00071      0.04   12.4   0.0    94   135    10    58     1    64 0.72 -
TRINITY_DN104708_c0_g1_i1:7-171     -             55 601875at33208        -            245     0.036   12.6   0.0   1   1    0.0007      0.04   12.5   0.0    83   127     2    54     1    55 0.74 -
TRINITY_DN250_c0_g1_i11:26-235      -             70 601875at33208        -            245     0.045   12.3   0.0   1   1   0.00093     0.053   12.1   0.0    86   135     1    58     1    64 0.78 -
TRINITY_DN396_c0_g1_i1:634-843      -             70 601875at33208        -            245     0.057   12.0   0.0   1   1     0.001     0.059   11.9   0.0    92   137    13    57     3    66 0.81 -
TRINITY_DN396_c0_g1_i4:2441-2650    -             70 601875at33208        -            245     0.057   12.0   0.0   1   1     0.001     0.059   11.9   0.0    92   137    13    57     3    66 0.81 -
TRINITY_DN396_c0_g1_i7:2414-2623    -             70 601875at33208        -            245     0.057   12.0   0.0   1   1     0.001     0.059   11.9   0.0    92   137    13    57     3    66 0.81 -
TRINITY_DN396_c0_g1_i5:2429-2641    -             71 601875at33208        -            245     0.059   11.9   0.0   1   1    0.0011     0.061   11.8   0.0    92   137    14    58     4    67 0.81 -
TRINITY_DN250_c0_g1_i1:26-259       -             78 601875at33208        -            245     0.062   11.8   0.0   1   1    0.0013     0.073   11.6   0.0    86   135     1    58     1    65 0.78 -
TRINITY_DN250_c0_g1_i20:26-259      -             78 601875at33208        -            245     0.062   11.8   0.0   1   1    0.0013     0.073   11.6   0.0    86   135     1    58     1    65 0.78 -
TRINITY_DN250_c0_g1_i21:26-259      -             78 601875at33208        -            245     0.062   11.8   0.0   1   1    0.0013     0.073   11.6   0.0    86   135     1    58     1    65 0.78 -
TRINITY_DN29752_c0_g1_i10:1154-1558 -            135 601875at33208        -            245     0.062   11.8   0.0   1   1    0.0031      0.18   10.3   0.0    83   138    16    79     2    84 0.69 -
TRINITY_DN29752_c0_g1_i11:1450-1854 -            135 601875at33208        -            245     0.062   11.8   0.0   1   1    0.0031      0.18   10.3   0.0    83   138    16    79     2    84 0.69 -
TRINITY_DN29752_c0_g1_i17:1378-1782 -            135 601875at33208        -            245     0.062   11.8   0.0   1   1    0.0031      0.18   10.3   0.0    83   138    16    79     2    84 0.69 -
TRINITY_DN1816_c0_g1_i1:1766-1948   -             61 601875at33208        -            245     0.069   11.7   0.0   1   1    0.0013     0.075   11.6   0.0    83   132     3    60     1    61 0.80 -
TRINITY_DN4475_c0_g1_i1:283-663     -            127 601875at33208        -            245     0.074   11.6   0.0   1   1    0.0015     0.086   11.4   0.0    87   137     2    60     1    83 0.77 -
TRINITY_DN138_c0_g1_i1:274-537      -             88 601875at33208        -            245     0.082   11.4   0.0   1   1    0.0017     0.095   11.2   0.0    94   136    23    72    11    77 0.73 -
TRINITY_DN138_c0_g1_i6:262-525      -             88 601875at33208        -            245     0.082   11.4   0.0   1   1    0.0017     0.095   11.2   0.0    94   136    23    72    11    77 0.73 -
TRINITY_DN138_c0_g1_i8:520-795      -             92 601875at33208        -            245     0.099   11.2   0.0   1   1    0.0021      0.12   10.9   0.0    95   136    28    76    15    80 0.74 -
TRINITY_DN2269_c0_g1_i19:1496-1717  -             74 601875at33208        -            245     0.099   11.2   0.0   1   1    0.0018       0.1   11.1   0.0    87   135     2    53     1    66 0.80 -
TRINITY_DN2269_c0_g1_i24:1626-1847  -             74 601875at33208        -            245     0.099   11.2   0.0   1   1    0.0018       0.1   11.1   0.0    87   135     2    53     1    66 0.80 -
TRINITY_DN2269_c0_g1_i4:1498-1719   -             74 601875at33208        -            245     0.099   11.2   0.0   1   1    0.0018       0.1   11.1   0.0    87   135     2    53     1    66 0.80 -
TRINITY_DN4118_c0_g1_i2:107-415     -            103 601875at33208        -            245      0.13   10.7   0.0   1   1    0.0027      0.15   10.5   0.0    84   136     4    64     2    85 0.79 -
TRINITY_DN4118_c0_g1_i6:107-415     -            103 601875at33208        -            245      0.13   10.7   0.0   1   1    0.0027      0.15   10.5   0.0    84   136     4    64     2    85 0.79 -
TRINITY_DN4118_c0_g1_i7:107-415     -            103 601875at33208        -            245      0.13   10.7   0.0   1   1    0.0027      0.15   10.5   0.0    84   136     4    64     2    85 0.79 -
TRINITY_DN4118_c0_g1_i8:107-415     -            103 601875at33208        -            245      0.13   10.7   0.0   1   1    0.0027      0.15   10.5   0.0    84   136     4    64     2    85 0.79 -
#
# Program:         hmmsearch
# Version:         3.1b2 (February 2015)
# Pipeline mode:   SEARCH
# Query file:      /busco_wd/busco_downloads/lineages/metazoa_odb10/hmms/601875at33208.hmm
# Target file:     /busco_wd/BUSCO/run_metazoa_odb10/metaeuk_output/initial_results/Trinity.fasta.modified.fas
# Option settings: hmmsearch --domtblout /busco_wd/BUSCO/run_metazoa_odb10/hmmer_output/initial_run_results/601875at33208.out --cpu 1 /busco_wd/busco_downloads/lineages/metazoa_odb10/hmms/601875at33208.hmm /busco_wd/BUSCO/run_metazoa_odb10/metaeuk_output/initial_results/Trinity.fasta.modified.fas 
# Current dir:     /busco_wd
# Date:            Tue Nov 23 09:04:20 2021
# [ok]
