#                                                                                           --- full sequence --- -------------- this domain -------------   hmm coord   ali coord   env coord
# target name                       accession   tlen query name           accession   qlen   E-value  score  bias   #  of  c-Evalue  i-Evalue  score  bias  from    to  from    to  from    to  acc description of target
#               ------------------- ---------- ----- -------------------- ---------- ----- --------- ------ ----- --- --- --------- --------- ------ ----- ----- ----- ----- ----- ----- ----- ---- ---------------------
TRINITY_DN14414_c0_g1_i1:421-957    -            179 601967at33208        -            137   1.9e-38  130.7   0.8   1   2   3.1e-40   3.8e-38  129.7   0.2     6   118     8   121     5   140 0.87 -
TRINITY_DN14414_c0_g1_i1:421-957    -            179 601967at33208        -            137   1.9e-38  130.7   0.8   2   2         7   8.4e+02   -0.9   0.0   130   137   172   179   141   179 0.77 -
TRINITY_DN14414_c0_g1_i2:158-694    -            179 601967at33208        -            137   1.9e-38  130.7   0.8   1   2   3.1e-40   3.8e-38  129.7   0.2     6   118     8   121     5   140 0.87 -
TRINITY_DN14414_c0_g1_i2:158-694    -            179 601967at33208        -            137   1.9e-38  130.7   0.8   2   2         7   8.4e+02   -0.9   0.0   130   137   172   179   141   179 0.77 -
TRINITY_DN14414_c0_g1_i4:395-931    -            179 601967at33208        -            137   1.9e-38  130.7   0.8   1   2   3.1e-40   3.8e-38  129.7   0.2     6   118     8   121     5   140 0.87 -
TRINITY_DN14414_c0_g1_i4:395-931    -            179 601967at33208        -            137   1.9e-38  130.7   0.8   2   2         7   8.4e+02   -0.9   0.0   130   137   172   179   141   179 0.77 -
TRINITY_DN14414_c0_g1_i3:95-424     -            110 601967at33208        -            137   2.1e-37  127.3   0.5   1   1     2e-39   2.4e-37  127.1   0.5     6   106     8   108     5   110 0.97 -
TRINITY_DN15077_c0_g1_i2:751-1050   -            100 601967at33208        -            137   4.7e-23   80.8   0.6   1   1   4.3e-25   5.2e-23   80.7   0.6     9    80     8    79     2    98 0.93 -
TRINITY_DN15077_c0_g1_i1:811-1077   -             89 601967at33208        -            137   5.3e-23   80.7   0.5   1   1     5e-25     6e-23   80.5   0.5     9    79    17    87     9    89 0.94 -
TRINITY_DN973_c0_g1_i1:1871-2947    -            359 601967at33208        -            137   1.1e-21   76.4   0.1   1   1   1.7e-23   2.1e-21   75.5   0.1     4    78    20    94    17    99 0.94 -
TRINITY_DN973_c0_g1_i2:1820-2896    -            359 601967at33208        -            137   1.1e-21   76.4   0.1   1   1   1.7e-23   2.1e-21   75.5   0.1     4    78    20    94    17    99 0.94 -
TRINITY_DN973_c0_g1_i3:1857-2933    -            359 601967at33208        -            137   1.1e-21   76.4   0.1   1   1   1.7e-23   2.1e-21   75.5   0.1     4    78    20    94    17    99 0.94 -
TRINITY_DN973_c0_g1_i4:1834-2910    -            359 601967at33208        -            137   1.1e-21   76.4   0.1   1   1   1.7e-23   2.1e-21   75.5   0.1     4    78    20    94    17    99 0.94 -
TRINITY_DN712_c0_g1_i11:224-577     -            118 601967at33208        -            137   2.2e-20   72.2   0.8   1   1   2.3e-22   2.8e-20   71.9   0.8     6    78    23    94    18    97 0.92 -
TRINITY_DN712_c0_g1_i12:224-577     -            118 601967at33208        -            137   2.2e-20   72.2   0.8   1   1   2.3e-22   2.8e-20   71.9   0.8     6    78    23    94    18    97 0.92 -
TRINITY_DN712_c0_g1_i13:224-577     -            118 601967at33208        -            137   2.2e-20   72.2   0.8   1   1   2.3e-22   2.8e-20   71.9   0.8     6    78    23    94    18    97 0.92 -
TRINITY_DN712_c0_g1_i2:224-577      -            118 601967at33208        -            137   2.2e-20   72.2   0.8   1   1   2.3e-22   2.8e-20   71.9   0.8     6    78    23    94    18    97 0.92 -
TRINITY_DN712_c0_g1_i3:224-577      -            118 601967at33208        -            137   2.2e-20   72.2   0.8   1   1   2.3e-22   2.8e-20   71.9   0.8     6    78    23    94    18    97 0.92 -
TRINITY_DN459_c0_g1_i1:3065-3409    -            115 601967at33208        -            137   6.7e-20   70.6   1.7   1   1   6.9e-22   8.4e-20   70.3   1.7     8    90    24   111    21   114 0.86 -
TRINITY_DN459_c0_g1_i5:3064-3408    -            115 601967at33208        -            137   6.7e-20   70.6   1.7   1   1   6.9e-22   8.4e-20   70.3   1.7     8    90    24   111    21   114 0.86 -
TRINITY_DN9628_c0_g1_i1:199-1218    -            340 601967at33208        -            137   2.9e-19   68.6   0.2   1   1   3.9e-21   4.7e-19   67.9   0.2     7    77     8    77     1    80 0.90 -
TRINITY_DN12163_c0_g1_i1:65-1045    -            327 601967at33208        -            137   5.9e-19   67.6   0.4   1   1   7.1e-21   8.6e-19   67.0   0.4     8    78     2    71     1    74 0.93 -
TRINITY_DN7451_c0_g1_i1:87-956      -            290 601967at33208        -            137   1.7e-18   66.1   1.0   1   2   4.8e-20   5.8e-18   64.4   0.2     9    79     1    71     1   122 0.88 -
TRINITY_DN7451_c0_g1_i1:87-956      -            290 601967at33208        -            137   1.7e-18   66.1   1.0   2   2       6.9   8.4e+02   -0.9   0.0    70   126   201   255   193   258 0.74 -
TRINITY_DN7451_c0_g1_i3:87-956      -            290 601967at33208        -            137   1.9e-18   65.9   0.6   1   1   4.8e-20   5.8e-18   64.4   0.2     9    79     1    71     1   122 0.88 -
TRINITY_DN7451_c0_g1_i5:87-956      -            290 601967at33208        -            137   2.2e-18   65.7   0.7   1   1   4.8e-20   5.8e-18   64.4   0.2     9    79     1    71     1   122 0.88 -
TRINITY_DN7451_c0_g1_i2:87-956      -            290 601967at33208        -            137   2.7e-18   65.4   0.6   1   1   4.8e-20   5.8e-18   64.4   0.2     9    79     1    71     1   122 0.88 -
TRINITY_DN5304_c0_g1_i1:1215-1409   -             65 601967at33208        -            137   2.8e-18   65.4   2.3   1   1   2.6e-20   3.1e-18   65.2   2.3    10    73     1    65     1    65 0.96 -
TRINITY_DN5304_c0_g1_i4:1221-1415   -             65 601967at33208        -            137   2.8e-18   65.4   2.3   1   1   2.6e-20   3.1e-18   65.2   2.3    10    73     1    65     1    65 0.96 -
TRINITY_DN1245_c0_g1_i10:1299-1592  -             98 601967at33208        -            137   3.8e-18   64.9   3.1   1   1   3.9e-20   4.7e-18   64.6   3.1     9    72     2    67     1    70 0.92 -
TRINITY_DN1245_c0_g1_i15:1299-1592  -             98 601967at33208        -            137   3.8e-18   64.9   3.1   1   1   3.9e-20   4.7e-18   64.6   3.1     9    72     2    67     1    70 0.92 -
TRINITY_DN1245_c0_g1_i3:1299-1592   -             98 601967at33208        -            137   3.8e-18   64.9   3.1   1   1   3.9e-20   4.7e-18   64.6   3.1     9    72     2    67     1    70 0.92 -
TRINITY_DN1245_c0_g1_i5:1299-1592   -             98 601967at33208        -            137   3.8e-18   64.9   3.1   1   1   3.9e-20   4.7e-18   64.6   3.1     9    72     2    67     1    70 0.92 -
TRINITY_DN1245_c0_g1_i6:1299-1592   -             98 601967at33208        -            137   3.8e-18   64.9   3.1   1   1   3.9e-20   4.7e-18   64.6   3.1     9    72     2    67     1    70 0.92 -
TRINITY_DN1245_c0_g1_i9:1299-1592   -             98 601967at33208        -            137   3.8e-18   64.9   3.1   1   1   3.9e-20   4.7e-18   64.6   3.1     9    72     2    67     1    70 0.92 -
TRINITY_DN3493_c1_g1_i11:311-1318   -            336 601967at33208        -            137   8.2e-18   63.9   4.2   1   1   1.1e-19   1.3e-17   63.2   4.2     9    75     2    67     1    72 0.93 -
TRINITY_DN3493_c1_g1_i12:311-1333   -            341 601967at33208        -            137   8.4e-18   63.8   4.2   1   1   1.1e-19   1.3e-17   63.2   4.2     9    75     2    67     1    72 0.93 -
TRINITY_DN3493_c1_g1_i2:311-1333    -            341 601967at33208        -            137   8.4e-18   63.8   4.2   1   1   1.1e-19   1.3e-17   63.2   4.2     9    75     2    67     1    72 0.93 -
TRINITY_DN3493_c1_g1_i6:311-1333    -            341 601967at33208        -            137   8.4e-18   63.8   4.2   1   1   1.1e-19   1.3e-17   63.2   4.2     9    75     2    67     1    72 0.93 -
TRINITY_DN3493_c1_g1_i8:311-1333    -            341 601967at33208        -            137   8.4e-18   63.8   4.2   1   1   1.1e-19   1.3e-17   63.2   4.2     9    75     2    67     1    72 0.93 -
TRINITY_DN8671_c0_g2_i4:141-764     -            208 601967at33208        -            137   4.2e-17   61.6   0.3   1   1   4.9e-19   5.9e-17   61.1   0.3     7    75     2    69     1    96 0.82 -
TRINITY_DN6011_c0_g1_i11:8-1024     -            339 601967at33208        -            137   1.1e-16   60.2   0.1   1   1   1.7e-18     2e-16   59.4   0.1     4    73     3    71     2    77 0.92 -
TRINITY_DN6011_c0_g1_i12:1132-2187  -            352 601967at33208        -            137   1.2e-16   60.1   0.1   1   1   1.8e-18   2.1e-16   59.3   0.1     4    72     3    70     2    77 0.92 -
TRINITY_DN6011_c0_g1_i1:1130-2185   -            352 601967at33208        -            137   1.2e-16   60.1   0.1   1   1   1.8e-18   2.1e-16   59.3   0.1     4    72     3    70     2    77 0.92 -
TRINITY_DN6011_c0_g1_i4:1132-2187   -            352 601967at33208        -            137   1.2e-16   60.1   0.1   1   1   1.8e-18   2.1e-16   59.3   0.1     4    72     3    70     2    77 0.92 -
TRINITY_DN6011_c0_g1_i5:1132-2187   -            352 601967at33208        -            137   1.2e-16   60.1   0.1   1   1   1.8e-18   2.1e-16   59.3   0.1     4    72     3    70     2    77 0.92 -
TRINITY_DN117974_c0_g1_i1:45-785    -            247 601967at33208        -            137   2.6e-16   59.0   0.1   1   1     3e-18   3.6e-16   58.5   0.1    10    82     1    70     1    77 0.92 -
TRINITY_DN9465_c0_g1_i1:43-696      -            218 601967at33208        -            137   6.5e-16   57.7   1.5   1   1     9e-18   1.1e-15   57.0   1.5     7    83     3    82     1   127 0.84 -
TRINITY_DN1969_c0_g1_i2:1232-1432   -             67 601967at33208        -            137   2.4e-15   55.9   4.1   1   1   2.3e-17   2.8e-15   55.7   4.1    10    71     1    67     1    67 0.88 -
TRINITY_DN13485_c0_g1_i2:1043-1825  -            261 601967at33208        -            137   7.3e-15   54.3   0.1   1   1   8.9e-17   1.1e-14   53.8   0.1     8    78     2    71     1    77 0.92 -
TRINITY_DN13485_c0_g1_i10:1043-1909 -            289 601967at33208        -            137   9.6e-15   53.9   0.1   1   1   1.2e-16   1.4e-14   53.4   0.1     8    78     2    71     1    75 0.92 -
TRINITY_DN13485_c0_g1_i3:1042-1908  -            289 601967at33208        -            137   9.6e-15   53.9   0.1   1   1   1.2e-16   1.4e-14   53.4   0.1     8    78     2    71     1    75 0.92 -
TRINITY_DN1259_c0_g1_i1:406-1506    -            367 601967at33208        -            137   1.6e-14   53.2   0.2   1   1   3.8e-16   4.6e-14   51.7   0.1    11    73     2    62     1    69 0.91 -
TRINITY_DN1259_c0_g1_i2:600-1700    -            367 601967at33208        -            137   1.6e-14   53.2   0.2   1   1   3.8e-16   4.6e-14   51.7   0.1    11    73     2    62     1    69 0.91 -
TRINITY_DN1259_c0_g1_i3:623-1723    -            367 601967at33208        -            137   1.6e-14   53.2   0.2   1   1   3.8e-16   4.6e-14   51.7   0.1    11    73     2    62     1    69 0.91 -
TRINITY_DN1259_c0_g1_i5:383-1483    -            367 601967at33208        -            137   1.6e-14   53.2   0.2   1   1   3.8e-16   4.6e-14   51.7   0.1    11    73     2    62     1    69 0.91 -
TRINITY_DN10292_c0_g1_i1:531-716    -             62 601967at33208        -            137   2.6e-14   52.5   0.3   1   1   2.4e-16   2.8e-14   52.4   0.3     8    71     2    62     1    62 0.96 -
TRINITY_DN143618_c0_g1_i1:45-2126   -            694 601967at33208        -            137   3.7e-14   52.0   0.5   1   1   3.1e-16   3.7e-14   52.0   0.5    10    76     4    71     1    75 0.93 -
TRINITY_DN8590_c0_g1_i1:171-512     -            114 601967at33208        -            137   6.3e-14   51.3   2.8   1   1   6.3e-16   7.6e-14   51.0   2.8    11    90     1    79     1    88 0.89 -
TRINITY_DN11502_c0_g1_i1:216-1271   -            352 601967at33208        -            137   1.3e-13   50.3   1.0   1   1   1.8e-15   2.2e-13   49.5   1.0     9    66   280   339   275   350 0.87 -
TRINITY_DN8671_c0_g2_i2:156-311     -             52 601967at33208        -            137   2.1e-12   46.4   0.0   1   1   1.8e-14   2.2e-12   46.3   0.0    11    63     1    52     1    52 0.94 -
TRINITY_DN18653_c0_g1_i1:229-411    -             61 601967at33208        -            137   2.7e-12   46.0   0.2   1   1   2.4e-14   2.9e-12   45.9   0.2    11    71     1    61     1    61 0.99 -
TRINITY_DN5037_c0_g1_i2:46-795      -            250 601967at33208        -            137   3.6e-12   45.6   0.1   1   2   2.9e-14   3.6e-12   45.6   0.1     5    72    13    82     9    86 0.89 -
TRINITY_DN5037_c0_g1_i2:46-795      -            250 601967at33208        -            137   3.6e-12   45.6   0.1   2   2       9.8   1.2e+03   -1.4   0.3    99   109   194   204   175   230 0.52 -
TRINITY_DN5037_c0_g1_i3:46-795      -            250 601967at33208        -            137   3.6e-12   45.6   0.1   1   2   2.9e-14   3.6e-12   45.6   0.1     5    72    13    82     9    86 0.89 -
TRINITY_DN5037_c0_g1_i3:46-795      -            250 601967at33208        -            137   3.6e-12   45.6   0.1   2   2       9.8   1.2e+03   -1.4   0.3    99   109   194   204   175   230 0.52 -
TRINITY_DN5037_c0_g1_i4:46-795      -            250 601967at33208        -            137   3.6e-12   45.6   0.1   1   2   2.9e-14   3.6e-12   45.6   0.1     5    72    13    82     9    86 0.89 -
TRINITY_DN5037_c0_g1_i4:46-795      -            250 601967at33208        -            137   3.6e-12   45.6   0.1   2   2       9.8   1.2e+03   -1.4   0.3    99   109   194   204   175   230 0.52 -
TRINITY_DN5037_c0_g1_i5:46-795      -            250 601967at33208        -            137   3.6e-12   45.6   0.1   1   2   2.9e-14   3.6e-12   45.6   0.1     5    72    13    82     9    86 0.89 -
TRINITY_DN5037_c0_g1_i5:46-795      -            250 601967at33208        -            137   3.6e-12   45.6   0.1   2   2       9.8   1.2e+03   -1.4   0.3    99   109   194   204   175   230 0.52 -
TRINITY_DN1754_c0_g1_i2:708-902     -             65 601967at33208        -            137   1.2e-09   37.5   0.0   1   1   1.1e-11   1.3e-09   37.3   0.0     6    61    11    65     6    65 0.88 -
TRINITY_DN1754_c0_g1_i4:720-914     -             65 601967at33208        -            137   1.2e-09   37.5   0.0   1   1   1.1e-11   1.3e-09   37.3   0.0     6    61    11    65     6    65 0.88 -
TRINITY_DN6244_c0_g1_i1:393-554     -             54 601967at33208        -            137   4.2e-09   35.7   0.0   1   1   3.8e-11   4.7e-09   35.5   0.0    13    61     1    53     1    54 0.84 -
TRINITY_DN6244_c0_g1_i2:393-554     -             54 601967at33208        -            137   4.2e-09   35.7   0.0   1   1   3.8e-11   4.7e-09   35.5   0.0    13    61     1    53     1    54 0.84 -
TRINITY_DN6244_c0_g1_i3:393-554     -             54 601967at33208        -            137   4.2e-09   35.7   0.0   1   1   3.8e-11   4.7e-09   35.5   0.0    13    61     1    53     1    54 0.84 -
TRINITY_DN6390_c0_g1_i1:199-1656    -            486 601967at33208        -            137   1.7e-08   33.7   0.2   1   1   1.4e-10   1.7e-08   33.7   0.2    22    77     4    58     1    64 0.89 -
TRINITY_DN2648_c0_g1_i1:457-732     -             92 601967at33208        -            137   4.2e-07   29.2   0.0   1   1     4e-09   4.8e-07   29.0   0.0     9    73     5    65     1    77 0.89 -
TRINITY_DN2648_c0_g1_i2:457-732     -             92 601967at33208        -            137   4.2e-07   29.2   0.0   1   1     4e-09   4.8e-07   29.0   0.0     9    73     5    65     1    77 0.89 -
TRINITY_DN3461_c0_g1_i11:266-949    -            228 601967at33208        -            137   7.1e-06   25.2   0.3   1   1   5.9e-08   7.1e-06   25.2   0.3    11    66    33    89    27    95 0.91 -
TRINITY_DN6459_c1_g2_i5:198-6128    -           1977 601967at33208        -            137   7.4e-06   25.1   0.1   1   1   2.4e-07   2.9e-05   23.2   0.1    11    71  1285  1344  1278  1353 0.82 -
TRINITY_DN3461_c0_g1_i8:71-814      -            248 601967at33208        -            137   8.1e-06   25.0   0.3   1   1   6.7e-08   8.1e-06   25.0   0.3    11    66    53   109    47   116 0.91 -
TRINITY_DN3461_c0_g1_i2:71-814      -            248 601967at33208        -            137   8.3e-06   25.0   0.3   1   1   6.9e-08   8.3e-06   25.0   0.3    11    66    53   109    47   115 0.91 -
TRINITY_DN3461_c0_g1_i5:71-814      -            248 601967at33208        -            137   8.3e-06   25.0   0.3   1   1   6.9e-08   8.3e-06   25.0   0.3    11    66    53   109    47   115 0.91 -
TRINITY_DN6459_c1_g2_i2:0-2882      -            961 601967at33208        -            137   9.7e-06   24.8   1.3   1   1     1e-07   1.2e-05   24.4   0.1    10    71    28    88    22    97 0.82 -
#
# Program:         hmmsearch
# Version:         3.1b2 (February 2015)
# Pipeline mode:   SEARCH
# Query file:      /busco_wd/busco_downloads/lineages/metazoa_odb10/hmms/601967at33208.hmm
# Target file:     /busco_wd/BUSCO/run_metazoa_odb10/metaeuk_output/initial_results/Trinity.fasta.modified.fas
# Option settings: hmmsearch --domtblout /busco_wd/BUSCO/run_metazoa_odb10/hmmer_output/initial_run_results/601967at33208.out --cpu 1 /busco_wd/busco_downloads/lineages/metazoa_odb10/hmms/601967at33208.hmm /busco_wd/BUSCO/run_metazoa_odb10/metaeuk_output/initial_results/Trinity.fasta.modified.fas 
# Current dir:     /busco_wd
# Date:            Tue Nov 23 09:04:20 2021
# [ok]
