#                                                                                       --- full sequence --- -------------- this domain -------------   hmm coord   ali coord   env coord
# target name                   accession   tlen query name           accession   qlen   E-value  score  bias   #  of  c-Evalue  i-Evalue  score  bias  from    to  from    to  from    to  acc description of target
#           ------------------- ---------- ----- -------------------- ---------- ----- --------- ------ ----- --- --- --------- --------- ------ ----- ----- ----- ----- ----- ----- ----- ---- ---------------------
TRINITY_DN11570_c0_g1_i1:49-456 -            136 608924at33208        -            119   1.5e-52  175.7  14.0   1   1   2.8e-55   3.7e-52  174.5  14.0     1   119     1   136     1   136 0.89 -
TRINITY_DN11570_c0_g1_i3:49-456 -            136 608924at33208        -            119   1.5e-52  175.7  14.0   1   1   2.8e-55   3.7e-52  174.5  14.0     1   119     1   136     1   136 0.89 -
TRINITY_DN119983_c0_g1_i1:2-424 -            141 608924at33208        -            119   1.6e-42  143.4   6.2   1   1   2.6e-45   3.5e-42  142.3   6.2     3   117    10   141     8   141 0.86 -
TRINITY_DN1485_c0_g1_i4:124-750 -            209 608924at33208        -            119     0.013   14.6   2.7   1   1   8.1e-05      0.11   11.7   2.7     3    32    93   122    91   193 0.88 -
TRINITY_DN1485_c0_g1_i2:0-698   -            233 608924at33208        -            119     0.017   14.2   2.6   1   1   9.6e-05      0.13   11.4   2.6     3    32    90   119    88   189 0.88 -
TRINITY_DN1485_c0_g1_i3:0-698   -            233 608924at33208        -            119     0.017   14.2   2.6   1   1   9.6e-05      0.13   11.4   2.6     3    32    90   119    88   189 0.88 -
TRINITY_DN4_c1_g1_i1:2-427      -            142 608924at33208        -            119     0.062   12.4   3.3   1   1   0.00036      0.47    9.6   3.1     8    32     2    26     1    97 0.86 -
#
# Program:         hmmsearch
# Version:         3.1b2 (February 2015)
# Pipeline mode:   SEARCH
# Query file:      /busco_wd/busco_downloads/lineages/metazoa_odb10/hmms/608924at33208.hmm
# Target file:     /busco_wd/BUSCO/run_metazoa_odb10/metaeuk_output/initial_results/Trinity.fasta.modified.fas
# Option settings: hmmsearch --domtblout /busco_wd/BUSCO/run_metazoa_odb10/hmmer_output/initial_run_results/608924at33208.out --cpu 1 /busco_wd/busco_downloads/lineages/metazoa_odb10/hmms/608924at33208.hmm /busco_wd/BUSCO/run_metazoa_odb10/metaeuk_output/initial_results/Trinity.fasta.modified.fas 
# Current dir:     /busco_wd
# Date:            Tue Nov 23 09:04:21 2021
# [ok]
