#                                                                                           --- full sequence --- -------------- this domain -------------   hmm coord   ali coord   env coord
# target name                       accession   tlen query name           accession   qlen   E-value  score  bias   #  of  c-Evalue  i-Evalue  score  bias  from    to  from    to  from    to  acc description of target
#               ------------------- ---------- ----- -------------------- ---------- ----- --------- ------ ----- --- --- --------- --------- ------ ----- ----- ----- ----- ----- ----- ----- ---- ---------------------
TRINITY_DN3461_c0_g1_i8:71-814      -            248 611258at33208        -            189   1.7e-54  183.2  31.3   1   1   1.9e-55   2.6e-53  179.4  31.3     1   182    16   224    16   244 0.83 -
TRINITY_DN3461_c0_g1_i2:71-814      -            248 611258at33208        -            189   2.3e-54  182.8  31.5   1   1     3e-55   3.9e-53  178.8  31.5     1   182    16   224    16   244 0.83 -
TRINITY_DN3461_c0_g1_i5:71-814      -            248 611258at33208        -            189   2.3e-54  182.8  31.5   1   1     3e-55   3.9e-53  178.8  31.5     1   182    16   224    16   244 0.83 -
TRINITY_DN3461_c0_g1_i11:266-949    -            228 611258at33208        -            189   4.4e-52  175.3  32.5   1   1   6.2e-53   8.1e-51  171.2  32.5     6   182     1   204     1   224 0.83 -
TRINITY_DN5304_c0_g1_i1:1215-1409   -             65 611258at33208        -            189   1.3e-07   30.3   0.3   1   1     1e-09   1.4e-07   30.2   0.3    45    82    12    50     2    62 0.84 -
TRINITY_DN5304_c0_g1_i4:1221-1415   -             65 611258at33208        -            189   1.3e-07   30.3   0.3   1   1     1e-09   1.4e-07   30.2   0.3    45    82    12    50     2    62 0.84 -
TRINITY_DN15077_c0_g1_i1:811-1077   -             89 611258at33208        -            189   4.3e-07   28.6   0.2   1   1   3.8e-09     5e-07   28.4   0.2    35    82    16    66    13    83 0.87 -
TRINITY_DN15077_c0_g1_i2:751-1050   -            100 611258at33208        -            189   5.3e-07   28.3   0.1   1   1   4.8e-09   6.3e-07   28.1   0.1    35    82     7    57     5    81 0.88 -
TRINITY_DN459_c0_g1_i1:3065-3409    -            115 611258at33208        -            189   1.2e-06   27.2   1.7   1   1   8.9e-09   1.2e-06   27.2   1.7    38    86    27    78    14    98 0.82 -
TRINITY_DN459_c0_g1_i5:3064-3408    -            115 611258at33208        -            189   1.2e-06   27.2   1.7   1   1   8.9e-09   1.2e-06   27.2   1.7    38    86    27    78    14    98 0.82 -
TRINITY_DN117974_c0_g1_i1:45-785    -            247 611258at33208        -            189   1.6e-06   26.7   0.1   1   1   1.8e-08   2.3e-06   26.2   0.1    38    88     2    58     1    70 0.77 -
TRINITY_DN11502_c0_g1_i1:216-1271   -            352 611258at33208        -            189   3.5e-06   25.7   0.8   1   1   4.4e-08   5.8e-06   24.9   0.8    36    84   280   333   277   347 0.79 -
TRINITY_DN973_c0_g1_i1:1871-2947    -            359 611258at33208        -            189   3.6e-06   25.6   0.8   1   1   5.1e-08   6.7e-06   24.7   0.8    47   105    39    91    24    97 0.80 -
TRINITY_DN973_c0_g1_i2:1820-2896    -            359 611258at33208        -            189   3.6e-06   25.6   0.8   1   1   5.1e-08   6.7e-06   24.7   0.8    47   105    39    91    24    97 0.80 -
TRINITY_DN973_c0_g1_i3:1857-2933    -            359 611258at33208        -            189   3.6e-06   25.6   0.8   1   1   5.1e-08   6.7e-06   24.7   0.8    47   105    39    91    24    97 0.80 -
TRINITY_DN973_c0_g1_i4:1834-2910    -            359 611258at33208        -            189   3.6e-06   25.6   0.8   1   1   5.1e-08   6.7e-06   24.7   0.8    47   105    39    91    24    97 0.80 -
TRINITY_DN8671_c0_g2_i4:141-764     -            208 611258at33208        -            189   9.4e-06   24.2   0.1   1   1     1e-07   1.3e-05   23.8   0.1    37   111     5    75     2    93 0.76 -
TRINITY_DN2648_c0_g1_i1:457-732     -             92 611258at33208        -            189   9.6e-06   24.2   0.0   1   1   9.4e-08   1.2e-05   23.9   0.0    32    83     1    51     1    66 0.74 -
TRINITY_DN2648_c0_g1_i2:457-732     -             92 611258at33208        -            189   9.6e-06   24.2   0.0   1   1   9.4e-08   1.2e-05   23.9   0.0    32    83     1    51     1    66 0.74 -
TRINITY_DN12163_c0_g1_i1:65-1045    -            327 611258at33208        -            189   1.8e-05   23.3   0.6   1   1   2.3e-07   3.1e-05   22.6   0.6    39    87     6    62     2    73 0.66 -
TRINITY_DN8671_c0_g2_i2:156-311     -             52 611258at33208        -            189   4.6e-05   22.0   0.0   1   1   3.5e-07   4.6e-05   22.0   0.0    44    83    10    48     1    51 0.79 -
TRINITY_DN6244_c0_g1_i1:393-554     -             54 611258at33208        -            189   5.8e-05   21.7   0.1   1   1   4.5e-07   5.9e-05   21.6   0.1    45    84     9    52     2    54 0.80 -
TRINITY_DN6244_c0_g1_i2:393-554     -             54 611258at33208        -            189   5.8e-05   21.7   0.1   1   1   4.5e-07   5.9e-05   21.6   0.1    45    84     9    52     2    54 0.80 -
TRINITY_DN6244_c0_g1_i3:393-554     -             54 611258at33208        -            189   5.8e-05   21.7   0.1   1   1   4.5e-07   5.9e-05   21.6   0.1    45    84     9    52     2    54 0.80 -
TRINITY_DN712_c0_g1_i11:224-577     -            118 611258at33208        -            189     7e-05   21.4   0.4   1   1   7.4e-07   9.8e-05   20.9   0.4    38   101    28    87    21    99 0.68 -
TRINITY_DN712_c0_g1_i12:224-577     -            118 611258at33208        -            189     7e-05   21.4   0.4   1   1   7.4e-07   9.8e-05   20.9   0.4    38   101    28    87    21    99 0.68 -
TRINITY_DN712_c0_g1_i13:224-577     -            118 611258at33208        -            189     7e-05   21.4   0.4   1   1   7.4e-07   9.8e-05   20.9   0.4    38   101    28    87    21    99 0.68 -
TRINITY_DN712_c0_g1_i2:224-577      -            118 611258at33208        -            189     7e-05   21.4   0.4   1   1   7.4e-07   9.8e-05   20.9   0.4    38   101    28    87    21    99 0.68 -
TRINITY_DN712_c0_g1_i3:224-577      -            118 611258at33208        -            189     7e-05   21.4   0.4   1   1   7.4e-07   9.8e-05   20.9   0.4    38   101    28    87    21    99 0.68 -
TRINITY_DN6011_c0_g1_i11:8-1024     -            339 611258at33208        -            189   0.00011   20.8   0.1   1   1   1.7e-06   0.00022   19.8   0.1    45    74    20    48     8    72 0.67 -
TRINITY_DN6011_c0_g1_i12:1132-2187  -            352 611258at33208        -            189   0.00012   20.7   0.1   1   1   1.8e-06   0.00024   19.7   0.1    45    74    20    48     8    72 0.67 -
TRINITY_DN6011_c0_g1_i1:1130-2185   -            352 611258at33208        -            189   0.00012   20.7   0.1   1   1   1.8e-06   0.00024   19.7   0.1    45    74    20    48     8    72 0.67 -
TRINITY_DN6011_c0_g1_i4:1132-2187   -            352 611258at33208        -            189   0.00012   20.7   0.1   1   1   1.8e-06   0.00024   19.7   0.1    45    74    20    48     8    72 0.67 -
TRINITY_DN6011_c0_g1_i5:1132-2187   -            352 611258at33208        -            189   0.00012   20.7   0.1   1   1   1.8e-06   0.00024   19.7   0.1    45    74    20    48     8    72 0.67 -
TRINITY_DN1245_c0_g1_i10:1299-1592  -             98 611258at33208        -            189   0.00015   20.4   1.3   1   1   1.1e-06   0.00015   20.3   1.3    45    81    14    51     2    79 0.72 -
TRINITY_DN1245_c0_g1_i15:1299-1592  -             98 611258at33208        -            189   0.00015   20.4   1.3   1   1   1.1e-06   0.00015   20.3   1.3    45    81    14    51     2    79 0.72 -
TRINITY_DN1245_c0_g1_i3:1299-1592   -             98 611258at33208        -            189   0.00015   20.4   1.3   1   1   1.1e-06   0.00015   20.3   1.3    45    81    14    51     2    79 0.72 -
TRINITY_DN1245_c0_g1_i5:1299-1592   -             98 611258at33208        -            189   0.00015   20.4   1.3   1   1   1.1e-06   0.00015   20.3   1.3    45    81    14    51     2    79 0.72 -
TRINITY_DN1245_c0_g1_i6:1299-1592   -             98 611258at33208        -            189   0.00015   20.4   1.3   1   1   1.1e-06   0.00015   20.3   1.3    45    81    14    51     2    79 0.72 -
TRINITY_DN1245_c0_g1_i9:1299-1592   -             98 611258at33208        -            189   0.00015   20.4   1.3   1   1   1.1e-06   0.00015   20.3   1.3    45    81    14    51     2    79 0.72 -
TRINITY_DN1969_c0_g1_i2:1232-1432   -             67 611258at33208        -            189   0.00016   20.3   2.7   1   1   1.3e-06   0.00017   20.2   2.7    40    97     7    63     2    67 0.74 -
TRINITY_DN143618_c0_g1_i1:45-2126   -            694 611258at33208        -            189   0.00022   19.8   0.0   1   2   1.7e-06   0.00022   19.8   0.0    37    82     4    53     2    60 0.83 -
TRINITY_DN143618_c0_g1_i1:45-2126   -            694 611258at33208        -            189   0.00022   19.8   0.0   2   2       5.1   6.7e+02   -1.4   0.4    79   103   298   322   280   361 0.63 -
TRINITY_DN9465_c0_g1_i1:43-696      -            218 611258at33208        -            189   0.00036   19.1   3.9   1   1   6.6e-06   0.00087   17.8   4.2    37   141     6   112     2   116 0.63 -
TRINITY_DN9628_c0_g1_i1:199-1218    -            340 611258at33208        -            189   0.00045   18.8   1.3   1   2   2.4e-05    0.0031   16.0   0.2    39    82    13    58     3    75 0.70 -
TRINITY_DN9628_c0_g1_i1:199-1218    -            340 611258at33208        -            189   0.00045   18.8   1.3   2   2      0.65        86    1.5   0.1    51    97   204   250   191   265 0.83 -
TRINITY_DN7451_c0_g1_i1:87-956      -            290 611258at33208        -            189   0.00073   18.1   0.0   1   2   5.6e-06   0.00073   18.1   0.0    36    82     1    50     1    54 0.83 -
TRINITY_DN7451_c0_g1_i1:87-956      -            290 611258at33208        -            189   0.00073   18.1   0.0   2   2         7   9.2e+02   -1.8  17.1    70   168    56   160    44   167 0.61 -
TRINITY_DN7451_c0_g1_i2:87-956      -            290 611258at33208        -            189   0.00073   18.1   0.0   1   3   5.6e-06   0.00073   18.1   0.0    36    82     1    50     1    54 0.83 -
TRINITY_DN7451_c0_g1_i2:87-956      -            290 611258at33208        -            189   0.00073   18.1   0.0   2   3         7   9.2e+02   -1.8  17.1    70   168    56   160    44   167 0.61 -
TRINITY_DN7451_c0_g1_i2:87-956      -            290 611258at33208        -            189   0.00073   18.1   0.0   3   3       6.4   8.5e+02   -1.7   0.1   134   147   272   285   246   290 0.76 -
TRINITY_DN7451_c0_g1_i3:87-956      -            290 611258at33208        -            189   0.00073   18.1   0.0   1   3   5.6e-06   0.00073   18.1   0.0    36    82     1    50     1    54 0.83 -
TRINITY_DN7451_c0_g1_i3:87-956      -            290 611258at33208        -            189   0.00073   18.1   0.0   2   3         7   9.2e+02   -1.8  17.1    70   168    56   160    44   167 0.61 -
TRINITY_DN7451_c0_g1_i3:87-956      -            290 611258at33208        -            189   0.00073   18.1   0.0   3   3       6.3   8.2e+02   -1.7   0.1   134   147   272   285   245   290 0.75 -
TRINITY_DN7451_c0_g1_i5:87-956      -            290 611258at33208        -            189   0.00073   18.1   0.0   1   3   5.6e-06   0.00073   18.1   0.0    36    82     1    50     1    54 0.83 -
TRINITY_DN7451_c0_g1_i5:87-956      -            290 611258at33208        -            189   0.00073   18.1   0.0   2   3         7   9.2e+02   -1.8  17.1    70   168    56   160    44   167 0.61 -
TRINITY_DN7451_c0_g1_i5:87-956      -            290 611258at33208        -            189   0.00073   18.1   0.0   3   3       6.3   8.2e+02   -1.7   0.1   134   147   272   285   245   290 0.75 -
TRINITY_DN13485_c0_g1_i2:1043-1825  -            261 611258at33208        -            189    0.0025   16.3   0.0   1   1     3e-05     0.004   15.7   0.0    44    71    14    41     5    84 0.75 -
TRINITY_DN13485_c0_g1_i10:1043-1909 -            289 611258at33208        -            189    0.0034   15.9   0.1   1   1   4.1e-05    0.0054   15.2   0.1    44    71    14    41     5    73 0.74 -
TRINITY_DN13485_c0_g1_i3:1042-1908  -            289 611258at33208        -            189    0.0034   15.9   0.1   1   1   4.1e-05    0.0054   15.2   0.1    44    71    14    41     5    73 0.74 -
TRINITY_DN6390_c0_g1_i1:199-1656    -            486 611258at33208        -            189    0.0045   15.5   0.1   1   4   3.4e-05    0.0045   15.5   0.1    47    71     5    31     2    58 0.71 -
TRINITY_DN6390_c0_g1_i1:199-1656    -            486 611258at33208        -            189    0.0045   15.5   0.1   2   4       2.7   3.5e+02   -0.4   0.2    86   111   106   132    96   144 0.63 -
TRINITY_DN6390_c0_g1_i1:199-1656    -            486 611258at33208        -            189    0.0045   15.5   0.1   3   4       3.1   4.1e+02   -0.7   2.8    69    94   184   210   171   234 0.50 -
TRINITY_DN6390_c0_g1_i1:199-1656    -            486 611258at33208        -            189    0.0045   15.5   0.1   4   4       2.2   2.9e+02   -0.2   0.7   122   165   374   417   352   441 0.61 -
TRINITY_DN1754_c0_g1_i2:708-902     -             65 611258at33208        -            189    0.0051   15.3   0.0   1   1   4.2e-05    0.0055   15.2   0.0    38    77    16    56     8    63 0.73 -
TRINITY_DN1754_c0_g1_i4:720-914     -             65 611258at33208        -            189    0.0051   15.3   0.0   1   1   4.2e-05    0.0055   15.2   0.0    38    77    16    56     8    63 0.73 -
TRINITY_DN10292_c0_g1_i1:531-716    -             62 611258at33208        -            189    0.0087   14.6   0.0   1   1   6.8e-05    0.0089   14.5   0.0    36    74     3    44     1    60 0.72 -
TRINITY_DN1259_c0_g1_i1:406-1506    -            367 611258at33208        -            189      0.01   14.3   0.1   1   1   0.00014     0.019   13.5   0.1    38    72     2    39     1    61 0.70 -
TRINITY_DN1259_c0_g1_i2:600-1700    -            367 611258at33208        -            189      0.01   14.3   0.1   1   1   0.00014     0.019   13.5   0.1    38    72     2    39     1    61 0.70 -
TRINITY_DN1259_c0_g1_i3:623-1723    -            367 611258at33208        -            189      0.01   14.3   0.1   1   1   0.00014     0.019   13.5   0.1    38    72     2    39     1    61 0.70 -
TRINITY_DN1259_c0_g1_i5:383-1483    -            367 611258at33208        -            189      0.01   14.3   0.1   1   1   0.00014     0.019   13.5   0.1    38    72     2    39     1    61 0.70 -
TRINITY_DN18653_c0_g1_i1:229-411    -             61 611258at33208        -            189     0.017   13.7   0.1   1   1   0.00013     0.017   13.7   0.1    40    83     3    49     1    59 0.80 -
TRINITY_DN3493_c1_g1_i11:311-1318   -            336 611258at33208        -            189     0.031   12.8   0.9   1   1   0.00036     0.047   12.2   0.9    39    83     5    51     2    69 0.61 -
TRINITY_DN3493_c1_g1_i2:311-1333    -            341 611258at33208        -            189     0.032   12.7   0.9   1   1   0.00036     0.048   12.2   0.9    39    83     5    51     2    69 0.61 -
TRINITY_DN3493_c1_g1_i6:311-1333    -            341 611258at33208        -            189     0.032   12.7   0.9   1   1   0.00036     0.048   12.2   0.9    39    83     5    51     2    69 0.61 -
TRINITY_DN3493_c1_g1_i8:311-1333    -            341 611258at33208        -            189     0.032   12.7   0.9   1   1   0.00036     0.048   12.2   0.9    39    83     5    51     2    69 0.61 -
TRINITY_DN3493_c1_g1_i12:311-1333   -            341 611258at33208        -            189     0.032   12.7   0.9   1   1   0.00036     0.048   12.2   0.9    39    83     5    51     2    69 0.61 -
TRINITY_DN6459_c1_g2_i2:0-2882      -            961 611258at33208        -            189      0.08   11.4   0.1   1   1    0.0011      0.15   10.6   0.1    39    82    35    75    24    87 0.82 -
TRINITY_DN134_c0_g1_i1:114-755      -            214 611258at33208        -            189       7.8    4.9  33.9   1   2     0.014       1.9    7.0  21.7    65   155    54   144    38   149 0.85 -
TRINITY_DN134_c0_g1_i1:114-755      -            214 611258at33208        -            189       7.8    4.9  33.9   2   2      0.11        14    4.1   4.1   129   170   152   193   146   209 0.85 -
TRINITY_DN134_c0_g1_i2:109-750      -            214 611258at33208        -            189       7.8    4.9  33.9   1   2     0.014       1.9    7.0  21.7    65   155    54   144    38   149 0.85 -
TRINITY_DN134_c0_g1_i2:109-750      -            214 611258at33208        -            189       7.8    4.9  33.9   2   2      0.11        14    4.1   4.1   129   170   152   193   146   209 0.85 -
TRINITY_DN134_c0_g1_i3:109-750      -            214 611258at33208        -            189       7.8    4.9  33.9   1   2     0.014       1.9    7.0  21.7    65   155    54   144    38   149 0.85 -
TRINITY_DN134_c0_g1_i3:109-750      -            214 611258at33208        -            189       7.8    4.9  33.9   2   2      0.11        14    4.1   4.1   129   170   152   193   146   209 0.85 -
TRINITY_DN134_c0_g1_i5:109-750      -            214 611258at33208        -            189       7.8    4.9  33.9   1   2     0.014       1.9    7.0  21.7    65   155    54   144    38   149 0.85 -
TRINITY_DN134_c0_g1_i5:109-750      -            214 611258at33208        -            189       7.8    4.9  33.9   2   2      0.11        14    4.1   4.1   129   170   152   193   146   209 0.85 -
#
# Program:         hmmsearch
# Version:         3.1b2 (February 2015)
# Pipeline mode:   SEARCH
# Query file:      /busco_wd/busco_downloads/lineages/metazoa_odb10/hmms/611258at33208.hmm
# Target file:     /busco_wd/BUSCO/run_metazoa_odb10/metaeuk_output/initial_results/Trinity.fasta.modified.fas
# Option settings: hmmsearch --domtblout /busco_wd/BUSCO/run_metazoa_odb10/hmmer_output/initial_run_results/611258at33208.out --cpu 1 /busco_wd/busco_downloads/lineages/metazoa_odb10/hmms/611258at33208.hmm /busco_wd/BUSCO/run_metazoa_odb10/metaeuk_output/initial_results/Trinity.fasta.modified.fas 
# Current dir:     /busco_wd
# Date:            Tue Nov 23 09:04:22 2021
# [ok]
