#                                                                                        --- full sequence --- -------------- this domain -------------   hmm coord   ali coord   env coord
# target name                    accession   tlen query name           accession   qlen   E-value  score  bias   #  of  c-Evalue  i-Evalue  score  bias  from    to  from    to  from    to  acc description of target
#            ------------------- ---------- ----- -------------------- ---------- ----- --------- ------ ----- --- --- --------- --------- ------ ----- ----- ----- ----- ----- ----- ----- ---- ---------------------
TRINITY_DN28649_c0_g1_i3:38-1567 -            510 619250at33208        -            126     5e-17   61.1   1.9   1   4    0.0002      0.93    8.5   0.2     3    29   253   281   251   299 0.70 -
TRINITY_DN28649_c0_g1_i3:38-1567 -            510 619250at33208        -            126     5e-17   61.1   1.9   2   4    0.0016       7.4    5.6   0.0    21    44   314   338   306   345 0.82 -
TRINITY_DN28649_c0_g1_i3:38-1567 -            510 619250at33208        -            126     5e-17   61.1   1.9   3   4   4.9e-09   2.3e-05   23.4   0.0    47    81   375   410   371   422 0.89 -
TRINITY_DN28649_c0_g1_i3:38-1567 -            510 619250at33208        -            126     5e-17   61.1   1.9   4   4   7.9e-08   0.00036   19.5   0.0    69   124   454   509   449   510 0.91 -
TRINITY_DN28649_c0_g1_i2:49-1590 -            514 619250at33208        -            126   5.2e-17   61.0   1.9   1   4    0.0002      0.94    8.5   0.2     3    29   257   285   255   303 0.70 -
TRINITY_DN28649_c0_g1_i2:49-1590 -            514 619250at33208        -            126   5.2e-17   61.0   1.9   2   4    0.0016       7.4    5.6   0.0    21    44   318   342   310   349 0.82 -
TRINITY_DN28649_c0_g1_i2:49-1590 -            514 619250at33208        -            126   5.2e-17   61.0   1.9   3   4     5e-09   2.3e-05   23.4   0.0    47    81   379   414   375   426 0.89 -
TRINITY_DN28649_c0_g1_i2:49-1590 -            514 619250at33208        -            126   5.2e-17   61.0   1.9   4   4     8e-08   0.00037   19.5   0.0    69   124   458   513   453   514 0.91 -
#
# Program:         hmmsearch
# Version:         3.1b2 (February 2015)
# Pipeline mode:   SEARCH
# Query file:      /busco_wd/busco_downloads/lineages/metazoa_odb10/hmms/619250at33208.hmm
# Target file:     /busco_wd/BUSCO/run_metazoa_odb10/metaeuk_output/initial_results/Trinity.fasta.modified.fas
# Option settings: hmmsearch --domtblout /busco_wd/BUSCO/run_metazoa_odb10/hmmer_output/initial_run_results/619250at33208.out --cpu 1 /busco_wd/busco_downloads/lineages/metazoa_odb10/hmms/619250at33208.hmm /busco_wd/BUSCO/run_metazoa_odb10/metaeuk_output/initial_results/Trinity.fasta.modified.fas 
# Current dir:     /busco_wd
# Date:            Tue Nov 23 09:04:23 2021
# [ok]
