#                                                                                       --- full sequence --- -------------- this domain -------------   hmm coord   ali coord   env coord
# target name                   accession   tlen query name           accession   qlen   E-value  score  bias   #  of  c-Evalue  i-Evalue  score  bias  from    to  from    to  from    to  acc description of target
#           ------------------- ---------- ----- -------------------- ---------- ----- --------- ------ ----- --- --- --------- --------- ------ ----- ----- ----- ----- ----- ----- ----- ---- ---------------------
TRINITY_DN7671_c0_g1_i1:83-3367 -           1095 64435at33208         -            477   1.4e-71  240.6  20.9   1   5     0.094   2.9e+02   -1.1   0.0    13    39   233   259   221   273 0.76 -
TRINITY_DN7671_c0_g1_i1:83-3367 -           1095 64435at33208         -            477   1.4e-71  240.6  20.9   2   5   1.3e-36   3.9e-33  113.9   1.0    49   222   368   560   343   565 0.87 -
TRINITY_DN7671_c0_g1_i1:83-3367 -           1095 64435at33208         -            477   1.4e-71  240.6  20.9   3   5     0.087   2.7e+02   -1.0   0.1   207   232   569   594   566   621 0.67 -
TRINITY_DN7671_c0_g1_i1:83-3367 -           1095 64435at33208         -            477   1.4e-71  240.6  20.9   4   5   8.3e-33   2.5e-29  101.3   0.2   266   391   698   847   696   886 0.82 -
TRINITY_DN7671_c0_g1_i1:83-3367 -           1095 64435at33208         -            477   1.4e-71  240.6  20.9   5   5   9.4e-13   2.9e-09   35.2   2.2   404   476   910   999   904  1000 0.81 -
TRINITY_DN7671_c0_g1_i6:83-3367 -           1095 64435at33208         -            477   1.4e-71  240.6  20.9   1   5     0.094   2.9e+02   -1.1   0.0    13    39   233   259   221   273 0.76 -
TRINITY_DN7671_c0_g1_i6:83-3367 -           1095 64435at33208         -            477   1.4e-71  240.6  20.9   2   5   1.3e-36   3.9e-33  113.9   1.0    49   222   368   560   343   565 0.87 -
TRINITY_DN7671_c0_g1_i6:83-3367 -           1095 64435at33208         -            477   1.4e-71  240.6  20.9   3   5     0.087   2.7e+02   -1.0   0.1   207   232   569   594   566   621 0.67 -
TRINITY_DN7671_c0_g1_i6:83-3367 -           1095 64435at33208         -            477   1.4e-71  240.6  20.9   4   5   8.3e-33   2.5e-29  101.3   0.2   266   391   698   847   696   886 0.82 -
TRINITY_DN7671_c0_g1_i6:83-3367 -           1095 64435at33208         -            477   1.4e-71  240.6  20.9   5   5   9.4e-13   2.9e-09   35.2   2.2   404   476   910   999   904  1000 0.81 -
TRINITY_DN7671_c0_g1_i2:83-2527 -            815 64435at33208         -            477   8.7e-55  185.3  11.5   1   4     0.064     2e+02   -0.6   0.0    12    39   232   259   212   273 0.78 -
TRINITY_DN7671_c0_g1_i2:83-2527 -            815 64435at33208         -            477   8.7e-55  185.3  11.5   2   4   7.9e-37   2.4e-33  114.6   1.0    49   222   368   560   343   565 0.87 -
TRINITY_DN7671_c0_g1_i2:83-2527 -            815 64435at33208         -            477   8.7e-55  185.3  11.5   3   4     0.071   2.2e+02   -0.7   0.1   207   231   569   593   566   622 0.67 -
TRINITY_DN7671_c0_g1_i2:83-2527 -            815 64435at33208         -            477   8.7e-55  185.3  11.5   4   4   8.8e-25   2.7e-21   74.8   0.4   266   360   698   806   696   810 0.84 -
#
# Program:         hmmsearch
# Version:         3.1b2 (February 2015)
# Pipeline mode:   SEARCH
# Query file:      /busco_wd/busco_downloads/lineages/metazoa_odb10/hmms/64435at33208.hmm
# Target file:     /busco_wd/BUSCO/run_metazoa_odb10/metaeuk_output/initial_results/Trinity.fasta.modified.fas
# Option settings: hmmsearch --domtblout /busco_wd/BUSCO/run_metazoa_odb10/hmmer_output/initial_run_results/64435at33208.out --cpu 1 /busco_wd/busco_downloads/lineages/metazoa_odb10/hmms/64435at33208.hmm /busco_wd/BUSCO/run_metazoa_odb10/metaeuk_output/initial_results/Trinity.fasta.modified.fas 
# Current dir:     /busco_wd
# Date:            Tue Nov 23 09:04:26 2021
# [ok]
