#                                                                                     --- full sequence --- -------------- this domain -------------   hmm coord   ali coord   env coord
# target name                 accession   tlen query name           accession   qlen   E-value  score  bias   #  of  c-Evalue  i-Evalue  score  bias  from    to  from    to  from    to  acc description of target
#         ------------------- ---------- ----- -------------------- ---------- ----- --------- ------ ----- --- --- --------- --------- ------ ----- ----- ----- ----- ----- ----- ----- ---- ---------------------
TRINITY_DN535_c0_g1_i1:61-717 -            219 648300at33208        -            151   1.4e-25   89.3  44.8   1   3   2.1e-12   2.8e-09   36.4   0.6     1    51    14    64    14    94 0.76 -
TRINITY_DN535_c0_g1_i1:61-717 -            219 648300at33208        -            151   1.4e-25   89.3  44.8   2   3   1.5e-05      0.02   14.2   1.9    46    95   100   147    81   152 0.76 -
TRINITY_DN535_c0_g1_i1:61-717 -            219 648300at33208        -            151   1.4e-25   89.3  44.8   3   3   4.6e-16   6.1e-13   48.3  29.7    89   151   157   219   149   219 0.93 -
TRINITY_DN535_c0_g1_i2:61-717 -            219 648300at33208        -            151   1.4e-25   89.3  44.8   1   3   2.1e-12   2.8e-09   36.4   0.6     1    51    14    64    14    94 0.76 -
TRINITY_DN535_c0_g1_i2:61-717 -            219 648300at33208        -            151   1.4e-25   89.3  44.8   2   3   1.5e-05      0.02   14.2   1.9    46    95   100   147    81   152 0.76 -
TRINITY_DN535_c0_g1_i2:61-717 -            219 648300at33208        -            151   1.4e-25   89.3  44.8   3   3   4.6e-16   6.1e-13   48.3  29.7    89   151   157   219   149   219 0.93 -
TRINITY_DN535_c0_g1_i7:61-717 -            219 648300at33208        -            151   1.4e-25   89.3  44.8   1   3   2.1e-12   2.8e-09   36.4   0.6     1    51    14    64    14    94 0.76 -
TRINITY_DN535_c0_g1_i7:61-717 -            219 648300at33208        -            151   1.4e-25   89.3  44.8   2   3   1.5e-05      0.02   14.2   1.9    46    95   100   147    81   152 0.76 -
TRINITY_DN535_c0_g1_i7:61-717 -            219 648300at33208        -            151   1.4e-25   89.3  44.8   3   3   4.6e-16   6.1e-13   48.3  29.7    89   151   157   219   149   219 0.93 -
TRINITY_DN535_c0_g1_i3:61-717 -            219 648300at33208        -            151     2e-25   88.8  43.8   1   1   1.8e-21   2.3e-18   65.9  43.8     1   151    14   219    14   219 0.77 -
TRINITY_DN535_c0_g1_i6:61-717 -            219 648300at33208        -            151     2e-25   88.8  43.8   1   1   1.8e-21   2.3e-18   65.9  43.8     1   151    14   219    14   219 0.77 -
TRINITY_DN535_c0_g1_i8:61-717 -            219 648300at33208        -            151     2e-25   88.8  43.8   1   1   1.8e-21   2.3e-18   65.9  43.8     1   151    14   219    14   219 0.77 -
TRINITY_DN535_c0_g1_i5:94-432 -            113 648300at33208        -            151   5.4e-10   38.8   3.2   1   1   1.5e-12     2e-09   36.9   3.2     1    48     3    54     3   112 0.68 -
#
# Program:         hmmsearch
# Version:         3.1b2 (February 2015)
# Pipeline mode:   SEARCH
# Query file:      /busco_wd/busco_downloads/lineages/metazoa_odb10/hmms/648300at33208.hmm
# Target file:     /busco_wd/BUSCO/run_metazoa_odb10/metaeuk_output/initial_results/Trinity.fasta.modified.fas
# Option settings: hmmsearch --domtblout /busco_wd/BUSCO/run_metazoa_odb10/hmmer_output/initial_run_results/648300at33208.out --cpu 1 /busco_wd/busco_downloads/lineages/metazoa_odb10/hmms/648300at33208.hmm /busco_wd/BUSCO/run_metazoa_odb10/metaeuk_output/initial_results/Trinity.fasta.modified.fas 
# Current dir:     /busco_wd
# Date:            Tue Nov 23 09:04:26 2021
# [ok]
