#                                                                                          --- full sequence --- -------------- this domain -------------   hmm coord   ali coord   env coord
# target name                      accession   tlen query name           accession   qlen   E-value  score  bias   #  of  c-Evalue  i-Evalue  score  bias  from    to  from    to  from    to  acc description of target
#              ------------------- ---------- ----- -------------------- ---------- ----- --------- ------ ----- --- --- --------- --------- ------ ----- ----- ----- ----- ----- ----- ----- ---- ---------------------
TRINITY_DN2257_c0_g1_i1:96-2507    -            804 75406at33208         -            626  7.2e-170  565.4   6.8   1   2   1.3e-06   0.00019   19.0   0.1    21    73    70   148    54   205 0.76 -
TRINITY_DN2257_c0_g1_i1:96-2507    -            804 75406at33208         -            626  7.2e-170  565.4   6.8   2   2  2.6e-166  3.8e-164  546.5   3.5    90   607   208   780   197   795 0.89 -
TRINITY_DN2257_c0_g1_i6:130-2541   -            804 75406at33208         -            626  8.2e-170  565.2   6.8   1   2   1.3e-06   0.00019   19.0   0.1    21    73    70   148    54   205 0.76 -
TRINITY_DN2257_c0_g1_i6:130-2541   -            804 75406at33208         -            626  8.2e-170  565.2   6.8   2   2    3e-166  4.3e-164  546.3   3.5    90   607   208   780   197   795 0.89 -
TRINITY_DN19979_c0_g1_i1:222-908   -            229 75406at33208         -            626   3.5e-11   41.2   2.0   1   2   1.9e-11   2.8e-09   34.9   2.4   333   465    16   152    12   163 0.86 -
TRINITY_DN19979_c0_g1_i1:222-908   -            229 75406at33208         -            626   3.5e-11   41.2   2.0   2   2     0.043       6.2    4.0   0.0   367   410   186   229   177   229 0.92 -
TRINITY_DN7211_c0_g1_i1:274-1512   -            413 75406at33208         -            626     1e-10   39.7   0.2   1   1   2.4e-12   3.4e-10   37.9   0.2   259   484    73   318    52   348 0.82 -
TRINITY_DN7211_c0_g1_i3:274-1512   -            413 75406at33208         -            626     1e-10   39.7   0.2   1   1   2.4e-12   3.4e-10   37.9   0.2   259   484    73   318    52   348 0.82 -
TRINITY_DN7211_c0_g1_i4:272-1510   -            413 75406at33208         -            626     1e-10   39.7   0.2   1   1   2.4e-12   3.4e-10   37.9   0.2   259   484    73   318    52   348 0.82 -
TRINITY_DN19979_c0_g1_i2:201-2288  -            696 75406at33208         -            626     2e-10   38.7   1.9   1   2   1.9e-10   2.8e-08   31.6   2.3   333   465   460   596   456   605 0.86 -
TRINITY_DN19979_c0_g1_i2:201-2288  -            696 75406at33208         -            626     2e-10   38.7   1.9   2   2     0.033       4.8    4.4   0.0   367   413   630   676   622   692 0.91 -
TRINITY_DN19975_c0_g1_i3:317-1258  -            314 75406at33208         -            626   1.5e-08   32.5   1.0   1   4     0.074        11    3.2   0.1   389   414     2    27     1    33 0.89 -
TRINITY_DN19975_c0_g1_i3:317-1258  -            314 75406at33208         -            626   1.5e-08   32.5   1.0   2   4       1.3   1.9e+02   -0.9   0.1   393   413    43    63    39    99 0.56 -
TRINITY_DN19975_c0_g1_i3:317-1258  -            314 75406at33208         -            626   1.5e-08   32.5   1.0   3   4       2.2   3.3e+02   -1.7   0.0   361   413    81   138    67   141 0.62 -
TRINITY_DN19975_c0_g1_i3:317-1258  -            314 75406at33208         -            626   1.5e-08   32.5   1.0   4   4     1e-10   1.5e-08   32.5   1.0   366   475   170   283   147   287 0.92 -
TRINITY_DN19975_c0_g1_i6:317-1258  -            314 75406at33208         -            626   1.5e-08   32.5   1.0   1   4     0.074        11    3.2   0.1   389   414     2    27     1    33 0.89 -
TRINITY_DN19975_c0_g1_i6:317-1258  -            314 75406at33208         -            626   1.5e-08   32.5   1.0   2   4       1.3   1.9e+02   -0.9   0.1   393   413    43    63    39    99 0.56 -
TRINITY_DN19975_c0_g1_i6:317-1258  -            314 75406at33208         -            626   1.5e-08   32.5   1.0   3   4       2.2   3.3e+02   -1.7   0.0   361   413    81   138    67   141 0.62 -
TRINITY_DN19975_c0_g1_i6:317-1258  -            314 75406at33208         -            626   1.5e-08   32.5   1.0   4   4     1e-10   1.5e-08   32.5   1.0   366   475   170   283   147   287 0.92 -
TRINITY_DN19975_c0_g1_i7:317-1258  -            314 75406at33208         -            626   1.5e-08   32.5   1.0   1   4     0.074        11    3.2   0.1   389   414     2    27     1    33 0.89 -
TRINITY_DN19975_c0_g1_i7:317-1258  -            314 75406at33208         -            626   1.5e-08   32.5   1.0   2   4       1.3   1.9e+02   -0.9   0.1   393   413    43    63    39    99 0.56 -
TRINITY_DN19975_c0_g1_i7:317-1258  -            314 75406at33208         -            626   1.5e-08   32.5   1.0   3   4       2.2   3.3e+02   -1.7   0.0   361   413    81   138    67   141 0.62 -
TRINITY_DN19975_c0_g1_i7:317-1258  -            314 75406at33208         -            626   1.5e-08   32.5   1.0   4   4     1e-10   1.5e-08   32.5   1.0   366   475   170   283   147   287 0.92 -
TRINITY_DN9090_c0_g1_i1:386-3328   -            981 75406at33208         -            626   3.8e-08   31.2   7.0   1   3     0.016       2.3    5.4   0.1   362   447    62   151    35   157 0.90 -
TRINITY_DN9090_c0_g1_i1:386-3328   -            981 75406at33208         -            626   3.8e-08   31.2   7.0   2   3   7.1e-05      0.01   13.2   0.6   330   533   166   375   152   377 0.77 -
TRINITY_DN9090_c0_g1_i1:386-3328   -            981 75406at33208         -            626   3.8e-08   31.2   7.0   3   3   6.7e-06   0.00098   16.6   0.2   333   447   339   457   338   460 0.86 -
TRINITY_DN9090_c0_g1_i2:386-3450   -            981 75406at33208         -            626   3.8e-08   31.2   7.0   1   3     0.016       2.3    5.4   0.1   362   447    62   151    35   157 0.90 -
TRINITY_DN9090_c0_g1_i2:386-3450   -            981 75406at33208         -            626   3.8e-08   31.2   7.0   2   3   7.1e-05      0.01   13.2   0.6   330   533   166   375   152   377 0.77 -
TRINITY_DN9090_c0_g1_i2:386-3450   -            981 75406at33208         -            626   3.8e-08   31.2   7.0   3   3   6.7e-06   0.00098   16.6   0.2   333   447   339   457   338   460 0.86 -
TRINITY_DN6409_c0_g1_i7:1555-2916  -            454 75406at33208         -            626   2.8e-07   28.3   0.6   1   2   1.2e-06   0.00017   19.1   0.2   335   446    28   145    20   238 0.68 -
TRINITY_DN6409_c0_g1_i7:1555-2916  -            454 75406at33208         -            626   2.8e-07   28.3   0.6   2   2    0.0046      0.67    7.2   0.0   412   445   387   420   356   424 0.74 -
TRINITY_DN6409_c0_g1_i2:1555-2940  -            462 75406at33208         -            626   3.3e-07   28.1   0.7   1   2   1.2e-06   0.00017   19.1   0.2   335   446    28   145    20   238 0.68 -
TRINITY_DN6409_c0_g1_i2:1555-2940  -            462 75406at33208         -            626   3.3e-07   28.1   0.7   2   2    0.0046      0.67    7.2   0.0   412   445   394   427   363   432 0.74 -
TRINITY_DN6409_c0_g1_i3:1555-2940  -            462 75406at33208         -            626   3.3e-07   28.1   0.7   1   2   1.2e-06   0.00017   19.1   0.2   335   446    28   145    20   238 0.68 -
TRINITY_DN6409_c0_g1_i3:1555-2940  -            462 75406at33208         -            626   3.3e-07   28.1   0.7   2   2    0.0046      0.67    7.2   0.0   412   445   394   427   363   432 0.74 -
TRINITY_DN6409_c0_g1_i6:1555-2916  -            454 75406at33208         -            626   4.2e-07   27.7   0.4   1   2   1.9e-06   0.00027   18.4   0.2   337   447    30   146    23   240 0.70 -
TRINITY_DN6409_c0_g1_i6:1555-2916  -            454 75406at33208         -            626   4.2e-07   27.7   0.4   2   2    0.0046      0.67    7.2   0.0   412   445   387   420   356   424 0.74 -
TRINITY_DN3631_c0_g2_i1:427-2307   -            627 75406at33208         -            626   4.2e-06   24.4   0.5   1   2       1.2   1.7e+02   -0.7   0.0   361   411   481   530   479   536 0.85 -
TRINITY_DN3631_c0_g2_i1:427-2307   -            627 75406at33208         -            626   4.2e-06   24.4   0.5   2   2     1e-07   1.5e-05   22.6   0.1   236   301   538   606   533   614 0.83 -
TRINITY_DN3631_c0_g2_i2:448-2328   -            627 75406at33208         -            626   4.2e-06   24.4   0.5   1   2       1.2   1.7e+02   -0.7   0.0   361   411   481   530   479   536 0.85 -
TRINITY_DN3631_c0_g2_i2:448-2328   -            627 75406at33208         -            626   4.2e-06   24.4   0.5   2   2     1e-07   1.5e-05   22.6   0.1   236   301   538   606   533   614 0.83 -
TRINITY_DN4188_c0_g1_i1:1203-1979  -            259 75406at33208         -            626     3e-05   21.6   0.4   1   1   2.7e-07   3.9e-05   21.2   0.4   360   415    47   102    16   106 0.83 -
TRINITY_DN4188_c0_g1_i2:1203-1979  -            259 75406at33208         -            626     3e-05   21.6   0.4   1   1   2.7e-07   3.9e-05   21.2   0.4   360   415    47   102    16   106 0.83 -
TRINITY_DN4188_c0_g1_i3:1203-1979  -            259 75406at33208         -            626     3e-05   21.6   0.4   1   1   2.7e-07   3.9e-05   21.2   0.4   360   415    47   102    16   106 0.83 -
TRINITY_DN2818_c1_g3_i1:726-1445   -            240 75406at33208         -            626   9.8e-05   19.9   2.8   1   3   0.00075      0.11    9.8   0.1   336   382    18    64    15    68 0.91 -
TRINITY_DN2818_c1_g3_i1:726-1445   -            240 75406at33208         -            626   9.8e-05   19.9   2.8   2   3     0.004      0.58    7.4   0.3   361   484    84   203    68   208 0.67 -
TRINITY_DN2818_c1_g3_i1:726-1445   -            240 75406at33208         -            626   9.8e-05   19.9   2.8   3   3     0.058       8.5    3.6   0.0   362   415   145   198   130   237 0.65 -
TRINITY_DN1969_c0_g1_i10:1469-1768 -            100 75406at33208         -            626     0.001   16.6   0.1   1   1   1.4e-05     0.002   15.6   0.1   363   414    45    96    11    99 0.87 -
TRINITY_DN1969_c0_g1_i11:1501-1800 -            100 75406at33208         -            626     0.001   16.6   0.1   1   1   1.4e-05     0.002   15.6   0.1   363   414    45    96    11    99 0.87 -
TRINITY_DN1969_c0_g1_i12:1468-1767 -            100 75406at33208         -            626     0.001   16.6   0.1   1   1   1.4e-05     0.002   15.6   0.1   363   414    45    96    11    99 0.87 -
TRINITY_DN1969_c0_g1_i4:1469-1768  -            100 75406at33208         -            626     0.001   16.6   0.1   1   1   1.4e-05     0.002   15.6   0.1   363   414    45    96    11    99 0.87 -
TRINITY_DN1969_c0_g1_i7:1500-1799  -            100 75406at33208         -            626     0.001   16.6   0.1   1   1   1.4e-05     0.002   15.6   0.1   363   414    45    96    11    99 0.87 -
TRINITY_DN23894_c0_g1_i2:641-1096  -            152 75406at33208         -            626    0.0012   16.3   0.4   1   1   9.7e-06    0.0014   16.1   0.4   346   444    12   109     9   144 0.87 -
TRINITY_DN7100_c0_g1_i1:436-2031   -            532 75406at33208         -            626    0.0013   16.2   0.8   1   2      0.72     1e+02   -0.0   0.1   432   469   163   200   156   220 0.86 -
TRINITY_DN7100_c0_g1_i1:436-2031   -            532 75406at33208         -            626    0.0013   16.2   0.8   2   2   8.7e-06    0.0013   16.2   0.8   361   444   318   405   304   520 0.84 -
TRINITY_DN7100_c0_g1_i2:435-2030   -            532 75406at33208         -            626    0.0013   16.2   0.8   1   2      0.72     1e+02   -0.0   0.1   432   469   163   200   156   220 0.86 -
TRINITY_DN7100_c0_g1_i2:435-2030   -            532 75406at33208         -            626    0.0013   16.2   0.8   2   2   8.7e-06    0.0013   16.2   0.8   361   444   318   405   304   520 0.84 -
TRINITY_DN7100_c0_g1_i4:435-2030   -            532 75406at33208         -            626    0.0013   16.2   0.8   1   2      0.72     1e+02   -0.0   0.1   432   469   163   200   156   220 0.86 -
TRINITY_DN7100_c0_g1_i4:435-2030   -            532 75406at33208         -            626    0.0013   16.2   0.8   2   2   8.7e-06    0.0013   16.2   0.8   361   444   318   405   304   520 0.84 -
TRINITY_DN7100_c0_g1_i5:435-2030   -            532 75406at33208         -            626    0.0013   16.2   0.8   1   2      0.72     1e+02   -0.0   0.1   432   469   163   200   156   220 0.86 -
TRINITY_DN7100_c0_g1_i5:435-2030   -            532 75406at33208         -            626    0.0013   16.2   0.8   2   2   8.7e-06    0.0013   16.2   0.8   361   444   318   405   304   520 0.84 -
TRINITY_DN8548_c0_g1_i2:1082-4159  -           1026 75406at33208         -            626     0.003   15.0   0.6   1   2     0.011       1.6    6.0   0.2   336   382   306   352   303   379 0.80 -
TRINITY_DN8548_c0_g1_i2:1082-4159  -           1026 75406at33208         -            626     0.003   15.0   0.6   2   2    0.0057      0.83    6.9   0.0   362   413   589   641   585   674 0.87 -
TRINITY_DN8548_c0_g1_i3:480-3557   -           1026 75406at33208         -            626     0.003   15.0   0.6   1   2     0.011       1.6    6.0   0.2   336   382   306   352   303   379 0.80 -
TRINITY_DN8548_c0_g1_i3:480-3557   -           1026 75406at33208         -            626     0.003   15.0   0.6   2   2    0.0057      0.83    6.9   0.0   362   413   589   641   585   674 0.87 -
TRINITY_DN8548_c0_g1_i4:1199-4276  -           1026 75406at33208         -            626     0.003   15.0   0.6   1   2     0.011       1.6    6.0   0.2   336   382   306   352   303   379 0.80 -
TRINITY_DN8548_c0_g1_i4:1199-4276  -           1026 75406at33208         -            626     0.003   15.0   0.6   2   2    0.0057      0.83    6.9   0.0   362   413   589   641   585   674 0.87 -
TRINITY_DN8548_c0_g1_i5:403-3480   -           1026 75406at33208         -            626     0.003   15.0   0.6   1   2     0.011       1.6    6.0   0.2   336   382   306   352   303   379 0.80 -
TRINITY_DN8548_c0_g1_i5:403-3480   -           1026 75406at33208         -            626     0.003   15.0   0.6   2   2    0.0057      0.83    6.9   0.0   362   413   589   641   585   674 0.87 -
TRINITY_DN8548_c0_g1_i6:1192-4269  -           1026 75406at33208         -            626     0.003   15.0   0.6   1   2     0.011       1.6    6.0   0.2   336   382   306   352   303   379 0.80 -
TRINITY_DN8548_c0_g1_i6:1192-4269  -           1026 75406at33208         -            626     0.003   15.0   0.6   2   2    0.0057      0.83    6.9   0.0   362   413   589   641   585   674 0.87 -
TRINITY_DN142352_c0_g1_i1:2-277    -             92 75406at33208         -            626    0.0032   14.9   0.2   1   2   0.00034      0.05   10.9   0.0   363   415     3    55     1    57 0.92 -
TRINITY_DN142352_c0_g1_i1:2-277    -             92 75406at33208         -            626    0.0032   14.9   0.2   2   2      0.17        24    2.1   0.0   391   414    65    88    61    90 0.87 -
TRINITY_DN6860_c0_g1_i12:1083-1565 -            161 75406at33208         -            626    0.0033   14.9   1.2   1   2     0.019       2.7    5.2   0.1   416   446    26    56     5    84 0.73 -
TRINITY_DN6860_c0_g1_i12:1083-1565 -            161 75406at33208         -            626    0.0033   14.9   1.2   2   2    0.0013      0.19    9.0   0.2   303   341   106   144   101   157 0.84 -
TRINITY_DN6860_c0_g1_i17:1083-1565 -            161 75406at33208         -            626    0.0033   14.9   1.2   1   2     0.019       2.7    5.2   0.1   416   446    26    56     5    84 0.73 -
TRINITY_DN6860_c0_g1_i17:1083-1565 -            161 75406at33208         -            626    0.0033   14.9   1.2   2   2    0.0013      0.19    9.0   0.2   303   341   106   144   101   157 0.84 -
TRINITY_DN6860_c0_g1_i1:1249-1731  -            161 75406at33208         -            626    0.0033   14.9   1.2   1   2     0.019       2.7    5.2   0.1   416   446    26    56     5    84 0.73 -
TRINITY_DN6860_c0_g1_i1:1249-1731  -            161 75406at33208         -            626    0.0033   14.9   1.2   2   2    0.0013      0.19    9.0   0.2   303   341   106   144   101   157 0.84 -
TRINITY_DN6860_c0_g1_i5:1048-1530  -            161 75406at33208         -            626    0.0033   14.9   1.2   1   2     0.019       2.7    5.2   0.1   416   446    26    56     5    84 0.73 -
TRINITY_DN6860_c0_g1_i5:1048-1530  -            161 75406at33208         -            626    0.0033   14.9   1.2   2   2    0.0013      0.19    9.0   0.2   303   341   106   144   101   157 0.84 -
TRINITY_DN6860_c0_g1_i8:1083-1565  -            161 75406at33208         -            626    0.0033   14.9   1.2   1   2     0.019       2.7    5.2   0.1   416   446    26    56     5    84 0.73 -
TRINITY_DN6860_c0_g1_i8:1083-1565  -            161 75406at33208         -            626    0.0033   14.9   1.2   2   2    0.0013      0.19    9.0   0.2   303   341   106   144   101   157 0.84 -
TRINITY_DN6860_c0_g1_i9:1083-1565  -            161 75406at33208         -            626    0.0033   14.9   1.2   1   2     0.019       2.7    5.2   0.1   416   446    26    56     5    84 0.73 -
TRINITY_DN6860_c0_g1_i9:1083-1565  -            161 75406at33208         -            626    0.0033   14.9   1.2   2   2    0.0013      0.19    9.0   0.2   303   341   106   144   101   157 0.84 -
TRINITY_DN23587_c0_g1_i3:225-926   -            234 75406at33208         -            626    0.0052   14.2   0.6   1   1   4.2e-05    0.0061   14.0   0.6   334   447    27   146    19   207 0.78 -
TRINITY_DN6409_c0_g1_i2:124-708    -            195 75406at33208         -            626     0.013   12.8   1.2   1   2   0.00023     0.033   11.5   0.2   365   415     2    52     1    54 0.95 -
TRINITY_DN6409_c0_g1_i2:124-708    -            195 75406at33208         -            626     0.013   12.8   1.2   2   2      0.64        93    0.2   0.1   469   499    79   111    74   183 0.81 -
TRINITY_DN6409_c0_g1_i3:124-708    -            195 75406at33208         -            626     0.013   12.8   1.2   1   2   0.00023     0.033   11.5   0.2   365   415     2    52     1    54 0.95 -
TRINITY_DN6409_c0_g1_i3:124-708    -            195 75406at33208         -            626     0.013   12.8   1.2   2   2      0.64        93    0.2   0.1   469   499    79   111    74   183 0.81 -
TRINITY_DN6409_c0_g1_i6:124-708    -            195 75406at33208         -            626     0.013   12.8   1.2   1   2   0.00023     0.033   11.5   0.2   365   415     2    52     1    54 0.95 -
TRINITY_DN6409_c0_g1_i6:124-708    -            195 75406at33208         -            626     0.013   12.8   1.2   2   2      0.64        93    0.2   0.1   469   499    79   111    74   183 0.81 -
TRINITY_DN6409_c0_g1_i7:124-708    -            195 75406at33208         -            626     0.013   12.8   1.2   1   2   0.00023     0.033   11.5   0.2   365   415     2    52     1    54 0.95 -
TRINITY_DN6409_c0_g1_i7:124-708    -            195 75406at33208         -            626     0.013   12.8   1.2   2   2      0.64        93    0.2   0.1   469   499    79   111    74   183 0.81 -
TRINITY_DN6559_c0_g1_i4:1-1866     -            622 75406at33208         -            626     0.016   12.6  15.5   1   4      0.11        16    2.7   0.1   360   415    41   101     3   179 0.81 -
TRINITY_DN6559_c0_g1_i4:1-1866     -            622 75406at33208         -            626     0.016   12.6  15.5   2   4   0.00026     0.038   11.3   0.6   349   438   247   340   243   343 0.87 -
TRINITY_DN6559_c0_g1_i4:1-1866     -            622 75406at33208         -            626     0.016   12.6  15.5   3   4      0.02         3    5.1   1.4   363   445   329   415   315   418 0.82 -
TRINITY_DN6559_c0_g1_i4:1-1866     -            622 75406at33208         -            626     0.016   12.6  15.5   4   4     0.018       2.6    5.3   0.2   360   417   427   485   419   487 0.88 -
TRINITY_DN2762_c0_g1_i2:2-707      -            211 75406at33208         -            626     0.017   12.5   0.1   1   2   0.00011     0.017   12.5   0.1   363   416     9    62     3    64 0.94 -
TRINITY_DN2762_c0_g1_i2:2-707      -            211 75406at33208         -            626     0.017   12.5   0.1   2   2      0.84   1.2e+02   -0.2   0.5   546   622    85   164    73   168 0.73 -
TRINITY_DN23587_c0_g1_i1:225-1721  -            499 75406at33208         -            626     0.018   12.4   4.6   1   2       1.1   1.6e+02   -0.6   0.0   362   390     9    37     6    39 0.90 -
TRINITY_DN23587_c0_g1_i1:225-1721  -            499 75406at33208         -            626     0.018   12.4   4.6   2   2   0.00032     0.047   11.0   3.7   267   446   210   410   189   452 0.78 -
TRINITY_DN2762_c0_g1_i1:207-1025   -            273 75406at33208         -            626     0.022   12.1   3.2   1   2   0.00018     0.026   11.9   0.1   363   416    13    66     7    68 0.94 -
TRINITY_DN2762_c0_g1_i1:207-1025   -            273 75406at33208         -            626     0.022   12.1   3.2   2   2      0.46        68    0.6   0.6   530   622    97   192    78   196 0.74 -
TRINITY_DN2762_c0_g1_i4:207-1025   -            273 75406at33208         -            626     0.022   12.1   3.2   1   2   0.00018     0.026   11.9   0.1   363   416    13    66     7    68 0.94 -
TRINITY_DN2762_c0_g1_i4:207-1025   -            273 75406at33208         -            626     0.022   12.1   3.2   2   2      0.46        68    0.6   0.6   530   622    97   192    78   196 0.74 -
TRINITY_DN2762_c0_g1_i5:212-1030   -            273 75406at33208         -            626     0.022   12.1   3.2   1   2   0.00018     0.026   11.9   0.1   363   416    13    66     7    68 0.94 -
TRINITY_DN2762_c0_g1_i5:212-1030   -            273 75406at33208         -            626     0.022   12.1   3.2   2   2      0.46        68    0.6   0.6   530   622    97   192    78   196 0.74 -
TRINITY_DN2762_c0_g1_i7:207-1025   -            273 75406at33208         -            626     0.022   12.1   3.2   1   2   0.00018     0.026   11.9   0.1   363   416    13    66     7    68 0.94 -
TRINITY_DN2762_c0_g1_i7:207-1025   -            273 75406at33208         -            626     0.022   12.1   3.2   2   2      0.46        68    0.6   0.6   530   622    97   192    78   196 0.74 -
TRINITY_DN2762_c0_g1_i8:212-1030   -            273 75406at33208         -            626     0.022   12.1   3.2   1   2   0.00018     0.026   11.9   0.1   363   416    13    66     7    68 0.94 -
TRINITY_DN2762_c0_g1_i8:212-1030   -            273 75406at33208         -            626     0.022   12.1   3.2   2   2      0.46        68    0.6   0.6   530   622    97   192    78   196 0.74 -
TRINITY_DN1974_c0_g1_i2:1611-1997  -            129 75406at33208         -            626      0.07   10.5   1.2   1   2    0.0075       1.1    6.5   0.1   396   447    11    66     6    71 0.83 -
TRINITY_DN1974_c0_g1_i2:1611-1997  -            129 75406at33208         -            626      0.07   10.5   1.2   2   2    0.0025      0.36    8.1   1.0   359   414    42    97    21   123 0.84 -
TRINITY_DN1974_c0_g1_i4:1607-1993  -            129 75406at33208         -            626      0.07   10.5   1.2   1   2    0.0075       1.1    6.5   0.1   396   447    11    66     6    71 0.83 -
TRINITY_DN1974_c0_g1_i4:1607-1993  -            129 75406at33208         -            626      0.07   10.5   1.2   2   2    0.0025      0.36    8.1   1.0   359   414    42    97    21   123 0.84 -
TRINITY_DN1974_c0_g1_i5:1607-1993  -            129 75406at33208         -            626      0.07   10.5   1.2   1   2    0.0075       1.1    6.5   0.1   396   447    11    66     6    71 0.83 -
TRINITY_DN1974_c0_g1_i5:1607-1993  -            129 75406at33208         -            626      0.07   10.5   1.2   2   2    0.0025      0.36    8.1   1.0   359   414    42    97    21   123 0.84 -
TRINITY_DN1974_c0_g1_i7:1605-1991  -            129 75406at33208         -            626      0.07   10.5   1.2   1   2    0.0075       1.1    6.5   0.1   396   447    11    66     6    71 0.83 -
TRINITY_DN1974_c0_g1_i7:1605-1991  -            129 75406at33208         -            626      0.07   10.5   1.2   2   2    0.0025      0.36    8.1   1.0   359   414    42    97    21   123 0.84 -
TRINITY_DN1974_c0_g1_i8:1608-1994  -            129 75406at33208         -            626      0.07   10.5   1.2   1   2    0.0075       1.1    6.5   0.1   396   447    11    66     6    71 0.83 -
TRINITY_DN1974_c0_g1_i8:1608-1994  -            129 75406at33208         -            626      0.07   10.5   1.2   2   2    0.0025      0.36    8.1   1.0   359   414    42    97    21   123 0.84 -
TRINITY_DN1974_c0_g1_i9:1658-2044  -            129 75406at33208         -            626      0.07   10.5   1.2   1   2    0.0075       1.1    6.5   0.1   396   447    11    66     6    71 0.83 -
TRINITY_DN1974_c0_g1_i9:1658-2044  -            129 75406at33208         -            626      0.07   10.5   1.2   2   2    0.0025      0.36    8.1   1.0   359   414    42    97    21   123 0.84 -
#
# Program:         hmmsearch
# Version:         3.1b2 (February 2015)
# Pipeline mode:   SEARCH
# Query file:      /busco_wd/busco_downloads/lineages/metazoa_odb10/hmms/75406at33208.hmm
# Target file:     /busco_wd/BUSCO/run_metazoa_odb10/metaeuk_output/initial_results/Trinity.fasta.modified.fas
# Option settings: hmmsearch --domtblout /busco_wd/BUSCO/run_metazoa_odb10/hmmer_output/initial_run_results/75406at33208.out --cpu 1 /busco_wd/busco_downloads/lineages/metazoa_odb10/hmms/75406at33208.hmm /busco_wd/BUSCO/run_metazoa_odb10/metaeuk_output/initial_results/Trinity.fasta.modified.fas 
# Current dir:     /busco_wd
# Date:            Tue Nov 23 09:04:27 2021
# [ok]
