#                                                                                         --- full sequence --- -------------- this domain -------------   hmm coord   ali coord   env coord
# target name                     accession   tlen query name           accession   qlen   E-value  score  bias   #  of  c-Evalue  i-Evalue  score  bias  from    to  from    to  from    to  acc description of target
#             ------------------- ---------- ----- -------------------- ---------- ----- --------- ------ ----- --- --- --------- --------- ------ ----- ----- ----- ----- ----- ----- ----- ---- ---------------------
TRINITY_DN11863_c0_g1_i11:64-2592 -            843 76852at33208         -            955  1.4e-187  624.6  13.3   1   4  5.6e-155  1.3e-151  505.6   5.3   208   531    75   426    71   461 0.90 -
TRINITY_DN11863_c0_g1_i11:64-2592 -            843 76852at33208         -            955  1.4e-187  624.6  13.3   2   4   4.2e-18   9.6e-15   52.6   0.1   534   621   466   553   452   609 0.72 -
TRINITY_DN11863_c0_g1_i11:64-2592 -            843 76852at33208         -            955  1.4e-187  624.6  13.3   3   4     1e-18   2.4e-15   54.6   0.0   642   723   627   718   612   727 0.82 -
TRINITY_DN11863_c0_g1_i11:64-2592 -            843 76852at33208         -            955  1.4e-187  624.6  13.3   4   4   1.7e-05     0.039   10.8   0.0   724   774   784   837   771   842 0.84 -
TRINITY_DN11863_c0_g1_i8:459-4112 -           1218 76852at33208         -            955  7.7e-187  622.1  15.4   1   5  1.4e-154  3.2e-151  504.2   5.1   208   529    75   424    71   454 0.90 -
TRINITY_DN11863_c0_g1_i8:459-4112 -           1218 76852at33208         -            955  7.7e-187  622.1  15.4   2   5     7e-18   1.6e-14   51.8   0.1   535   620   467   552   453   610 0.72 -
TRINITY_DN11863_c0_g1_i8:459-4112 -           1218 76852at33208         -            955  7.7e-187  622.1  15.4   3   5   1.7e-18   3.9e-15   53.9   0.0   642   723   627   718   612   727 0.82 -
TRINITY_DN11863_c0_g1_i8:459-4112 -           1218 76852at33208         -            955  7.7e-187  622.1  15.4   4   5   5.6e-06     0.013   12.4   0.0   724   780   784   846   771   957 0.83 -
TRINITY_DN11863_c0_g1_i8:459-4112 -           1218 76852at33208         -            955  7.7e-187  622.1  15.4   5   5     0.096   2.2e+02   -1.6   0.0   887   909  1098  1120  1068  1131 0.88 -
TRINITY_DN11863_c0_g1_i2:459-4112 -           1218 76852at33208         -            955  8.9e-187  621.9  15.5   1   5  1.4e-154  3.2e-151  504.2   5.1   208   529    75   424    71   454 0.90 -
TRINITY_DN11863_c0_g1_i2:459-4112 -           1218 76852at33208         -            955  8.9e-187  621.9  15.5   2   5     7e-18   1.6e-14   51.8   0.1   535   620   467   552   453   610 0.72 -
TRINITY_DN11863_c0_g1_i2:459-4112 -           1218 76852at33208         -            955  8.9e-187  621.9  15.5   3   5   1.7e-18   3.9e-15   53.9   0.0   642   723   627   718   612   727 0.82 -
TRINITY_DN11863_c0_g1_i2:459-4112 -           1218 76852at33208         -            955  8.9e-187  621.9  15.5   4   5   5.6e-06     0.013   12.4   0.0   724   780   784   846   771   952 0.82 -
TRINITY_DN11863_c0_g1_i2:459-4112 -           1218 76852at33208         -            955  8.9e-187  621.9  15.5   5   5     0.096   2.2e+02   -1.6   0.0   887   909  1098  1120  1064  1131 0.88 -
TRINITY_DN11863_c0_g1_i9:459-2804 -            782 76852at33208         -            955   4.1e-37  126.6   3.0   1   4   3.9e-18   8.9e-15   52.7   0.1   535   621    31   117    18   174 0.72 -
TRINITY_DN11863_c0_g1_i9:459-2804 -            782 76852at33208         -            955   4.1e-37  126.6   3.0   2   4   9.3e-19   2.1e-15   54.7   0.0   642   723   191   282   176   291 0.82 -
TRINITY_DN11863_c0_g1_i9:459-2804 -            782 76852at33208         -            955   4.1e-37  126.6   3.0   3   4   3.4e-06    0.0079   13.1   0.0   724   780   348   410   336   479 0.79 -
TRINITY_DN11863_c0_g1_i9:459-2804 -            782 76852at33208         -            955   4.1e-37  126.6   3.0   4   4     0.042        96   -0.4   0.0   887   909   662   684   542   697 0.85 -
#
# Program:         hmmsearch
# Version:         3.1b2 (February 2015)
# Pipeline mode:   SEARCH
# Query file:      /busco_wd/busco_downloads/lineages/metazoa_odb10/hmms/76852at33208.hmm
# Target file:     /busco_wd/BUSCO/run_metazoa_odb10/metaeuk_output/initial_results/Trinity.fasta.modified.fas
# Option settings: hmmsearch --domtblout /busco_wd/BUSCO/run_metazoa_odb10/hmmer_output/initial_run_results/76852at33208.out --cpu 1 /busco_wd/busco_downloads/lineages/metazoa_odb10/hmms/76852at33208.hmm /busco_wd/BUSCO/run_metazoa_odb10/metaeuk_output/initial_results/Trinity.fasta.modified.fas 
# Current dir:     /busco_wd
# Date:            Tue Nov 23 09:04:27 2021
# [ok]
