easy-predict --threads 1 /busco_wd/Trinity.fasta /busco_wd/BUSCO/run_metazoa_odb10/metaeuk_output/refseq_db_rerun.faa /busco_wd/BUSCO/run_metazoa_odb10/metaeuk_output/rerun_results/Trinity.fasta /busco_wd/BUSCO/run_metazoa_odb10/metaeuk_output/tmp --max-intron 130000 --max-seq-len 160000 --min-exon-aa 5 --max-overlap 5 --min-intron 1 --overlap 1 -s 6 

MMseqs Version:                                             	4.a0f584d
Substitution matrix                                         	nucl:nucleotide.out,aa:blosum62.out
Add backtrace                                               	false
Alignment mode                                              	2
Allow wrapped scoring                                       	false
E-value threshold                                           	100
Seq. id. threshold                                          	0
Min alignment length                                        	0
Seq. id. mode                                               	0
Alternative alignments                                      	0
Coverage threshold                                          	0
Coverage mode                                               	0
Max sequence length                                         	160000
Compositional bias                                          	1
Max reject                                                  	2147483647
Max accept                                                  	2147483647
Include identical seq. id.                                  	false
Preload mode                                                	0
Pseudo count a                                              	1
Pseudo count b                                              	1.5
Score bias                                                  	0
Realign hits                                                	false
Realign score bias                                          	-0.2
Realign max seqs                                            	2147483647
Gap open cost                                               	nucl:5,aa:11
Gap extension cost                                          	nucl:2,aa:1
Zdrop                                                       	40
Threads                                                     	1
Compressed                                                  	0
Verbosity                                                   	3
Seed substitution matrix                                    	nucl:nucleotide.out,aa:VTML80.out
Sensitivity                                                 	6
k-mer length                                                	0
k-score                                                     	2147483647
Alphabet size                                               	nucl:5,aa:21
Max results per query                                       	300
Split database                                              	0
Split mode                                                  	2
Split memory limit                                          	0
Diagonal scoring                                            	true
Exact k-mer matching                                        	0
Mask residues                                               	1
Mask lower case residues                                    	0
Minimum diagonal score                                      	15
Spaced k-mers                                               	1
Spaced k-mer pattern                                        	
Local temporary path                                        	
Rescore mode                                                	0
Remove hits by seq. id. and coverage                        	false
Sort results                                                	0
Mask profile                                                	1
Profile E-value threshold                                   	0.001
Global sequence weighting                                   	false
Allow deletions                                             	false
Filter MSA                                                  	1
Maximum seq. id. threshold                                  	0.9
Minimum seq. id.                                            	0
Minimum score per column                                    	-20
Minimum coverage                                            	0
Select N most diverse seqs                                  	1000
Min codons in orf                                           	15
Max codons in length                                        	32734
Max orf gaps                                                	2147483647
Contig start mode                                           	2
Contig end mode                                             	2
Orf start mode                                              	1
Forward frames                                              	1,2,3
Reverse frames                                              	1,2,3
Translation table                                           	1
Translate orf                                               	0
Use all table starts                                        	false
Offset of numeric ids                                       	0
Create lookup                                               	0
Add orf stop                                                	false
Chain overlapping alignments                                	0
Merge query                                                 	1
Search type                                                 	0
Search iterations                                           	1
Start sensitivity                                           	4
Search steps                                                	1
Slice search mode                                           	false
Strand selection                                            	1
LCA search mode                                             	false
Disk space limit                                            	0
MPI runner                                                  	
Force restart with latest tmp                               	false
Remove temporary files                                      	false
maximal combined evalue of an optimal set                   	0.001
minimal length ratio between combined optimal set and target	0.5
Maximal intron length                                       	130000
Minimal intron length                                       	1
Minimal exon length aa                                      	5
Maximal overlap of exons                                    	5
Gap open penalty                                            	-1
Gap extend penalty                                          	-1
allow same-strand overlaps                                  	1
translate codons to AAs                                     	0
write target key instead of accession                       	0
Reverse AA Fragments                                        	0

createdb /busco_wd/Trinity.fasta /busco_wd/BUSCO/run_metazoa_odb10/metaeuk_output/tmp/14003565240442909192/contigs --dbtype 2 --compressed 0 -v 3 

Converting sequences
[=======================
Time for merging to contigs_h: 0h 0m 0s 42ms
Time for merging to contigs: 0h 0m 1s 247ms
Database type: Nucleotide
Time for processing: 0h 0m 2s 452ms
createdb /busco_wd/BUSCO/run_metazoa_odb10/metaeuk_output/refseq_db_rerun.faa /busco_wd/BUSCO/run_metazoa_odb10/metaeuk_output/tmp/14003565240442909192/targets --dbtype 1 --compressed 0 -v 3 

Converting sequences
[=
Time for merging to targets_h: 0h 0m 0s 3ms
Time for merging to targets: 0h 0m 0s 6ms
Database type: Aminoacid
Time for processing: 0h 0m 0s 53ms
Tmp /busco_wd/BUSCO/run_metazoa_odb10/metaeuk_output/tmp/14003565240442909192/tmp_predict folder does not exist or is not a directory.
Create dir /busco_wd/BUSCO/run_metazoa_odb10/metaeuk_output/tmp/14003565240442909192/tmp_predict
predictexons /busco_wd/BUSCO/run_metazoa_odb10/metaeuk_output/tmp/14003565240442909192/contigs /busco_wd/BUSCO/run_metazoa_odb10/metaeuk_output/tmp/14003565240442909192/targets /busco_wd/BUSCO/run_metazoa_odb10/metaeuk_output/tmp/14003565240442909192/MetaEuk_calls /busco_wd/BUSCO/run_metazoa_odb10/metaeuk_output/tmp/14003565240442909192/tmp_predict --sub-mat nucl:nucleotide.out,aa:blosum62.out -a 0 --alignment-mode 2 --wrapped-scoring 0 -e 100 --min-seq-id 0 --min-aln-len 0 --seq-id-mode 0 --alt-ali 0 -c 0 --cov-mode 0 --max-seq-len 160000 --comp-bias-corr 1 --max-rejected 2147483647 --max-accept 2147483647 --add-self-matches 0 --db-load-mode 0 --pca 1 --pcb 1.5 --score-bias 0 --realign 0 --realign-score-bias -0.2 --realign-max-seqs 2147483647 --gap-open nucl:5,aa:11 --gap-extend nucl:2,aa:1 --zdrop 40 --threads 1 --compressed 0 -v 3 --seed-sub-mat nucl:nucleotide.out,aa:VTML80.out -s 6 -k 0 --k-score 2147483647 --alph-size nucl:5,aa:21 --max-seqs 300 --split 0 --split-mode 2 --split-memory-limit 0 --diag-score 1 --exact-kmer-matching 0 --mask 1 --mask-lower-case 0 --min-ungapped-score 15 --spaced-kmer-mode 1 --rescore-mode 0 --filter-hits 0 --sort-results 0 --mask-profile 1 --e-profile 0.001 --wg 0 --allow-deletion 0 --filter-msa 1 --max-seq-id 0.9 --qid 0 --qsc -20 --cov 0 --diff 1000 --min-length 15 --max-length 32734 --max-gaps 2147483647 --contig-start-mode 2 --contig-end-mode 2 --orf-start-mode 1 --forward-frames 1,2,3 --reverse-frames 1,2,3 --translation-table 1 --translate 0 --use-all-table-starts 0 --id-offset 0 --create-lookup 0 --add-orf-stop 0 --chain-alignments 0 --merge-query 1 --search-type 0 --num-iterations 1 --start-sens 4 --sens-steps 1 --slice-search 0 --strand 1 --orf-filter 0 --orf-filter-e 100 --orf-filter-s 2 --lca-search 0 --disk-space-limit 0 --force-reuse 0 --remove-tmp-files 0 --metaeuk-eval 0.001 --metaeuk-tcov 0.5 --max-intron 130000 --min-intron 1 --min-exon-aa 5 --max-overlap 5 --set-gap-open -1 --set-gap-extend -1 --reverse-fragments 0 

extractorfs /busco_wd/BUSCO/run_metazoa_odb10/metaeuk_output/tmp/14003565240442909192/contigs /busco_wd/BUSCO/run_metazoa_odb10/metaeuk_output/tmp/14003565240442909192/tmp_predict/2129661963085242348/nucl_6f --min-length 15 --max-length 32734 --max-gaps 2147483647 --contig-start-mode 2 --contig-end-mode 2 --orf-start-mode 1 --forward-frames 1,2,3 --reverse-frames 1,2,3 --translation-table 1 --translate 0 --use-all-table-starts 0 --id-offset 0 --create-lookup 0 --threads 1 --compressed 0 -v 3 

[=================================================================] 235.19K 13s 621ms
Time for merging to nucl_6f_h: 0h 0m 0s 917ms
Time for merging to nucl_6f: 0h 0m 1s 493ms
Time for processing: 0h 0m 22s 268ms
translatenucs /busco_wd/BUSCO/run_metazoa_odb10/metaeuk_output/tmp/14003565240442909192/tmp_predict/2129661963085242348/nucl_6f /busco_wd/BUSCO/run_metazoa_odb10/metaeuk_output/tmp/14003565240442909192/tmp_predict/2129661963085242348/aa_6f --translation-table 1 --add-orf-stop 0 -v 3 --compressed 0 --threads 1 

[=================================================================] 8.01M 11s 92ms
Time for merging to aa_6f: 0h 0m 2s 659ms
Time for processing: 0h 0m 14s 328ms
Tmp /busco_wd/BUSCO/run_metazoa_odb10/metaeuk_output/tmp/14003565240442909192/tmp_predict/2129661963085242348/tmp_search folder does not exist or is not a directory.
Create dir /busco_wd/BUSCO/run_metazoa_odb10/metaeuk_output/tmp/14003565240442909192/tmp_predict/2129661963085242348/tmp_search
search /busco_wd/BUSCO/run_metazoa_odb10/metaeuk_output/tmp/14003565240442909192/tmp_predict/2129661963085242348/aa_6f /busco_wd/BUSCO/run_metazoa_odb10/metaeuk_output/tmp/14003565240442909192/targets /busco_wd/BUSCO/run_metazoa_odb10/metaeuk_output/tmp/14003565240442909192/tmp_predict/2129661963085242348/search_res /busco_wd/BUSCO/run_metazoa_odb10/metaeuk_output/tmp/14003565240442909192/tmp_predict/2129661963085242348/tmp_search --sub-mat nucl:nucleotide.out,aa:blosum62.out -a 0 --alignment-mode 2 --wrapped-scoring 0 -e 100 --min-seq-id 0 --min-aln-len 5 --seq-id-mode 0 --alt-ali 0 -c 0 --cov-mode 0 --max-seq-len 160000 --comp-bias-corr 1 --max-rejected 2147483647 --max-accept 2147483647 --add-self-matches 0 --db-load-mode 0 --pca 1 --pcb 1.5 --score-bias 0 --realign 0 --realign-score-bias -0.2 --realign-max-seqs 2147483647 --gap-open nucl:5,aa:11 --gap-extend nucl:2,aa:1 --zdrop 40 --threads 1 --compressed 0 -v 3 --seed-sub-mat nucl:nucleotide.out,aa:VTML80.out -s 6 -k 0 --k-score 2147483647 --alph-size nucl:5,aa:21 --max-seqs 300 --split 0 --split-mode 2 --split-memory-limit 0 --diag-score 1 --exact-kmer-matching 0 --mask 1 --mask-lower-case 0 --min-ungapped-score 15 --spaced-kmer-mode 1 --rescore-mode 0 --filter-hits 0 --sort-results 0 --mask-profile 1 --e-profile 0.001 --wg 0 --allow-deletion 0 --filter-msa 1 --max-seq-id 0.9 --qid 0 --qsc -20 --cov 0 --diff 1000 --min-length 15 --max-length 32734 --max-gaps 2147483647 --contig-start-mode 2 --contig-end-mode 2 --orf-start-mode 1 --forward-frames 1,2,3 --reverse-frames 1,2,3 --translation-table 1 --translate 0 --use-all-table-starts 0 --id-offset 0 --create-lookup 0 --add-orf-stop 0 --chain-alignments 0 --merge-query 1 --search-type 0 --num-iterations 1 --start-sens 4 --sens-steps 1 --slice-search 0 --strand 1 --orf-filter 0 --orf-filter-e 100 --orf-filter-s 2 --lca-search 0 --disk-space-limit 0 --force-reuse 0 --remove-tmp-files 0 

prefilter /busco_wd/BUSCO/run_metazoa_odb10/metaeuk_output/tmp/14003565240442909192/tmp_predict/2129661963085242348/aa_6f /busco_wd/BUSCO/run_metazoa_odb10/metaeuk_output/tmp/14003565240442909192/targets /busco_wd/BUSCO/run_metazoa_odb10/metaeuk_output/tmp/14003565240442909192/tmp_predict/2129661963085242348/tmp_search/5165479817906929378/pref_0 --sub-mat nucl:nucleotide.out,aa:blosum62.out --seed-sub-mat nucl:nucleotide.out,aa:VTML80.out -k 0 --k-score 2147483647 --alph-size nucl:5,aa:21 --max-seq-len 160000 --max-seqs 300 --split 0 --split-mode 2 --split-memory-limit 0 -c 0 --cov-mode 0 --comp-bias-corr 1 --diag-score 1 --exact-kmer-matching 0 --mask 1 --mask-lower-case 0 --min-ungapped-score 15 --add-self-matches 0 --spaced-kmer-mode 1 --db-load-mode 0 --pca 1 --pcb 1.5 --threads 1 --compressed 0 -v 3 -s 6.0 

Query database size: 8014381 type: Aminoacid
Estimated memory consumption: 1009M
Target database size: 11745 type: Aminoacid
Index table k-mer threshold: 109 at k-mer size 6 
Index table: counting k-mers
[=================================================================] 11.74K 0s 993ms
Index table: Masked residues: 47951
Index table: fill
[=================================================================] 11.74K 0s 765ms
Index statistics
Entries:          4373146
DB size:          513 MB
Avg k-mer size:   0.068330
Top 10 k-mers
    VPGSQA	368
    HIELHG	362
    GLSRPW	360
    GLAFRN	343
    YYDNTT	322
    PSRGMV	312
    LRAPST	308
    TGGVRS	303
    LEELGW	301
    YKVPTY	294
Time for index table init: 0h 0m 2s 280ms
Hard disk might not have enough free space (10G left).The prefilter result might need up to 94G.
Process prefiltering step 1 of 1

k-mer similarity threshold: 109
Starting prefiltering scores calculation (step 1 of 1)
Query db start 1 to 8014381
Target db start 1 to 11745
[=================================================================] 8.01M 56m 35s 75ms

350.091633 k-mers per position
683 DB matches per sequence
0 overflows
0 queries produce too many hits (truncated result)
5 sequences passed prefiltering per query sequence
1 median result list length
2690798 sequences with 0 size result lists
Time for merging to pref_0: 0h 0m 1s 125ms
Time for processing: 0h 56m 45s 607ms
align /busco_wd/BUSCO/run_metazoa_odb10/metaeuk_output/tmp/14003565240442909192/tmp_predict/2129661963085242348/aa_6f /busco_wd/BUSCO/run_metazoa_odb10/metaeuk_output/tmp/14003565240442909192/targets /busco_wd/BUSCO/run_metazoa_odb10/metaeuk_output/tmp/14003565240442909192/tmp_predict/2129661963085242348/tmp_search/5165479817906929378/pref_0 /busco_wd/BUSCO/run_metazoa_odb10/metaeuk_output/tmp/14003565240442909192/tmp_predict/2129661963085242348/search_res --sub-mat nucl:nucleotide.out,aa:blosum62.out -a 0 --alignment-mode 2 --wrapped-scoring 0 -e 100 --min-seq-id 0 --min-aln-len 5 --seq-id-mode 0 --alt-ali 0 -c 0 --cov-mode 0 --max-seq-len 160000 --comp-bias-corr 1 --max-rejected 2147483647 --max-accept 2147483647 --add-self-matches 0 --db-load-mode 0 --pca 1 --pcb 1.5 --score-bias 0 --realign 0 --realign-score-bias -0.2 --realign-max-seqs 2147483647 --gap-open nucl:5,aa:11 --gap-extend nucl:2,aa:1 --zdrop 40 --threads 1 --compressed 0 -v 3 

Compute score and coverage
Query database size: 8014381 type: Aminoacid
Target database size: 11745 type: Aminoacid
Calculation of alignments
[=================================================================] 8.01M 13m 18s 253ms
Time for merging to search_res: 0h 0m 1s 65ms
45008008 alignments calculated
10996550 sequence pairs passed the thresholds (0.244324 of overall calculated)
1.372102 hits per query sequence
Time for processing: 0h 13m 20s 400ms
resultspercontig /busco_wd/BUSCO/run_metazoa_odb10/metaeuk_output/tmp/14003565240442909192/contigs /busco_wd/BUSCO/run_metazoa_odb10/metaeuk_output/tmp/14003565240442909192/tmp_predict/2129661963085242348/nucl_6f /busco_wd/BUSCO/run_metazoa_odb10/metaeuk_output/tmp/14003565240442909192/tmp_predict/2129661963085242348/search_res /busco_wd/BUSCO/run_metazoa_odb10/metaeuk_output/tmp/14003565240442909192/tmp_predict/2129661963085242348/search_res_by_contig --threads 1 --compressed 0 -v 3 

Computing ORF lookup
Computing contig offsets
Computing contig lookup
Time for contig lookup: 0h 0m 1s 46ms
[=================================================================] 235.19K 18s 998ms
Time for merging to search_res_by_contig: 0h 0m 0s 33ms
Time for processing: 0h 0m 21s 150ms
collectoptimalset /busco_wd/BUSCO/run_metazoa_odb10/metaeuk_output/tmp/14003565240442909192/tmp_predict/2129661963085242348/search_res_by_contig /busco_wd/BUSCO/run_metazoa_odb10/metaeuk_output/tmp/14003565240442909192/targets /busco_wd/BUSCO/run_metazoa_odb10/metaeuk_output/tmp/14003565240442909192/tmp_predict/2129661963085242348/dp_predictions --metaeuk-eval 0.001 --metaeuk-tcov 0.5 --max-intron 130000 --min-intron 1 --min-exon-aa 5 --max-overlap 5 --set-gap-open -1 --set-gap-extend -1 --score-bias 0 --threads 1 --compressed 0 -v 3 

[=================================================================] 235.19K 7s 68ms
Time for merging to dp_predictions: 0h 0m 0s 24ms
Time for processing: 0h 0m 7s 128ms
mvdb /busco_wd/BUSCO/run_metazoa_odb10/metaeuk_output/tmp/14003565240442909192/tmp_predict/2129661963085242348/dp_predictions /busco_wd/BUSCO/run_metazoa_odb10/metaeuk_output/tmp/14003565240442909192/MetaEuk_calls 

Time for processing: 0h 0m 0s 119ms
reduceredundancy /busco_wd/BUSCO/run_metazoa_odb10/metaeuk_output/tmp/14003565240442909192/MetaEuk_calls /busco_wd/BUSCO/run_metazoa_odb10/metaeuk_output/tmp/14003565240442909192/MetaEuk_preds /busco_wd/BUSCO/run_metazoa_odb10/metaeuk_output/tmp/14003565240442909192/MetaEuk_preds_clust --overlap 1 --threads 1 --compressed 0 -v 3 

[=================================================================] 235.19K 0s 98ms
Time for merging to MetaEuk_preds_clust: 0h 0m 0s 23ms
Time for merging to MetaEuk_preds: 0h 0m 0s 21ms
Time for processing: 0h 0m 0s 162ms
unitesetstofasta /busco_wd/BUSCO/run_metazoa_odb10/metaeuk_output/tmp/14003565240442909192/contigs /busco_wd/BUSCO/run_metazoa_odb10/metaeuk_output/tmp/14003565240442909192/targets /busco_wd/BUSCO/run_metazoa_odb10/metaeuk_output/tmp/14003565240442909192/MetaEuk_preds /busco_wd/BUSCO/run_metazoa_odb10/metaeuk_output/rerun_results/Trinity.fasta --protein 0 --translation-table 1 --target-key 0 --threads 1 --compressed 0 -v 3 

[=================================================================] 235.19K 1s 8ms
Time for merging to Trinity.fasta.fas: 0h 0m 0s 0ms
Time for merging to Trinity.fasta.codon.fas: 0h 0m 0s 0ms
Time for merging to Trinity.fasta.headersMap.tsv: 0h 0m 0s 0ms
Time for processing: 0h 0m 1s 260ms
