#                                                                                          --- full sequence --- -------------- this domain -------------   hmm coord   ali coord   env coord
# target name                      accession   tlen query name           accession   qlen   E-value  score  bias   #  of  c-Evalue  i-Evalue  score  bias  from    to  from    to  from    to  acc description of target
#              ------------------- ---------- ----- -------------------- ---------- ----- --------- ------ ----- --- --- --------- --------- ------ ----- ----- ----- ----- ----- ----- ----- ---- ---------------------
TRINITY_DN6111_c0_g1_i1:1894-2796  -            301 359532at33208        -            410   2.6e-28   94.3   4.3   1   2   3.5e-16   5.7e-15   50.4   0.8    73   245    10   185     1   186 0.78 -
TRINITY_DN6111_c0_g1_i1:1894-2796  -            301 359532at33208        -            410   2.6e-28   94.3   4.3   2   2   3.8e-16   6.1e-15   50.3   0.2   106   244   148   292   145   299 0.75 -
TRINITY_DN6111_c0_g1_i2:1986-2888  -            301 359532at33208        -            410   2.6e-28   94.3   4.3   1   2   3.5e-16   5.7e-15   50.4   0.8    73   245    10   185     1   186 0.78 -
TRINITY_DN6111_c0_g1_i2:1986-2888  -            301 359532at33208        -            410   2.6e-28   94.3   4.3   2   2   3.8e-16   6.1e-15   50.3   0.2   106   244   148   292   145   299 0.75 -
TRINITY_DN19691_c0_g1_i1:987-1745  -            253 359532at33208        -            410   4.1e-25   83.8   9.3   1   2   4.1e-13   6.6e-12   40.3   1.2    74   216    12   152     1   156 0.79 -
TRINITY_DN19691_c0_g1_i1:987-1745  -            253 359532at33208        -            410   4.1e-25   83.8   9.3   2   2   1.3e-17     2e-16   55.2   1.5    62   215   106   253   100   253 0.81 -
TRINITY_DN12811_c0_g1_i1:460-1254  -            265 359532at33208        -            410   1.2e-22   75.6   4.3   1   3   8.6e-13   1.4e-11   39.2   0.0   162   241    22   106    16   114 0.83 -
TRINITY_DN12811_c0_g1_i1:460-1254  -            265 359532at33208        -            410   1.2e-22   75.6   4.3   2   3   1.2e-10   1.9e-09   32.2   0.0   149   241   118   216   110   221 0.80 -
TRINITY_DN12811_c0_g1_i1:460-1254  -            265 359532at33208        -            410   1.2e-22   75.6   4.3   3   3   1.9e-06     3e-05   18.3   0.4   150   235   171   263   169   265 0.74 -
TRINITY_DN12811_c0_g1_i2:460-1254  -            265 359532at33208        -            410   1.2e-22   75.6   4.3   1   3   8.6e-13   1.4e-11   39.2   0.0   162   241    22   106    16   114 0.83 -
TRINITY_DN12811_c0_g1_i2:460-1254  -            265 359532at33208        -            410   1.2e-22   75.6   4.3   2   3   1.2e-10   1.9e-09   32.2   0.0   149   241   118   216   110   221 0.80 -
TRINITY_DN12811_c0_g1_i2:460-1254  -            265 359532at33208        -            410   1.2e-22   75.6   4.3   3   3   1.9e-06     3e-05   18.3   0.4   150   235   171   263   169   265 0.74 -
TRINITY_DN19691_c0_g1_i3:846-1772  -            309 359532at33208        -            410   1.2e-21   72.4   4.4   1   2   1.5e-13   2.3e-12   41.8   0.9    59   216    45   199    41   202 0.79 -
TRINITY_DN19691_c0_g1_i3:846-1772  -            309 359532at33208        -            410   1.2e-21   72.4   4.4   2   2   4.2e-13   6.8e-12   40.2   0.7    63   205   154   290   152   294 0.78 -
TRINITY_DN4491_c0_g1_i2:355-1176   -            274 359532at33208        -            410   6.6e-20   66.6   4.9   1   3   1.5e-06   2.5e-05   18.6   0.0    78   137     1    61     1    86 0.83 -
TRINITY_DN4491_c0_g1_i2:355-1176   -            274 359532at33208        -            410   6.6e-20   66.6   4.9   2   3   1.2e-08   1.9e-07   25.6   0.5   114   213   111   211   103   221 0.78 -
TRINITY_DN4491_c0_g1_i2:355-1176   -            274 359532at33208        -            410   6.6e-20   66.6   4.9   3   3   5.4e-08   8.7e-07   23.4   0.0   170   215   221   268   215   272 0.88 -
TRINITY_DN4491_c0_g1_i5:355-1176   -            274 359532at33208        -            410   6.6e-20   66.6   4.9   1   3   1.5e-06   2.5e-05   18.6   0.0    78   137     1    61     1    86 0.83 -
TRINITY_DN4491_c0_g1_i5:355-1176   -            274 359532at33208        -            410   6.6e-20   66.6   4.9   2   3   1.2e-08   1.9e-07   25.6   0.5   114   213   111   211   103   221 0.78 -
TRINITY_DN4491_c0_g1_i5:355-1176   -            274 359532at33208        -            410   6.6e-20   66.6   4.9   3   3   5.4e-08   8.7e-07   23.4   0.0   170   215   221   268   215   272 0.88 -
TRINITY_DN4491_c0_g1_i6:275-1096   -            274 359532at33208        -            410   6.6e-20   66.6   4.9   1   3   1.5e-06   2.5e-05   18.6   0.0    78   137     1    61     1    86 0.83 -
TRINITY_DN4491_c0_g1_i6:275-1096   -            274 359532at33208        -            410   6.6e-20   66.6   4.9   2   3   1.2e-08   1.9e-07   25.6   0.5   114   213   111   211   103   221 0.78 -
TRINITY_DN4491_c0_g1_i6:275-1096   -            274 359532at33208        -            410   6.6e-20   66.6   4.9   3   3   5.4e-08   8.7e-07   23.4   0.0   170   215   221   268   215   272 0.88 -
TRINITY_DN4491_c0_g1_i7:104-925    -            274 359532at33208        -            410   6.6e-20   66.6   4.9   1   3   1.5e-06   2.5e-05   18.6   0.0    78   137     1    61     1    86 0.83 -
TRINITY_DN4491_c0_g1_i7:104-925    -            274 359532at33208        -            410   6.6e-20   66.6   4.9   2   3   1.2e-08   1.9e-07   25.6   0.5   114   213   111   211   103   221 0.78 -
TRINITY_DN4491_c0_g1_i7:104-925    -            274 359532at33208        -            410   6.6e-20   66.6   4.9   3   3   5.4e-08   8.7e-07   23.4   0.0   170   215   221   268   215   272 0.88 -
TRINITY_DN322_c0_g1_i6:399-1067    -            223 359532at33208        -            410   9.5e-20   66.1   0.0   1   2   3.2e-18   5.2e-17   57.1   0.0    75   242    22   186     8   190 0.78 -
TRINITY_DN322_c0_g1_i6:399-1067    -            223 359532at33208        -            410   9.5e-20   66.1   0.0   2   2   4.2e-05   0.00068   13.9   0.0   170   220   163   214   160   222 0.77 -
TRINITY_DN322_c0_g1_i1:399-1043    -            215 359532at33208        -            410   1.2e-19   65.8   0.0   1   2     3e-18   4.8e-17   57.2   0.0    75   242    22   186     8   189 0.78 -
TRINITY_DN322_c0_g1_i1:399-1043    -            215 359532at33208        -            410   1.2e-19   65.8   0.0   2   2   5.5e-05   0.00088   13.5   0.0   170   220   163   212   160   215 0.77 -
TRINITY_DN322_c0_g1_i4:399-1043    -            215 359532at33208        -            410   1.2e-19   65.8   0.0   1   2     3e-18   4.8e-17   57.2   0.0    75   242    22   186     8   189 0.78 -
TRINITY_DN322_c0_g1_i4:399-1043    -            215 359532at33208        -            410   1.2e-19   65.8   0.0   2   2   5.5e-05   0.00088   13.5   0.0   170   220   163   212   160   215 0.77 -
TRINITY_DN13467_c0_g1_i1:122-1294  -            391 359532at33208        -            410   5.6e-19   63.6   5.3   1   4    0.0012      0.02    9.1   0.1   182   217    14    51     8    65 0.81 -
TRINITY_DN13467_c0_g1_i1:122-1294  -            391 359532at33208        -            410   5.6e-19   63.6   5.3   2   4   3.1e-06     5e-05   17.6   0.1   170   241    79   152    74   155 0.83 -
TRINITY_DN13467_c0_g1_i1:122-1294  -            391 359532at33208        -            410   5.6e-19   63.6   5.3   3   4   2.4e-06   3.8e-05   18.0   0.1   151   239   109   202   108   211 0.76 -
TRINITY_DN13467_c0_g1_i1:122-1294  -            391 359532at33208        -            410   5.6e-19   63.6   5.3   4   4   1.7e-11   2.8e-10   34.9   0.3    96   222   161   299   157   320 0.77 -
TRINITY_DN19050_c0_g1_i1:73-1026   -            318 359532at33208        -            410   4.7e-18   60.5   0.3   1   2   3.8e-08   6.1e-07   23.9   0.2   115   212     2   100     1   149 0.60 -
TRINITY_DN19050_c0_g1_i1:73-1026   -            318 359532at33208        -            410   4.7e-18   60.5   0.3   2   2   2.2e-11   3.6e-10   34.6   0.0   106   241   171   311   156   316 0.73 -
TRINITY_DN19691_c0_g1_i5:879-1631  -            251 359532at33208        -            410   1.1e-17   59.4   5.2   1   2   8.9e-14   1.4e-12   42.5   1.1    59   216    34   188    29   191 0.79 -
TRINITY_DN19691_c0_g1_i5:879-1631  -            251 359532at33208        -            410   1.1e-17   59.4   5.2   2   2   5.1e-09   8.2e-08   26.8   1.1    63   176   143   251   141   251 0.74 -
TRINITY_DN9844_c0_g1_i1:853-2028   -            392 359532at33208        -            410   3.6e-17   57.6   7.2   1   4   3.1e-11   4.9e-10   34.1   0.2   149   214    51   128    11   137 0.73 -
TRINITY_DN9844_c0_g1_i1:853-2028   -            392 359532at33208        -            410   3.6e-17   57.6   7.2   2   4   0.00026    0.0042   11.3   0.1    93   167   111   196   107   204 0.72 -
TRINITY_DN9844_c0_g1_i1:853-2028   -            392 359532at33208        -            410   3.6e-17   57.6   7.2   3   4    0.0022     0.035    8.3   0.1   172   267   224   326   219   332 0.57 -
TRINITY_DN9844_c0_g1_i1:853-2028   -            392 359532at33208        -            410   3.6e-17   57.6   7.2   4   4    0.0012     0.019    9.1   1.0   101   157   333   389   281   392 0.66 -
TRINITY_DN9844_c0_g1_i2:853-2028   -            392 359532at33208        -            410   3.6e-17   57.6   7.2   1   4   3.1e-11   4.9e-10   34.1   0.2   149   214    51   128    11   137 0.73 -
TRINITY_DN9844_c0_g1_i2:853-2028   -            392 359532at33208        -            410   3.6e-17   57.6   7.2   2   4   0.00026    0.0042   11.3   0.1    93   167   111   196   107   204 0.72 -
TRINITY_DN9844_c0_g1_i2:853-2028   -            392 359532at33208        -            410   3.6e-17   57.6   7.2   3   4    0.0022     0.035    8.3   0.1   172   267   224   326   219   332 0.57 -
TRINITY_DN9844_c0_g1_i2:853-2028   -            392 359532at33208        -            410   3.6e-17   57.6   7.2   4   4    0.0012     0.019    9.1   1.0   101   157   333   389   281   392 0.66 -
TRINITY_DN14836_c0_g1_i1:285-1181  -            299 359532at33208        -            410   1.3e-16   55.8   3.1   1   4   7.9e-10   1.3e-08   29.5   1.1    95   182    11    97     2   112 0.80 -
TRINITY_DN14836_c0_g1_i1:285-1181  -            299 359532at33208        -            410   1.3e-16   55.8   3.1   2   4     0.011      0.17    6.0   0.0   331   378   162   206   128   213 0.75 -
TRINITY_DN14836_c0_g1_i1:285-1181  -            299 359532at33208        -            410   1.3e-16   55.8   3.1   3   4   2.2e-05   0.00035   14.9   0.0   170   243   164   242   155   250 0.77 -
TRINITY_DN14836_c0_g1_i1:285-1181  -            299 359532at33208        -            410   1.3e-16   55.8   3.1   4   4   7.5e-06   0.00012   16.4   0.0    61   141   216   290   209   295 0.83 -
TRINITY_DN14836_c0_g1_i2:285-1196  -            304 359532at33208        -            410   1.8e-16   55.3   3.8   1   4   9.6e-10   1.5e-08   29.2   1.5    95   182    16   102     4   117 0.80 -
TRINITY_DN14836_c0_g1_i2:285-1196  -            304 359532at33208        -            410   1.8e-16   55.3   3.8   2   4     0.011      0.17    6.0   0.0   331   378   167   211   133   218 0.75 -
TRINITY_DN14836_c0_g1_i2:285-1196  -            304 359532at33208        -            410   1.8e-16   55.3   3.8   3   4   2.2e-05   0.00036   14.8   0.0   170   243   169   247   160   255 0.77 -
TRINITY_DN14836_c0_g1_i2:285-1196  -            304 359532at33208        -            410   1.8e-16   55.3   3.8   4   4   7.8e-06   0.00012   16.3   0.0    61   141   221   295   214   300 0.83 -
TRINITY_DN4672_c0_g1_i2:123-1133   -            337 359532at33208        -            410   1.8e-15   52.1   0.0   1   2   3.7e-06     6e-05   17.4   0.0   145   216    37   113     6   124 0.79 -
TRINITY_DN4672_c0_g1_i2:123-1133   -            337 359532at33208        -            410   1.8e-15   52.1   0.0   2   2   7.2e-11   1.2e-09   32.9   0.0    96   246   152   313   144   337 0.78 -
TRINITY_DN28108_c0_g1_i2:74-919    -            282 359532at33208        -            410   5.2e-15   50.5   0.1   1   1   2.4e-15   3.9e-14   47.6   0.1    71   318    13   278     1   282 0.67 -
TRINITY_DN28108_c0_g1_i4:74-919    -            282 359532at33208        -            410   5.2e-15   50.5   0.1   1   1   2.4e-15   3.9e-14   47.6   0.1    71   318    13   278     1   282 0.67 -
TRINITY_DN11315_c0_g1_i1:112-996   -            295 359532at33208        -            410   5.6e-15   50.4   0.4   1   3   3.8e-07     6e-06   20.7   0.0   179   243    15    76     5    80 0.86 -
TRINITY_DN11315_c0_g1_i1:112-996   -            295 359532at33208        -            410   5.6e-15   50.4   0.4   2   3   2.6e-07   4.2e-06   21.2   0.0   155   239    38   121    37   128 0.86 -
TRINITY_DN11315_c0_g1_i1:112-996   -            295 359532at33208        -            410   5.6e-15   50.4   0.4   3   3     8e-07   1.3e-05   19.6   0.0    99   232   134   261   124   270 0.76 -
TRINITY_DN11315_c0_g1_i2:112-996   -            295 359532at33208        -            410   5.6e-15   50.4   0.4   1   3   3.8e-07     6e-06   20.7   0.0   179   243    15    76     5    80 0.86 -
TRINITY_DN11315_c0_g1_i2:112-996   -            295 359532at33208        -            410   5.6e-15   50.4   0.4   2   3   2.6e-07   4.2e-06   21.2   0.0   155   239    38   121    37   128 0.86 -
TRINITY_DN11315_c0_g1_i2:112-996   -            295 359532at33208        -            410   5.6e-15   50.4   0.4   3   3     8e-07   1.3e-05   19.6   0.0    99   232   134   261   124   270 0.76 -
TRINITY_DN46106_c0_g1_i5:118-1614  -            499 359532at33208        -            410   2.3e-14   48.4   0.4   1   2     5e-05    0.0008   13.7   0.1   156   239   179   267   176   267 0.66 -
TRINITY_DN46106_c0_g1_i5:118-1614  -            499 359532at33208        -            410   2.3e-14   48.4   0.4   2   2   1.1e-11   1.8e-10   35.6   0.0    70   250   254   441   245   469 0.73 -
TRINITY_DN322_c0_g1_i2:405-869     -            155 359532at33208        -            410   2.5e-14   48.2   0.0   1   1   4.2e-15   6.7e-14   46.9   0.0    74   214    19   154     6   155 0.79 -
TRINITY_DN903_c0_g1_i2:1132-1608   -            159 359532at33208        -            410   8.9e-14   46.4   0.0   1   2   1.5e-07   2.3e-06   22.0   0.1   162   239     2    83     1    84 0.77 -
TRINITY_DN903_c0_g1_i2:1132-1608   -            159 359532at33208        -            410   8.9e-14   46.4   0.0   2   2   7.6e-09   1.2e-07   26.2   0.0   128   206    75   154    65   159 0.85 -
TRINITY_DN903_c0_g1_i3:674-1150    -            159 359532at33208        -            410     1e-13   46.3   0.0   1   2   2.3e-07   3.7e-06   21.3   0.2   162   239     2    83     1    83 0.76 -
TRINITY_DN903_c0_g1_i3:674-1150    -            159 359532at33208        -            410     1e-13   46.3   0.0   2   2   7.6e-09   1.2e-07   26.2   0.0   128   206    75   154    65   159 0.85 -
TRINITY_DN46106_c0_g1_i4:118-1614  -            499 359532at33208        -            410   1.6e-13   45.7   0.1   1   2     0.003     0.049    7.8   0.0   204   277   178   248   176   256 0.59 -
TRINITY_DN46106_c0_g1_i4:118-1614  -            499 359532at33208        -            410   1.6e-13   45.7   0.1   2   2   5.9e-12   9.5e-11   36.5   0.0    61   266   246   458   228   471 0.73 -
TRINITY_DN903_c0_g1_i4:2-400       -            133 359532at33208        -            410   7.2e-13   43.5   0.0   1   1   6.1e-13   9.8e-12   39.7   0.0    89   206    10   128     5   133 0.89 -
TRINITY_DN903_c0_g1_i6:2-400       -            133 359532at33208        -            410   7.2e-13   43.5   0.0   1   1   6.1e-13   9.8e-12   39.7   0.0    89   206    10   128     5   133 0.89 -
TRINITY_DN903_c0_g1_i7:2-400       -            133 359532at33208        -            410   7.2e-13   43.5   0.0   1   1   6.1e-13   9.8e-12   39.7   0.0    89   206    10   128     5   133 0.89 -
TRINITY_DN4672_c0_g1_i3:349-1212   -            288 359532at33208        -            410   5.7e-12   40.5   0.0   1   2      0.11       1.8    2.6   0.0   181   216    16    52     1    65 0.61 -
TRINITY_DN4672_c0_g1_i3:349-1212   -            288 359532at33208        -            410   5.7e-12   40.5   0.0   2   2     9e-12   1.4e-10   35.9   0.0    96   267    91   275    83   281 0.76 -
TRINITY_DN4672_c0_g1_i1:346-1224   -            293 359532at33208        -            410     6e-12   40.4   0.0   1   2     0.088       1.4    3.0   0.0   181   216    17    53     1    66 0.55 -
TRINITY_DN4672_c0_g1_i1:346-1224   -            293 359532at33208        -            410     6e-12   40.4   0.0   2   2   1.2e-11   1.9e-10   35.5   0.0    96   267    92   276    84   285 0.76 -
TRINITY_DN4672_c0_g1_i4:303-1181   -            293 359532at33208        -            410     6e-12   40.4   0.0   1   2     0.088       1.4    3.0   0.0   181   216    17    53     1    66 0.55 -
TRINITY_DN4672_c0_g1_i4:303-1181   -            293 359532at33208        -            410     6e-12   40.4   0.0   2   2   1.2e-11   1.9e-10   35.5   0.0    96   267    92   276    84   285 0.76 -
TRINITY_DN29661_c0_g1_i8:2666-3406 -            247 359532at33208        -            410   1.1e-11   39.5   3.4   1   2   4.1e-09   6.6e-08   27.1   1.1   152   276    14   140     3   148 0.56 -
TRINITY_DN29661_c0_g1_i8:2666-3406 -            247 359532at33208        -            410   1.1e-11   39.5   3.4   2   2   4.9e-06   7.8e-05   17.0   0.4    91   192   114   221   104   247 0.82 -
TRINITY_DN22414_c0_g1_i1:1080-1736 -            219 359532at33208        -            410   7.8e-10   33.5   1.0   1   2   1.8e-08   2.9e-07   25.0   0.2    95   245    17   157     1   170 0.72 -
TRINITY_DN22414_c0_g1_i1:1080-1736 -            219 359532at33208        -            410   7.8e-10   33.5   1.0   2   2     0.018       0.3    5.2   0.1   174   211   184   218   167   219 0.66 -
TRINITY_DN22414_c0_g1_i2:1080-1736 -            219 359532at33208        -            410   7.8e-10   33.5   1.0   1   2   1.8e-08   2.9e-07   25.0   0.2    95   245    17   157     1   170 0.72 -
TRINITY_DN22414_c0_g1_i2:1080-1736 -            219 359532at33208        -            410   7.8e-10   33.5   1.0   2   2     0.018       0.3    5.2   0.1   174   211   184   218   167   219 0.66 -
TRINITY_DN2428_c0_g1_i2:752-1321   -            190 359532at33208        -            410   8.5e-10   33.3   0.0   1   1   6.2e-11   9.9e-10   33.1   0.0    93   252    27   185     8   190 0.77 -
TRINITY_DN2428_c0_g1_i10:752-1321  -            190 359532at33208        -            410   8.6e-10   33.3   0.0   1   1   6.3e-11     1e-09   33.1   0.0    93   252    27   185     9   190 0.77 -
TRINITY_DN2428_c0_g1_i8:752-1321   -            190 359532at33208        -            410   8.6e-10   33.3   0.0   1   1   6.3e-11     1e-09   33.1   0.0    93   252    27   185     9   190 0.77 -
TRINITY_DN11592_c1_g1_i9:559-1455  -            299 359532at33208        -            410   1.7e-09   32.4   0.0   1   2     0.021      0.33    5.0   0.0    59   118     5    64     2    71 0.87 -
TRINITY_DN11592_c1_g1_i9:559-1455  -            299 359532at33208        -            410   1.7e-09   32.4   0.0   2   2   1.4e-08   2.3e-07   25.3   0.0    88   246    89   256    73   283 0.80 -
TRINITY_DN1784_c0_g1_i2:469-1218   -            250 359532at33208        -            410   2.4e-09   31.9   0.3   1   3   3.2e-06   5.1e-05   17.6   0.0   192   244     7    58     1    64 0.87 -
TRINITY_DN1784_c0_g1_i2:469-1218   -            250 359532at33208        -            410   2.4e-09   31.9   0.3   2   3     0.013      0.21    5.7   0.1   154   244    65   153    61   165 0.86 -
TRINITY_DN1784_c0_g1_i2:469-1218   -            250 359532at33208        -            410   2.4e-09   31.9   0.3   3   3     0.015      0.25    5.5   0.0    99   137   207   243   185   248 0.83 -
TRINITY_DN92387_c0_g1_i1:561-1364  -            268 359532at33208        -            410   9.8e-09   29.8   0.2   1   2   4.4e-05   0.00071   13.8   0.1   103   219    24   136    18   170 0.55 -
TRINITY_DN92387_c0_g1_i1:561-1364  -            268 359532at33208        -            410   9.8e-09   29.8   0.2   2   2   6.1e-05   0.00097   13.4   0.0   209   251   219   260   167   267 0.83 -
TRINITY_DN12677_c0_g1_i5:256-1254  -            333 359532at33208        -            410   4.1e-05   17.9   0.2   1   3      0.03      0.48    4.5   0.0   155   241   109   192   103   201 0.73 -
TRINITY_DN12677_c0_g1_i5:256-1254  -            333 359532at33208        -            410   4.1e-05   17.9   0.2   2   3   0.00032    0.0052   11.0   0.1   100   251   156   298   153   309 0.73 -
TRINITY_DN12677_c0_g1_i5:256-1254  -            333 359532at33208        -            410   4.1e-05   17.9   0.2   3   3      0.79        13   -0.2   0.0   106   353   305   333   298   333 0.52 -
TRINITY_DN12677_c0_g1_i6:256-1254  -            333 359532at33208        -            410   4.1e-05   17.9   0.2   1   3      0.03      0.48    4.5   0.0   155   241   109   192   103   201 0.73 -
TRINITY_DN12677_c0_g1_i6:256-1254  -            333 359532at33208        -            410   4.1e-05   17.9   0.2   2   3   0.00032    0.0052   11.0   0.1   100   251   156   298   153   309 0.73 -
TRINITY_DN12677_c0_g1_i6:256-1254  -            333 359532at33208        -            410   4.1e-05   17.9   0.2   3   3      0.79        13   -0.2   0.0   106   353   305   333   298   333 0.52 -
TRINITY_DN46106_c0_g1_i4:4609-5004 -            132 359532at33208        -            410    0.0037   11.5   0.1   1   1   0.00039    0.0063   10.7   0.0   170   242     2    79     1    86 0.73 -
TRINITY_DN46106_c0_g1_i5:4609-5004 -            132 359532at33208        -            410    0.0037   11.5   0.1   1   1   0.00039    0.0063   10.7   0.0   170   242     2    79     1    86 0.73 -
TRINITY_DN9259_c0_g1_i1:1010-1363  -            118 359532at33208        -            410    0.0065   10.7   0.0   1   1   0.00049    0.0079   10.4   0.0   193   267    28   100     3   117 0.73 -
#
# Program:         hmmsearch
# Version:         3.1b2 (February 2015)
# Pipeline mode:   SEARCH
# Query file:      /busco_wd/busco_downloads/lineages/metazoa_odb10/hmms/359532at33208.hmm
# Target file:     /busco_wd/BUSCO/run_metazoa_odb10/metaeuk_output/rerun_results/Trinity.fasta.modified.fas
# Option settings: hmmsearch --domtblout /busco_wd/BUSCO/run_metazoa_odb10/hmmer_output/rerun_results/359532at33208.out --cpu 1 /busco_wd/busco_downloads/lineages/metazoa_odb10/hmms/359532at33208.hmm /busco_wd/BUSCO/run_metazoa_odb10/metaeuk_output/rerun_results/Trinity.fasta.modified.fas 
# Current dir:     /busco_wd
# Date:            Tue Nov 23 10:16:07 2021
# [ok]
