#                                                                                        --- full sequence --- -------------- this domain -------------   hmm coord   ali coord   env coord
# target name                    accession   tlen query name           accession   qlen   E-value  score  bias   #  of  c-Evalue  i-Evalue  score  bias  from    to  from    to  from    to  acc description of target
#            ------------------- ---------- ----- -------------------- ---------- ----- --------- ------ ----- --- --- --------- --------- ------ ----- ----- ----- ----- ----- ----- ----- ---- ---------------------
TRINITY_DN6837_c0_g1_i5:22-978   -            319 514727at33208        -            309   7.7e-19   63.6   9.6   1   3     0.014       3.9    2.2   0.1   138   166    20    50    13    90 0.82 -
TRINITY_DN6837_c0_g1_i5:22-978   -            319 514727at33208        -            309   7.7e-19   63.6   9.6   2   3   1.9e-06   0.00051   14.9   0.1   171   220   124   186   109   195 0.79 -
TRINITY_DN6837_c0_g1_i5:22-978   -            319 514727at33208        -            309   7.7e-19   63.6   9.6   3   3   5.1e-16   1.4e-13   46.4   2.4   223   290   210   283   205   318 0.83 -
TRINITY_DN6837_c0_g1_i3:431-1846 -            472 514727at33208        -            309   2.7e-18   61.8   8.9   1   4     0.017       4.7    1.9   0.1   138   161   173   196   109   220 0.81 -
TRINITY_DN6837_c0_g1_i3:431-1846 -            472 514727at33208        -            309   2.7e-18   61.8   8.9   2   4   3.5e-06   0.00095   14.1   0.1   171   220   277   339   262   348 0.79 -
TRINITY_DN6837_c0_g1_i3:431-1846 -            472 514727at33208        -            309   2.7e-18   61.8   8.9   3   4   6.1e-16   1.6e-13   46.1   1.3   223   289   363   435   358   443 0.84 -
TRINITY_DN6837_c0_g1_i3:431-1846 -            472 514727at33208        -            309   2.7e-18   61.8   8.9   4   4     0.024       6.3    1.5   0.0   288   308   451   470   441   471 0.84 -
TRINITY_DN3797_c0_g1_i1:606-1901 -            432 514727at33208        -            309    0.0013   13.6   0.6   1   2    0.0074         2    3.2   0.0   159   203   210   259   181   265 0.62 -
TRINITY_DN3797_c0_g1_i1:606-1901 -            432 514727at33208        -            309    0.0013   13.6   0.6   2   2   0.00034     0.091    7.6   0.2   237   286   327   390   308   395 0.72 -
#
# Program:         hmmsearch
# Version:         3.1b2 (February 2015)
# Pipeline mode:   SEARCH
# Query file:      /busco_wd/busco_downloads/lineages/metazoa_odb10/hmms/514727at33208.hmm
# Target file:     /busco_wd/BUSCO/run_metazoa_odb10/metaeuk_output/rerun_results/Trinity.fasta.modified.fas
# Option settings: hmmsearch --domtblout /busco_wd/BUSCO/run_metazoa_odb10/hmmer_output/rerun_results/514727at33208.out --cpu 1 /busco_wd/busco_downloads/lineages/metazoa_odb10/hmms/514727at33208.hmm /busco_wd/BUSCO/run_metazoa_odb10/metaeuk_output/rerun_results/Trinity.fasta.modified.fas 
# Current dir:     /busco_wd
# Date:            Tue Nov 23 10:16:08 2021
# [ok]
